Mplus VERSION 8.3
MUTHEN & MUTHEN
02/28/2020   6:44 PM

INPUT INSTRUCTIONS

  TITLE: Your title goes here

   DATA: FILE = data.dta;

   VARIABLE:

   NAMES = pidp gridmode mm hidp_5 hidp_6 hidp_7 hidp_8 hidp_9 hidp_10 indmode_5
       indmode_6 indmode_7 indmode_8 indmode_9 indmode_10 mode_type_all mode_type_no9
       mode_type_567 mode_type_7 all no9 p567 p7 switch_all switch_no9 switch_567
       switch_7 lkmove_5 xpmove_5 caruse_5 mobuse_5 netpuse_5 aidxhh_5 jbhas_5 j2has_5
       finnow_5 finfut_5 howlng_5 vote1_5 vote6_5 scsf1_5 scsf2a_5 scsf2b_5 scsf3a_5
       scsf3b_5 scsf4a_5 scsf4b_5 scsf5_5 scsf6a_5 scsf6b_5 scsf6c_5 scsf7_5 scghqa_5
       scghqb_5 scghqc_5 scghqd_5 scghqe_5 scghqf_5 scghqg_5 scghqh_5 scghqi_5
       scghqj_5 scghqk_5 scghql_5 lkmove_6 xpmove_6 caruse_6 mobuse_6 netpuse_6
       aidxhh_6 jbhas_6 j2has_6 finnow_6 finfut_6 howlng_6 vote1_6 vote6_6 scsf1_6
       scsf2a_6 scsf2b_6 scsf3a_6 scsf3b_6 scsf4a_6 scsf4b_6 scsf5_6 scsf6a_6 scsf6b_6
       scsf6c_6 scsf7_6 scghqa_6 scghqb_6 scghqc_6 scghqd_6 scghqe_6 scghqf_6 scghqg_6
       scghqh_6 scghqi_6 scghqj_6 scghqk_6 scghql_6 lkmove_7 xpmove_7 caruse_7
       mobuse_7 netpuse_7 smoker_7 aidxhh_7 jbhas_7 jbterm1_7 jbsemp_7 j2has_7
       fiyrdia_7 finnow_7 finfut_7 howlng_7 vote1_7 vote6_7 scsf2a_7 scsf2b_7 scsf3a_7
       scsf3b_7 scsf4a_7 scsf4b_7 scsf5_7 scsf6a_7 scsf6b_7 scsf6c_7 scsf7_7 scghqa_7
       scghqb_7 scghqc_7 scghqd_7 scghqe_7 scghqf_7 scghqg_7 scghqh_7 scghqi_7
       scghqj_7 scghqk_7 scghql_7 scsf1_7 lkmove_8 xpmove_8 caruse_8 mobuse_8
       netpuse_8 smoker_8 aidxhh_8 jbhas_8 jbterm1_8 jbsemp_8 j2has_8 fiyrdia_8
       finnow_8 finfut_8 scsf2a_8 scsf2b_8 scsf3a_8 scsf3b_8 scsf4a_8 scsf4b_8 scsf5_8
       scsf6a_8 scsf6b_8 scsf6c_8 scsf7_8 scghqa_8 scghqb_8 scghqc_8 scghqd_8 scghqe_8
       scghqf_8 scghqg_8 scghqh_8 scghqi_8 scghqj_8 scghqk_8 scghql_8 scsf1_8 mobuse_9
       netpuse_9 smoker_9 jbhas_9 jbterm1_9 jbsemp_9 j2has_9 fiyrdia_9 finnow_9
       finfut_9 lkmove_10 xpmove_10 mobuse_10 netpuse_10 smoker_10 aidxhh_10 jbhas_10
       jbterm1_10 jbsemp_10 j2has_10 fiyrdia_10 finnow_10 finfut_10 scsf1_10 scsf2a_10
       scsf2b_10 scsf3a_10 scsf3b_10 scsf4a_10 scsf4b_10 scsf5_10 scsf6a_10 scsf6b_10
       scsf6c_10 scsf7_10 scghqa_10 scghqb_10 scghqc_10 scghqd_10 scghqe_10 scghqf_10
       scghqg_10 scghqh_10 scghqi_10 scghqj_10 scghqk_10 scghql_10 edu agecat female
       partner sf1 longill london north urban refresh Higher A level GCSE Other age_35
       age_55 age_75 age_102 pred_all pred_no9 pred_p567 pred_p7 pred_all_w pred_no9_w
       pred_p567_w pred_p7_w;

   MISSING=.;

   USEVARIABLES ARE
   howlng_5
   howlng_6
   howlng_7;
   CLASSES = c(2);

    KNOWNCLASS = c(p567= 1 2);
  WEIGHT IS pred_p567_w;

   ANALYSIS:


      TYPE = MIXTURE;

      ESTIMATOR = MLR;

      ALGORITHM = INTEGRATION;

      Processors = 8(starts);

      STARTS = 400 100;

   Model:


      %OVERALL%

  i s | howlng_5@0 howlng_6@1 howlng_7@2;

   %c#1%
  [s] (a);
   s (b);
   s WITH i ;
   i ;

   %c#2%
  [s] (a);
   s (b);
   s WITH i ;
   i ;

   OUTPUT: SAMPSTAT;

                                  STDYX;




*** WARNING
  Data set contains unknown or missing values for variable P567.
  This variable is used to determine the KNOWNCLASS specification.
  Number of such cases:  529
*** WARNING
  Data set contains cases with missing on all variables.
  These cases were not included in the analysis.
  Number of cases with missing on all variables:  13
   2 WARNING(S) FOUND IN THE INPUT INSTRUCTIONS



Your title goes here

SUMMARY OF ANALYSIS

Number of groups                                                 1
Number of observations                                        1515

Number of dependent variables                                    3
Number of independent variables                                  0
Number of continuous latent variables                            2
Number of categorical latent variables                           1

Observed dependent variables

  Continuous
   HOWLNG_5    HOWLNG_6    HOWLNG_7

Continuous latent variables
   I           S

Categorical latent variables
   C

  Knownclass            C

Variables with special functions

  Weight variable       PRED_P56

Estimator                                                      MLR
Information matrix                                        OBSERVED
Optimization Specifications for the Quasi-Newton Algorithm for
Continuous Outcomes
  Maximum number of iterations                                 100
  Convergence criterion                                  0.100D-05
Optimization Specifications for the EM Algorithm
  Maximum number of iterations                                 500
  Convergence criteria
    Loglikelihood change                                 0.100D-02
    Relative loglikelihood change                        0.100D-05
    Derivative                                           0.100D-02
Optimization Specifications for the M step of the EM Algorithm for
Categorical Latent variables
  Number of M step iterations                                    1
  M step convergence criterion                           0.100D-02
  Basis for M step termination                           ITERATION
Optimization Specifications for the M step of the EM Algorithm for
Censored, Binary or Ordered Categorical (Ordinal), Unordered
Categorical (Nominal) and Count Outcomes
  Number of M step iterations                                    1
  M step convergence criterion                           0.100D-02
  Basis for M step termination                           ITERATION
  Maximum value for logit thresholds                            15
  Minimum value for logit thresholds                           -15
  Minimum expected cell size for chi-square              0.100D-01
Maximum number of iterations for H1                           2000
Convergence criterion for H1                             0.100D-03
Optimization algorithm                                         EMA
Integration Specifications
  Type                                                    STANDARD
  Number of integration points                                  15
  Dimensions of numerical integration                            0
  Adaptive quadrature                                           ON
Random Starts Specifications
  Number of initial stage random starts                        400
  Number of final stage optimizations                          100
  Number of initial stage iterations                            10
  Initial stage convergence criterion                    0.100D+01
  Random starts scale                                    0.500D+01
  Random seed for generating random starts                       0
Cholesky                                                       OFF

Input data file(s)
  data.dta
Input data format  FREE


SUMMARY OF DATA

     Number of missing data patterns             7
     Number of y missing data patterns           7
     Number of u missing data patterns           0


COVARIANCE COVERAGE OF DATA

Minimum covariance coverage value   0.100


     PROPORTION OF DATA PRESENT FOR Y


           Covariance Coverage
              HOWLNG_5      HOWLNG_6      HOWLNG_7
              ________      ________      ________
 HOWLNG_5       0.651
 HOWLNG_6       0.541         0.641
 HOWLNG_7       0.450         0.482         0.758


SAMPLE STATISTICS


     ESTIMATED SAMPLE STATISTICS FOR CLASS 1


           Means
              HOWLNG_5      HOWLNG_6      HOWLNG_7
              ________      ________      ________
               11.939        11.262        10.384


           Covariances
              HOWLNG_5      HOWLNG_6      HOWLNG_7
              ________      ________      ________
 HOWLNG_5     133.805
 HOWLNG_6      80.341       101.775
 HOWLNG_7      63.941        64.123        90.081


           Correlations
              HOWLNG_5      HOWLNG_6      HOWLNG_7
              ________      ________      ________
 HOWLNG_5       1.000
 HOWLNG_6       0.688         1.000
 HOWLNG_7       0.582         0.670         1.000


     ESTIMATED SAMPLE STATISTICS FOR CLASS 2


           Means
              HOWLNG_5      HOWLNG_6      HOWLNG_7
              ________      ________      ________
               10.835        11.792        10.101


           Covariances
              HOWLNG_5      HOWLNG_6      HOWLNG_7
              ________      ________      ________
 HOWLNG_5      81.745
 HOWLNG_6      56.916       123.674
 HOWLNG_7      53.052        54.591        88.027


           Correlations
              HOWLNG_5      HOWLNG_6      HOWLNG_7
              ________      ________      ________
 HOWLNG_5       1.000
 HOWLNG_6       0.566         1.000
 HOWLNG_7       0.625         0.523         1.000


UNIVARIATE SAMPLE STATISTICS


     UNIVARIATE HIGHER-ORDER MOMENT DESCRIPTIVE STATISTICS

         Variable/         Mean/     Skewness/   Minimum/ % with                Percentiles
        Sample Size      Variance    Kurtosis    Maximum  Min/Max      20%/60%    40%/80%    Median

     HOWLNG_5             11.692       2.304       0.000    6.49%       3.000      7.000     10.000
             986.000     115.431      10.351     105.000    0.10%      12.000     18.000
     HOWLNG_6             11.670       2.394       0.000    5.87%       3.000      6.000     10.000
             971.000     111.331      14.259     120.000    0.10%      10.000     20.000
     HOWLNG_7             10.342       2.490       0.000    6.70%       3.000      6.000      7.000
            1149.000      90.024      13.002     100.000    0.09%      10.000     15.000

RANDOM STARTS RESULTS RANKED FROM THE BEST TO THE WORST LOGLIKELIHOOD VALUES

Final stage loglikelihood values at local maxima, seeds, and initial stage start numbers:

          -13882.952  182524           373
          -13882.952  354559           73
          -13882.952  301180           236
          -13882.952  544048           87
          -13882.952  414284           158
          -13882.952  568405           233
          -13882.952  963053           43
          -13882.952  82357            339
          -13882.952  391179           78
          -13882.952  782200           84
          -13882.952  193042           316
          -13882.952  23012            352
          -13882.952  341041           34
          -13882.952  848969           173
          -13882.952  360419           356
          -13882.952  347515           24
          -13882.952  217744           326
          -13882.952  701525           239
          -13882.952  415502           194
          -13882.952  476498           179
          -13882.952  364676           27
          -13882.952  436460           89
          -13882.952  967902           52
          -13882.952  798839           312
          -13882.952  407168           44
          -13882.952  840078           203
          -13882.952  507154           387
          -13882.952  36714            201
          -13882.952  534483           290
          -13882.952  915107           54
          -13882.952  840031           276
          -13882.952  724519           333
          -13882.952  957392           79
          -13882.952  345070           114
          -13882.952  164305           128
          -13882.952  996231           310
          -13882.952  462953           7
          -13882.952  278692           342
          -13882.952  264081           186
          -13882.952  399848           220
          -13882.952  801065           393
          -13882.952  514326           325
          -13882.952  349263           263
          -13882.952  73576            213
          -13882.952  282464           283
          -13882.952  471438           252
          -13882.952  354208           196
          -13882.952  80438            246
          -13882.952  316165           299
          -13882.952  456213           160
          -13882.952  595153           230
          -13882.952  484687           306
          -13882.952  562716           300
          -13882.952  153942           31
          -13882.952  462228           298
          -13882.952  383986           159
          -13882.952  830529           279
          -13882.952  127215           9
          -13882.952  185071           370
          -13882.952  728038           177
          -13882.952  314084           81
          -13882.952  788796           145
          -13882.952  132336           362
          -13882.952  644297           340
          -13882.952  79945            395
          -13882.952  970689           266
          -13882.952  930872           277
          -13882.952  937225           394
          -13882.952  575700           100
          -13882.952  66276            217
          -13882.952  846194           93
          -13882.952  618000           190
          -13882.952  170118           238
          -13882.952  533738           11
          -13882.952  479273           156
          -13882.952  636396           168
          -13882.952  765392           382
          -13882.952  396795           323
          -13882.952  569131           26
          -13882.952  648555           113
          -13882.952  247224           94
          -13882.952  342019           301
          -13882.952  637345           19
          -13882.952  568859           49
          -13882.952  156536           245
          -13882.952  468036           131
          -13882.952  850545           357
          -13882.952  51375            148
          -13882.952  292884           103
          -13882.952  70118            104
          -13882.952  751153           110
          -13882.952  931874           141
          -13882.952  535804           111
          -13882.952  802779           122
          -13882.952  606576           151
          -13882.952  642909           251
          -13882.952  85462            51
          -13882.952  unperturbed      0
          -13882.952  371246           101
          -13882.952  21132            351



THE BEST LOGLIKELIHOOD VALUE HAS BEEN REPLICATED.  RERUN WITH AT LEAST TWICE THE
RANDOM STARTS TO CHECK THAT THE BEST LOGLIKELIHOOD IS STILL OBTAINED AND REPLICATED.


THE MODEL ESTIMATION TERMINATED NORMALLY



MODEL FIT INFORMATION

Number of Free Parameters                       12

Loglikelihood

          H0 Value                      -13882.952
          H0 Scaling Correction Factor      6.8601
            for MLR

Information Criteria

          Akaike (AIC)                   27789.905
          Bayesian (BIC)                 27853.783
          Sample-Size Adjusted BIC       27815.662
            (n* = (n + 2) / 24)



FINAL CLASS COUNTS AND PROPORTIONS FOR THE LATENT CLASSES
BASED ON THE ESTIMATED MODEL

    Latent
   Classes

       1        994.81323          0.65664
       2        520.18677          0.34336


MODEL RESULTS

                                                    Two-Tailed
                    Estimate       S.E.  Est./S.E.    P-Value

Latent Class 1 (1)

 I        |
    HOWLNG_5           1.000      0.000    999.000    999.000
    HOWLNG_6           1.000      0.000    999.000    999.000
    HOWLNG_7           1.000      0.000    999.000    999.000

 S        |
    HOWLNG_5           0.000      0.000    999.000    999.000
    HOWLNG_6           1.000      0.000    999.000    999.000
    HOWLNG_7           2.000      0.000    999.000    999.000

 S        WITH
    I                -16.249      6.399     -2.539      0.011

 Means
    I                 11.781      0.427     27.607      0.000
    S                 -0.622      0.178     -3.496      0.000

 Intercepts
    HOWLNG_5           0.000      0.000    999.000    999.000
    HOWLNG_6           0.000      0.000    999.000    999.000
    HOWLNG_7           0.000      0.000    999.000    999.000

 Variances
    I                 97.500     13.970      6.979      0.000
    S                  6.258      3.977      1.574      0.116

 Residual Variances
    HOWLNG_5          29.334      8.327      3.523      0.000
    HOWLNG_6          45.164     15.112      2.989      0.003
    HOWLNG_7          29.139      9.450      3.084      0.002

Latent Class 2 (2)

 I        |
    HOWLNG_5           1.000      0.000    999.000    999.000
    HOWLNG_6           1.000      0.000    999.000    999.000
    HOWLNG_7           1.000      0.000    999.000    999.000

 S        |
    HOWLNG_5           0.000      0.000    999.000    999.000
    HOWLNG_6           1.000      0.000    999.000    999.000
    HOWLNG_7           2.000      0.000    999.000    999.000

 S        WITH
    I                 -4.319      5.515     -0.783      0.433

 Means
    I                 11.421      0.469     24.329      0.000
    S                 -0.622      0.178     -3.496      0.000

 Intercepts
    HOWLNG_5           0.000      0.000    999.000    999.000
    HOWLNG_6           0.000      0.000    999.000    999.000
    HOWLNG_7           0.000      0.000    999.000    999.000

 Variances
    I                 59.676      8.693      6.865      0.000
    S                  6.258      3.977      1.574      0.116

 Residual Variances
    HOWLNG_5          29.334      8.327      3.523      0.000
    HOWLNG_6          45.164     15.112      2.989      0.003
    HOWLNG_7          29.139      9.450      3.084      0.002

Categorical Latent Variables

 Means
    C#1                0.648      0.065     10.021      0.000


STANDARDIZED MODEL RESULTS


STDYX Standardization

                                                    Two-Tailed
                    Estimate       S.E.  Est./S.E.    P-Value

Latent Class 1 (1)

 I        |
    HOWLNG_5           0.877      0.033     26.359      0.000
    HOWLNG_6           0.915      0.068     13.467      0.000
    HOWLNG_7           1.061      0.109      9.714      0.000

 S        |
    HOWLNG_5           0.000      0.000    999.000    999.000
    HOWLNG_6           0.232      0.076      3.049      0.002
    HOWLNG_7           0.537      0.187      2.875      0.004

 S        WITH
    I                 -0.658      0.154     -4.268      0.000

 Means
    I                  1.193      0.076     15.791      0.000
    S                 -0.249      0.095     -2.618      0.009

 Intercepts
    HOWLNG_5           0.000      0.000    999.000    999.000
    HOWLNG_6           0.000      0.000    999.000    999.000
    HOWLNG_7           0.000      0.000    999.000    999.000

 Variances
    I                  1.000      0.000    999.000    999.000
    S                  1.000      0.000    999.000    999.000

 Residual Variances
    HOWLNG_5           0.231      0.058      3.965      0.000
    HOWLNG_6           0.388      0.088      4.394      0.000
    HOWLNG_7           0.336      0.100      3.370      0.001

Latent Class 2 (2)

 I        |
    HOWLNG_5           0.819      0.049     16.811      0.000
    HOWLNG_6           0.763      0.071     10.761      0.000
    HOWLNG_7           0.786      0.090      8.715      0.000

 S        |
    HOWLNG_5           0.000      0.000    999.000    999.000
    HOWLNG_6           0.247      0.083      2.970      0.003
    HOWLNG_7           0.509      0.174      2.926      0.003

 S        WITH
    I                 -0.224      0.240     -0.930      0.352

 Means
    I                  1.478      0.103     14.399      0.000
    S                 -0.249      0.095     -2.618      0.009

 Intercepts
    HOWLNG_5           0.000      0.000    999.000    999.000
    HOWLNG_6           0.000      0.000    999.000    999.000
    HOWLNG_7           0.000      0.000    999.000    999.000

 Variances
    I                  1.000      0.000    999.000    999.000
    S                  1.000      0.000    999.000    999.000

 Residual Variances
    HOWLNG_5           0.330      0.080      4.132      0.000
    HOWLNG_6           0.441      0.097      4.525      0.000
    HOWLNG_7           0.302      0.094      3.225      0.001


R-SQUARE

Class 1

    Observed                                        Two-Tailed
    Variable        Estimate       S.E.  Est./S.E.    P-Value

    HOWLNG_5           0.769      0.058     13.180      0.000
    HOWLNG_6           0.612      0.088      6.933      0.000
    HOWLNG_7           0.664      0.100      6.655      0.000

Class 2

    Observed                                        Two-Tailed
    Variable        Estimate       S.E.  Est./S.E.    P-Value

    HOWLNG_5           0.670      0.080      8.405      0.000
    HOWLNG_6           0.559      0.097      5.741      0.000
    HOWLNG_7           0.698      0.094      7.464      0.000


QUALITY OF NUMERICAL RESULTS

     Condition Number for the Information Matrix              0.200E-03
       (ratio of smallest to largest eigenvalue)


     Beginning Time:  18:44:25
        Ending Time:  18:44:39
       Elapsed Time:  00:00:14



MUTHEN & MUTHEN
3463 Stoner Ave.
Los Angeles, CA  90066

Tel: (310) 391-9971
Fax: (310) 391-8971
Web: www.StatModel.com
Support: Support@StatModel.com

Copyright (c) 1998-2019 Muthen & Muthen
