Mplus VERSION 8.3
MUTHEN & MUTHEN
06/22/2020   9:52 AM

INPUT INSTRUCTIONS

  TITLE: Your title goes here

   DATA: FILE = data.dta;

   VARIABLE:

   NAMES = pidp gridmode mm hidp_5 hidp_6 hidp_7 hidp_8 hidp_9 hidp_10 indmode_5
       indmode_6 indmode_7 indmode_8 indmode_9 indmode_10 mode_type_all mode_type_no9
       mode_type_567 mode_type_7 all no9 p567 p7 switch_all switch_no9 switch_567
       switch_7 lkmove_5 xpmove_5 caruse_5 mobuse_5 netpuse_5 aidxhh_5 jbhas_5 j2has_5
       finnow_5 finfut_5 howlng_5 vote1_5 vote6_5 scsf1_5 scsf2a_5 scsf2b_5 scsf3a_5
       scsf3b_5 scsf4a_5 scsf4b_5 scsf5_5 scsf6a_5 scsf6b_5 scsf6c_5 scsf7_5 scghqa_5
       scghqb_5 scghqc_5 scghqd_5 scghqe_5 scghqf_5 scghqg_5 scghqh_5 scghqi_5
       scghqj_5 scghqk_5 scghql_5 lkmove_6 xpmove_6 caruse_6 mobuse_6 netpuse_6
       aidxhh_6 jbhas_6 j2has_6 finnow_6 finfut_6 howlng_6 vote1_6 vote6_6 scsf1_6
       scsf2a_6 scsf2b_6 scsf3a_6 scsf3b_6 scsf4a_6 scsf4b_6 scsf5_6 scsf6a_6 scsf6b_6
       scsf6c_6 scsf7_6 scghqa_6 scghqb_6 scghqc_6 scghqd_6 scghqe_6 scghqf_6 scghqg_6
       scghqh_6 scghqi_6 scghqj_6 scghqk_6 scghql_6 lkmove_7 xpmove_7 caruse_7
       mobuse_7 netpuse_7 smoker_7 aidxhh_7 jbhas_7 jbterm1_7 jbsemp_7 j2has_7
       fiyrdia_7 finnow_7 finfut_7 howlng_7 vote1_7 vote6_7 scsf2a_7 scsf2b_7 scsf3a_7
       scsf3b_7 scsf4a_7 scsf4b_7 scsf5_7 scsf6a_7 scsf6b_7 scsf6c_7 scsf7_7 scghqa_7
       scghqb_7 scghqc_7 scghqd_7 scghqe_7 scghqf_7 scghqg_7 scghqh_7 scghqi_7
       scghqj_7 scghqk_7 scghql_7 scsf1_7 lkmove_8 xpmove_8 caruse_8 mobuse_8
       netpuse_8 smoker_8 aidxhh_8 jbhas_8 jbterm1_8 jbsemp_8 j2has_8 fiyrdia_8
       finnow_8 finfut_8 scsf2a_8 scsf2b_8 scsf3a_8 scsf3b_8 scsf4a_8 scsf4b_8 scsf5_8
       scsf6a_8 scsf6b_8 scsf6c_8 scsf7_8 scghqa_8 scghqb_8 scghqc_8 scghqd_8 scghqe_8
       scghqf_8 scghqg_8 scghqh_8 scghqi_8 scghqj_8 scghqk_8 scghql_8 scsf1_8 mobuse_9
       netpuse_9 smoker_9 jbhas_9 jbterm1_9 jbsemp_9 j2has_9 fiyrdia_9 finnow_9
       finfut_9 lkmove_10 xpmove_10 mobuse_10 netpuse_10 smoker_10 aidxhh_10 jbhas_10
       jbterm1_10 jbsemp_10 j2has_10 fiyrdia_10 finnow_10 finfut_10 scsf1_10 scsf2a_10
       scsf2b_10 scsf3a_10 scsf3b_10 scsf4a_10 scsf4b_10 scsf5_10 scsf6a_10 scsf6b_10
       scsf6c_10 scsf7_10 scghqa_10 scghqb_10 scghqc_10 scghqd_10 scghqe_10 scghqf_10
       scghqg_10 scghqh_10 scghqi_10 scghqj_10 scghqk_10 scghql_10 edu agecat female
       partner sf1 longill london north urban refresh Higher A level GCSE Other age_35
       age_55 age_75 age_102 pred_all pred_no9 pred_p567 pred_p7 pred_all_w pred_no9_w
       pred_p567_w pred_p7_w;

   MISSING=.;

   USEVARIABLES ARE
   jbsemp_7
   jbsemp_8
   jbsemp_9
   jbsemp_10;

   CATEGORICAL ARE
   jbsemp_7
   jbsemp_8
   jbsemp_9
   jbsemp_10;
   CLASSES = c(2);

    KNOWNCLASS = c(all= 1 2);
  WEIGHT IS pred_all_w;

   ANALYSIS:


      TYPE = MIXTURE;

      ESTIMATOR = MLR;

      ALGORITHM = INTEGRATION;

      Processors = 8(starts);

      STARTS = 1000 400;

   Model:


      %OVERALL%

  i s | jbsemp_7@2 jbsemp_8@3 jbsemp_9@4 jbsemp_10@5;

   %c#1%
  [s] (a);
  s ;
   s WITH i ;
   i@0 ;
   [i@0];


   %c#2%
  [s] (a);
   s ;
   s WITH i ;
   i@0 ;
   [i@0];

   OUTPUT: SAMPSTAT;

                                  STDYX;




*** WARNING in VARIABLE command
  Note that only the first 8 characters of variable names are used in the output.
  Shorten variable names to avoid any confusion.
*** WARNING in MODEL command
  All continuous latent variable covariances involving I have been fixed to 0
  because the variance of I is fixed at 0.
*** WARNING in MODEL command
  All continuous latent variable covariances involving I have been fixed to 0
  because the variance of I is fixed at 0.
*** WARNING
  Data set contains unknown or missing values for variable ALL.
  This variable is used to determine the KNOWNCLASS specification.
  Number of such cases:  91
*** WARNING
  Data set contains cases with missing on all variables.
  These cases were not included in the analysis.
  Number of cases with missing on all variables:  905
   5 WARNING(S) FOUND IN THE INPUT INSTRUCTIONS



Your title goes here

SUMMARY OF ANALYSIS

Number of groups                                                 1
Number of observations                                        1061

Number of dependent variables                                    4
Number of independent variables                                  0
Number of continuous latent variables                            2
Number of categorical latent variables                           1

Observed dependent variables

  Binary and ordered categorical (ordinal)
   JBSEMP_7    JBSEMP_8    JBSEMP_9    JBSEMP_1

Continuous latent variables
   I           S

Categorical latent variables
   C

  Knownclass            C

Variables with special functions

  Weight variable       PRED_ALL

Estimator                                                      MLR
Information matrix                                        OBSERVED
Optimization Specifications for the Quasi-Newton Algorithm for
Continuous Outcomes
  Maximum number of iterations                                 100
  Convergence criterion                                  0.100D-05
Optimization Specifications for the EM Algorithm
  Maximum number of iterations                                 500
  Convergence criteria
    Loglikelihood change                                 0.100D-02
    Relative loglikelihood change                        0.100D-05
    Derivative                                           0.100D-02
Optimization Specifications for the M step of the EM Algorithm for
Categorical Latent variables
  Number of M step iterations                                    1
  M step convergence criterion                           0.100D-02
  Basis for M step termination                           ITERATION
Optimization Specifications for the M step of the EM Algorithm for
Censored, Binary or Ordered Categorical (Ordinal), Unordered
Categorical (Nominal) and Count Outcomes
  Number of M step iterations                                    1
  M step convergence criterion                           0.100D-02
  Basis for M step termination                           ITERATION
  Maximum value for logit thresholds                            15
  Minimum value for logit thresholds                           -15
  Minimum expected cell size for chi-square              0.100D-01
Maximum number of iterations for H1                           2000
Convergence criterion for H1                             0.100D-03
Optimization algorithm                                         EMA
Integration Specifications
  Type                                                    STANDARD
  Number of integration points                                  15
  Dimensions of numerical integration                            1
  Adaptive quadrature                                           ON
Random Starts Specifications
  Number of initial stage random starts                       1000
  Number of final stage optimizations                          400
  Number of initial stage iterations                            10
  Initial stage convergence criterion                    0.100D+01
  Random starts scale                                    0.500D+01
  Random seed for generating random starts                       0
Link                                                         LOGIT
Cholesky                                                        ON

Input data file(s)
  data.dta
Input data format  FREE


SUMMARY OF DATA

     Number of missing data patterns            15
     Number of y missing data patterns           0
     Number of u missing data patterns          15


COVARIANCE COVERAGE OF DATA

Minimum covariance coverage value   0.100


     PROPORTION OF DATA PRESENT FOR U


           Covariance Coverage
              JBSEMP_7      JBSEMP_8      JBSEMP_9      JBSEMP_1
              ________      ________      ________      ________
 JBSEMP_7       0.621
 JBSEMP_8       0.475         0.598
 JBSEMP_9       0.421         0.459         0.568
 JBSEMP_1       0.375         0.409         0.434         0.672


UNIVARIATE PROPORTIONS AND COUNTS FOR CATEGORICAL VARIABLES

    JBSEMP_7
      Category 1    0.161          135.159
      Category 2    0.839          701.821
    JBSEMP_8
      Category 1    0.173          132.266
      Category 2    0.827          634.378
    JBSEMP_9
      Category 1    0.177          125.680
      Category 2    0.823          582.703
    JBSEMP_1
      Category 1    0.160          108.202
      Category 2    0.840          569.158


SAMPLE STATISTICS

RANDOM STARTS RESULTS RANKED FROM THE BEST TO THE WORST LOGLIKELIHOOD VALUES

Final stage loglikelihood values at local maxima, seeds, and initial stage start numbers:

           -1339.967  657994           788
           -1366.341  182524           373
           -1366.341  461687           833
           -1366.341  188498           258
           -1366.341  392766           331
           -1366.341  402699           604
           -1366.341  319575           499
           -1366.341  802779           122
           -1366.341  569338           755
           -1366.341  78862            529
           -1366.341  724087           925
           -1366.341  742688           594
           -1366.341  317868           740
           -1366.341  427006           839
           -1366.341  147440           514
           -1366.341  7886             804
           -1366.341  748692           204
           -1366.341  294669           501
           -1366.341  609185           181
           -1366.341  247912           537
           -1366.341  737601           891
           -1366.341  377504           294
           -1366.341  204959           695
           -1366.341  910224           580
           -1366.341  238317           812
           -1366.341  131856           90
           -1366.341  226322           478
           -1366.341  220454           288
           -1366.341  105656           909
           -1366.341  243346           930
           -1366.341  485256           371
           -1366.341  132336           362
           -1366.341  722748           346
           -1366.341  576220           115
           -1366.341  605161           409
           -1366.341  714455           476
           -1366.341  416463           467
           -1366.341  303834           798
           -1366.341  178475           231
           -1366.341  1548             384
           -1366.341  760599           832
           -1366.341  345726           461
           -1366.341  857122           889
           -1366.341  473942           574
           -1366.341  150531           154
           -1366.341  628143           854
           -1366.341  352277           42
           -1366.341  588923           606
           -1366.341  499150           216
           -1366.341  579138           706
           -1366.341  584397           428
           -1366.341  635245           121
           -1366.341  146900           391
           -1366.341  263268           165
           -1366.341  810594           845
           -1366.341  995249           525
           -1366.341  unperturbed      0
           -1366.341  802928           892
           -1366.341  74518            927
           -1366.341  114433           708
           -1366.341  648035           836
           -1366.341  391179           78
           -1366.341  622860           259
           -1366.341  686384           690
           -1366.341  903633           553
           -1366.341  47719            962
           -1366.341  415931           10
           -1366.341  777492           972
           -1366.341  608496           4
           -1366.341  136842           58
           -1366.341  626087           314
           -1366.341  662983           666
           -1366.341  801065           393
           -1366.341  596257           405
           -1366.341  790452           303
           -1366.341  604861           800
           -1366.341  12477            155
           -1366.341  200041           810
           -1366.341  509733           130
           -1366.341  188640           451
           -1366.341  278692           342
           -1366.341  22362            365
           -1366.341  312754           562
           -1366.341  961454           665
           -1366.341  288738           940
           -1366.341  988761           475
           -1366.341  665121           417
           -1366.341  723035           538
           -1366.341  780698           337
           -1366.341  699810           571
           -1366.341  957392           79
           -1366.341  228459           947
           -1366.341  94610            884
           -1366.341  857799           315
           -1366.341  900921           984
           -1366.341  126371           526
           -1366.341  399671           13
           -1366.341  366706           29
           -1366.341  94573            983
           -1366.341  838615           677
           -1366.341  813779           92
           -1366.341  850112           922
           -1366.341  712531           631
           -1366.341  979450           913
           -1366.341  478421           311
           -1366.341  696773           80
           -1366.341  875667           367
           -1366.341  86698            893
           -1366.341  358488           264
           -1366.341  65651            214
           -1366.341  878749           728
           -1366.341  351622           551
           -1366.341  431271           943
           -1366.341  232559           136
           -1366.341  679615           942
           -1366.341  791396           243
           -1366.341  648555           113
           -1366.341  370957           554
           -1366.341  995913           787
           -1366.341  775884           639
           -1366.341  782200           84
           -1366.341  81951            907
           -1366.341  51375            148
           -1366.341  194143           510
           -1366.341  930872           277
           -1366.341  296162           856
           -1366.341  937588           293
           -1366.341  399380           436
           -1366.341  331681           549
           -1366.341  475420           71
           -1366.341  609089           241
           -1366.341  109357           765
           -1366.341  377584           630
           -1366.341  573096           20
           -1366.341  605565           404
           -1366.341  745972           521
           -1366.341  997222           229
           -1366.341  691234           250
           -1366.341  474357           789
           -1366.341  238906           430
           -1366.341  496703           758
           -1366.341  749635           420
           -1366.341  435287           623
           -1366.341  507218           613
           -1366.341  298553           773
           -1366.341  268217           83
           -1366.341  360419           356
           -1366.341  152496           123
           -1366.341  423661           875
           -1366.341  192071           142
           -1366.341  294811           637
           -1366.341  179022           687
           -1366.341  501995           791
           -1366.341  349263           263
           -1366.341  773195           849
           -1366.341  432513           803
           -1366.341  185071           370
           -1366.341  400319           887
           -1366.341  726744           939
           -1366.341  823392           479
           -1366.341  301717           823
           -1366.341  109946           771
           -1366.341  264081           186
           -1366.341  455617           242
           -1366.341  301180           236
           -1366.341  22075            659
           -1366.341  211281           292
           -1366.341  76974            16
           -1377.097  712702           684
           -1377.097  425149           878
           -1377.097  438144           271
           -1377.097  702492           718
           -1377.097  471398           74
           -1377.097  898745           466
           -1377.097  625191           350
           -1377.097  311214           64
           -1377.097  53621            483
           -1377.097  567165           319
           -1377.097  963967           941
           -1377.097  889774           954
           -1377.097  117391           710
           -1377.097  945065           255
           -1377.097  490123           995
           -1377.097  582296           452
           -1377.097  855760           593
           -1377.097  348637           749
           -1377.097  941975           816
           -1377.097  850545           357
           -1377.097  918558           412
           -1377.097  797594           234
           -1377.097  339073           841
           -1377.097  11397            944
           -1377.097  496881           192
           -1377.097  123985           248
           -1377.097  595759           997
           -1377.097  914505           838
           -1377.097  926762           704
           -1377.097  954354           840
           -1377.097  69413            472
           -1377.097  674171           195
           -1377.097  689529           516
           -1377.097  453915           975
           -1377.097  951709           348
           -1377.097  276102           599
           -1377.097  704798           530
           -1377.097  512403           719
           -1377.097  297518           166
           -1377.097  534193           689
           -1377.097  800454           751
           -1377.097  244349           736
           -1377.097  760850           739
           -1377.097  751054           117
           -1377.097  246575           291
           -1377.097  66276            217
           -1377.097  476295           969
           -1377.097  333082           578
           -1377.097  437181           135
           -1377.097  752476           614
           -1377.097  345974           622
           -1377.097  212934           568
           -1377.097  364676           27
           -1377.097  251641           784
           -1377.097  46437            153
           -1377.097  299977           956
           -1377.097  762461           425
           -1377.097  81233            825
           -1377.097  247224           94
           -1377.097  563584           657
           -1377.097  281462           285
           -1377.097  36714            201
           -1377.097  215353           164
           -1377.097  443442           380
           -1377.097  343926           624
           -1377.097  80438            246
           -1377.097  561664           392
           -1377.097  39136            226
           -1377.097  370466           41
           -1377.097  695453           902
           -1377.097  483369           270
           -1377.097  118958           994
           -1377.097  529496           343
           -1377.097  667250           318
           -1377.097  579995           183
           -1377.097  735928           916
           -1377.097  821011           161
           -1377.097  666720           671
           -1377.097  484406           421
           -1377.097  589483           950
           -1377.097  210870           383
           -1377.097  782179           835
           -1377.097  202790           198
           -1377.097  374219           353
           -1377.097  859432           770
           -1377.097  117587           572
           -1377.097  197223           332
           -1377.097  645664           39
           -1377.097  856536           144
           -1377.097  781190           219
           -1377.097  68985            17
           -1377.097  127362           757
           -1377.097  549244           756
           -1377.097  840031           276
           -1377.097  252346           528
           -1377.097  871722           355
           -1377.097  845580           805
           -1377.097  260601           36
           -1377.097  307843           664
           -1377.097  193042           316
           -1377.097  882750           646
           -1377.097  798821           423
           -1377.097  696830           668
           -1377.097  565819           65
           -1377.097  814975           129
           -1377.097  539389           544
           -1377.097  81117            305
           -1377.097  575700           100
           -1377.097  642386           662
           -1377.097  671390           814
           -1377.097  287107           864
           -1377.097  856612           700
           -1377.097  645052           910
           -1377.097  137377           397
           -1377.097  246261           38
           -1377.097  112586           494
           -1377.098  547702           767
           -1377.098  168762           200
           -1377.098  46502            714
           -1377.098  650371           14
           -1377.098  954914           911
           -1377.098  369602           146
           -1377.098  641794           591
           -1377.098  87586            871
           -1377.098  853195           431
           -1377.098  881886           608
           -1377.098  690596           858
           -1377.098  846194           93
           -1377.098  922596           456
           -1377.098  40340            188
           -1377.098  97300            640
           -1377.098  939709           112
           -1377.098  536551           696
           -1377.098  948615           140
           -1377.098  677062           680
           -1377.098  805768           879
           -1377.098  972873           157
           -1377.098  444228           860
           -1377.098  207896           25
           -1377.098  405079           68
           -1377.098  100874           108
           -1377.098  947714           573
           -1377.098  131063           843
           -1377.098  489927           520
           -1377.098  49293            707
           -1377.098  502532           445
           -1377.098  581196           921
           -1377.098  922042           492
           -1377.098  59963            670
           -1377.098  977800           853
           -1377.098  887676           22
           -1377.098  408713           450
           -1377.098  742609           531
           -1377.098  662718           460
           -1377.098  393232           152
           -1377.098  92091            649
           -1377.098  61587            400
           -1377.098  999211           628
           -1377.098  91231            727
           -1377.098  266008           656
           -1377.098  404426           344
           -1377.098  848163           47
           -1377.098  406935           958
           -1377.098  17359            227
           -1377.098  259507           53
           -1377.098  340112           126
           -1377.098  647617           725
           -1377.098  972430           491
           -1377.098  497522           502
           -1377.098  414828           322
           -1377.098  960438           116
           -1377.098  49221            254
           -1377.098  971853           402
           -1377.098  531546           702
           -1377.098  376411           473
           -1377.098  679832           302
           -1377.098  58507            793
           -1377.098  322790           636
           -1377.098  751153           110
           -1377.098  486622           522
           -1377.098  807534           850
           -1377.098  443917           60
           -1377.098  655497           376
           -1377.098  754100           56
           -1377.098  663090           906
           -1377.098  535804           111
           -1377.098  496710           386
           -1377.098  686482           215
           -1377.098  98068            998
           -1377.098  404510           442
           -1377.098  121425           511
           -1377.098  928624           981
           -1377.098  464179           106
           -1377.098  638577           769
           -1391.491  154575           539
           -1391.491  534864           307
           -1391.491  476498           179
           -1391.491  206099           363
           -1391.493  405371           569
           -1395.575  772131           407
           -1395.575  614535           449
           -1395.575  791678           974
           -1395.575  670281           721
           -1395.575  137888           901
           -1395.575  231400           738
           -1395.576  545108           667
           -1395.576  471040           403
           -1395.576  996231           310
           -1395.576  55115            408
           -1395.576  49910            829
           -1395.576  82357            339
           -1395.576  260953           589
           -1395.576  291149           536
           -1414.665  937068           982
           -1414.665  505244           582
           -1414.665  315029           471
           -1414.665  673496           218
           -1414.665  521575           313
           -1414.665  939021           8
           -1414.665  161421           519
           -1414.665  766903           505
           -1414.665  942358           644
           -1414.665  595153           230
           -1414.665  476393           705
           -1414.665  178031           720
           -1414.666  495366           964
           -1414.666  168888           817
           -1414.666  848969           173
           -1494.160  816765           959
           -1494.161  180889           920
           -1509.679  96617            955

1 perturbed starting value run(s) did not converge.



     WARNING:  THE BEST LOGLIKELIHOOD VALUE WAS NOT REPLICATED.  THE
     SOLUTION MAY NOT BE TRUSTWORTHY DUE TO LOCAL MAXIMA.  INCREASE THE
     NUMBER OF RANDOM STARTS.

     WARNING: THE MODEL ESTIMATION HAS REACHED A SADDLE POINT OR A POINT WHERE THE
     OBSERVED AND THE EXPECTED INFORMATION MATRICES DO NOT MATCH.
     AN ADJUSTMENT TO THE ESTIMATION OF THE INFORMATION MATRIX HAS BEEN MADE.
     THE CONDITION NUMBER IS      -0.433D-01.
     THE PROBLEM MAY ALSO BE RESOLVED BY TURNING OFF THE CHOLESKY OPTION OR
     BY DECREASING THE VALUE OF THE MCONVERGENCE OPTION OR BY CHANGING THE STARTING VALUES
     OR BY INCREASING THE NUMBER OF INTEGRATION POINTS OR BY USING THE MLF ESTIMATOR.


THE MODEL ESTIMATION TERMINATED NORMALLY



MODEL FIT INFORMATION

Number of Free Parameters                        5

Loglikelihood

          H0 Value                       -1339.967
          H0 Scaling Correction Factor 455989.8786
            for MLR

Information Criteria

          Akaike (AIC)                    2689.934
          Bayesian (BIC)                  2714.768
          Sample-Size Adjusted BIC        2698.888
            (n* = (n + 2) / 24)

Chi-Square Test of Model Fit for the Binary and Ordered Categorical
(Ordinal) Outcomes**

          Pearson Chi-Square

          Value                              0.000
          Degrees of Freedom                    10
          P-Value                           1.0000

          Likelihood Ratio Chi-Square

          Value                              0.000
          Degrees of Freedom                    10
          P-Value                           1.0000

** Of the 80 cells in the latent class indicator table, 6
   were deleted in the calculation of chi-square due to extreme values.

Chi-Square Test for MCAR under the Unrestricted Latent Class Indicator Model

          Pearson Chi-Square

          Value                             50.669
          Degrees of Freedom                    99
          P-Value                           1.0000

          Likelihood Ratio Chi-Square

          Value                             46.940
          Degrees of Freedom                    99
          P-Value                           1.0000



FINAL CLASS COUNTS AND PROPORTIONS FOR THE LATENT CLASSES
BASED ON THE ESTIMATED MODEL

    Latent
   Classes

       1        562.09525          0.52978
       2        498.90475          0.47022


MODEL RESULTS

                                                    Two-Tailed
                    Estimate       S.E.  Est./S.E.    P-Value

Latent Class 1 (1)

 I        |
    JBSEMP_7           1.000      0.000    999.000    999.000
    JBSEMP_8           1.000      0.000    999.000    999.000
    JBSEMP_9           1.000      0.000    999.000    999.000
    JBSEMP_10          1.000      0.000    999.000    999.000

 S        |
    JBSEMP_7           2.000      0.000    999.000    999.000
    JBSEMP_8           3.000      0.000    999.000    999.000
    JBSEMP_9           4.000      0.000    999.000    999.000
    JBSEMP_10          5.000      0.000    999.000    999.000

 S        WITH
    I                  0.000      0.000    999.000    999.000

 Means
    I                  0.000      0.000    999.000    999.000
    S                 22.576  *********      0.000      1.000

 Thresholds
    JBSEMP_7$1         0.679  39163.992      0.000      1.000
    JBSEMP_8$1         0.679  39163.992      0.000      1.000
    JBSEMP_9$1         0.679  39163.992      0.000      1.000
    JBSEMP_1$1         0.679  39163.992      0.000      1.000

 Variances
    I                  0.000      0.000    999.000    999.000
    S                458.403  *********      0.000      1.000

Latent Class 2 (2)

 I        |
    JBSEMP_7           1.000      0.000    999.000    999.000
    JBSEMP_8           1.000      0.000    999.000    999.000
    JBSEMP_9           1.000      0.000    999.000    999.000
    JBSEMP_10          1.000      0.000    999.000    999.000

 S        |
    JBSEMP_7           2.000      0.000    999.000    999.000
    JBSEMP_8           3.000      0.000    999.000    999.000
    JBSEMP_9           4.000      0.000    999.000    999.000
    JBSEMP_10          5.000      0.000    999.000    999.000

 S        WITH
    I                  0.000      0.000    999.000    999.000

 Means
    I                  0.000      0.000    999.000    999.000
    S                 22.576  *********      0.000      1.000

 Thresholds
    JBSEMP_7$1         0.679  39163.992      0.000      1.000
    JBSEMP_8$1         0.679  39163.992      0.000      1.000
    JBSEMP_9$1         0.679  39163.992      0.000      1.000
    JBSEMP_1$1         0.679  39163.992      0.000      1.000

 Variances
    I                  0.000      0.000    999.000    999.000
    S                420.778  *********      0.000      1.000

Categorical Latent Variables

 Means
    C#1                0.119      0.086      1.384      0.166


STANDARDIZED MODEL RESULTS


STDYX Standardization

                                                    Two-Tailed
                    Estimate       S.E.  Est./S.E.    P-Value

Latent Class 1 (1)

 I        |
    JBSEMP_7         999.000    999.000    999.000    999.000
    JBSEMP_8         999.000    999.000    999.000    999.000
    JBSEMP_9         999.000    999.000    999.000    999.000
    JBSEMP_10        999.000    999.000    999.000    999.000

 S        |
    JBSEMP_7           0.999     18.416      0.054      0.957
    JBSEMP_8           1.000      8.197      0.122      0.903
    JBSEMP_9           1.000      4.613      0.217      0.828
    JBSEMP_10          1.000      2.953      0.339      0.735

 S        WITH
    I                999.000    999.000    999.000    999.000

 Means
    I                999.000    999.000    999.000    999.000
    S                  1.054    172.625      0.006      0.995

 Thresholds
    JBSEMP_7$1         0.016    751.028      0.000      1.000
    JBSEMP_8$1         0.011    500.827      0.000      1.000
    JBSEMP_9$1         0.008    375.657      0.000      1.000
    JBSEMP_1$1         0.006    300.539      0.000      1.000

 Variances
    I                999.000    999.000    999.000    999.000
    S                  1.000      0.000    999.000    999.000

Latent Class 2 (2)

 I        |
    JBSEMP_7         999.000    999.000    999.000    999.000
    JBSEMP_8         999.000    999.000    999.000    999.000
    JBSEMP_9         999.000    999.000    999.000    999.000
    JBSEMP_10        999.000    999.000    999.000    999.000

 S        |
    JBSEMP_7           0.999     20.980      0.048      0.962
    JBSEMP_8           1.000      9.339      0.107      0.915
    JBSEMP_9           1.000      5.256      0.190      0.849
    JBSEMP_10          1.000      3.365      0.297      0.766

 S        WITH
    I                999.000    999.000    999.000    999.000

 Means
    I                999.000    999.000    999.000    999.000
    S                  1.101    340.406      0.003      0.997

 Thresholds
    JBSEMP_7$1         0.017    776.046      0.000      1.000
    JBSEMP_8$1         0.011    517.516      0.000      1.000
    JBSEMP_9$1         0.008    388.177      0.000      1.000
    JBSEMP_1$1         0.007    310.556      0.000      1.000

 Variances
    I                999.000    999.000    999.000    999.000
    S                  1.000      0.000    999.000    999.000


R-SQUARE

Class 1

    Observed                                        Two-Tailed
    Variable        Estimate       S.E.  Est./S.E.    P-Value

    JBSEMP_7           0.998     36.799      0.027      0.978
    JBSEMP_8           0.999     16.388      0.061      0.951
    JBSEMP_9           1.000      9.224      0.108      0.914
    JBSEMP_1           1.000      5.906      0.169      0.866

Class 2

    Observed                                        Two-Tailed
    Variable        Estimate       S.E.  Est./S.E.    P-Value

    JBSEMP_7           0.998     41.918      0.024      0.981
    JBSEMP_8           0.999     18.671      0.054      0.957
    JBSEMP_9           1.000     10.510      0.095      0.924
    JBSEMP_1           1.000      6.729      0.149      0.882


QUALITY OF NUMERICAL RESULTS

     Condition Number for the Information Matrix             -0.433E-01
       (ratio of smallest to largest eigenvalue)


DIAGRAM INFORMATION

  Mplus diagrams are currently not available for Mixture analysis.
  No diagram output was produced.


     Beginning Time:  09:52:19
        Ending Time:  09:55:36
       Elapsed Time:  00:03:17



MUTHEN & MUTHEN
3463 Stoner Ave.
Los Angeles, CA  90066

Tel: (310) 391-9971
Fax: (310) 391-8971
Web: www.StatModel.com
Support: Support@StatModel.com

Copyright (c) 1998-2019 Muthen & Muthen
