Mplus VERSION 8.3
MUTHEN & MUTHEN
02/29/2020   1:08 AM

INPUT INSTRUCTIONS

  TITLE: Your title goes here

   DATA: FILE = data.dta;

   VARIABLE:

   NAMES = pidp gridmode mm hidp_5 hidp_6 hidp_7 hidp_8 hidp_9 hidp_10 indmode_5
       indmode_6 indmode_7 indmode_8 indmode_9 indmode_10 mode_type_all mode_type_no9
       mode_type_567 mode_type_7 all no9 p567 p7 switch_all switch_no9 switch_567
       switch_7 lkmove_5 xpmove_5 caruse_5 mobuse_5 netpuse_5 aidxhh_5 jbhas_5 j2has_5
       finnow_5 finfut_5 howlng_5 vote1_5 vote6_5 scsf1_5 scsf2a_5 scsf2b_5 scsf3a_5
       scsf3b_5 scsf4a_5 scsf4b_5 scsf5_5 scsf6a_5 scsf6b_5 scsf6c_5 scsf7_5 scghqa_5
       scghqb_5 scghqc_5 scghqd_5 scghqe_5 scghqf_5 scghqg_5 scghqh_5 scghqi_5
       scghqj_5 scghqk_5 scghql_5 lkmove_6 xpmove_6 caruse_6 mobuse_6 netpuse_6
       aidxhh_6 jbhas_6 j2has_6 finnow_6 finfut_6 howlng_6 vote1_6 vote6_6 scsf1_6
       scsf2a_6 scsf2b_6 scsf3a_6 scsf3b_6 scsf4a_6 scsf4b_6 scsf5_6 scsf6a_6 scsf6b_6
       scsf6c_6 scsf7_6 scghqa_6 scghqb_6 scghqc_6 scghqd_6 scghqe_6 scghqf_6 scghqg_6
       scghqh_6 scghqi_6 scghqj_6 scghqk_6 scghql_6 lkmove_7 xpmove_7 caruse_7
       mobuse_7 netpuse_7 smoker_7 aidxhh_7 jbhas_7 jbterm1_7 jbsemp_7 j2has_7
       fiyrdia_7 finnow_7 finfut_7 howlng_7 vote1_7 vote6_7 scsf2a_7 scsf2b_7 scsf3a_7
       scsf3b_7 scsf4a_7 scsf4b_7 scsf5_7 scsf6a_7 scsf6b_7 scsf6c_7 scsf7_7 scghqa_7
       scghqb_7 scghqc_7 scghqd_7 scghqe_7 scghqf_7 scghqg_7 scghqh_7 scghqi_7
       scghqj_7 scghqk_7 scghql_7 scsf1_7 lkmove_8 xpmove_8 caruse_8 mobuse_8
       netpuse_8 smoker_8 aidxhh_8 jbhas_8 jbterm1_8 jbsemp_8 j2has_8 fiyrdia_8
       finnow_8 finfut_8 scsf2a_8 scsf2b_8 scsf3a_8 scsf3b_8 scsf4a_8 scsf4b_8 scsf5_8
       scsf6a_8 scsf6b_8 scsf6c_8 scsf7_8 scghqa_8 scghqb_8 scghqc_8 scghqd_8 scghqe_8
       scghqf_8 scghqg_8 scghqh_8 scghqi_8 scghqj_8 scghqk_8 scghql_8 scsf1_8 mobuse_9
       netpuse_9 smoker_9 jbhas_9 jbterm1_9 jbsemp_9 j2has_9 fiyrdia_9 finnow_9
       finfut_9 lkmove_10 xpmove_10 mobuse_10 netpuse_10 smoker_10 aidxhh_10 jbhas_10
       jbterm1_10 jbsemp_10 j2has_10 fiyrdia_10 finnow_10 finfut_10 scsf1_10 scsf2a_10
       scsf2b_10 scsf3a_10 scsf3b_10 scsf4a_10 scsf4b_10 scsf5_10 scsf6a_10 scsf6b_10
       scsf6c_10 scsf7_10 scghqa_10 scghqb_10 scghqc_10 scghqd_10 scghqe_10 scghqf_10
       scghqg_10 scghqh_10 scghqi_10 scghqj_10 scghqk_10 scghql_10 edu agecat female
       partner sf1 longill london north urban refresh Higher A level GCSE Other age_35
       age_55 age_75 age_102 pred_all pred_no9 pred_p567 pred_p7 pred_all_w pred_no9_w
       pred_p567_w pred_p7_w;

   MISSING=.;

   USEVARIABLES ARE
   scghqg_5
   scghqg_6
   scghqg_7
   scghqg_8
   scghqg_10;

   CATEGORICAL ARE
   scghqg_5
   scghqg_6
   scghqg_7
   scghqg_8
   scghqg_10;
   CLASSES = c(2);

    KNOWNCLASS = c(no9= 1 2);
  WEIGHT IS pred_no9_w;

   ANALYSIS:


      TYPE = MIXTURE;

      ESTIMATOR = MLR;

      ALGORITHM = INTEGRATION;

      Processors = 8(starts);

      STARTS = 400 100;

   Model:


      %OVERALL%

  i s | scghqg_5@0 scghqg_6@1 scghqg_7@2 scghqg_8@3 scghqg_10@5;

   %c#1%
  [s] (a);
   s (b);
   s WITH i (c);
   i (d);

   %c#2%
  [s] (a);
   s (b);
   s WITH i (c);
   i (d);

   OUTPUT: SAMPSTAT;

                                  STDYX;




*** WARNING in VARIABLE command
  Note that only the first 8 characters of variable names are used in the output.
  Shorten variable names to avoid any confusion.
*** WARNING
  Data set contains unknown or missing values for variable NO9.
  This variable is used to determine the KNOWNCLASS specification.
  Number of such cases:  111
*** WARNING
  Data set contains cases with missing on all variables.
  These cases were not included in the analysis.
  Number of cases with missing on all variables:  101
   3 WARNING(S) FOUND IN THE INPUT INSTRUCTIONS



Your title goes here

SUMMARY OF ANALYSIS

Number of groups                                                 1
Number of observations                                        1845

Number of dependent variables                                    5
Number of independent variables                                  0
Number of continuous latent variables                            2
Number of categorical latent variables                           1

Observed dependent variables

  Binary and ordered categorical (ordinal)
   SCGHQG_5    SCGHQG_6    SCGHQG_7    SCGHQG_8    SCGHQG_1

Continuous latent variables
   I           S

Categorical latent variables
   C

  Knownclass            C

Variables with special functions

  Weight variable       PRED_NO9

Estimator                                                      MLR
Information matrix                                        OBSERVED
Optimization Specifications for the Quasi-Newton Algorithm for
Continuous Outcomes
  Maximum number of iterations                                 100
  Convergence criterion                                  0.100D-05
Optimization Specifications for the EM Algorithm
  Maximum number of iterations                                 500
  Convergence criteria
    Loglikelihood change                                 0.100D-02
    Relative loglikelihood change                        0.100D-05
    Derivative                                           0.100D-02
Optimization Specifications for the M step of the EM Algorithm for
Categorical Latent variables
  Number of M step iterations                                    1
  M step convergence criterion                           0.100D-02
  Basis for M step termination                           ITERATION
Optimization Specifications for the M step of the EM Algorithm for
Censored, Binary or Ordered Categorical (Ordinal), Unordered
Categorical (Nominal) and Count Outcomes
  Number of M step iterations                                    1
  M step convergence criterion                           0.100D-02
  Basis for M step termination                           ITERATION
  Maximum value for logit thresholds                            15
  Minimum value for logit thresholds                           -15
  Minimum expected cell size for chi-square              0.100D-01
Maximum number of iterations for H1                           2000
Convergence criterion for H1                             0.100D-03
Optimization algorithm                                         EMA
Integration Specifications
  Type                                                    STANDARD
  Number of integration points                                  15
  Dimensions of numerical integration                            2
  Adaptive quadrature                                           ON
Random Starts Specifications
  Number of initial stage random starts                        400
  Number of final stage optimizations                          100
  Number of initial stage iterations                            10
  Initial stage convergence criterion                    0.100D+01
  Random starts scale                                    0.500D+01
  Random seed for generating random starts                       0
Link                                                         LOGIT
Cholesky                                                        ON

Input data file(s)
  data.dta
Input data format  FREE


SUMMARY OF DATA

     Number of missing data patterns            31
     Number of y missing data patterns           0
     Number of u missing data patterns          31


COVARIANCE COVERAGE OF DATA

Minimum covariance coverage value   0.100


     PROPORTION OF DATA PRESENT FOR U


           Covariance Coverage
              SCGHQG_5      SCGHQG_6      SCGHQG_7      SCGHQG_8      SCGHQG_1
              ________      ________      ________      ________      ________
 SCGHQG_5       0.385
 SCGHQG_6       0.292         0.457
 SCGHQG_7       0.264         0.339         0.595
 SCGHQG_8       0.251         0.325         0.470         0.579
 SCGHQG_1       0.223         0.286         0.400         0.433         0.648


UNIVARIATE PROPORTIONS AND COUNTS FOR CATEGORICAL VARIABLES

    SCGHQG_5
      Category 1    0.039           44.110
      Category 2    0.756          858.616
      Category 3    0.163          185.648
      Category 4    0.042           48.008
    SCGHQG_6
      Category 1    0.029           39.677
      Category 2    0.774         1072.110
      Category 3    0.143          197.875
      Category 4    0.054           75.463
    SCGHQG_7
      Category 1    0.043           51.338
      Category 2    0.801          964.044
      Category 3    0.124          149.090
      Category 4    0.033           39.617
    SCGHQG_8
      Category 1    0.037           42.598
      Category 2    0.791          901.156
      Category 3    0.140          159.491
      Category 4    0.031           35.369
    SCGHQG_1
      Category 1    0.033           33.180
      Category 2    0.775          773.847
      Category 3    0.160          159.336
      Category 4    0.032           31.521


SAMPLE STATISTICS

RANDOM STARTS RESULTS RANKED FROM THE BEST TO THE WORST LOGLIKELIHOOD VALUES

Final stage loglikelihood values at local maxima, seeds, and initial stage start numbers:

           -5277.771  303634           169
           -5277.771  411615           171
           -5277.771  648555           113
           -5277.771  227563           63
           -5277.771  414284           158
           -5277.771  12477            155
           -5277.771  123985           248
           -5277.771  49221            254
           -5277.771  694303           282
           -5277.771  264081           186
           -5277.771  512836           289
           -5277.771  132336           362
           -5277.771  232559           136
           -5277.771  192071           142
           -5277.771  794236           127
           -5277.771  360419           356
           -5277.771  761633           50
           -5277.771  479273           156
           -5277.771  644297           340
           -5277.771  650371           14
           -5277.771  65651            214
           -5277.771  481835           57
           -5277.771  51375            148
           -5277.771  246261           38
           -5277.771  383986           159
           -5277.771  268217           83
           -5277.771  529455           268
           -5277.771  875667           367
           -5277.771  616917           261
           -5277.771  76451            211
           -5277.771  608849           224
           -5277.771  789985           67
           -5277.771  801717           364
           -5277.771  967237           48
           -5277.771  66276            217
           -5277.771  930323           267
           -5277.771  913639           162
           -5277.771  267983           228
           -5277.771  509733           130
           -5277.771  185071           370
           -5277.771  387701           275
           -5277.771  551639           55
           -5277.771  576726           280
           -5277.771  27071            15
           -5277.771  945065           255
           -5277.771  939021           8
           -5277.771  692169           308
           -5277.771  436460           89
           -5277.771  891531           206
           -5277.771  455617           242
           -5277.771  81117            305
           -5277.771  415931           10
           -5277.771  685657           69
           -5277.771  617243           237
           -5277.771  464179           106
           -5277.771  496710           386
           -5277.771  352277           42
           -5277.771  579995           183
           -5277.771  520177           262
           -5277.771  688839           273
           -5277.771  319144           176
           -5277.771  754100           56
           -5277.771  939709           112
           -5277.771  963053           43
           -5277.771  849670           347
           -5277.771  215353           164
           -5277.771  625191           350
           -5277.771  342019           301
           -5277.771  857799           315
           -5277.772  595153           230
           -5277.772  373505           88
           -5277.773  836515           341
           -5277.775  21345            199
           -5277.777  76337            76
           -5277.779  292884           103
           -5277.784  637095           207
           -5277.788  798839           312
           -5277.788  46437            153
           -5277.788  915107           54
           -5277.788  714997           399
           -5277.788  93468            3
           -5277.788  73576            213
           -5277.788  751054           117
           -5277.789  903420           5
           -5277.789  153053           378
           -5277.804  170954           86
           -5277.809  23012            352
           -5277.809  863094           147
           -5277.958  568859           49
           -5277.962  635245           121
           -5277.965  669634           335
           -5277.966  260601           36
           -5277.988  173440           328
           -5277.992  985387           381
           -5278.002  965994           396
           -5278.002  951709           348
           -5278.003  830529           279
           -5278.003  992389           77
           -5278.004  50887            389
           -5278.005  440841           118



THE BEST LOGLIKELIHOOD VALUE HAS BEEN REPLICATED.  RERUN WITH AT LEAST TWICE THE
RANDOM STARTS TO CHECK THAT THE BEST LOGLIKELIHOOD IS STILL OBTAINED AND REPLICATED.


THE MODEL ESTIMATION TERMINATED NORMALLY



MODEL FIT INFORMATION

Number of Free Parameters                        9

Loglikelihood

          H0 Value                       -5277.771
          H0 Scaling Correction Factor      2.2754
            for MLR

Information Criteria

          Akaike (AIC)                   10573.542
          Bayesian (BIC)                 10623.224
          Sample-Size Adjusted BIC       10594.632
            (n* = (n + 2) / 24)

Chi-Square Test of Model Fit for the Binary and Ordered Categorical
(Ordinal) Outcomes**

          Pearson Chi-Square

          Value                           1736.734
          Degrees of Freedom                  2021
          P-Value                           1.0000

          Likelihood Ratio Chi-Square

          Value                            679.199
          Degrees of Freedom                  2021
          P-Value                           1.0000

** Of the 3124 cells in the latent class indicator table, 8
   were deleted in the calculation of chi-square due to extreme values.

Chi-Square Test for MCAR under the Unrestricted Latent Class Indicator Model

          Pearson Chi-Square

          Value                           1901.937
          Degrees of Freedom                  4139
          P-Value                           1.0000

          Likelihood Ratio Chi-Square

          Value                           1363.057
          Degrees of Freedom                  4139
          P-Value                           1.0000



FINAL CLASS COUNTS AND PROPORTIONS FOR THE LATENT CLASSES
BASED ON THE ESTIMATED MODEL

    Latent
   Classes

       1       1181.20026          0.64022
       2        663.79974          0.35978


MODEL RESULTS

                                                    Two-Tailed
                    Estimate       S.E.  Est./S.E.    P-Value

Latent Class 1 (1)

 I        |
    SCGHQG_5           1.000      0.000    999.000    999.000
    SCGHQG_6           1.000      0.000    999.000    999.000
    SCGHQG_7           1.000      0.000    999.000    999.000
    SCGHQG_8           1.000      0.000    999.000    999.000
    SCGHQG_10          1.000      0.000    999.000    999.000

 S        |
    SCGHQG_5           0.000      0.000    999.000    999.000
    SCGHQG_6           1.000      0.000    999.000    999.000
    SCGHQG_7           2.000      0.000    999.000    999.000
    SCGHQG_8           3.000      0.000    999.000    999.000
    SCGHQG_10          5.000      0.000    999.000    999.000

 S        WITH
    I                 -0.106      0.108     -0.979      0.328

 Means
    I                  0.188      0.139      1.352      0.176
    S                 -0.020      0.031     -0.628      0.530

 Thresholds
    SCGHQG_5$1        -3.990      0.206    -19.332      0.000
    SCGHQG_5$2         1.987      0.138     14.393      0.000
    SCGHQG_5$3         4.055      0.201     20.168      0.000
    SCGHQG_6$1        -3.990      0.206    -19.332      0.000
    SCGHQG_6$2         1.987      0.138     14.393      0.000
    SCGHQG_6$3         4.055      0.201     20.168      0.000
    SCGHQG_7$1        -3.990      0.206    -19.332      0.000
    SCGHQG_7$2         1.987      0.138     14.393      0.000
    SCGHQG_7$3         4.055      0.201     20.168      0.000
    SCGHQG_8$1        -3.990      0.206    -19.332      0.000
    SCGHQG_8$2         1.987      0.138     14.393      0.000
    SCGHQG_8$3         4.055      0.201     20.168      0.000
    SCGHQG_1$1        -3.990      0.206    -19.332      0.000
    SCGHQG_1$2         1.987      0.138     14.393      0.000
    SCGHQG_1$3         4.055      0.201     20.168      0.000

 Variances
    I                  2.157      0.517      4.174      0.000
    S                  0.019      0.038      0.498      0.618

Latent Class 2 (2)

 I        |
    SCGHQG_5           1.000      0.000    999.000    999.000
    SCGHQG_6           1.000      0.000    999.000    999.000
    SCGHQG_7           1.000      0.000    999.000    999.000
    SCGHQG_8           1.000      0.000    999.000    999.000
    SCGHQG_10          1.000      0.000    999.000    999.000

 S        |
    SCGHQG_5           0.000      0.000    999.000    999.000
    SCGHQG_6           1.000      0.000    999.000    999.000
    SCGHQG_7           2.000      0.000    999.000    999.000
    SCGHQG_8           3.000      0.000    999.000    999.000
    SCGHQG_10          5.000      0.000    999.000    999.000

 S        WITH
    I                 -0.106      0.108     -0.979      0.328

 Means
    I                  0.000      0.000    999.000    999.000
    S                 -0.020      0.031     -0.628      0.530

 Thresholds
    SCGHQG_5$1        -3.990      0.206    -19.332      0.000
    SCGHQG_5$2         1.987      0.138     14.393      0.000
    SCGHQG_5$3         4.055      0.201     20.168      0.000
    SCGHQG_6$1        -3.990      0.206    -19.332      0.000
    SCGHQG_6$2         1.987      0.138     14.393      0.000
    SCGHQG_6$3         4.055      0.201     20.168      0.000
    SCGHQG_7$1        -3.990      0.206    -19.332      0.000
    SCGHQG_7$2         1.987      0.138     14.393      0.000
    SCGHQG_7$3         4.055      0.201     20.168      0.000
    SCGHQG_8$1        -3.990      0.206    -19.332      0.000
    SCGHQG_8$2         1.987      0.138     14.393      0.000
    SCGHQG_8$3         4.055      0.201     20.168      0.000
    SCGHQG_1$1        -3.990      0.206    -19.332      0.000
    SCGHQG_1$2         1.987      0.138     14.393      0.000
    SCGHQG_1$3         4.055      0.201     20.168      0.000

 Variances
    I                  2.157      0.517      4.174      0.000
    S                  0.019      0.038      0.498      0.618

Categorical Latent Variables

 Means
    C#1                0.576      0.068      8.468      0.000


STANDARDIZED MODEL RESULTS


STDYX Standardization

                                                    Two-Tailed
                    Estimate       S.E.  Est./S.E.    P-Value

Latent Class 1 (1)

 I        |
    SCGHQG_5           0.629      0.046     13.822      0.000
    SCGHQG_6           0.641      0.055     11.671      0.000
    SCGHQG_7           0.650      0.062     10.486      0.000
    SCGHQG_8           0.658      0.066      9.941      0.000
    SCGHQG_10          0.666      0.067      9.988      0.000

 S        |
    SCGHQG_5           0.000      0.000    999.000    999.000
    SCGHQG_6           0.060      0.059      1.014      0.310
    SCGHQG_7           0.121      0.121      1.007      0.314
    SCGHQG_8           0.184      0.183      1.006      0.314
    SCGHQG_10          0.311      0.302      1.029      0.304

 S        WITH
    I                 -0.524      0.212     -2.474      0.013

 Means
    I                  0.128      0.094      1.358      0.174
    S                 -0.142      0.250     -0.569      0.569

 Thresholds
    SCGHQG_5$1        -1.710      0.075    -22.884      0.000
    SCGHQG_5$2         0.852      0.054     15.842      0.000
    SCGHQG_5$3         1.737      0.079     21.920      0.000
    SCGHQG_6$1        -1.741      0.070    -25.043      0.000
    SCGHQG_6$2         0.867      0.053     16.261      0.000
    SCGHQG_6$3         1.769      0.075     23.557      0.000
    SCGHQG_7$1        -1.767      0.069    -25.515      0.000
    SCGHQG_7$2         0.880      0.055     15.930      0.000
    SCGHQG_7$3         1.795      0.077     23.296      0.000
    SCGHQG_8$1        -1.787      0.068    -26.220      0.000
    SCGHQG_8$2         0.890      0.058     15.458      0.000
    SCGHQG_8$3         1.816      0.080     22.779      0.000
    SCGHQG_1$1        -1.810      0.071    -25.422      0.000
    SCGHQG_1$2         0.901      0.065     13.796      0.000
    SCGHQG_1$3         1.839      0.093     19.790      0.000

 Variances
    I                  1.000      0.000    999.000    999.000
    S                  1.000      0.000    999.000    999.000

Latent Class 2 (2)

 I        |
    SCGHQG_5           0.629      0.046     13.822      0.000
    SCGHQG_6           0.641      0.055     11.671      0.000
    SCGHQG_7           0.650      0.062     10.486      0.000
    SCGHQG_8           0.658      0.066      9.941      0.000
    SCGHQG_10          0.666      0.067      9.988      0.000

 S        |
    SCGHQG_5           0.000      0.000    999.000    999.000
    SCGHQG_6           0.060      0.059      1.014      0.310
    SCGHQG_7           0.121      0.121      1.007      0.314
    SCGHQG_8           0.184      0.183      1.006      0.314
    SCGHQG_10          0.311      0.302      1.029      0.304

 S        WITH
    I                 -0.524      0.212     -2.474      0.013

 Means
    I                  0.000      0.000    999.000    999.000
    S                 -0.142      0.250     -0.569      0.569

 Thresholds
    SCGHQG_5$1        -1.710      0.075    -22.884      0.000
    SCGHQG_5$2         0.852      0.054     15.842      0.000
    SCGHQG_5$3         1.737      0.079     21.920      0.000
    SCGHQG_6$1        -1.741      0.070    -25.043      0.000
    SCGHQG_6$2         0.867      0.053     16.261      0.000
    SCGHQG_6$3         1.769      0.075     23.557      0.000
    SCGHQG_7$1        -1.767      0.069    -25.515      0.000
    SCGHQG_7$2         0.880      0.055     15.930      0.000
    SCGHQG_7$3         1.795      0.077     23.296      0.000
    SCGHQG_8$1        -1.787      0.068    -26.220      0.000
    SCGHQG_8$2         0.890      0.058     15.458      0.000
    SCGHQG_8$3         1.816      0.080     22.779      0.000
    SCGHQG_1$1        -1.810      0.071    -25.422      0.000
    SCGHQG_1$2         0.901      0.065     13.796      0.000
    SCGHQG_1$3         1.839      0.093     19.790      0.000

 Variances
    I                  1.000      0.000    999.000    999.000
    S                  1.000      0.000    999.000    999.000


R-SQUARE

Class 1

    Observed                                        Two-Tailed
    Variable        Estimate       S.E.  Est./S.E.    P-Value

    SCGHQG_5           0.396      0.057      6.911      0.000
    SCGHQG_6           0.374      0.045      8.323      0.000
    SCGHQG_7           0.355      0.039      9.120      0.000
    SCGHQG_8           0.340      0.039      8.687      0.000
    SCGHQG_1           0.323      0.064      5.031      0.000

Class 2

    Observed                                        Two-Tailed
    Variable        Estimate       S.E.  Est./S.E.    P-Value

    SCGHQG_5           0.396      0.057      6.911      0.000
    SCGHQG_6           0.374      0.045      8.323      0.000
    SCGHQG_7           0.355      0.039      9.120      0.000
    SCGHQG_8           0.340      0.039      8.687      0.000
    SCGHQG_1           0.323      0.064      5.031      0.000


QUALITY OF NUMERICAL RESULTS

     Condition Number for the Information Matrix              0.362E-02
       (ratio of smallest to largest eigenvalue)


     Beginning Time:  01:08:01
        Ending Time:  01:10:29
       Elapsed Time:  00:02:28



MUTHEN & MUTHEN
3463 Stoner Ave.
Los Angeles, CA  90066

Tel: (310) 391-9971
Fax: (310) 391-8971
Web: www.StatModel.com
Support: Support@StatModel.com

Copyright (c) 1998-2019 Muthen & Muthen
