Mplus VERSION 8.3
MUTHEN & MUTHEN
02/29/2020   3:21 AM

INPUT INSTRUCTIONS

  TITLE: Your title goes here

   DATA: FILE = data.dta;

   VARIABLE:

   NAMES = pidp gridmode mm hidp_5 hidp_6 hidp_7 hidp_8 hidp_9 hidp_10 indmode_5
       indmode_6 indmode_7 indmode_8 indmode_9 indmode_10 mode_type_all mode_type_no9
       mode_type_567 mode_type_7 all no9 p567 p7 switch_all switch_no9 switch_567
       switch_7 lkmove_5 xpmove_5 caruse_5 mobuse_5 netpuse_5 aidxhh_5 jbhas_5 j2has_5
       finnow_5 finfut_5 howlng_5 vote1_5 vote6_5 scsf1_5 scsf2a_5 scsf2b_5 scsf3a_5
       scsf3b_5 scsf4a_5 scsf4b_5 scsf5_5 scsf6a_5 scsf6b_5 scsf6c_5 scsf7_5 scghqa_5
       scghqb_5 scghqc_5 scghqd_5 scghqe_5 scghqf_5 scghqg_5 scghqh_5 scghqi_5
       scghqj_5 scghqk_5 scghql_5 lkmove_6 xpmove_6 caruse_6 mobuse_6 netpuse_6
       aidxhh_6 jbhas_6 j2has_6 finnow_6 finfut_6 howlng_6 vote1_6 vote6_6 scsf1_6
       scsf2a_6 scsf2b_6 scsf3a_6 scsf3b_6 scsf4a_6 scsf4b_6 scsf5_6 scsf6a_6 scsf6b_6
       scsf6c_6 scsf7_6 scghqa_6 scghqb_6 scghqc_6 scghqd_6 scghqe_6 scghqf_6 scghqg_6
       scghqh_6 scghqi_6 scghqj_6 scghqk_6 scghql_6 lkmove_7 xpmove_7 caruse_7
       mobuse_7 netpuse_7 smoker_7 aidxhh_7 jbhas_7 jbterm1_7 jbsemp_7 j2has_7
       fiyrdia_7 finnow_7 finfut_7 howlng_7 vote1_7 vote6_7 scsf2a_7 scsf2b_7 scsf3a_7
       scsf3b_7 scsf4a_7 scsf4b_7 scsf5_7 scsf6a_7 scsf6b_7 scsf6c_7 scsf7_7 scghqa_7
       scghqb_7 scghqc_7 scghqd_7 scghqe_7 scghqf_7 scghqg_7 scghqh_7 scghqi_7
       scghqj_7 scghqk_7 scghql_7 scsf1_7 lkmove_8 xpmove_8 caruse_8 mobuse_8
       netpuse_8 smoker_8 aidxhh_8 jbhas_8 jbterm1_8 jbsemp_8 j2has_8 fiyrdia_8
       finnow_8 finfut_8 scsf2a_8 scsf2b_8 scsf3a_8 scsf3b_8 scsf4a_8 scsf4b_8 scsf5_8
       scsf6a_8 scsf6b_8 scsf6c_8 scsf7_8 scghqa_8 scghqb_8 scghqc_8 scghqd_8 scghqe_8
       scghqf_8 scghqg_8 scghqh_8 scghqi_8 scghqj_8 scghqk_8 scghql_8 scsf1_8 mobuse_9
       netpuse_9 smoker_9 jbhas_9 jbterm1_9 jbsemp_9 j2has_9 fiyrdia_9 finnow_9
       finfut_9 lkmove_10 xpmove_10 mobuse_10 netpuse_10 smoker_10 aidxhh_10 jbhas_10
       jbterm1_10 jbsemp_10 j2has_10 fiyrdia_10 finnow_10 finfut_10 scsf1_10 scsf2a_10
       scsf2b_10 scsf3a_10 scsf3b_10 scsf4a_10 scsf4b_10 scsf5_10 scsf6a_10 scsf6b_10
       scsf6c_10 scsf7_10 scghqa_10 scghqb_10 scghqc_10 scghqd_10 scghqe_10 scghqf_10
       scghqg_10 scghqh_10 scghqi_10 scghqj_10 scghqk_10 scghql_10 edu agecat female
       partner sf1 longill london north urban refresh Higher A level GCSE Other age_35
       age_55 age_75 age_102 pred_all pred_no9 pred_p567 pred_p7 pred_all_w pred_no9_w
       pred_p567_w pred_p7_w;

   MISSING=.;

   USEVARIABLES ARE
   scghqk_5
   scghqk_6
   scghqk_7
   scghqk_8
   scghqk_10;

   CATEGORICAL ARE
   scghqk_5
   scghqk_6
   scghqk_7
   scghqk_8
   scghqk_10;
   CLASSES = c(2);

    KNOWNCLASS = c(mm= 1 2);

   ANALYSIS:


      TYPE = MIXTURE;

      ESTIMATOR = MLR;

      ALGORITHM = INTEGRATION;

      Processors = 8(starts);

      STARTS = 400 100;

   Model:


      %OVERALL%

  i s | scghqk_5@0 scghqk_6@1 scghqk_7@2 scghqk_8@3 scghqk_10@5;

   %c#1%
  [s] (a);
   s (b);
   s WITH i (c);
   i (d);

   %c#2%
  [s] (a);
   s (b);
   s WITH i (c);
   i (d);

   OUTPUT: SAMPSTAT;

                                  STDYX;




*** WARNING in VARIABLE command
  Note that only the first 8 characters of variable names are used in the output.
  Shorten variable names to avoid any confusion.
*** WARNING
  Data set contains unknown or missing values for variable MM.
  This variable is used to determine the KNOWNCLASS specification.
  Number of such cases:  458
*** WARNING
  Data set contains cases with missing on all variables.
  These cases were not included in the analysis.
  Number of cases with missing on all variables:  166
   3 WARNING(S) FOUND IN THE INPUT INSTRUCTIONS



Your title goes here

SUMMARY OF ANALYSIS

Number of groups                                                 1
Number of observations                                        1433

Number of dependent variables                                    5
Number of independent variables                                  0
Number of continuous latent variables                            2
Number of categorical latent variables                           1

Observed dependent variables

  Binary and ordered categorical (ordinal)
   SCGHQK_5    SCGHQK_6    SCGHQK_7    SCGHQK_8    SCGHQK_1

Continuous latent variables
   I           S

Categorical latent variables
   C

  Knownclass            C


Estimator                                                      MLR
Information matrix                                        OBSERVED
Optimization Specifications for the Quasi-Newton Algorithm for
Continuous Outcomes
  Maximum number of iterations                                 100
  Convergence criterion                                  0.100D-05
Optimization Specifications for the EM Algorithm
  Maximum number of iterations                                 500
  Convergence criteria
    Loglikelihood change                                 0.100D-02
    Relative loglikelihood change                        0.100D-05
    Derivative                                           0.100D-02
Optimization Specifications for the M step of the EM Algorithm for
Categorical Latent variables
  Number of M step iterations                                    1
  M step convergence criterion                           0.100D-02
  Basis for M step termination                           ITERATION
Optimization Specifications for the M step of the EM Algorithm for
Censored, Binary or Ordered Categorical (Ordinal), Unordered
Categorical (Nominal) and Count Outcomes
  Number of M step iterations                                    1
  M step convergence criterion                           0.100D-02
  Basis for M step termination                           ITERATION
  Maximum value for logit thresholds                            15
  Minimum value for logit thresholds                           -15
  Minimum expected cell size for chi-square              0.100D-01
Maximum number of iterations for H1                           2000
Convergence criterion for H1                             0.100D-03
Optimization algorithm                                         EMA
Integration Specifications
  Type                                                    STANDARD
  Number of integration points                                  15
  Dimensions of numerical integration                            2
  Adaptive quadrature                                           ON
Random Starts Specifications
  Number of initial stage random starts                        400
  Number of final stage optimizations                          100
  Number of initial stage iterations                            10
  Initial stage convergence criterion                    0.100D+01
  Random starts scale                                    0.500D+01
  Random seed for generating random starts                       0
Link                                                         LOGIT
Cholesky                                                        ON

Input data file(s)
  data.dta
Input data format  FREE


SUMMARY OF DATA

     Number of missing data patterns            31
     Number of y missing data patterns           0
     Number of u missing data patterns          31


COVARIANCE COVERAGE OF DATA

Minimum covariance coverage value   0.100


     PROPORTION OF DATA PRESENT FOR U


           Covariance Coverage
              SCGHQK_5      SCGHQK_6      SCGHQK_7      SCGHQK_8      SCGHQK_1
              ________      ________      ________      ________      ________
 SCGHQK_5       0.497
 SCGHQK_6       0.376         0.588
 SCGHQK_7       0.341         0.435         0.648
 SCGHQK_8       0.324         0.419         0.503         0.634
 SCGHQK_1       0.288         0.370         0.433         0.478         0.585


UNIVARIATE PROPORTIONS AND COUNTS FOR CATEGORICAL VARIABLES

    SCGHQK_5
      Category 1    0.697          496.000
      Category 2    0.223          159.000
      Category 3    0.055           39.000
      Category 4    0.025           18.000
    SCGHQK_6
      Category 1    0.650          548.000
      Category 2    0.262          221.000
      Category 3    0.070           59.000
      Category 4    0.018           15.000
    SCGHQK_7
      Category 1    0.733          680.000
      Category 2    0.205          190.000
      Category 3    0.039           36.000
      Category 4    0.024           22.000
    SCGHQK_8
      Category 1    0.714          649.000
      Category 2    0.206          187.000
      Category 3    0.063           57.000
      Category 4    0.018           16.000
    SCGHQK_1
      Category 1    0.672          563.000
      Category 2    0.237          199.000
      Category 3    0.061           51.000
      Category 4    0.030           25.000


SAMPLE STATISTICS

RANDOM STARTS RESULTS RANKED FROM THE BEST TO THE WORST LOGLIKELIHOOD VALUES

Final stage loglikelihood values at local maxima, seeds, and initial stage start numbers:

           -4165.855  40340            188
           -4165.855  617243           237
           -4165.855  765392           382
           -4165.855  268896           124
           -4165.855  797594           234
           -4165.855  227563           63
           -4165.855  526324           178
           -4165.855  957392           79
           -4165.855  303634           169
           -4165.855  15715            274
           -4165.855  688839           273
           -4165.855  12477            155
           -4165.855  857799           315
           -4165.855  123985           248
           -4165.855  195353           225
           -4165.855  150531           154
           -4165.855  unperturbed      0
           -4165.855  642909           251
           -4165.855  996231           310
           -4165.855  399671           13
           -4165.855  616917           261
           -4165.855  603842           61
           -4165.855  259507           53
           -4165.855  533738           11
           -4165.855  195763           358
           -4165.855  316165           299
           -4165.855  496710           386
           -4165.855  592219           119
           -4165.855  458181           189
           -4165.855  438144           271
           -4165.855  246575           291
           -4165.855  354208           196
           -4165.855  514326           325
           -4165.855  132336           362
           -4165.855  784664           75
           -4165.855  804561           59
           -4165.855  534483           290
           -4165.855  76337            76
           -4165.855  783110           72
           -4165.855  991329           182
           -4165.855  350608           334
           -4165.855  562716           300
           -4165.855  609089           241
           -4165.855  544048           87
           -4165.855  210870           383
           -4165.855  741888           138
           -4165.855  626891           32
           -4165.855  496881           192
           -4165.855  170954           86
           -4165.855  61587            400
           -4165.855  68985            17
           -4165.855  292884           103
           -4165.855  939021           8
           -4165.855  195873           6
           -4165.855  939709           112
           -4165.855  691234           250
           -4165.855  903420           5
           -4165.855  913639           162
           -4165.855  347515           24
           -4165.855  215353           164
           -4165.855  97158            205
           -4165.855  930323           267
           -4165.855  777045           377
           -4165.855  965994           396
           -4165.855  801717           364
           -4165.855  301180           236
           -4165.855  404426           344
           -4165.855  694303           282
           -4165.855  794236           127
           -4165.855  945065           255
           -4165.855  761633           50
           -4165.855  948615           140
           -4165.855  464179           106
           -4165.855  602797           336
           -4165.855  383986           159
           -4165.855  748692           204
           -4165.855  278692           342
           -4165.855  190339           102
           -4165.855  951709           348
           -4165.855  848331           137
           -4165.855  173440           328
           -4165.855  267983           228
           -4165.855  695155           150
           -4165.855  17359            227
           -4165.855  455617           242
           -4165.855  829540           324
           -4165.855  960438           116
           -4165.855  685657           69
           -4165.855  535063           329
           -4165.855  507154           387
           -4165.855  717754           180
           -4165.855  856536           144
           -4165.855  967237           48
           -4165.855  373505           88
           -4165.855  521575           313
           -4165.855  21132            351
           -4165.855  268217           83
           -4165.855  415931           10
           -4165.855  360419           356
           -4165.855  963053           43



THE BEST LOGLIKELIHOOD VALUE HAS BEEN REPLICATED.  RERUN WITH AT LEAST TWICE THE
RANDOM STARTS TO CHECK THAT THE BEST LOGLIKELIHOOD IS STILL OBTAINED AND REPLICATED.


THE MODEL ESTIMATION TERMINATED NORMALLY



MODEL FIT INFORMATION

Number of Free Parameters                        9

Loglikelihood

          H0 Value                       -4165.855
          H0 Scaling Correction Factor      1.0606
            for MLR

Information Criteria

          Akaike (AIC)                    8349.709
          Bayesian (BIC)                  8397.117
          Sample-Size Adjusted BIC        8368.527
            (n* = (n + 2) / 24)

Chi-Square Test of Model Fit for the Binary and Ordered Categorical
(Ordinal) Outcomes**

          Pearson Chi-Square

          Value                           1879.331
          Degrees of Freedom                  2025
          P-Value                           0.9902

          Likelihood Ratio Chi-Square

          Value                            451.398
          Degrees of Freedom                  2025
          P-Value                           1.0000

** Of the 3124 cells in the latent class indicator table, 9
   were deleted in the calculation of chi-square due to extreme values.

Chi-Square Test for MCAR under the Unrestricted Latent Class Indicator Model

          Pearson Chi-Square

          Value                           1305.405
          Degrees of Freedom                  4139
          P-Value                           1.0000

          Likelihood Ratio Chi-Square

          Value                            861.277
          Degrees of Freedom                  4139
          P-Value                           1.0000



FINAL CLASS COUNTS AND PROPORTIONS FOR THE LATENT CLASSES
BASED ON THE ESTIMATED MODEL

    Latent
   Classes

       1        840.00000          0.58618
       2        593.00000          0.41382


MODEL RESULTS

                                                    Two-Tailed
                    Estimate       S.E.  Est./S.E.    P-Value

Latent Class 1 (1)

 I        |
    SCGHQK_5           1.000      0.000    999.000    999.000
    SCGHQK_6           1.000      0.000    999.000    999.000
    SCGHQK_7           1.000      0.000    999.000    999.000
    SCGHQK_8           1.000      0.000    999.000    999.000
    SCGHQK_10          1.000      0.000    999.000    999.000

 S        |
    SCGHQK_5           0.000      0.000    999.000    999.000
    SCGHQK_6           1.000      0.000    999.000    999.000
    SCGHQK_7           2.000      0.000    999.000    999.000
    SCGHQK_8           3.000      0.000    999.000    999.000
    SCGHQK_10          5.000      0.000    999.000    999.000

 S        WITH
    I                 -0.187      0.136     -1.379      0.168

 Means
    I                  0.106      0.162      0.651      0.515
    S                 -0.006      0.041     -0.135      0.893

 Thresholds
    SCGHQK_5$1         1.471      0.164      8.978      0.000
    SCGHQK_5$2         4.093      0.207     19.766      0.000
    SCGHQK_5$3         5.928      0.247     24.021      0.000
    SCGHQK_6$1         1.471      0.164      8.978      0.000
    SCGHQK_6$2         4.093      0.207     19.766      0.000
    SCGHQK_6$3         5.928      0.247     24.021      0.000
    SCGHQK_7$1         1.471      0.164      8.978      0.000
    SCGHQK_7$2         4.093      0.207     19.766      0.000
    SCGHQK_7$3         5.928      0.247     24.021      0.000
    SCGHQK_8$1         1.471      0.164      8.978      0.000
    SCGHQK_8$2         4.093      0.207     19.766      0.000
    SCGHQK_8$3         5.928      0.247     24.021      0.000
    SCGHQK_1$1         1.471      0.164      8.978      0.000
    SCGHQK_1$2         4.093      0.207     19.766      0.000
    SCGHQK_1$3         5.928      0.247     24.021      0.000

 Variances
    I                  5.509      0.796      6.920      0.000
    S                  0.106      0.044      2.433      0.015

Latent Class 2 (2)

 I        |
    SCGHQK_5           1.000      0.000    999.000    999.000
    SCGHQK_6           1.000      0.000    999.000    999.000
    SCGHQK_7           1.000      0.000    999.000    999.000
    SCGHQK_8           1.000      0.000    999.000    999.000
    SCGHQK_10          1.000      0.000    999.000    999.000

 S        |
    SCGHQK_5           0.000      0.000    999.000    999.000
    SCGHQK_6           1.000      0.000    999.000    999.000
    SCGHQK_7           2.000      0.000    999.000    999.000
    SCGHQK_8           3.000      0.000    999.000    999.000
    SCGHQK_10          5.000      0.000    999.000    999.000

 S        WITH
    I                 -0.187      0.136     -1.379      0.168

 Means
    I                  0.000      0.000    999.000    999.000
    S                 -0.006      0.041     -0.135      0.893

 Thresholds
    SCGHQK_5$1         1.471      0.164      8.978      0.000
    SCGHQK_5$2         4.093      0.207     19.766      0.000
    SCGHQK_5$3         5.928      0.247     24.021      0.000
    SCGHQK_6$1         1.471      0.164      8.978      0.000
    SCGHQK_6$2         4.093      0.207     19.766      0.000
    SCGHQK_6$3         5.928      0.247     24.021      0.000
    SCGHQK_7$1         1.471      0.164      8.978      0.000
    SCGHQK_7$2         4.093      0.207     19.766      0.000
    SCGHQK_7$3         5.928      0.247     24.021      0.000
    SCGHQK_8$1         1.471      0.164      8.978      0.000
    SCGHQK_8$2         4.093      0.207     19.766      0.000
    SCGHQK_8$3         5.928      0.247     24.021      0.000
    SCGHQK_1$1         1.471      0.164      8.978      0.000
    SCGHQK_1$2         4.093      0.207     19.766      0.000
    SCGHQK_1$3         5.928      0.247     24.021      0.000

 Variances
    I                  5.509      0.796      6.920      0.000
    S                  0.106      0.044      2.433      0.015

Categorical Latent Variables

 Means
    C#1                0.348      0.054      6.492      0.000


STANDARDIZED MODEL RESULTS


STDYX Standardization

                                                    Two-Tailed
                    Estimate       S.E.  Est./S.E.    P-Value

Latent Class 1 (1)

 I        |
    SCGHQK_5           0.791      0.021     37.015      0.000
    SCGHQK_6           0.804      0.031     26.276      0.000
    SCGHQK_7           0.806      0.040     20.198      0.000
    SCGHQK_8           0.799      0.048     16.518      0.000
    SCGHQK_10          0.758      0.062     12.240      0.000

 S        |
    SCGHQK_5           0.000      0.000    999.000    999.000
    SCGHQK_6           0.112      0.022      5.093      0.000
    SCGHQK_7           0.224      0.044      5.083      0.000
    SCGHQK_8           0.333      0.064      5.177      0.000
    SCGHQK_10          0.527      0.093      5.671      0.000

 S        WITH
    I                 -0.245      0.142     -1.722      0.085

 Means
    I                  0.045      0.069      0.651      0.515
    S                 -0.017      0.125     -0.135      0.892

 Thresholds
    SCGHQK_5$1         0.496      0.049     10.063      0.000
    SCGHQK_5$2         1.380      0.058     23.739      0.000
    SCGHQK_5$3         1.998      0.079     25.265      0.000
    SCGHQK_6$1         0.504      0.051      9.864      0.000
    SCGHQK_6$2         1.401      0.056     24.846      0.000
    SCGHQK_6$3         2.030      0.072     28.139      0.000
    SCGHQK_7$1         0.505      0.053      9.487      0.000
    SCGHQK_7$2         1.406      0.059     23.666      0.000
    SCGHQK_7$3         2.036      0.073     27.956      0.000
    SCGHQK_8$1         0.501      0.056      9.008      0.000
    SCGHQK_8$2         1.393      0.066     21.033      0.000
    SCGHQK_8$3         2.018      0.081     24.869      0.000
    SCGHQK_1$1         0.475      0.060      7.964      0.000
    SCGHQK_1$2         1.322      0.086     15.334      0.000
    SCGHQK_1$3         1.915      0.112     17.148      0.000

 Variances
    I                  1.000      0.000    999.000    999.000
    S                  1.000      0.000    999.000    999.000

Latent Class 2 (2)

 I        |
    SCGHQK_5           0.791      0.021     37.015      0.000
    SCGHQK_6           0.804      0.031     26.276      0.000
    SCGHQK_7           0.806      0.040     20.198      0.000
    SCGHQK_8           0.799      0.048     16.518      0.000
    SCGHQK_10          0.758      0.062     12.240      0.000

 S        |
    SCGHQK_5           0.000      0.000    999.000    999.000
    SCGHQK_6           0.112      0.022      5.093      0.000
    SCGHQK_7           0.224      0.044      5.083      0.000
    SCGHQK_8           0.333      0.064      5.177      0.000
    SCGHQK_10          0.527      0.093      5.671      0.000

 S        WITH
    I                 -0.245      0.142     -1.722      0.085

 Means
    I                  0.000      0.000    999.000    999.000
    S                 -0.017      0.125     -0.135      0.892

 Thresholds
    SCGHQK_5$1         0.496      0.049     10.063      0.000
    SCGHQK_5$2         1.380      0.058     23.739      0.000
    SCGHQK_5$3         1.998      0.079     25.265      0.000
    SCGHQK_6$1         0.504      0.051      9.864      0.000
    SCGHQK_6$2         1.401      0.056     24.846      0.000
    SCGHQK_6$3         2.030      0.072     28.139      0.000
    SCGHQK_7$1         0.505      0.053      9.487      0.000
    SCGHQK_7$2         1.406      0.059     23.666      0.000
    SCGHQK_7$3         2.036      0.073     27.956      0.000
    SCGHQK_8$1         0.501      0.056      9.008      0.000
    SCGHQK_8$2         1.393      0.066     21.033      0.000
    SCGHQK_8$3         2.018      0.081     24.869      0.000
    SCGHQK_1$1         0.475      0.060      7.964      0.000
    SCGHQK_1$2         1.322      0.086     15.334      0.000
    SCGHQK_1$3         1.915      0.112     17.148      0.000

 Variances
    I                  1.000      0.000    999.000    999.000
    S                  1.000      0.000    999.000    999.000


R-SQUARE

Class 1

    Observed                                        Two-Tailed
    Variable        Estimate       S.E.  Est./S.E.    P-Value

    SCGHQK_5           0.626      0.034     18.508      0.000
    SCGHQK_6           0.614      0.028     21.788      0.000
    SCGHQK_7           0.612      0.025     24.618      0.000
    SCGHQK_8           0.619      0.026     24.071      0.000
    SCGHQK_1           0.657      0.036     18.051      0.000

Class 2

    Observed                                        Two-Tailed
    Variable        Estimate       S.E.  Est./S.E.    P-Value

    SCGHQK_5           0.626      0.034     18.508      0.000
    SCGHQK_6           0.614      0.028     21.788      0.000
    SCGHQK_7           0.612      0.025     24.618      0.000
    SCGHQK_8           0.619      0.026     24.071      0.000
    SCGHQK_1           0.657      0.036     18.051      0.000


QUALITY OF NUMERICAL RESULTS

     Condition Number for the Information Matrix              0.266E-02
       (ratio of smallest to largest eigenvalue)


     Beginning Time:  03:21:04
        Ending Time:  03:22:57
       Elapsed Time:  00:01:53



MUTHEN & MUTHEN
3463 Stoner Ave.
Los Angeles, CA  90066

Tel: (310) 391-9971
Fax: (310) 391-8971
Web: www.StatModel.com
Support: Support@StatModel.com

Copyright (c) 1998-2019 Muthen & Muthen
