Mplus VERSION 8.3
MUTHEN & MUTHEN
02/28/2020   8:38 PM

INPUT INSTRUCTIONS

  TITLE: Your title goes here

   DATA: FILE = data.dta;

   VARIABLE:

   NAMES = pidp gridmode mm hidp_5 hidp_6 hidp_7 hidp_8 hidp_9 hidp_10 indmode_5
       indmode_6 indmode_7 indmode_8 indmode_9 indmode_10 mode_type_all mode_type_no9
       mode_type_567 mode_type_7 all no9 p567 p7 switch_all switch_no9 switch_567
       switch_7 lkmove_5 xpmove_5 caruse_5 mobuse_5 netpuse_5 aidxhh_5 jbhas_5 j2has_5
       finnow_5 finfut_5 howlng_5 vote1_5 vote6_5 scsf1_5 scsf2a_5 scsf2b_5 scsf3a_5
       scsf3b_5 scsf4a_5 scsf4b_5 scsf5_5 scsf6a_5 scsf6b_5 scsf6c_5 scsf7_5 scghqa_5
       scghqb_5 scghqc_5 scghqd_5 scghqe_5 scghqf_5 scghqg_5 scghqh_5 scghqi_5
       scghqj_5 scghqk_5 scghql_5 lkmove_6 xpmove_6 caruse_6 mobuse_6 netpuse_6
       aidxhh_6 jbhas_6 j2has_6 finnow_6 finfut_6 howlng_6 vote1_6 vote6_6 scsf1_6
       scsf2a_6 scsf2b_6 scsf3a_6 scsf3b_6 scsf4a_6 scsf4b_6 scsf5_6 scsf6a_6 scsf6b_6
       scsf6c_6 scsf7_6 scghqa_6 scghqb_6 scghqc_6 scghqd_6 scghqe_6 scghqf_6 scghqg_6
       scghqh_6 scghqi_6 scghqj_6 scghqk_6 scghql_6 lkmove_7 xpmove_7 caruse_7
       mobuse_7 netpuse_7 smoker_7 aidxhh_7 jbhas_7 jbterm1_7 jbsemp_7 j2has_7
       fiyrdia_7 finnow_7 finfut_7 howlng_7 vote1_7 vote6_7 scsf2a_7 scsf2b_7 scsf3a_7
       scsf3b_7 scsf4a_7 scsf4b_7 scsf5_7 scsf6a_7 scsf6b_7 scsf6c_7 scsf7_7 scghqa_7
       scghqb_7 scghqc_7 scghqd_7 scghqe_7 scghqf_7 scghqg_7 scghqh_7 scghqi_7
       scghqj_7 scghqk_7 scghql_7 scsf1_7 lkmove_8 xpmove_8 caruse_8 mobuse_8
       netpuse_8 smoker_8 aidxhh_8 jbhas_8 jbterm1_8 jbsemp_8 j2has_8 fiyrdia_8
       finnow_8 finfut_8 scsf2a_8 scsf2b_8 scsf3a_8 scsf3b_8 scsf4a_8 scsf4b_8 scsf5_8
       scsf6a_8 scsf6b_8 scsf6c_8 scsf7_8 scghqa_8 scghqb_8 scghqc_8 scghqd_8 scghqe_8
       scghqf_8 scghqg_8 scghqh_8 scghqi_8 scghqj_8 scghqk_8 scghql_8 scsf1_8 mobuse_9
       netpuse_9 smoker_9 jbhas_9 jbterm1_9 jbsemp_9 j2has_9 fiyrdia_9 finnow_9
       finfut_9 lkmove_10 xpmove_10 mobuse_10 netpuse_10 smoker_10 aidxhh_10 jbhas_10
       jbterm1_10 jbsemp_10 j2has_10 fiyrdia_10 finnow_10 finfut_10 scsf1_10 scsf2a_10
       scsf2b_10 scsf3a_10 scsf3b_10 scsf4a_10 scsf4b_10 scsf5_10 scsf6a_10 scsf6b_10
       scsf6c_10 scsf7_10 scghqa_10 scghqb_10 scghqc_10 scghqd_10 scghqe_10 scghqf_10
       scghqg_10 scghqh_10 scghqi_10 scghqj_10 scghqk_10 scghql_10 edu agecat female
       partner sf1 longill london north urban refresh Higher A level GCSE Other age_35
       age_55 age_75 age_102 pred_all pred_no9 pred_p567 pred_p7 pred_all_w pred_no9_w
       pred_p567_w pred_p7_w;

   MISSING=.;

   USEVARIABLES ARE
   netpuse_5
   netpuse_6
   netpuse_7
   netpuse_8
   netpuse_9
   netpuse_10;
   CLASSES = c(2);

    KNOWNCLASS = c(mm= 1 2);

   ANALYSIS:


      TYPE = MIXTURE;

      ESTIMATOR = MLR;

      ALGORITHM = INTEGRATION;

      Processors = 8(starts);

      STARTS = 400 100;

   Model:


      %OVERALL%

  i s | netpuse_5@0 netpuse_6@1 netpuse_7@2 netpuse_8@3 netpuse_9@4 netpuse_10@5;

   %c#1%
  [s] (a); s ;
   s WITH i ;
   i ;


   %c#2%
  [s] (a); s ;
   s WITH i ;
   i ;


   OUTPUT: SAMPSTAT;

                                  STDYX;




*** WARNING in VARIABLE command
  Note that only the first 8 characters of variable names are used in the output.
  Shorten variable names to avoid any confusion.
*** WARNING
  Data set contains unknown or missing values for variable MM.
  This variable is used to determine the KNOWNCLASS specification.
  Number of such cases:  458
*** WARNING
  Data set contains cases with missing on all variables.
  These cases were not included in the analysis.
  Number of cases with missing on all variables:  73
   3 WARNING(S) FOUND IN THE INPUT INSTRUCTIONS



Your title goes here

SUMMARY OF ANALYSIS

Number of groups                                                 1
Number of observations                                        1526

Number of dependent variables                                    6
Number of independent variables                                  0
Number of continuous latent variables                            2
Number of categorical latent variables                           1

Observed dependent variables

  Continuous
   NETPUSE_5   NETPUSE_6   NETPUSE_7   NETPUSE_8   NETPUSE_9   NETPUSE_10

Continuous latent variables
   I           S

Categorical latent variables
   C

  Knownclass            C


Estimator                                                      MLR
Information matrix                                        OBSERVED
Optimization Specifications for the Quasi-Newton Algorithm for
Continuous Outcomes
  Maximum number of iterations                                 100
  Convergence criterion                                  0.100D-05
Optimization Specifications for the EM Algorithm
  Maximum number of iterations                                 500
  Convergence criteria
    Loglikelihood change                                 0.100D-02
    Relative loglikelihood change                        0.100D-05
    Derivative                                           0.100D-02
Optimization Specifications for the M step of the EM Algorithm for
Categorical Latent variables
  Number of M step iterations                                    1
  M step convergence criterion                           0.100D-02
  Basis for M step termination                           ITERATION
Optimization Specifications for the M step of the EM Algorithm for
Censored, Binary or Ordered Categorical (Ordinal), Unordered
Categorical (Nominal) and Count Outcomes
  Number of M step iterations                                    1
  M step convergence criterion                           0.100D-02
  Basis for M step termination                           ITERATION
  Maximum value for logit thresholds                            15
  Minimum value for logit thresholds                           -15
  Minimum expected cell size for chi-square              0.100D-01
Maximum number of iterations for H1                           2000
Convergence criterion for H1                             0.100D-03
Optimization algorithm                                         EMA
Integration Specifications
  Type                                                    STANDARD
  Number of integration points                                  15
  Dimensions of numerical integration                            0
  Adaptive quadrature                                           ON
Random Starts Specifications
  Number of initial stage random starts                        400
  Number of final stage optimizations                          100
  Number of initial stage iterations                            10
  Initial stage convergence criterion                    0.100D+01
  Random starts scale                                    0.500D+01
  Random seed for generating random starts                       0
Cholesky                                                       OFF

Input data file(s)
  data.dta
Input data format  FREE


SUMMARY OF DATA

     Number of missing data patterns            61
     Number of y missing data patterns          61
     Number of u missing data patterns           0


COVARIANCE COVERAGE OF DATA

Minimum covariance coverage value   0.100


     PROPORTION OF DATA PRESENT FOR Y


           Covariance Coverage
              NETPUSE_      NETPUSE_      NETPUSE_      NETPUSE_      NETPUSE_
              ________      ________      ________      ________      ________
 NETPUSE_       0.651
 NETPUSE_       0.550         0.651
 NETPUSE_       0.456         0.495         0.645
 NETPUSE_       0.420         0.460         0.509         0.618
 NETPUSE_       0.397         0.434         0.480         0.521         0.600
 NETPUSE_       0.370         0.402         0.431         0.471         0.486


           Covariance Coverage
              NETPUSE_
              ________
 NETPUSE_       0.562


SAMPLE STATISTICS


     ESTIMATED SAMPLE STATISTICS FOR CLASS 1


           Means
              NETPUSE_      NETPUSE_      NETPUSE_      NETPUSE_      NETPUSE_
              ________      ________      ________      ________      ________
                2.295         2.193         2.109         2.078         1.937


           Means
              NETPUSE_
              ________
                1.925


           Covariances
              NETPUSE_      NETPUSE_      NETPUSE_      NETPUSE_      NETPUSE_
              ________      ________      ________      ________      ________
 NETPUSE_       3.774
 NETPUSE_       3.229         3.669
 NETPUSE_       3.101         3.110         3.392
 NETPUSE_       3.029         3.041         3.065         3.534
 NETPUSE_       2.706         2.668         2.627         2.770         2.950
 NETPUSE_       2.840         2.678         2.677         2.795         2.650


           Covariances
              NETPUSE_
              ________
 NETPUSE_       2.983


           Correlations
              NETPUSE_      NETPUSE_      NETPUSE_      NETPUSE_      NETPUSE_
              ________      ________      ________      ________      ________
 NETPUSE_       1.000
 NETPUSE_       0.868         1.000
 NETPUSE_       0.867         0.882         1.000
 NETPUSE_       0.829         0.845         0.885         1.000
 NETPUSE_       0.811         0.811         0.831         0.858         1.000
 NETPUSE_       0.846         0.810         0.842         0.861         0.893


           Correlations
              NETPUSE_
              ________
 NETPUSE_       1.000


     ESTIMATED SAMPLE STATISTICS FOR CLASS 2


           Means
              NETPUSE_      NETPUSE_      NETPUSE_      NETPUSE_      NETPUSE_
              ________      ________      ________      ________      ________
                2.235         2.098         1.990         1.915         1.944


           Means
              NETPUSE_
              ________
                1.767


           Covariances
              NETPUSE_      NETPUSE_      NETPUSE_      NETPUSE_      NETPUSE_
              ________      ________      ________      ________      ________
 NETPUSE_       3.694
 NETPUSE_       3.031         3.368
 NETPUSE_       2.764         2.754         3.226
 NETPUSE_       2.562         2.571         2.620         3.086
 NETPUSE_       2.821         2.830         2.672         2.767         3.121
 NETPUSE_       2.417         2.521         2.259         2.348         2.465


           Covariances
              NETPUSE_
              ________
 NETPUSE_       2.512


           Correlations
              NETPUSE_      NETPUSE_      NETPUSE_      NETPUSE_      NETPUSE_
              ________      ________      ________      ________      ________
 NETPUSE_       1.000
 NETPUSE_       0.859         1.000
 NETPUSE_       0.801         0.836         1.000
 NETPUSE_       0.759         0.797         0.830         1.000
 NETPUSE_       0.831         0.873         0.842         0.892         1.000
 NETPUSE_       0.794         0.867         0.794         0.843         0.880


           Correlations
              NETPUSE_
              ________
 NETPUSE_       1.000


UNIVARIATE SAMPLE STATISTICS


     UNIVARIATE HIGHER-ORDER MOMENT DESCRIPTIVE STATISTICS

         Variable/         Mean/     Skewness/   Minimum/ % with                Percentiles
        Sample Size      Variance    Kurtosis    Maximum  Min/Max      20%/60%    40%/80%    Median

     NETPUSE_5             2.382       1.268       1.000   53.22%       1.000      1.000      1.000
             994.000       3.963       0.077       7.000    5.94%       2.000      4.000
     NETPUSE_6             2.236       1.416       1.000   58.35%       1.000      1.000      1.000
             994.000       3.746       0.445       7.000    4.53%       2.000      3.000
     NETPUSE_7             2.065       1.611       1.000   64.13%       1.000      1.000      1.000
             984.000       3.333       1.074       7.000    2.95%       1.000      3.000
     NETPUSE_8             1.945       1.809       1.000   67.34%       1.000      1.000      1.000
             943.000       3.057       1.779       7.000    2.76%       1.000      2.000
     NETPUSE_9             1.819       1.985       1.000   71.58%       1.000      1.000      1.000
             915.000       2.677       2.475       7.000    1.42%       1.000      2.000
     NETPUSE_10            1.673       2.315       1.000   76.20%       1.000      1.000      1.000
             857.000       2.246       4.068       7.000    1.40%       1.000      2.000

RANDOM STARTS RESULTS RANKED FROM THE BEST TO THE WORST LOGLIKELIHOOD VALUES

Final stage loglikelihood values at local maxima, seeds, and initial stage start numbers:

           -9346.642  354208           196
           -9346.642  185071           370
           -9346.642  73576            213
           -9346.642  694303           282
           -9346.642  695155           150
           -9346.642  535063           329
           -9346.642  987090           70
           -9346.642  963053           43
           -9346.642  170118           238
           -9346.642  21132            351
           -9346.642  561664           392
           -9346.642  741888           138
           -9346.642  688839           273
           -9346.642  930872           277
           -9346.642  411615           171
           -9346.642  576726           280
           -9346.642  951709           348
           -9346.642  761633           50
           -9346.642  190339           102
           -9346.642  686482           215
           -9346.642  175199           247
           -9346.642  794236           127
           -9346.642  789985           67
           -9346.642  51375            148
           -9346.642  692169           308
           -9346.642  173440           328
           -9346.642  21345            199
           -9346.642  321390           133
           -9346.642  349562           359
           -9346.642  61587            400
           -9346.642  36714            201
           -9346.642  937588           293
           -9346.642  903420           5
           -9346.642  30098            209
           -9346.642  443917           60
           -9346.642  804660           260
           -9346.642  931874           141
           -9346.642  605358           321
           -9346.642  579995           183
           -9346.642  928287           197
           -9346.642  648555           113
           -9346.642  137305           379
           -9346.642  65651            214
           -9346.642  535804           111
           -9346.642  146900           391
           -9346.642  788796           145
           -9346.642  369602           146
           -9346.642  529496           343
           -9346.642  496710           386
           -9346.642  791396           243
           -9346.642  405079           68
           -9346.642  479273           156
           -9346.642  297518           166
           -9346.642  193847           354
           -9346.642  292884           103
           -9346.642  364676           27
           -9346.642  80438            246
           -9346.642  81117            305
           -9346.642  373505           88
           -9346.642  436460           89
           -9346.642  371246           101
           -9346.642  617243           237
           -9346.642  311214           64
           -9346.642  782821           272
           -9346.642  996231           310
           -9346.642  701525           239
           -9346.642  188498           258
           -9346.642  105435           265
           -9346.642  193042           316
           -9346.642  887676           22
           -9346.642  496881           192
           -9346.642  997222           229
           -9346.642  783165           170
           -9346.642  608496           4
           -9346.642  347515           24
           -9346.642  545140           278
           -9346.642  23012            352
           -9346.642  915107           54
           -9346.642  153942           31
           -9346.642  467339           66
           -9346.642  967237           48
           -9346.642  259507           53
           -9346.642  614009           317
           -9346.642  900268           327
           -9346.642  848969           173
           -9346.642  281558           184
           -9346.642  846194           93
           -9346.642  488125           368
           -9346.642  726035           191
           -9346.642  533738           11
           -9346.642  195873           6
           -9346.642  358488           264
           -9346.642  354559           73
           -9346.642  360419           356
           -9346.642  645664           39
           -9346.642  85462            51
           -9346.642  606576           151
           -9346.642  unperturbed      0
           -9346.642  342019           301
           -9346.642  642909           251



THE BEST LOGLIKELIHOOD VALUE HAS BEEN REPLICATED.  RERUN WITH AT LEAST TWICE THE
RANDOM STARTS TO CHECK THAT THE BEST LOGLIKELIHOOD IS STILL OBTAINED AND REPLICATED.


THE MODEL ESTIMATION TERMINATED NORMALLY



MODEL FIT INFORMATION

Number of Free Parameters                       16

Loglikelihood

          H0 Value                       -9346.642
          H0 Scaling Correction Factor      3.3796
            for MLR

Information Criteria

          Akaike (AIC)                   18725.284
          Bayesian (BIC)                 18810.571
          Sample-Size Adjusted BIC       18759.743
            (n* = (n + 2) / 24)



FINAL CLASS COUNTS AND PROPORTIONS FOR THE LATENT CLASSES
BASED ON THE ESTIMATED MODEL

    Latent
   Classes

       1        888.00000          0.58191
       2        638.00000          0.41809


MODEL RESULTS

                                                    Two-Tailed
                    Estimate       S.E.  Est./S.E.    P-Value

Latent Class 1 (1)

 I        |
    NETPUSE_5          1.000      0.000    999.000    999.000
    NETPUSE_6          1.000      0.000    999.000    999.000
    NETPUSE_7          1.000      0.000    999.000    999.000
    NETPUSE_8          1.000      0.000    999.000    999.000
    NETPUSE_9          1.000      0.000    999.000    999.000
    NETPUSE_10         1.000      0.000    999.000    999.000

 S        |
    NETPUSE_5          0.000      0.000    999.000    999.000
    NETPUSE_6          1.000      0.000    999.000    999.000
    NETPUSE_7          2.000      0.000    999.000    999.000
    NETPUSE_8          3.000      0.000    999.000    999.000
    NETPUSE_9          4.000      0.000    999.000    999.000
    NETPUSE_10         5.000      0.000    999.000    999.000

 S        WITH
    I                 -0.125      0.032     -3.934      0.000

 Means
    I                  2.281      0.064     35.889      0.000
    S                 -0.076      0.008     -9.565      0.000

 Intercepts
    NETPUSE_5          0.000      0.000    999.000    999.000
    NETPUSE_6          0.000      0.000    999.000    999.000
    NETPUSE_7          0.000      0.000    999.000    999.000
    NETPUSE_8          0.000      0.000    999.000    999.000
    NETPUSE_9          0.000      0.000    999.000    999.000
    NETPUSE_10         0.000      0.000    999.000    999.000

 Variances
    I                  3.346      0.205     16.351      0.000
    S                  0.022      0.007      3.124      0.002

 Residual Variances
    NETPUSE_5          0.544      0.087      6.279      0.000
    NETPUSE_6          0.474      0.075      6.319      0.000
    NETPUSE_7          0.488      0.071      6.835      0.000
    NETPUSE_8          0.520      0.069      7.578      0.000
    NETPUSE_9          0.374      0.065      5.744      0.000
    NETPUSE_10         0.294      0.063      4.654      0.000

Latent Class 2 (2)

 I        |
    NETPUSE_5          1.000      0.000    999.000    999.000
    NETPUSE_6          1.000      0.000    999.000    999.000
    NETPUSE_7          1.000      0.000    999.000    999.000
    NETPUSE_8          1.000      0.000    999.000    999.000
    NETPUSE_9          1.000      0.000    999.000    999.000
    NETPUSE_10         1.000      0.000    999.000    999.000

 S        |
    NETPUSE_5          0.000      0.000    999.000    999.000
    NETPUSE_6          1.000      0.000    999.000    999.000
    NETPUSE_7          2.000      0.000    999.000    999.000
    NETPUSE_8          3.000      0.000    999.000    999.000
    NETPUSE_9          4.000      0.000    999.000    999.000
    NETPUSE_10         5.000      0.000    999.000    999.000

 S        WITH
    I                 -0.121      0.042     -2.859      0.004

 Means
    I                  2.181      0.072     30.326      0.000
    S                 -0.076      0.008     -9.565      0.000

 Intercepts
    NETPUSE_5          0.000      0.000    999.000    999.000
    NETPUSE_6          0.000      0.000    999.000    999.000
    NETPUSE_7          0.000      0.000    999.000    999.000
    NETPUSE_8          0.000      0.000    999.000    999.000
    NETPUSE_9          0.000      0.000    999.000    999.000
    NETPUSE_10         0.000      0.000    999.000    999.000

 Variances
    I                  3.147      0.252     12.480      0.000
    S                  0.019      0.009      2.073      0.038

 Residual Variances
    NETPUSE_5          0.544      0.087      6.279      0.000
    NETPUSE_6          0.474      0.075      6.319      0.000
    NETPUSE_7          0.488      0.071      6.835      0.000
    NETPUSE_8          0.520      0.069      7.578      0.000
    NETPUSE_9          0.374      0.065      5.744      0.000
    NETPUSE_10         0.294      0.063      4.654      0.000

Categorical Latent Variables

 Means
    C#1                0.331      0.052      6.371      0.000


STANDARDIZED MODEL RESULTS


STDYX Standardization

                                                    Two-Tailed
                    Estimate       S.E.  Est./S.E.    P-Value

Latent Class 1 (1)

 I        |
    NETPUSE_5          0.928      0.012     80.053      0.000
    NETPUSE_6          0.965      0.014     66.883      0.000
    NETPUSE_7          0.989      0.017     56.827      0.000
    NETPUSE_8          1.004      0.022     45.608      0.000
    NETPUSE_9          1.042      0.028     37.118      0.000
    NETPUSE_10         1.065      0.036     29.681      0.000

 S        |
    NETPUSE_5          0.000      0.000    999.000    999.000
    NETPUSE_6          0.079      0.013      6.227      0.000
    NETPUSE_7          0.162      0.026      6.145      0.000
    NETPUSE_8          0.246      0.041      6.044      0.000
    NETPUSE_9          0.341      0.057      5.928      0.000
    NETPUSE_10         0.435      0.074      5.890      0.000

 S        WITH
    I                 -0.456      0.064     -7.094      0.000

 Means
    I                  1.247      0.023     54.466      0.000
    S                 -0.510      0.081     -6.273      0.000

 Intercepts
    NETPUSE_5          0.000      0.000    999.000    999.000
    NETPUSE_6          0.000      0.000    999.000    999.000
    NETPUSE_7          0.000      0.000    999.000    999.000
    NETPUSE_8          0.000      0.000    999.000    999.000
    NETPUSE_9          0.000      0.000    999.000    999.000
    NETPUSE_10         0.000      0.000    999.000    999.000

 Variances
    I                  1.000      0.000    999.000    999.000
    S                  1.000      0.000    999.000    999.000

 Residual Variances
    NETPUSE_5          0.140      0.021      6.501      0.000
    NETPUSE_6          0.132      0.020      6.604      0.000
    NETPUSE_7          0.142      0.020      7.259      0.000
    NETPUSE_8          0.157      0.020      7.737      0.000
    NETPUSE_9          0.121      0.021      5.912      0.000
    NETPUSE_10         0.100      0.021      4.794      0.000

Latent Class 2 (2)

 I        |
    NETPUSE_5          0.923      0.013     70.990      0.000
    NETPUSE_6          0.962      0.016     59.479      0.000
    NETPUSE_7          0.988      0.024     41.031      0.000
    NETPUSE_8          1.006      0.033     30.935      0.000
    NETPUSE_9          1.050      0.041     25.523      0.000
    NETPUSE_10         1.079      0.054     20.103      0.000

 S        |
    NETPUSE_5          0.000      0.000    999.000    999.000
    NETPUSE_6          0.075      0.018      4.221      0.000
    NETPUSE_7          0.153      0.037      4.127      0.000
    NETPUSE_8          0.234      0.058      4.050      0.000
    NETPUSE_9          0.325      0.081      4.019      0.000
    NETPUSE_10         0.418      0.105      3.970      0.000

 S        WITH
    I                 -0.497      0.099     -5.015      0.000

 Means
    I                  1.229      0.033     37.150      0.000
    S                 -0.555      0.129     -4.302      0.000

 Intercepts
    NETPUSE_5          0.000      0.000    999.000    999.000
    NETPUSE_6          0.000      0.000    999.000    999.000
    NETPUSE_7          0.000      0.000    999.000    999.000
    NETPUSE_8          0.000      0.000    999.000    999.000
    NETPUSE_9          0.000      0.000    999.000    999.000
    NETPUSE_10         0.000      0.000    999.000    999.000

 Variances
    I                  1.000      0.000    999.000    999.000
    S                  1.000      0.000    999.000    999.000

 Residual Variances
    NETPUSE_5          0.147      0.024      6.131      0.000
    NETPUSE_6          0.140      0.021      6.628      0.000
    NETPUSE_7          0.151      0.021      7.114      0.000
    NETPUSE_8          0.167      0.022      7.609      0.000
    NETPUSE_9          0.131      0.024      5.482      0.000
    NETPUSE_10         0.109      0.024      4.622      0.000


R-SQUARE

Class 1

    Observed                                        Two-Tailed
    Variable        Estimate       S.E.  Est./S.E.    P-Value

    NETPUSE_           0.860      0.021     40.027      0.000
    NETPUSE_           0.868      0.020     43.433      0.000
    NETPUSE_           0.858      0.020     43.718      0.000
    NETPUSE_           0.843      0.020     41.617      0.000
    NETPUSE_           0.879      0.021     42.758      0.000
    NETPUSE_           0.900      0.021     43.297      0.000

Class 2

    Observed                                        Two-Tailed
    Variable        Estimate       S.E.  Est./S.E.    P-Value

    NETPUSE_           0.853      0.024     35.495      0.000
    NETPUSE_           0.860      0.021     40.857      0.000
    NETPUSE_           0.849      0.021     39.942      0.000
    NETPUSE_           0.833      0.022     37.871      0.000
    NETPUSE_           0.869      0.024     36.334      0.000
    NETPUSE_           0.891      0.024     37.816      0.000


QUALITY OF NUMERICAL RESULTS

     Condition Number for the Information Matrix              0.137E-04
       (ratio of smallest to largest eigenvalue)


     Beginning Time:  20:38:54
        Ending Time:  20:39:08
       Elapsed Time:  00:00:14



MUTHEN & MUTHEN
3463 Stoner Ave.
Los Angeles, CA  90066

Tel: (310) 391-9971
Fax: (310) 391-8971
Web: www.StatModel.com
Support: Support@StatModel.com

Copyright (c) 1998-2019 Muthen & Muthen
