Mplus VERSION 8.6
MUTHEN & MUTHEN
07/13/2021  10:56 AM

INPUT INSTRUCTIONS

  TITLE: Your title goes here

   DATA: FILE = data.dta;

   VARIABLE:

   NAMES = pidp gridmode mm hidp_5 hidp_6 hidp_7 hidp_8 hidp_9 hidp_10 indmode_5
       indmode_6 indmode_7 indmode_8 indmode_9 indmode_10 mode_type_all mode_type_no9
       mode_type_567 mode_type_7 all no9 p567 p7 switch_all switch_no9 switch_567
       switch_7 lkmove_5 xpmove_5 caruse_5 mobuse_5 netpuse_5 aidxhh_5 jbhas_5 j2has_5
       finnow_5 finfut_5 howlng_5 vote1_5 vote6_5 scsf1_5 scsf2a_5 scsf2b_5 scsf3a_5
       scsf3b_5 scsf4a_5 scsf4b_5 scsf5_5 scsf6a_5 scsf6b_5 scsf6c_5 scsf7_5 scghqa_5
       scghqb_5 scghqc_5 scghqd_5 scghqe_5 scghqf_5 scghqg_5 scghqh_5 scghqi_5
       scghqj_5 scghqk_5 scghql_5 lkmove_6 xpmove_6 caruse_6 mobuse_6 netpuse_6
       aidxhh_6 jbhas_6 j2has_6 finnow_6 finfut_6 howlng_6 vote1_6 vote6_6 scsf1_6
       scsf2a_6 scsf2b_6 scsf3a_6 scsf3b_6 scsf4a_6 scsf4b_6 scsf5_6 scsf6a_6 scsf6b_6
       scsf6c_6 scsf7_6 scghqa_6 scghqb_6 scghqc_6 scghqd_6 scghqe_6 scghqf_6 scghqg_6
       scghqh_6 scghqi_6 scghqj_6 scghqk_6 scghql_6 lkmove_7 xpmove_7 caruse_7
       mobuse_7 netpuse_7 smoker_7 aidxhh_7 jbhas_7 jbterm1_7 jbsemp_7 j2has_7
       fiyrdia_7 finnow_7 finfut_7 howlng_7 vote1_7 vote6_7 scsf2a_7 scsf2b_7 scsf3a_7
       scsf3b_7 scsf4a_7 scsf4b_7 scsf5_7 scsf6a_7 scsf6b_7 scsf6c_7 scsf7_7 scghqa_7
       scghqb_7 scghqc_7 scghqd_7 scghqe_7 scghqf_7 scghqg_7 scghqh_7 scghqi_7
       scghqj_7 scghqk_7 scghql_7 scsf1_7 lkmove_8 xpmove_8 caruse_8 mobuse_8
       netpuse_8 smoker_8 aidxhh_8 jbhas_8 jbterm1_8 jbsemp_8 j2has_8 fiyrdia_8
       finnow_8 finfut_8 scsf2a_8 scsf2b_8 scsf3a_8 scsf3b_8 scsf4a_8 scsf4b_8 scsf5_8
       scsf6a_8 scsf6b_8 scsf6c_8 scsf7_8 scghqa_8 scghqb_8 scghqc_8 scghqd_8 scghqe_8
       scghqf_8 scghqg_8 scghqh_8 scghqi_8 scghqj_8 scghqk_8 scghql_8 scsf1_8 mobuse_9
       netpuse_9 smoker_9 jbhas_9 jbterm1_9 jbsemp_9 j2has_9 fiyrdia_9 finnow_9
       finfut_9 lkmove_10 xpmove_10 mobuse_10 netpuse_10 smoker_10 aidxhh_10 jbhas_10
       jbterm1_10 jbsemp_10 j2has_10 fiyrdia_10 finnow_10 finfut_10 scsf1_10 scsf2a_10
       scsf2b_10 scsf3a_10 scsf3b_10 scsf4a_10 scsf4b_10 scsf5_10 scsf6a_10 scsf6b_10
       scsf6c_10 scsf7_10 scghqa_10 scghqb_10 scghqc_10 scghqd_10 scghqe_10 scghqf_10
       scghqg_10 scghqh_10 scghqi_10 scghqj_10 scghqk_10 scghql_10 edu agecat female
       partner sf1 longill london north urban refresh Higher A level GCSE Other age_35
       age_55 age_75 age_102 pred_all pred_no9 pred_p567 pred_p7 pred_all_w pred_no9_w
       pred_p567_w pred_p7_w f2f_prop stabil;

   MISSING=.;

   USEVARIABLES ARE
   scsf4b_5
   scsf4b_6
   scsf4b_7
   scsf4b_8
   scsf4b_10;
   CLASSES = c(2);

    KNOWNCLASS = c(no9= 1 2);
  WEIGHT IS pred_no9_w;

   ANALYSIS:


      TYPE = MIXTURE;

      ESTIMATOR = MLR;

      ALGORITHM = INTEGRATION;

      Processors = 8(starts);

      STARTS = 800 200;

   Model:


      %OVERALL%

  i s | scsf4b_5@0 scsf4b_6@1 scsf4b_7@2 scsf4b_8@3 scsf4b_10@5;;

  scsf4b_5 (a);
   scsf4b_6 (a);
   scsf4b_7 (a);
   scsf4b_8 (a);
   scsf4b_10 (a);

   %c#1%
  [s] (a); s ;
   s WITH i ;
   i ;


   %c#2%
  [s] (a); s ;
   s WITH i ;
   i ;


   OUTPUT: SAMPSTAT;

                                  STDYX;




*** WARNING in VARIABLE command
  Note that only the first 8 characters of variable names are used in the output.
  Shorten variable names to avoid any confusion.
*** WARNING
  One or more observations has a value of 0 for the WEIGHT variable.
*** WARNING
  Data set contains unknown or missing values for variable NO9.
  This variable is used to determine the KNOWNCLASS specification.
  Number of such cases:  1664
*** WARNING
  Data set contains cases with missing on all variables.
  These cases were not included in the analysis.
  Number of cases with missing on all variables:  3
   4 WARNING(S) FOUND IN THE INPUT INSTRUCTIONS



Your title goes here

SUMMARY OF ANALYSIS

Number of groups                                                 1
Number of observations                                         390

Number of dependent variables                                    5
Number of independent variables                                  0
Number of continuous latent variables                            2
Number of categorical latent variables                           1

Observed dependent variables

  Continuous
   SCSF4B_5    SCSF4B_6    SCSF4B_7    SCSF4B_8    SCSF4B_10

Continuous latent variables
   I           S

Categorical latent variables
   C

  Knownclass            C

Variables with special functions

  Weight variable       PRED_NO9

Estimator                                                      MLR
Information matrix                                        OBSERVED
Optimization Specifications for the Quasi-Newton Algorithm for
Continuous Outcomes
  Maximum number of iterations                                 100
  Convergence criterion                                  0.100D-05
Optimization Specifications for the EM Algorithm
  Maximum number of iterations                                 500
  Convergence criteria
    Loglikelihood change                                 0.100D-02
    Relative loglikelihood change                        0.100D-05
    Derivative                                           0.100D-02
Optimization Specifications for the M step of the EM Algorithm for
Categorical Latent variables
  Number of M step iterations                                    1
  M step convergence criterion                           0.100D-02
  Basis for M step termination                           ITERATION
Optimization Specifications for the M step of the EM Algorithm for
Censored, Binary or Ordered Categorical (Ordinal), Unordered
Categorical (Nominal) and Count Outcomes
  Number of M step iterations                                    1
  M step convergence criterion                           0.100D-02
  Basis for M step termination                           ITERATION
  Maximum value for logit thresholds                            15
  Minimum value for logit thresholds                           -15
  Minimum expected cell size for chi-square              0.100D-01
Maximum number of iterations for H1                           2000
Convergence criterion for H1                             0.100D-03
Optimization algorithm                                         EMA
Integration Specifications
  Type                                                    STANDARD
  Number of integration points                                  15
  Dimensions of numerical integration                            0
  Adaptive quadrature                                           ON
Random Starts Specifications
  Number of initial stage random starts                        800
  Number of final stage optimizations                          200
  Number of initial stage iterations                            10
  Initial stage convergence criterion                    0.100D+01
  Random starts scale                                    0.500D+01
  Random seed for generating random starts                       0
Cholesky                                                       OFF

Input data file(s)
  data.dta
Input data format  FREE


SUMMARY OF DATA

     Number of missing data patterns            30
     Number of y missing data patterns          30
     Number of u missing data patterns           0


COVARIANCE COVERAGE OF DATA

Minimum covariance coverage value   0.100


     PROPORTION OF DATA PRESENT FOR Y


           Covariance Coverage
              SCSF4B_5      SCSF4B_6      SCSF4B_7      SCSF4B_8      SCSF4B_1
              ________      ________      ________      ________      ________
 SCSF4B_5       0.485
 SCSF4B_6       0.403         0.636
 SCSF4B_7       0.385         0.485         0.738
 SCSF4B_8       0.379         0.503         0.626         0.795
 SCSF4B_1       0.336         0.431         0.538         0.600         0.669


SAMPLE STATISTICS


     ESTIMATED SAMPLE STATISTICS FOR CLASS 1


           Means
              SCSF4B_5      SCSF4B_6      SCSF4B_7      SCSF4B_8      SCSF4B_1
              ________      ________      ________      ________      ________
                4.399         4.450         4.407         4.508         4.414


           Covariances
              SCSF4B_5      SCSF4B_6      SCSF4B_7      SCSF4B_8      SCSF4B_1
              ________      ________      ________      ________      ________
 SCSF4B_5       0.939
 SCSF4B_6       0.771         1.044
 SCSF4B_7       0.605         0.578         1.197
 SCSF4B_8       0.514         0.455         0.433         0.772
 SCSF4B_1       0.549         0.676         0.597         0.388         0.994


           Correlations
              SCSF4B_5      SCSF4B_6      SCSF4B_7      SCSF4B_8      SCSF4B_1
              ________      ________      ________      ________      ________
 SCSF4B_5       1.000
 SCSF4B_6       0.779         1.000
 SCSF4B_7       0.571         0.517         1.000
 SCSF4B_8       0.603         0.506         0.450         1.000
 SCSF4B_1       0.569         0.664         0.547         0.443         1.000


     ESTIMATED SAMPLE STATISTICS FOR CLASS 2


           Means
              SCSF4B_5      SCSF4B_6      SCSF4B_7      SCSF4B_8      SCSF4B_1
              ________      ________      ________      ________      ________
                4.327         4.178         4.433         4.458         4.256


           Covariances
              SCSF4B_5      SCSF4B_6      SCSF4B_7      SCSF4B_8      SCSF4B_1
              ________      ________      ________      ________      ________
 SCSF4B_5       0.903
 SCSF4B_6       0.263         1.202
 SCSF4B_7       0.332         0.419         0.906
 SCSF4B_8       0.351         0.360         0.324         0.758
 SCSF4B_1       0.440         0.476         0.569         0.482         1.170


           Correlations
              SCSF4B_5      SCSF4B_6      SCSF4B_7      SCSF4B_8      SCSF4B_1
              ________      ________      ________      ________      ________
 SCSF4B_5       1.000
 SCSF4B_6       0.252         1.000
 SCSF4B_7       0.367         0.402         1.000
 SCSF4B_8       0.424         0.377         0.391         1.000
 SCSF4B_1       0.428         0.402         0.553         0.512         1.000


UNIVARIATE SAMPLE STATISTICS


     UNIVARIATE HIGHER-ORDER MOMENT DESCRIPTIVE STATISTICS

         Variable/         Mean/     Skewness/   Minimum/ % with                Percentiles
        Sample Size      Variance    Kurtosis    Maximum  Min/Max      20%/60%    40%/80%    Median

     SCSF4B_5              4.363      -1.465       1.000    1.59%       4.000      5.000      5.000
             189.000       0.982       1.399       5.000   65.61%       5.000      5.000
     SCSF4B_6              4.325      -1.537       1.000    2.42%       3.000      5.000      5.000
             248.000       1.142       1.512       5.000   64.52%       5.000      5.000
     SCSF4B_7              4.431      -1.821       1.000    1.74%       4.000      5.000      5.000
             288.000       1.019       2.518       5.000   71.18%       5.000      5.000
     SCSF4B_8              4.502      -1.756       1.000    0.65%       4.000      5.000      5.000
             310.000       0.758       2.372       5.000   69.35%       5.000      5.000
     SCSF4B_10             4.311      -1.453       1.000    3.07%       4.000      5.000      5.000
             261.000       1.129       1.122       5.000   63.98%       5.000      5.000

RANDOM STARTS RESULTS RANKED FROM THE BEST TO THE WORST LOGLIKELIHOOD VALUES

Final stage loglikelihood values at local maxima, seeds, and initial stage start numbers:

           -2286.863  567165           319
           -2286.863  370481           742
           -2286.863  700349           401
           -2286.863  831410           567
           -2286.863  192191           629
           -2286.863  891531           206
           -2286.863  46437            153
           -2286.863  966014           37
           -2286.863  127215           9
           -2286.863  284716           713
           -2286.863  206099           363
           -2286.863  484406           421
           -2286.863  478341           731
           -2286.863  761302           744
           -2286.863  14262            781
           -2286.863  61587            400
           -2286.863  965639           463
           -2286.863  603842           61
           -2286.863  79212            517
           -2286.863  626891           32
           -2286.863  534864           307
           -2286.863  626087           314
           -2286.863  667250           318
           -2286.863  599729           658
           -2286.863  569833           85
           -2286.863  917702           693
           -2286.863  848590           694
           -2286.863  326091           759
           -2286.863  85114            385
           -2286.863  496710           386
           -2286.863  124999           96
           -2286.863  801065           393
           -2286.863  85734            411
           -2286.863  173191           422
           -2286.863  267983           228
           -2286.863  930323           267
           -2286.863  331681           549
           -2286.863  405079           68
           -2286.863  333082           578
           -2286.863  471398           74
           -2286.863  562716           300
           -2286.863  478421           311
           -2286.863  435287           623
           -2286.863  391179           78
           -2286.863  865906           641
           -2286.863  62835            642
           -2286.863  696773           80
           -2286.863  396795           323
           -2286.863  662983           666
           -2286.863  297518           166
           -2286.863  418686           338
           -2286.863  266340           683
           -2286.863  314757           345
           -2286.863  72866            692
           -2286.863  536551           696
           -2286.863  964570           701
           -2286.863  132336           362
           -2286.863  488125           368
           -2286.863  220492           743
           -2286.863  259507           53
           -2286.863  978061           488
           -2286.863  745972           521
           -2286.863  995875           547
           -2286.863  545140           278
           -2286.863  341041           34
           -2286.863  22089            143
           -2286.863  417035           149
           -2286.863  402699           604
           -2286.863  15270            610
           -2286.863  150531           154
           -2286.863  996231           310
           -2286.863  822698           621
           -2286.863  unperturbed      0
           -2286.863  942358           644
           -2286.863  291112           645
           -2286.863  913639           162
           -2286.863  642386           662
           -2286.863  263268           165
           -2286.863  266038           672
           -2286.863  148918           682
           -2286.863  374219           353
           -2286.863  114433           708
           -2286.863  373505           88
           -2286.863  563002           360
           -2286.863  878749           728
           -2286.863  556929           734
           -2286.863  318177           748
           -2286.863  298553           773
           -2286.863  134830           780
           -2286.863  657994           788
           -2286.863  474357           789
           -2286.863  965994           396
           -2286.863  440368           797
           -2286.863  783102           433
           -2286.863  673496           218
           -2286.863  631413           439
           -2286.863  629320           222
           -2286.863  349360           464
           -2286.863  804561           59
           -2286.863  392751           480
           -2286.863  366533           484
           -2286.863  252949           487
           -2286.863  608460           244
           -2286.863  978781           497
           -2286.863  471438           252
           -2286.863  140849           515
           -2286.863  371737           532
           -2286.863  809240           543
           -2286.863  749453           33
           -2286.863  789985           67
           -2286.863  848331           137
           -2286.863  279850           555
           -2286.863  248742           556
           -2286.863  281462           285
           -2286.863  512836           289
           -2286.863  163110           584
           -2286.863  442072           625
           -2286.863  810705           626
           -2286.863  659773           663
           -2286.863  677062           680
           -2286.863  783165           170
           -2286.863  278692           342
           -2286.863  722748           346
           -2286.863  849670           347
           -2286.863  23012            352
           -2286.863  117391           710
           -2286.863  853781           716
           -2286.863  607072           717
           -2286.863  436460           89
           -2286.863  285380           1
           -2286.863  120506           45
           -2286.863  231400           738
           -2286.863  178181           753
           -2286.863  859432           770
           -2286.863  507154           387
           -2286.863  312587           775
           -2286.863  723775           97
           -2286.863  58507            793
           -2286.863  202790           198
           -2286.863  168762           200
           -2286.863  748692           204
           -2286.863  298275           418
           -2286.863  505879           424
           -2286.863  73576            213
           -2286.863  699554           427
           -2286.863  853195           431
           -2286.863  614535           449
           -2286.863  939709           112
           -2286.863  195353           225
           -2286.863  263049           454
           -2286.863  648555           113
           -2286.863  751054           117
           -2286.863  376411           473
           -2286.863  443917           60
           -2286.863  366706           29
           -2286.863  268896           124
           -2286.863  422103           62
           -2286.863  715561           125
           -2286.863  766903           505
           -2286.863  378393           509
           -2286.863  689529           516
           -2286.863  486622           522
           -2286.863  247912           537
           -2286.863  355674           540
           -2286.863  4091             548
           -2286.863  212934           568
           -2286.863  68985            17
           -2286.863  910224           580
           -2286.863  788796           145
           -2286.863  51375            148
           -2286.863  793487           595
           -2286.863  462228           298
           -2286.863  284384           600
           -2286.863  972873           157
           -2286.863  778953           635
           -2286.863  570782           193
           -2286.863  728038           177
           -2286.863  726035           191
           -2286.863  399508           415
           -2286.863  791285           416
           -2286.863  518828           432
           -2286.863  217130           443
           -2286.863  359578           458
           -2286.863  797594           234
           -2286.863  156536           245
           -2286.863  933578           506
           -2286.863  794236           127
           -2286.863  931874           141
           -2286.863  824126           287
           -2286.863  344422           296
           -2286.863  835767           210
           -2286.863  65651            214
           -2286.863  89970            223
           -2286.863  850840           232
           -2286.863  945065           255
           -2286.863  118438           601
           -2286.863  36714            201
           -2286.863  342019           301
           -2286.863  294669           501
           -2286.863  371246           101



THE BEST LOGLIKELIHOOD VALUE HAS BEEN REPLICATED.  RERUN WITH AT LEAST TWICE THE
RANDOM STARTS TO CHECK THAT THE BEST LOGLIKELIHOOD IS STILL OBTAINED AND REPLICATED.


THE MODEL ESTIMATION TERMINATED NORMALLY



MODEL FIT INFORMATION

Number of Free Parameters                       10

Loglikelihood

          H0 Value                       -2286.863
          H0 Scaling Correction Factor      2.4340
            for MLR

Information Criteria

          Akaike (AIC)                    4593.726
          Bayesian (BIC)                  4633.387
          Sample-Size Adjusted BIC        4601.658
            (n* = (n + 2) / 24)



FINAL CLASS COUNTS AND PROPORTIONS FOR THE LATENT CLASSES
BASED ON THE ESTIMATED MODEL

    Latent
   Classes

       1        217.00000          0.55641
       2        173.00000          0.44359


MODEL RESULTS

                                                    Two-Tailed
                    Estimate       S.E.  Est./S.E.    P-Value

Latent Class 1 (1)

 I        |
    SCSF4B_5           1.000      0.000    999.000    999.000
    SCSF4B_6           1.000      0.000    999.000    999.000
    SCSF4B_7           1.000      0.000    999.000    999.000
    SCSF4B_8           1.000      0.000    999.000    999.000
    SCSF4B_10          1.000      0.000    999.000    999.000

 S        |
    SCSF4B_5           0.000      0.000    999.000    999.000
    SCSF4B_6           1.000      0.000    999.000    999.000
    SCSF4B_7           2.000      0.000    999.000    999.000
    SCSF4B_8           3.000      0.000    999.000    999.000
    SCSF4B_10          5.000      0.000    999.000    999.000

 S        WITH
    I                 -0.232      0.073     -3.168      0.002

 Means
    I                  3.774      0.154     24.550      0.000
    S                  0.334      0.033     10.037      0.000

 Intercepts
    SCSF4B_5           0.000      0.000    999.000    999.000
    SCSF4B_6           0.000      0.000    999.000    999.000
    SCSF4B_7           0.000      0.000    999.000    999.000
    SCSF4B_8           0.000      0.000    999.000    999.000
    SCSF4B_10          0.000      0.000    999.000    999.000

 Variances
    I                  1.093      0.294      3.723      0.000
    S                  0.109      0.025      4.331      0.000

 Residual Variances
    SCSF4B_5           0.334      0.033     10.037      0.000
    SCSF4B_6           0.334      0.033     10.037      0.000
    SCSF4B_7           0.334      0.033     10.037      0.000
    SCSF4B_8           0.334      0.033     10.037      0.000
    SCSF4B_10          0.334      0.033     10.037      0.000

Latent Class 2 (2)

 I        |
    SCSF4B_5           1.000      0.000    999.000    999.000
    SCSF4B_6           1.000      0.000    999.000    999.000
    SCSF4B_7           1.000      0.000    999.000    999.000
    SCSF4B_8           1.000      0.000    999.000    999.000
    SCSF4B_10          1.000      0.000    999.000    999.000

 S        |
    SCSF4B_5           0.000      0.000    999.000    999.000
    SCSF4B_6           1.000      0.000    999.000    999.000
    SCSF4B_7           2.000      0.000    999.000    999.000
    SCSF4B_8           3.000      0.000    999.000    999.000
    SCSF4B_10          5.000      0.000    999.000    999.000

 S        WITH
    I                 -0.237      0.057     -4.143      0.000

 Means
    I                  3.702      0.141     26.197      0.000
    S                  0.334      0.033     10.037      0.000

 Intercepts
    SCSF4B_5           0.000      0.000    999.000    999.000
    SCSF4B_6           0.000      0.000    999.000    999.000
    SCSF4B_7           0.000      0.000    999.000    999.000
    SCSF4B_8           0.000      0.000    999.000    999.000
    SCSF4B_10          0.000      0.000    999.000    999.000

 Variances
    I                  0.890      0.204      4.354      0.000
    S                  0.130      0.024      5.377      0.000

 Residual Variances
    SCSF4B_5           0.334      0.033     10.037      0.000
    SCSF4B_6           0.334      0.033     10.037      0.000
    SCSF4B_7           0.334      0.033     10.037      0.000
    SCSF4B_8           0.334      0.033     10.037      0.000
    SCSF4B_10          0.334      0.033     10.037      0.000

Categorical Latent Variables

 Means
    C#1                0.227      0.121      1.871      0.061


QUALITY OF NUMERICAL RESULTS

     Condition Number for the Information Matrix              0.297E-03
       (ratio of smallest to largest eigenvalue)


STANDARDIZED MODEL RESULTS


STDYX Standardization

                                                    Two-Tailed
                    Estimate       S.E.  Est./S.E.    P-Value

Latent Class 1 (1)

 I        |
    SCSF4B_5           0.875      0.028     31.335      0.000
    SCSF4B_6           1.009      0.055     18.205      0.000
    SCSF4B_7           1.081      0.114      9.484      0.000
    SCSF4B_8           1.036      0.159      6.518      0.000
    SCSF4B_10          0.772      0.150      5.150      0.000

 S        |
    SCSF4B_5           0.000      0.000    999.000    999.000
    SCSF4B_6           0.319      0.046      6.966      0.000
    SCSF4B_7           0.683      0.101      6.732      0.000
    SCSF4B_8           0.982      0.139      7.074      0.000
    SCSF4B_10          1.219      0.134      9.103      0.000

 S        WITH
    I                 -0.672      0.109     -6.189      0.000

 Means
    I                  3.611      0.619      5.830      0.000
    S                  1.012      0.070     14.462      0.000

 Intercepts
    SCSF4B_5           0.000      0.000    999.000    999.000
    SCSF4B_6           0.000      0.000    999.000    999.000
    SCSF4B_7           0.000      0.000    999.000    999.000
    SCSF4B_8           0.000      0.000    999.000    999.000
    SCSF4B_10          0.000      0.000    999.000    999.000

 Variances
    I                  1.000      0.000    999.000    999.000
    S                  1.000      0.000    999.000    999.000

 Residual Variances
    SCSF4B_5           0.234      0.049      4.794      0.000
    SCSF4B_6           0.312      0.065      4.817      0.000
    SCSF4B_7           0.357      0.071      5.054      0.000
    SCSF4B_8           0.329      0.063      5.218      0.000
    SCSF4B_10          0.182      0.034      5.282      0.000

Latent Class 2 (2)

 I        |
    SCSF4B_5           0.853      0.026     32.666      0.000
    SCSF4B_6           1.006      0.053     18.895      0.000
    SCSF4B_7           1.059      0.116      9.111      0.000
    SCSF4B_8           0.960      0.158      6.084      0.000
    SCSF4B_10          0.653      0.127      5.130      0.000

 S        |
    SCSF4B_5           0.000      0.000    999.000    999.000
    SCSF4B_6           0.384      0.041      9.312      0.000
    SCSF4B_7           0.808      0.069     11.648      0.000
    SCSF4B_8           1.099      0.087     12.618      0.000
    SCSF4B_10          1.245      0.094     13.259      0.000

 S        WITH
    I                 -0.699      0.080     -8.770      0.000

 Means
    I                  3.924      0.587      6.690      0.000
    S                  0.929      0.062     14.961      0.000

 Intercepts
    SCSF4B_5           0.000      0.000    999.000    999.000
    SCSF4B_6           0.000      0.000    999.000    999.000
    SCSF4B_7           0.000      0.000    999.000    999.000
    SCSF4B_8           0.000      0.000    999.000    999.000
    SCSF4B_10          0.000      0.000    999.000    999.000

 Variances
    I                  1.000      0.000    999.000    999.000
    S                  1.000      0.000    999.000    999.000

 Residual Variances
    SCSF4B_5           0.273      0.044      6.139      0.000
    SCSF4B_6           0.381      0.054      7.066      0.000
    SCSF4B_7           0.422      0.048      8.775      0.000
    SCSF4B_8           0.346      0.056      6.182      0.000
    SCSF4B_10          0.160      0.033      4.834      0.000


R-SQUARE

Class 1

    Observed                                        Two-Tailed
    Variable        Estimate       S.E.  Est./S.E.    P-Value

    SCSF4B_5           0.766      0.049     15.667      0.000
    SCSF4B_6           0.688      0.065     10.634      0.000
    SCSF4B_7           0.643      0.071      9.092      0.000
    SCSF4B_8           0.671      0.063     10.662      0.000
    SCSF4B_1           0.818      0.034     23.710      0.000

Class 2

    Observed                                        Two-Tailed
    Variable        Estimate       S.E.  Est./S.E.    P-Value

    SCSF4B_5           0.727      0.044     16.333      0.000
    SCSF4B_6           0.619      0.054     11.503      0.000
    SCSF4B_7           0.578      0.048     12.024      0.000
    SCSF4B_8           0.654      0.056     11.665      0.000
    SCSF4B_1           0.840      0.033     25.354      0.000


     Beginning Time:  10:56:34
        Ending Time:  10:56:41
       Elapsed Time:  00:00:07



MUTHEN & MUTHEN
3463 Stoner Ave.
Los Angeles, CA  90066

Tel: (310) 391-9971
Fax: (310) 391-8971
Web: www.StatModel.com
Support: Support@StatModel.com

Copyright (c) 1998-2021 Muthen & Muthen
