Mplus VERSION 8.6
MUTHEN & MUTHEN
07/13/2021  10:55 AM

INPUT INSTRUCTIONS

  TITLE: Your title goes here

   DATA: FILE = data.dta;

   VARIABLE:

   NAMES = pidp gridmode mm hidp_5 hidp_6 hidp_7 hidp_8 hidp_9 hidp_10 indmode_5
       indmode_6 indmode_7 indmode_8 indmode_9 indmode_10 mode_type_all mode_type_no9
       mode_type_567 mode_type_7 all no9 p567 p7 switch_all switch_no9 switch_567
       switch_7 lkmove_5 xpmove_5 caruse_5 mobuse_5 netpuse_5 aidxhh_5 jbhas_5 j2has_5
       finnow_5 finfut_5 howlng_5 vote1_5 vote6_5 scsf1_5 scsf2a_5 scsf2b_5 scsf3a_5
       scsf3b_5 scsf4a_5 scsf4b_5 scsf5_5 scsf6a_5 scsf6b_5 scsf6c_5 scsf7_5 scghqa_5
       scghqb_5 scghqc_5 scghqd_5 scghqe_5 scghqf_5 scghqg_5 scghqh_5 scghqi_5
       scghqj_5 scghqk_5 scghql_5 lkmove_6 xpmove_6 caruse_6 mobuse_6 netpuse_6
       aidxhh_6 jbhas_6 j2has_6 finnow_6 finfut_6 howlng_6 vote1_6 vote6_6 scsf1_6
       scsf2a_6 scsf2b_6 scsf3a_6 scsf3b_6 scsf4a_6 scsf4b_6 scsf5_6 scsf6a_6 scsf6b_6
       scsf6c_6 scsf7_6 scghqa_6 scghqb_6 scghqc_6 scghqd_6 scghqe_6 scghqf_6 scghqg_6
       scghqh_6 scghqi_6 scghqj_6 scghqk_6 scghql_6 lkmove_7 xpmove_7 caruse_7
       mobuse_7 netpuse_7 smoker_7 aidxhh_7 jbhas_7 jbterm1_7 jbsemp_7 j2has_7
       fiyrdia_7 finnow_7 finfut_7 howlng_7 vote1_7 vote6_7 scsf2a_7 scsf2b_7 scsf3a_7
       scsf3b_7 scsf4a_7 scsf4b_7 scsf5_7 scsf6a_7 scsf6b_7 scsf6c_7 scsf7_7 scghqa_7
       scghqb_7 scghqc_7 scghqd_7 scghqe_7 scghqf_7 scghqg_7 scghqh_7 scghqi_7
       scghqj_7 scghqk_7 scghql_7 scsf1_7 lkmove_8 xpmove_8 caruse_8 mobuse_8
       netpuse_8 smoker_8 aidxhh_8 jbhas_8 jbterm1_8 jbsemp_8 j2has_8 fiyrdia_8
       finnow_8 finfut_8 scsf2a_8 scsf2b_8 scsf3a_8 scsf3b_8 scsf4a_8 scsf4b_8 scsf5_8
       scsf6a_8 scsf6b_8 scsf6c_8 scsf7_8 scghqa_8 scghqb_8 scghqc_8 scghqd_8 scghqe_8
       scghqf_8 scghqg_8 scghqh_8 scghqi_8 scghqj_8 scghqk_8 scghql_8 scsf1_8 mobuse_9
       netpuse_9 smoker_9 jbhas_9 jbterm1_9 jbsemp_9 j2has_9 fiyrdia_9 finnow_9
       finfut_9 lkmove_10 xpmove_10 mobuse_10 netpuse_10 smoker_10 aidxhh_10 jbhas_10
       jbterm1_10 jbsemp_10 j2has_10 fiyrdia_10 finnow_10 finfut_10 scsf1_10 scsf2a_10
       scsf2b_10 scsf3a_10 scsf3b_10 scsf4a_10 scsf4b_10 scsf5_10 scsf6a_10 scsf6b_10
       scsf6c_10 scsf7_10 scghqa_10 scghqb_10 scghqc_10 scghqd_10 scghqe_10 scghqf_10
       scghqg_10 scghqh_10 scghqi_10 scghqj_10 scghqk_10 scghql_10 edu agecat female
       partner sf1 longill london north urban refresh Higher A level GCSE Other age_35
       age_55 age_75 age_102 pred_all pred_no9 pred_p567 pred_p7 pred_all_w pred_no9_w
       pred_p567_w pred_p7_w f2f_prop stabil;

   MISSING=.;

   USEVARIABLES ARE
   scsf4a_5
   scsf4a_6
   scsf4a_7
   scsf4a_8
   scsf4a_10;
   CLASSES = c(2);

    KNOWNCLASS = c(no9= 1 2);
  WEIGHT IS pred_no9_w;

   ANALYSIS:


      TYPE = MIXTURE;

      ESTIMATOR = MLR;

      ALGORITHM = INTEGRATION;

      Processors = 8(starts);

      STARTS = 800 200;

   Model:


      %OVERALL%

  i s | scsf4a_5@0 scsf4a_6@1 scsf4a_7@2 scsf4a_8@3 scsf4a_10@5;;

  scsf4a_5 (a);
   scsf4a_6 (a);
   scsf4a_7 (a);
   scsf4a_8 (a);
   scsf4a_10 (a);

   %c#1%
  [s] ;
   s ;
   s WITH i ;
   i ;

   %c#2%
  [s] ;
   s ;
   s WITH i ;
   i ;

   OUTPUT: SAMPSTAT;

                                  STDYX;




*** WARNING in VARIABLE command
  Note that only the first 8 characters of variable names are used in the output.
  Shorten variable names to avoid any confusion.
*** WARNING
  One or more observations has a value of 0 for the WEIGHT variable.
*** WARNING
  Data set contains unknown or missing values for variable NO9.
  This variable is used to determine the KNOWNCLASS specification.
  Number of such cases:  1664
*** WARNING
  Data set contains cases with missing on all variables.
  These cases were not included in the analysis.
  Number of cases with missing on all variables:  3
   4 WARNING(S) FOUND IN THE INPUT INSTRUCTIONS



Your title goes here

SUMMARY OF ANALYSIS

Number of groups                                                 1
Number of observations                                         390

Number of dependent variables                                    5
Number of independent variables                                  0
Number of continuous latent variables                            2
Number of categorical latent variables                           1

Observed dependent variables

  Continuous
   SCSF4A_5    SCSF4A_6    SCSF4A_7    SCSF4A_8    SCSF4A_10

Continuous latent variables
   I           S

Categorical latent variables
   C

  Knownclass            C

Variables with special functions

  Weight variable       PRED_NO9

Estimator                                                      MLR
Information matrix                                        OBSERVED
Optimization Specifications for the Quasi-Newton Algorithm for
Continuous Outcomes
  Maximum number of iterations                                 100
  Convergence criterion                                  0.100D-05
Optimization Specifications for the EM Algorithm
  Maximum number of iterations                                 500
  Convergence criteria
    Loglikelihood change                                 0.100D-02
    Relative loglikelihood change                        0.100D-05
    Derivative                                           0.100D-02
Optimization Specifications for the M step of the EM Algorithm for
Categorical Latent variables
  Number of M step iterations                                    1
  M step convergence criterion                           0.100D-02
  Basis for M step termination                           ITERATION
Optimization Specifications for the M step of the EM Algorithm for
Censored, Binary or Ordered Categorical (Ordinal), Unordered
Categorical (Nominal) and Count Outcomes
  Number of M step iterations                                    1
  M step convergence criterion                           0.100D-02
  Basis for M step termination                           ITERATION
  Maximum value for logit thresholds                            15
  Minimum value for logit thresholds                           -15
  Minimum expected cell size for chi-square              0.100D-01
Maximum number of iterations for H1                           2000
Convergence criterion for H1                             0.100D-03
Optimization algorithm                                         EMA
Integration Specifications
  Type                                                    STANDARD
  Number of integration points                                  15
  Dimensions of numerical integration                            0
  Adaptive quadrature                                           ON
Random Starts Specifications
  Number of initial stage random starts                        800
  Number of final stage optimizations                          200
  Number of initial stage iterations                            10
  Initial stage convergence criterion                    0.100D+01
  Random starts scale                                    0.500D+01
  Random seed for generating random starts                       0
Cholesky                                                       OFF

Input data file(s)
  data.dta
Input data format  FREE


SUMMARY OF DATA

     Number of missing data patterns            30
     Number of y missing data patterns          30
     Number of u missing data patterns           0


COVARIANCE COVERAGE OF DATA

Minimum covariance coverage value   0.100


     PROPORTION OF DATA PRESENT FOR Y


           Covariance Coverage
              SCSF4A_5      SCSF4A_6      SCSF4A_7      SCSF4A_8      SCSF4A_1
              ________      ________      ________      ________      ________
 SCSF4A_5       0.487
 SCSF4A_6       0.405         0.636
 SCSF4A_7       0.387         0.487         0.741
 SCSF4A_8       0.379         0.497         0.623         0.792
 SCSF4A_1       0.336         0.431         0.536         0.595         0.667


SAMPLE STATISTICS


     ESTIMATED SAMPLE STATISTICS FOR CLASS 1


           Means
              SCSF4A_5      SCSF4A_6      SCSF4A_7      SCSF4A_8      SCSF4A_1
              ________      ________      ________      ________      ________
                4.424         4.413         4.326         4.458         4.292


           Covariances
              SCSF4A_5      SCSF4A_6      SCSF4A_7      SCSF4A_8      SCSF4A_1
              ________      ________      ________      ________      ________
 SCSF4A_5       1.117
 SCSF4A_6       0.797         1.020
 SCSF4A_7       0.657         0.563         1.160
 SCSF4A_8       0.417         0.397         0.364         0.935
 SCSF4A_1       0.561         0.653         0.520         0.427         1.096


           Correlations
              SCSF4A_5      SCSF4A_6      SCSF4A_7      SCSF4A_8      SCSF4A_1
              ________      ________      ________      ________      ________
 SCSF4A_5       1.000
 SCSF4A_6       0.747         1.000
 SCSF4A_7       0.577         0.518         1.000
 SCSF4A_8       0.408         0.406         0.350         1.000
 SCSF4A_1       0.507         0.617         0.461         0.422         1.000


     ESTIMATED SAMPLE STATISTICS FOR CLASS 2


           Means
              SCSF4A_5      SCSF4A_6      SCSF4A_7      SCSF4A_8      SCSF4A_1
              ________      ________      ________      ________      ________
                4.195         4.002         4.331         4.227         4.202


           Covariances
              SCSF4A_5      SCSF4A_6      SCSF4A_7      SCSF4A_8      SCSF4A_1
              ________      ________      ________      ________      ________
 SCSF4A_5       1.048
 SCSF4A_6       0.377         1.400
 SCSF4A_7       0.523         0.510         1.070
 SCSF4A_8       0.591         0.593         0.472         1.308
 SCSF4A_1       0.577         0.492         0.431         0.736         1.238


           Correlations
              SCSF4A_5      SCSF4A_6      SCSF4A_7      SCSF4A_8      SCSF4A_1
              ________      ________      ________      ________      ________
 SCSF4A_5       1.000
 SCSF4A_6       0.311         1.000
 SCSF4A_7       0.494         0.417         1.000
 SCSF4A_8       0.505         0.438         0.399         1.000
 SCSF4A_1       0.507         0.374         0.374         0.578         1.000


UNIVARIATE SAMPLE STATISTICS


     UNIVARIATE HIGHER-ORDER MOMENT DESCRIPTIVE STATISTICS

         Variable/         Mean/     Skewness/   Minimum/ % with                Percentiles
        Sample Size      Variance    Kurtosis    Maximum  Min/Max      20%/60%    40%/80%    Median

     SCSF4A_5              4.284      -1.439       1.000    2.63%       3.000      5.000      5.000
             190.000       1.158       1.188       5.000   61.58%       5.000      5.000
     SCSF4A_6              4.229      -1.363       1.000    3.23%       3.000      5.000      5.000
             248.000       1.236       0.982       5.000   60.48%       5.000      5.000
     SCSF4A_7              4.326      -1.485       1.000    2.08%       4.000      5.000      5.000
             289.000       1.109       1.344       5.000   66.09%       5.000      5.000
     SCSF4A_8              4.359      -1.681       1.000    2.91%       4.000      5.000      5.000
             309.000       1.130       1.989       5.000   65.37%       5.000      5.000
     SCSF4A_10             4.237      -1.404       1.000    4.23%       3.000      4.000      5.000
             260.000       1.227       1.009       5.000   59.62%       5.000      5.000

RANDOM STARTS RESULTS RANKED FROM THE BEST TO THE WORST LOGLIKELIHOOD VALUES

Final stage loglikelihood values at local maxima, seeds, and initial stage start numbers:

           -2148.134  655497           376
           -2148.134  855760           593
           -2148.134  177936           726
           -2148.134  978061           488
           -2148.134  105435           265
           -2148.134  821011           161
           -2148.134  696830           668
           -2148.134  195873           6
           -2148.134  319575           499
           -2148.134  117587           572
           -2148.134  281558           184
           -2148.134  354208           196
           -2148.134  710445           792
           -2148.134  772131           407
           -2148.134  65651            214
           -2148.134  375590           438
           -2148.134  850840           232
           -2148.134  971693           470
           -2148.134  635245           121
           -2148.134  497522           502
           -2148.134  715561           125
           -2148.134  742609           531
           -2148.134  688839           273
           -2148.134  331681           549
           -2148.134  760531           550
           -2148.134  830529           279
           -2148.134  158612           581
           -2148.134  246575           291
           -2148.134  486646           586
           -2148.134  937588           293
           -2148.134  43523            297
           -2148.134  284384           600
           -2148.134  637345           19
           -2148.134  383986           159
           -2148.134  92091            649
           -2148.134  459221           652
           -2148.134  268217           83
           -2148.134  383902           673
           -2148.134  563002           360
           -2148.134  317868           740
           -2148.134  178181           753
           -2148.134  415502           194
           -2148.134  570908           98
           -2148.134  502157           799
           -2148.134  107446           12
           -2148.134  791285           416
           -2148.134  100874           108
           -2148.134  359578           458
           -2148.134  345070           114
           -2148.134  802256           477
           -2148.134  80438            246
           -2148.134  294669           501
           -2148.134  642909           251
           -2148.134  471438           252
           -2148.134  945065           255
           -2148.134  995249           525
           -2148.134  529455           268
           -2148.134  437181           135
           -2148.134  4091             548
           -2148.134  212934           568
           -2148.134  597614           284
           -2148.134  699810           571
           -2148.134  685268           596
           -2148.134  12477            155
           -2148.134  712531           631
           -2148.134  322790           636
           -2148.134  775884           639
           -2148.134  396795           323
           -2148.134  953843           651
           -2148.134  237332           661
           -2148.134  197223           332
           -2148.134  297518           166
           -2148.134  654136           167
           -2148.134  951709           348
           -2148.134  415931           10
           -2148.134  488125           368
           -2148.134  659832           754
           -2148.134  210870           383
           -2148.134  921023           782
           -2148.134  937225           394
           -2148.134  21345            199
           -2148.134  471040           403
           -2148.134  347515           24
           -2148.134  605161           409
           -2148.134  275475           413
           -2148.134  85462            51
           -2148.134  802682           419
           -2148.134  484406           421
           -2148.134  937885           426
           -2148.134  153394           429
           -2148.134  631413           439
           -2148.134  188640           451
           -2148.134  922596           456
           -2148.134  960438           116
           -2148.134  136842           58
           -2148.134  335485           496
           -2148.134  814975           129
           -2148.134  622860           259
           -2148.134  486622           522
           -2148.134  509733           130
           -2148.134  27071            15
           -2148.134  358488           264
           -2148.134  467339           66
           -2148.134  413564           535
           -2148.134  948615           140
           -2148.134  491970           563
           -2148.134  856536           144
           -2148.134  695155           150
           -2148.134  213189           605
           -2148.134  76337            76
           -2148.134  805935           615
           -2148.134  377584           630
           -2148.134  209031           632
           -2148.134  193042           316
           -2148.134  829540           324
           -2148.134  173440           328
           -2148.134  263268           165
           -2148.134  724519           333
           -2148.134  666720           671
           -2148.134  278661           674
           -2148.134  276696           676
           -2148.134  783165           170
           -2148.134  836515           341
           -2148.134  341960           685
           -2148.134  204959           695
           -2148.134  21132            351
           -2148.134  476393           705
           -2148.134  193847           354
           -2148.134  670281           721
           -2148.134  502495           724
           -2148.134  91231            727
           -2148.134  42523            730
           -2148.134  875667           367
           -2148.134  329127           185
           -2148.134  1548             384
           -2148.134  85114            385
           -2148.134  298553           773
           -2148.134  848163           47
           -2148.134  580539           786
           -2148.134  965994           396
           -2148.134  714997           399
           -2148.134  604861           800
           -2148.134  746978           410
           -2148.134  97158            205
           -2148.134  891531           206
           -2148.134  686482           215
           -2148.134  217130           443
           -2148.134  508482           446
           -2148.134  53621            483
           -2148.134  425982           485
           -2148.134  425929           508
           -2148.134  7959             256
           -2148.134  140849           515
           -2148.134  689529           516
           -2148.134  804660           260
           -2148.134  520177           262
           -2148.134  704798           530
           -2148.134  462953           7
           -2148.134  355674           540
           -2148.134  897782           545
           -2148.134  232559           136
           -2148.134  749453           33
           -2148.134  930872           277
           -2148.134  248742           556
           -2148.134  545140           278
           -2148.134  93468            3
           -2148.134  790452           303
           -2148.134  81117            305
           -2148.134  351807           617
           -2148.134  999211           628
           -2148.134  294811           637
           -2148.134  567165           319
           -2148.134  638977           643
           -2148.134  414828           322
           -2148.134  552272           654
           -2148.134  599729           658
           -2148.134  569833           85
           -2148.134  964570           701
           -2148.134  926762           704
           -2148.134  49293            707
           -2148.134  178031           720
           -2148.134  647617           725
           -2148.134  478341           731
           -2148.134  792389           746
           -2148.134  348637           749
           -2148.134  109357           765
           -2148.134  859432           770
           -2148.134  723775           97
           -2148.134  987090           70
           -2148.134  830392           35
           -2148.134  783110           72
           -2148.134  957392           79
           -2148.134  314084           81
           -2148.134  285380           1
           -2148.134  118438           601
           -2148.134  371246           101
           -2148.134  342019           301
           -2148.134  unperturbed      0
           -2148.134  36714            201
           -2148.134  700349           401



THE BEST LOGLIKELIHOOD VALUE HAS BEEN REPLICATED.  RERUN WITH AT LEAST TWICE THE
RANDOM STARTS TO CHECK THAT THE BEST LOGLIKELIHOOD IS STILL OBTAINED AND REPLICATED.


THE MODEL ESTIMATION TERMINATED NORMALLY

     WARNING:  THE LATENT VARIABLE COVARIANCE MATRIX (PSI) IS NOT POSITIVE
     DEFINITE.  THIS COULD INDICATE A NEGATIVE VARIANCE/RESIDUAL VARIANCE FOR A
     LATENT VARIABLE, A CORRELATION GREATER OR EQUAL TO ONE BETWEEN TWO LATENT
     VARIABLES, OR A LINEAR DEPENDENCY AMONG MORE THAN TWO LATENT VARIABLES.
     CHECK THE TECH4 OUTPUT FOR MORE INFORMATION.



MODEL FIT INFORMATION

Number of Free Parameters                       12

Loglikelihood

          H0 Value                       -2148.134
          H0 Scaling Correction Factor      2.1943
            for MLR

Information Criteria

          Akaike (AIC)                    4320.268
          Bayesian (BIC)                  4367.862
          Sample-Size Adjusted BIC        4329.786
            (n* = (n + 2) / 24)



FINAL CLASS COUNTS AND PROPORTIONS FOR THE LATENT CLASSES
BASED ON THE ESTIMATED MODEL

    Latent
   Classes

       1        217.00000          0.55641
       2        173.00000          0.44359


MODEL RESULTS

                                                    Two-Tailed
                    Estimate       S.E.  Est./S.E.    P-Value

Latent Class 1 (1)

 I        |
    SCSF4A_5           1.000      0.000    999.000    999.000
    SCSF4A_6           1.000      0.000    999.000    999.000
    SCSF4A_7           1.000      0.000    999.000    999.000
    SCSF4A_8           1.000      0.000    999.000    999.000
    SCSF4A_10          1.000      0.000    999.000    999.000

 S        |
    SCSF4A_5           0.000      0.000    999.000    999.000
    SCSF4A_6           1.000      0.000    999.000    999.000
    SCSF4A_7           2.000      0.000    999.000    999.000
    SCSF4A_8           3.000      0.000    999.000    999.000
    SCSF4A_10          5.000      0.000    999.000    999.000

 S        WITH
    I                  0.011      0.030      0.368      0.713

 Means
    I                  4.429      0.094     47.136      0.000
    S                 -0.020      0.022     -0.906      0.365

 Intercepts
    SCSF4A_5           0.000      0.000    999.000    999.000
    SCSF4A_6           0.000      0.000    999.000    999.000
    SCSF4A_7           0.000      0.000    999.000    999.000
    SCSF4A_8           0.000      0.000    999.000    999.000
    SCSF4A_10          0.000      0.000    999.000    999.000

 Variances
    I                  0.503      0.244      2.061      0.039
    S                 -0.011      0.009     -1.228      0.219

 Residual Variances
    SCSF4A_5           0.636      0.069      9.180      0.000
    SCSF4A_6           0.636      0.069      9.180      0.000
    SCSF4A_7           0.636      0.069      9.180      0.000
    SCSF4A_8           0.636      0.069      9.180      0.000
    SCSF4A_10          0.636      0.069      9.180      0.000

Latent Class 2 (2)

 I        |
    SCSF4A_5           1.000      0.000    999.000    999.000
    SCSF4A_6           1.000      0.000    999.000    999.000
    SCSF4A_7           1.000      0.000    999.000    999.000
    SCSF4A_8           1.000      0.000    999.000    999.000
    SCSF4A_10          1.000      0.000    999.000    999.000

 S        |
    SCSF4A_5           0.000      0.000    999.000    999.000
    SCSF4A_6           1.000      0.000    999.000    999.000
    SCSF4A_7           2.000      0.000    999.000    999.000
    SCSF4A_8           3.000      0.000    999.000    999.000
    SCSF4A_10          5.000      0.000    999.000    999.000

 S        WITH
    I                  0.013      0.029      0.439      0.660

 Means
    I                  4.134      0.086     48.048      0.000
    S                  0.020      0.022      0.922      0.356

 Intercepts
    SCSF4A_5           0.000      0.000    999.000    999.000
    SCSF4A_6           0.000      0.000    999.000    999.000
    SCSF4A_7           0.000      0.000    999.000    999.000
    SCSF4A_8           0.000      0.000    999.000    999.000
    SCSF4A_10          0.000      0.000    999.000    999.000

 Variances
    I                  0.499      0.130      3.833      0.000
    S                  0.001      0.009      0.136      0.892

 Residual Variances
    SCSF4A_5           0.636      0.069      9.180      0.000
    SCSF4A_6           0.636      0.069      9.180      0.000
    SCSF4A_7           0.636      0.069      9.180      0.000
    SCSF4A_8           0.636      0.069      9.180      0.000
    SCSF4A_10          0.636      0.069      9.180      0.000

Categorical Latent Variables

 Means
    C#1                0.227      0.121      1.871      0.061


QUALITY OF NUMERICAL RESULTS

     Condition Number for the Information Matrix              0.431E-03
       (ratio of smallest to largest eigenvalue)


STANDARDIZED MODEL RESULTS


STDYX Standardization

                                                    Two-Tailed
                    Estimate       S.E.  Est./S.E.    P-Value

Latent Class 1 (1)

 I        |
    SCSF4A_5           0.665      0.097      6.849      0.000
    SCSF4A_6           0.661      0.111      5.960      0.000
    SCSF4A_7           0.665      0.123      5.402      0.000
    SCSF4A_8           0.674      0.134      5.029      0.000
    SCSF4A_10          0.719      0.159      4.509      0.000

 S        |
    SCSF4A_5         999.000    999.000    999.000    999.000
    SCSF4A_6         999.000    999.000    999.000    999.000
    SCSF4A_7         999.000    999.000    999.000    999.000
    SCSF4A_8         999.000    999.000    999.000    999.000
    SCSF4A_10        999.000    999.000    999.000    999.000

 S        WITH
    I                999.000    999.000    999.000    999.000

 Means
    I                  6.245      1.613      3.871      0.000
    S                999.000    999.000    999.000    999.000

 Intercepts
    SCSF4A_5           0.000      0.000    999.000    999.000
    SCSF4A_6           0.000      0.000    999.000    999.000
    SCSF4A_7           0.000      0.000    999.000    999.000
    SCSF4A_8           0.000      0.000    999.000    999.000
    SCSF4A_10          0.000      0.000    999.000    999.000

 Variances
    I                  1.000      0.000    999.000    999.000
    S                999.000    999.000    999.000    999.000

 Residual Variances
    SCSF4A_5           0.558      0.129      4.328      0.000
    SCSF4A_6           0.553      0.105      5.270      0.000
    SCSF4A_7           0.558      0.089      6.241      0.000
    SCSF4A_8           0.575      0.081      7.058      0.000
    SCSF4A_10          0.653      0.107      6.112      0.000

Latent Class 2 (2)

 I        |
    SCSF4A_5           0.663      0.058     11.399      0.000
    SCSF4A_6           0.656      0.070      9.425      0.000
    SCSF4A_7           0.648      0.079      8.224      0.000
    SCSF4A_8           0.639      0.086      7.447      0.000
    SCSF4A_10          0.622      0.097      6.418      0.000

 S        |
    SCSF4A_5           0.000      0.000    999.000    999.000
    SCSF4A_6           0.032      0.118      0.272      0.785
    SCSF4A_7           0.063      0.233      0.272      0.786
    SCSF4A_8           0.094      0.345      0.272      0.785
    SCSF4A_10          0.152      0.555      0.274      0.784

 S        WITH
    I                  0.513      2.812      0.182      0.855

 Means
    I                  5.852      0.835      7.013      0.000
    S                  0.587      2.229      0.263      0.792

 Intercepts
    SCSF4A_5           0.000      0.000    999.000    999.000
    SCSF4A_6           0.000      0.000    999.000    999.000
    SCSF4A_7           0.000      0.000    999.000    999.000
    SCSF4A_8           0.000      0.000    999.000    999.000
    SCSF4A_10          0.000      0.000    999.000    999.000

 Variances
    I                  1.000      0.000    999.000    999.000
    S                  1.000      0.000    999.000    999.000

 Residual Variances
    SCSF4A_5           0.560      0.077      7.260      0.000
    SCSF4A_6           0.548      0.059      9.290      0.000
    SCSF4A_7           0.534      0.051     10.465      0.000
    SCSF4A_8           0.521      0.053      9.828      0.000
    SCSF4A_10          0.493      0.078      6.320      0.000


R-SQUARE

Class 1

    Observed                                        Two-Tailed
    Variable        Estimate       S.E.  Est./S.E.    P-Value

    SCSF4A_5           0.442      0.129      3.425      0.001
    SCSF4A_6           0.447      0.105      4.262      0.000
    SCSF4A_7           0.442      0.089      4.941      0.000
    SCSF4A_8           0.425      0.081      5.220      0.000
    SCSF4A_1           0.347      0.107      3.245      0.001

Class 2

    Observed                                        Two-Tailed
    Variable        Estimate       S.E.  Est./S.E.    P-Value

    SCSF4A_5           0.440      0.077      5.699      0.000
    SCSF4A_6           0.452      0.059      7.677      0.000
    SCSF4A_7           0.466      0.051      9.119      0.000
    SCSF4A_8           0.479      0.053      9.044      0.000
    SCSF4A_1           0.507      0.078      6.504      0.000


     Beginning Time:  10:55:50
        Ending Time:  10:55:57
       Elapsed Time:  00:00:07



MUTHEN & MUTHEN
3463 Stoner Ave.
Los Angeles, CA  90066

Tel: (310) 391-9971
Fax: (310) 391-8971
Web: www.StatModel.com
Support: Support@StatModel.com

Copyright (c) 1998-2021 Muthen & Muthen
