Mplus VERSION 8.6
MUTHEN & MUTHEN
07/13/2021   9:37 AM

INPUT INSTRUCTIONS

  TITLE: Your title goes here

   DATA: FILE = data.dta;

   VARIABLE:

   NAMES = pidp gridmode mm hidp_5 hidp_6 hidp_7 hidp_8 hidp_9 hidp_10 indmode_5
       indmode_6 indmode_7 indmode_8 indmode_9 indmode_10 mode_type_all mode_type_no9
       mode_type_567 mode_type_7 all no9 p567 p7 switch_all switch_no9 switch_567
       switch_7 lkmove_5 xpmove_5 caruse_5 mobuse_5 netpuse_5 aidxhh_5 jbhas_5 j2has_5
       finnow_5 finfut_5 howlng_5 vote1_5 vote6_5 scsf1_5 scsf2a_5 scsf2b_5 scsf3a_5
       scsf3b_5 scsf4a_5 scsf4b_5 scsf5_5 scsf6a_5 scsf6b_5 scsf6c_5 scsf7_5 scghqa_5
       scghqb_5 scghqc_5 scghqd_5 scghqe_5 scghqf_5 scghqg_5 scghqh_5 scghqi_5
       scghqj_5 scghqk_5 scghql_5 lkmove_6 xpmove_6 caruse_6 mobuse_6 netpuse_6
       aidxhh_6 jbhas_6 j2has_6 finnow_6 finfut_6 howlng_6 vote1_6 vote6_6 scsf1_6
       scsf2a_6 scsf2b_6 scsf3a_6 scsf3b_6 scsf4a_6 scsf4b_6 scsf5_6 scsf6a_6 scsf6b_6
       scsf6c_6 scsf7_6 scghqa_6 scghqb_6 scghqc_6 scghqd_6 scghqe_6 scghqf_6 scghqg_6
       scghqh_6 scghqi_6 scghqj_6 scghqk_6 scghql_6 lkmove_7 xpmove_7 caruse_7
       mobuse_7 netpuse_7 smoker_7 aidxhh_7 jbhas_7 jbterm1_7 jbsemp_7 j2has_7
       fiyrdia_7 finnow_7 finfut_7 howlng_7 vote1_7 vote6_7 scsf2a_7 scsf2b_7 scsf3a_7
       scsf3b_7 scsf4a_7 scsf4b_7 scsf5_7 scsf6a_7 scsf6b_7 scsf6c_7 scsf7_7 scghqa_7
       scghqb_7 scghqc_7 scghqd_7 scghqe_7 scghqf_7 scghqg_7 scghqh_7 scghqi_7
       scghqj_7 scghqk_7 scghql_7 scsf1_7 lkmove_8 xpmove_8 caruse_8 mobuse_8
       netpuse_8 smoker_8 aidxhh_8 jbhas_8 jbterm1_8 jbsemp_8 j2has_8 fiyrdia_8
       finnow_8 finfut_8 scsf2a_8 scsf2b_8 scsf3a_8 scsf3b_8 scsf4a_8 scsf4b_8 scsf5_8
       scsf6a_8 scsf6b_8 scsf6c_8 scsf7_8 scghqa_8 scghqb_8 scghqc_8 scghqd_8 scghqe_8
       scghqf_8 scghqg_8 scghqh_8 scghqi_8 scghqj_8 scghqk_8 scghql_8 scsf1_8 mobuse_9
       netpuse_9 smoker_9 jbhas_9 jbterm1_9 jbsemp_9 j2has_9 fiyrdia_9 finnow_9
       finfut_9 lkmove_10 xpmove_10 mobuse_10 netpuse_10 smoker_10 aidxhh_10 jbhas_10
       jbterm1_10 jbsemp_10 j2has_10 fiyrdia_10 finnow_10 finfut_10 scsf1_10 scsf2a_10
       scsf2b_10 scsf3a_10 scsf3b_10 scsf4a_10 scsf4b_10 scsf5_10 scsf6a_10 scsf6b_10
       scsf6c_10 scsf7_10 scghqa_10 scghqb_10 scghqc_10 scghqd_10 scghqe_10 scghqf_10
       scghqg_10 scghqh_10 scghqi_10 scghqj_10 scghqk_10 scghql_10 edu agecat female
       partner sf1 longill london north urban refresh Higher A level GCSE Other age_35
       age_55 age_75 age_102 pred_all pred_no9 pred_p567 pred_p7 pred_all_w pred_no9_w
       pred_p567_w pred_p7_w f2f_prop stabil;

   MISSING=.;

   USEVARIABLES ARE
   scghqg_5
   scghqg_6
   scghqg_7
   scghqg_8
   scghqg_10;

   CATEGORICAL ARE
   scghqg_5
   scghqg_6
   scghqg_7
   scghqg_8
   scghqg_10;
   CLASSES = c(2);

    KNOWNCLASS = c(no9= 1 2);
  WEIGHT IS pred_no9_w;

   ANALYSIS:


      TYPE = MIXTURE;

      ESTIMATOR = MLR;

      ALGORITHM = INTEGRATION;

      Processors = 8(starts);

      STARTS = 800 200;

   Model:


      %OVERALL%

  i s | scghqg_5@0 scghqg_6@1 scghqg_7@2 scghqg_8@3 scghqg_10@5;
   %c#1%
  [s] (a);
   s (b);
   s WITH i ;
   i ;

   %c#2%
  [s] (a);
   s (b);
   s WITH i ;
   i ;

   OUTPUT: SAMPSTAT;

                                  STDYX;




*** WARNING in VARIABLE command
  Note that only the first 8 characters of variable names are used in the output.
  Shorten variable names to avoid any confusion.
*** WARNING
  One or more observations has a value of 0 for the WEIGHT variable.
*** WARNING
  Data set contains unknown or missing values for variable NO9.
  This variable is used to determine the KNOWNCLASS specification.
  Number of such cases:  1664
*** WARNING
  Data set contains cases with missing on all variables.
  These cases were not included in the analysis.
  Number of cases with missing on all variables:  1
   4 WARNING(S) FOUND IN THE INPUT INSTRUCTIONS



Your title goes here

SUMMARY OF ANALYSIS

Number of groups                                                 1
Number of observations                                         392

Number of dependent variables                                    5
Number of independent variables                                  0
Number of continuous latent variables                            2
Number of categorical latent variables                           1

Observed dependent variables

  Binary and ordered categorical (ordinal)
   SCGHQG_5    SCGHQG_6    SCGHQG_7    SCGHQG_8    SCGHQG_1

Continuous latent variables
   I           S

Categorical latent variables
   C

  Knownclass            C

Variables with special functions

  Weight variable       PRED_NO9

Estimator                                                      MLR
Information matrix                                        OBSERVED
Optimization Specifications for the Quasi-Newton Algorithm for
Continuous Outcomes
  Maximum number of iterations                                 100
  Convergence criterion                                  0.100D-05
Optimization Specifications for the EM Algorithm
  Maximum number of iterations                                 500
  Convergence criteria
    Loglikelihood change                                 0.100D-02
    Relative loglikelihood change                        0.100D-05
    Derivative                                           0.100D-02
Optimization Specifications for the M step of the EM Algorithm for
Categorical Latent variables
  Number of M step iterations                                    1
  M step convergence criterion                           0.100D-02
  Basis for M step termination                           ITERATION
Optimization Specifications for the M step of the EM Algorithm for
Censored, Binary or Ordered Categorical (Ordinal), Unordered
Categorical (Nominal) and Count Outcomes
  Number of M step iterations                                    1
  M step convergence criterion                           0.100D-02
  Basis for M step termination                           ITERATION
  Maximum value for logit thresholds                            15
  Minimum value for logit thresholds                           -15
  Minimum expected cell size for chi-square              0.100D-01
Maximum number of iterations for H1                           2000
Convergence criterion for H1                             0.100D-03
Optimization algorithm                                         EMA
Integration Specifications
  Type                                                    STANDARD
  Number of integration points                                  15
  Dimensions of numerical integration                            2
  Adaptive quadrature                                           ON
Random Starts Specifications
  Number of initial stage random starts                        800
  Number of final stage optimizations                          200
  Number of initial stage iterations                            10
  Initial stage convergence criterion                    0.100D+01
  Random starts scale                                    0.500D+01
  Random seed for generating random starts                       0
Link                                                         LOGIT
Cholesky                                                        ON

Input data file(s)
  data.dta
Input data format  FREE


SUMMARY OF DATA

     Number of missing data patterns            30
     Number of y missing data patterns           0
     Number of u missing data patterns          30


COVARIANCE COVERAGE OF DATA

Minimum covariance coverage value   0.100


     PROPORTION OF DATA PRESENT FOR U


           Covariance Coverage
              SCGHQG_5      SCGHQG_6      SCGHQG_7      SCGHQG_8      SCGHQG_1
              ________      ________      ________      ________      ________
 SCGHQG_5       0.487
 SCGHQG_6       0.406         0.635
 SCGHQG_7       0.383         0.482         0.735
 SCGHQG_8       0.372         0.492         0.612         0.783
 SCGHQG_1       0.337         0.431         0.538         0.602         0.681


UNIVARIATE PROPORTIONS AND COUNTS FOR CATEGORICAL VARIABLES

    SCGHQG_5
      Category 1    0.041            9.637
      Category 2    0.748          173.784
      Category 3    0.178           41.290
      Category 4    0.033            7.663
    SCGHQG_6
      Category 1    0.035           10.908
      Category 2    0.781          245.805
      Category 3    0.138           43.597
      Category 4    0.046           14.614
    SCGHQG_7
      Category 1    0.052           15.422
      Category 2    0.763          224.492
      Category 3    0.165           48.577
      Category 4    0.019            5.728
    SCGHQG_8
      Category 1    0.032            9.330
      Category 2    0.788          231.382
      Category 3    0.144           42.117
      Category 4    0.036           10.630
    SCGHQG_1
      Category 1    0.029            7.161
      Category 2    0.766          188.413
      Category 3    0.148           36.386
      Category 4    0.057           14.051


SAMPLE STATISTICS

RANDOM STARTS RESULTS RANKED FROM THE BEST TO THE WORST LOGLIKELIHOOD VALUES

Final stage loglikelihood values at local maxima, seeds, and initial stage start numbers:


Unperturbed starting value run did not converge or was rejected in the third stage.

199 perturbed starting value run(s) did not converge or were rejected in the third stage.


     THE MODEL ESTIMATION DID NOT TERMINATE NORMALLY DUE TO AN INSUFFICIENT
     NUMBER OF E STEPS.  INCREASE THE NUMBER OF MITERATIONS.  ESTIMATES
     CANNOT BE TRUSTED.






FINAL CLASS COUNTS AND PROPORTIONS FOR THE LATENT CLASSES
BASED ON THE ESTIMATED MODEL

    Latent
   Classes

       1        217.00000          0.55357
       2        175.00000          0.44643


MODEL RESULTS

                    Estimate

Latent Class 1 (1)

 I        |
    SCGHQG_5           1.000
    SCGHQG_6           1.000
    SCGHQG_7           1.000
    SCGHQG_8           1.000
    SCGHQG_10          1.000

 S        |
    SCGHQG_5           0.000
    SCGHQG_6           1.000
    SCGHQG_7           2.000
    SCGHQG_8           3.000
    SCGHQG_10          5.000

 S        WITH
    I                  0.029

 Means
    I                  0.098
    S                 -0.019

 Thresholds
    SCGHQG_5$1        -3.537
    SCGHQG_5$2         1.623
    SCGHQG_5$3         3.559
    SCGHQG_6$1        -3.537
    SCGHQG_6$2         1.623
    SCGHQG_6$3         3.559
    SCGHQG_7$1        -3.537
    SCGHQG_7$2         1.623
    SCGHQG_7$3         3.559
    SCGHQG_8$1        -3.537
    SCGHQG_8$2         1.623
    SCGHQG_8$3         3.559
    SCGHQG_1$1        -3.537
    SCGHQG_1$2         1.623
    SCGHQG_1$3         3.559

 Variances
    I                  0.297
    S                  0.024

Latent Class 2 (2)

 I        |
    SCGHQG_5           1.000
    SCGHQG_6           1.000
    SCGHQG_7           1.000
    SCGHQG_8           1.000
    SCGHQG_10          1.000

 S        |
    SCGHQG_5           0.000
    SCGHQG_6           1.000
    SCGHQG_7           2.000
    SCGHQG_8           3.000
    SCGHQG_10          5.000

 S        WITH
    I                  0.075

 Means
    I                  0.000
    S                 -0.019

 Thresholds
    SCGHQG_5$1        -3.537
    SCGHQG_5$2         1.623
    SCGHQG_5$3         3.559
    SCGHQG_6$1        -3.537
    SCGHQG_6$2         1.623
    SCGHQG_6$3         3.559
    SCGHQG_7$1        -3.537
    SCGHQG_7$2         1.623
    SCGHQG_7$3         3.559
    SCGHQG_8$1        -3.537
    SCGHQG_8$2         1.623
    SCGHQG_8$3         3.559
    SCGHQG_1$1        -3.537
    SCGHQG_1$2         1.623
    SCGHQG_1$3         3.559

 Variances
    I                  0.250
    S                  0.024

Categorical Latent Variables

 Means
    C#1                0.215


MODEL COMMAND WITH FINAL ESTIMATES USED AS STARTING VALUES

     %OVERALL%

     i s | scghqg_5@0 scghqg_6@1 scghqg_7@2 scghqg_8@3 scghqg_10@5;

     [ c#1*0.21511 ];

     %C#1%

     s WITH i*0.02892;

     [ i*0.09825 ];
     [ s*-0.01913 ] (a);

     [ scghqg_5$1*-3.53738 ] (8);
     [ scghqg_5$2*1.62312 ] (9);
     [ scghqg_5$3*3.55923 ] (10);
     [ scghqg_6$1*-3.53738 ] (8);
     [ scghqg_6$2*1.62312 ] (9);
     [ scghqg_6$3*3.55923 ] (10);
     [ scghqg_7$1*-3.53738 ] (8);
     [ scghqg_7$2*1.62312 ] (9);
     [ scghqg_7$3*3.55923 ] (10);
     [ scghqg_8$1*-3.53738 ] (8);
     [ scghqg_8$2*1.62312 ] (9);
     [ scghqg_8$3*3.55923 ] (10);
     [ scghqg_10$1*-3.53738 ] (8);
     [ scghqg_10$2*1.62312 ] (9);
     [ scghqg_10$3*3.55923 ] (10);

     i*0.29700;
     s*0.02353 (b);

     %C#2%

     s WITH i*0.07527;

     [ i@0 ];
     [ s*-0.01913 ] (a);

     [ scghqg_5$1*-3.53738 ] (8);
     [ scghqg_5$2*1.62312 ] (9);
     [ scghqg_5$3*3.55923 ] (10);
     [ scghqg_6$1*-3.53738 ] (8);
     [ scghqg_6$2*1.62312 ] (9);
     [ scghqg_6$3*3.55923 ] (10);
     [ scghqg_7$1*-3.53738 ] (8);
     [ scghqg_7$2*1.62312 ] (9);
     [ scghqg_7$3*3.55923 ] (10);
     [ scghqg_8$1*-3.53738 ] (8);
     [ scghqg_8$2*1.62312 ] (9);
     [ scghqg_8$3*3.55923 ] (10);
     [ scghqg_10$1*-3.53738 ] (8);
     [ scghqg_10$2*1.62312 ] (9);
     [ scghqg_10$3*3.55923 ] (10);

     i*0.25029;
     s*0.02353 (b);



     Beginning Time:  09:37:44
        Ending Time:  09:43:44
       Elapsed Time:  00:06:00



MUTHEN & MUTHEN
3463 Stoner Ave.
Los Angeles, CA  90066

Tel: (310) 391-9971
Fax: (310) 391-8971
Web: www.StatModel.com
Support: Support@StatModel.com

Copyright (c) 1998-2021 Muthen & Muthen
