Mplus VERSION 8.6
MUTHEN & MUTHEN
07/13/2021   7:35 AM

INPUT INSTRUCTIONS

  TITLE: Your title goes here

   DATA: FILE = data.dta;

   VARIABLE:

   NAMES = pidp gridmode mm hidp_5 hidp_6 hidp_7 hidp_8 hidp_9 hidp_10 indmode_5
       indmode_6 indmode_7 indmode_8 indmode_9 indmode_10 mode_type_all mode_type_no9
       mode_type_567 mode_type_7 all no9 p567 p7 switch_all switch_no9 switch_567
       switch_7 lkmove_5 xpmove_5 caruse_5 mobuse_5 netpuse_5 aidxhh_5 jbhas_5 j2has_5
       finnow_5 finfut_5 howlng_5 vote1_5 vote6_5 scsf1_5 scsf2a_5 scsf2b_5 scsf3a_5
       scsf3b_5 scsf4a_5 scsf4b_5 scsf5_5 scsf6a_5 scsf6b_5 scsf6c_5 scsf7_5 scghqa_5
       scghqb_5 scghqc_5 scghqd_5 scghqe_5 scghqf_5 scghqg_5 scghqh_5 scghqi_5
       scghqj_5 scghqk_5 scghql_5 lkmove_6 xpmove_6 caruse_6 mobuse_6 netpuse_6
       aidxhh_6 jbhas_6 j2has_6 finnow_6 finfut_6 howlng_6 vote1_6 vote6_6 scsf1_6
       scsf2a_6 scsf2b_6 scsf3a_6 scsf3b_6 scsf4a_6 scsf4b_6 scsf5_6 scsf6a_6 scsf6b_6
       scsf6c_6 scsf7_6 scghqa_6 scghqb_6 scghqc_6 scghqd_6 scghqe_6 scghqf_6 scghqg_6
       scghqh_6 scghqi_6 scghqj_6 scghqk_6 scghql_6 lkmove_7 xpmove_7 caruse_7
       mobuse_7 netpuse_7 smoker_7 aidxhh_7 jbhas_7 jbterm1_7 jbsemp_7 j2has_7
       fiyrdia_7 finnow_7 finfut_7 howlng_7 vote1_7 vote6_7 scsf2a_7 scsf2b_7 scsf3a_7
       scsf3b_7 scsf4a_7 scsf4b_7 scsf5_7 scsf6a_7 scsf6b_7 scsf6c_7 scsf7_7 scghqa_7
       scghqb_7 scghqc_7 scghqd_7 scghqe_7 scghqf_7 scghqg_7 scghqh_7 scghqi_7
       scghqj_7 scghqk_7 scghql_7 scsf1_7 lkmove_8 xpmove_8 caruse_8 mobuse_8
       netpuse_8 smoker_8 aidxhh_8 jbhas_8 jbterm1_8 jbsemp_8 j2has_8 fiyrdia_8
       finnow_8 finfut_8 scsf2a_8 scsf2b_8 scsf3a_8 scsf3b_8 scsf4a_8 scsf4b_8 scsf5_8
       scsf6a_8 scsf6b_8 scsf6c_8 scsf7_8 scghqa_8 scghqb_8 scghqc_8 scghqd_8 scghqe_8
       scghqf_8 scghqg_8 scghqh_8 scghqi_8 scghqj_8 scghqk_8 scghql_8 scsf1_8 mobuse_9
       netpuse_9 smoker_9 jbhas_9 jbterm1_9 jbsemp_9 j2has_9 fiyrdia_9 finnow_9
       finfut_9 lkmove_10 xpmove_10 mobuse_10 netpuse_10 smoker_10 aidxhh_10 jbhas_10
       jbterm1_10 jbsemp_10 j2has_10 fiyrdia_10 finnow_10 finfut_10 scsf1_10 scsf2a_10
       scsf2b_10 scsf3a_10 scsf3b_10 scsf4a_10 scsf4b_10 scsf5_10 scsf6a_10 scsf6b_10
       scsf6c_10 scsf7_10 scghqa_10 scghqb_10 scghqc_10 scghqd_10 scghqe_10 scghqf_10
       scghqg_10 scghqh_10 scghqi_10 scghqj_10 scghqk_10 scghql_10 edu agecat female
       partner sf1 longill london north urban refresh Higher A level GCSE Other age_35
       age_55 age_75 age_102 pred_all pred_no9 pred_p567 pred_p7 pred_all_w pred_no9_w
       pred_p567_w pred_p7_w f2f_prop stabil;

   MISSING=.;

   USEVARIABLES ARE
   aidxhh_5
   aidxhh_6
   aidxhh_7
   aidxhh_8
   aidxhh_10;

   CATEGORICAL ARE
   aidxhh_5
   aidxhh_6
   aidxhh_7
   aidxhh_8
   aidxhh_10;
   CLASSES = c(2);

    KNOWNCLASS = c(no9= 1 2);
  WEIGHT IS pred_no9_w;

   ANALYSIS:


      TYPE = MIXTURE;

      ESTIMATOR = MLR;

      ALGORITHM = INTEGRATION;

      Processors = 8(starts);

      STARTS = 800 200;

   Model:


      %OVERALL%

  i s | aidxhh_5@0 aidxhh_6@1 aidxhh_7@2 aidxhh_8@3 aidxhh_10@5;
   %c#1%
  [s] (a);
   s (b);
   s WITH i ;
   i ;

   %c#2%
  [s] (a);
   s (b);
   s WITH i ;
   i ;

   OUTPUT: SAMPSTAT;

                                  STDYX;




*** WARNING in VARIABLE command
  Note that only the first 8 characters of variable names are used in the output.
  Shorten variable names to avoid any confusion.
*** WARNING
  One or more observations has a value of 0 for the WEIGHT variable.
*** WARNING
  Data set contains unknown or missing values for variable NO9.
  This variable is used to determine the KNOWNCLASS specification.
  Number of such cases:  1664
   3 WARNING(S) FOUND IN THE INPUT INSTRUCTIONS



Your title goes here

SUMMARY OF ANALYSIS

Number of groups                                                 1
Number of observations                                         393

Number of dependent variables                                    5
Number of independent variables                                  0
Number of continuous latent variables                            2
Number of categorical latent variables                           1

Observed dependent variables

  Binary and ordered categorical (ordinal)
   AIDXHH_5    AIDXHH_6    AIDXHH_7    AIDXHH_8    AIDXHH_1

Continuous latent variables
   I           S

Categorical latent variables
   C

  Knownclass            C

Variables with special functions

  Weight variable       PRED_NO9

Estimator                                                      MLR
Information matrix                                        OBSERVED
Optimization Specifications for the Quasi-Newton Algorithm for
Continuous Outcomes
  Maximum number of iterations                                 100
  Convergence criterion                                  0.100D-05
Optimization Specifications for the EM Algorithm
  Maximum number of iterations                                 500
  Convergence criteria
    Loglikelihood change                                 0.100D-02
    Relative loglikelihood change                        0.100D-05
    Derivative                                           0.100D-02
Optimization Specifications for the M step of the EM Algorithm for
Categorical Latent variables
  Number of M step iterations                                    1
  M step convergence criterion                           0.100D-02
  Basis for M step termination                           ITERATION
Optimization Specifications for the M step of the EM Algorithm for
Censored, Binary or Ordered Categorical (Ordinal), Unordered
Categorical (Nominal) and Count Outcomes
  Number of M step iterations                                    1
  M step convergence criterion                           0.100D-02
  Basis for M step termination                           ITERATION
  Maximum value for logit thresholds                            15
  Minimum value for logit thresholds                           -15
  Minimum expected cell size for chi-square              0.100D-01
Maximum number of iterations for H1                           2000
Convergence criterion for H1                             0.100D-03
Optimization algorithm                                         EMA
Integration Specifications
  Type                                                    STANDARD
  Number of integration points                                  15
  Dimensions of numerical integration                            2
  Adaptive quadrature                                           ON
Random Starts Specifications
  Number of initial stage random starts                        800
  Number of final stage optimizations                          200
  Number of initial stage iterations                            10
  Initial stage convergence criterion                    0.100D+01
  Random starts scale                                    0.500D+01
  Random seed for generating random starts                       0
Link                                                         LOGIT
Cholesky                                                        ON

Input data file(s)
  data.dta
Input data format  FREE


SUMMARY OF DATA

     Number of missing data patterns            30
     Number of y missing data patterns           0
     Number of u missing data patterns          30


COVARIANCE COVERAGE OF DATA

Minimum covariance coverage value   0.100


     PROPORTION OF DATA PRESENT FOR U


           Covariance Coverage
              AIDXHH_5      AIDXHH_6      AIDXHH_7      AIDXHH_8      AIDXHH_1
              ________      ________      ________      ________      ________
 AIDXHH_5       0.644
 AIDXHH_6       0.593         0.710
 AIDXHH_7       0.517         0.567         0.763
 AIDXHH_8       0.504         0.565         0.651         0.796
 AIDXHH_1       0.466         0.506         0.575         0.631         0.707


UNIVARIATE PROPORTIONS AND COUNTS FOR CATEGORICAL VARIABLES

    AIDXHH_5
      Category 1    0.806          257.281
      Category 2    0.194           61.959
    AIDXHH_6
      Category 1    0.890          314.896
      Category 2    0.110           38.921
    AIDXHH_7
      Category 1    0.849          262.393
      Category 2    0.151           46.790
    AIDXHH_8
      Category 1    0.862          256.352
      Category 2    0.138           41.065
    AIDXHH_1
      Category 1    0.944          245.602
      Category 2    0.056           14.537


SAMPLE STATISTICS

RANDOM STARTS RESULTS RANKED FROM THE BEST TO THE WORST LOGLIKELIHOOD VALUES

Final stage loglikelihood values at local maxima, seeds, and initial stage start numbers:

            -762.463  939709           112
            -762.464  252949           487
            -762.464  699834           723
            -762.464  127215           9
            -762.464  699810           571
            -762.464  147440           514
            -762.464  948615           140
            -762.464  49293            707
            -762.464  772131           407
            -762.464  502532           445
            -762.464  76974            16
            -762.464  244349           736
            -762.464  887580           493
            -762.464  322790           636
            -762.464  526324           178
            -762.464  335485           496
            -762.464  637345           19
            -762.464  609185           181
            -762.464  863094           147
            -762.464  582296           452
            -762.464  573096           20
            -762.464  931874           141
            -762.464  590834           785
            -762.464  701525           239
            -762.464  838615           677
            -762.464  278692           342
            -762.464  552272           654
            -762.464  783110           72
            -762.464  210870           383
            -762.464  212934           568
            -762.464  313306           612
            -762.464  355254           796
            -762.464  566687           597
            -762.464  387701           275
            -762.464  146900           391
            -762.464  414828           322
            -762.464  241197           747
            -762.464  650354           577
            -762.464  673496           218
            -762.464  800454           751
            -762.464  641794           591
            -762.464  888905           444
            -762.464  640833           434
            -762.464  177936           726
            -762.464  117391           710
            -762.464  567165           319
            -762.464  939870           655
            -762.464  606576           151
            -762.464  579995           183
            -762.464  15270            610
            -762.464  849670           347
            -762.464  548673           732
            -762.464  860029           760
            -762.464  237332           661
            -762.464  405371           569
            -762.464  259507           53
            -762.464  471398           74
            -762.464  950604           172
            -762.464  563002           360
            -762.464  903420           5
            -762.464  724519           333
            -762.464  160326           546
            -762.464  77210            712
            -762.464  761633           50
            -762.464  260601           36
            -762.464  137377           397
            -762.464  194143           510
            -762.464  544048           87
            -762.464  14262            781
            -762.464  267983           228
            -762.464  992389           77
            -762.464  696830           668
            -762.464  173191           422
            -762.464  232559           136
            -762.464  798839           312
            -762.464  891531           206
            -762.464  72866            692
            -762.464  595153           230
            -762.464  178181           753
            -762.464  715255           523
            -762.464  161421           519
            -762.464  25127            107
            -762.464  51375            148
            -762.464  215353           164
            -762.464  264935           281
            -762.464  618760           489
            -762.464  942358           644
            -762.464  742609           531
            -762.464  629320           222
            -762.464  216565           474
            -762.464  15715            274
            -762.464  462228           298
            -762.464  704798           530
            -762.464  67009            564
            -762.464  669634           335
            -762.464  476393           705
            -762.464  930872           277
            -762.464  645664           39
            -762.464  88437            761
            -762.464  836066           372
            -762.464  327140           678
            -762.464  804561           59
            -762.464  784664           75
            -762.464  614009           317
            -762.464  317640           437
            -762.464  35191            703
            -762.464  373505           88
            -762.464  399671           13
            -762.464  97300            640
            -762.464  311214           64
            -762.464  917702           693
            -762.464  778953           635
            -762.464  626208           698
            -762.464  830570           369
            -762.464  12477            155
            -762.464  863691           481
            -762.464  138695           783
            -762.464  638977           643
            -762.464  124999           96
            -762.464  520865           763
            -762.464  50887            389
            -762.464  unperturbed      0
            -762.464  520177           262
            -762.464  76451            211
            -762.464  576726           280
            -762.464  860772           174
            -762.464  286735           175
            -762.464  326091           759
            -762.464  69413            472
            -762.464  801717           364
            -762.464  545140           278
            -762.464  848969           173
            -762.464  284384           600
            -762.464  539389           544
            -762.464  314757           345
            -762.464  17896            592
            -762.464  92689            304
            -762.464  848163           47
            -762.464  857799           315
            -762.464  113138           585
            -762.464  488581           688
            -762.464  608849           224
            -762.464  648555           113
            -762.464  153053           378
            -762.464  794236           127
            -762.464  642386           662
            -762.464  848331           137
            -762.464  220454           288
            -762.464  967237           48
            -762.464  383979           603
            -762.464  647617           725
            -762.464  413564           535
            -762.464  298553           773
            -762.464  471040           403
            -762.464  923437           398
            -762.464  741484           441
            -762.464  379729           512
            -762.464  793487           595
            -762.464  714455           476
            -762.464  188498           258
            -762.464  285380           1
            -762.464  982520           737
            -762.464  118438           601
            -762.464  485483           498
            -762.464  316165           299
            -762.464  788796           145
            -762.464  496703           758
            -762.464  195353           225
            -762.464  484406           421
            -762.464  185071           370
            -762.464  760878           249
            -762.464  782821           272
            -762.464  117731           570
            -762.464  399380           436
            -762.464  631413           439
            -762.464  642909           251
            -762.464  903369           134
            -762.464  370481           742
            -762.464  922596           456
            -762.464  273992           349
            -762.464  370466           41
            -762.464  752476           614
            -762.464  166851           638
            -762.464  732596           320
            -762.464  534483           290
            -762.464  157351           579
            -762.464  915107           54
            -762.464  669639           699
            -762.464  349360           464
            -762.464  79212            517
            -762.464  876943           650
            -762.464  164305           128
            -762.464  507154           387
            -762.464  652266           490
            -762.464  105435           265
            -762.465  566739           575
            -762.465  193569           440
            -762.465  677062           680
            -762.465  437181           135
            -762.465  22089            143



THE BEST LOGLIKELIHOOD VALUE HAS BEEN REPLICATED.  RERUN WITH AT LEAST TWICE THE
RANDOM STARTS TO CHECK THAT THE BEST LOGLIKELIHOOD IS STILL OBTAINED AND REPLICATED.


THE MODEL ESTIMATION TERMINATED NORMALLY



MODEL FIT INFORMATION

Number of Free Parameters                        9

Loglikelihood

          H0 Value                        -762.463
          H0 Scaling Correction Factor      1.5258
            for MLR

Information Criteria

          Akaike (AIC)                    1542.927
          Bayesian (BIC)                  1578.691
          Sample-Size Adjusted BIC        1550.134
            (n* = (n + 2) / 24)

Chi-Square Test of Model Fit for the Binary and Ordered Categorical
(Ordinal) Outcomes

          Pearson Chi-Square

          Value                            207.926
          Degrees of Freedom                    54
          P-Value                           0.0000

          Likelihood Ratio Chi-Square

          Value                             63.088
          Degrees of Freedom                    54
          P-Value                           0.1859

Chi-Square Test for MCAR under the Unrestricted Latent Class Indicator Model

          Pearson Chi-Square

          Value                            307.268
          Degrees of Freedom                   357
          P-Value                           0.9732

          Likelihood Ratio Chi-Square

          Value                            192.429
          Degrees of Freedom                   357
          P-Value                           1.0000



FINAL CLASS COUNTS AND PROPORTIONS FOR THE LATENT CLASSES
BASED ON THE ESTIMATED MODEL

    Latent
   Classes

       1        218.00000          0.55471
       2        175.00000          0.44529


MODEL RESULTS

                                                    Two-Tailed
                    Estimate       S.E.  Est./S.E.    P-Value

Latent Class 1 (1)

 I        |
    AIDXHH_5           1.000      0.000    999.000    999.000
    AIDXHH_6           1.000      0.000    999.000    999.000
    AIDXHH_7           1.000      0.000    999.000    999.000
    AIDXHH_8           1.000      0.000    999.000    999.000
    AIDXHH_10          1.000      0.000    999.000    999.000

 S        |
    AIDXHH_5           0.000      0.000    999.000    999.000
    AIDXHH_6           1.000      0.000    999.000    999.000
    AIDXHH_7           2.000      0.000    999.000    999.000
    AIDXHH_8           3.000      0.000    999.000    999.000
    AIDXHH_10          5.000      0.000    999.000    999.000

 S        WITH
    I                 -2.314      1.108     -2.088      0.037

 Means
    I                 -0.355      0.721     -0.493      0.622
    S                  0.005      0.216      0.025      0.980

 Thresholds
    AIDXHH_5$1         3.668      0.664      5.524      0.000
    AIDXHH_6$1         3.668      0.664      5.524      0.000
    AIDXHH_7$1         3.668      0.664      5.524      0.000
    AIDXHH_8$1         3.668      0.664      5.524      0.000
    AIDXHH_1$1         3.668      0.664      5.524      0.000

 Variances
    I                 15.394      6.261      2.459      0.014
    S                  0.432      0.192      2.252      0.024

Latent Class 2 (2)

 I        |
    AIDXHH_5           1.000      0.000    999.000    999.000
    AIDXHH_6           1.000      0.000    999.000    999.000
    AIDXHH_7           1.000      0.000    999.000    999.000
    AIDXHH_8           1.000      0.000    999.000    999.000
    AIDXHH_10          1.000      0.000    999.000    999.000

 S        |
    AIDXHH_5           0.000      0.000    999.000    999.000
    AIDXHH_6           1.000      0.000    999.000    999.000
    AIDXHH_7           2.000      0.000    999.000    999.000
    AIDXHH_8           3.000      0.000    999.000    999.000
    AIDXHH_10          5.000      0.000    999.000    999.000

 S        WITH
    I                 -2.065      0.907     -2.278      0.023

 Means
    I                  0.000      0.000    999.000    999.000
    S                  0.005      0.216      0.025      0.980

 Thresholds
    AIDXHH_5$1         3.668      0.664      5.524      0.000
    AIDXHH_6$1         3.668      0.664      5.524      0.000
    AIDXHH_7$1         3.668      0.664      5.524      0.000
    AIDXHH_8$1         3.668      0.664      5.524      0.000
    AIDXHH_1$1         3.668      0.664      5.524      0.000

 Variances
    I                 14.630      5.094      2.872      0.004
    S                  0.432      0.192      2.252      0.024

Categorical Latent Variables

 Means
    C#1                0.220      0.121      1.818      0.069


QUALITY OF NUMERICAL RESULTS

     Condition Number for the Information Matrix              0.900E-04
       (ratio of smallest to largest eigenvalue)


RESULTS IN PROBABILITY SCALE

                    Estimate

Latent Class 1 (1)

 AIDXHH_5
    Category 1         0.825
    Category 2         0.175
 AIDXHH_6
    Category 1         0.856
    Category 2         0.144
 AIDXHH_7
    Category 1         0.887
    Category 2         0.113
 AIDXHH_8
    Category 1         0.915
    Category 2         0.085
 AIDXHH_10
    Category 1         0.945
    Category 2         0.055

Latent Class 2 (2)

 AIDXHH_5
    Category 1         0.808
    Category 2         0.192
 AIDXHH_6
    Category 1         0.835
    Category 2         0.165
 AIDXHH_7
    Category 1         0.862
    Category 2         0.138
 AIDXHH_8
    Category 1         0.885
    Category 2         0.115
 AIDXHH_10
    Category 1         0.902
    Category 2         0.098


LATENT CLASS INDICATOR ODDS RATIOS FOR THE LATENT CLASSES

                                                95% C.I.
                    Estimate       S.E.  Lower 2.5% Upper 2.5%

Latent Class 1 Compared to Latent Class 2

 AIDXHH_5
    Category > 1       1.000      0.000      1.000      1.000
 AIDXHH_6
    Category > 1       1.000      0.000      1.000      1.000
 AIDXHH_7
    Category > 1       1.000      0.000      1.000      1.000
 AIDXHH_8
    Category > 1       1.000      0.000      1.000      1.000
 AIDXHH_1
    Category > 1       1.000      0.000      1.000      1.000


STANDARDIZED MODEL RESULTS


STDYX Standardization

                                                    Two-Tailed
                    Estimate       S.E.  Est./S.E.    P-Value

Latent Class 1 (1)

 I        |
    AIDXHH_5           0.908      0.033     27.929      0.000
    AIDXHH_6           1.031      0.061     16.861      0.000
    AIDXHH_7           1.175      0.121      9.729      0.000
    AIDXHH_8           1.331      0.228      5.830      0.000
    AIDXHH_10          1.559      0.583      2.676      0.007

 S        |
    AIDXHH_5           0.000      0.000    999.000    999.000
    AIDXHH_6           0.173      0.025      6.881      0.000
    AIDXHH_7           0.393      0.064      6.167      0.000
    AIDXHH_8           0.669      0.131      5.092      0.000
    AIDXHH_10          1.305      0.441      2.960      0.003

 S        WITH
    I                 -0.898      0.160     -5.604      0.000

 Means
    I                 -0.091      0.180     -0.503      0.615
    S                  0.008      0.329      0.025      0.980

 Thresholds
    AIDXHH_5$1         0.849      0.142      5.973      0.000
    AIDXHH_6$1         0.964      0.166      5.813      0.000
    AIDXHH_7$1         1.098      0.208      5.290      0.000
    AIDXHH_8$1         1.245      0.288      4.326      0.000
    AIDXHH_1$1         1.458      0.586      2.487      0.013

 Variances
    I                  1.000      0.000    999.000    999.000
    S                  1.000      0.000    999.000    999.000

Latent Class 2 (2)

 I        |
    AIDXHH_5           0.904      0.029     31.285      0.000
    AIDXHH_6           1.014      0.055     18.472      0.000
    AIDXHH_7           1.133      0.106     10.730      0.000
    AIDXHH_8           1.247      0.184      6.787      0.000
    AIDXHH_10          1.347      0.369      3.646      0.000

 S        |
    AIDXHH_5           0.000      0.000    999.000    999.000
    AIDXHH_6           0.174      0.031      5.677      0.000
    AIDXHH_7           0.389      0.075      5.176      0.000
    AIDXHH_8           0.642      0.138      4.657      0.000
    AIDXHH_10          1.157      0.309      3.745      0.000

 S        WITH
    I                 -0.822      0.153     -5.367      0.000

 Means
    I                  0.000      0.000    999.000    999.000
    S                  0.008      0.329      0.025      0.980

 Thresholds
    AIDXHH_5$1         0.867      0.110      7.865      0.000
    AIDXHH_6$1         0.973      0.127      7.637      0.000
    AIDXHH_7$1         1.087      0.161      6.746      0.000
    AIDXHH_8$1         1.195      0.222      5.397      0.000
    AIDXHH_1$1         1.292      0.385      3.356      0.001

 Variances
    I                  1.000      0.000    999.000    999.000
    S                  1.000      0.000    999.000    999.000


R-SQUARE

Class 1

    Observed                                        Two-Tailed
    Variable        Estimate       S.E.  Est./S.E.    P-Value

    AIDXHH_5           0.824      0.059     13.964      0.000
    AIDXHH_6           0.773      0.069     11.269      0.000
    AIDXHH_7           0.705      0.079      8.874      0.000
    AIDXHH_8           0.621      0.106      5.838      0.000
    AIDXHH_1           0.481      0.304      1.582      0.114

Class 2

    Observed                                        Two-Tailed
    Variable        Estimate       S.E.  Est./S.E.    P-Value

    AIDXHH_5           0.816      0.052     15.642      0.000
    AIDXHH_6           0.769      0.060     12.791      0.000
    AIDXHH_7           0.711      0.071     10.033      0.000
    AIDXHH_8           0.651      0.094      6.916      0.000
    AIDXHH_1           0.592      0.186      3.180      0.001


     Beginning Time:  07:35:56
        Ending Time:  07:37:02
       Elapsed Time:  00:01:06



MUTHEN & MUTHEN
3463 Stoner Ave.
Los Angeles, CA  90066

Tel: (310) 391-9971
Fax: (310) 391-8971
Web: www.StatModel.com
Support: Support@StatModel.com

Copyright (c) 1998-2021 Muthen & Muthen
