Mplus VERSION 8.6
MUTHEN & MUTHEN
07/13/2021   7:39 AM

INPUT INSTRUCTIONS

  TITLE: Your title goes here

   DATA: FILE = data.dta;

   VARIABLE:

   NAMES = pidp gridmode mm hidp_5 hidp_6 hidp_7 hidp_8 hidp_9 hidp_10 indmode_5
       indmode_6 indmode_7 indmode_8 indmode_9 indmode_10 mode_type_all mode_type_no9
       mode_type_567 mode_type_7 all no9 p567 p7 switch_all switch_no9 switch_567
       switch_7 lkmove_5 xpmove_5 caruse_5 mobuse_5 netpuse_5 aidxhh_5 jbhas_5 j2has_5
       finnow_5 finfut_5 howlng_5 vote1_5 vote6_5 scsf1_5 scsf2a_5 scsf2b_5 scsf3a_5
       scsf3b_5 scsf4a_5 scsf4b_5 scsf5_5 scsf6a_5 scsf6b_5 scsf6c_5 scsf7_5 scghqa_5
       scghqb_5 scghqc_5 scghqd_5 scghqe_5 scghqf_5 scghqg_5 scghqh_5 scghqi_5
       scghqj_5 scghqk_5 scghql_5 lkmove_6 xpmove_6 caruse_6 mobuse_6 netpuse_6
       aidxhh_6 jbhas_6 j2has_6 finnow_6 finfut_6 howlng_6 vote1_6 vote6_6 scsf1_6
       scsf2a_6 scsf2b_6 scsf3a_6 scsf3b_6 scsf4a_6 scsf4b_6 scsf5_6 scsf6a_6 scsf6b_6
       scsf6c_6 scsf7_6 scghqa_6 scghqb_6 scghqc_6 scghqd_6 scghqe_6 scghqf_6 scghqg_6
       scghqh_6 scghqi_6 scghqj_6 scghqk_6 scghql_6 lkmove_7 xpmove_7 caruse_7
       mobuse_7 netpuse_7 smoker_7 aidxhh_7 jbhas_7 jbterm1_7 jbsemp_7 j2has_7
       fiyrdia_7 finnow_7 finfut_7 howlng_7 vote1_7 vote6_7 scsf2a_7 scsf2b_7 scsf3a_7
       scsf3b_7 scsf4a_7 scsf4b_7 scsf5_7 scsf6a_7 scsf6b_7 scsf6c_7 scsf7_7 scghqa_7
       scghqb_7 scghqc_7 scghqd_7 scghqe_7 scghqf_7 scghqg_7 scghqh_7 scghqi_7
       scghqj_7 scghqk_7 scghql_7 scsf1_7 lkmove_8 xpmove_8 caruse_8 mobuse_8
       netpuse_8 smoker_8 aidxhh_8 jbhas_8 jbterm1_8 jbsemp_8 j2has_8 fiyrdia_8
       finnow_8 finfut_8 scsf2a_8 scsf2b_8 scsf3a_8 scsf3b_8 scsf4a_8 scsf4b_8 scsf5_8
       scsf6a_8 scsf6b_8 scsf6c_8 scsf7_8 scghqa_8 scghqb_8 scghqc_8 scghqd_8 scghqe_8
       scghqf_8 scghqg_8 scghqh_8 scghqi_8 scghqj_8 scghqk_8 scghql_8 scsf1_8 mobuse_9
       netpuse_9 smoker_9 jbhas_9 jbterm1_9 jbsemp_9 j2has_9 fiyrdia_9 finnow_9
       finfut_9 lkmove_10 xpmove_10 mobuse_10 netpuse_10 smoker_10 aidxhh_10 jbhas_10
       jbterm1_10 jbsemp_10 j2has_10 fiyrdia_10 finnow_10 finfut_10 scsf1_10 scsf2a_10
       scsf2b_10 scsf3a_10 scsf3b_10 scsf4a_10 scsf4b_10 scsf5_10 scsf6a_10 scsf6b_10
       scsf6c_10 scsf7_10 scghqa_10 scghqb_10 scghqc_10 scghqd_10 scghqe_10 scghqf_10
       scghqg_10 scghqh_10 scghqi_10 scghqj_10 scghqk_10 scghql_10 edu agecat female
       partner sf1 longill london north urban refresh Higher A level GCSE Other age_35
       age_55 age_75 age_102 pred_all pred_no9 pred_p567 pred_p7 pred_all_w pred_no9_w
       pred_p567_w pred_p7_w f2f_prop stabil;

   MISSING=.;

   USEVARIABLES ARE
   caruse_5
   caruse_6
   caruse_7
   caruse_8;

   CATEGORICAL ARE
   caruse_5
   caruse_6
   caruse_7
   caruse_8;
   CLASSES = c(2);

    KNOWNCLASS = c(all= 1 2);
  WEIGHT IS pred_all_w;

   ANALYSIS:


      TYPE = MIXTURE;

      ESTIMATOR = MLR;

      ALGORITHM = INTEGRATION;

      Processors = 8(starts);

      STARTS = 800 200;

   Model:


      %OVERALL%

  i s | caruse_5@0 caruse_6@1 caruse_7@2 caruse_8@3;
   %c#1%
  [s] (a);
   s (b);
   s WITH i ;
   i ;

   %c#2%
  [s] (a);
   s (b);
   s WITH i ;
   i ;

   OUTPUT: SAMPSTAT;

                                  STDYX;




*** WARNING
  One or more observations has a value of 0 for the WEIGHT variable.
*** WARNING
  Data set contains unknown or missing values for variable ALL.
  This variable is used to determine the KNOWNCLASS specification.
  Number of such cases:  1664
*** WARNING
  Data set contains cases with missing on all variables.
  These cases were not included in the analysis.
  Number of cases with missing on all variables:  79
   3 WARNING(S) FOUND IN THE INPUT INSTRUCTIONS



Your title goes here

SUMMARY OF ANALYSIS

Number of groups                                                 1
Number of observations                                         314

Number of dependent variables                                    4
Number of independent variables                                  0
Number of continuous latent variables                            2
Number of categorical latent variables                           1

Observed dependent variables

  Binary and ordered categorical (ordinal)
   CARUSE_5    CARUSE_6    CARUSE_7    CARUSE_8

Continuous latent variables
   I           S

Categorical latent variables
   C

  Knownclass            C

Variables with special functions

  Weight variable       PRED_ALL

Estimator                                                      MLR
Information matrix                                        OBSERVED
Optimization Specifications for the Quasi-Newton Algorithm for
Continuous Outcomes
  Maximum number of iterations                                 100
  Convergence criterion                                  0.100D-05
Optimization Specifications for the EM Algorithm
  Maximum number of iterations                                 500
  Convergence criteria
    Loglikelihood change                                 0.100D-02
    Relative loglikelihood change                        0.100D-05
    Derivative                                           0.100D-02
Optimization Specifications for the M step of the EM Algorithm for
Categorical Latent variables
  Number of M step iterations                                    1
  M step convergence criterion                           0.100D-02
  Basis for M step termination                           ITERATION
Optimization Specifications for the M step of the EM Algorithm for
Censored, Binary or Ordered Categorical (Ordinal), Unordered
Categorical (Nominal) and Count Outcomes
  Number of M step iterations                                    1
  M step convergence criterion                           0.100D-02
  Basis for M step termination                           ITERATION
  Maximum value for logit thresholds                            15
  Minimum value for logit thresholds                           -15
  Minimum expected cell size for chi-square              0.100D-01
Maximum number of iterations for H1                           2000
Convergence criterion for H1                             0.100D-03
Optimization algorithm                                         EMA
Integration Specifications
  Type                                                    STANDARD
  Number of integration points                                  15
  Dimensions of numerical integration                            2
  Adaptive quadrature                                           ON
Random Starts Specifications
  Number of initial stage random starts                        800
  Number of final stage optimizations                          200
  Number of initial stage iterations                            10
  Initial stage convergence criterion                    0.100D+01
  Random starts scale                                    0.500D+01
  Random seed for generating random starts                       0
Link                                                         LOGIT
Cholesky                                                        ON

Input data file(s)
  data.dta
Input data format  FREE


SUMMARY OF DATA

     Number of missing data patterns            14
     Number of y missing data patterns           0
     Number of u missing data patterns          14


COVARIANCE COVERAGE OF DATA

Minimum covariance coverage value   0.100


     PROPORTION OF DATA PRESENT FOR U


           Covariance Coverage
              CARUSE_5      CARUSE_6      CARUSE_7      CARUSE_8
              ________      ________      ________      ________
 CARUSE_5       0.672
 CARUSE_6       0.637         0.745
 CARUSE_7       0.551         0.608         0.790
 CARUSE_8       0.554         0.605         0.688         0.834


UNIVARIATE PROPORTIONS AND COUNTS FOR CATEGORICAL VARIABLES

    CARUSE_5
      Category 1    0.095           23.986
      Category 2    0.905          227.475
    CARUSE_6
      Category 1    0.095           26.719
      Category 2    0.905          254.492
    CARUSE_7
      Category 1    0.077           19.034
      Category 2    0.923          228.008
    CARUSE_8
      Category 1    0.085           21.039
      Category 2    0.915          226.547


SAMPLE STATISTICS

RANDOM STARTS RESULTS RANKED FROM THE BEST TO THE WORST LOGLIKELIHOOD VALUES

Final stage loglikelihood values at local maxima, seeds, and initial stage start numbers:

            -443.329  192071           142
            -443.389  910224           580
            -443.399  92689            304
            -443.402  551340           766
            -443.409  194143           510
            -443.411  195763           358
            -443.414  761633           50
            -443.421  267983           228
            -443.424  551639           55
            -443.425  435287           623
            -443.427  891531           206
            -443.431  161421           519
            -443.439  742609           531
            -443.447  303834           798
            -443.453  327140           678
            -443.453  51375            148
            -443.459  173191           422
            -443.460  unperturbed      0
            -443.467  576726           280
            -443.477  471398           74
            -443.481  641794           591
            -443.495  961454           665
            -443.496  404042           675
            -443.504  371737           532
            -443.506  965994           396
            -443.539  692169           308
            -443.581  848969           173
            -443.608  124999           96

172 perturbed starting value run(s) did not converge or were rejected in the third stage.



THE BEST LOGLIKELIHOOD VALUE HAS BEEN REPLICATED.  RERUN WITH AT LEAST TWICE THE
RANDOM STARTS TO CHECK THAT THE BEST LOGLIKELIHOOD IS STILL OBTAINED AND REPLICATED.


THE MODEL ESTIMATION TERMINATED NORMALLY



MODEL FIT INFORMATION

Number of Free Parameters                        9

Loglikelihood

          H0 Value                        -443.329
          H0 Scaling Correction Factor      0.9826
            for MLR

Information Criteria

          Akaike (AIC)                     904.657
          Bayesian (BIC)                   938.402
          Sample-Size Adjusted BIC         909.856
            (n* = (n + 2) / 24)

Chi-Square Test of Model Fit for the Binary and Ordered Categorical
(Ordinal) Outcomes

          Pearson Chi-Square

          Value                             23.079
          Degrees of Freedom                    22
          P-Value                           0.3973

          Likelihood Ratio Chi-Square

          Value                             19.914
          Degrees of Freedom                    22
          P-Value                           0.5884

Chi-Square Test for MCAR under the Unrestricted Latent Class Indicator Model

          Pearson Chi-Square

          Value                            118.753
          Degrees of Freedom                    97
          P-Value                           0.0661

          Likelihood Ratio Chi-Square

          Value                             73.511
          Degrees of Freedom                    97
          P-Value                           0.9638



FINAL CLASS COUNTS AND PROPORTIONS FOR THE LATENT CLASSES
BASED ON THE ESTIMATED MODEL

    Latent
   Classes

       1        166.00000          0.52866
       2        148.00000          0.47134


MODEL RESULTS

                                                    Two-Tailed
                    Estimate       S.E.  Est./S.E.    P-Value

Latent Class 1 (1)

 I        |
    CARUSE_5           1.000      0.000    999.000    999.000
    CARUSE_6           1.000      0.000    999.000    999.000
    CARUSE_7           1.000      0.000    999.000    999.000
    CARUSE_8           1.000      0.000    999.000    999.000

 S        |
    CARUSE_5           0.000      0.000    999.000    999.000
    CARUSE_6           1.000      0.000    999.000    999.000
    CARUSE_7           2.000      0.000    999.000    999.000
    CARUSE_8           3.000      0.000    999.000    999.000

 S        WITH
    I                  0.834      0.535      1.558      0.119

 Means
    I                 -0.318      1.531     -0.207      0.836
    S                  0.145      0.244      0.593      0.553

 Thresholds
    CARUSE_5$1        -6.016      0.577    -10.431      0.000
    CARUSE_6$1        -6.016      0.577    -10.431      0.000
    CARUSE_7$1        -6.016      0.577    -10.431      0.000
    CARUSE_8$1        -6.016      0.577    -10.431      0.000

 Variances
    I                 17.068     11.779      1.449      0.147
    S                  0.041      0.029      1.421      0.155

Latent Class 2 (2)

 I        |
    CARUSE_5           1.000      0.000    999.000    999.000
    CARUSE_6           1.000      0.000    999.000    999.000
    CARUSE_7           1.000      0.000    999.000    999.000
    CARUSE_8           1.000      0.000    999.000    999.000

 S        |
    CARUSE_5           0.000      0.000    999.000    999.000
    CARUSE_6           1.000      0.000    999.000    999.000
    CARUSE_7           2.000      0.000    999.000    999.000
    CARUSE_8           3.000      0.000    999.000    999.000

 S        WITH
    I                  0.050      1.698      0.029      0.977

 Means
    I                  0.000      0.000    999.000    999.000
    S                  0.145      0.244      0.593      0.553

 Thresholds
    CARUSE_5$1        -6.016      0.577    -10.431      0.000
    CARUSE_6$1        -6.016      0.577    -10.431      0.000
    CARUSE_7$1        -6.016      0.577    -10.431      0.000
    CARUSE_8$1        -6.016      0.577    -10.431      0.000

 Variances
    I                 19.273      7.522      2.562      0.010
    S                  0.041      0.029      1.421      0.155

Categorical Latent Variables

 Means
    C#1                0.115      0.133      0.863      0.388


QUALITY OF NUMERICAL RESULTS

     Condition Number for the Information Matrix              0.289E-06
       (ratio of smallest to largest eigenvalue)


RESULTS IN PROBABILITY SCALE

                    Estimate

Latent Class 1 (1)

 CARUSE_5
    Category 1         0.103
    Category 2         0.897
 CARUSE_6
    Category 1         0.106
    Category 2         0.894
 CARUSE_7
    Category 1         0.110
    Category 2         0.890
 CARUSE_8
    Category 1         0.113
    Category 2         0.887

Latent Class 2 (2)

 CARUSE_5
    Category 1         0.102
    Category 2         0.898
 CARUSE_6
    Category 1         0.098
    Category 2         0.902
 CARUSE_7
    Category 1         0.094
    Category 2         0.906
 CARUSE_8
    Category 1         0.090
    Category 2         0.910


LATENT CLASS INDICATOR ODDS RATIOS FOR THE LATENT CLASSES

                                                95% C.I.
                    Estimate       S.E.  Lower 2.5% Upper 2.5%

Latent Class 1 Compared to Latent Class 2

 CARUSE_5
    Category > 1       1.000      0.000      1.000      1.000
 CARUSE_6
    Category > 1       1.000      0.000      1.000      1.000
 CARUSE_7
    Category > 1       1.000      0.000      1.000      1.000
 CARUSE_8
    Category > 1       1.000      0.000      1.000      1.000


STANDARDIZED MODEL RESULTS


STDYX Standardization

                                                    Two-Tailed
                    Estimate       S.E.  Est./S.E.    P-Value

Latent Class 1 (1)

 I        |
    CARUSE_5           0.916      0.051     17.932      0.000
    CARUSE_6           0.879      0.050     17.752      0.000
    CARUSE_7           0.846      0.050     17.059      0.000
    CARUSE_8           0.815      0.051     16.096      0.000

 S        |
    CARUSE_5           0.000      0.000    999.000    999.000
    CARUSE_6           0.043      0.011      4.043      0.000
    CARUSE_7           0.083      0.020      4.200      0.000
    CARUSE_8           0.119      0.027      4.358      0.000

 S        WITH
    I                  0.999      0.001   1862.184      0.000

 Means
    I                 -0.077      0.395     -0.195      0.846
    S                  0.718      1.273      0.564      0.573

 Thresholds
    CARUSE_5$1        -1.333      0.413     -3.225      0.001
    CARUSE_6$1        -1.281      0.396     -3.236      0.001
    CARUSE_7$1        -1.232      0.380     -3.246      0.001
    CARUSE_8$1        -1.186      0.365     -3.254      0.001

 Variances
    I                  1.000      0.000    999.000    999.000
    S                  1.000      0.000    999.000    999.000

Latent Class 2 (2)

 I        |
    CARUSE_5           0.924      0.026     35.145      0.000
    CARUSE_6           0.921      0.090     10.260      0.000
    CARUSE_7           0.917      0.157      5.851      0.000
    CARUSE_8           0.911      0.221      4.114      0.000

 S        |
    CARUSE_5           0.000      0.000    999.000    999.000
    CARUSE_6           0.042      0.015      2.791      0.005
    CARUSE_7           0.084      0.030      2.768      0.006
    CARUSE_8           0.126      0.047      2.650      0.008

 S        WITH
    I                  0.056      1.925      0.029      0.977

 Means
    I                  0.000      0.000    999.000    999.000
    S                  0.718      1.273      0.564      0.573

 Thresholds
    CARUSE_5$1        -1.267      0.161     -7.850      0.000
    CARUSE_6$1        -1.263      0.143     -8.818      0.000
    CARUSE_7$1        -1.257      0.180     -6.972      0.000
    CARUSE_8$1        -1.248      0.245     -5.088      0.000

 Variances
    I                  1.000      0.000    999.000    999.000
    S                  1.000      0.000    999.000    999.000


R-SQUARE

Class 1

    Observed                                        Two-Tailed
    Variable        Estimate       S.E.  Est./S.E.    P-Value

    CARUSE_5           0.838      0.094      8.966      0.000
    CARUSE_6           0.851      0.086      9.846      0.000
    CARUSE_7           0.862      0.080     10.762      0.000
    CARUSE_8           0.872      0.074     11.713      0.000

Class 2

    Observed                                        Two-Tailed
    Variable        Estimate       S.E.  Est./S.E.    P-Value

    CARUSE_5           0.854      0.049     17.573      0.000
    CARUSE_6           0.855      0.037     23.365      0.000
    CARUSE_7           0.857      0.036     24.083      0.000
    CARUSE_8           0.858      0.045     19.030      0.000


     Beginning Time:  07:39:15
        Ending Time:  07:40:31
       Elapsed Time:  00:01:16



MUTHEN & MUTHEN
3463 Stoner Ave.
Los Angeles, CA  90066

Tel: (310) 391-9971
Fax: (310) 391-8971
Web: www.StatModel.com
Support: Support@StatModel.com

Copyright (c) 1998-2021 Muthen & Muthen
