Mplus VERSION 8.6
MUTHEN & MUTHEN
07/13/2021   9:58 AM

INPUT INSTRUCTIONS

  TITLE: Your title goes here

   DATA: FILE = data.dta;

   VARIABLE:

   NAMES = pidp gridmode mm hidp_5 hidp_6 hidp_7 hidp_8 hidp_9 hidp_10 indmode_5
       indmode_6 indmode_7 indmode_8 indmode_9 indmode_10 mode_type_all mode_type_no9
       mode_type_567 mode_type_7 all no9 p567 p7 switch_all switch_no9 switch_567
       switch_7 lkmove_5 xpmove_5 caruse_5 mobuse_5 netpuse_5 aidxhh_5 jbhas_5 j2has_5
       finnow_5 finfut_5 howlng_5 vote1_5 vote6_5 scsf1_5 scsf2a_5 scsf2b_5 scsf3a_5
       scsf3b_5 scsf4a_5 scsf4b_5 scsf5_5 scsf6a_5 scsf6b_5 scsf6c_5 scsf7_5 scghqa_5
       scghqb_5 scghqc_5 scghqd_5 scghqe_5 scghqf_5 scghqg_5 scghqh_5 scghqi_5
       scghqj_5 scghqk_5 scghql_5 lkmove_6 xpmove_6 caruse_6 mobuse_6 netpuse_6
       aidxhh_6 jbhas_6 j2has_6 finnow_6 finfut_6 howlng_6 vote1_6 vote6_6 scsf1_6
       scsf2a_6 scsf2b_6 scsf3a_6 scsf3b_6 scsf4a_6 scsf4b_6 scsf5_6 scsf6a_6 scsf6b_6
       scsf6c_6 scsf7_6 scghqa_6 scghqb_6 scghqc_6 scghqd_6 scghqe_6 scghqf_6 scghqg_6
       scghqh_6 scghqi_6 scghqj_6 scghqk_6 scghql_6 lkmove_7 xpmove_7 caruse_7
       mobuse_7 netpuse_7 smoker_7 aidxhh_7 jbhas_7 jbterm1_7 jbsemp_7 j2has_7
       fiyrdia_7 finnow_7 finfut_7 howlng_7 vote1_7 vote6_7 scsf2a_7 scsf2b_7 scsf3a_7
       scsf3b_7 scsf4a_7 scsf4b_7 scsf5_7 scsf6a_7 scsf6b_7 scsf6c_7 scsf7_7 scghqa_7
       scghqb_7 scghqc_7 scghqd_7 scghqe_7 scghqf_7 scghqg_7 scghqh_7 scghqi_7
       scghqj_7 scghqk_7 scghql_7 scsf1_7 lkmove_8 xpmove_8 caruse_8 mobuse_8
       netpuse_8 smoker_8 aidxhh_8 jbhas_8 jbterm1_8 jbsemp_8 j2has_8 fiyrdia_8
       finnow_8 finfut_8 scsf2a_8 scsf2b_8 scsf3a_8 scsf3b_8 scsf4a_8 scsf4b_8 scsf5_8
       scsf6a_8 scsf6b_8 scsf6c_8 scsf7_8 scghqa_8 scghqb_8 scghqc_8 scghqd_8 scghqe_8
       scghqf_8 scghqg_8 scghqh_8 scghqi_8 scghqj_8 scghqk_8 scghql_8 scsf1_8 mobuse_9
       netpuse_9 smoker_9 jbhas_9 jbterm1_9 jbsemp_9 j2has_9 fiyrdia_9 finnow_9
       finfut_9 lkmove_10 xpmove_10 mobuse_10 netpuse_10 smoker_10 aidxhh_10 jbhas_10
       jbterm1_10 jbsemp_10 j2has_10 fiyrdia_10 finnow_10 finfut_10 scsf1_10 scsf2a_10
       scsf2b_10 scsf3a_10 scsf3b_10 scsf4a_10 scsf4b_10 scsf5_10 scsf6a_10 scsf6b_10
       scsf6c_10 scsf7_10 scghqa_10 scghqb_10 scghqc_10 scghqd_10 scghqe_10 scghqf_10
       scghqg_10 scghqh_10 scghqi_10 scghqj_10 scghqk_10 scghql_10 edu agecat female
       partner sf1 longill london north urban refresh Higher A level GCSE Other age_35
       age_55 age_75 age_102 pred_all pred_no9 pred_p567 pred_p7 pred_all_w pred_no9_w
       pred_p567_w pred_p7_w f2f_prop stabil;

   MISSING=.;

   USEVARIABLES ARE
   scghqi_5
   scghqi_6
   scghqi_7
   scghqi_8
   scghqi_10;

   CATEGORICAL ARE
   scghqi_5
   scghqi_6
   scghqi_7
   scghqi_8
   scghqi_10;
   CLASSES = c(2);

    KNOWNCLASS = c(no9= 1 2);
  WEIGHT IS pred_no9_w;

   ANALYSIS:


      TYPE = MIXTURE;

      ESTIMATOR = MLR;

      ALGORITHM = INTEGRATION;

      Processors = 8(starts);

      STARTS = 800 200;

   Model:


      %OVERALL%

  i s | scghqi_5@0 scghqi_6@1 scghqi_7@2 scghqi_8@3 scghqi_10@5;
   %c#1%
  [s] (a); s ;
   s WITH i ;
   i ;


   %c#2%
  [s] (a); s ;
   s WITH i ;
   i ;


   OUTPUT: SAMPSTAT;

                                  STDYX;




*** WARNING in VARIABLE command
  Note that only the first 8 characters of variable names are used in the output.
  Shorten variable names to avoid any confusion.
*** WARNING
  One or more observations has a value of 0 for the WEIGHT variable.
*** WARNING
  Data set contains unknown or missing values for variable NO9.
  This variable is used to determine the KNOWNCLASS specification.
  Number of such cases:  1664
*** WARNING
  Data set contains cases with missing on all variables.
  These cases were not included in the analysis.
  Number of cases with missing on all variables:  1
   4 WARNING(S) FOUND IN THE INPUT INSTRUCTIONS



Your title goes here

SUMMARY OF ANALYSIS

Number of groups                                                 1
Number of observations                                         392

Number of dependent variables                                    5
Number of independent variables                                  0
Number of continuous latent variables                            2
Number of categorical latent variables                           1

Observed dependent variables

  Binary and ordered categorical (ordinal)
   SCGHQI_5    SCGHQI_6    SCGHQI_7    SCGHQI_8    SCGHQI_1

Continuous latent variables
   I           S

Categorical latent variables
   C

  Knownclass            C

Variables with special functions

  Weight variable       PRED_NO9

Estimator                                                      MLR
Information matrix                                        OBSERVED
Optimization Specifications for the Quasi-Newton Algorithm for
Continuous Outcomes
  Maximum number of iterations                                 100
  Convergence criterion                                  0.100D-05
Optimization Specifications for the EM Algorithm
  Maximum number of iterations                                 500
  Convergence criteria
    Loglikelihood change                                 0.100D-02
    Relative loglikelihood change                        0.100D-05
    Derivative                                           0.100D-02
Optimization Specifications for the M step of the EM Algorithm for
Categorical Latent variables
  Number of M step iterations                                    1
  M step convergence criterion                           0.100D-02
  Basis for M step termination                           ITERATION
Optimization Specifications for the M step of the EM Algorithm for
Censored, Binary or Ordered Categorical (Ordinal), Unordered
Categorical (Nominal) and Count Outcomes
  Number of M step iterations                                    1
  M step convergence criterion                           0.100D-02
  Basis for M step termination                           ITERATION
  Maximum value for logit thresholds                            15
  Minimum value for logit thresholds                           -15
  Minimum expected cell size for chi-square              0.100D-01
Maximum number of iterations for H1                           2000
Convergence criterion for H1                             0.100D-03
Optimization algorithm                                         EMA
Integration Specifications
  Type                                                    STANDARD
  Number of integration points                                  15
  Dimensions of numerical integration                            2
  Adaptive quadrature                                           ON
Random Starts Specifications
  Number of initial stage random starts                        800
  Number of final stage optimizations                          200
  Number of initial stage iterations                            10
  Initial stage convergence criterion                    0.100D+01
  Random starts scale                                    0.500D+01
  Random seed for generating random starts                       0
Link                                                         LOGIT
Cholesky                                                        ON

Input data file(s)
  data.dta
Input data format  FREE


SUMMARY OF DATA

     Number of missing data patterns            30
     Number of y missing data patterns           0
     Number of u missing data patterns          30


COVARIANCE COVERAGE OF DATA

Minimum covariance coverage value   0.100


     PROPORTION OF DATA PRESENT FOR U


           Covariance Coverage
              SCGHQI_5      SCGHQI_6      SCGHQI_7      SCGHQI_8      SCGHQI_1
              ________      ________      ________      ________      ________
 SCGHQI_5       0.487
 SCGHQI_6       0.406         0.635
 SCGHQI_7       0.383         0.482         0.735
 SCGHQI_8       0.375         0.497         0.617         0.788
 SCGHQI_1       0.337         0.434         0.541         0.610         0.684


UNIVARIATE PROPORTIONS AND COUNTS FOR CATEGORICAL VARIABLES

    SCGHQI_5
      Category 1    0.343           79.678
      Category 2    0.469          109.097
      Category 3    0.129           29.901
      Category 4    0.059           13.698
    SCGHQI_6
      Category 1    0.322          101.554
      Category 2    0.410          129.226
      Category 3    0.229           72.257
      Category 4    0.038           11.888
    SCGHQI_7
      Category 1    0.407          119.688
      Category 2    0.437          128.689
      Category 3    0.123           36.107
      Category 4    0.033            9.734
    SCGHQI_8
      Category 1    0.392          115.811
      Category 2    0.458          135.447
      Category 3    0.117           34.546
      Category 4    0.033            9.847
    SCGHQI_1
      Category 1    0.355           87.803
      Category 2    0.450          111.256
      Category 3    0.134           33.114
      Category 4    0.061           15.073


SAMPLE STATISTICS

RANDOM STARTS RESULTS RANKED FROM THE BEST TO THE WORST LOGLIKELIHOOD VALUES

Final stage loglikelihood values at local maxima, seeds, and initial stage start numbers:

           -1707.347  536551           696
           -1707.347  534864           307
           -1707.347  608849           224
           -1707.347  797594           234
           -1707.347  917702           693
           -1707.347  717754           180
           -1707.347  741484           441
           -1707.347  741888           138
           -1707.347  238906           430
           -1707.347  862607           468
           -1707.347  166851           638
           -1707.347  590834           785
           -1707.347  496710           386
           -1707.347  855760           593
           -1707.347  642386           662
           -1707.347  69413            472
           -1707.347  173191           422
           -1707.347  85114            385
           -1707.347  761633           50
           -1707.347  563002           360
           -1707.347  926797           406
           -1707.347  853195           431
           -1707.347  217744           326
           -1707.347  903420           5
           -1707.347  303634           169
           -1707.347  486646           586
           -1707.347  881886           608
           -1707.347  556929           734
           -1707.347  728038           177
           -1707.347  736574           414
           -1707.347  891347           504
           -1707.347  552272           654
           -1707.347  148918           682
           -1707.347  215353           164
           -1707.347  529496           343
           -1707.347  407168           44
           -1707.347  539389           544
           -1707.347  17896            592
           -1707.347  231281           542
           -1707.347  625191           350
           -1707.347  569338           755
           -1707.347  910224           580
           -1707.347  836515           341
           -1707.347  694303           282
           -1707.347  754100           56
           -1707.347  742609           531
           -1707.347  937885           426
           -1707.347  584397           428
           -1707.347  505244           582
           -1707.347  318230           46
           -1707.347  610181           711
           -1707.347  638611           524
           -1707.347  878749           728
           -1707.347  352277           42
           -1707.347  284109           82
           -1707.347  789985           67
           -1707.347  603842           61
           -1707.347  252949           487
           -1707.347  496703           758
           -1707.347  190339           102
           -1707.347  153394           429
           -1707.347  682718           733
           -1707.347  605358           321
           -1707.347  748692           204
           -1707.347  387701           275
           -1707.347  210870           383
           -1707.347  188498           258
           -1707.347  292884           103
           -1707.347  502157           799
           -1707.347  679832           302
           -1707.347  106561           686
           -1707.347  59674            240
           -1707.347  677062           680
           -1707.347  668003           647
           -1707.347  92689            304
           -1707.347  283492           435
           -1707.347  654136           167
           -1707.347  766903           505
           -1707.347  359578           458
           -1707.347  781489           627
           -1707.347  544048           87
           -1707.347  68985            17
           -1707.347  657994           788
           -1707.347  121425           511
           -1707.347  62835            642
           -1707.347  117391           710
           -1707.347  650354           577
           -1707.347  856612           700
           -1707.347  499150           216
           -1707.347  580181           691
           -1707.347  488581           688
           -1707.347  137377           397
           -1707.347  314034           513
           -1707.347  971693           470
           -1707.347  76451            211
           -1707.347  582296           452
           -1707.347  926283           269
           -1707.347  414828           322
           -1707.347  710445           792
           -1707.347  462821           745
           -1707.347  333082           578
           -1707.347  85734            411
           -1707.347  232226           235
           -1707.347  340112           126
           -1707.347  569833           85
           -1707.347  354208           196
           -1707.347  939709           112
           -1707.347  440368           797
           -1707.348  279850           555
           -1707.348  404510           442
           -1707.348  297518           166
           -1707.348  637345           19
           -1707.348  379729           512
           -1707.348  520177           262
           -1707.348  246261           38
           -1707.348  105435           265
           -1707.348  399848           220
           -1707.348  871438           561
           -1707.348  804561           59
           -1707.348  933578           506
           -1707.348  973369           202
           -1707.348  153053           378
           -1707.348  782821           272
           -1707.348  801065           393
           -1707.348  502495           724
           -1707.348  350608           334
           -1707.348  900631           774
           -1707.348  824956           607
           -1707.348  471438           252
           -1707.348  311214           64
           -1707.348  88437            761
           -1707.348  58507            793
           -1707.348  939870           655
           -1707.348  616917           261
           -1707.348  294811           637
           -1707.348  216565           474
           -1707.348  393232           152
           -1707.348  192071           142
           -1707.348  999211           628
           -1707.348  383986           159
           -1707.348  830392           35
           -1707.348  509733           130
           -1707.349  950604           172
           -1707.349  659773           663
           -1707.349  392418           28
           -1707.349  326091           759
           -1707.349  273992           349
           -1707.349  508482           446
           -1707.349  635245           121
           -1707.349  701525           239
           -1707.349  824126           287
           -1707.349  154575           539
           -1707.349  127362           757
           -1707.349  21345            199
           -1707.349  732596           320
           -1707.349  849670           347
           -1707.349  479273           156
           -1707.349  971853           402
           -1707.349  491970           563
           -1707.349  686384           690
           -1707.349  778953           635
           -1707.349  802682           419
           -1707.350  930872           277
           -1707.350  422103           62
           -1707.350  313306           612
           -1707.350  414284           158
           -1707.350  860029           760
           -1707.350  529455           268
           -1707.350  80438            246
           -1707.351  942358           644
           -1707.351  107446           12
           -1707.351  641794           591
           -1707.352  79212            517
           -1707.352  631413           439
           -1707.352  783110           72
           -1707.352  800454           751
           -1707.355  802256           477
           -1707.356  502532           445
           -1707.357  738393           619
           -1707.362  395754           388
           -1707.363  351622           551
           -1707.364  609185           181
           -1707.364  91231            727
           -1707.364  476393           705
           -1707.369  568405           233
           -1707.370  120506           45
           -1707.371  207896           25
           -1707.373  unperturbed      0
           -1707.374  699810           571
           -1707.376  760850           739
           -1707.377  358488           264
           -1707.377  349562           359
           -1707.377  928287           197
           -1707.377  860772           174
           -1707.377  576220           115
           -1707.377  602797           336
           -1707.377  109357           765
           -1707.378  374219           353
           -1707.378  875667           367
           -1707.378  372176           23



THE BEST LOGLIKELIHOOD VALUE HAS BEEN REPLICATED.  RERUN WITH AT LEAST TWICE THE
RANDOM STARTS TO CHECK THAT THE BEST LOGLIKELIHOOD IS STILL OBTAINED AND REPLICATED.


THE MODEL ESTIMATION TERMINATED NORMALLY



MODEL FIT INFORMATION

Number of Free Parameters                       12

Loglikelihood

          H0 Value                       -1707.347
          H0 Scaling Correction Factor      1.3819
            for MLR

Information Criteria

          Akaike (AIC)                    3438.694
          Bayesian (BIC)                  3486.349
          Sample-Size Adjusted BIC        3448.273
            (n* = (n + 2) / 24)

Chi-Square Test of Model Fit for the Binary and Ordered Categorical
(Ordinal) Outcomes**

          Pearson Chi-Square

          Value                           1796.169
          Degrees of Freedom                  2024
          P-Value                           0.9999

          Likelihood Ratio Chi-Square

          Value                            555.524
          Degrees of Freedom                  2024
          P-Value                           1.0000

** Of the 3108 cells in the latent class indicator table, 5
   were deleted in the calculation of chi-square due to extreme values.

Chi-Square Test for MCAR under the Unrestricted Latent Class Indicator Model

          Pearson Chi-Square

          Value                           1367.593
          Degrees of Freedom                  4109
          P-Value                           1.0000

          Likelihood Ratio Chi-Square

          Value                           1037.423
          Degrees of Freedom                  4109
          P-Value                           1.0000



FINAL CLASS COUNTS AND PROPORTIONS FOR THE LATENT CLASSES
BASED ON THE ESTIMATED MODEL

    Latent
   Classes

       1        217.00000          0.55357
       2        175.00000          0.44643


MODEL RESULTS

                                                    Two-Tailed
                    Estimate       S.E.  Est./S.E.    P-Value

Latent Class 1 (1)

 I        |
    SCGHQI_5           1.000      0.000    999.000    999.000
    SCGHQI_6           1.000      0.000    999.000    999.000
    SCGHQI_7           1.000      0.000    999.000    999.000
    SCGHQI_8           1.000      0.000    999.000    999.000
    SCGHQI_10          1.000      0.000    999.000    999.000

 S        |
    SCGHQI_5           0.000      0.000    999.000    999.000
    SCGHQI_6           1.000      0.000    999.000    999.000
    SCGHQI_7           2.000      0.000    999.000    999.000
    SCGHQI_8           3.000      0.000    999.000    999.000
    SCGHQI_10          5.000      0.000    999.000    999.000

 S        WITH
    I                 -0.682      0.328     -2.078      0.038

 Means
    I                 -0.503      0.284     -1.776      0.076
    S                 -0.039      0.046     -0.842      0.400

 Thresholds
    SCGHQI_5$1        -1.226      0.245     -4.999      0.000
    SCGHQI_5$2         1.957      0.253      7.741      0.000
    SCGHQI_5$3         4.165      0.347     11.991      0.000
    SCGHQI_6$1        -1.226      0.245     -4.999      0.000
    SCGHQI_6$2         1.957      0.253      7.741      0.000
    SCGHQI_6$3         4.165      0.347     11.991      0.000
    SCGHQI_7$1        -1.226      0.245     -4.999      0.000
    SCGHQI_7$2         1.957      0.253      7.741      0.000
    SCGHQI_7$3         4.165      0.347     11.991      0.000
    SCGHQI_8$1        -1.226      0.245     -4.999      0.000
    SCGHQI_8$2         1.957      0.253      7.741      0.000
    SCGHQI_8$3         4.165      0.347     11.991      0.000
    SCGHQI_1$1        -1.226      0.245     -4.999      0.000
    SCGHQI_1$2         1.957      0.253      7.741      0.000
    SCGHQI_1$3         4.165      0.347     11.991      0.000

 Variances
    I                  5.002      1.353      3.698      0.000
    S                  0.244      0.110      2.214      0.027

Latent Class 2 (2)

 I        |
    SCGHQI_5           1.000      0.000    999.000    999.000
    SCGHQI_6           1.000      0.000    999.000    999.000
    SCGHQI_7           1.000      0.000    999.000    999.000
    SCGHQI_8           1.000      0.000    999.000    999.000
    SCGHQI_10          1.000      0.000    999.000    999.000

 S        |
    SCGHQI_5           0.000      0.000    999.000    999.000
    SCGHQI_6           1.000      0.000    999.000    999.000
    SCGHQI_7           2.000      0.000    999.000    999.000
    SCGHQI_8           3.000      0.000    999.000    999.000
    SCGHQI_10          5.000      0.000    999.000    999.000

 S        WITH
    I                 -0.109      0.165     -0.662      0.508

 Means
    I                  0.000      0.000    999.000    999.000
    S                 -0.039      0.046     -0.842      0.400

 Thresholds
    SCGHQI_5$1        -1.226      0.245     -4.999      0.000
    SCGHQI_5$2         1.957      0.253      7.741      0.000
    SCGHQI_5$3         4.165      0.347     11.991      0.000
    SCGHQI_6$1        -1.226      0.245     -4.999      0.000
    SCGHQI_6$2         1.957      0.253      7.741      0.000
    SCGHQI_6$3         4.165      0.347     11.991      0.000
    SCGHQI_7$1        -1.226      0.245     -4.999      0.000
    SCGHQI_7$2         1.957      0.253      7.741      0.000
    SCGHQI_7$3         4.165      0.347     11.991      0.000
    SCGHQI_8$1        -1.226      0.245     -4.999      0.000
    SCGHQI_8$2         1.957      0.253      7.741      0.000
    SCGHQI_8$3         4.165      0.347     11.991      0.000
    SCGHQI_1$1        -1.226      0.245     -4.999      0.000
    SCGHQI_1$2         1.957      0.253      7.741      0.000
    SCGHQI_1$3         4.165      0.347     11.991      0.000

 Variances
    I                  4.246      1.169      3.633      0.000
    S                  0.003      0.008      0.355      0.723

Categorical Latent Variables

 Means
    C#1                0.215      0.121      1.776      0.076


QUALITY OF NUMERICAL RESULTS

     Condition Number for the Information Matrix              0.705E-05
       (ratio of smallest to largest eigenvalue)


RESULTS IN PROBABILITY SCALE

                    Estimate

Latent Class 1 (1)

 SCGHQI_5
    Category 1         0.399
    Category 2         0.408
    Category 3         0.141
    Category 4         0.052
 SCGHQI_6
    Category 1         0.397
    Category 2         0.432
    Category 3         0.132
    Category 4         0.039
 SCGHQI_7
    Category 1         0.397
    Category 2         0.447
    Category 3         0.123
    Category 4         0.032
 SCGHQI_8
    Category 1         0.402
    Category 2         0.449
    Category 3         0.119
    Category 4         0.030
 SCGHQI_10
    Category 1         0.422
    Category 2         0.414
    Category 3         0.125
    Category 4         0.039

Latent Class 2 (2)

 SCGHQI_5
    Category 1         0.324
    Category 2         0.442
    Category 3         0.170
    Category 4         0.063
 SCGHQI_6
    Category 1         0.327
    Category 2         0.448
    Category 3         0.167
    Category 4         0.059
 SCGHQI_7
    Category 1         0.329
    Category 2         0.453
    Category 3         0.163
    Category 4         0.055
 SCGHQI_8
    Category 1         0.332
    Category 2         0.458
    Category 3         0.159
    Category 4         0.051
 SCGHQI_10
    Category 1         0.339
    Category 2         0.467
    Category 3         0.151
    Category 4         0.043


STANDARDIZED MODEL RESULTS


STDYX Standardization

                                                    Two-Tailed
                    Estimate       S.E.  Est./S.E.    P-Value

Latent Class 1 (1)

 I        |
    SCGHQI_5           0.777      0.042     18.641      0.000
    SCGHQI_6           0.835      0.064     13.049      0.000
    SCGHQI_7           0.874      0.089      9.794      0.000
    SCGHQI_8           0.884      0.109      8.114      0.000
    SCGHQI_10          0.812      0.122      6.675      0.000

 S        |
    SCGHQI_5           0.000      0.000    999.000    999.000
    SCGHQI_6           0.185      0.039      4.687      0.000
    SCGHQI_7           0.386      0.088      4.414      0.000
    SCGHQI_8           0.586      0.133      4.399      0.000
    SCGHQI_10          0.897      0.174      5.167      0.000

 S        WITH
    I                 -0.617      0.135     -4.552      0.000

 Means
    I                 -0.225      0.128     -1.752      0.080
    S                 -0.078      0.095     -0.823      0.410

 Thresholds
    SCGHQI_5$1        -0.426      0.091     -4.680      0.000
    SCGHQI_5$2         0.680      0.090      7.529      0.000
    SCGHQI_5$3         1.446      0.141     10.278      0.000
    SCGHQI_6$1        -0.458      0.095     -4.811      0.000
    SCGHQI_6$2         0.731      0.094      7.770      0.000
    SCGHQI_6$3         1.555      0.144     10.776      0.000
    SCGHQI_7$1        -0.479      0.098     -4.911      0.000
    SCGHQI_7$2         0.765      0.099      7.701      0.000
    SCGHQI_7$3         1.628      0.154     10.607      0.000
    SCGHQI_8$1        -0.485      0.097     -4.984      0.000
    SCGHQI_8$2         0.774      0.104      7.430      0.000
    SCGHQI_8$3         1.646      0.163     10.099      0.000
    SCGHQI_1$1        -0.445      0.090     -4.930      0.000
    SCGHQI_1$2         0.711      0.108      6.569      0.000
    SCGHQI_1$3         1.513      0.176      8.587      0.000

 Variances
    I                  1.000      0.000    999.000    999.000
    S                  1.000      0.000    999.000    999.000

Latent Class 2 (2)

 I        |
    SCGHQI_5           0.751      0.045     16.644      0.000
    SCGHQI_6           0.762      0.057     13.254      0.000
    SCGHQI_7           0.773      0.072     10.767      0.000
    SCGHQI_8           0.784      0.087      8.973      0.000
    SCGHQI_10          0.807      0.121      6.654      0.000

 S        |
    SCGHQI_5           0.000      0.000    999.000    999.000
    SCGHQI_6           0.020      0.027      0.726      0.468
    SCGHQI_7           0.040      0.056      0.715      0.474
    SCGHQI_8           0.060      0.086      0.705      0.481
    SCGHQI_10          0.104      0.151      0.685      0.493

 S        WITH
    I                 -0.999      0.025    -40.064      0.000

 Means
    I                  0.000      0.000    999.000    999.000
    S                 -0.731      1.409     -0.519      0.604

 Thresholds
    SCGHQI_5$1        -0.447      0.099     -4.510      0.000
    SCGHQI_5$2         0.713      0.090      7.902      0.000
    SCGHQI_5$3         1.517      0.139     10.932      0.000
    SCGHQI_6$1        -0.453      0.098     -4.615      0.000
    SCGHQI_6$2         0.723      0.088      8.231      0.000
    SCGHQI_6$3         1.539      0.127     12.121      0.000
    SCGHQI_7$1        -0.460      0.098     -4.684      0.000
    SCGHQI_7$2         0.734      0.088      8.353      0.000
    SCGHQI_7$3         1.562      0.122     12.837      0.000
    SCGHQI_8$1        -0.467      0.099     -4.713      0.000
    SCGHQI_8$2         0.745      0.090      8.236      0.000
    SCGHQI_8$3         1.585      0.124     12.731      0.000
    SCGHQI_1$1        -0.480      0.104     -4.640      0.000
    SCGHQI_1$2         0.767      0.103      7.430      0.000
    SCGHQI_1$3         1.632      0.154     10.592      0.000

 Variances
    I                  1.000      0.000    999.000    999.000
    S                  1.000      0.000    999.000    999.000


R-SQUARE

Class 1

    Observed                                        Two-Tailed
    Variable        Estimate       S.E.  Est./S.E.    P-Value

    SCGHQI_5           0.603      0.065      9.321      0.000
    SCGHQI_6           0.541      0.061      8.932      0.000
    SCGHQI_7           0.497      0.060      8.339      0.000
    SCGHQI_8           0.486      0.065      7.520      0.000
    SCGHQI_1           0.566      0.082      6.887      0.000

Class 2

    Observed                                        Two-Tailed
    Variable        Estimate       S.E.  Est./S.E.    P-Value

    SCGHQI_5           0.563      0.068      8.322      0.000
    SCGHQI_6           0.551      0.059      9.372      0.000
    SCGHQI_7           0.537      0.054     10.030      0.000
    SCGHQI_8           0.524      0.054      9.618      0.000
    SCGHQI_1           0.495      0.076      6.535      0.000


     Beginning Time:  09:58:02
        Ending Time:  10:00:30
       Elapsed Time:  00:02:28



MUTHEN & MUTHEN
3463 Stoner Ave.
Los Angeles, CA  90066

Tel: (310) 391-9971
Fax: (310) 391-8971
Web: www.StatModel.com
Support: Support@StatModel.com

Copyright (c) 1998-2021 Muthen & Muthen
