Mplus VERSION 8.6
MUTHEN & MUTHEN
07/13/2021   8:05 AM

INPUT INSTRUCTIONS

  TITLE: Your title goes here

   DATA: FILE = data.dta;

   VARIABLE:

   NAMES = pidp gridmode mm hidp_5 hidp_6 hidp_7 hidp_8 hidp_9 hidp_10 indmode_5
       indmode_6 indmode_7 indmode_8 indmode_9 indmode_10 mode_type_all mode_type_no9
       mode_type_567 mode_type_7 all no9 p567 p7 switch_all switch_no9 switch_567
       switch_7 lkmove_5 xpmove_5 caruse_5 mobuse_5 netpuse_5 aidxhh_5 jbhas_5 j2has_5
       finnow_5 finfut_5 howlng_5 vote1_5 vote6_5 scsf1_5 scsf2a_5 scsf2b_5 scsf3a_5
       scsf3b_5 scsf4a_5 scsf4b_5 scsf5_5 scsf6a_5 scsf6b_5 scsf6c_5 scsf7_5 scghqa_5
       scghqb_5 scghqc_5 scghqd_5 scghqe_5 scghqf_5 scghqg_5 scghqh_5 scghqi_5
       scghqj_5 scghqk_5 scghql_5 lkmove_6 xpmove_6 caruse_6 mobuse_6 netpuse_6
       aidxhh_6 jbhas_6 j2has_6 finnow_6 finfut_6 howlng_6 vote1_6 vote6_6 scsf1_6
       scsf2a_6 scsf2b_6 scsf3a_6 scsf3b_6 scsf4a_6 scsf4b_6 scsf5_6 scsf6a_6 scsf6b_6
       scsf6c_6 scsf7_6 scghqa_6 scghqb_6 scghqc_6 scghqd_6 scghqe_6 scghqf_6 scghqg_6
       scghqh_6 scghqi_6 scghqj_6 scghqk_6 scghql_6 lkmove_7 xpmove_7 caruse_7
       mobuse_7 netpuse_7 smoker_7 aidxhh_7 jbhas_7 jbterm1_7 jbsemp_7 j2has_7
       fiyrdia_7 finnow_7 finfut_7 howlng_7 vote1_7 vote6_7 scsf2a_7 scsf2b_7 scsf3a_7
       scsf3b_7 scsf4a_7 scsf4b_7 scsf5_7 scsf6a_7 scsf6b_7 scsf6c_7 scsf7_7 scghqa_7
       scghqb_7 scghqc_7 scghqd_7 scghqe_7 scghqf_7 scghqg_7 scghqh_7 scghqi_7
       scghqj_7 scghqk_7 scghql_7 scsf1_7 lkmove_8 xpmove_8 caruse_8 mobuse_8
       netpuse_8 smoker_8 aidxhh_8 jbhas_8 jbterm1_8 jbsemp_8 j2has_8 fiyrdia_8
       finnow_8 finfut_8 scsf2a_8 scsf2b_8 scsf3a_8 scsf3b_8 scsf4a_8 scsf4b_8 scsf5_8
       scsf6a_8 scsf6b_8 scsf6c_8 scsf7_8 scghqa_8 scghqb_8 scghqc_8 scghqd_8 scghqe_8
       scghqf_8 scghqg_8 scghqh_8 scghqi_8 scghqj_8 scghqk_8 scghql_8 scsf1_8 mobuse_9
       netpuse_9 smoker_9 jbhas_9 jbterm1_9 jbsemp_9 j2has_9 fiyrdia_9 finnow_9
       finfut_9 lkmove_10 xpmove_10 mobuse_10 netpuse_10 smoker_10 aidxhh_10 jbhas_10
       jbterm1_10 jbsemp_10 j2has_10 fiyrdia_10 finnow_10 finfut_10 scsf1_10 scsf2a_10
       scsf2b_10 scsf3a_10 scsf3b_10 scsf4a_10 scsf4b_10 scsf5_10 scsf6a_10 scsf6b_10
       scsf6c_10 scsf7_10 scghqa_10 scghqb_10 scghqc_10 scghqd_10 scghqe_10 scghqf_10
       scghqg_10 scghqh_10 scghqi_10 scghqj_10 scghqk_10 scghql_10 edu agecat female
       partner sf1 longill london north urban refresh Higher A level GCSE Other age_35
       age_55 age_75 age_102 pred_all pred_no9 pred_p567 pred_p7 pred_all_w pred_no9_w
       pred_p567_w pred_p7_w f2f_prop stabil;

   MISSING=.;

   USEVARIABLES ARE
   jbsemp_7
   jbsemp_8
   jbsemp_9
   jbsemp_10;

   CATEGORICAL ARE
   jbsemp_7
   jbsemp_8
   jbsemp_9
   jbsemp_10;
   CLASSES = c(2);

    KNOWNCLASS = c(all= 1 2);
  WEIGHT IS pred_all_w;

   ANALYSIS:


      TYPE = MIXTURE;

      ESTIMATOR = MLR;

      ALGORITHM = INTEGRATION;

      Processors = 8(starts);

      STARTS = 800 200;

   Model:


      %OVERALL%

  i s | jbsemp_7@0 jbsemp_8@1 jbsemp_9@2 jbsemp_10@3;
   %c#1%
  [s] (a);
   s (b);
   s WITH i ;
   i ;

   %c#2%
  [s] (a);
   s (b);
   s WITH i ;
   i ;

   OUTPUT: SAMPSTAT;

                                  STDYX;




*** WARNING in VARIABLE command
  Note that only the first 8 characters of variable names are used in the output.
  Shorten variable names to avoid any confusion.
*** WARNING
  One or more observations has a value of 0 for the WEIGHT variable.
*** WARNING
  Data set contains unknown or missing values for variable ALL.
  This variable is used to determine the KNOWNCLASS specification.
  Number of such cases:  1664
*** WARNING
  Data set contains cases with missing on all variables.
  These cases were not included in the analysis.
  Number of cases with missing on all variables:  144
   4 WARNING(S) FOUND IN THE INPUT INSTRUCTIONS



Your title goes here

SUMMARY OF ANALYSIS

Number of groups                                                 1
Number of observations                                         249

Number of dependent variables                                    4
Number of independent variables                                  0
Number of continuous latent variables                            2
Number of categorical latent variables                           1

Observed dependent variables

  Binary and ordered categorical (ordinal)
   JBSEMP_7    JBSEMP_8    JBSEMP_9    JBSEMP_1

Continuous latent variables
   I           S

Categorical latent variables
   C

  Knownclass            C

Variables with special functions

  Weight variable       PRED_ALL

Estimator                                                      MLR
Information matrix                                        OBSERVED
Optimization Specifications for the Quasi-Newton Algorithm for
Continuous Outcomes
  Maximum number of iterations                                 100
  Convergence criterion                                  0.100D-05
Optimization Specifications for the EM Algorithm
  Maximum number of iterations                                 500
  Convergence criteria
    Loglikelihood change                                 0.100D-02
    Relative loglikelihood change                        0.100D-05
    Derivative                                           0.100D-02
Optimization Specifications for the M step of the EM Algorithm for
Categorical Latent variables
  Number of M step iterations                                    1
  M step convergence criterion                           0.100D-02
  Basis for M step termination                           ITERATION
Optimization Specifications for the M step of the EM Algorithm for
Censored, Binary or Ordered Categorical (Ordinal), Unordered
Categorical (Nominal) and Count Outcomes
  Number of M step iterations                                    1
  M step convergence criterion                           0.100D-02
  Basis for M step termination                           ITERATION
  Maximum value for logit thresholds                            15
  Minimum value for logit thresholds                           -15
  Minimum expected cell size for chi-square              0.100D-01
Maximum number of iterations for H1                           2000
Convergence criterion for H1                             0.100D-03
Optimization algorithm                                         EMA
Integration Specifications
  Type                                                    STANDARD
  Number of integration points                                  15
  Dimensions of numerical integration                            2
  Adaptive quadrature                                           ON
Random Starts Specifications
  Number of initial stage random starts                        800
  Number of final stage optimizations                          200
  Number of initial stage iterations                            10
  Initial stage convergence criterion                    0.100D+01
  Random starts scale                                    0.500D+01
  Random seed for generating random starts                       0
Link                                                         LOGIT
Cholesky                                                        ON

Input data file(s)
  data.dta
Input data format  FREE


SUMMARY OF DATA

     Number of missing data patterns            15
     Number of y missing data patterns           0
     Number of u missing data patterns          15


COVARIANCE COVERAGE OF DATA

Minimum covariance coverage value   0.100


     PROPORTION OF DATA PRESENT FOR U


           Covariance Coverage
              JBSEMP_7      JBSEMP_8      JBSEMP_9      JBSEMP_1
              ________      ________      ________      ________
 JBSEMP_7       0.687
 JBSEMP_8       0.550         0.743
 JBSEMP_9       0.502         0.594         0.739
 JBSEMP_1       0.474         0.562         0.582         0.687


UNIVARIATE PROPORTIONS AND COUNTS FOR CATEGORICAL VARIABLES

    JBSEMP_7
      Category 1    0.100           18.395
      Category 2    0.900          164.748
    JBSEMP_8
      Category 1    0.118           21.166
      Category 2    0.882          157.788
    JBSEMP_9
      Category 1    0.117           19.680
      Category 2    0.883          148.014
    JBSEMP_1
      Category 1    0.139           23.008
      Category 2    0.861          142.151


SAMPLE STATISTICS

RANDOM STARTS RESULTS RANKED FROM THE BEST TO THE WORST LOGLIKELIHOOD VALUES

Final stage loglikelihood values at local maxima, seeds, and initial stage start numbers:

            -303.207  497522           502
            -303.295  294811           637
            -303.481  303634           169
            -303.496  464179           106
            -303.503  741888           138
            -303.506  456213           160
            -303.648  926797           406
            -303.701  921023           782

192 perturbed starting value run(s) did not converge or were rejected in the third stage.



THE BEST LOGLIKELIHOOD VALUE HAS BEEN REPLICATED.  RERUN WITH AT LEAST TWICE THE
RANDOM STARTS TO CHECK THAT THE BEST LOGLIKELIHOOD IS STILL OBTAINED AND REPLICATED.


THE MODEL ESTIMATION TERMINATED NORMALLY



MODEL FIT INFORMATION

Number of Free Parameters                        9

Loglikelihood

          H0 Value                        -303.207
          H0 Scaling Correction Factor      1.1877
            for MLR

Information Criteria

          Akaike (AIC)                     624.415
          Bayesian (BIC)                   656.072
          Sample-Size Adjusted BIC         627.541
            (n* = (n + 2) / 24)

Chi-Square Test of Model Fit for the Binary and Ordered Categorical
(Ordinal) Outcomes

          Pearson Chi-Square

          Value                             21.410
          Degrees of Freedom                    22
          P-Value                           0.4955

          Likelihood Ratio Chi-Square

          Value                             11.800
          Degrees of Freedom                    22
          P-Value                           0.9614

Chi-Square Test for MCAR under the Unrestricted Latent Class Indicator Model

          Pearson Chi-Square

          Value                            101.631
          Degrees of Freedom                    99
          P-Value                           0.4080

          Likelihood Ratio Chi-Square

          Value                             57.979
          Degrees of Freedom                    99
          P-Value                           0.9997



FINAL CLASS COUNTS AND PROPORTIONS FOR THE LATENT CLASSES
BASED ON THE ESTIMATED MODEL

    Latent
   Classes

       1        127.00000          0.51004
       2        122.00000          0.48996


MODEL RESULTS

                                                    Two-Tailed
                    Estimate       S.E.  Est./S.E.    P-Value

Latent Class 1 (1)

 I        |
    JBSEMP_7           1.000      0.000    999.000    999.000
    JBSEMP_8           1.000      0.000    999.000    999.000
    JBSEMP_9           1.000      0.000    999.000    999.000
    JBSEMP_10          1.000      0.000    999.000    999.000

 S        |
    JBSEMP_7           0.000      0.000    999.000    999.000
    JBSEMP_8           1.000      0.000    999.000    999.000
    JBSEMP_9           2.000      0.000    999.000    999.000
    JBSEMP_10          3.000      0.000    999.000    999.000

 S        WITH
    I                 38.033     36.928      1.030      0.303

 Means
    I                  2.919      3.210      0.909      0.363
    S                  5.171      2.227      2.322      0.020

 Thresholds
    JBSEMP_7$1        -8.947      2.999     -2.983      0.003
    JBSEMP_8$1        -8.947      2.999     -2.983      0.003
    JBSEMP_9$1        -8.947      2.999     -2.983      0.003
    JBSEMP_1$1        -8.947      2.999     -2.983      0.003

 Variances
    I                 76.165    109.404      0.696      0.486
    S                 26.228     19.354      1.355      0.175

Latent Class 2 (2)

 I        |
    JBSEMP_7           1.000      0.000    999.000    999.000
    JBSEMP_8           1.000      0.000    999.000    999.000
    JBSEMP_9           1.000      0.000    999.000    999.000
    JBSEMP_10          1.000      0.000    999.000    999.000

 S        |
    JBSEMP_7           0.000      0.000    999.000    999.000
    JBSEMP_8           1.000      0.000    999.000    999.000
    JBSEMP_9           2.000      0.000    999.000    999.000
    JBSEMP_10          3.000      0.000    999.000    999.000

 S        WITH
    I                 38.815     14.724      2.636      0.008

 Means
    I                  0.000      0.000    999.000    999.000
    S                  5.171      2.227      2.322      0.020

 Thresholds
    JBSEMP_7$1        -8.947      2.999     -2.983      0.003
    JBSEMP_8$1        -8.947      2.999     -2.983      0.003
    JBSEMP_9$1        -8.947      2.999     -2.983      0.003
    JBSEMP_1$1        -8.947      2.999     -2.983      0.003

 Variances
    I                 66.069     28.576      2.312      0.021
    S                 26.228     19.354      1.355      0.175

Categorical Latent Variables

 Means
    C#1                0.040      0.150      0.268      0.788


QUALITY OF NUMERICAL RESULTS

     Condition Number for the Information Matrix              0.972E-05
       (ratio of smallest to largest eigenvalue)


RESULTS IN PROBABILITY SCALE

                    Estimate

Latent Class 1 (1)

 JBSEMP_7
    Category 1         0.092
    Category 2         0.908
 JBSEMP_8
    Category 1         0.103
    Category 2         0.897
 JBSEMP_9
    Category 1         0.113
    Category 2         0.887
 JBSEMP_10
    Category 1         0.120
    Category 2         0.880

Latent Class 2 (2)

 JBSEMP_7
    Category 1         0.141
    Category 2         0.859
 JBSEMP_8
    Category 1         0.142
    Category 2         0.858
 JBSEMP_9
    Category 1         0.144
    Category 2         0.856
 JBSEMP_10
    Category 1         0.146
    Category 2         0.854


LATENT CLASS INDICATOR ODDS RATIOS FOR THE LATENT CLASSES

                                                95% C.I.
                    Estimate       S.E.  Lower 2.5% Upper 2.5%

Latent Class 1 Compared to Latent Class 2

 JBSEMP_7
    Category > 1       1.000      0.000      1.000      1.000
 JBSEMP_8
    Category > 1       1.000      0.000      1.000      1.000
 JBSEMP_9
    Category > 1       1.000      0.000      1.000      1.000
 JBSEMP_1
    Category > 1       1.000      0.000      1.000      1.000


STANDARDIZED MODEL RESULTS


STDYX Standardization

                                                    Two-Tailed
                    Estimate       S.E.  Est./S.E.    P-Value

Latent Class 1 (1)

 I        |
    JBSEMP_7           0.979      0.029     33.627      0.000
    JBSEMP_8           0.647      0.173      3.748      0.000
    JBSEMP_9           0.476      0.186      2.563      0.010
    JBSEMP_10          0.374      0.172      2.170      0.030

 S        |
    JBSEMP_7           0.000      0.000    999.000    999.000
    JBSEMP_8           0.380      0.164      2.323      0.020
    JBSEMP_9           0.558      0.172      3.251      0.001
    JBSEMP_10          0.659      0.156      4.219      0.000

 S        WITH
    I                  0.851      0.130      6.545      0.000

 Means
    I                  0.334      0.180      1.861      0.063
    S                  1.010      0.169      5.980      0.000

 Thresholds
    JBSEMP_7$1        -1.004      0.416     -2.415      0.016
    JBSEMP_8$1        -0.664      0.229     -2.892      0.004
    JBSEMP_9$1        -0.488      0.176     -2.772      0.006
    JBSEMP_1$1        -0.384      0.147     -2.603      0.009

 Variances
    I                  1.000      0.000    999.000    999.000
    S                  1.000      0.000    999.000    999.000

Latent Class 2 (2)

 I        |
    JBSEMP_7           0.976      0.010     97.489      0.000
    JBSEMP_8           0.618      0.117      5.300      0.000
    JBSEMP_9           0.448      0.122      3.677      0.000
    JBSEMP_10          0.350      0.112      3.142      0.002

 S        |
    JBSEMP_7           0.000      0.000    999.000    999.000
    JBSEMP_8           0.389      0.111      3.494      0.000
    JBSEMP_9           0.564      0.115      4.927      0.000
    JBSEMP_10          0.662      0.104      6.391      0.000

 S        WITH
    I                  0.932      0.081     11.544      0.000

 Means
    I                  0.000      0.000    999.000    999.000
    S                  1.010      0.169      5.980      0.000

 Thresholds
    JBSEMP_7$1        -1.074      0.278     -3.863      0.000
    JBSEMP_8$1        -0.680      0.214     -3.183      0.001
    JBSEMP_9$1        -0.493      0.179     -2.746      0.006
    JBSEMP_1$1        -0.386      0.153     -2.526      0.012

 Variances
    I                  1.000      0.000    999.000    999.000
    S                  1.000      0.000    999.000    999.000


R-SQUARE

Class 1

    Observed                                        Two-Tailed
    Variable        Estimate       S.E.  Est./S.E.    P-Value

    JBSEMP_7           0.959      0.057     16.814      0.000
    JBSEMP_8           0.982      0.019     52.420      0.000
    JBSEMP_9           0.990      0.009    113.580      0.000
    JBSEMP_1           0.994      0.005    198.782      0.000

Class 2

    Observed                                        Two-Tailed
    Variable        Estimate       S.E.  Est./S.E.    P-Value

    JBSEMP_7           0.953      0.020     48.745      0.000
    JBSEMP_8           0.981      0.006    160.198      0.000
    JBSEMP_9           0.990      0.004    245.012      0.000
    JBSEMP_1           0.994      0.003    345.315      0.000


     Beginning Time:  08:05:21
        Ending Time:  08:06:51
       Elapsed Time:  00:01:30



MUTHEN & MUTHEN
3463 Stoner Ave.
Los Angeles, CA  90066

Tel: (310) 391-9971
Fax: (310) 391-8971
Web: www.StatModel.com
Support: Support@StatModel.com

Copyright (c) 1998-2021 Muthen & Muthen
