Mplus VERSION 8.6
MUTHEN & MUTHEN
07/13/2021   8:27 AM

INPUT INSTRUCTIONS

  TITLE: Your title goes here

   DATA: FILE = data.dta;

   VARIABLE:

   NAMES = pidp gridmode mm hidp_5 hidp_6 hidp_7 hidp_8 hidp_9 hidp_10 indmode_5
       indmode_6 indmode_7 indmode_8 indmode_9 indmode_10 mode_type_all mode_type_no9
       mode_type_567 mode_type_7 all no9 p567 p7 switch_all switch_no9 switch_567
       switch_7 lkmove_5 xpmove_5 caruse_5 mobuse_5 netpuse_5 aidxhh_5 jbhas_5 j2has_5
       finnow_5 finfut_5 howlng_5 vote1_5 vote6_5 scsf1_5 scsf2a_5 scsf2b_5 scsf3a_5
       scsf3b_5 scsf4a_5 scsf4b_5 scsf5_5 scsf6a_5 scsf6b_5 scsf6c_5 scsf7_5 scghqa_5
       scghqb_5 scghqc_5 scghqd_5 scghqe_5 scghqf_5 scghqg_5 scghqh_5 scghqi_5
       scghqj_5 scghqk_5 scghql_5 lkmove_6 xpmove_6 caruse_6 mobuse_6 netpuse_6
       aidxhh_6 jbhas_6 j2has_6 finnow_6 finfut_6 howlng_6 vote1_6 vote6_6 scsf1_6
       scsf2a_6 scsf2b_6 scsf3a_6 scsf3b_6 scsf4a_6 scsf4b_6 scsf5_6 scsf6a_6 scsf6b_6
       scsf6c_6 scsf7_6 scghqa_6 scghqb_6 scghqc_6 scghqd_6 scghqe_6 scghqf_6 scghqg_6
       scghqh_6 scghqi_6 scghqj_6 scghqk_6 scghql_6 lkmove_7 xpmove_7 caruse_7
       mobuse_7 netpuse_7 smoker_7 aidxhh_7 jbhas_7 jbterm1_7 jbsemp_7 j2has_7
       fiyrdia_7 finnow_7 finfut_7 howlng_7 vote1_7 vote6_7 scsf2a_7 scsf2b_7 scsf3a_7
       scsf3b_7 scsf4a_7 scsf4b_7 scsf5_7 scsf6a_7 scsf6b_7 scsf6c_7 scsf7_7 scghqa_7
       scghqb_7 scghqc_7 scghqd_7 scghqe_7 scghqf_7 scghqg_7 scghqh_7 scghqi_7
       scghqj_7 scghqk_7 scghql_7 scsf1_7 lkmove_8 xpmove_8 caruse_8 mobuse_8
       netpuse_8 smoker_8 aidxhh_8 jbhas_8 jbterm1_8 jbsemp_8 j2has_8 fiyrdia_8
       finnow_8 finfut_8 scsf2a_8 scsf2b_8 scsf3a_8 scsf3b_8 scsf4a_8 scsf4b_8 scsf5_8
       scsf6a_8 scsf6b_8 scsf6c_8 scsf7_8 scghqa_8 scghqb_8 scghqc_8 scghqd_8 scghqe_8
       scghqf_8 scghqg_8 scghqh_8 scghqi_8 scghqj_8 scghqk_8 scghql_8 scsf1_8 mobuse_9
       netpuse_9 smoker_9 jbhas_9 jbterm1_9 jbsemp_9 j2has_9 fiyrdia_9 finnow_9
       finfut_9 lkmove_10 xpmove_10 mobuse_10 netpuse_10 smoker_10 aidxhh_10 jbhas_10
       jbterm1_10 jbsemp_10 j2has_10 fiyrdia_10 finnow_10 finfut_10 scsf1_10 scsf2a_10
       scsf2b_10 scsf3a_10 scsf3b_10 scsf4a_10 scsf4b_10 scsf5_10 scsf6a_10 scsf6b_10
       scsf6c_10 scsf7_10 scghqa_10 scghqb_10 scghqc_10 scghqd_10 scghqe_10 scghqf_10
       scghqg_10 scghqh_10 scghqi_10 scghqj_10 scghqk_10 scghql_10 edu agecat female
       partner sf1 longill london north urban refresh Higher A level GCSE Other age_35
       age_55 age_75 age_102 pred_all pred_no9 pred_p567 pred_p7 pred_all_w pred_no9_w
       pred_p567_w pred_p7_w f2f_prop stabil;

   MISSING=.;

   USEVARIABLES ARE
   netpuse_5
   netpuse_6
   netpuse_7
   netpuse_8
   netpuse_9
   netpuse_10;
   CLASSES = c(2);

    KNOWNCLASS = c(all= 1 2);
  WEIGHT IS pred_all_w;

   ANALYSIS:


      TYPE = MIXTURE;

      ESTIMATOR = MLR;

      ALGORITHM = INTEGRATION;

      Processors = 8(starts);

      STARTS = 800 200;

   Model:


      %OVERALL%

  i s | netpuse_5@0 netpuse_6@1 netpuse_7@2 netpuse_8@3 netpuse_9@4 netpuse_10@5;;

  netpuse_5 (a);
   netpuse_6 (a);
   netpuse_7 (a);
   netpuse_8 (a);
   netpuse_9 (a);
   netpuse_10 (a);

   %c#1%
  [s] ;
   s ;
   s WITH i ;
   i ;

   %c#2%
  [s] ;
   s ;
   s WITH i ;
   i ;

   OUTPUT: SAMPSTAT;

                                  STDYX;




*** WARNING in VARIABLE command
  Note that only the first 8 characters of variable names are used in the output.
  Shorten variable names to avoid any confusion.
*** WARNING
  One or more observations has a value of 0 for the WEIGHT variable.
*** WARNING
  Data set contains unknown or missing values for variable ALL.
  This variable is used to determine the KNOWNCLASS specification.
  Number of such cases:  1664
   3 WARNING(S) FOUND IN THE INPUT INSTRUCTIONS



Your title goes here

SUMMARY OF ANALYSIS

Number of groups                                                 1
Number of observations                                         393

Number of dependent variables                                    6
Number of independent variables                                  0
Number of continuous latent variables                            2
Number of categorical latent variables                           1

Observed dependent variables

  Continuous
   NETPUSE_5   NETPUSE_6   NETPUSE_7   NETPUSE_8   NETPUSE_9   NETPUSE_10

Continuous latent variables
   I           S

Categorical latent variables
   C

  Knownclass            C

Variables with special functions

  Weight variable       PRED_ALL

Estimator                                                      MLR
Information matrix                                        OBSERVED
Optimization Specifications for the Quasi-Newton Algorithm for
Continuous Outcomes
  Maximum number of iterations                                 100
  Convergence criterion                                  0.100D-05
Optimization Specifications for the EM Algorithm
  Maximum number of iterations                                 500
  Convergence criteria
    Loglikelihood change                                 0.100D-02
    Relative loglikelihood change                        0.100D-05
    Derivative                                           0.100D-02
Optimization Specifications for the M step of the EM Algorithm for
Categorical Latent variables
  Number of M step iterations                                    1
  M step convergence criterion                           0.100D-02
  Basis for M step termination                           ITERATION
Optimization Specifications for the M step of the EM Algorithm for
Censored, Binary or Ordered Categorical (Ordinal), Unordered
Categorical (Nominal) and Count Outcomes
  Number of M step iterations                                    1
  M step convergence criterion                           0.100D-02
  Basis for M step termination                           ITERATION
  Maximum value for logit thresholds                            15
  Minimum value for logit thresholds                           -15
  Minimum expected cell size for chi-square              0.100D-01
Maximum number of iterations for H1                           2000
Convergence criterion for H1                             0.100D-03
Optimization algorithm                                         EMA
Integration Specifications
  Type                                                    STANDARD
  Number of integration points                                  15
  Dimensions of numerical integration                            0
  Adaptive quadrature                                           ON
Random Starts Specifications
  Number of initial stage random starts                        800
  Number of final stage optimizations                          200
  Number of initial stage iterations                            10
  Initial stage convergence criterion                    0.100D+01
  Random starts scale                                    0.500D+01
  Random seed for generating random starts                       0
Cholesky                                                       OFF

Input data file(s)
  data.dta
Input data format  FREE


SUMMARY OF DATA

     Number of missing data patterns            49
     Number of y missing data patterns          49
     Number of u missing data patterns           0


COVARIANCE COVERAGE OF DATA

Minimum covariance coverage value   0.100


     PROPORTION OF DATA PRESENT FOR Y


           Covariance Coverage
              NETPUSE_      NETPUSE_      NETPUSE_      NETPUSE_      NETPUSE_
              ________      ________      ________      ________      ________
 NETPUSE_       0.644
 NETPUSE_       0.593         0.710
 NETPUSE_       0.517         0.567         0.763
 NETPUSE_       0.504         0.565         0.651         0.796
 NETPUSE_       0.486         0.545         0.634         0.684         0.796
 NETPUSE_       0.466         0.506         0.575         0.631         0.641


           Covariance Coverage
              NETPUSE_
              ________
 NETPUSE_       0.707


SAMPLE STATISTICS


     ESTIMATED SAMPLE STATISTICS FOR CLASS 1


           Means
              NETPUSE_      NETPUSE_      NETPUSE_      NETPUSE_      NETPUSE_
              ________      ________      ________      ________      ________
                2.349         2.175         2.076         2.136         1.673


           Means
              NETPUSE_
              ________
                1.917


           Covariances
              NETPUSE_      NETPUSE_      NETPUSE_      NETPUSE_      NETPUSE_
              ________      ________      ________      ________      ________
 NETPUSE_       3.787
 NETPUSE_       2.997         3.170
 NETPUSE_       2.682         2.337         3.068
 NETPUSE_       2.604         2.682         2.708         3.604
 NETPUSE_       2.066         1.740         2.011         1.871         1.974
 NETPUSE_       2.769         2.199         2.392         2.503         1.900


           Covariances
              NETPUSE_
              ________
 NETPUSE_       2.906


           Correlations
              NETPUSE_      NETPUSE_      NETPUSE_      NETPUSE_      NETPUSE_
              ________      ________      ________      ________      ________
 NETPUSE_       1.000
 NETPUSE_       0.865         1.000
 NETPUSE_       0.787         0.749         1.000
 NETPUSE_       0.705         0.793         0.814         1.000
 NETPUSE_       0.755         0.695         0.817         0.702         1.000
 NETPUSE_       0.835         0.724         0.801         0.773         0.793


           Correlations
              NETPUSE_
              ________
 NETPUSE_       1.000


     ESTIMATED SAMPLE STATISTICS FOR CLASS 2


           Means
              NETPUSE_      NETPUSE_      NETPUSE_      NETPUSE_      NETPUSE_
              ________      ________      ________      ________      ________
                1.907         1.720         1.687         1.664         1.662


           Means
              NETPUSE_
              ________
                1.592


           Covariances
              NETPUSE_      NETPUSE_      NETPUSE_      NETPUSE_      NETPUSE_
              ________      ________      ________      ________      ________
 NETPUSE_       2.043
 NETPUSE_       1.618         1.817
 NETPUSE_       1.431         1.413         1.760
 NETPUSE_       1.237         1.326         1.420         1.654
 NETPUSE_       1.299         1.316         1.355         1.398         1.805
 NETPUSE_       1.344         1.246         1.483         1.364         1.524


           Covariances
              NETPUSE_
              ________
 NETPUSE_       1.755


           Correlations
              NETPUSE_      NETPUSE_      NETPUSE_      NETPUSE_      NETPUSE_
              ________      ________      ________      ________      ________
 NETPUSE_       1.000
 NETPUSE_       0.840         1.000
 NETPUSE_       0.755         0.790         1.000
 NETPUSE_       0.673         0.765         0.832         1.000
 NETPUSE_       0.676         0.727         0.760         0.809         1.000
 NETPUSE_       0.710         0.698         0.844         0.800         0.856


           Correlations
              NETPUSE_
              ________
 NETPUSE_       1.000


UNIVARIATE SAMPLE STATISTICS


     UNIVARIATE HIGHER-ORDER MOMENT DESCRIPTIVE STATISTICS

         Variable/         Mean/     Skewness/   Minimum/ % with                Percentiles
        Sample Size      Variance    Kurtosis    Maximum  Min/Max      20%/60%    40%/80%    Median

     NETPUSE_5             2.108       1.556       1.000   58.50%       1.000      1.000      1.000
             253.000       2.891       1.097       7.000    1.19%       2.000      2.000
     NETPUSE_6             1.965       1.691       1.000   65.23%       1.000      1.000      1.000
             279.000       2.549       1.525       7.000    0.36%       1.000      2.000
     NETPUSE_7             1.913       1.784       1.000   71.00%       1.000      1.000      1.000
             300.000       2.549       1.919       7.000    0.67%       1.000      2.000
     NETPUSE_8             1.985       1.660       1.000   70.29%       1.000      1.000      1.000
             313.000       2.827       1.331       7.000    0.64%       1.000      2.000
     NETPUSE_9             1.659       2.231       1.000   76.68%       1.000      1.000      1.000
             313.000       1.827       3.875       6.000    3.83%       1.000      2.000
     NETPUSE_10            1.703       2.117       1.000   78.78%       1.000      1.000      1.000
             278.000       2.102       3.270       7.000    0.36%       1.000      2.000

RANDOM STARTS RESULTS RANKED FROM THE BEST TO THE WORST LOGLIKELIHOOD VALUES

Final stage loglikelihood values at local maxima, seeds, and initial stage start numbers:

           -2855.403  341960           685
           -2855.403  4091             548
           -2855.403  46502            714
           -2855.403  415502           194
           -2855.403  926283           269
           -2855.403  81117            305
           -2855.403  584397           428
           -2855.403  341041           34
           -2855.403  42523            730
           -2855.403  830570           369
           -2855.403  39136            226
           -2855.403  791396           243
           -2855.403  565819           65
           -2855.403  688839           273
           -2855.403  405079           68
           -2855.403  352277           42
           -2855.403  647617           725
           -2855.403  745972           521
           -2855.403  863094           147
           -2855.403  507218           613
           -2855.403  953843           651
           -2855.403  266038           672
           -2855.403  669639           699
           -2855.403  533738           11
           -2855.403  958107           790
           -2855.403  570908           98
           -2855.403  55115            408
           -2855.403  65651            214
           -2855.403  662718           460
           -2855.403  319575           499
           -2855.403  379729           512
           -2855.403  995249           525
           -2855.403  93468            3
           -2855.403  930323           267
           -2855.403  438144           271
           -2855.403  281462           285
           -2855.403  118438           601
           -2855.403  822698           621
           -2855.403  284109           82
           -2855.403  297518           166
           -2855.403  411615           171
           -2855.403  926762           704
           -2855.403  833196           715
           -2855.403  670281           721
           -2855.403  478341           731
           -2855.403  120506           45
           -2855.403  836066           372
           -2855.403  153053           378
           -2855.403  109357           765
           -2855.403  1548             384
           -2855.403  61587            400
           -2855.403  190339           102
           -2855.403  399508           415
           -2855.403  107446           12
           -2855.403  781190           219
           -2855.403  89970            223
           -2855.403  608849           224
           -2855.403  568405           233
           -2855.403  53621            483
           -2855.403  432148           30
           -2855.403  509733           130
           -2855.403  351622           551
           -2855.403  804104           566
           -2855.403  462953           7
           -2855.403  220454           288
           -2855.403  882750           646
           -2855.403  563584           657
           -2855.403  22075            659
           -2855.403  237332           661
           -2855.403  197223           332
           -2855.403  724519           333
           -2855.403  636396           168
           -2855.403  370466           41
           -2855.403  303634           169
           -2855.403  712702           684
           -2855.403  476393           705
           -2855.403  373505           88
           -2855.403  548673           732
           -2855.403  264081           186
           -2855.403  182524           373
           -2855.403  178181           753
           -2855.403  247224           94
           -2855.403  520865           763
           -2855.403  618000           190
           -2855.403  372176           23
           -2855.403  210870           383
           -2855.403  354208           196
           -2855.403  58507            793
           -2855.403  971853           402
           -2855.403  471040           403
           -2855.403  973369           202
           -2855.403  637095           207
           -2855.403  57226            208
           -2855.403  259507           53
           -2855.403  853195           431
           -2855.403  375590           438
           -2855.403  188640           451
           -2855.403  17359            227
           -2855.403  850840           232
           -2855.403  481835           57
           -2855.403  440841           118
           -2855.403  804561           59
           -2855.403  422103           62
           -2855.403  425929           508
           -2855.403  227563           63
           -2855.403  520177           262
           -2855.403  358488           264
           -2855.403  105435           265
           -2855.403  723035           538
           -2855.403  944186           541
           -2855.403  231281           542
           -2855.403  995875           547
           -2855.403  370957           554
           -2855.403  930872           277
           -2855.403  505244           582
           -2855.403  130011           587
           -2855.403  742688           594
           -2855.403  417035           149
           -2855.403  679832           302
           -2855.403  920593           611
           -2855.403  763285           620
           -2855.403  478421           311
           -2855.403  377584           630
           -2855.403  414828           322
           -2855.403  829540           324
           -2855.403  514326           325
           -2855.403  173440           328
           -2855.403  662983           666
           -2855.403  608496           4
           -2855.403  940533           764
           -2855.403  677062           680
           -2855.403  544048           87
           -2855.403  415931           10
           -2855.403  461866           722
           -2855.403  609185           181
           -2855.403  127362           757
           -2855.403  50887            389
           -2855.403  921023           782
           -2855.403  746978           410
           -2855.403  791285           416
           -2855.403  404510           442
           -2855.403  997222           229
           -2855.403  315029           471
           -2855.403  714455           476
           -2855.403  863691           481
           -2855.403  175199           247
           -2855.403  335485           496
           -2855.403  140849           515
           -2855.403  327475           518
           -2855.403  486622           522
           -2855.403  715255           523
           -2855.403  252346           528
           -2855.403  574942           558
           -2855.403  22874            588
           -2855.403  606576           151
           -2855.403  46437            153
           -2855.403  373815           618
           -2855.403  345974           622
           -2855.403  442072           625
           -2855.403  459221           652
           -2855.403  642386           662
           -2855.403  263268           165
           -2855.403  669634           335
           -2855.403  686384           690
           -2855.403  860772           174
           -2855.403  964570           701
           -2855.403  286735           175
           -2855.403  319144           176
           -2855.403  117391           710
           -2855.403  3307             735
           -2855.403  281558           184
           -2855.403  317868           740
           -2855.403  185071           370
           -2855.403  329127           185
           -2855.403  549244           756
           -2855.403  443442           380
           -2855.403  657994           788
           -2855.403  605161           409
           -2855.403  85734            411
           -2855.403  292884           103
           -2855.403  922596           456
           -2855.403  416463           467
           -2855.403  751054           117
           -2855.403  988761           475
           -2855.403  652266           490
           -2855.403  79212            517
           -2855.403  858804           534
           -2855.403  614009           317
           -2855.403  732596           320
           -2855.403  545108           667
           -2855.403  696830           668
           -2855.403  35191            703
           -2855.403  871722           355
           -2855.403  195763           358
           -2855.403  371246           101
           -2855.403  294669           501
           -2855.403  unperturbed      0
           -2855.403  700349           401
           -2855.403  36714            201
           -2855.403  342019           301



THE BEST LOGLIKELIHOOD VALUE HAS BEEN REPLICATED.  RERUN WITH AT LEAST TWICE THE
RANDOM STARTS TO CHECK THAT THE BEST LOGLIKELIHOOD IS STILL OBTAINED AND REPLICATED.


THE MODEL ESTIMATION TERMINATED NORMALLY



MODEL FIT INFORMATION

Number of Free Parameters                       12

Loglikelihood

          H0 Value                       -2855.403
          H0 Scaling Correction Factor      3.9646
            for MLR

Information Criteria

          Akaike (AIC)                    5734.806
          Bayesian (BIC)                  5782.492
          Sample-Size Adjusted BIC        5744.416
            (n* = (n + 2) / 24)



FINAL CLASS COUNTS AND PROPORTIONS FOR THE LATENT CLASSES
BASED ON THE ESTIMATED MODEL

    Latent
   Classes

       1        212.00000          0.53944
       2        181.00000          0.46056


MODEL RESULTS

                                                    Two-Tailed
                    Estimate       S.E.  Est./S.E.    P-Value

Latent Class 1 (1)

 I        |
    NETPUSE_5          1.000      0.000    999.000    999.000
    NETPUSE_6          1.000      0.000    999.000    999.000
    NETPUSE_7          1.000      0.000    999.000    999.000
    NETPUSE_8          1.000      0.000    999.000    999.000
    NETPUSE_9          1.000      0.000    999.000    999.000
    NETPUSE_10         1.000      0.000    999.000    999.000

 S        |
    NETPUSE_5          0.000      0.000    999.000    999.000
    NETPUSE_6          1.000      0.000    999.000    999.000
    NETPUSE_7          2.000      0.000    999.000    999.000
    NETPUSE_8          3.000      0.000    999.000    999.000
    NETPUSE_9          4.000      0.000    999.000    999.000
    NETPUSE_10         5.000      0.000    999.000    999.000

 S        WITH
    I                 -0.166      0.069     -2.400      0.016

 Means
    I                  2.304      0.185     12.433      0.000
    S                 -0.106      0.027     -3.883      0.000

 Intercepts
    NETPUSE_5          0.000      0.000    999.000    999.000
    NETPUSE_6          0.000      0.000    999.000    999.000
    NETPUSE_7          0.000      0.000    999.000    999.000
    NETPUSE_8          0.000      0.000    999.000    999.000
    NETPUSE_9          0.000      0.000    999.000    999.000
    NETPUSE_10         0.000      0.000    999.000    999.000

 Variances
    I                  3.053      0.540      5.651      0.000
    S                  0.021      0.014      1.517      0.129

 Residual Variances
    NETPUSE_5          0.505      0.089      5.648      0.000
    NETPUSE_6          0.505      0.089      5.648      0.000
    NETPUSE_7          0.505      0.089      5.648      0.000
    NETPUSE_8          0.505      0.089      5.648      0.000
    NETPUSE_9          0.505      0.089      5.648      0.000
    NETPUSE_10         0.505      0.089      5.648      0.000

Latent Class 2 (2)

 I        |
    NETPUSE_5          1.000      0.000    999.000    999.000
    NETPUSE_6          1.000      0.000    999.000    999.000
    NETPUSE_7          1.000      0.000    999.000    999.000
    NETPUSE_8          1.000      0.000    999.000    999.000
    NETPUSE_9          1.000      0.000    999.000    999.000
    NETPUSE_10         1.000      0.000    999.000    999.000

 S        |
    NETPUSE_5          0.000      0.000    999.000    999.000
    NETPUSE_6          1.000      0.000    999.000    999.000
    NETPUSE_7          2.000      0.000    999.000    999.000
    NETPUSE_8          3.000      0.000    999.000    999.000
    NETPUSE_9          4.000      0.000    999.000    999.000
    NETPUSE_10         5.000      0.000    999.000    999.000

 S        WITH
    I                 -0.051      0.046     -1.104      0.270

 Means
    I                  1.827      0.116     15.736      0.000
    S                 -0.049      0.019     -2.549      0.011

 Intercepts
    NETPUSE_5          0.000      0.000    999.000    999.000
    NETPUSE_6          0.000      0.000    999.000    999.000
    NETPUSE_7          0.000      0.000    999.000    999.000
    NETPUSE_8          0.000      0.000    999.000    999.000
    NETPUSE_9          0.000      0.000    999.000    999.000
    NETPUSE_10         0.000      0.000    999.000    999.000

 Variances
    I                  1.498      0.344      4.348      0.000
    S                  0.016      0.014      1.182      0.237

 Residual Variances
    NETPUSE_5          0.505      0.089      5.648      0.000
    NETPUSE_6          0.505      0.089      5.648      0.000
    NETPUSE_7          0.505      0.089      5.648      0.000
    NETPUSE_8          0.505      0.089      5.648      0.000
    NETPUSE_9          0.505      0.089      5.648      0.000
    NETPUSE_10         0.505      0.089      5.648      0.000

Categorical Latent Variables

 Means
    C#1                0.158      0.121      1.301      0.193


QUALITY OF NUMERICAL RESULTS

     Condition Number for the Information Matrix              0.247E-04
       (ratio of smallest to largest eigenvalue)


STANDARDIZED MODEL RESULTS


STDYX Standardization

                                                    Two-Tailed
                    Estimate       S.E.  Est./S.E.    P-Value

Latent Class 1 (1)

 I        |
    NETPUSE_5          0.926      0.017     53.465      0.000
    NETPUSE_6          0.969      0.029     33.531      0.000
    NETPUSE_7          1.012      0.045     22.685      0.000
    NETPUSE_8          1.052      0.062     16.999      0.000
    NETPUSE_9          1.089      0.080     13.620      0.000
    NETPUSE_10         1.119      0.098     11.363      0.000

 S        |
    NETPUSE_5          0.000      0.000    999.000    999.000
    NETPUSE_6          0.081      0.027      3.056      0.002
    NETPUSE_7          0.170      0.057      2.966      0.003
    NETPUSE_8          0.265      0.091      2.906      0.004
    NETPUSE_9          0.365      0.127      2.880      0.004
    NETPUSE_10         0.469      0.162      2.894      0.004

 S        WITH
    I                 -0.647      0.142     -4.547      0.000

 Means
    I                  1.319      0.062     21.217      0.000
    S                 -0.723      0.181     -3.989      0.000

 Intercepts
    NETPUSE_5          0.000      0.000    999.000    999.000
    NETPUSE_6          0.000      0.000    999.000    999.000
    NETPUSE_7          0.000      0.000    999.000    999.000
    NETPUSE_8          0.000      0.000    999.000    999.000
    NETPUSE_9          0.000      0.000    999.000    999.000
    NETPUSE_10         0.000      0.000    999.000    999.000

 Variances
    I                  1.000      0.000    999.000    999.000
    S                  1.000      0.000    999.000    999.000

 Residual Variances
    NETPUSE_5          0.142      0.032      4.423      0.000
    NETPUSE_6          0.156      0.033      4.691      0.000
    NETPUSE_7          0.169      0.035      4.899      0.000
    NETPUSE_8          0.183      0.037      5.004      0.000
    NETPUSE_9          0.196      0.039      4.970      0.000
    NETPUSE_10         0.207      0.043      4.774      0.000

Latent Class 2 (2)

 I        |
    NETPUSE_5          0.865      0.034     25.587      0.000
    NETPUSE_6          0.884      0.042     20.838      0.000
    NETPUSE_7          0.897      0.053     17.013      0.000
    NETPUSE_8          0.902      0.061     14.860      0.000
    NETPUSE_9          0.899      0.065     13.736      0.000
    NETPUSE_10         0.889      0.068     13.053      0.000

 S        |
    NETPUSE_5          0.000      0.000    999.000    999.000
    NETPUSE_6          0.092      0.039      2.360      0.018
    NETPUSE_7          0.186      0.081      2.301      0.021
    NETPUSE_8          0.281      0.123      2.280      0.023
    NETPUSE_9          0.374      0.163      2.297      0.022
    NETPUSE_10         0.462      0.196      2.352      0.019

 S        WITH
    I                 -0.329      0.191     -1.725      0.085

 Means
    I                  1.493      0.102     14.582      0.000
    S                 -0.382      0.181     -2.113      0.035

 Intercepts
    NETPUSE_5          0.000      0.000    999.000    999.000
    NETPUSE_6          0.000      0.000    999.000    999.000
    NETPUSE_7          0.000      0.000    999.000    999.000
    NETPUSE_8          0.000      0.000    999.000    999.000
    NETPUSE_9          0.000      0.000    999.000    999.000
    NETPUSE_10         0.000      0.000    999.000    999.000

 Variances
    I                  1.000      0.000    999.000    999.000
    S                  1.000      0.000    999.000    999.000

 Residual Variances
    NETPUSE_5          0.252      0.058      4.316      0.000
    NETPUSE_6          0.264      0.060      4.415      0.000
    NETPUSE_7          0.271      0.062      4.345      0.000
    NETPUSE_8          0.274      0.066      4.180      0.000
    NETPUSE_9          0.273      0.069      3.975      0.000
    NETPUSE_10         0.267      0.071      3.743      0.000


R-SQUARE

Class 1

    Observed                                        Two-Tailed
    Variable        Estimate       S.E.  Est./S.E.    P-Value

    NETPUSE_           0.858      0.032     26.732      0.000
    NETPUSE_           0.844      0.033     25.477      0.000
    NETPUSE_           0.831      0.035     24.014      0.000
    NETPUSE_           0.817      0.037     22.309      0.000
    NETPUSE_           0.804      0.039     20.374      0.000
    NETPUSE_           0.793      0.043     18.265      0.000

Class 2

    Observed                                        Two-Tailed
    Variable        Estimate       S.E.  Est./S.E.    P-Value

    NETPUSE_           0.748      0.058     12.794      0.000
    NETPUSE_           0.736      0.060     12.334      0.000
    NETPUSE_           0.729      0.062     11.676      0.000
    NETPUSE_           0.726      0.066     11.055      0.000
    NETPUSE_           0.727      0.069     10.597      0.000
    NETPUSE_           0.733      0.071     10.300      0.000


     Beginning Time:  08:27:33
        Ending Time:  08:27:41
       Elapsed Time:  00:00:08



MUTHEN & MUTHEN
3463 Stoner Ave.
Los Angeles, CA  90066

Tel: (310) 391-9971
Fax: (310) 391-8971
Web: www.StatModel.com
Support: Support@StatModel.com

Copyright (c) 1998-2021 Muthen & Muthen
