Mplus VERSION 8.6
MUTHEN & MUTHEN
07/13/2021  10:08 AM

INPUT INSTRUCTIONS

  TITLE: Your title goes here

   DATA: FILE = data.dta;

   VARIABLE:

   NAMES = pidp gridmode mm hidp_5 hidp_6 hidp_7 hidp_8 hidp_9 hidp_10 indmode_5
       indmode_6 indmode_7 indmode_8 indmode_9 indmode_10 mode_type_all mode_type_no9
       mode_type_567 mode_type_7 all no9 p567 p7 switch_all switch_no9 switch_567
       switch_7 lkmove_5 xpmove_5 caruse_5 mobuse_5 netpuse_5 aidxhh_5 jbhas_5 j2has_5
       finnow_5 finfut_5 howlng_5 vote1_5 vote6_5 scsf1_5 scsf2a_5 scsf2b_5 scsf3a_5
       scsf3b_5 scsf4a_5 scsf4b_5 scsf5_5 scsf6a_5 scsf6b_5 scsf6c_5 scsf7_5 scghqa_5
       scghqb_5 scghqc_5 scghqd_5 scghqe_5 scghqf_5 scghqg_5 scghqh_5 scghqi_5
       scghqj_5 scghqk_5 scghql_5 lkmove_6 xpmove_6 caruse_6 mobuse_6 netpuse_6
       aidxhh_6 jbhas_6 j2has_6 finnow_6 finfut_6 howlng_6 vote1_6 vote6_6 scsf1_6
       scsf2a_6 scsf2b_6 scsf3a_6 scsf3b_6 scsf4a_6 scsf4b_6 scsf5_6 scsf6a_6 scsf6b_6
       scsf6c_6 scsf7_6 scghqa_6 scghqb_6 scghqc_6 scghqd_6 scghqe_6 scghqf_6 scghqg_6
       scghqh_6 scghqi_6 scghqj_6 scghqk_6 scghql_6 lkmove_7 xpmove_7 caruse_7
       mobuse_7 netpuse_7 smoker_7 aidxhh_7 jbhas_7 jbterm1_7 jbsemp_7 j2has_7
       fiyrdia_7 finnow_7 finfut_7 howlng_7 vote1_7 vote6_7 scsf2a_7 scsf2b_7 scsf3a_7
       scsf3b_7 scsf4a_7 scsf4b_7 scsf5_7 scsf6a_7 scsf6b_7 scsf6c_7 scsf7_7 scghqa_7
       scghqb_7 scghqc_7 scghqd_7 scghqe_7 scghqf_7 scghqg_7 scghqh_7 scghqi_7
       scghqj_7 scghqk_7 scghql_7 scsf1_7 lkmove_8 xpmove_8 caruse_8 mobuse_8
       netpuse_8 smoker_8 aidxhh_8 jbhas_8 jbterm1_8 jbsemp_8 j2has_8 fiyrdia_8
       finnow_8 finfut_8 scsf2a_8 scsf2b_8 scsf3a_8 scsf3b_8 scsf4a_8 scsf4b_8 scsf5_8
       scsf6a_8 scsf6b_8 scsf6c_8 scsf7_8 scghqa_8 scghqb_8 scghqc_8 scghqd_8 scghqe_8
       scghqf_8 scghqg_8 scghqh_8 scghqi_8 scghqj_8 scghqk_8 scghql_8 scsf1_8 mobuse_9
       netpuse_9 smoker_9 jbhas_9 jbterm1_9 jbsemp_9 j2has_9 fiyrdia_9 finnow_9
       finfut_9 lkmove_10 xpmove_10 mobuse_10 netpuse_10 smoker_10 aidxhh_10 jbhas_10
       jbterm1_10 jbsemp_10 j2has_10 fiyrdia_10 finnow_10 finfut_10 scsf1_10 scsf2a_10
       scsf2b_10 scsf3a_10 scsf3b_10 scsf4a_10 scsf4b_10 scsf5_10 scsf6a_10 scsf6b_10
       scsf6c_10 scsf7_10 scghqa_10 scghqb_10 scghqc_10 scghqd_10 scghqe_10 scghqf_10
       scghqg_10 scghqh_10 scghqi_10 scghqj_10 scghqk_10 scghql_10 edu agecat female
       partner sf1 longill london north urban refresh Higher A level GCSE Other age_35
       age_55 age_75 age_102 pred_all pred_no9 pred_p567 pred_p7 pred_all_w pred_no9_w
       pred_p567_w pred_p7_w f2f_prop stabil;

   MISSING=.;

   USEVARIABLES ARE
   scghqj_5
   scghqj_6
   scghqj_7
   scghqj_8
   scghqj_10;

   CATEGORICAL ARE
   scghqj_5
   scghqj_6
   scghqj_7
   scghqj_8
   scghqj_10;
   CLASSES = c(2);

    KNOWNCLASS = c(no9= 1 2);
  WEIGHT IS pred_no9_w;

   ANALYSIS:


      TYPE = MIXTURE;

      ESTIMATOR = MLR;

      ALGORITHM = INTEGRATION;

      Processors = 8(starts);

      STARTS = 800 200;

   Model:


      %OVERALL%

  i s | scghqj_5@0 scghqj_6@1 scghqj_7@2 scghqj_8@3 scghqj_10@5;
   %c#1%
  [s] (a); s ;
   s WITH i ;
   i ;


   %c#2%
  [s] (a); s ;
   s WITH i ;
   i ;


   OUTPUT: SAMPSTAT;

                                  STDYX;




*** WARNING in VARIABLE command
  Note that only the first 8 characters of variable names are used in the output.
  Shorten variable names to avoid any confusion.
*** WARNING
  One or more observations has a value of 0 for the WEIGHT variable.
*** WARNING
  Data set contains unknown or missing values for variable NO9.
  This variable is used to determine the KNOWNCLASS specification.
  Number of such cases:  1664
*** WARNING
  Data set contains cases with missing on all variables.
  These cases were not included in the analysis.
  Number of cases with missing on all variables:  1
   4 WARNING(S) FOUND IN THE INPUT INSTRUCTIONS



Your title goes here

SUMMARY OF ANALYSIS

Number of groups                                                 1
Number of observations                                         392

Number of dependent variables                                    5
Number of independent variables                                  0
Number of continuous latent variables                            2
Number of categorical latent variables                           1

Observed dependent variables

  Binary and ordered categorical (ordinal)
   SCGHQJ_5    SCGHQJ_6    SCGHQJ_7    SCGHQJ_8    SCGHQJ_1

Continuous latent variables
   I           S

Categorical latent variables
   C

  Knownclass            C

Variables with special functions

  Weight variable       PRED_NO9

Estimator                                                      MLR
Information matrix                                        OBSERVED
Optimization Specifications for the Quasi-Newton Algorithm for
Continuous Outcomes
  Maximum number of iterations                                 100
  Convergence criterion                                  0.100D-05
Optimization Specifications for the EM Algorithm
  Maximum number of iterations                                 500
  Convergence criteria
    Loglikelihood change                                 0.100D-02
    Relative loglikelihood change                        0.100D-05
    Derivative                                           0.100D-02
Optimization Specifications for the M step of the EM Algorithm for
Categorical Latent variables
  Number of M step iterations                                    1
  M step convergence criterion                           0.100D-02
  Basis for M step termination                           ITERATION
Optimization Specifications for the M step of the EM Algorithm for
Censored, Binary or Ordered Categorical (Ordinal), Unordered
Categorical (Nominal) and Count Outcomes
  Number of M step iterations                                    1
  M step convergence criterion                           0.100D-02
  Basis for M step termination                           ITERATION
  Maximum value for logit thresholds                            15
  Minimum value for logit thresholds                           -15
  Minimum expected cell size for chi-square              0.100D-01
Maximum number of iterations for H1                           2000
Convergence criterion for H1                             0.100D-03
Optimization algorithm                                         EMA
Integration Specifications
  Type                                                    STANDARD
  Number of integration points                                  15
  Dimensions of numerical integration                            2
  Adaptive quadrature                                           ON
Random Starts Specifications
  Number of initial stage random starts                        800
  Number of final stage optimizations                          200
  Number of initial stage iterations                            10
  Initial stage convergence criterion                    0.100D+01
  Random starts scale                                    0.500D+01
  Random seed for generating random starts                       0
Link                                                         LOGIT
Cholesky                                                        ON

Input data file(s)
  data.dta
Input data format  FREE


SUMMARY OF DATA

     Number of missing data patterns            30
     Number of y missing data patterns           0
     Number of u missing data patterns          30


COVARIANCE COVERAGE OF DATA

Minimum covariance coverage value   0.100


     PROPORTION OF DATA PRESENT FOR U


           Covariance Coverage
              SCGHQJ_5      SCGHQJ_6      SCGHQJ_7      SCGHQJ_8      SCGHQJ_1
              ________      ________      ________      ________      ________
 SCGHQJ_5       0.487
 SCGHQJ_6       0.406         0.635
 SCGHQJ_7       0.383         0.482         0.735
 SCGHQJ_8       0.375         0.495         0.617         0.786
 SCGHQJ_1       0.337         0.434         0.541         0.607         0.684


UNIVARIATE PROPORTIONS AND COUNTS FOR CATEGORICAL VARIABLES

    SCGHQJ_5
      Category 1    0.406           94.459
      Category 2    0.432          100.311
      Category 3    0.125           29.018
      Category 4    0.037            8.585
    SCGHQJ_6
      Category 1    0.417          131.210
      Category 2    0.378          118.898
      Category 3    0.160           50.390
      Category 4    0.046           14.428
    SCGHQJ_7
      Category 1    0.419          123.320
      Category 2    0.461          135.503
      Category 3    0.091           26.797
      Category 4    0.029            8.598
    SCGHQJ_8
      Category 1    0.421          124.153
      Category 2    0.467          137.539
      Category 3    0.084           24.699
      Category 4    0.028            8.258
    SCGHQJ_1
      Category 1    0.384           95.000
      Category 2    0.479          118.397
      Category 3    0.096           23.618
      Category 4    0.041           10.231


SAMPLE STATISTICS

RANDOM STARTS RESULTS RANKED FROM THE BEST TO THE WORST LOGLIKELIHOOD VALUES

Final stage loglikelihood values at local maxima, seeds, and initial stage start numbers:

           -1605.826  609089           241
           -1605.826  781489           627
           -1605.826  404510           442
           -1605.826  835767           210
           -1605.826  383986           159
           -1605.826  784664           75
           -1605.826  855760           593
           -1605.826  303834           798
           -1605.826  923437           398
           -1605.826  860029           760
           -1605.826  155622           507
           -1605.826  405079           68
           -1605.826  967237           48
           -1605.826  204959           695
           -1605.826  777045           377
           -1605.826  789985           67
           -1605.826  738393           619
           -1605.826  742609           531
           -1605.826  710445           792
           -1605.826  505244           582
           -1605.826  425982           485
           -1605.826  732596           320
           -1605.826  804561           59
           -1605.826  374219           353
           -1605.826  140442           500
           -1605.826  860772           174
           -1605.826  926797           406
           -1605.826  800454           751
           -1605.826  677062           680
           -1605.826  790059           469
           -1605.826  333082           578
           -1605.826  920593           611
           -1605.826  788796           145
           -1605.826  21345            199
           -1605.826  635245           121
           -1605.826  689529           516
           -1605.826  109357           765
           -1605.826  682718           733
           -1605.826  378393           509
           -1605.826  399848           220
           -1605.826  677720           681
           -1605.826  91231            727
           -1605.827  549244           756
           -1605.827  79945            395
           -1605.827  341519           653
           -1605.827  377504           294
           -1605.827  27071            15
           -1605.827  413564           535
           -1605.827  529455           268
           -1605.827  824126           287
           -1605.827  273992           349
           -1605.827  127362           757
           -1605.827  unperturbed      0
           -1605.827  761633           50
           -1605.827  659773           663
           -1605.827  728038           177
           -1605.827  836515           341
           -1605.827  610181           711
           -1605.827  900631           774
           -1605.827  575700           100
           -1605.827  244349           736
           -1605.827  59674            240
           -1605.827  556929           734
           -1605.828  712531           631
           -1605.828  509733           130
           -1605.828  392766           331
           -1605.828  926283           269
           -1605.828  476498           179
           -1605.828  76451            211
           -1605.828  253358           2
           -1605.828  340112           126
           -1605.828  642386           662
           -1605.828  608849           224
           -1605.828  462821           745
           -1605.828  252949           487
           -1605.828  616917           261
           -1605.828  520865           763
           -1605.828  766903           505
           -1605.828  190339           102
           -1605.828  372176           23
           -1605.828  536551           696
           -1605.828  548673           732
           -1605.828  939709           112
           -1605.828  414828           322
           -1605.828  775881           778
           -1605.828  823392           479
           -1605.828  862607           468
           -1605.828  801065           393
           -1605.828  668003           647
           -1605.828  49221            254
           -1605.828  769907           457
           -1605.828  858804           534
           -1605.828  512836           289
           -1605.828  824956           607
           -1605.828  865906           641
           -1605.828  93468            3
           -1605.828  848969           173
           -1605.828  587946           120
           -1605.828  241197           747
           -1605.828  696773           80
           -1605.828  62835            642
           -1605.828  797594           234
           -1605.828  399380           436
           -1605.828  246575           291
           -1605.828  617243           237
           -1605.828  177936           726
           -1605.828  173191           422
           -1605.828  931874           141
           -1605.828  569338           755
           -1605.828  570908           98
           -1605.828  312754           562
           -1605.828  354624           448
           -1605.828  137377           397
           -1605.828  856612           700
           -1605.828  476393           705
           -1605.828  717754           180
           -1605.828  443442           380
           -1605.828  539389           544
           -1605.828  422103           62
           -1605.828  574942           558
           -1605.828  534483           290
           -1605.828  34346            330
           -1605.828  436460           89
           -1605.828  117587           572
           -1605.829  407168           44
           -1605.829  354208           196
           -1605.829  471438           252
           -1605.829  638611           524
           -1605.829  73576            213
           -1605.829  582296           452
           -1605.829  166851           638
           -1605.829  648555           113
           -1605.829  343926           624
           -1605.829  650354           577
           -1605.829  355254           796
           -1605.829  875667           367
           -1605.829  576220           115
           -1605.829  948615           140
           -1605.830  966014           37
           -1605.830  292884           103
           -1605.830  644297           340
           -1605.830  903420           5
           -1605.830  69413            472
           -1605.830  850840           232
           -1605.830  992389           77
           -1605.830  294811           637
           -1605.830  484687           306
           -1605.831  945065           255
           -1605.831  535063           329
           -1605.831  715255           523
           -1605.831  117391           710
           -1605.832  153053           378
           -1605.832  297518           166
           -1605.832  881886           608
           -1605.832  354395           486
           -1605.832  17896            592
           -1605.832  387701           275
           -1605.832  897782           545
           -1605.832  113138           585
           -1605.832  691234           250
           -1605.832  491970           563
           -1605.832  933578           506
           -1605.832  215353           164
           -1605.832  14262            781
           -1605.832  496710           386
           -1605.832  741484           441
           -1605.832  871851           257
           -1605.832  614009           317
           -1605.832  264901           634
           -1605.832  606576           151
           -1605.832  259507           53
           -1605.832  650371           14
           -1605.832  746978           410
           -1605.833  396795           323
           -1605.833  637345           19
           -1605.833  496881           192
           -1605.833  317640           437
           -1605.833  742688           594
           -1605.833  942358           644
           -1605.833  508482           446
           -1605.833  625191           350
           -1605.833  512403           719
           -1605.833  539751           459
           -1605.833  263049           454
           -1605.833  802256           477
           -1605.833  212934           568
           -1605.833  440841           118
           -1605.833  266340           683
           -1605.833  891347           504
           -1605.834  349562           359
           -1605.835  311214           64
           -1605.835  66276            217
           -1605.835  552272           654
           -1605.835  153394           429
           -1605.835  529496           343
           -1606.174  432148           30
           -1606.176  626208           698
           -1606.182  197223           332
           -1606.185  918558           412

1 perturbed starting value run(s) did not converge or were rejected in the third stage.



THE BEST LOGLIKELIHOOD VALUE HAS BEEN REPLICATED.  RERUN WITH AT LEAST TWICE THE
RANDOM STARTS TO CHECK THAT THE BEST LOGLIKELIHOOD IS STILL OBTAINED AND REPLICATED.


THE MODEL ESTIMATION TERMINATED NORMALLY



MODEL FIT INFORMATION

Number of Free Parameters                       12

Loglikelihood

          H0 Value                       -1605.826
          H0 Scaling Correction Factor      1.4907
            for MLR

Information Criteria

          Akaike (AIC)                    3235.652
          Bayesian (BIC)                  3283.307
          Sample-Size Adjusted BIC        3245.231
            (n* = (n + 2) / 24)

Chi-Square Test of Model Fit for the Binary and Ordered Categorical
(Ordinal) Outcomes**

          Pearson Chi-Square

          Value                           1539.997
          Degrees of Freedom                  2023
          P-Value                           1.0000

          Likelihood Ratio Chi-Square

          Value                            515.657
          Degrees of Freedom                  2023
          P-Value                           1.0000

** Of the 3108 cells in the latent class indicator table, 5
   were deleted in the calculation of chi-square due to extreme values.

Chi-Square Test for MCAR under the Unrestricted Latent Class Indicator Model

          Pearson Chi-Square

          Value                           1275.617
          Degrees of Freedom                  4109
          P-Value                           1.0000

          Likelihood Ratio Chi-Square

          Value                           1027.990
          Degrees of Freedom                  4109
          P-Value                           1.0000



FINAL CLASS COUNTS AND PROPORTIONS FOR THE LATENT CLASSES
BASED ON THE ESTIMATED MODEL

    Latent
   Classes

       1        217.00000          0.55357
       2        175.00000          0.44643


MODEL RESULTS

                                                    Two-Tailed
                    Estimate       S.E.  Est./S.E.    P-Value

Latent Class 1 (1)

 I        |
    SCGHQJ_5           1.000      0.000    999.000    999.000
    SCGHQJ_6           1.000      0.000    999.000    999.000
    SCGHQJ_7           1.000      0.000    999.000    999.000
    SCGHQJ_8           1.000      0.000    999.000    999.000
    SCGHQJ_10          1.000      0.000    999.000    999.000

 S        |
    SCGHQJ_5           0.000      0.000    999.000    999.000
    SCGHQJ_6           1.000      0.000    999.000    999.000
    SCGHQJ_7           2.000      0.000    999.000    999.000
    SCGHQJ_8           3.000      0.000    999.000    999.000
    SCGHQJ_10          5.000      0.000    999.000    999.000

 S        WITH
    I                 -1.261      0.608     -2.073      0.038

 Means
    I                 -0.534      0.334     -1.596      0.110
    S                  0.001      0.054      0.025      0.980

 Thresholds
    SCGHQJ_5$1        -0.868      0.289     -2.999      0.003
    SCGHQJ_5$2         2.735      0.318      8.591      0.000
    SCGHQJ_5$3         4.866      0.406     11.980      0.000
    SCGHQJ_6$1        -0.868      0.289     -2.999      0.003
    SCGHQJ_6$2         2.735      0.318      8.591      0.000
    SCGHQJ_6$3         4.866      0.406     11.980      0.000
    SCGHQJ_7$1        -0.868      0.289     -2.999      0.003
    SCGHQJ_7$2         2.735      0.318      8.591      0.000
    SCGHQJ_7$3         4.866      0.406     11.980      0.000
    SCGHQJ_8$1        -0.868      0.289     -2.999      0.003
    SCGHQJ_8$2         2.735      0.318      8.591      0.000
    SCGHQJ_8$3         4.866      0.406     11.980      0.000
    SCGHQJ_1$1        -0.868      0.289     -2.999      0.003
    SCGHQJ_1$2         2.735      0.318      8.591      0.000
    SCGHQJ_1$3         4.866      0.406     11.980      0.000

 Variances
    I                  8.033      2.719      2.955      0.003
    S                  0.375      0.157      2.393      0.017

Latent Class 2 (2)

 I        |
    SCGHQJ_5           1.000      0.000    999.000    999.000
    SCGHQJ_6           1.000      0.000    999.000    999.000
    SCGHQJ_7           1.000      0.000    999.000    999.000
    SCGHQJ_8           1.000      0.000    999.000    999.000
    SCGHQJ_10          1.000      0.000    999.000    999.000

 S        |
    SCGHQJ_5           0.000      0.000    999.000    999.000
    SCGHQJ_6           1.000      0.000    999.000    999.000
    SCGHQJ_7           2.000      0.000    999.000    999.000
    SCGHQJ_8           3.000      0.000    999.000    999.000
    SCGHQJ_10          5.000      0.000    999.000    999.000

 S        WITH
    I                 -0.275      0.267     -1.029      0.303

 Means
    I                  0.000      0.000    999.000    999.000
    S                  0.001      0.054      0.025      0.980

 Thresholds
    SCGHQJ_5$1        -0.868      0.289     -2.999      0.003
    SCGHQJ_5$2         2.735      0.318      8.591      0.000
    SCGHQJ_5$3         4.866      0.406     11.980      0.000
    SCGHQJ_6$1        -0.868      0.289     -2.999      0.003
    SCGHQJ_6$2         2.735      0.318      8.591      0.000
    SCGHQJ_6$3         4.866      0.406     11.980      0.000
    SCGHQJ_7$1        -0.868      0.289     -2.999      0.003
    SCGHQJ_7$2         2.735      0.318      8.591      0.000
    SCGHQJ_7$3         4.866      0.406     11.980      0.000
    SCGHQJ_8$1        -0.868      0.289     -2.999      0.003
    SCGHQJ_8$2         2.735      0.318      8.591      0.000
    SCGHQJ_8$3         4.866      0.406     11.980      0.000
    SCGHQJ_1$1        -0.868      0.289     -2.999      0.003
    SCGHQJ_1$2         2.735      0.318      8.591      0.000
    SCGHQJ_1$3         4.866      0.406     11.980      0.000

 Variances
    I                  5.894      1.653      3.566      0.000
    S                  0.050      0.063      0.794      0.427

Categorical Latent Variables

 Means
    C#1                0.215      0.121      1.776      0.076


QUALITY OF NUMERICAL RESULTS

     Condition Number for the Information Matrix              0.432E-02
       (ratio of smallest to largest eigenvalue)


RESULTS IN PROBABILITY SCALE

                    Estimate

Latent Class 1 (1)

 SCGHQJ_5
    Category 1         0.460
    Category 2         0.376
    Category 3         0.110
    Category 4         0.054
 SCGHQJ_6
    Category 1         0.455
    Category 2         0.407
    Category 3         0.101
    Category 4         0.037
 SCGHQJ_7
    Category 1         0.451
    Category 2         0.431
    Category 3         0.091
    Category 4         0.027
 SCGHQJ_8
    Category 1         0.448
    Category 2         0.444
    Category 3         0.085
    Category 4         0.022
 SCGHQJ_10
    Category 1         0.451
    Category 2         0.426
    Category 3         0.094
    Category 4         0.029

Latent Class 2 (2)

 SCGHQJ_5
    Category 1         0.386
    Category 2         0.434
    Category 3         0.127
    Category 4         0.054
 SCGHQJ_6
    Category 1         0.382
    Category 2         0.444
    Category 3         0.125
    Category 4         0.049
 SCGHQJ_7
    Category 1         0.379
    Category 2         0.453
    Category 3         0.123
    Category 4         0.045
 SCGHQJ_8
    Category 1         0.376
    Category 2         0.460
    Category 3         0.121
    Category 4         0.042
 SCGHQJ_10
    Category 1         0.374
    Category 2         0.468
    Category 3         0.119
    Category 4         0.040


STANDARDIZED MODEL RESULTS


STDYX Standardization

                                                    Two-Tailed
                    Estimate       S.E.  Est./S.E.    P-Value

Latent Class 1 (1)

 I        |
    SCGHQJ_5           0.842      0.041     20.336      0.000
    SCGHQJ_6           0.936      0.074     12.647      0.000
    SCGHQJ_7           1.016      0.119      8.550      0.000
    SCGHQJ_8           1.061      0.164      6.459      0.000
    SCGHQJ_10          0.996      0.197      5.063      0.000

 S        |
    SCGHQJ_5           0.000      0.000    999.000    999.000
    SCGHQJ_6           0.202      0.031      6.481      0.000
    SCGHQJ_7           0.439      0.078      5.651      0.000
    SCGHQJ_8           0.688      0.135      5.114      0.000
    SCGHQJ_10          1.077      0.211      5.094      0.000

 S        WITH
    I                 -0.726      0.125     -5.817      0.000

 Means
    I                 -0.188      0.119     -1.577      0.115
    S                  0.002      0.087      0.025      0.980

 Thresholds
    SCGHQJ_5$1        -0.258      0.088     -2.939      0.003
    SCGHQJ_5$2         0.813      0.116      7.009      0.000
    SCGHQJ_5$3         1.446      0.189      7.669      0.000
    SCGHQJ_6$1        -0.287      0.096     -2.983      0.003
    SCGHQJ_6$2         0.903      0.114      7.931      0.000
    SCGHQJ_6$3         1.606      0.177      9.100      0.000
    SCGHQJ_7$1        -0.311      0.103     -3.022      0.003
    SCGHQJ_7$2         0.980      0.114      8.614      0.000
    SCGHQJ_7$3         1.745      0.164     10.626      0.000
    SCGHQJ_8$1        -0.325      0.107     -3.043      0.002
    SCGHQJ_8$2         1.024      0.123      8.291      0.000
    SCGHQJ_8$3         1.822      0.172     10.622      0.000
    SCGHQJ_1$1        -0.305      0.100     -3.053      0.002
    SCGHQJ_1$2         0.961      0.148      6.514      0.000
    SCGHQJ_1$3         1.710      0.217      7.899      0.000

 Variances
    I                  1.000      0.000    999.000    999.000
    S                  1.000      0.000    999.000    999.000

Latent Class 2 (2)

 I        |
    SCGHQJ_5           0.801      0.040     19.909      0.000
    SCGHQJ_6           0.824      0.057     14.413      0.000
    SCGHQJ_7           0.843      0.076     11.096      0.000
    SCGHQJ_8           0.859      0.095      9.006      0.000
    SCGHQJ_10          0.876      0.135      6.493      0.000

 S        |
    SCGHQJ_5           0.000      0.000    999.000    999.000
    SCGHQJ_6           0.076      0.045      1.671      0.095
    SCGHQJ_7           0.155      0.094      1.651      0.099
    SCGHQJ_8           0.237      0.144      1.646      0.100
    SCGHQJ_10          0.403      0.238      1.693      0.090

 S        WITH
    I                 -0.507      0.339     -1.493      0.135

 Means
    I                  0.000      0.000    999.000    999.000
    S                  0.006      0.239      0.025      0.980

 Thresholds
    SCGHQJ_5$1        -0.286      0.103     -2.776      0.006
    SCGHQJ_5$2         0.902      0.094      9.564      0.000
    SCGHQJ_5$3         1.606      0.138     11.634      0.000
    SCGHQJ_6$1        -0.295      0.103     -2.847      0.004
    SCGHQJ_6$2         0.928      0.095      9.766      0.000
    SCGHQJ_6$3         1.651      0.133     12.370      0.000
    SCGHQJ_7$1        -0.302      0.104     -2.912      0.004
    SCGHQJ_7$2         0.950      0.100      9.484      0.000
    SCGHQJ_7$3         1.691      0.139     12.152      0.000
    SCGHQJ_8$1        -0.307      0.104     -2.965      0.003
    SCGHQJ_8$2         0.968      0.110      8.832      0.000
    SCGHQJ_8$3         1.722      0.155     11.107      0.000
    SCGHQJ_1$1        -0.313      0.104     -3.002      0.003
    SCGHQJ_1$2         0.987      0.140      7.040      0.000
    SCGHQJ_1$3         1.755      0.214      8.199      0.000

 Variances
    I                  1.000      0.000    999.000    999.000
    S                  1.000      0.000    999.000    999.000


R-SQUARE

Class 1

    Observed                                        Two-Tailed
    Variable        Estimate       S.E.  Est./S.E.    P-Value

    SCGHQJ_5           0.709      0.070     10.168      0.000
    SCGHQJ_6           0.641      0.068      9.455      0.000
    SCGHQJ_7           0.577      0.062      9.363      0.000
    SCGHQJ_8           0.539      0.067      8.091      0.000
    SCGHQJ_1           0.594      0.094      6.316      0.000

Class 2

    Observed                                        Two-Tailed
    Variable        Estimate       S.E.  Est./S.E.    P-Value

    SCGHQJ_5           0.642      0.064      9.955      0.000
    SCGHQJ_6           0.621      0.057     10.856      0.000
    SCGHQJ_7           0.603      0.055     11.037      0.000
    SCGHQJ_8           0.588      0.060      9.821      0.000
    SCGHQJ_1           0.572      0.094      6.086      0.000


     Beginning Time:  10:08:06
        Ending Time:  10:10:26
       Elapsed Time:  00:02:20



MUTHEN & MUTHEN
3463 Stoner Ave.
Los Angeles, CA  90066

Tel: (310) 391-9971
Fax: (310) 391-8971
Web: www.StatModel.com
Support: Support@StatModel.com

Copyright (c) 1998-2021 Muthen & Muthen
