Mplus VERSION 8.6
MUTHEN & MUTHEN
07/13/2021  11:13 AM

INPUT INSTRUCTIONS

  TITLE: Your title goes here

   DATA: FILE = data.dta;

   VARIABLE:

   NAMES = pidp gridmode mm hidp_5 hidp_6 hidp_7 hidp_8 hidp_9 hidp_10 indmode_5
       indmode_6 indmode_7 indmode_8 indmode_9 indmode_10 mode_type_all mode_type_no9
       mode_type_567 mode_type_7 all no9 p567 p7 switch_all switch_no9 switch_567
       switch_7 lkmove_5 xpmove_5 caruse_5 mobuse_5 netpuse_5 aidxhh_5 jbhas_5 j2has_5
       finnow_5 finfut_5 howlng_5 vote1_5 vote6_5 scsf1_5 scsf2a_5 scsf2b_5 scsf3a_5
       scsf3b_5 scsf4a_5 scsf4b_5 scsf5_5 scsf6a_5 scsf6b_5 scsf6c_5 scsf7_5 scghqa_5
       scghqb_5 scghqc_5 scghqd_5 scghqe_5 scghqf_5 scghqg_5 scghqh_5 scghqi_5
       scghqj_5 scghqk_5 scghql_5 lkmove_6 xpmove_6 caruse_6 mobuse_6 netpuse_6
       aidxhh_6 jbhas_6 j2has_6 finnow_6 finfut_6 howlng_6 vote1_6 vote6_6 scsf1_6
       scsf2a_6 scsf2b_6 scsf3a_6 scsf3b_6 scsf4a_6 scsf4b_6 scsf5_6 scsf6a_6 scsf6b_6
       scsf6c_6 scsf7_6 scghqa_6 scghqb_6 scghqc_6 scghqd_6 scghqe_6 scghqf_6 scghqg_6
       scghqh_6 scghqi_6 scghqj_6 scghqk_6 scghql_6 lkmove_7 xpmove_7 caruse_7
       mobuse_7 netpuse_7 smoker_7 aidxhh_7 jbhas_7 jbterm1_7 jbsemp_7 j2has_7
       fiyrdia_7 finnow_7 finfut_7 howlng_7 vote1_7 vote6_7 scsf2a_7 scsf2b_7 scsf3a_7
       scsf3b_7 scsf4a_7 scsf4b_7 scsf5_7 scsf6a_7 scsf6b_7 scsf6c_7 scsf7_7 scghqa_7
       scghqb_7 scghqc_7 scghqd_7 scghqe_7 scghqf_7 scghqg_7 scghqh_7 scghqi_7
       scghqj_7 scghqk_7 scghql_7 scsf1_7 lkmove_8 xpmove_8 caruse_8 mobuse_8
       netpuse_8 smoker_8 aidxhh_8 jbhas_8 jbterm1_8 jbsemp_8 j2has_8 fiyrdia_8
       finnow_8 finfut_8 scsf2a_8 scsf2b_8 scsf3a_8 scsf3b_8 scsf4a_8 scsf4b_8 scsf5_8
       scsf6a_8 scsf6b_8 scsf6c_8 scsf7_8 scghqa_8 scghqb_8 scghqc_8 scghqd_8 scghqe_8
       scghqf_8 scghqg_8 scghqh_8 scghqi_8 scghqj_8 scghqk_8 scghql_8 scsf1_8 mobuse_9
       netpuse_9 smoker_9 jbhas_9 jbterm1_9 jbsemp_9 j2has_9 fiyrdia_9 finnow_9
       finfut_9 lkmove_10 xpmove_10 mobuse_10 netpuse_10 smoker_10 aidxhh_10 jbhas_10
       jbterm1_10 jbsemp_10 j2has_10 fiyrdia_10 finnow_10 finfut_10 scsf1_10 scsf2a_10
       scsf2b_10 scsf3a_10 scsf3b_10 scsf4a_10 scsf4b_10 scsf5_10 scsf6a_10 scsf6b_10
       scsf6c_10 scsf7_10 scghqa_10 scghqb_10 scghqc_10 scghqd_10 scghqe_10 scghqf_10
       scghqg_10 scghqh_10 scghqi_10 scghqj_10 scghqk_10 scghql_10 edu agecat female
       partner sf1 longill london north urban refresh Higher A level GCSE Other age_35
       age_55 age_75 age_102 pred_all pred_no9 pred_p567 pred_p7 pred_all_w pred_no9_w
       pred_p567_w pred_p7_w f2f_prop stabil;

   MISSING=.;

   USEVARIABLES ARE
   xpmove_5
   xpmove_6
   xpmove_7
   xpmove_8
   xpmove_10;

   CATEGORICAL ARE
   xpmove_5
   xpmove_6
   xpmove_7
   xpmove_8
   xpmove_10;
   CLASSES = c(2);

    KNOWNCLASS = c(no9= 1 2);
  WEIGHT IS pred_no9_w;

   ANALYSIS:


      TYPE = MIXTURE;

      ESTIMATOR = MLR;

      ALGORITHM = INTEGRATION;

      Processors = 8(starts);

      STARTS = 800 200;

   Model:


      %OVERALL%

  i s | xpmove_5@0 xpmove_6@1 xpmove_7@2 xpmove_8@3 xpmove_10@5;
   %c#1%
  [s] ;
   s ;
   s WITH i ;
   i ;

   %c#2%
  [s] ;
   s ;
   s WITH i ;
   i ;

   OUTPUT: SAMPSTAT;

                                  STDYX;




*** WARNING in VARIABLE command
  Note that only the first 8 characters of variable names are used in the output.
  Shorten variable names to avoid any confusion.
*** WARNING
  One or more observations has a value of 0 for the WEIGHT variable.
*** WARNING
  Data set contains unknown or missing values for variable NO9.
  This variable is used to determine the KNOWNCLASS specification.
  Number of such cases:  1664
*** WARNING
  Data set contains cases with missing on all variables.
  These cases were not included in the analysis.
  Number of cases with missing on all variables:  1
   4 WARNING(S) FOUND IN THE INPUT INSTRUCTIONS



Your title goes here

SUMMARY OF ANALYSIS

Number of groups                                                 1
Number of observations                                         392

Number of dependent variables                                    5
Number of independent variables                                  0
Number of continuous latent variables                            2
Number of categorical latent variables                           1

Observed dependent variables

  Binary and ordered categorical (ordinal)
   XPMOVE_5    XPMOVE_6    XPMOVE_7    XPMOVE_8    XPMOVE_1

Continuous latent variables
   I           S

Categorical latent variables
   C

  Knownclass            C

Variables with special functions

  Weight variable       PRED_NO9

Estimator                                                      MLR
Information matrix                                        OBSERVED
Optimization Specifications for the Quasi-Newton Algorithm for
Continuous Outcomes
  Maximum number of iterations                                 100
  Convergence criterion                                  0.100D-05
Optimization Specifications for the EM Algorithm
  Maximum number of iterations                                 500
  Convergence criteria
    Loglikelihood change                                 0.100D-02
    Relative loglikelihood change                        0.100D-05
    Derivative                                           0.100D-02
Optimization Specifications for the M step of the EM Algorithm for
Categorical Latent variables
  Number of M step iterations                                    1
  M step convergence criterion                           0.100D-02
  Basis for M step termination                           ITERATION
Optimization Specifications for the M step of the EM Algorithm for
Censored, Binary or Ordered Categorical (Ordinal), Unordered
Categorical (Nominal) and Count Outcomes
  Number of M step iterations                                    1
  M step convergence criterion                           0.100D-02
  Basis for M step termination                           ITERATION
  Maximum value for logit thresholds                            15
  Minimum value for logit thresholds                           -15
  Minimum expected cell size for chi-square              0.100D-01
Maximum number of iterations for H1                           2000
Convergence criterion for H1                             0.100D-03
Optimization algorithm                                         EMA
Integration Specifications
  Type                                                    STANDARD
  Number of integration points                                  15
  Dimensions of numerical integration                            2
  Adaptive quadrature                                           ON
Random Starts Specifications
  Number of initial stage random starts                        800
  Number of final stage optimizations                          200
  Number of initial stage iterations                            10
  Initial stage convergence criterion                    0.100D+01
  Random starts scale                                    0.500D+01
  Random seed for generating random starts                       0
Link                                                         LOGIT
Cholesky                                                        ON

Input data file(s)
  data.dta
Input data format  FREE


SUMMARY OF DATA

     Number of missing data patterns            30
     Number of y missing data patterns           0
     Number of u missing data patterns          30


COVARIANCE COVERAGE OF DATA

Minimum covariance coverage value   0.100


     PROPORTION OF DATA PRESENT FOR U


           Covariance Coverage
              XPMOVE_5      XPMOVE_6      XPMOVE_7      XPMOVE_8      XPMOVE_1
              ________      ________      ________      ________      ________
 XPMOVE_5       0.640
 XPMOVE_6       0.589         0.712
 XPMOVE_7       0.510         0.561         0.758
 XPMOVE_8       0.487         0.548         0.628         0.773
 XPMOVE_1       0.454         0.497         0.564         0.607         0.696


UNIVARIATE PROPORTIONS AND COUNTS FOR CATEGORICAL VARIABLES

    XPMOVE_5
      Category 1    0.864          272.410
      Category 2    0.136           42.902
    XPMOVE_6
      Category 1    0.897          316.779
      Category 2    0.103           36.180
    XPMOVE_7
      Category 1    0.884          269.597
      Category 2    0.116           35.469
    XPMOVE_8
      Category 1    0.888          255.468
      Category 2    0.112           32.121
    XPMOVE_1
      Category 1    0.895          227.959
      Category 2    0.105           26.825


SAMPLE STATISTICS

RANDOM STARTS RESULTS RANKED FROM THE BEST TO THE WORST LOGLIKELIHOOD VALUES

Final stage loglikelihood values at local maxima, seeds, and initial stage start numbers:

            -785.895  638611           524
            -785.895  614535           449
            -785.895  642386           662
            -785.896  232559           136
            -785.896  863094           147
            -785.896  268896           124
            -785.896  751054           117
            -785.896  435287           623
            -785.896  638577           769
            -785.896  556929           734
            -785.896  712531           631
            -785.896  415502           194
            -785.896  349562           359
            -785.896  349360           464
            -785.896  unperturbed      0
            -785.896  576726           280
            -785.896  645664           39
            -785.896  637095           207
            -785.896  891347           504
            -785.896  327475           518
            -785.896  55115            408
            -785.896  408713           450
            -785.896  921023           782
            -785.896  667250           318
            -785.896  241197           747
            -785.896  350608           334
            -785.896  669639           699
            -785.896  860029           760
            -785.896  960438           116
            -785.896  982520           737
            -785.896  999211           628
            -785.896  232226           235
            -785.896  688839           273
            -785.896  670281           721
            -785.896  507218           613
            -785.896  321390           133
            -785.896  185071           370
            -785.896  971693           470
            -785.896  264901           634
            -785.896  438144           271
            -785.896  157351           579
            -785.896  484406           421
            -785.896  953843           651
            -785.896  732596           320
            -785.896  605161           409
            -785.896  478421           311
            -785.896  59674            240
            -785.896  246261           38
            -785.896  900631           774
            -785.896  355254           796
            -785.896  354624           448
            -785.896  22089            143
            -785.896  749453           33
            -785.896  686384           690
            -785.896  800454           751
            -785.896  278692           342
            -785.897  117587           572
            -785.897  383986           159
            -785.897  926283           269
            -785.897  521575           313
            -785.897  88437            761
            -785.897  508482           446
            -785.897  217130           443
            -785.897  534483           290
            -785.897  443917           60
            -785.897  51375            148
            -785.897  252949           487
            -785.897  574942           558
            -785.897  640833           434
            -785.897  566739           575
            -785.897  580181           691
            -785.897  167409           772
            -785.897  146900           391
            -785.897  140442           500
            -785.897  605565           404
            -785.897  777045           377
            -785.897  124999           96
            -785.897  317640           437
            -785.897  42523            730
            -785.897  340112           126
            -785.897  464179           106
            -785.897  674171           195
            -785.897  370481           742
            -785.897  879211           453
            -785.897  443442           380
            -785.897  282464           283
            -785.897  602032           648
            -785.897  822698           621
            -785.897  847088           750
            -785.897  902278           21
            -785.897  937588           293
            -785.897  314034           513
            -785.898  268217           83
            -785.898  699554           427
            -785.898  46502            714
            -785.898  182524           373
            -785.898  922596           456
            -785.898  840031           276
            -785.899  303634           169
            -785.899  903420           5
            -785.899  950604           172
            -785.899  40340            188
            -785.899  715255           523
            -785.899  951709           348
            -785.899  166851           638
            -785.899  207896           25
            -785.899  898745           466
            -785.899  316165           299
            -785.900  903633           553
            -785.900  606576           151
            -785.900  76451            211
            -785.900  609185           181
            -785.900  647617           725
            -785.900  403801           762
            -785.900  318230           46
            -785.900  783102           433
            -785.900  97300            640
            -785.901  860772           174
            -785.901  378393           509
            -785.901  512836           289
            -785.901  992389           77
            -785.901  858804           534
            -785.901  281462           285
            -785.901  117731           570
            -785.902  284384           600
            -785.902  153053           378
            -785.902  876943           650
            -785.902  509733           130
            -785.902  694303           282
            -785.902  175199           247
            -785.902  476393           705
            -785.902  58507            793
            -785.903  67009            564
            -785.903  120506           45
            -785.903  192191           629
            -785.904  392751           480
            -785.904  434915           552
            -785.904  723775           97
            -785.904  536551           696
            -785.904  373505           88
            -785.904  836515           341
            -785.904  830570           369
            -785.904  177936           726
            -785.904  724519           333
            -785.905  264935           281
            -785.905  855760           593
            -785.905  605358           321
            -785.905  246575           291
            -785.905  79945            395
            -785.905  17359            227
            -785.905  506886           576
            -785.905  100874           108
            -785.905  551639           55
            -785.905  760878           249
            -785.905  761633           50
            -785.905  126371           526
            -785.905  820977           776
            -785.905  335485           496
            -785.905  73576            213
            -785.905  836066           372
            -785.905  383902           673
            -785.905  997222           229
            -785.905  823392           479
            -785.905  286735           175
            -785.905  772131           407
            -785.905  195873           6
            -785.905  970689           266
            -785.905  875667           367
            -785.905  641794           591
            -785.905  891531           206
            -785.905  118438           601
            -785.905  871438           561
            -785.905  603842           61
            -785.905  939709           112
            -785.905  941525           609
            -785.905  963053           43
            -785.905  856536           144
            -785.905  79212            517
            -785.905  273992           349
            -785.905  404042           675
            -785.905  266008           656
            -785.905  646573           741
            -785.905  343926           624
            -785.905  948615           140
            -785.905  117391           710
            -785.905  109357           765
            -785.905  213532           503
            -785.905  170954           86
            -785.905  414828           322
            -785.905  692169           308
            -785.905  347515           24
            -785.905  373702           669
            -785.905  582296           452
            -785.905  371737           532
            -785.905  871722           355
            -785.905  311214           64
            -785.906  392418           28
            -785.906  285380           1
            -785.906  617658           660
            -785.906  505244           582



THE BEST LOGLIKELIHOOD VALUE HAS BEEN REPLICATED.  RERUN WITH AT LEAST TWICE THE
RANDOM STARTS TO CHECK THAT THE BEST LOGLIKELIHOOD IS STILL OBTAINED AND REPLICATED.


THE MODEL ESTIMATION TERMINATED NORMALLY



MODEL FIT INFORMATION

Number of Free Parameters                       11

Loglikelihood

          H0 Value                        -785.895
          H0 Scaling Correction Factor      1.2235
            for MLR

Information Criteria

          Akaike (AIC)                    1593.791
          Bayesian (BIC)                  1637.475
          Sample-Size Adjusted BIC        1602.572
            (n* = (n + 2) / 24)

Chi-Square Test of Model Fit for the Binary and Ordered Categorical
(Ordinal) Outcomes

          Pearson Chi-Square

          Value                             81.365
          Degrees of Freedom                    52
          P-Value                           0.0057

          Likelihood Ratio Chi-Square

          Value                             45.821
          Degrees of Freedom                    52
          P-Value                           0.7142

Chi-Square Test for MCAR under the Unrestricted Latent Class Indicator Model

          Pearson Chi-Square

          Value                            288.421
          Degrees of Freedom                   357
          P-Value                           0.9968

          Likelihood Ratio Chi-Square

          Value                            214.002
          Degrees of Freedom                   357
          P-Value                           1.0000



FINAL CLASS COUNTS AND PROPORTIONS FOR THE LATENT CLASSES
BASED ON THE ESTIMATED MODEL

    Latent
   Classes

       1        217.00000          0.55357
       2        175.00000          0.44643


MODEL RESULTS

                                                    Two-Tailed
                    Estimate       S.E.  Est./S.E.    P-Value

Latent Class 1 (1)

 I        |
    XPMOVE_5           1.000      0.000    999.000    999.000
    XPMOVE_6           1.000      0.000    999.000    999.000
    XPMOVE_7           1.000      0.000    999.000    999.000
    XPMOVE_8           1.000      0.000    999.000    999.000
    XPMOVE_10          1.000      0.000    999.000    999.000

 S        |
    XPMOVE_5           0.000      0.000    999.000    999.000
    XPMOVE_6           1.000      0.000    999.000    999.000
    XPMOVE_7           2.000      0.000    999.000    999.000
    XPMOVE_8           3.000      0.000    999.000    999.000
    XPMOVE_10          5.000      0.000    999.000    999.000

 S        WITH
    I                 -1.051      0.647     -1.625      0.104

 Means
    I                 -0.531      0.669     -0.794      0.427
    S                 -0.029      0.198     -0.148      0.882

 Thresholds
    XPMOVE_5$1         2.556      0.423      6.038      0.000
    XPMOVE_6$1         2.556      0.423      6.038      0.000
    XPMOVE_7$1         2.556      0.423      6.038      0.000
    XPMOVE_8$1         2.556      0.423      6.038      0.000
    XPMOVE_1$1         2.556      0.423      6.038      0.000

 Variances
    I                  4.958      2.469      2.008      0.045
    S                  0.552      0.336      1.641      0.101

Latent Class 2 (2)

 I        |
    XPMOVE_5           1.000      0.000    999.000    999.000
    XPMOVE_6           1.000      0.000    999.000    999.000
    XPMOVE_7           1.000      0.000    999.000    999.000
    XPMOVE_8           1.000      0.000    999.000    999.000
    XPMOVE_10          1.000      0.000    999.000    999.000

 S        |
    XPMOVE_5           0.000      0.000    999.000    999.000
    XPMOVE_6           1.000      0.000    999.000    999.000
    XPMOVE_7           2.000      0.000    999.000    999.000
    XPMOVE_8           3.000      0.000    999.000    999.000
    XPMOVE_10          5.000      0.000    999.000    999.000

 S        WITH
    I                 -0.298      0.330     -0.904      0.366

 Means
    I                  0.000      0.000    999.000    999.000
    S                  0.001      0.169      0.007      0.994

 Thresholds
    XPMOVE_5$1         2.556      0.423      6.038      0.000
    XPMOVE_6$1         2.556      0.423      6.038      0.000
    XPMOVE_7$1         2.556      0.423      6.038      0.000
    XPMOVE_8$1         2.556      0.423      6.038      0.000
    XPMOVE_1$1         2.556      0.423      6.038      0.000

 Variances
    I                  2.395      1.392      1.720      0.085
    S                  0.045      0.104      0.432      0.666

Categorical Latent Variables

 Means
    C#1                0.215      0.121      1.780      0.075


QUALITY OF NUMERICAL RESULTS

     Condition Number for the Information Matrix              0.277E-02
       (ratio of smallest to largest eigenvalue)


RESULTS IN PROBABILITY SCALE

                    Estimate

Latent Class 1 (1)

 XPMOVE_5
    Category 1         0.862
    Category 2         0.138
 XPMOVE_6
    Category 1         0.889
    Category 2         0.111
 XPMOVE_7
    Category 1         0.900
    Category 2         0.100
 XPMOVE_8
    Category 1         0.890
    Category 2         0.110
 XPMOVE_10
    Category 1         0.831
    Category 2         0.169

Latent Class 2 (2)

 XPMOVE_5
    Category 1         0.864
    Category 2         0.136
 XPMOVE_6
    Category 1         0.877
    Category 2         0.123
 XPMOVE_7
    Category 1         0.889
    Category 2         0.111
 XPMOVE_8
    Category 1         0.899
    Category 2         0.101
 XPMOVE_10
    Category 1         0.912
    Category 2         0.088


STANDARDIZED MODEL RESULTS


STDYX Standardization

                                                    Two-Tailed
                    Estimate       S.E.  Est./S.E.    P-Value

Latent Class 1 (1)

 I        |
    XPMOVE_5           0.775      0.077     10.067      0.000
    XPMOVE_6           0.860      0.123      6.987      0.000
    XPMOVE_7           0.891      0.182      4.892      0.000
    XPMOVE_8           0.847      0.228      3.715      0.000
    XPMOVE_10          0.656      0.228      2.873      0.004

 S        |
    XPMOVE_5           0.000      0.000    999.000    999.000
    XPMOVE_6           0.287      0.080      3.587      0.000
    XPMOVE_7           0.594      0.153      3.895      0.000
    XPMOVE_8           0.848      0.184      4.610      0.000
    XPMOVE_10          1.094      0.173      6.323      0.000

 S        WITH
    I                 -0.636      0.191     -3.327      0.001

 Means
    I                 -0.238      0.271     -0.879      0.380
    S                 -0.039      0.261     -0.151      0.880

 Thresholds
    XPMOVE_5$1         0.890      0.199      4.479      0.000
    XPMOVE_6$1         0.988      0.200      4.928      0.000
    XPMOVE_7$1         1.022      0.203      5.025      0.000
    XPMOVE_8$1         0.973      0.226      4.300      0.000
    XPMOVE_1$1         0.753      0.239      3.151      0.002

 Variances
    I                  1.000      0.000    999.000    999.000
    S                  1.000      0.000    999.000    999.000

Latent Class 2 (2)

 I        |
    XPMOVE_5           0.649      0.109      5.946      0.000
    XPMOVE_6           0.683      0.142      4.797      0.000
    XPMOVE_7           0.716      0.178      4.032      0.000
    XPMOVE_8           0.746      0.213      3.500      0.000
    XPMOVE_10          0.791      0.293      2.696      0.007

 S        |
    XPMOVE_5           0.000      0.000    999.000    999.000
    XPMOVE_6           0.094      0.105      0.891      0.373
    XPMOVE_7           0.196      0.223      0.880      0.379
    XPMOVE_8           0.307      0.347      0.883      0.377
    XPMOVE_10          0.542      0.570      0.951      0.342

 S        WITH
    I                 -0.909      0.666     -1.365      0.172

 Means
    I                  0.000      0.000    999.000    999.000
    S                  0.006      0.801      0.007      0.994

 Thresholds
    XPMOVE_5$1         1.072      0.118      9.048      0.000
    XPMOVE_6$1         1.128      0.133      8.497      0.000
    XPMOVE_7$1         1.183      0.171      6.927      0.000
    XPMOVE_8$1         1.233      0.227      5.437      0.000
    XPMOVE_1$1         1.307      0.399      3.272      0.001

 Variances
    I                  1.000      0.000    999.000    999.000
    S                  1.000      0.000    999.000    999.000


R-SQUARE

Class 1

    Observed                                        Two-Tailed
    Variable        Estimate       S.E.  Est./S.E.    P-Value

    XPMOVE_5           0.601      0.119      5.033      0.000
    XPMOVE_6           0.509      0.115      4.417      0.000
    XPMOVE_7           0.474      0.116      4.077      0.000
    XPMOVE_8           0.524      0.156      3.367      0.001
    XPMOVE_1           0.715      0.154      4.627      0.000

Class 2

    Observed                                        Two-Tailed
    Variable        Estimate       S.E.  Est./S.E.    P-Value

    XPMOVE_5           0.421      0.142      2.973      0.003
    XPMOVE_6           0.359      0.111      3.233      0.001
    XPMOVE_7           0.296      0.093      3.195      0.001
    XPMOVE_8           0.235      0.122      1.924      0.054
    XPMOVE_1           0.140      0.361      0.387      0.698


     Beginning Time:  11:13:06
        Ending Time:  11:14:17
       Elapsed Time:  00:01:11



MUTHEN & MUTHEN
3463 Stoner Ave.
Los Angeles, CA  90066

Tel: (310) 391-9971
Fax: (310) 391-8971
Web: www.StatModel.com
Support: Support@StatModel.com

Copyright (c) 1998-2021 Muthen & Muthen
