Mplus VERSION 8.6
MUTHEN & MUTHEN
07/13/2021  10:14 AM

INPUT INSTRUCTIONS

  TITLE: Your title goes here

   DATA: FILE = data.dta;

   VARIABLE:

   NAMES = pidp gridmode mm hidp_5 hidp_6 hidp_7 hidp_8 hidp_9 hidp_10 indmode_5
       indmode_6 indmode_7 indmode_8 indmode_9 indmode_10 mode_type_all mode_type_no9
       mode_type_567 mode_type_7 all no9 p567 p7 switch_all switch_no9 switch_567
       switch_7 lkmove_5 xpmove_5 caruse_5 mobuse_5 netpuse_5 aidxhh_5 jbhas_5 j2has_5
       finnow_5 finfut_5 howlng_5 vote1_5 vote6_5 scsf1_5 scsf2a_5 scsf2b_5 scsf3a_5
       scsf3b_5 scsf4a_5 scsf4b_5 scsf5_5 scsf6a_5 scsf6b_5 scsf6c_5 scsf7_5 scghqa_5
       scghqb_5 scghqc_5 scghqd_5 scghqe_5 scghqf_5 scghqg_5 scghqh_5 scghqi_5
       scghqj_5 scghqk_5 scghql_5 lkmove_6 xpmove_6 caruse_6 mobuse_6 netpuse_6
       aidxhh_6 jbhas_6 j2has_6 finnow_6 finfut_6 howlng_6 vote1_6 vote6_6 scsf1_6
       scsf2a_6 scsf2b_6 scsf3a_6 scsf3b_6 scsf4a_6 scsf4b_6 scsf5_6 scsf6a_6 scsf6b_6
       scsf6c_6 scsf7_6 scghqa_6 scghqb_6 scghqc_6 scghqd_6 scghqe_6 scghqf_6 scghqg_6
       scghqh_6 scghqi_6 scghqj_6 scghqk_6 scghql_6 lkmove_7 xpmove_7 caruse_7
       mobuse_7 netpuse_7 smoker_7 aidxhh_7 jbhas_7 jbterm1_7 jbsemp_7 j2has_7
       fiyrdia_7 finnow_7 finfut_7 howlng_7 vote1_7 vote6_7 scsf2a_7 scsf2b_7 scsf3a_7
       scsf3b_7 scsf4a_7 scsf4b_7 scsf5_7 scsf6a_7 scsf6b_7 scsf6c_7 scsf7_7 scghqa_7
       scghqb_7 scghqc_7 scghqd_7 scghqe_7 scghqf_7 scghqg_7 scghqh_7 scghqi_7
       scghqj_7 scghqk_7 scghql_7 scsf1_7 lkmove_8 xpmove_8 caruse_8 mobuse_8
       netpuse_8 smoker_8 aidxhh_8 jbhas_8 jbterm1_8 jbsemp_8 j2has_8 fiyrdia_8
       finnow_8 finfut_8 scsf2a_8 scsf2b_8 scsf3a_8 scsf3b_8 scsf4a_8 scsf4b_8 scsf5_8
       scsf6a_8 scsf6b_8 scsf6c_8 scsf7_8 scghqa_8 scghqb_8 scghqc_8 scghqd_8 scghqe_8
       scghqf_8 scghqg_8 scghqh_8 scghqi_8 scghqj_8 scghqk_8 scghql_8 scsf1_8 mobuse_9
       netpuse_9 smoker_9 jbhas_9 jbterm1_9 jbsemp_9 j2has_9 fiyrdia_9 finnow_9
       finfut_9 lkmove_10 xpmove_10 mobuse_10 netpuse_10 smoker_10 aidxhh_10 jbhas_10
       jbterm1_10 jbsemp_10 j2has_10 fiyrdia_10 finnow_10 finfut_10 scsf1_10 scsf2a_10
       scsf2b_10 scsf3a_10 scsf3b_10 scsf4a_10 scsf4b_10 scsf5_10 scsf6a_10 scsf6b_10
       scsf6c_10 scsf7_10 scghqa_10 scghqb_10 scghqc_10 scghqd_10 scghqe_10 scghqf_10
       scghqg_10 scghqh_10 scghqi_10 scghqj_10 scghqk_10 scghql_10 edu agecat female
       partner sf1 longill london north urban refresh Higher A level GCSE Other age_35
       age_55 age_75 age_102 pred_all pred_no9 pred_p567 pred_p7 pred_all_w pred_no9_w
       pred_p567_w pred_p7_w f2f_prop stabil;

   MISSING=.;

   USEVARIABLES ARE
   scghqk_5
   scghqk_6
   scghqk_7
   scghqk_8
   scghqk_10;

   CATEGORICAL ARE
   scghqk_5
   scghqk_6
   scghqk_7
   scghqk_8
   scghqk_10;
   CLASSES = c(2);

    KNOWNCLASS = c(no9= 1 2);
  WEIGHT IS pred_no9_w;

   ANALYSIS:


      TYPE = MIXTURE;

      ESTIMATOR = MLR;

      ALGORITHM = INTEGRATION;

      Processors = 8(starts);

      STARTS = 800 200;

   Model:


      %OVERALL%

  i s | scghqk_5@0 scghqk_6@1 scghqk_7@2 scghqk_8@3 scghqk_10@5;
   %c#1%
  [s] ;
   s ;
   s WITH i ;
   i ;

   %c#2%
  [s] ;
   s ;
   s WITH i ;
   i ;

   OUTPUT: SAMPSTAT;

                                  STDYX;




*** WARNING in VARIABLE command
  Note that only the first 8 characters of variable names are used in the output.
  Shorten variable names to avoid any confusion.
*** WARNING
  One or more observations has a value of 0 for the WEIGHT variable.
*** WARNING
  Data set contains unknown or missing values for variable NO9.
  This variable is used to determine the KNOWNCLASS specification.
  Number of such cases:  1664
*** WARNING
  Data set contains cases with missing on all variables.
  These cases were not included in the analysis.
  Number of cases with missing on all variables:  1
   4 WARNING(S) FOUND IN THE INPUT INSTRUCTIONS



Your title goes here

SUMMARY OF ANALYSIS

Number of groups                                                 1
Number of observations                                         392

Number of dependent variables                                    5
Number of independent variables                                  0
Number of continuous latent variables                            2
Number of categorical latent variables                           1

Observed dependent variables

  Binary and ordered categorical (ordinal)
   SCGHQK_5    SCGHQK_6    SCGHQK_7    SCGHQK_8    SCGHQK_1

Continuous latent variables
   I           S

Categorical latent variables
   C

  Knownclass            C

Variables with special functions

  Weight variable       PRED_NO9

Estimator                                                      MLR
Information matrix                                        OBSERVED
Optimization Specifications for the Quasi-Newton Algorithm for
Continuous Outcomes
  Maximum number of iterations                                 100
  Convergence criterion                                  0.100D-05
Optimization Specifications for the EM Algorithm
  Maximum number of iterations                                 500
  Convergence criteria
    Loglikelihood change                                 0.100D-02
    Relative loglikelihood change                        0.100D-05
    Derivative                                           0.100D-02
Optimization Specifications for the M step of the EM Algorithm for
Categorical Latent variables
  Number of M step iterations                                    1
  M step convergence criterion                           0.100D-02
  Basis for M step termination                           ITERATION
Optimization Specifications for the M step of the EM Algorithm for
Censored, Binary or Ordered Categorical (Ordinal), Unordered
Categorical (Nominal) and Count Outcomes
  Number of M step iterations                                    1
  M step convergence criterion                           0.100D-02
  Basis for M step termination                           ITERATION
  Maximum value for logit thresholds                            15
  Minimum value for logit thresholds                           -15
  Minimum expected cell size for chi-square              0.100D-01
Maximum number of iterations for H1                           2000
Convergence criterion for H1                             0.100D-03
Optimization algorithm                                         EMA
Integration Specifications
  Type                                                    STANDARD
  Number of integration points                                  15
  Dimensions of numerical integration                            2
  Adaptive quadrature                                           ON
Random Starts Specifications
  Number of initial stage random starts                        800
  Number of final stage optimizations                          200
  Number of initial stage iterations                            10
  Initial stage convergence criterion                    0.100D+01
  Random starts scale                                    0.500D+01
  Random seed for generating random starts                       0
Link                                                         LOGIT
Cholesky                                                        ON

Input data file(s)
  data.dta
Input data format  FREE


SUMMARY OF DATA

     Number of missing data patterns            30
     Number of y missing data patterns           0
     Number of u missing data patterns          30


COVARIANCE COVERAGE OF DATA

Minimum covariance coverage value   0.100


     PROPORTION OF DATA PRESENT FOR U


           Covariance Coverage
              SCGHQK_5      SCGHQK_6      SCGHQK_7      SCGHQK_8      SCGHQK_1
              ________      ________      ________      ________      ________
 SCGHQK_5       0.487
 SCGHQK_6       0.406         0.635
 SCGHQK_7       0.383         0.482         0.735
 SCGHQK_8       0.375         0.495         0.617         0.786
 SCGHQK_1       0.337         0.434         0.541         0.607         0.684


UNIVARIATE PROPORTIONS AND COUNTS FOR CATEGORICAL VARIABLES

    SCGHQK_5
      Category 1    0.665          154.539
      Category 2    0.226           52.521
      Category 3    0.077           17.939
      Category 4    0.032            7.374
    SCGHQK_6
      Category 1    0.618          194.637
      Category 2    0.275           86.566
      Category 3    0.080           25.100
      Category 4    0.027            8.622
    SCGHQK_7
      Category 1    0.705          207.291
      Category 2    0.231           68.087
      Category 3    0.047           13.687
      Category 4    0.018            5.153
    SCGHQK_8
      Category 1    0.713          209.957
      Category 2    0.224           66.096
      Category 3    0.043           12.654
      Category 4    0.020            5.941
    SCGHQK_1
      Category 1    0.650          160.681
      Category 2    0.268           66.164
      Category 3    0.050           12.344
      Category 4    0.033            8.057


SAMPLE STATISTICS

RANDOM STARTS RESULTS RANKED FROM THE BEST TO THE WORST LOGLIKELIHOOD VALUES

Final stage loglikelihood values at local maxima, seeds, and initial stage start numbers:

           -1323.097  793487           595
           -1323.097  576220           115
           -1323.097  547702           767
           -1323.097  173191           422
           -1323.097  621542           375
           -1323.097  340112           126
           -1323.097  414284           158
           -1323.097  549244           756
           -1323.097  609185           181
           -1323.097  691234           250
           -1323.097  61587            400
           -1323.097  689529           516
           -1323.097  85462            51
           -1323.097  704798           530
           -1323.097  800454           751
           -1323.097  51375            148
           -1323.097  117587           572
           -1323.097  298275           418
           -1323.097  802256           477
           -1323.098  606576           151
           -1323.098  348637           749
           -1323.098  548673           732
           -1323.098  963053           43
           -1323.098  462228           298
           -1323.098  775881           778
           -1323.098  879211           453
           -1323.098  605565           404
           -1323.098  568859           49
           -1323.098  501995           791
           -1323.098  831410           567
           -1323.098  752769           253
           -1323.098  580181           691
           -1323.098  109357           765
           -1323.098  488125           368
           -1323.098  438144           271
           -1323.098  93468            3
           -1323.098  939709           112
           -1323.098  685268           596
           -1323.098  392418           28
           -1323.098  359578           458
           -1323.098  121425           511
           -1323.098  407168           44
           -1323.098  939870           655
           -1323.098  852283           616
           -1323.098  970689           266
           -1323.098  584397           428
           -1323.098  783165           170
           -1323.098  84013            598
           -1323.098  502495           724
           -1323.098  163110           584
           -1323.098  742688           594
           -1323.098  570908           98
           -1323.098  797594           234
           -1323.098  314034           513
           -1323.098  997222           229
           -1323.098  407108           366
           -1323.098  566687           597
           -1323.098  484687           306
           -1323.098  404042           675
           -1323.098  736574           414
           -1323.098  284384           600
           -1323.098  644297           340
           -1323.101  303634           169
           -1323.101  370957           554
           -1323.102  321390           133
           -1323.102  696830           668
           -1323.102  761633           50
           -1323.102  170954           86
           -1323.102  224950           455
           -1323.102  114433           708
           -1323.103  404426           344
           -1323.103  88437            761
           -1323.103  244349           736
           -1323.103  177936           726
           -1323.103  147440           514
           -1323.103  971693           470
           -1323.103  738393           619
           -1323.103  190339           102
           -1323.103  533738           11
           -1323.103  195873           6
           -1323.103  46502            714
           -1323.103  414828           322
           -1323.104  68850            462
           -1323.104  953843           651
           -1323.104  22089            143
           -1323.104  67009            564
           -1323.104  182524           373
           -1323.105  57226            208
           -1323.105  318230           46
           -1323.105  232559           136
           -1323.106  72866            692
           -1323.106  117731           570
           -1323.106  732596           320
           -1323.106  985387           381
           -1323.106  858804           534
           -1323.106  915642           40
           -1323.107  97158            205
           -1323.107  286735           175
           -1323.107  648555           113
           -1323.107  848969           173
           -1323.107  181293           212
           -1323.107  595153           230
           -1323.107  343926           624
           -1323.107  913639           162
           -1323.108  862607           468
           -1323.108  14262            781
           -1323.108  659832           754
           -1323.108  unperturbed      0
           -1323.108  694303           282
           -1323.108  15715            274
           -1323.109  192191           629
           -1323.109  373702           669
           -1323.109  804561           59
           -1323.109  876943           650
           -1323.109  848590           694
           -1323.110  81117            305
           -1323.110  405371           569
           -1323.110  887580           493
           -1323.110  76451            211
           -1323.111  830392           35
           -1323.111  926283           269
           -1323.112  50887            389
           -1323.112  485483           498
           -1323.112  217130           443
           -1323.112  995875           547
           -1323.113  682718           733
           -1323.113  276102           599
           -1323.113  871722           355
           -1323.113  473942           574
           -1323.113  319144           176
           -1323.113  268896           124
           -1323.113  783102           433
           -1323.113  679832           302
           -1323.113  485256           371
           -1323.113  425982           485
           -1323.113  377504           294
           -1323.113  317640           437
           -1323.113  863691           481
           -1323.114  534864           307
           -1323.114  967237           48
           -1323.114  605358           321
           -1323.114  146900           391
           -1323.114  982520           737
           -1323.114  992389           77
           -1323.114  576596           99
           -1323.114  358488           264
           -1323.114  778953           635
           -1323.114  481835           57
           -1323.114  576726           280
           -1323.114  791285           416
           -1323.114  798839           312
           -1323.114  458181           189
           -1323.114  529455           268
           -1323.114  792389           746
           -1323.114  349562           359
           -1323.114  484406           421
           -1323.114  840031           276
           -1323.114  179022           687
           -1323.114  273992           349
           -1323.114  580405           286
           -1323.114  766903           505
           -1323.114  781489           627
           -1323.114  587946           120
           -1323.114  810705           626
           -1323.114  238906           430
           -1323.114  646573           741
           -1323.114  668003           647
           -1323.114  853195           431
           -1323.114  604861           800
           -1323.114  878749           728
           -1323.114  545108           667
           -1323.114  496703           758
           -1323.114  89970            223
           -1323.114  793035           187
           -1323.114  197223           332
           -1323.114  166851           638
           -1323.114  726035           191
           -1323.114  350608           334
           -1323.114  313306           612
           -1323.114  266340           683
           -1323.114  987090           70
           -1323.114  247224           94
           -1323.114  399848           220
           -1323.114  972430           491
           -1323.114  164305           128
           -1323.114  673496           218
           -1323.114  259507           53
           -1323.114  961454           665
           -1323.114  871851           257
           -1323.114  58507            793
           -1323.114  951709           348
           -1323.114  213532           503
           -1323.115  928287           197
           -1323.115  399508           415
           -1323.115  610181           711

5 perturbed starting value run(s) did not converge or were rejected in the third stage.



THE BEST LOGLIKELIHOOD VALUE HAS BEEN REPLICATED.  RERUN WITH AT LEAST TWICE THE
RANDOM STARTS TO CHECK THAT THE BEST LOGLIKELIHOOD IS STILL OBTAINED AND REPLICATED.


THE MODEL ESTIMATION TERMINATED NORMALLY



MODEL FIT INFORMATION

Number of Free Parameters                       13

Loglikelihood

          H0 Value                       -1323.097
          H0 Scaling Correction Factor      1.3916
            for MLR

Information Criteria

          Akaike (AIC)                    2672.195
          Bayesian (BIC)                  2723.821
          Sample-Size Adjusted BIC        2682.573
            (n* = (n + 2) / 24)

Chi-Square Test of Model Fit for the Binary and Ordered Categorical
(Ordinal) Outcomes**

          Pearson Chi-Square

          Value                           1108.919
          Degrees of Freedom                  2019
          P-Value                           1.0000

          Likelihood Ratio Chi-Square

          Value                            394.293
          Degrees of Freedom                  2019
          P-Value                           1.0000

** Of the 3108 cells in the latent class indicator table, 5
   were deleted in the calculation of chi-square due to extreme values.

Chi-Square Test for MCAR under the Unrestricted Latent Class Indicator Model

          Pearson Chi-Square

          Value                            926.609
          Degrees of Freedom                  4109
          P-Value                           1.0000

          Likelihood Ratio Chi-Square

          Value                            776.760
          Degrees of Freedom                  4109
          P-Value                           1.0000



FINAL CLASS COUNTS AND PROPORTIONS FOR THE LATENT CLASSES
BASED ON THE ESTIMATED MODEL

    Latent
   Classes

       1        217.00000          0.55357
       2        175.00000          0.44643


MODEL RESULTS

                                                    Two-Tailed
                    Estimate       S.E.  Est./S.E.    P-Value

Latent Class 1 (1)

 I        |
    SCGHQK_5           1.000      0.000    999.000    999.000
    SCGHQK_6           1.000      0.000    999.000    999.000
    SCGHQK_7           1.000      0.000    999.000    999.000
    SCGHQK_8           1.000      0.000    999.000    999.000
    SCGHQK_10          1.000      0.000    999.000    999.000

 S        |
    SCGHQK_5           0.000      0.000    999.000    999.000
    SCGHQK_6           1.000      0.000    999.000    999.000
    SCGHQK_7           2.000      0.000    999.000    999.000
    SCGHQK_8           3.000      0.000    999.000    999.000
    SCGHQK_10          5.000      0.000    999.000    999.000

 S        WITH
    I                 -0.122      0.318     -0.384      0.701

 Means
    I                 -1.065      0.530     -2.011      0.044
    S                  0.020      0.153      0.132      0.895

 Thresholds
    SCGHQK_5$1         0.661      0.285      2.316      0.021
    SCGHQK_5$2         3.376      0.346      9.758      0.000
    SCGHQK_5$3         5.133      0.450     11.401      0.000
    SCGHQK_6$1         0.661      0.285      2.316      0.021
    SCGHQK_6$2         3.376      0.346      9.758      0.000
    SCGHQK_6$3         5.133      0.450     11.401      0.000
    SCGHQK_7$1         0.661      0.285      2.316      0.021
    SCGHQK_7$2         3.376      0.346      9.758      0.000
    SCGHQK_7$3         5.133      0.450     11.401      0.000
    SCGHQK_8$1         0.661      0.285      2.316      0.021
    SCGHQK_8$2         3.376      0.346      9.758      0.000
    SCGHQK_8$3         5.133      0.450     11.401      0.000
    SCGHQK_1$1         0.661      0.285      2.316      0.021
    SCGHQK_1$2         3.376      0.346      9.758      0.000
    SCGHQK_1$3         5.133      0.450     11.401      0.000

 Variances
    I                  5.733      2.460      2.331      0.020
    S                  0.181      0.123      1.470      0.142

Latent Class 2 (2)

 I        |
    SCGHQK_5           1.000      0.000    999.000    999.000
    SCGHQK_6           1.000      0.000    999.000    999.000
    SCGHQK_7           1.000      0.000    999.000    999.000
    SCGHQK_8           1.000      0.000    999.000    999.000
    SCGHQK_10          1.000      0.000    999.000    999.000

 S        |
    SCGHQK_5           0.000      0.000    999.000    999.000
    SCGHQK_6           1.000      0.000    999.000    999.000
    SCGHQK_7           2.000      0.000    999.000    999.000
    SCGHQK_8           3.000      0.000    999.000    999.000
    SCGHQK_10          5.000      0.000    999.000    999.000

 S        WITH
    I                  0.025      0.206      0.123      0.902

 Means
    I                  0.000      0.000    999.000    999.000
    S                 -0.085      0.079     -1.071      0.284

 Thresholds
    SCGHQK_5$1         0.661      0.285      2.316      0.021
    SCGHQK_5$2         3.376      0.346      9.758      0.000
    SCGHQK_5$3         5.133      0.450     11.401      0.000
    SCGHQK_6$1         0.661      0.285      2.316      0.021
    SCGHQK_6$2         3.376      0.346      9.758      0.000
    SCGHQK_6$3         5.133      0.450     11.401      0.000
    SCGHQK_7$1         0.661      0.285      2.316      0.021
    SCGHQK_7$2         3.376      0.346      9.758      0.000
    SCGHQK_7$3         5.133      0.450     11.401      0.000
    SCGHQK_8$1         0.661      0.285      2.316      0.021
    SCGHQK_8$2         3.376      0.346      9.758      0.000
    SCGHQK_8$3         5.133      0.450     11.401      0.000
    SCGHQK_1$1         0.661      0.285      2.316      0.021
    SCGHQK_1$2         3.376      0.346      9.758      0.000
    SCGHQK_1$3         5.133      0.450     11.401      0.000

 Variances
    I                  3.921      1.118      3.507      0.000
    S                  0.000      0.003      0.064      0.949

Categorical Latent Variables

 Means
    C#1                0.215      0.121      1.776      0.076


QUALITY OF NUMERICAL RESULTS

     Condition Number for the Information Matrix              0.175E-04
       (ratio of smallest to largest eigenvalue)


RESULTS IN PROBABILITY SCALE

                    Estimate

Latent Class 1 (1)

 SCGHQK_5
    Category 1         0.720
    Category 2         0.211
    Category 3         0.048
    Category 4         0.020
 SCGHQK_6
    Category 1         0.718
    Category 2         0.213
    Category 3         0.049
    Category 4         0.020
 SCGHQK_7
    Category 1         0.713
    Category 2         0.214
    Category 3         0.051
    Category 4         0.022
 SCGHQK_8
    Category 1         0.704
    Category 2         0.215
    Category 3         0.055
    Category 4         0.026
 SCGHQK_10
    Category 1         0.680
    Category 2         0.213
    Category 3         0.066
    Category 4         0.041

Latent Class 2 (2)

 SCGHQK_5
    Category 1         0.600
    Category 2         0.299
    Category 3         0.073
    Category 4         0.028
 SCGHQK_6
    Category 1         0.612
    Category 2         0.292
    Category 3         0.070
    Category 4         0.027
 SCGHQK_7
    Category 1         0.623
    Category 2         0.284
    Category 3         0.067
    Category 4         0.026
 SCGHQK_8
    Category 1         0.635
    Category 2         0.277
    Category 3         0.064
    Category 4         0.024
 SCGHQK_10
    Category 1         0.658
    Category 2         0.262
    Category 3         0.058
    Category 4         0.022


STANDARDIZED MODEL RESULTS


STDYX Standardization

                                                    Two-Tailed
                    Estimate       S.E.  Est./S.E.    P-Value

Latent Class 1 (1)

 I        |
    SCGHQK_5           0.797      0.062     12.784      0.000
    SCGHQK_6           0.800      0.084      9.503      0.000
    SCGHQK_7           0.787      0.111      7.108      0.000
    SCGHQK_8           0.760      0.137      5.570      0.000
    SCGHQK_10          0.682      0.174      3.927      0.000

 S        |
    SCGHQK_5           0.000      0.000    999.000    999.000
    SCGHQK_6           0.142      0.053      2.656      0.008
    SCGHQK_7           0.279      0.100      2.804      0.005
    SCGHQK_8           0.405      0.133      3.042      0.002
    SCGHQK_10          0.606      0.161      3.772      0.000

 S        WITH
    I                 -0.120      0.291     -0.411      0.681

 Means
    I                 -0.445      0.189     -2.352      0.019
    S                  0.047      0.368      0.129      0.898

 Thresholds
    SCGHQK_5$1         0.220      0.100      2.199      0.028
    SCGHQK_5$2         1.124      0.182      6.180      0.000
    SCGHQK_5$3         1.709      0.279      6.127      0.000
    SCGHQK_6$1         0.221      0.099      2.229      0.026
    SCGHQK_6$2         1.128      0.163      6.926      0.000
    SCGHQK_6$3         1.715      0.249      6.896      0.000
    SCGHQK_7$1         0.217      0.096      2.251      0.024
    SCGHQK_7$2         1.109      0.142      7.788      0.000
    SCGHQK_7$3         1.687      0.213      7.919      0.000
    SCGHQK_8$1         0.210      0.093      2.256      0.024
    SCGHQK_8$2         1.072      0.130      8.231      0.000
    SCGHQK_8$3         1.630      0.187      8.718      0.000
    SCGHQK_1$1         0.188      0.085      2.205      0.027
    SCGHQK_1$2         0.962      0.141      6.804      0.000
    SCGHQK_1$3         1.462      0.194      7.555      0.000

 Variances
    I                  1.000      0.000    999.000    999.000
    S                  1.000      0.000    999.000    999.000

Latent Class 2 (2)

 I        |
    SCGHQK_5           0.737      0.048     15.373      0.000
    SCGHQK_6           0.735      0.064     11.460      0.000
    SCGHQK_7           0.732      0.082      8.885      0.000
    SCGHQK_8           0.730      0.102      7.183      0.000
    SCGHQK_10          0.725      0.141      5.145      0.000

 S        |
    SCGHQK_5           0.000      0.000    999.000    999.000
    SCGHQK_6           0.005      0.038      0.128      0.898
    SCGHQK_7           0.010      0.076      0.128      0.898
    SCGHQK_8           0.015      0.113      0.129      0.898
    SCGHQK_10          0.024      0.186      0.130      0.897

 S        WITH
    I                  0.972      0.424      2.293      0.022

 Means
    I                  0.000      0.000    999.000    999.000
    S                 -6.456     46.297     -0.139      0.889

 Thresholds
    SCGHQK_5$1         0.246      0.097      2.528      0.011
    SCGHQK_5$2         1.257      0.097     12.900      0.000
    SCGHQK_5$3         1.912      0.150     12.752      0.000
    SCGHQK_6$1         0.245      0.099      2.464      0.014
    SCGHQK_6$2         1.253      0.096     13.076      0.000
    SCGHQK_6$3         1.905      0.137     13.873      0.000
    SCGHQK_7$1         0.244      0.102      2.393      0.017
    SCGHQK_7$2         1.248      0.107     11.655      0.000
    SCGHQK_7$3         1.898      0.146     13.000      0.000
    SCGHQK_8$1         0.243      0.105      2.318      0.020
    SCGHQK_8$2         1.244      0.128      9.740      0.000
    SCGHQK_8$3         1.892      0.172     10.972      0.000
    SCGHQK_1$1         0.242      0.112      2.161      0.031
    SCGHQK_1$2         1.235      0.183      6.761      0.000
    SCGHQK_1$3         1.878      0.252      7.441      0.000

 Variances
    I                  1.000      0.000    999.000    999.000
    S                  1.000      0.000    999.000    999.000


R-SQUARE

Class 1

    Observed                                        Two-Tailed
    Variable        Estimate       S.E.  Est./S.E.    P-Value

    SCGHQK_5           0.635      0.099      6.392      0.000
    SCGHQK_6           0.633      0.084      7.501      0.000
    SCGHQK_7           0.645      0.068      9.504      0.000
    SCGHQK_8           0.668      0.059     11.331      0.000
    SCGHQK_1           0.733      0.068     10.796      0.000

Class 2

    Observed                                        Two-Tailed
    Variable        Estimate       S.E.  Est./S.E.    P-Value

    SCGHQK_5           0.544      0.071      7.687      0.000
    SCGHQK_6           0.547      0.056      9.773      0.000
    SCGHQK_7           0.550      0.052     10.650      0.000
    SCGHQK_8           0.553      0.060      9.287      0.000
    SCGHQK_1           0.560      0.095      5.864      0.000


     Beginning Time:  10:14:09
        Ending Time:  10:17:08
       Elapsed Time:  00:02:59



MUTHEN & MUTHEN
3463 Stoner Ave.
Los Angeles, CA  90066

Tel: (310) 391-9971
Fax: (310) 391-8971
Web: www.StatModel.com
Support: Support@StatModel.com

Copyright (c) 1998-2021 Muthen & Muthen
