Mplus VERSION 8.6
MUTHEN & MUTHEN
07/13/2021  10:58 AM

INPUT INSTRUCTIONS

  TITLE: Your title goes here

   DATA: FILE = data.dta;

   VARIABLE:

   NAMES = pidp gridmode mm hidp_5 hidp_6 hidp_7 hidp_8 hidp_9 hidp_10 indmode_5
       indmode_6 indmode_7 indmode_8 indmode_9 indmode_10 mode_type_all mode_type_no9
       mode_type_567 mode_type_7 all no9 p567 p7 switch_all switch_no9 switch_567
       switch_7 lkmove_5 xpmove_5 caruse_5 mobuse_5 netpuse_5 aidxhh_5 jbhas_5 j2has_5
       finnow_5 finfut_5 howlng_5 vote1_5 vote6_5 scsf1_5 scsf2a_5 scsf2b_5 scsf3a_5
       scsf3b_5 scsf4a_5 scsf4b_5 scsf5_5 scsf6a_5 scsf6b_5 scsf6c_5 scsf7_5 scghqa_5
       scghqb_5 scghqc_5 scghqd_5 scghqe_5 scghqf_5 scghqg_5 scghqh_5 scghqi_5
       scghqj_5 scghqk_5 scghql_5 lkmove_6 xpmove_6 caruse_6 mobuse_6 netpuse_6
       aidxhh_6 jbhas_6 j2has_6 finnow_6 finfut_6 howlng_6 vote1_6 vote6_6 scsf1_6
       scsf2a_6 scsf2b_6 scsf3a_6 scsf3b_6 scsf4a_6 scsf4b_6 scsf5_6 scsf6a_6 scsf6b_6
       scsf6c_6 scsf7_6 scghqa_6 scghqb_6 scghqc_6 scghqd_6 scghqe_6 scghqf_6 scghqg_6
       scghqh_6 scghqi_6 scghqj_6 scghqk_6 scghql_6 lkmove_7 xpmove_7 caruse_7
       mobuse_7 netpuse_7 smoker_7 aidxhh_7 jbhas_7 jbterm1_7 jbsemp_7 j2has_7
       fiyrdia_7 finnow_7 finfut_7 howlng_7 vote1_7 vote6_7 scsf2a_7 scsf2b_7 scsf3a_7
       scsf3b_7 scsf4a_7 scsf4b_7 scsf5_7 scsf6a_7 scsf6b_7 scsf6c_7 scsf7_7 scghqa_7
       scghqb_7 scghqc_7 scghqd_7 scghqe_7 scghqf_7 scghqg_7 scghqh_7 scghqi_7
       scghqj_7 scghqk_7 scghql_7 scsf1_7 lkmove_8 xpmove_8 caruse_8 mobuse_8
       netpuse_8 smoker_8 aidxhh_8 jbhas_8 jbterm1_8 jbsemp_8 j2has_8 fiyrdia_8
       finnow_8 finfut_8 scsf2a_8 scsf2b_8 scsf3a_8 scsf3b_8 scsf4a_8 scsf4b_8 scsf5_8
       scsf6a_8 scsf6b_8 scsf6c_8 scsf7_8 scghqa_8 scghqb_8 scghqc_8 scghqd_8 scghqe_8
       scghqf_8 scghqg_8 scghqh_8 scghqi_8 scghqj_8 scghqk_8 scghql_8 scsf1_8 mobuse_9
       netpuse_9 smoker_9 jbhas_9 jbterm1_9 jbsemp_9 j2has_9 fiyrdia_9 finnow_9
       finfut_9 lkmove_10 xpmove_10 mobuse_10 netpuse_10 smoker_10 aidxhh_10 jbhas_10
       jbterm1_10 jbsemp_10 j2has_10 fiyrdia_10 finnow_10 finfut_10 scsf1_10 scsf2a_10
       scsf2b_10 scsf3a_10 scsf3b_10 scsf4a_10 scsf4b_10 scsf5_10 scsf6a_10 scsf6b_10
       scsf6c_10 scsf7_10 scghqa_10 scghqb_10 scghqc_10 scghqd_10 scghqe_10 scghqf_10
       scghqg_10 scghqh_10 scghqi_10 scghqj_10 scghqk_10 scghql_10 edu agecat female
       partner sf1 longill london north urban refresh Higher A level GCSE Other age_35
       age_55 age_75 age_102 pred_all pred_no9 pred_p567 pred_p7 pred_all_w pred_no9_w
       pred_p567_w pred_p7_w f2f_prop stabil;

   MISSING=.;

   USEVARIABLES ARE
   scsf6c_5
   scsf6c_6
   scsf6c_7
   scsf6c_8
   scsf6c_10;
   CLASSES = c(2);

    KNOWNCLASS = c(no9= 1 2);
  WEIGHT IS pred_no9_w;

   ANALYSIS:


      TYPE = MIXTURE;

      ESTIMATOR = MLR;

      ALGORITHM = INTEGRATION;

      Processors = 8(starts);

      STARTS = 800 200;

   Model:


      %OVERALL%

  i s | scsf6c_5@0 scsf6c_6@1 scsf6c_7@2 scsf6c_8@3 scsf6c_10@5;;

  scsf6c_5 (a);
   scsf6c_6 (a);
   scsf6c_7 (a);
   scsf6c_8 (a);
   scsf6c_10 (a);

   %c#1%
  [s] ;
   s ;
   s WITH i ;
   i ;

   %c#2%
  [s] ;
   s ;
   s WITH i ;
   i ;

   OUTPUT: SAMPSTAT;

                                  STDYX;




*** WARNING in VARIABLE command
  Note that only the first 8 characters of variable names are used in the output.
  Shorten variable names to avoid any confusion.
*** WARNING
  One or more observations has a value of 0 for the WEIGHT variable.
*** WARNING
  Data set contains unknown or missing values for variable NO9.
  This variable is used to determine the KNOWNCLASS specification.
  Number of such cases:  1664
*** WARNING
  Data set contains cases with missing on all variables.
  These cases were not included in the analysis.
  Number of cases with missing on all variables:  2
   4 WARNING(S) FOUND IN THE INPUT INSTRUCTIONS



Your title goes here

SUMMARY OF ANALYSIS

Number of groups                                                 1
Number of observations                                         391

Number of dependent variables                                    5
Number of independent variables                                  0
Number of continuous latent variables                            2
Number of categorical latent variables                           1

Observed dependent variables

  Continuous
   SCSF6C_5    SCSF6C_6    SCSF6C_7    SCSF6C_8    SCSF6C_10

Continuous latent variables
   I           S

Categorical latent variables
   C

  Knownclass            C

Variables with special functions

  Weight variable       PRED_NO9

Estimator                                                      MLR
Information matrix                                        OBSERVED
Optimization Specifications for the Quasi-Newton Algorithm for
Continuous Outcomes
  Maximum number of iterations                                 100
  Convergence criterion                                  0.100D-05
Optimization Specifications for the EM Algorithm
  Maximum number of iterations                                 500
  Convergence criteria
    Loglikelihood change                                 0.100D-02
    Relative loglikelihood change                        0.100D-05
    Derivative                                           0.100D-02
Optimization Specifications for the M step of the EM Algorithm for
Categorical Latent variables
  Number of M step iterations                                    1
  M step convergence criterion                           0.100D-02
  Basis for M step termination                           ITERATION
Optimization Specifications for the M step of the EM Algorithm for
Censored, Binary or Ordered Categorical (Ordinal), Unordered
Categorical (Nominal) and Count Outcomes
  Number of M step iterations                                    1
  M step convergence criterion                           0.100D-02
  Basis for M step termination                           ITERATION
  Maximum value for logit thresholds                            15
  Minimum value for logit thresholds                           -15
  Minimum expected cell size for chi-square              0.100D-01
Maximum number of iterations for H1                           2000
Convergence criterion for H1                             0.100D-03
Optimization algorithm                                         EMA
Integration Specifications
  Type                                                    STANDARD
  Number of integration points                                  15
  Dimensions of numerical integration                            0
  Adaptive quadrature                                           ON
Random Starts Specifications
  Number of initial stage random starts                        800
  Number of final stage optimizations                          200
  Number of initial stage iterations                            10
  Initial stage convergence criterion                    0.100D+01
  Random starts scale                                    0.500D+01
  Random seed for generating random starts                       0
Cholesky                                                       OFF

Input data file(s)
  data.dta
Input data format  FREE


SUMMARY OF DATA

     Number of missing data patterns            30
     Number of y missing data patterns          30
     Number of u missing data patterns           0


COVARIANCE COVERAGE OF DATA

Minimum covariance coverage value   0.100


     PROPORTION OF DATA PRESENT FOR Y


           Covariance Coverage
              SCSF6C_5      SCSF6C_6      SCSF6C_7      SCSF6C_8      SCSF6C_1
              ________      ________      ________      ________      ________
 SCSF6C_5       0.486
 SCSF6C_6       0.404         0.634
 SCSF6C_7       0.384         0.483         0.739
 SCSF6C_8       0.381         0.501         0.627         0.795
 SCSF6C_1       0.332         0.430         0.535         0.598         0.670


SAMPLE STATISTICS


     ESTIMATED SAMPLE STATISTICS FOR CLASS 1


           Means
              SCSF6C_5      SCSF6C_6      SCSF6C_7      SCSF6C_8      SCSF6C_1
              ________      ________      ________      ________      ________
                4.097         4.061         4.152         4.019         3.870


           Covariances
              SCSF6C_5      SCSF6C_6      SCSF6C_7      SCSF6C_8      SCSF6C_1
              ________      ________      ________      ________      ________
 SCSF6C_5       1.009
 SCSF6C_6       0.514         1.024
 SCSF6C_7       0.632         0.488         1.102
 SCSF6C_8       0.407         0.158         0.359         1.329
 SCSF6C_1       0.617         0.425         0.469         0.721         1.161


           Correlations
              SCSF6C_5      SCSF6C_6      SCSF6C_7      SCSF6C_8      SCSF6C_1
              ________      ________      ________      ________      ________
 SCSF6C_5       1.000
 SCSF6C_6       0.505         1.000
 SCSF6C_7       0.599         0.459         1.000
 SCSF6C_8       0.351         0.136         0.297         1.000
 SCSF6C_1       0.570         0.390         0.414         0.580         1.000


     ESTIMATED SAMPLE STATISTICS FOR CLASS 2


           Means
              SCSF6C_5      SCSF6C_6      SCSF6C_7      SCSF6C_8      SCSF6C_1
              ________      ________      ________      ________      ________
                3.855         3.677         4.055         3.979         3.852


           Covariances
              SCSF6C_5      SCSF6C_6      SCSF6C_7      SCSF6C_8      SCSF6C_1
              ________      ________      ________      ________      ________
 SCSF6C_5       1.063
 SCSF6C_6       0.506         1.050
 SCSF6C_7       0.522         0.436         0.768
 SCSF6C_8       0.509         0.454         0.490         0.914
 SCSF6C_1       0.589         0.462         0.478         0.464         1.020


           Correlations
              SCSF6C_5      SCSF6C_6      SCSF6C_7      SCSF6C_8      SCSF6C_1
              ________      ________      ________      ________      ________
 SCSF6C_5       1.000
 SCSF6C_6       0.479         1.000
 SCSF6C_7       0.577         0.486         1.000
 SCSF6C_8       0.517         0.463         0.585         1.000
 SCSF6C_1       0.565         0.446         0.540         0.480         1.000


UNIVARIATE SAMPLE STATISTICS


     UNIVARIATE HIGHER-ORDER MOMENT DESCRIPTIVE STATISTICS

         Variable/         Mean/     Skewness/   Minimum/ % with                Percentiles
        Sample Size      Variance    Kurtosis    Maximum  Min/Max      20%/60%    40%/80%    Median

     SCSF6C_5              3.956      -0.615       1.000    1.05%       3.000      4.000      4.000
             190.000       1.059      -0.481       5.000   38.95%       4.000      5.000
     SCSF6C_6              3.873      -0.597       1.000    2.02%       3.000      4.000      4.000
             248.000       1.100      -0.442       5.000   33.47%       4.000      5.000
     SCSF6C_7              4.114      -0.985       1.000    1.73%       3.000      4.000      4.000
             289.000       0.943       0.508       5.000   44.29%       5.000      5.000
     SCSF6C_8              4.017      -0.920       1.000    1.29%       3.000      4.000      4.000
             311.000       1.115       0.129       5.000   41.16%       5.000      5.000
     SCSF6C_10             3.852      -0.653       1.000    2.67%       3.000      4.000      4.000
             262.000       1.115      -0.287       5.000   32.44%       4.000      5.000

RANDOM STARTS RESULTS RANKED FROM THE BEST TO THE WORST LOGLIKELIHOOD VALUES

Final stage loglikelihood values at local maxima, seeds, and initial stage start numbers:

           -2099.463  830292           527
           -2099.463  833196           715
           -2099.463  50887            389
           -2099.463  972430           491
           -2099.463  22089            143
           -2099.463  791396           243
           -2099.463  638977           643
           -2099.463  871438           561
           -2099.463  784664           75
           -2099.463  579138           706
           -2099.463  434915           552
           -2099.463  804104           566
           -2099.463  68985            17
           -2099.463  92564            583
           -2099.463  17896            592
           -2099.463  626087           314
           -2099.463  556929           734
           -2099.463  329127           185
           -2099.463  659832           754
           -2099.463  569338           755
           -2099.463  416250           390
           -2099.463  570908           98
           -2099.463  55115            408
           -2099.463  173191           422
           -2099.463  508482           446
           -2099.463  879211           453
           -2099.463  392751           480
           -2099.463  212934           568
           -2099.463  192071           142
           -2099.463  117587           572
           -2099.463  910224           580
           -2099.463  130011           587
           -2099.463  22874            588
           -2099.463  521575           313
           -2099.463  278661           674
           -2099.463  569833           85
           -2099.463  179022           687
           -2099.463  49293            707
           -2099.463  871722           355
           -2099.463  526324           178
           -2099.463  717754           180
           -2099.463  579995           183
           -2099.463  485256           371
           -2099.463  800454           751
           -2099.463  721392           768
           -2099.463  298553           773
           -2099.463  372176           23
           -2099.463  124999           96
           -2099.463  471040           403
           -2099.463  840078           203
           -2099.463  292884           103
           -2099.463  399380           436
           -2099.463  568405           233
           -2099.463  416463           467
           -2099.463  53621            483
           -2099.463  354395           486
           -2099.463  603842           61
           -2099.463  760878           249
           -2099.463  715561           125
           -2099.463  164305           128
           -2099.463  232559           136
           -2099.463  688839           273
           -2099.463  749453           33
           -2099.463  76974            16
           -2099.463  597614           284
           -2099.463  117731           570
           -2099.463  475420           71
           -2099.463  856536           144
           -2099.463  157351           579
           -2099.463  505244           582
           -2099.463  863094           147
           -2099.463  679832           302
           -2099.463  507218           613
           -2099.463  805935           615
           -2099.463  209031           632
           -2099.463  456213           160
           -2099.463  215353           164
           -2099.463  686384           690
           -2099.463  117391           710
           -2099.463  46502            714
           -2099.463  792389           746
           -2099.463  655497           376
           -2099.463  496703           758
           -2099.463  507154           387
           -2099.463  134830           780
           -2099.463  79945            395
           -2099.463  637095           207
           -2099.463  76451            211
           -2099.463  781190           219
           -2099.463  629320           222
           -2099.463  939709           112
           -2099.463  17359            227
           -2099.463  392418           28
           -2099.463  751054           117
           -2099.463  153942           31
           -2099.463  147440           514
           -2099.463  509733           130
           -2099.463  565819           65
           -2099.463  704798           530
           -2099.463  371737           532
           -2099.463  291149           536
           -2099.463  351622           551
           -2099.463  519357           559
           -2099.463  282464           283
           -2099.463  788796           145
           -2099.463  369602           146
           -2099.463  377504           294
           -2099.463  790452           303
           -2099.463  852283           616
           -2099.463  810705           626
           -2099.463  778953           635
           -2099.463  291112           645
           -2099.463  217744           326
           -2099.463  484501           163
           -2099.463  535063           329
           -2099.463  237332           661
           -2099.463  263268           165
           -2099.463  654136           167
           -2099.463  273992           349
           -2099.463  964570           701
           -2099.463  415931           10
           -2099.463  349562           359
           -2099.463  22362            365
           -2099.463  682718           733
           -2099.463  317868           740
           -2099.463  348637           749
           -2099.463  846194           93
           -2099.463  621542           375
           -2099.463  520865           763
           -2099.463  109357           765
           -2099.463  395754           388
           -2099.463  14262            781
           -2099.463  58507            793
           -2099.463  298275           418
           -2099.463  181293           212
           -2099.463  937885           426
           -2099.463  640833           434
           -2099.463  741484           441
           -2099.463  364676           27
           -2099.463  551639           55
           -2099.463  345070           114
           -2099.463  539751           459
           -2099.463  136842           58
           -2099.463  376411           473
           -2099.463  195873           6
           -2099.463  366706           29
           -2099.463  335485           496
           -2099.463  319575           499
           -2099.463  422103           62
           -2099.463  891347           504
           -2099.463  539389           544
           -2099.463  782821           272
           -2099.463  15715            274
           -2099.463  840031           276
           -2099.463  279850           555
           -2099.463  172913           557
           -2099.463  344422           296
           -2099.463  462228           298
           -2099.463  848356           602
           -2099.463  920593           611
           -2099.463  996231           310
           -2099.463  246261           38
           -2099.463  667250           318
           -2099.463  97300            640
           -2099.463  62835            642
           -2099.463  957392           79
           -2099.463  602032           648
           -2099.463  92091            649
           -2099.463  514326           325
           -2099.463  341519           653
           -2099.463  22075            659
           -2099.463  392766           331
           -2099.463  373702           669
           -2099.463  780698           337
           -2099.463  327140           678
           -2099.463  72866            692
           -2099.463  204959           695
           -2099.463  21132            351
           -2099.463  765586           709
           -2099.463  610181           711
           -2099.463  608496           4
           -2099.463  502495           724
           -2099.463  458181           189
           -2099.463  971853           402
           -2099.463  399508           415
           -2099.463  791285           416
           -2099.463  802682           419
           -2099.463  73576            213
           -2099.463  65651            214
           -2099.463  686482           215
           -2099.463  404510           442
           -2099.463  301180           236
           -2099.463  294669           501
           -2099.463  49221            254
           -2099.463  118438           601
           -2099.463  unperturbed      0
           -2099.463  371246           101
           -2099.463  342019           301
           -2099.463  700349           401
           -2099.463  36714            201



THE BEST LOGLIKELIHOOD VALUE HAS BEEN REPLICATED.  RERUN WITH AT LEAST TWICE THE
RANDOM STARTS TO CHECK THAT THE BEST LOGLIKELIHOOD IS STILL OBTAINED AND REPLICATED.


THE MODEL ESTIMATION TERMINATED NORMALLY

     WARNING:  THE LATENT VARIABLE COVARIANCE MATRIX (PSI) IS NOT POSITIVE
     DEFINITE.  THIS COULD INDICATE A NEGATIVE VARIANCE/RESIDUAL VARIANCE FOR A
     LATENT VARIABLE, A CORRELATION GREATER OR EQUAL TO ONE BETWEEN TWO LATENT
     VARIABLES, OR A LINEAR DEPENDENCY AMONG MORE THAN TWO LATENT VARIABLES.
     CHECK THE TECH4 OUTPUT FOR MORE INFORMATION.



MODEL FIT INFORMATION

Number of Free Parameters                       12

Loglikelihood

          H0 Value                       -2099.463
          H0 Scaling Correction Factor      1.9184
            for MLR

Information Criteria

          Akaike (AIC)                    4222.926
          Bayesian (BIC)                  4270.551
          Sample-Size Adjusted BIC        4232.476
            (n* = (n + 2) / 24)



FINAL CLASS COUNTS AND PROPORTIONS FOR THE LATENT CLASSES
BASED ON THE ESTIMATED MODEL

    Latent
   Classes

       1        217.00000          0.55499
       2        174.00000          0.44501


MODEL RESULTS

                                                    Two-Tailed
                    Estimate       S.E.  Est./S.E.    P-Value

Latent Class 1 (1)

 I        |
    SCSF6C_5           1.000      0.000    999.000    999.000
    SCSF6C_6           1.000      0.000    999.000    999.000
    SCSF6C_7           1.000      0.000    999.000    999.000
    SCSF6C_8           1.000      0.000    999.000    999.000
    SCSF6C_10          1.000      0.000    999.000    999.000

 S        |
    SCSF6C_5           0.000      0.000    999.000    999.000
    SCSF6C_6           1.000      0.000    999.000    999.000
    SCSF6C_7           2.000      0.000    999.000    999.000
    SCSF6C_8           3.000      0.000    999.000    999.000
    SCSF6C_10          5.000      0.000    999.000    999.000

 S        WITH
    I                 -0.007      0.041     -0.162      0.871

 Means
    I                  4.161      0.096     43.365      0.000
    S                 -0.053      0.031     -1.676      0.094

 Intercepts
    SCSF6C_5           0.000      0.000    999.000    999.000
    SCSF6C_6           0.000      0.000    999.000    999.000
    SCSF6C_7           0.000      0.000    999.000    999.000
    SCSF6C_8           0.000      0.000    999.000    999.000
    SCSF6C_10          0.000      0.000    999.000    999.000

 Variances
    I                  0.489      0.119      4.119      0.000
    S                  0.010      0.019      0.509      0.611

 Residual Variances
    SCSF6C_5           0.571      0.067      8.488      0.000
    SCSF6C_6           0.571      0.067      8.488      0.000
    SCSF6C_7           0.571      0.067      8.488      0.000
    SCSF6C_8           0.571      0.067      8.488      0.000
    SCSF6C_10          0.571      0.067      8.488      0.000

Latent Class 2 (2)

 I        |
    SCSF6C_5           1.000      0.000    999.000    999.000
    SCSF6C_6           1.000      0.000    999.000    999.000
    SCSF6C_7           1.000      0.000    999.000    999.000
    SCSF6C_8           1.000      0.000    999.000    999.000
    SCSF6C_10          1.000      0.000    999.000    999.000

 S        |
    SCSF6C_5           0.000      0.000    999.000    999.000
    SCSF6C_6           1.000      0.000    999.000    999.000
    SCSF6C_7           2.000      0.000    999.000    999.000
    SCSF6C_8           3.000      0.000    999.000    999.000
    SCSF6C_10          5.000      0.000    999.000    999.000

 S        WITH
    I                  0.012      0.019      0.627      0.531

 Means
    I                  3.835      0.078     49.014      0.000
    S                  0.021      0.017      1.217      0.224

 Intercepts
    SCSF6C_5           0.000      0.000    999.000    999.000
    SCSF6C_6           0.000      0.000    999.000    999.000
    SCSF6C_7           0.000      0.000    999.000    999.000
    SCSF6C_8           0.000      0.000    999.000    999.000
    SCSF6C_10          0.000      0.000    999.000    999.000

 Variances
    I                  0.446      0.090      4.944      0.000
    S                 -0.006      0.007     -0.948      0.343

 Residual Variances
    SCSF6C_5           0.571      0.067      8.488      0.000
    SCSF6C_6           0.571      0.067      8.488      0.000
    SCSF6C_7           0.571      0.067      8.488      0.000
    SCSF6C_8           0.571      0.067      8.488      0.000
    SCSF6C_10          0.571      0.067      8.488      0.000

Categorical Latent Variables

 Means
    C#1                0.221      0.121      1.823      0.068


QUALITY OF NUMERICAL RESULTS

     Condition Number for the Information Matrix              0.278E-03
       (ratio of smallest to largest eigenvalue)


STANDARDIZED MODEL RESULTS


STDYX Standardization

                                                    Two-Tailed
                    Estimate       S.E.  Est./S.E.    P-Value

Latent Class 1 (1)

 I        |
    SCSF6C_5           0.679      0.054     12.693      0.000
    SCSF6C_6           0.681      0.068     10.082      0.000
    SCSF6C_7           0.676      0.076      8.864      0.000
    SCSF6C_8           0.665      0.078      8.513      0.000
    SCSF6C_10          0.630      0.077      8.142      0.000

 S        |
    SCSF6C_5           0.000      0.000    999.000    999.000
    SCSF6C_6           0.095      0.094      1.010      0.312
    SCSF6C_7           0.189      0.189      1.001      0.317
    SCSF6C_8           0.279      0.276      1.009      0.313
    SCSF6C_10          0.440      0.410      1.075      0.282

 S        WITH
    I                 -0.097      0.502     -0.193      0.847

 Means
    I                  5.950      0.776      7.670      0.000
    S                 -0.539      0.427     -1.264      0.206

 Intercepts
    SCSF6C_5           0.000      0.000    999.000    999.000
    SCSF6C_6           0.000      0.000    999.000    999.000
    SCSF6C_7           0.000      0.000    999.000    999.000
    SCSF6C_8           0.000      0.000    999.000    999.000
    SCSF6C_10          0.000      0.000    999.000    999.000

 Variances
    I                  1.000      0.000    999.000    999.000
    S                  1.000      0.000    999.000    999.000

 Residual Variances
    SCSF6C_5           0.538      0.073      7.403      0.000
    SCSF6C_6           0.540      0.061      8.890      0.000
    SCSF6C_7           0.533      0.057      9.423      0.000
    SCSF6C_8           0.516      0.052      9.935      0.000
    SCSF6C_10          0.463      0.073      6.341      0.000

Latent Class 2 (2)

 I        |
    SCSF6C_5           0.662      0.052     12.848      0.000
    SCSF6C_6           0.657      0.060     10.997      0.000
    SCSF6C_7           0.655      0.066      9.966      0.000
    SCSF6C_8           0.658      0.070      9.394      0.000
    SCSF6C_10          0.675      0.077      8.788      0.000

 S        |
    SCSF6C_5         999.000    999.000    999.000    999.000
    SCSF6C_6         999.000    999.000    999.000    999.000
    SCSF6C_7         999.000    999.000    999.000    999.000
    SCSF6C_8         999.000    999.000    999.000    999.000
    SCSF6C_10        999.000    999.000    999.000    999.000

 S        WITH
    I                999.000    999.000    999.000    999.000

 Means
    I                  5.743      0.619      9.283      0.000
    S                999.000    999.000    999.000    999.000

 Intercepts
    SCSF6C_5           0.000      0.000    999.000    999.000
    SCSF6C_6           0.000      0.000    999.000    999.000
    SCSF6C_7           0.000      0.000    999.000    999.000
    SCSF6C_8           0.000      0.000    999.000    999.000
    SCSF6C_10          0.000      0.000    999.000    999.000

 Variances
    I                  1.000      0.000    999.000    999.000
    S                999.000    999.000    999.000    999.000

 Residual Variances
    SCSF6C_5           0.561      0.068      8.218      0.000
    SCSF6C_6           0.552      0.055     10.088      0.000
    SCSF6C_7           0.549      0.049     11.155      0.000
    SCSF6C_8           0.553      0.051     10.820      0.000
    SCSF6C_10          0.584      0.081      7.206      0.000


R-SQUARE

Class 1

    Observed                                        Two-Tailed
    Variable        Estimate       S.E.  Est./S.E.    P-Value

    SCSF6C_5           0.462      0.073      6.346      0.000
    SCSF6C_6           0.460      0.061      7.564      0.000
    SCSF6C_7           0.467      0.057      8.272      0.000
    SCSF6C_8           0.484      0.052      9.322      0.000
    SCSF6C_1           0.537      0.073      7.355      0.000

Class 2

    Observed                                        Two-Tailed
    Variable        Estimate       S.E.  Est./S.E.    P-Value

    SCSF6C_5           0.439      0.068      6.424      0.000
    SCSF6C_6           0.448      0.055      8.199      0.000
    SCSF6C_7           0.451      0.049      9.163      0.000
    SCSF6C_8           0.447      0.051      8.740      0.000
    SCSF6C_1           0.416      0.081      5.140      0.000


     Beginning Time:  10:58:22
        Ending Time:  10:58:30
       Elapsed Time:  00:00:08



MUTHEN & MUTHEN
3463 Stoner Ave.
Los Angeles, CA  90066

Tel: (310) 391-9971
Fax: (310) 391-8971
Web: www.StatModel.com
Support: Support@StatModel.com

Copyright (c) 1998-2021 Muthen & Muthen
