Mplus VERSION 8.6
MUTHEN & MUTHEN
07/13/2021   8:33 AM

INPUT INSTRUCTIONS

  TITLE: Your title goes here

   DATA: FILE = data.dta;

   VARIABLE:

   NAMES = pidp gridmode mm hidp_5 hidp_6 hidp_7 hidp_8 hidp_9 hidp_10 indmode_5
       indmode_6 indmode_7 indmode_8 indmode_9 indmode_10 mode_type_all mode_type_no9
       mode_type_567 mode_type_7 all no9 p567 p7 switch_all switch_no9 switch_567
       switch_7 lkmove_5 xpmove_5 caruse_5 mobuse_5 netpuse_5 aidxhh_5 jbhas_5 j2has_5
       finnow_5 finfut_5 howlng_5 vote1_5 vote6_5 scsf1_5 scsf2a_5 scsf2b_5 scsf3a_5
       scsf3b_5 scsf4a_5 scsf4b_5 scsf5_5 scsf6a_5 scsf6b_5 scsf6c_5 scsf7_5 scghqa_5
       scghqb_5 scghqc_5 scghqd_5 scghqe_5 scghqf_5 scghqg_5 scghqh_5 scghqi_5
       scghqj_5 scghqk_5 scghql_5 lkmove_6 xpmove_6 caruse_6 mobuse_6 netpuse_6
       aidxhh_6 jbhas_6 j2has_6 finnow_6 finfut_6 howlng_6 vote1_6 vote6_6 scsf1_6
       scsf2a_6 scsf2b_6 scsf3a_6 scsf3b_6 scsf4a_6 scsf4b_6 scsf5_6 scsf6a_6 scsf6b_6
       scsf6c_6 scsf7_6 scghqa_6 scghqb_6 scghqc_6 scghqd_6 scghqe_6 scghqf_6 scghqg_6
       scghqh_6 scghqi_6 scghqj_6 scghqk_6 scghql_6 lkmove_7 xpmove_7 caruse_7
       mobuse_7 netpuse_7 smoker_7 aidxhh_7 jbhas_7 jbterm1_7 jbsemp_7 j2has_7
       fiyrdia_7 finnow_7 finfut_7 howlng_7 vote1_7 vote6_7 scsf2a_7 scsf2b_7 scsf3a_7
       scsf3b_7 scsf4a_7 scsf4b_7 scsf5_7 scsf6a_7 scsf6b_7 scsf6c_7 scsf7_7 scghqa_7
       scghqb_7 scghqc_7 scghqd_7 scghqe_7 scghqf_7 scghqg_7 scghqh_7 scghqi_7
       scghqj_7 scghqk_7 scghql_7 scsf1_7 lkmove_8 xpmove_8 caruse_8 mobuse_8
       netpuse_8 smoker_8 aidxhh_8 jbhas_8 jbterm1_8 jbsemp_8 j2has_8 fiyrdia_8
       finnow_8 finfut_8 scsf2a_8 scsf2b_8 scsf3a_8 scsf3b_8 scsf4a_8 scsf4b_8 scsf5_8
       scsf6a_8 scsf6b_8 scsf6c_8 scsf7_8 scghqa_8 scghqb_8 scghqc_8 scghqd_8 scghqe_8
       scghqf_8 scghqg_8 scghqh_8 scghqi_8 scghqj_8 scghqk_8 scghql_8 scsf1_8 mobuse_9
       netpuse_9 smoker_9 jbhas_9 jbterm1_9 jbsemp_9 j2has_9 fiyrdia_9 finnow_9
       finfut_9 lkmove_10 xpmove_10 mobuse_10 netpuse_10 smoker_10 aidxhh_10 jbhas_10
       jbterm1_10 jbsemp_10 j2has_10 fiyrdia_10 finnow_10 finfut_10 scsf1_10 scsf2a_10
       scsf2b_10 scsf3a_10 scsf3b_10 scsf4a_10 scsf4b_10 scsf5_10 scsf6a_10 scsf6b_10
       scsf6c_10 scsf7_10 scghqa_10 scghqb_10 scghqc_10 scghqd_10 scghqe_10 scghqf_10
       scghqg_10 scghqh_10 scghqi_10 scghqj_10 scghqk_10 scghql_10 edu agecat female
       partner sf1 longill london north urban refresh Higher A level GCSE Other age_35
       age_55 age_75 age_102 pred_all pred_no9 pred_p567 pred_p7 pred_all_w pred_no9_w
       pred_p567_w pred_p7_w f2f_prop stabil;

   MISSING=.;

   USEVARIABLES ARE
   scghqb_5
   scghqb_6
   scghqb_7
   scghqb_8
   scghqb_10;

   CATEGORICAL ARE
   scghqb_5
   scghqb_6
   scghqb_7
   scghqb_8
   scghqb_10;
   CLASSES = c(2);

    KNOWNCLASS = c(no9= 1 2);
  WEIGHT IS pred_no9_w;

   ANALYSIS:


      TYPE = MIXTURE;

      ESTIMATOR = MLR;

      ALGORITHM = INTEGRATION;

      Processors = 8(starts);

      STARTS = 800 200;

   Model:


      %OVERALL%

  i s | scghqb_5@0 scghqb_6@1 scghqb_7@2 scghqb_8@3 scghqb_10@5;
   %c#1%
  [s] (a); s ;
   s WITH i ;
   i ;


   %c#2%
  [s] (a); s ;
   s WITH i ;
   i ;


   OUTPUT: SAMPSTAT;

                                  STDYX;




*** WARNING in VARIABLE command
  Note that only the first 8 characters of variable names are used in the output.
  Shorten variable names to avoid any confusion.
*** WARNING
  One or more observations has a value of 0 for the WEIGHT variable.
*** WARNING
  Data set contains unknown or missing values for variable NO9.
  This variable is used to determine the KNOWNCLASS specification.
  Number of such cases:  1664
*** WARNING
  Data set contains cases with missing on all variables.
  These cases were not included in the analysis.
  Number of cases with missing on all variables:  1
   4 WARNING(S) FOUND IN THE INPUT INSTRUCTIONS



Your title goes here

SUMMARY OF ANALYSIS

Number of groups                                                 1
Number of observations                                         392

Number of dependent variables                                    5
Number of independent variables                                  0
Number of continuous latent variables                            2
Number of categorical latent variables                           1

Observed dependent variables

  Binary and ordered categorical (ordinal)
   SCGHQB_5    SCGHQB_6    SCGHQB_7    SCGHQB_8    SCGHQB_1

Continuous latent variables
   I           S

Categorical latent variables
   C

  Knownclass            C

Variables with special functions

  Weight variable       PRED_NO9

Estimator                                                      MLR
Information matrix                                        OBSERVED
Optimization Specifications for the Quasi-Newton Algorithm for
Continuous Outcomes
  Maximum number of iterations                                 100
  Convergence criterion                                  0.100D-05
Optimization Specifications for the EM Algorithm
  Maximum number of iterations                                 500
  Convergence criteria
    Loglikelihood change                                 0.100D-02
    Relative loglikelihood change                        0.100D-05
    Derivative                                           0.100D-02
Optimization Specifications for the M step of the EM Algorithm for
Categorical Latent variables
  Number of M step iterations                                    1
  M step convergence criterion                           0.100D-02
  Basis for M step termination                           ITERATION
Optimization Specifications for the M step of the EM Algorithm for
Censored, Binary or Ordered Categorical (Ordinal), Unordered
Categorical (Nominal) and Count Outcomes
  Number of M step iterations                                    1
  M step convergence criterion                           0.100D-02
  Basis for M step termination                           ITERATION
  Maximum value for logit thresholds                            15
  Minimum value for logit thresholds                           -15
  Minimum expected cell size for chi-square              0.100D-01
Maximum number of iterations for H1                           2000
Convergence criterion for H1                             0.100D-03
Optimization algorithm                                         EMA
Integration Specifications
  Type                                                    STANDARD
  Number of integration points                                  15
  Dimensions of numerical integration                            2
  Adaptive quadrature                                           ON
Random Starts Specifications
  Number of initial stage random starts                        800
  Number of final stage optimizations                          200
  Number of initial stage iterations                            10
  Initial stage convergence criterion                    0.100D+01
  Random starts scale                                    0.500D+01
  Random seed for generating random starts                       0
Link                                                         LOGIT
Cholesky                                                        ON

Input data file(s)
  data.dta
Input data format  FREE


SUMMARY OF DATA

     Number of missing data patterns            30
     Number of y missing data patterns           0
     Number of u missing data patterns          30


COVARIANCE COVERAGE OF DATA

Minimum covariance coverage value   0.100


     PROPORTION OF DATA PRESENT FOR U


           Covariance Coverage
              SCGHQB_5      SCGHQB_6      SCGHQB_7      SCGHQB_8      SCGHQB_1
              ________      ________      ________      ________      ________
 SCGHQB_5       0.487
 SCGHQB_6       0.403         0.633
 SCGHQB_7       0.383         0.482         0.735
 SCGHQB_8       0.375         0.495         0.617         0.788
 SCGHQB_1       0.339         0.434         0.543         0.610         0.686


UNIVARIATE PROPORTIONS AND COUNTS FOR CATEGORICAL VARIABLES

    SCGHQB_5
      Category 1    0.397           92.232
      Category 2    0.449          104.404
      Category 3    0.102           23.601
      Category 4    0.052           12.138
    SCGHQB_6
      Category 1    0.364          113.768
      Category 2    0.480          150.261
      Category 3    0.113           35.362
      Category 4    0.043           13.573
    SCGHQB_7
      Category 1    0.449          132.125
      Category 2    0.407          119.807
      Category 3    0.111           32.628
      Category 4    0.033            9.658
    SCGHQB_8
      Category 1    0.432          127.738
      Category 2    0.440          130.157
      Category 3    0.083           24.595
      Category 4    0.045           13.162
    SCGHQB_1
      Category 1    0.379           94.308
      Category 2    0.469          116.768
      Category 3    0.120           29.846
      Category 4    0.033            8.135


SAMPLE STATISTICS

RANDOM STARTS RESULTS RANKED FROM THE BEST TO THE WORST LOGLIKELIHOOD VALUES

Final stage loglikelihood values at local maxima, seeds, and initial stage start numbers:

           -1602.827  971693           470
           -1602.827  715255           523
           -1602.827  801065           393
           -1602.827  642386           662
           -1602.827  587946           120
           -1602.827  231281           542
           -1602.827  903633           553
           -1602.827  307843           664
           -1602.827  443442           380
           -1602.827  670281           721
           -1602.827  12477            155
           -1602.828  62835            642
           -1602.828  824956           607
           -1602.828  689529           516
           -1602.828  939709           112
           -1602.828  902278           21
           -1602.828  584397           428
           -1602.828  637345           19
           -1602.828  476393           705
           -1602.828  462821           745
           -1602.828  273992           349
           -1602.828  291149           536
           -1602.828  252949           487
           -1602.828  175199           247
           -1602.828  788796           145
           -1602.828  340112           126
           -1602.828  659773           663
           -1602.828  915107           54
           -1602.828  505244           582
           -1602.828  860029           760
           -1602.828  923437           398
           -1602.828  520177           262
           -1602.828  958107           790
           -1602.828  379729           512
           -1602.828  625191           350
           -1602.828  849670           347
           -1602.829  512403           719
           -1602.829  610181           711
           -1602.830  897782           545
           -1602.830  46502            714
           -1602.830  399508           415
           -1602.830  609185           181
           -1602.830  404510           442
           -1602.830  563584           657
           -1602.830  793487           595
           -1602.830  399380           436
           -1602.830  529496           343
           -1602.831  862607           468
           -1602.831  781489           627
           -1602.831  951709           348
           -1602.831  937885           426
           -1602.831  772131           407
           -1602.831  617243           237
           -1602.831  871722           355
           -1602.831  777045           377
           -1602.831  283492           435
           -1602.831  569338           755
           -1602.831  966014           37
           -1602.831  964570           701
           -1602.831  91231            727
           -1602.831  710445           792
           -1602.831  343926           624
           -1602.832  699810           571
           -1602.832  824126           287
           -1602.832  383979           603
           -1602.832  732596           320
           -1602.832  137377           397
           -1602.832  425982           485
           -1602.832  551639           55
           -1602.832  534483           290
           -1602.832  107446           12
           -1602.832  399671           13
           -1602.832  576596           99
           -1602.832  217130           443
           -1602.833  856536           144
           -1602.833  319144           176
           -1602.833  224950           455
           -1602.833  345974           622
           -1602.833  548673           732
           -1602.833  166851           638
           -1602.833  695155           150
           -1602.833  491970           563
           -1602.833  536551           696
           -1602.833  801717           364
           -1602.833  374219           353
           -1602.833  850840           232
           -1602.833  263268           165
           -1602.833  898745           466
           -1602.833  212934           568
           -1602.833  127362           757
           -1602.833  455617           242
           -1602.833  784664           75
           -1602.833  875667           367
           -1602.833  392751           480
           -1602.833  836515           341
           -1602.833  153053           378
           -1602.833  900268           327
           -1602.833  626208           698
           -1602.833  726035           191
           -1602.833  113138           585
           -1602.833  723775           97
           -1602.833  190339           102
           -1602.833  69413            472
           -1602.833  488581           688
           -1602.833  970689           266
           -1602.833  529455           268
           -1602.833  440841           118
           -1602.833  407168           44
           -1602.833  349562           359
           -1602.833  404042           675
           -1602.833  704798           530
           -1602.833  545140           278
           -1602.833  317640           437
           -1602.833  259507           53
           -1602.833  79212            517
           -1602.833  539389           544
           -1602.833  59674            240
           -1602.833  264935           281
           -1602.833  797594           234
           -1602.833  354624           448
           -1602.833  372176           23
           -1602.833  440368           797
           -1602.833  823392           479
           -1602.833  247912           537
           -1602.833  878749           728
           -1602.833  120506           45
           -1602.833  552272           654
           -1602.833  775881           778
           -1602.833  802256           477
           -1602.833  17896            592
           -1602.833  347515           24
           -1602.833  314034           513
           -1602.833  97300            640
           -1602.833  903420           5
           -1602.833  800454           751
           -1602.833  192191           629
           -1602.833  647617           725
           -1602.833  393232           152
           -1602.833  27071            15
           -1602.833  396795           323
           -1602.833  782821           272
           -1602.833  275475           413
           -1602.833  441191           361
           -1602.833  865906           641
           -1602.833  215353           164
           -1602.833  267983           228
           -1602.833  580405           286
           -1602.833  246575           291
           -1602.833  unperturbed      0
           -1602.833  351622           551
           -1602.833  751054           117
           -1602.833  341519           653
           -1602.833  654136           167
           -1602.833  568405           233
           -1602.833  891347           504
           -1602.833  173440           328
           -1602.833  349360           464
           -1602.833  383902           673
           -1602.833  476498           179
           -1602.833  804660           260
           -1602.833  960438           116
           -1602.833  276696           676
           -1602.833  783110           72
           -1602.833  761633           50
           -1602.833  123985           248
           -1602.833  863094           147
           -1602.833  479273           156
           -1602.833  422103           62
           -1602.833  387701           275
           -1602.833  717754           180
           -1602.833  520865           763
           -1602.833  303634           169
           -1602.833  303834           798
           -1602.833  312754           562
           -1602.833  570908           98
           -1602.833  117391           710
           -1602.833  534864           307
           -1602.833  992389           77
           -1602.833  590834           785
           -1602.833  741484           441
           -1602.833  413564           535
           -1602.833  112586           494
           -1602.833  85114            385
           -1602.833  284109           82
           -1602.833  682718           733
           -1602.833  4091             548
           -1602.833  616917           261
           -1602.833  188498           258
           -1602.834  860772           174
           -1602.834  118438           601
           -1602.834  485483           498
           -1602.834  220454           288
           -1602.834  509733           130
           -1602.834  72866            692
           -1602.834  284716           713
           -1602.834  327140           678
           -1602.834  967237           48
           -1602.834  485256           371
           -1602.834  910224           580
           -1602.834  377504           294



THE BEST LOGLIKELIHOOD VALUE HAS BEEN REPLICATED.  RERUN WITH AT LEAST TWICE THE
RANDOM STARTS TO CHECK THAT THE BEST LOGLIKELIHOOD IS STILL OBTAINED AND REPLICATED.


THE MODEL ESTIMATION TERMINATED NORMALLY



MODEL FIT INFORMATION

Number of Free Parameters                       12

Loglikelihood

          H0 Value                       -1602.827
          H0 Scaling Correction Factor      1.4512
            for MLR

Information Criteria

          Akaike (AIC)                    3229.654
          Bayesian (BIC)                  3277.309
          Sample-Size Adjusted BIC        3239.234
            (n* = (n + 2) / 24)

Chi-Square Test of Model Fit for the Binary and Ordered Categorical
(Ordinal) Outcomes**

          Pearson Chi-Square

          Value                           1500.666
          Degrees of Freedom                  2021
          P-Value                           1.0000

          Likelihood Ratio Chi-Square

          Value                            498.851
          Degrees of Freedom                  2021
          P-Value                           1.0000

** Of the 3108 cells in the latent class indicator table, 6
   were deleted in the calculation of chi-square due to extreme values.

Chi-Square Test for MCAR under the Unrestricted Latent Class Indicator Model

          Pearson Chi-Square

          Value                           1211.214
          Degrees of Freedom                  4109
          P-Value                           1.0000

          Likelihood Ratio Chi-Square

          Value                            982.877
          Degrees of Freedom                  4109
          P-Value                           1.0000



FINAL CLASS COUNTS AND PROPORTIONS FOR THE LATENT CLASSES
BASED ON THE ESTIMATED MODEL

    Latent
   Classes

       1        217.00000          0.55357
       2        175.00000          0.44643


MODEL RESULTS

                                                    Two-Tailed
                    Estimate       S.E.  Est./S.E.    P-Value

Latent Class 1 (1)

 I        |
    SCGHQB_5           1.000      0.000    999.000    999.000
    SCGHQB_6           1.000      0.000    999.000    999.000
    SCGHQB_7           1.000      0.000    999.000    999.000
    SCGHQB_8           1.000      0.000    999.000    999.000
    SCGHQB_10          1.000      0.000    999.000    999.000

 S        |
    SCGHQB_5           0.000      0.000    999.000    999.000
    SCGHQB_6           1.000      0.000    999.000    999.000
    SCGHQB_7           2.000      0.000    999.000    999.000
    SCGHQB_8           3.000      0.000    999.000    999.000
    SCGHQB_10          5.000      0.000    999.000    999.000

 S        WITH
    I                 -0.712      0.485     -1.466      0.143

 Means
    I                 -0.554      0.337     -1.643      0.100
    S                 -0.010      0.048     -0.220      0.826

 Thresholds
    SCGHQB_5$1        -0.989      0.268     -3.685      0.000
    SCGHQB_5$2         2.703      0.309      8.740      0.000
    SCGHQB_5$3         4.656      0.415     11.220      0.000
    SCGHQB_6$1        -0.989      0.268     -3.685      0.000
    SCGHQB_6$2         2.703      0.309      8.740      0.000
    SCGHQB_6$3         4.656      0.415     11.220      0.000
    SCGHQB_7$1        -0.989      0.268     -3.685      0.000
    SCGHQB_7$2         2.703      0.309      8.740      0.000
    SCGHQB_7$3         4.656      0.415     11.220      0.000
    SCGHQB_8$1        -0.989      0.268     -3.685      0.000
    SCGHQB_8$2         2.703      0.309      8.740      0.000
    SCGHQB_8$3         4.656      0.415     11.220      0.000
    SCGHQB_1$1        -0.989      0.268     -3.685      0.000
    SCGHQB_1$2         2.703      0.309      8.740      0.000
    SCGHQB_1$3         4.656      0.415     11.220      0.000

 Variances
    I                  6.438      1.978      3.256      0.001
    S                  0.250      0.111      2.251      0.024

Latent Class 2 (2)

 I        |
    SCGHQB_5           1.000      0.000    999.000    999.000
    SCGHQB_6           1.000      0.000    999.000    999.000
    SCGHQB_7           1.000      0.000    999.000    999.000
    SCGHQB_8           1.000      0.000    999.000    999.000
    SCGHQB_10          1.000      0.000    999.000    999.000

 S        |
    SCGHQB_5           0.000      0.000    999.000    999.000
    SCGHQB_6           1.000      0.000    999.000    999.000
    SCGHQB_7           2.000      0.000    999.000    999.000
    SCGHQB_8           3.000      0.000    999.000    999.000
    SCGHQB_10          5.000      0.000    999.000    999.000

 S        WITH
    I                 -0.090      0.149     -0.604      0.546

 Means
    I                  0.000      0.000    999.000    999.000
    S                 -0.010      0.048     -0.220      0.826

 Thresholds
    SCGHQB_5$1        -0.989      0.268     -3.685      0.000
    SCGHQB_5$2         2.703      0.309      8.740      0.000
    SCGHQB_5$3         4.656      0.415     11.220      0.000
    SCGHQB_6$1        -0.989      0.268     -3.685      0.000
    SCGHQB_6$2         2.703      0.309      8.740      0.000
    SCGHQB_6$3         4.656      0.415     11.220      0.000
    SCGHQB_7$1        -0.989      0.268     -3.685      0.000
    SCGHQB_7$2         2.703      0.309      8.740      0.000
    SCGHQB_7$3         4.656      0.415     11.220      0.000
    SCGHQB_8$1        -0.989      0.268     -3.685      0.000
    SCGHQB_8$2         2.703      0.309      8.740      0.000
    SCGHQB_8$3         4.656      0.415     11.220      0.000
    SCGHQB_1$1        -0.989      0.268     -3.685      0.000
    SCGHQB_1$2         2.703      0.309      8.740      0.000
    SCGHQB_1$3         4.656      0.415     11.220      0.000

 Variances
    I                  5.385      1.167      4.616      0.000
    S                  0.002      0.005      0.314      0.754

Categorical Latent Variables

 Means
    C#1                0.215      0.121      1.776      0.076


QUALITY OF NUMERICAL RESULTS

     Condition Number for the Information Matrix              0.286E-05
       (ratio of smallest to largest eigenvalue)


RESULTS IN PROBABILITY SCALE

                    Estimate

Latent Class 1 (1)

 SCGHQB_5
    Category 1         0.444
    Category 2         0.410
    Category 3         0.099
    Category 4         0.047
 SCGHQB_6
    Category 1         0.441
    Category 2         0.429
    Category 3         0.092
    Category 4         0.037
 SCGHQB_7
    Category 1         0.440
    Category 2         0.441
    Category 3         0.087
    Category 4         0.031
 SCGHQB_8
    Category 1         0.441
    Category 2         0.444
    Category 3         0.085
    Category 4         0.030
 SCGHQB_10
    Category 1         0.448
    Category 2         0.421
    Category 3         0.092
    Category 4         0.039

Latent Class 2 (2)

 SCGHQB_5
    Category 1         0.366
    Category 2         0.457
    Category 3         0.120
    Category 4         0.056
 SCGHQB_6
    Category 1         0.366
    Category 2         0.461
    Category 3         0.119
    Category 4         0.054
 SCGHQB_7
    Category 1         0.366
    Category 2         0.465
    Category 3         0.117
    Category 4         0.052
 SCGHQB_8
    Category 1         0.366
    Category 2         0.468
    Category 3         0.116
    Category 4         0.050
 SCGHQB_10
    Category 1         0.366
    Category 2         0.475
    Category 3         0.113
    Category 4         0.046


STANDARDIZED MODEL RESULTS


STDYX Standardization

                                                    Two-Tailed
                    Estimate       S.E.  Est./S.E.    P-Value

Latent Class 1 (1)

 I        |
    SCGHQB_5           0.814      0.042     19.254      0.000
    SCGHQB_6           0.867      0.075     11.503      0.000
    SCGHQB_7           0.904      0.114      7.899      0.000
    SCGHQB_8           0.914      0.149      6.150      0.000
    SCGHQB_10          0.852      0.174      4.906      0.000

 S        |
    SCGHQB_5           0.000      0.000    999.000    999.000
    SCGHQB_6           0.171      0.033      5.242      0.000
    SCGHQB_7           0.356      0.077      4.656      0.000
    SCGHQB_8           0.541      0.126      4.287      0.000
    SCGHQB_10          0.840      0.200      4.196      0.000

 S        WITH
    I                 -0.560      0.218     -2.568      0.010

 Means
    I                 -0.218      0.133     -1.640      0.101
    S                 -0.021      0.095     -0.221      0.825

 Thresholds
    SCGHQB_5$1        -0.317      0.093     -3.416      0.001
    SCGHQB_5$2         0.867      0.129      6.703      0.000
    SCGHQB_5$3         1.493      0.208      7.186      0.000
    SCGHQB_6$1        -0.338      0.095     -3.557      0.000
    SCGHQB_6$2         0.924      0.119      7.755      0.000
    SCGHQB_6$3         1.592      0.180      8.832      0.000
    SCGHQB_7$1        -0.352      0.096     -3.657      0.000
    SCGHQB_7$2         0.963      0.114      8.446      0.000
    SCGHQB_7$3         1.658      0.160     10.374      0.000
    SCGHQB_8$1        -0.356      0.097     -3.690      0.000
    SCGHQB_8$2         0.973      0.118      8.226      0.000
    SCGHQB_8$3         1.677      0.162     10.367      0.000
    SCGHQB_1$1        -0.332      0.091     -3.633      0.000
    SCGHQB_1$2         0.907      0.132      6.867      0.000
    SCGHQB_1$3         1.563      0.193      8.099      0.000

 Variances
    I                  1.000      0.000    999.000    999.000
    S                  1.000      0.000    999.000    999.000

Latent Class 2 (2)

 I        |
    SCGHQB_5           0.788      0.032     24.341      0.000
    SCGHQB_6           0.796      0.041     19.284      0.000
    SCGHQB_7           0.804      0.052     15.346      0.000
    SCGHQB_8           0.813      0.065     12.529      0.000
    SCGHQB_10          0.830      0.092      8.995      0.000

 S        |
    SCGHQB_5           0.000      0.000    999.000    999.000
    SCGHQB_6           0.013      0.021      0.636      0.525
    SCGHQB_7           0.027      0.043      0.629      0.529
    SCGHQB_8           0.041      0.065      0.623      0.533
    SCGHQB_10          0.069      0.114      0.610      0.542

 S        WITH
    I                 -0.999      0.002   -453.174      0.000

 Means
    I                  0.000      0.000    999.000    999.000
    S                 -0.270      1.457     -0.186      0.853

 Thresholds
    SCGHQB_5$1        -0.336      0.100     -3.367      0.001
    SCGHQB_5$2         0.918      0.088     10.459      0.000
    SCGHQB_5$3         1.581      0.119     13.265      0.000
    SCGHQB_6$1        -0.339      0.098     -3.448      0.001
    SCGHQB_6$2         0.927      0.090     10.339      0.000
    SCGHQB_6$3         1.597      0.116     13.828      0.000
    SCGHQB_7$1        -0.343      0.097     -3.522      0.000
    SCGHQB_7$2         0.937      0.094      9.942      0.000
    SCGHQB_7$3         1.614      0.118     13.711      0.000
    SCGHQB_8$1        -0.347      0.097     -3.590      0.000
    SCGHQB_8$2         0.947      0.101      9.350      0.000
    SCGHQB_8$3         1.631      0.126     12.948      0.000
    SCGHQB_1$1        -0.354      0.096     -3.697      0.000
    SCGHQB_1$2         0.967      0.122      7.954      0.000
    SCGHQB_1$3         1.666      0.158     10.562      0.000

 Variances
    I                  1.000      0.000    999.000    999.000
    S                  1.000      0.000    999.000    999.000


R-SQUARE

Class 1

    Observed                                        Two-Tailed
    Variable        Estimate       S.E.  Est./S.E.    P-Value

    SCGHQB_5           0.662      0.069      9.627      0.000
    SCGHQB_6           0.615      0.057     10.801      0.000
    SCGHQB_7           0.583      0.051     11.500      0.000
    SCGHQB_8           0.573      0.061      9.399      0.000
    SCGHQB_1           0.629      0.081      7.734      0.000

Class 2

    Observed                                        Two-Tailed
    Variable        Estimate       S.E.  Est./S.E.    P-Value

    SCGHQB_5           0.621      0.051     12.171      0.000
    SCGHQB_6           0.613      0.046     13.198      0.000
    SCGHQB_7           0.605      0.045     13.505      0.000
    SCGHQB_8           0.596      0.047     12.725      0.000
    SCGHQB_1           0.579      0.062      9.367      0.000


     Beginning Time:  08:33:12
        Ending Time:  08:36:03
       Elapsed Time:  00:02:51



MUTHEN & MUTHEN
3463 Stoner Ave.
Los Angeles, CA  90066

Tel: (310) 391-9971
Fax: (310) 391-8971
Web: www.StatModel.com
Support: Support@StatModel.com

Copyright (c) 1998-2021 Muthen & Muthen
