Mplus VERSION 8.6
MUTHEN & MUTHEN
07/13/2021   8:21 AM

INPUT INSTRUCTIONS

  TITLE: Your title goes here

   DATA: FILE = data.dta;

   VARIABLE:

   NAMES = pidp gridmode mm hidp_5 hidp_6 hidp_7 hidp_8 hidp_9 hidp_10 indmode_5
       indmode_6 indmode_7 indmode_8 indmode_9 indmode_10 mode_type_all mode_type_no9
       mode_type_567 mode_type_7 all no9 p567 p7 switch_all switch_no9 switch_567
       switch_7 lkmove_5 xpmove_5 caruse_5 mobuse_5 netpuse_5 aidxhh_5 jbhas_5 j2has_5
       finnow_5 finfut_5 howlng_5 vote1_5 vote6_5 scsf1_5 scsf2a_5 scsf2b_5 scsf3a_5
       scsf3b_5 scsf4a_5 scsf4b_5 scsf5_5 scsf6a_5 scsf6b_5 scsf6c_5 scsf7_5 scghqa_5
       scghqb_5 scghqc_5 scghqd_5 scghqe_5 scghqf_5 scghqg_5 scghqh_5 scghqi_5
       scghqj_5 scghqk_5 scghql_5 lkmove_6 xpmove_6 caruse_6 mobuse_6 netpuse_6
       aidxhh_6 jbhas_6 j2has_6 finnow_6 finfut_6 howlng_6 vote1_6 vote6_6 scsf1_6
       scsf2a_6 scsf2b_6 scsf3a_6 scsf3b_6 scsf4a_6 scsf4b_6 scsf5_6 scsf6a_6 scsf6b_6
       scsf6c_6 scsf7_6 scghqa_6 scghqb_6 scghqc_6 scghqd_6 scghqe_6 scghqf_6 scghqg_6
       scghqh_6 scghqi_6 scghqj_6 scghqk_6 scghql_6 lkmove_7 xpmove_7 caruse_7
       mobuse_7 netpuse_7 smoker_7 aidxhh_7 jbhas_7 jbterm1_7 jbsemp_7 j2has_7
       fiyrdia_7 finnow_7 finfut_7 howlng_7 vote1_7 vote6_7 scsf2a_7 scsf2b_7 scsf3a_7
       scsf3b_7 scsf4a_7 scsf4b_7 scsf5_7 scsf6a_7 scsf6b_7 scsf6c_7 scsf7_7 scghqa_7
       scghqb_7 scghqc_7 scghqd_7 scghqe_7 scghqf_7 scghqg_7 scghqh_7 scghqi_7
       scghqj_7 scghqk_7 scghql_7 scsf1_7 lkmove_8 xpmove_8 caruse_8 mobuse_8
       netpuse_8 smoker_8 aidxhh_8 jbhas_8 jbterm1_8 jbsemp_8 j2has_8 fiyrdia_8
       finnow_8 finfut_8 scsf2a_8 scsf2b_8 scsf3a_8 scsf3b_8 scsf4a_8 scsf4b_8 scsf5_8
       scsf6a_8 scsf6b_8 scsf6c_8 scsf7_8 scghqa_8 scghqb_8 scghqc_8 scghqd_8 scghqe_8
       scghqf_8 scghqg_8 scghqh_8 scghqi_8 scghqj_8 scghqk_8 scghql_8 scsf1_8 mobuse_9
       netpuse_9 smoker_9 jbhas_9 jbterm1_9 jbsemp_9 j2has_9 fiyrdia_9 finnow_9
       finfut_9 lkmove_10 xpmove_10 mobuse_10 netpuse_10 smoker_10 aidxhh_10 jbhas_10
       jbterm1_10 jbsemp_10 j2has_10 fiyrdia_10 finnow_10 finfut_10 scsf1_10 scsf2a_10
       scsf2b_10 scsf3a_10 scsf3b_10 scsf4a_10 scsf4b_10 scsf5_10 scsf6a_10 scsf6b_10
       scsf6c_10 scsf7_10 scghqa_10 scghqb_10 scghqc_10 scghqd_10 scghqe_10 scghqf_10
       scghqg_10 scghqh_10 scghqi_10 scghqj_10 scghqk_10 scghql_10 edu agecat female
       partner sf1 longill london north urban refresh Higher A level GCSE Other age_35
       age_55 age_75 age_102 pred_all pred_no9 pred_p567 pred_p7 pred_all_w pred_no9_w
       pred_p567_w pred_p7_w f2f_prop stabil;

   MISSING=.;

   USEVARIABLES ARE
   mobuse_5
   mobuse_6
   mobuse_7
   mobuse_8
   mobuse_9
   mobuse_10;

   CATEGORICAL ARE
   mobuse_5
   mobuse_6
   mobuse_7
   mobuse_8
   mobuse_9
   mobuse_10;
   CLASSES = c(2);

    KNOWNCLASS = c(all= 1 2);
  WEIGHT IS pred_all_w;

   ANALYSIS:


      TYPE = MIXTURE;

      ESTIMATOR = MLR;

      ALGORITHM = INTEGRATION;

      Processors = 8(starts);

      STARTS = 800 200;

   Model:


      %OVERALL%

  i s | mobuse_5@0 mobuse_6@1 mobuse_7@2 mobuse_8@3 mobuse_9@4 mobuse_10@5;
   %c#1%
  [s] ;
   s ;
   s WITH i ;
   i ;

   %c#2%
  [s] ;
   s ;
   s WITH i ;
   i ;

   OUTPUT: SAMPSTAT;

                                  STDYX;




*** WARNING in VARIABLE command
  Note that only the first 8 characters of variable names are used in the output.
  Shorten variable names to avoid any confusion.
*** WARNING
  One or more observations has a value of 0 for the WEIGHT variable.
*** WARNING
  Data set contains unknown or missing values for variable ALL.
  This variable is used to determine the KNOWNCLASS specification.
  Number of such cases:  1664
   3 WARNING(S) FOUND IN THE INPUT INSTRUCTIONS



Your title goes here

SUMMARY OF ANALYSIS

Number of groups                                                 1
Number of observations                                         393

Number of dependent variables                                    6
Number of independent variables                                  0
Number of continuous latent variables                            2
Number of categorical latent variables                           1

Observed dependent variables

  Binary and ordered categorical (ordinal)
   MOBUSE_5    MOBUSE_6    MOBUSE_7    MOBUSE_8    MOBUSE_9    MOBUSE_1

Continuous latent variables
   I           S

Categorical latent variables
   C

  Knownclass            C

Variables with special functions

  Weight variable       PRED_ALL

Estimator                                                      MLR
Information matrix                                        OBSERVED
Optimization Specifications for the Quasi-Newton Algorithm for
Continuous Outcomes
  Maximum number of iterations                                 100
  Convergence criterion                                  0.100D-05
Optimization Specifications for the EM Algorithm
  Maximum number of iterations                                 500
  Convergence criteria
    Loglikelihood change                                 0.100D-02
    Relative loglikelihood change                        0.100D-05
    Derivative                                           0.100D-02
Optimization Specifications for the M step of the EM Algorithm for
Categorical Latent variables
  Number of M step iterations                                    1
  M step convergence criterion                           0.100D-02
  Basis for M step termination                           ITERATION
Optimization Specifications for the M step of the EM Algorithm for
Censored, Binary or Ordered Categorical (Ordinal), Unordered
Categorical (Nominal) and Count Outcomes
  Number of M step iterations                                    1
  M step convergence criterion                           0.100D-02
  Basis for M step termination                           ITERATION
  Maximum value for logit thresholds                            15
  Minimum value for logit thresholds                           -15
  Minimum expected cell size for chi-square              0.100D-01
Maximum number of iterations for H1                           2000
Convergence criterion for H1                             0.100D-03
Optimization algorithm                                         EMA
Integration Specifications
  Type                                                    STANDARD
  Number of integration points                                  15
  Dimensions of numerical integration                            2
  Adaptive quadrature                                           ON
Random Starts Specifications
  Number of initial stage random starts                        800
  Number of final stage optimizations                          200
  Number of initial stage iterations                            10
  Initial stage convergence criterion                    0.100D+01
  Random starts scale                                    0.500D+01
  Random seed for generating random starts                       0
Link                                                         LOGIT
Cholesky                                                        ON

Input data file(s)
  data.dta
Input data format  FREE


SUMMARY OF DATA

     Number of missing data patterns            47
     Number of y missing data patterns           0
     Number of u missing data patterns          47


COVARIANCE COVERAGE OF DATA

Minimum covariance coverage value   0.100


     PROPORTION OF DATA PRESENT FOR U


           Covariance Coverage
              MOBUSE_5      MOBUSE_6      MOBUSE_7      MOBUSE_8      MOBUSE_9
              ________      ________      ________      ________      ________
 MOBUSE_5       0.667
 MOBUSE_6       0.623         0.725
 MOBUSE_7       0.534         0.580         0.766
 MOBUSE_8       0.537         0.585         0.669         0.814
 MOBUSE_9       0.511         0.557         0.636         0.700         0.799
 MOBUSE_1       0.483         0.522         0.583         0.644         0.651


           Covariance Coverage
              MOBUSE_1
              ________
 MOBUSE_1       0.718


UNIVARIATE PROPORTIONS AND COUNTS FOR CATEGORICAL VARIABLES

    MOBUSE_5
      Category 1    0.043           14.018
      Category 2    0.957          315.282
    MOBUSE_6
      Category 1    0.043           15.530
      Category 2    0.957          346.029
    MOBUSE_7
      Category 1    0.023            7.213
      Category 2    0.977          303.574
    MOBUSE_8
      Category 1    0.062           19.054
      Category 2    0.938          286.828
    MOBUSE_9
      Category 1    0.062           18.027
      Category 2    0.938          270.731
    MOBUSE_1
      Category 1    0.042           10.935
      Category 2    0.958          251.618


SAMPLE STATISTICS

RANDOM STARTS RESULTS RANKED FROM THE BEST TO THE WORST LOGLIKELIHOOD VALUES

Final stage loglikelihood values at local maxima, seeds, and initial stage start numbers:

            -528.987  172913           557
            -528.987  948615           140
            -528.987  626087           314
            -528.987  992389           77
            -528.987  85114            385
            -528.987  100874           108
            -528.987  722748           346
            -528.987  72866            692
            -528.987  276696           676
            -528.987  373505           88
            -528.987  991329           182
            -528.987  467339           66
            -528.987  112586           494
            -528.987  140849           515
            -528.988  366533           484
            -528.988  55115            408
            -528.988  798839           312
            -528.988  315029           471
            -528.988  212934           568
            -528.988  521575           313
            -528.988  335485           496
            -528.988  416250           390
            -528.988  318177           748
            -528.988  39136            226
            -528.988  790059           469
            -528.988  775881           778
            -528.988  57226            208
            -528.988  939021           8
            -528.988  793035           187
            -528.988  616917           261
            -528.988  876943           650
            -528.988  809240           543
            -528.988  170954           86
            -528.988  314084           81
            -528.988  399671           13
            -528.988  77210            712
            -528.988  220492           743
            -528.988  638611           524
            -528.988  462821           745
            -528.988  113138           585
            -528.988  907810           795
            -528.989  284109           82
            -528.989  147440           514
            -528.989  301180           236
            -528.989  106561           686
            -528.989  36714            201
            -528.989  59963            670
            -528.989  518828           432
            -528.989  383986           159
            -528.989  1548             384
            -528.989  354395           486
            -528.989  118421           139
            -528.989  68985            17
            -528.989  625191           350
            -528.990  497522           502
            -528.990  821011           161
            -528.990  327475           518
            -528.990  130011           587
            -528.990  252949           487
            -528.990  748692           204
            -528.990  197223           332
            -528.990  856612           700
            -528.990  316165           299
            -528.990  978781           497
            -528.990  840031           276
            -528.990  442072           625
            -528.990  939709           112
            -528.990  562716           300
            -528.990  900631           774
            -528.990  570681           777
            -528.990  279850           555
            -528.990  313306           612
            -528.990  178475           231
            -528.990  547702           767
            -528.990  319575           499
            -528.990  93468            3
            -528.990  887676           22
            -528.990  7959             256
            -528.990  777045           377
            -528.990  972873           157
            -528.990  794236           127
            -528.990  903633           553
            -528.990  569131           26
            -528.990  942358           644
            -528.990  193042           316
            -528.990  552272           654
            -528.990  567165           319
            -528.990  264901           634
            -528.990  441191           361
            -528.990  43523            297
            -528.990  659832           754
            -528.990  391949           295
            -528.990  88437            761
            -528.990  344422           296
            -528.990  813779           92
            -528.990  266038           672
            -528.990  396795           323
            -528.990  216565           474
            -528.990  940533           764
            -528.990  953843           651
            -528.990  790452           303
            -528.990  123985           248
            -528.990  871438           561
            -528.990  496703           758
            -528.990  331681           549
            -528.990  72662            729
            -528.990  78862            529
            -528.990  266008           656
            -528.990  749453           33
            -528.990  995249           525
            -528.990  348637           749
            -528.990  629320           222
            -528.990  307843           664
            -528.990  168762           200
            -528.990  662718           460
            -528.990  950604           172
            -528.990  392418           28
            -528.990  605161           409
            -528.990  259507           53
            -528.990  152496           123
            -528.990  392766           331
            -528.990  443442           380
            -528.990  65651            214
            -528.990  848163           47
            -528.990  846194           93
            -528.990  481835           57
            -528.990  66276            217
            -528.990  393232           152
            -528.990  926283           269
            -528.990  507218           613
            -528.990  576596           99
            -528.990  178181           753
            -528.990  918558           412
            -528.990  188498           258
            -528.990  648555           113
            -528.990  835767           210
            -528.990  34346            330
            -528.990  682718           733
            -528.990  965639           463
            -528.990  273992           349
            -528.990  464179           106
            -528.990  568859           49
            -528.990  592219           119
            -528.990  92689            304
            -528.990  926762           704
            -528.990  unperturbed      0
            -528.990  343926           624
            -528.990  21345            199
            -528.990  742609           531
            -528.990  486622           522
            -528.990  478421           311
            -528.990  414284           158
            -528.990  964570           701
            -528.990  251641           784
            -528.990  67009            564
            -528.990  241197           747
            -528.990  859432           770
            -528.990  25127            107
            -528.990  570908           98
            -528.990  853195           431
            -528.990  840078           203
            -528.990  736574           414
            -528.990  561664           392
            -528.990  399848           220
            -528.990  902278           21
            -528.990  213189           605
            -528.991  580405           286
            -528.991  584397           428
            -528.991  58507            793
            -528.991  415502           194
            -528.991  762461           425
            -528.991  791285           416
            -528.991  204959           695
            -528.991  312754           562
            -528.991  580181           691
            -528.991  888905           444
            -528.991  636396           168
            -528.991  971693           470
            -528.991  132336           362
            -528.992  723035           538
            -528.992  913639           162
            -528.992  715255           523
            -528.993  232559           136
            -528.993  488581           688
            -528.994  580539           786
            -528.995  961454           665
            -528.995  642386           662
            -528.996  766903           505
            -528.996  995875           547
            -528.997  404426           344
            -528.997  366706           29
            -528.999  652266           490
            -528.999  485256           371
            -529.026  545108           667
            -529.027  700349           401
            -529.458  848331           137
            -529.459  194143           510

3 perturbed starting value run(s) did not converge or were rejected in the third stage.



THE BEST LOGLIKELIHOOD VALUE HAS BEEN REPLICATED.  RERUN WITH AT LEAST TWICE THE
RANDOM STARTS TO CHECK THAT THE BEST LOGLIKELIHOOD IS STILL OBTAINED AND REPLICATED.


THE MODEL ESTIMATION TERMINATED NORMALLY



MODEL FIT INFORMATION

Number of Free Parameters                       11

Loglikelihood

          H0 Value                        -528.987
          H0 Scaling Correction Factor      1.2523
            for MLR

Information Criteria

          Akaike (AIC)                    1079.974
          Bayesian (BIC)                  1123.686
          Sample-Size Adjusted BIC        1088.783
            (n* = (n + 2) / 24)

Chi-Square Test of Model Fit for the Binary and Ordered Categorical
(Ordinal) Outcomes

          Pearson Chi-Square

          Value                            407.178
          Degrees of Freedom                   116
          P-Value                           0.0000

          Likelihood Ratio Chi-Square

          Value                             83.528
          Degrees of Freedom                   116
          P-Value                           0.9900

Chi-Square Test for MCAR under the Unrestricted Latent Class Indicator Model

          Pearson Chi-Square

          Value                            442.507
          Degrees of Freedom                  1059
          P-Value                           1.0000

          Likelihood Ratio Chi-Square

          Value                            226.689
          Degrees of Freedom                  1059
          P-Value                           1.0000



FINAL CLASS COUNTS AND PROPORTIONS FOR THE LATENT CLASSES
BASED ON THE ESTIMATED MODEL

    Latent
   Classes

       1        212.00000          0.53944
       2        181.00000          0.46056


MODEL RESULTS

                                                    Two-Tailed
                    Estimate       S.E.  Est./S.E.    P-Value

Latent Class 1 (1)

 I        |
    MOBUSE_5           1.000      0.000    999.000    999.000
    MOBUSE_6           1.000      0.000    999.000    999.000
    MOBUSE_7           1.000      0.000    999.000    999.000
    MOBUSE_8           1.000      0.000    999.000    999.000
    MOBUSE_9           1.000      0.000    999.000    999.000
    MOBUSE_10          1.000      0.000    999.000    999.000

 S        |
    MOBUSE_5           0.000      0.000    999.000    999.000
    MOBUSE_6           1.000      0.000    999.000    999.000
    MOBUSE_7           2.000      0.000    999.000    999.000
    MOBUSE_8           3.000      0.000    999.000    999.000
    MOBUSE_9           4.000      0.000    999.000    999.000
    MOBUSE_10          5.000      0.000    999.000    999.000

 S        WITH
    I                  1.120      1.075      1.042      0.298

 Means
    I                  1.877      2.904      0.646      0.518
    S                  0.087      0.513      0.169      0.866

 Thresholds
    MOBUSE_5$1        -6.004      1.917     -3.132      0.002
    MOBUSE_6$1        -6.004      1.917     -3.132      0.002
    MOBUSE_7$1        -6.004      1.917     -3.132      0.002
    MOBUSE_8$1        -6.004      1.917     -3.132      0.002
    MOBUSE_9$1        -6.004      1.917     -3.132      0.002
    MOBUSE_1$1        -6.004      1.917     -3.132      0.002

 Variances
    I                 11.170      9.130      1.223      0.221
    S                  0.136      0.294      0.462      0.644

Latent Class 2 (2)

 I        |
    MOBUSE_5           1.000      0.000    999.000    999.000
    MOBUSE_6           1.000      0.000    999.000    999.000
    MOBUSE_7           1.000      0.000    999.000    999.000
    MOBUSE_8           1.000      0.000    999.000    999.000
    MOBUSE_9           1.000      0.000    999.000    999.000
    MOBUSE_10          1.000      0.000    999.000    999.000

 S        |
    MOBUSE_5           0.000      0.000    999.000    999.000
    MOBUSE_6           1.000      0.000    999.000    999.000
    MOBUSE_7           2.000      0.000    999.000    999.000
    MOBUSE_8           3.000      0.000    999.000    999.000
    MOBUSE_9           4.000      0.000    999.000    999.000
    MOBUSE_10          5.000      0.000    999.000    999.000

 S        WITH
    I                 -0.221      1.862     -0.119      0.906

 Means
    I                  0.000      0.000    999.000    999.000
    S                  0.163      0.645      0.252      0.801

 Thresholds
    MOBUSE_5$1        -6.004      1.917     -3.132      0.002
    MOBUSE_6$1        -6.004      1.917     -3.132      0.002
    MOBUSE_7$1        -6.004      1.917     -3.132      0.002
    MOBUSE_8$1        -6.004      1.917     -3.132      0.002
    MOBUSE_9$1        -6.004      1.917     -3.132      0.002
    MOBUSE_1$1        -6.004      1.917     -3.132      0.002

 Variances
    I                 13.052     10.843      1.204      0.229
    S                  0.144      0.173      0.830      0.407

Categorical Latent Variables

 Means
    C#1                0.158      0.121      1.301      0.193


QUALITY OF NUMERICAL RESULTS

     Condition Number for the Information Matrix              0.172E-03
       (ratio of smallest to largest eigenvalue)


RESULTS IN PROBABILITY SCALE

                    Estimate

Latent Class 1 (1)

 MOBUSE_5
    Category 1         0.019
    Category 2         0.981
 MOBUSE_6
    Category 1         0.026
    Category 2         0.974
 MOBUSE_7
    Category 1         0.034
    Category 2         0.966
 MOBUSE_8
    Category 1         0.043
    Category 2         0.957
 MOBUSE_9
    Category 1         0.052
    Category 2         0.948
 MOBUSE_10
    Category 1         0.061
    Category 2         0.939

Latent Class 2 (2)

 MOBUSE_5
    Category 1         0.068
    Category 2         0.932
 MOBUSE_6
    Category 1         0.062
    Category 2         0.938
 MOBUSE_7
    Category 1         0.057
    Category 2         0.943
 MOBUSE_8
    Category 1         0.054
    Category 2         0.946
 MOBUSE_9
    Category 1         0.052
    Category 2         0.948
 MOBUSE_10
    Category 1         0.053
    Category 2         0.947


STANDARDIZED MODEL RESULTS


STDYX Standardization

                                                    Two-Tailed
                    Estimate       S.E.  Est./S.E.    P-Value

Latent Class 1 (1)

 I        |
    MOBUSE_5           0.879      0.082     10.754      0.000
    MOBUSE_6           0.815      0.132      6.182      0.000
    MOBUSE_7           0.757      0.179      4.229      0.000
    MOBUSE_8           0.706      0.217      3.259      0.001
    MOBUSE_9           0.661      0.245      2.694      0.007
    MOBUSE_10          0.620      0.266      2.328      0.020

 S        |
    MOBUSE_5           0.000      0.000    999.000    999.000
    MOBUSE_6           0.090      0.102      0.882      0.378
    MOBUSE_7           0.167      0.176      0.949      0.343
    MOBUSE_8           0.233      0.229      1.019      0.308
    MOBUSE_9           0.291      0.267      1.092      0.275
    MOBUSE_10          0.342      0.292      1.168      0.243

 S        WITH
    I                  0.910      0.266      3.426      0.001

 Means
    I                  0.561      0.729      0.770      0.441
    S                  0.236      1.161      0.203      0.839

 Thresholds
    MOBUSE_5$1        -1.579      0.709     -2.227      0.026
    MOBUSE_6$1        -1.463      0.615     -2.379      0.017
    MOBUSE_7$1        -1.360      0.557     -2.440      0.015
    MOBUSE_8$1        -1.269      0.526     -2.414      0.016
    MOBUSE_9$1        -1.187      0.510     -2.328      0.020
    MOBUSE_1$1        -1.114      0.503     -2.215      0.027

 Variances
    I                  1.000      0.000    999.000    999.000
    S                  1.000      0.000    999.000    999.000

Latent Class 2 (2)

 I        |
    MOBUSE_5           0.894      0.075     11.959      0.000
    MOBUSE_6           0.902      0.170      5.321      0.000
    MOBUSE_7           0.902      0.270      3.346      0.001
    MOBUSE_8           0.895      0.365      2.450      0.014
    MOBUSE_9           0.879      0.449      1.958      0.050
    MOBUSE_10          0.858      0.517      1.660      0.097

 S        |
    MOBUSE_5           0.000      0.000    999.000    999.000
    MOBUSE_6           0.095      0.054      1.759      0.079
    MOBUSE_7           0.189      0.106      1.786      0.074
    MOBUSE_8           0.282      0.159      1.774      0.076
    MOBUSE_9           0.369      0.213      1.732      0.083
    MOBUSE_10          0.450      0.269      1.677      0.094

 S        WITH
    I                 -0.161      1.274     -0.127      0.899

 Means
    I                  0.000      0.000    999.000    999.000
    S                  0.429      1.675      0.256      0.798

 Thresholds
    MOBUSE_5$1        -1.485      0.166     -8.937      0.000
    MOBUSE_6$1        -1.499      0.208     -7.192      0.000
    MOBUSE_7$1        -1.499      0.343     -4.375      0.000
    MOBUSE_8$1        -1.487      0.493     -3.014      0.003
    MOBUSE_9$1        -1.462      0.633     -2.310      0.021
    MOBUSE_1$1        -1.426      0.749     -1.905      0.057

 Variances
    I                  1.000      0.000    999.000    999.000
    S                  1.000      0.000    999.000    999.000


R-SQUARE

Class 1

    Observed                                        Two-Tailed
    Variable        Estimate       S.E.  Est./S.E.    P-Value

    MOBUSE_5           0.772      0.144      5.377      0.000
    MOBUSE_6           0.805      0.107      7.533      0.000
    MOBUSE_7           0.831      0.087      9.583      0.000
    MOBUSE_8           0.853      0.078     11.000      0.000
    MOBUSE_9           0.871      0.074     11.791      0.000
    MOBUSE_1           0.887      0.072     12.265      0.000

Class 2

    Observed                                        Two-Tailed
    Variable        Estimate       S.E.  Est./S.E.    P-Value

    MOBUSE_5           0.799      0.134      5.980      0.000
    MOBUSE_6           0.795      0.098      8.139      0.000
    MOBUSE_7           0.795      0.067     11.824      0.000
    MOBUSE_8           0.798      0.061     13.175      0.000
    MOBUSE_9           0.805      0.079     10.138      0.000
    MOBUSE_1           0.814      0.103      7.874      0.000


     Beginning Time:  08:21:39
        Ending Time:  08:23:09
       Elapsed Time:  00:01:30



MUTHEN & MUTHEN
3463 Stoner Ave.
Los Angeles, CA  90066

Tel: (310) 391-9971
Fax: (310) 391-8971
Web: www.StatModel.com
Support: Support@StatModel.com

Copyright (c) 1998-2021 Muthen & Muthen
