Mplus VERSION 8.6
MUTHEN & MUTHEN
07/13/2021   8:00 AM

INPUT INSTRUCTIONS

  TITLE: Your title goes here

   DATA: FILE = data.dta;

   VARIABLE:

   NAMES = pidp gridmode mm hidp_5 hidp_6 hidp_7 hidp_8 hidp_9 hidp_10 indmode_5
       indmode_6 indmode_7 indmode_8 indmode_9 indmode_10 mode_type_all mode_type_no9
       mode_type_567 mode_type_7 all no9 p567 p7 switch_all switch_no9 switch_567
       switch_7 lkmove_5 xpmove_5 caruse_5 mobuse_5 netpuse_5 aidxhh_5 jbhas_5 j2has_5
       finnow_5 finfut_5 howlng_5 vote1_5 vote6_5 scsf1_5 scsf2a_5 scsf2b_5 scsf3a_5
       scsf3b_5 scsf4a_5 scsf4b_5 scsf5_5 scsf6a_5 scsf6b_5 scsf6c_5 scsf7_5 scghqa_5
       scghqb_5 scghqc_5 scghqd_5 scghqe_5 scghqf_5 scghqg_5 scghqh_5 scghqi_5
       scghqj_5 scghqk_5 scghql_5 lkmove_6 xpmove_6 caruse_6 mobuse_6 netpuse_6
       aidxhh_6 jbhas_6 j2has_6 finnow_6 finfut_6 howlng_6 vote1_6 vote6_6 scsf1_6
       scsf2a_6 scsf2b_6 scsf3a_6 scsf3b_6 scsf4a_6 scsf4b_6 scsf5_6 scsf6a_6 scsf6b_6
       scsf6c_6 scsf7_6 scghqa_6 scghqb_6 scghqc_6 scghqd_6 scghqe_6 scghqf_6 scghqg_6
       scghqh_6 scghqi_6 scghqj_6 scghqk_6 scghql_6 lkmove_7 xpmove_7 caruse_7
       mobuse_7 netpuse_7 smoker_7 aidxhh_7 jbhas_7 jbterm1_7 jbsemp_7 j2has_7
       fiyrdia_7 finnow_7 finfut_7 howlng_7 vote1_7 vote6_7 scsf2a_7 scsf2b_7 scsf3a_7
       scsf3b_7 scsf4a_7 scsf4b_7 scsf5_7 scsf6a_7 scsf6b_7 scsf6c_7 scsf7_7 scghqa_7
       scghqb_7 scghqc_7 scghqd_7 scghqe_7 scghqf_7 scghqg_7 scghqh_7 scghqi_7
       scghqj_7 scghqk_7 scghql_7 scsf1_7 lkmove_8 xpmove_8 caruse_8 mobuse_8
       netpuse_8 smoker_8 aidxhh_8 jbhas_8 jbterm1_8 jbsemp_8 j2has_8 fiyrdia_8
       finnow_8 finfut_8 scsf2a_8 scsf2b_8 scsf3a_8 scsf3b_8 scsf4a_8 scsf4b_8 scsf5_8
       scsf6a_8 scsf6b_8 scsf6c_8 scsf7_8 scghqa_8 scghqb_8 scghqc_8 scghqd_8 scghqe_8
       scghqf_8 scghqg_8 scghqh_8 scghqi_8 scghqj_8 scghqk_8 scghql_8 scsf1_8 mobuse_9
       netpuse_9 smoker_9 jbhas_9 jbterm1_9 jbsemp_9 j2has_9 fiyrdia_9 finnow_9
       finfut_9 lkmove_10 xpmove_10 mobuse_10 netpuse_10 smoker_10 aidxhh_10 jbhas_10
       jbterm1_10 jbsemp_10 j2has_10 fiyrdia_10 finnow_10 finfut_10 scsf1_10 scsf2a_10
       scsf2b_10 scsf3a_10 scsf3b_10 scsf4a_10 scsf4b_10 scsf5_10 scsf6a_10 scsf6b_10
       scsf6c_10 scsf7_10 scghqa_10 scghqb_10 scghqc_10 scghqd_10 scghqe_10 scghqf_10
       scghqg_10 scghqh_10 scghqi_10 scghqj_10 scghqk_10 scghql_10 edu agecat female
       partner sf1 longill london north urban refresh Higher A level GCSE Other age_35
       age_55 age_75 age_102 pred_all pred_no9 pred_p567 pred_p7 pred_all_w pred_no9_w
       pred_p567_w pred_p7_w f2f_prop stabil;

   MISSING=.;

   USEVARIABLES ARE
   jbhas_5
   jbhas_6
   jbhas_7
   jbhas_8
   jbhas_9
   jbhas_10;

   CATEGORICAL ARE
   jbhas_5
   jbhas_6
   jbhas_7
   jbhas_8
   jbhas_9
   jbhas_10;
   CLASSES = c(2);

    KNOWNCLASS = c(all= 1 2);
  WEIGHT IS pred_all_w;

   ANALYSIS:


      TYPE = MIXTURE;

      ESTIMATOR = MLR;

      ALGORITHM = INTEGRATION;

      Processors = 8(starts);

      STARTS = 800 200;

   Model:


      %OVERALL%

  i s | jbhas_5@0 jbhas_6@1 jbhas_7@2 jbhas_8@3 jbhas_9@4 jbhas_10@5;
   %c#1%
  [s] (a); s ;
   s WITH i ;
   i ;


   %c#2%
  [s] (a); s ;
   s WITH i ;
   i ;


   OUTPUT: SAMPSTAT;

                                  STDYX;




*** WARNING
  One or more observations has a value of 0 for the WEIGHT variable.
*** WARNING
  Data set contains unknown or missing values for variable ALL.
  This variable is used to determine the KNOWNCLASS specification.
  Number of such cases:  1664
   2 WARNING(S) FOUND IN THE INPUT INSTRUCTIONS



Your title goes here

SUMMARY OF ANALYSIS

Number of groups                                                 1
Number of observations                                         393

Number of dependent variables                                    6
Number of independent variables                                  0
Number of continuous latent variables                            2
Number of categorical latent variables                           1

Observed dependent variables

  Binary and ordered categorical (ordinal)
   JBHAS_5     JBHAS_6     JBHAS_7     JBHAS_8     JBHAS_9     JBHAS_10

Continuous latent variables
   I           S

Categorical latent variables
   C

  Knownclass            C

Variables with special functions

  Weight variable       PRED_ALL

Estimator                                                      MLR
Information matrix                                        OBSERVED
Optimization Specifications for the Quasi-Newton Algorithm for
Continuous Outcomes
  Maximum number of iterations                                 100
  Convergence criterion                                  0.100D-05
Optimization Specifications for the EM Algorithm
  Maximum number of iterations                                 500
  Convergence criteria
    Loglikelihood change                                 0.100D-02
    Relative loglikelihood change                        0.100D-05
    Derivative                                           0.100D-02
Optimization Specifications for the M step of the EM Algorithm for
Categorical Latent variables
  Number of M step iterations                                    1
  M step convergence criterion                           0.100D-02
  Basis for M step termination                           ITERATION
Optimization Specifications for the M step of the EM Algorithm for
Censored, Binary or Ordered Categorical (Ordinal), Unordered
Categorical (Nominal) and Count Outcomes
  Number of M step iterations                                    1
  M step convergence criterion                           0.100D-02
  Basis for M step termination                           ITERATION
  Maximum value for logit thresholds                            15
  Minimum value for logit thresholds                           -15
  Minimum expected cell size for chi-square              0.100D-01
Maximum number of iterations for H1                           2000
Convergence criterion for H1                             0.100D-03
Optimization algorithm                                         EMA
Integration Specifications
  Type                                                    STANDARD
  Number of integration points                                  15
  Dimensions of numerical integration                            2
  Adaptive quadrature                                           ON
Random Starts Specifications
  Number of initial stage random starts                        800
  Number of final stage optimizations                          200
  Number of initial stage iterations                            10
  Initial stage convergence criterion                    0.100D+01
  Random starts scale                                    0.500D+01
  Random seed for generating random starts                       0
Link                                                         LOGIT
Cholesky                                                        ON

Input data file(s)
  data.dta
Input data format  FREE


SUMMARY OF DATA

     Number of missing data patterns            47
     Number of y missing data patterns           0
     Number of u missing data patterns          47


COVARIANCE COVERAGE OF DATA

Minimum covariance coverage value   0.100


     PROPORTION OF DATA PRESENT FOR U


           Covariance Coverage
              JBHAS_5       JBHAS_6       JBHAS_7       JBHAS_8       JBHAS_9
              ________      ________      ________      ________      ________
 JBHAS_5        0.664
 JBHAS_6        0.621         0.720
 JBHAS_7        0.524         0.567         0.758
 JBHAS_8        0.534         0.583         0.662         0.814
 JBHAS_9        0.509         0.555         0.631         0.700         0.799
 JBHAS_10       0.481         0.519         0.575         0.644         0.651


           Covariance Coverage
              JBHAS_10
              ________
 JBHAS_10       0.718


UNIVARIATE PROPORTIONS AND COUNTS FOR CATEGORICAL VARIABLES

    JBHAS_5
      Category 1    0.508          166.759
      Category 2    0.492          161.702
    JBHAS_6
      Category 1    0.474          169.508
      Category 2    0.526          188.132
    JBHAS_7
      Category 1    0.513          158.004
      Category 2    0.487          149.899
    JBHAS_8
      Category 1    0.523          160.128
      Category 2    0.477          145.754
    JBHAS_9
      Category 1    0.519          149.907
      Category 2    0.481          138.851
    JBHAS_10
      Category 1    0.466          122.277
      Category 2    0.534          140.276


SAMPLE STATISTICS

RANDOM STARTS RESULTS RANKED FROM THE BEST TO THE WORST LOGLIKELIHOOD VALUES

Final stage loglikelihood values at local maxima, seeds, and initial stage start numbers:

           -1023.841  475420           71
           -1023.841  22362            365
           -1023.842  68985            17
           -1023.842  501995           791
           -1023.842  422103           62
           -1023.844  958107           790
           -1023.845  752769           253
           -1023.845  348637           749
           -1023.846  377504           294
           -1023.846  751054           117
           -1023.846  957392           79
           -1023.846  848890           95
           -1023.846  789985           67
           -1023.846  173191           422
           -1023.846  519357           559
           -1023.846  247224           94
           -1023.847  373702           669
           -1023.847  616917           261
           -1023.847  340112           126
           -1023.847  120506           45
           -1023.847  840078           203
           -1023.847  468036           131
           -1023.847  754100           56
           -1023.847  314757           345
           -1023.847  926797           406
           -1023.847  178475           231
           -1023.847  502532           445
           -1023.847  345726           461
           -1023.847  121425           511
           -1023.847  462821           745
           -1023.847  61587            400
           -1023.847  791285           416
           -1023.847  100874           108
           -1023.848  851945           18
           -1023.848  699554           427
           -1023.848  940533           764
           -1023.848  638977           643
           -1023.848  485256           371
           -1023.848  173440           328
           -1023.848  364676           27
           -1023.848  822698           621
           -1023.848  405371           569
           -1023.849  40340            188
           -1023.849  238906           430
           -1023.849  154575           539
           -1023.849  404510           442
           -1023.849  298553           773
           -1023.849  642909           251
           -1023.849  399380           436
           -1023.849  405079           68
           -1023.849  22089            143
           -1023.849  496703           758
           -1023.849  942358           644
           -1023.849  569338           755
           -1023.849  704798           530
           -1023.849  479273           156
           -1023.849  345974           622
           -1023.849  402224           91
           -1023.849  685268           596
           -1023.849  117731           570
           -1023.849  373505           88
           -1023.849  85462            51
           -1023.849  392766           331
           -1023.849  879338           309
           -1023.849  567165           319
           -1023.850  178031           720
           -1023.850  276102           599
           -1023.850  607072           717
           -1023.850  987090           70
           -1023.850  563584           657
           -1023.850  488581           688
           -1023.850  170118           238
           -1023.850  425982           485
           -1023.850  856612           700
           -1023.850  248742           556
           -1023.850  399848           220
           -1023.850  592219           119
           -1023.850  534864           307
           -1023.850  252949           487
           -1023.850  57226            208
           -1023.850  881886           608
           -1023.850  260953           589
           -1023.850  326091           759
           -1023.850  529496           343
           -1023.850  763285           620
           -1023.851  648555           113
           -1023.851  662718           460
           -1023.851  610181           711
           -1023.851  836066           372
           -1023.851  393232           152
           -1023.851  370957           554
           -1023.851  247912           537
           -1023.851  443917           60
           -1023.851  226322           478
           -1023.851  215353           164
           -1023.851  691234           250
           -1023.851  413564           535
           -1023.851  625191           350
           -1023.851  224950           455
           -1023.851  539389           544
           -1023.851  960438           116
           -1023.851  284109           82
           -1023.851  391949           295
           -1023.851  292884           103
           -1023.852  790452           303
           -1023.852  146900           391
           -1023.852  566687           597
           -1023.852  395754           388
           -1023.852  579138           706
           -1023.852  76451            211
           -1023.852  97300            640
           -1023.852  471040           403
           -1023.852  608496           4
           -1023.852  824956           607
           -1023.852  123985           248
           -1023.852  575700           100
           -1023.852  769907           457
           -1023.853  484687           306
           -1023.853  134830           780
           -1023.853  467339           66
           -1023.853  349263           263
           -1023.853  604861           800
           -1023.853  930323           267
           -1023.854  669634           335
           -1023.854  629320           222
           -1023.855  897782           545
           -1023.856  599729           658
           -1023.856  34346            330
           -1023.857  831410           567
           -1023.857  679832           302
           -1023.857  260601           36
           -1023.857  609185           181
           -1023.858  666720           671
           -1023.858  689529           516
           -1023.858  580539           786
           -1023.859  783110           72
           -1023.859  584397           428
           -1023.859  84013            598
           -1023.860  888905           444
           -1023.860  425929           508
           -1023.861  781489           627
           -1023.861  931874           141
           -1023.861  377584           630
           -1023.861  167409           772
           -1023.862  714455           476
           -1023.862  917702           693
           -1023.863  192191           629
           -1023.864  830292           527
           -1023.864  387701           275
           -1023.865  860102           495
           -1023.865  775881           778
           -1023.865  971693           470
           -1023.865  878749           728
           -1023.865  66276            217
           -1023.865  22874            588
           -1023.866  70118            104
           -1023.866  903420           5
           -1023.867  535804           111
           -1023.868  478421           311
           -1023.868  582296           452
           -1023.868  788796           145
           -1023.868  179022           687
           -1023.869  860029           760
           -1023.870  297518           166
           -1023.871  118438           601
           -1023.871  939870           655
           -1023.872  552272           654
           -1023.872  505244           582
           -1023.872  965994           396
           -1023.872  436892           565
           -1023.873  606576           151
           -1023.873  55115            408
           -1023.873  794236           127
           -1023.873  106561           686
           -1023.874  441191           361
           -1023.875  926762           704
           -1023.877  950604           172
           -1023.877  152496           123
           -1023.877  478341           731
           -1023.877  285380           1
           -1023.877  576726           280
           -1023.878  636396           168
           -1023.879  830529           279
           -1023.879  273992           349
           -1023.880  220454           288
           -1023.880  264935           281
           -1023.880  313407           132
           -1023.881  140442           500
           -1023.881  14262            781
           -1023.883  294811           637
           -1023.883  847088           750
           -1023.884  23012            352
           -1023.885  316165           299
           -1023.887  804660           260
           -1023.887  910224           580
           -1023.888  871851           257
           -1023.901  408713           450
           -1023.915  307843           664
           -1023.917  153053           378
           -1023.925  520865           763



THE BEST LOGLIKELIHOOD VALUE HAS BEEN REPLICATED.  RERUN WITH AT LEAST TWICE THE
RANDOM STARTS TO CHECK THAT THE BEST LOGLIKELIHOOD IS STILL OBTAINED AND REPLICATED.


THE MODEL ESTIMATION TERMINATED NORMALLY



MODEL FIT INFORMATION

Number of Free Parameters                       10

Loglikelihood

          H0 Value                       -1023.841
          H0 Scaling Correction Factor      1.1925
            for MLR

Information Criteria

          Akaike (AIC)                    2067.682
          Bayesian (BIC)                  2107.420
          Sample-Size Adjusted BIC        2075.690
            (n* = (n + 2) / 24)

Chi-Square Test of Model Fit for the Binary and Ordered Categorical
(Ordinal) Outcomes

          Pearson Chi-Square

          Value                            428.193
          Degrees of Freedom                   117
          P-Value                           0.0000

          Likelihood Ratio Chi-Square

          Value                            107.431
          Degrees of Freedom                   117
          P-Value                           0.7256

Chi-Square Test for MCAR under the Unrestricted Latent Class Indicator Model

          Pearson Chi-Square

          Value                            740.527
          Degrees of Freedom                  1059
          P-Value                           1.0000

          Likelihood Ratio Chi-Square

          Value                            465.218
          Degrees of Freedom                  1059
          P-Value                           1.0000



FINAL CLASS COUNTS AND PROPORTIONS FOR THE LATENT CLASSES
BASED ON THE ESTIMATED MODEL

    Latent
   Classes

       1        212.00000          0.53944
       2        181.00000          0.46056


MODEL RESULTS

                                                    Two-Tailed
                    Estimate       S.E.  Est./S.E.    P-Value

Latent Class 1 (1)

 I        |
    JBHAS_5            1.000      0.000    999.000    999.000
    JBHAS_6            1.000      0.000    999.000    999.000
    JBHAS_7            1.000      0.000    999.000    999.000
    JBHAS_8            1.000      0.000    999.000    999.000
    JBHAS_9            1.000      0.000    999.000    999.000
    JBHAS_10           1.000      0.000    999.000    999.000

 S        |
    JBHAS_5            0.000      0.000    999.000    999.000
    JBHAS_6            1.000      0.000    999.000    999.000
    JBHAS_7            2.000      0.000    999.000    999.000
    JBHAS_8            3.000      0.000    999.000    999.000
    JBHAS_9            4.000      0.000    999.000    999.000
    JBHAS_10           5.000      0.000    999.000    999.000

 S        WITH
    I                 -1.176      3.434     -0.343      0.732

 Means
    I                 -0.608      0.820     -0.741      0.459
    S                 -0.007      0.111     -0.060      0.952

 Thresholds
    JBHAS_5$1         -0.058      0.546     -0.106      0.916
    JBHAS_6$1         -0.058      0.546     -0.106      0.916
    JBHAS_7$1         -0.058      0.546     -0.106      0.916
    JBHAS_8$1         -0.058      0.546     -0.106      0.916
    JBHAS_9$1         -0.058      0.546     -0.106      0.916
    JBHAS_10$1        -0.058      0.546     -0.106      0.916

 Variances
    I                 58.634     28.642      2.047      0.041
    S                  1.532      1.216      1.259      0.208

Latent Class 2 (2)

 I        |
    JBHAS_5            1.000      0.000    999.000    999.000
    JBHAS_6            1.000      0.000    999.000    999.000
    JBHAS_7            1.000      0.000    999.000    999.000
    JBHAS_8            1.000      0.000    999.000    999.000
    JBHAS_9            1.000      0.000    999.000    999.000
    JBHAS_10           1.000      0.000    999.000    999.000

 S        |
    JBHAS_5            0.000      0.000    999.000    999.000
    JBHAS_6            1.000      0.000    999.000    999.000
    JBHAS_7            2.000      0.000    999.000    999.000
    JBHAS_8            3.000      0.000    999.000    999.000
    JBHAS_9            4.000      0.000    999.000    999.000
    JBHAS_10           5.000      0.000    999.000    999.000

 S        WITH
    I                 -1.263      2.200     -0.574      0.566

 Means
    I                  0.000      0.000    999.000    999.000
    S                 -0.007      0.111     -0.060      0.952

 Thresholds
    JBHAS_5$1         -0.058      0.546     -0.106      0.916
    JBHAS_6$1         -0.058      0.546     -0.106      0.916
    JBHAS_7$1         -0.058      0.546     -0.106      0.916
    JBHAS_8$1         -0.058      0.546     -0.106      0.916
    JBHAS_9$1         -0.058      0.546     -0.106      0.916
    JBHAS_10$1        -0.058      0.546     -0.106      0.916

 Variances
    I                 42.720     17.339      2.464      0.014
    S                  1.080      0.500      2.160      0.031

Categorical Latent Variables

 Means
    C#1                0.158      0.121      1.301      0.193


QUALITY OF NUMERICAL RESULTS

     Condition Number for the Information Matrix              0.319E-02
       (ratio of smallest to largest eigenvalue)


RESULTS IN PROBABILITY SCALE

                    Estimate

Latent Class 1 (1)

 JBHAS_5
    Category 1         0.528
    Category 2         0.472
 JBHAS_6
    Category 1         0.528
    Category 2         0.472
 JBHAS_7
    Category 1         0.528
    Category 2         0.472
 JBHAS_8
    Category 1         0.527
    Category 2         0.473
 JBHAS_9
    Category 1         0.526
    Category 2         0.474
 JBHAS_10
    Category 1         0.525
    Category 2         0.475

Latent Class 2 (2)

 JBHAS_5
    Category 1         0.497
    Category 2         0.503
 JBHAS_6
    Category 1         0.497
    Category 2         0.503
 JBHAS_7
    Category 1         0.497
    Category 2         0.503
 JBHAS_8
    Category 1         0.498
    Category 2         0.502
 JBHAS_9
    Category 1         0.498
    Category 2         0.502
 JBHAS_10
    Category 1         0.499
    Category 2         0.501


STANDARDIZED MODEL RESULTS


STDYX Standardization

                                                    Two-Tailed
                    Estimate       S.E.  Est./S.E.    P-Value

Latent Class 1 (1)

 I        |
    JBHAS_5            0.973      0.013     77.066      0.000
    JBHAS_6            0.980      0.063     15.485      0.000
    JBHAS_7            0.962      0.126      7.642      0.000
    JBHAS_8            0.924      0.183      5.052      0.000
    JBHAS_9            0.873      0.225      3.875      0.000
    JBHAS_10           0.814      0.250      3.256      0.001

 S        |
    JBHAS_5            0.000      0.000    999.000    999.000
    JBHAS_6            0.158      0.048      3.291      0.001
    JBHAS_7            0.311      0.079      3.949      0.000
    JBHAS_8            0.448      0.092      4.877      0.000
    JBHAS_9            0.564      0.095      5.953      0.000
    JBHAS_10           0.658      0.096      6.889      0.000

 S        WITH
    I                 -0.124      0.363     -0.342      0.732

 Means
    I                 -0.079      0.104     -0.761      0.447
    S                 -0.005      0.090     -0.060      0.952

 Thresholds
    JBHAS_5$1         -0.007      0.069     -0.105      0.916
    JBHAS_6$1         -0.007      0.070     -0.105      0.916
    JBHAS_7$1         -0.007      0.069     -0.105      0.916
    JBHAS_8$1         -0.007      0.066     -0.105      0.916
    JBHAS_9$1         -0.007      0.062     -0.105      0.916
    JBHAS_10$1        -0.006      0.058     -0.105      0.916

 Variances
    I                  1.000      0.000    999.000    999.000
    S                  1.000      0.000    999.000    999.000

Latent Class 2 (2)

 I        |
    JBHAS_5            0.964      0.014     68.916      0.000
    JBHAS_6            0.979      0.055     17.855      0.000
    JBHAS_7            0.971      0.105      9.291      0.000
    JBHAS_8            0.942      0.150      6.260      0.000
    JBHAS_9            0.896      0.185      4.849      0.000
    JBHAS_10           0.841      0.205      4.101      0.000

 S        |
    JBHAS_5            0.000      0.000    999.000    999.000
    JBHAS_6            0.156      0.033      4.753      0.000
    JBHAS_7            0.309      0.055      5.590      0.000
    JBHAS_8            0.449      0.068      6.572      0.000
    JBHAS_9            0.570      0.077      7.366      0.000
    JBHAS_10           0.669      0.086      7.733      0.000

 S        WITH
    I                 -0.186      0.301     -0.617      0.537

 Means
    I                  0.000      0.000    999.000    999.000
    S                 -0.006      0.107     -0.060      0.952

 Thresholds
    JBHAS_5$1         -0.008      0.081     -0.105      0.916
    JBHAS_6$1         -0.009      0.082     -0.105      0.916
    JBHAS_7$1         -0.009      0.081     -0.105      0.916
    JBHAS_8$1         -0.008      0.079     -0.105      0.916
    JBHAS_9$1         -0.008      0.075     -0.105      0.916
    JBHAS_10$1        -0.007      0.070     -0.105      0.916

 Variances
    I                  1.000      0.000    999.000    999.000
    S                  1.000      0.000    999.000    999.000


R-SQUARE

Class 1

    Observed                                        Two-Tailed
    Variable        Estimate       S.E.  Est./S.E.    P-Value

    JBHAS_5            0.947      0.025     38.533      0.000
    JBHAS_6            0.946      0.023     41.314      0.000
    JBHAS_7            0.948      0.022     42.564      0.000
    JBHAS_8            0.952      0.023     41.416      0.000
    JBHAS_9            0.957      0.024     40.383      0.000
    JBHAS_10           0.963      0.023     41.038      0.000

Class 2

    Observed                                        Two-Tailed
    Variable        Estimate       S.E.  Est./S.E.    P-Value

    JBHAS_5            0.928      0.027     34.458      0.000
    JBHAS_6            0.926      0.024     38.529      0.000
    JBHAS_7            0.927      0.021     43.613      0.000
    JBHAS_8            0.932      0.020     45.893      0.000
    JBHAS_9            0.938      0.021     45.592      0.000
    JBHAS_10           0.946      0.021     45.879      0.000


     Beginning Time:  08:00:35
        Ending Time:  08:01:47
       Elapsed Time:  00:01:12



MUTHEN & MUTHEN
3463 Stoner Ave.
Los Angeles, CA  90066

Tel: (310) 391-9971
Fax: (310) 391-8971
Web: www.StatModel.com
Support: Support@StatModel.com

Copyright (c) 1998-2021 Muthen & Muthen
