Mplus VERSION 8.6
MUTHEN & MUTHEN
07/13/2021  10:56 AM

INPUT INSTRUCTIONS

  TITLE: Your title goes here

   DATA: FILE = data.dta;

   VARIABLE:

   NAMES = pidp gridmode mm hidp_5 hidp_6 hidp_7 hidp_8 hidp_9 hidp_10 indmode_5
       indmode_6 indmode_7 indmode_8 indmode_9 indmode_10 mode_type_all mode_type_no9
       mode_type_567 mode_type_7 all no9 p567 p7 switch_all switch_no9 switch_567
       switch_7 lkmove_5 xpmove_5 caruse_5 mobuse_5 netpuse_5 aidxhh_5 jbhas_5 j2has_5
       finnow_5 finfut_5 howlng_5 vote1_5 vote6_5 scsf1_5 scsf2a_5 scsf2b_5 scsf3a_5
       scsf3b_5 scsf4a_5 scsf4b_5 scsf5_5 scsf6a_5 scsf6b_5 scsf6c_5 scsf7_5 scghqa_5
       scghqb_5 scghqc_5 scghqd_5 scghqe_5 scghqf_5 scghqg_5 scghqh_5 scghqi_5
       scghqj_5 scghqk_5 scghql_5 lkmove_6 xpmove_6 caruse_6 mobuse_6 netpuse_6
       aidxhh_6 jbhas_6 j2has_6 finnow_6 finfut_6 howlng_6 vote1_6 vote6_6 scsf1_6
       scsf2a_6 scsf2b_6 scsf3a_6 scsf3b_6 scsf4a_6 scsf4b_6 scsf5_6 scsf6a_6 scsf6b_6
       scsf6c_6 scsf7_6 scghqa_6 scghqb_6 scghqc_6 scghqd_6 scghqe_6 scghqf_6 scghqg_6
       scghqh_6 scghqi_6 scghqj_6 scghqk_6 scghql_6 lkmove_7 xpmove_7 caruse_7
       mobuse_7 netpuse_7 smoker_7 aidxhh_7 jbhas_7 jbterm1_7 jbsemp_7 j2has_7
       fiyrdia_7 finnow_7 finfut_7 howlng_7 vote1_7 vote6_7 scsf2a_7 scsf2b_7 scsf3a_7
       scsf3b_7 scsf4a_7 scsf4b_7 scsf5_7 scsf6a_7 scsf6b_7 scsf6c_7 scsf7_7 scghqa_7
       scghqb_7 scghqc_7 scghqd_7 scghqe_7 scghqf_7 scghqg_7 scghqh_7 scghqi_7
       scghqj_7 scghqk_7 scghql_7 scsf1_7 lkmove_8 xpmove_8 caruse_8 mobuse_8
       netpuse_8 smoker_8 aidxhh_8 jbhas_8 jbterm1_8 jbsemp_8 j2has_8 fiyrdia_8
       finnow_8 finfut_8 scsf2a_8 scsf2b_8 scsf3a_8 scsf3b_8 scsf4a_8 scsf4b_8 scsf5_8
       scsf6a_8 scsf6b_8 scsf6c_8 scsf7_8 scghqa_8 scghqb_8 scghqc_8 scghqd_8 scghqe_8
       scghqf_8 scghqg_8 scghqh_8 scghqi_8 scghqj_8 scghqk_8 scghql_8 scsf1_8 mobuse_9
       netpuse_9 smoker_9 jbhas_9 jbterm1_9 jbsemp_9 j2has_9 fiyrdia_9 finnow_9
       finfut_9 lkmove_10 xpmove_10 mobuse_10 netpuse_10 smoker_10 aidxhh_10 jbhas_10
       jbterm1_10 jbsemp_10 j2has_10 fiyrdia_10 finnow_10 finfut_10 scsf1_10 scsf2a_10
       scsf2b_10 scsf3a_10 scsf3b_10 scsf4a_10 scsf4b_10 scsf5_10 scsf6a_10 scsf6b_10
       scsf6c_10 scsf7_10 scghqa_10 scghqb_10 scghqc_10 scghqd_10 scghqe_10 scghqf_10
       scghqg_10 scghqh_10 scghqi_10 scghqj_10 scghqk_10 scghql_10 edu agecat female
       partner sf1 longill london north urban refresh Higher A level GCSE Other age_35
       age_55 age_75 age_102 pred_all pred_no9 pred_p567 pred_p7 pred_all_w pred_no9_w
       pred_p567_w pred_p7_w f2f_prop stabil;

   MISSING=.;

   USEVARIABLES ARE
   scsf4a_5
   scsf4a_6
   scsf4a_7
   scsf4a_8
   scsf4a_10;
   CLASSES = c(2);

    KNOWNCLASS = c(no9= 1 2);
  WEIGHT IS pred_no9_w;

   ANALYSIS:


      TYPE = MIXTURE;

      ESTIMATOR = MLR;

      ALGORITHM = INTEGRATION;

      Processors = 8(starts);

      STARTS = 800 200;

   Model:


      %OVERALL%

  i s | scsf4a_5@0 scsf4a_6@1 scsf4a_7@2 scsf4a_8@3 scsf4a_10@5;;

  scsf4a_5 (a);
   scsf4a_6 (a);
   scsf4a_7 (a);
   scsf4a_8 (a);
   scsf4a_10 (a);

   %c#1%
  [s] (a);
   s (b);
   s WITH i ;
   i ;

   %c#2%
  [s] (a);
   s (b);
   s WITH i ;
   i ;

   OUTPUT: SAMPSTAT;

                                  STDYX;




*** WARNING in VARIABLE command
  Note that only the first 8 characters of variable names are used in the output.
  Shorten variable names to avoid any confusion.
*** WARNING
  One or more observations has a value of 0 for the WEIGHT variable.
*** WARNING
  Data set contains unknown or missing values for variable NO9.
  This variable is used to determine the KNOWNCLASS specification.
  Number of such cases:  1664
*** WARNING
  Data set contains cases with missing on all variables.
  These cases were not included in the analysis.
  Number of cases with missing on all variables:  3
   4 WARNING(S) FOUND IN THE INPUT INSTRUCTIONS



Your title goes here

SUMMARY OF ANALYSIS

Number of groups                                                 1
Number of observations                                         390

Number of dependent variables                                    5
Number of independent variables                                  0
Number of continuous latent variables                            2
Number of categorical latent variables                           1

Observed dependent variables

  Continuous
   SCSF4A_5    SCSF4A_6    SCSF4A_7    SCSF4A_8    SCSF4A_10

Continuous latent variables
   I           S

Categorical latent variables
   C

  Knownclass            C

Variables with special functions

  Weight variable       PRED_NO9

Estimator                                                      MLR
Information matrix                                        OBSERVED
Optimization Specifications for the Quasi-Newton Algorithm for
Continuous Outcomes
  Maximum number of iterations                                 100
  Convergence criterion                                  0.100D-05
Optimization Specifications for the EM Algorithm
  Maximum number of iterations                                 500
  Convergence criteria
    Loglikelihood change                                 0.100D-02
    Relative loglikelihood change                        0.100D-05
    Derivative                                           0.100D-02
Optimization Specifications for the M step of the EM Algorithm for
Categorical Latent variables
  Number of M step iterations                                    1
  M step convergence criterion                           0.100D-02
  Basis for M step termination                           ITERATION
Optimization Specifications for the M step of the EM Algorithm for
Censored, Binary or Ordered Categorical (Ordinal), Unordered
Categorical (Nominal) and Count Outcomes
  Number of M step iterations                                    1
  M step convergence criterion                           0.100D-02
  Basis for M step termination                           ITERATION
  Maximum value for logit thresholds                            15
  Minimum value for logit thresholds                           -15
  Minimum expected cell size for chi-square              0.100D-01
Maximum number of iterations for H1                           2000
Convergence criterion for H1                             0.100D-03
Optimization algorithm                                         EMA
Integration Specifications
  Type                                                    STANDARD
  Number of integration points                                  15
  Dimensions of numerical integration                            0
  Adaptive quadrature                                           ON
Random Starts Specifications
  Number of initial stage random starts                        800
  Number of final stage optimizations                          200
  Number of initial stage iterations                            10
  Initial stage convergence criterion                    0.100D+01
  Random starts scale                                    0.500D+01
  Random seed for generating random starts                       0
Cholesky                                                       OFF

Input data file(s)
  data.dta
Input data format  FREE


SUMMARY OF DATA

     Number of missing data patterns            30
     Number of y missing data patterns          30
     Number of u missing data patterns           0


COVARIANCE COVERAGE OF DATA

Minimum covariance coverage value   0.100


     PROPORTION OF DATA PRESENT FOR Y


           Covariance Coverage
              SCSF4A_5      SCSF4A_6      SCSF4A_7      SCSF4A_8      SCSF4A_1
              ________      ________      ________      ________      ________
 SCSF4A_5       0.487
 SCSF4A_6       0.405         0.636
 SCSF4A_7       0.387         0.487         0.741
 SCSF4A_8       0.379         0.497         0.623         0.792
 SCSF4A_1       0.336         0.431         0.536         0.595         0.667


SAMPLE STATISTICS


     ESTIMATED SAMPLE STATISTICS FOR CLASS 1


           Means
              SCSF4A_5      SCSF4A_6      SCSF4A_7      SCSF4A_8      SCSF4A_1
              ________      ________      ________      ________      ________
                4.424         4.413         4.326         4.458         4.292


           Covariances
              SCSF4A_5      SCSF4A_6      SCSF4A_7      SCSF4A_8      SCSF4A_1
              ________      ________      ________      ________      ________
 SCSF4A_5       1.117
 SCSF4A_6       0.797         1.020
 SCSF4A_7       0.657         0.563         1.160
 SCSF4A_8       0.417         0.397         0.364         0.935
 SCSF4A_1       0.561         0.653         0.520         0.427         1.096


           Correlations
              SCSF4A_5      SCSF4A_6      SCSF4A_7      SCSF4A_8      SCSF4A_1
              ________      ________      ________      ________      ________
 SCSF4A_5       1.000
 SCSF4A_6       0.747         1.000
 SCSF4A_7       0.577         0.518         1.000
 SCSF4A_8       0.408         0.406         0.350         1.000
 SCSF4A_1       0.507         0.617         0.461         0.422         1.000


     ESTIMATED SAMPLE STATISTICS FOR CLASS 2


           Means
              SCSF4A_5      SCSF4A_6      SCSF4A_7      SCSF4A_8      SCSF4A_1
              ________      ________      ________      ________      ________
                4.195         4.002         4.331         4.227         4.202


           Covariances
              SCSF4A_5      SCSF4A_6      SCSF4A_7      SCSF4A_8      SCSF4A_1
              ________      ________      ________      ________      ________
 SCSF4A_5       1.048
 SCSF4A_6       0.377         1.400
 SCSF4A_7       0.523         0.510         1.070
 SCSF4A_8       0.591         0.593         0.472         1.308
 SCSF4A_1       0.577         0.492         0.431         0.736         1.238


           Correlations
              SCSF4A_5      SCSF4A_6      SCSF4A_7      SCSF4A_8      SCSF4A_1
              ________      ________      ________      ________      ________
 SCSF4A_5       1.000
 SCSF4A_6       0.311         1.000
 SCSF4A_7       0.494         0.417         1.000
 SCSF4A_8       0.505         0.438         0.399         1.000
 SCSF4A_1       0.507         0.374         0.374         0.578         1.000


UNIVARIATE SAMPLE STATISTICS


     UNIVARIATE HIGHER-ORDER MOMENT DESCRIPTIVE STATISTICS

         Variable/         Mean/     Skewness/   Minimum/ % with                Percentiles
        Sample Size      Variance    Kurtosis    Maximum  Min/Max      20%/60%    40%/80%    Median

     SCSF4A_5              4.284      -1.439       1.000    2.63%       3.000      5.000      5.000
             190.000       1.158       1.188       5.000   61.58%       5.000      5.000
     SCSF4A_6              4.229      -1.363       1.000    3.23%       3.000      5.000      5.000
             248.000       1.236       0.982       5.000   60.48%       5.000      5.000
     SCSF4A_7              4.326      -1.485       1.000    2.08%       4.000      5.000      5.000
             289.000       1.109       1.344       5.000   66.09%       5.000      5.000
     SCSF4A_8              4.359      -1.681       1.000    2.91%       4.000      5.000      5.000
             309.000       1.130       1.989       5.000   65.37%       5.000      5.000
     SCSF4A_10             4.237      -1.404       1.000    4.23%       3.000      4.000      5.000
             260.000       1.227       1.009       5.000   59.62%       5.000      5.000

RANDOM STARTS RESULTS RANKED FROM THE BEST TO THE WORST LOGLIKELIHOOD VALUES

Final stage loglikelihood values at local maxima, seeds, and initial stage start numbers:

           -2404.093  12477            155
           -2404.093  879211           453
           -2404.093  829540           324
           -2404.093  662983           666
           -2404.093  579138           706
           -2404.093  797594           234
           -2404.093  312754           562
           -2404.093  313407           132
           -2404.093  552272           654
           -2404.093  85114            385
           -2404.093  312587           775
           -2404.093  354208           196
           -2404.093  464179           106
           -2404.093  782821           272
           -2404.093  358074           560
           -2404.093  260601           36
           -2404.093  118438           601
           -2404.093  81117            305
           -2404.093  217744           326
           -2404.093  307843           664
           -2404.093  263268           165
           -2404.093  848590           694
           -2404.093  319144           176
           -2404.093  441191           361
           -2404.093  878749           728
           -2404.093  488125           368
           -2404.093  646573           741
           -2404.093  820977           776
           -2404.093  138695           783
           -2404.093  292884           103
           -2404.093  153394           429
           -2404.093  253358           2
           -2404.093  787985           482
           -2404.093  227563           63
           -2404.093  858804           534
           -2404.093  749453           33
           -2404.093  830392           35
           -2404.093  521575           313
           -2404.093  666720           671
           -2404.093  383902           673
           -2404.093  278692           342
           -2404.093  178031           720
           -2404.093  91231            727
           -2404.093  520865           763
           -2404.093  967237           48
           -2404.093  590834           785
           -2404.093  723775           97
           -2404.093  474357           789
           -2404.093  568859           49
           -2404.093  714997           399
           -2404.093  364676           27
           -2404.093  408713           450
           -2404.093  188640           451
           -2404.093  898745           466
           -2404.093  791396           243
           -2404.093  153942           31
           -2404.093  27071            15
           -2404.093  903369           134
           -2404.093  387701           275
           -2404.093  685657           69
           -2404.093  117731           570
           -2404.093  566739           575
           -2404.093  783110           72
           -2404.093  937588           293
           -2404.093  130011           587
           -2404.093  22874            588
           -2404.093  939021           8
           -2404.093  824956           607
           -2404.093  313306           612
           -2404.093  534864           307
           -2404.093  805935           615
           -2404.093  479273           156
           -2404.093  514326           325
           -2404.093  939870           655
           -2404.093  327140           678
           -2404.093  569833           85
           -2404.093  193847           354
           -2404.093  607072           717
           -2404.093  407168           44
           -2404.093  670281           721
           -2404.093  887676           22
           -2404.093  496703           758
           -2404.093  618000           190
           -2404.093  496710           386
           -2404.093  533738           11
           -2404.093  570681           777
           -2404.093  937225           394
           -2404.093  190339           102
           -2404.093  918558           412
           -2404.093  399508           415
           -2404.093  17359            227
           -2404.093  804561           59
           -2404.093  53621            483
           -2404.093  294669           501
           -2404.093  715561           125
           -2404.093  49221            254
           -2404.093  871851           257
           -2404.093  638611           524
           -2404.093  830529           279
           -2404.093  475420           71
           -2404.093  391949           295
           -2404.093  344422           296
           -2404.093  790452           303
           -2404.093  852283           616
           -2404.093  763285           620
           -2404.093  798839           312
           -2404.093  645664           39
           -2404.093  266008           656
           -2404.093  669634           335
           -2404.093  534193           689
           -2404.093  917702           693
           -2404.093  117391           710
           -2404.093  871722           355
           -2404.093  833196           715
           -2404.093  875667           367
           -2404.093  317868           740
           -2404.093  326091           759
           -2404.093  765392           382
           -2404.093  298553           773
           -2404.093  507154           387
           -2404.093  14262            781
           -2404.093  907810           795
           -2404.093  772131           407
           -2404.093  55115            408
           -2404.093  85734            411
           -2404.093  57226            208
           -2404.093  798821           423
           -2404.093  66276            217
           -2404.093  399671           13
           -2404.093  89970            223
           -2404.093  354624           448
           -2404.093  224950           455
           -2404.093  320494           465
           -2404.093  335485           496
           -2404.093  760878           249
           -2404.093  140849           515
           -2404.093  321390           133
           -2404.093  413564           535
           -2404.093  926283           269
           -2404.093  809240           543
           -2404.093  848331           137
           -2404.093  67009            564
           -2404.093  804104           566
           -2404.093  947714           573
           -2404.093  512836           289
           -2404.093  566687           597
           -2404.093  84013            598
           -2404.093  417035           149
           -2404.093  402699           604
           -2404.093  784664           75
           -2404.093  393232           152
           -2404.093  150531           154
           -2404.093  626087           314
           -2404.093  414284           158
           -2404.093  62835            642
           -2404.093  396795           323
           -2404.093  92091            649
           -2404.093  608496           4
           -2404.093  173440           328
           -2404.093  22075            659
           -2404.093  659773           663
           -2404.093  411615           171
           -2404.093  526324           178
           -2404.093  3307             735
           -2404.093  940533           764
           -2404.093  605565           404
           -2404.093  596257           405
           -2404.093  640833           434
           -2404.093  283492           435
           -2404.093  317640           437
           -2404.093  59674            240
           -2404.093  609089           241
           -2404.093  354395           486
           -2404.093  7959             256
           -2404.093  164305           128
           -2404.093  188498           258
           -2404.093  327475           518
           -2404.093  347222           533
           -2404.093  247912           537
           -2404.093  437181           135
           -2404.093  897782           545
           -2404.093  576726           280
           -2404.093  436892           565
           -2404.093  597614           284
           -2404.093  650354           577
           -2404.093  113138           585
           -2404.093  863094           147
           -2404.093  284384           600
           -2404.093  166851           638
           -2404.093  383986           159
           -2404.093  638977           643
           -2404.093  882750           646
           -2404.093  97158            205
           -2404.093  802682           419
           -2404.093  700349           401
           -2404.093  371246           101
           -2404.093  342019           301
           -2404.093  964570           701
           -2404.093  36714            201

Unperturbed starting value run did not converge or was rejected in the third stage.



THE BEST LOGLIKELIHOOD VALUE HAS BEEN REPLICATED.  RERUN WITH AT LEAST TWICE THE
RANDOM STARTS TO CHECK THAT THE BEST LOGLIKELIHOOD IS STILL OBTAINED AND REPLICATED.


THE MODEL ESTIMATION TERMINATED NORMALLY



MODEL FIT INFORMATION

Number of Free Parameters                        9

Loglikelihood

          H0 Value                       -2404.093
          H0 Scaling Correction Factor      2.4687
            for MLR

Information Criteria

          Akaike (AIC)                    4826.186
          Bayesian (BIC)                  4861.882
          Sample-Size Adjusted BIC        4833.325
            (n* = (n + 2) / 24)



FINAL CLASS COUNTS AND PROPORTIONS FOR THE LATENT CLASSES
BASED ON THE ESTIMATED MODEL

    Latent
   Classes

       1        217.00000          0.55641
       2        173.00000          0.44359


MODEL RESULTS

                                                    Two-Tailed
                    Estimate       S.E.  Est./S.E.    P-Value

Latent Class 1 (1)

 I        |
    SCSF4A_5           1.000      0.000    999.000    999.000
    SCSF4A_6           1.000      0.000    999.000    999.000
    SCSF4A_7           1.000      0.000    999.000    999.000
    SCSF4A_8           1.000      0.000    999.000    999.000
    SCSF4A_10          1.000      0.000    999.000    999.000

 S        |
    SCSF4A_5           0.000      0.000    999.000    999.000
    SCSF4A_6           1.000      0.000    999.000    999.000
    SCSF4A_7           2.000      0.000    999.000    999.000
    SCSF4A_8           3.000      0.000    999.000    999.000
    SCSF4A_10          5.000      0.000    999.000    999.000

 S        WITH
    I                 -0.333      0.080     -4.146      0.000

 Means
    I                  3.650      0.165     22.120      0.000
    S                  0.380      0.036     10.692      0.000

 Intercepts
    SCSF4A_5           0.000      0.000    999.000    999.000
    SCSF4A_6           0.000      0.000    999.000    999.000
    SCSF4A_7           0.000      0.000    999.000    999.000
    SCSF4A_8           0.000      0.000    999.000    999.000
    SCSF4A_10          0.000      0.000    999.000    999.000

 Variances
    I                  1.257      0.327      3.844      0.000
    S                  0.167      0.030      5.520      0.000

 Residual Variances
    SCSF4A_5           0.380      0.036     10.692      0.000
    SCSF4A_6           0.380      0.036     10.692      0.000
    SCSF4A_7           0.380      0.036     10.692      0.000
    SCSF4A_8           0.380      0.036     10.692      0.000
    SCSF4A_10          0.380      0.036     10.692      0.000

Latent Class 2 (2)

 I        |
    SCSF4A_5           1.000      0.000    999.000    999.000
    SCSF4A_6           1.000      0.000    999.000    999.000
    SCSF4A_7           1.000      0.000    999.000    999.000
    SCSF4A_8           1.000      0.000    999.000    999.000
    SCSF4A_10          1.000      0.000    999.000    999.000

 S        |
    SCSF4A_5           0.000      0.000    999.000    999.000
    SCSF4A_6           1.000      0.000    999.000    999.000
    SCSF4A_7           2.000      0.000    999.000    999.000
    SCSF4A_8           3.000      0.000    999.000    999.000
    SCSF4A_10          5.000      0.000    999.000    999.000

 S        WITH
    I                 -0.357      0.082     -4.341      0.000

 Means
    I                  3.366      0.160     21.050      0.000
    S                  0.380      0.036     10.692      0.000

 Intercepts
    SCSF4A_5           0.000      0.000    999.000    999.000
    SCSF4A_6           0.000      0.000    999.000    999.000
    SCSF4A_7           0.000      0.000    999.000    999.000
    SCSF4A_8           0.000      0.000    999.000    999.000
    SCSF4A_10          0.000      0.000    999.000    999.000

 Variances
    I                  1.392      0.317      4.387      0.000
    S                  0.167      0.030      5.520      0.000

 Residual Variances
    SCSF4A_5           0.380      0.036     10.692      0.000
    SCSF4A_6           0.380      0.036     10.692      0.000
    SCSF4A_7           0.380      0.036     10.692      0.000
    SCSF4A_8           0.380      0.036     10.692      0.000
    SCSF4A_10          0.380      0.036     10.692      0.000

Categorical Latent Variables

 Means
    C#1                0.227      0.121      1.871      0.061


QUALITY OF NUMERICAL RESULTS

     Condition Number for the Information Matrix              0.157E-03
       (ratio of smallest to largest eigenvalue)


STANDARDIZED MODEL RESULTS


STDYX Standardization

                                                    Two-Tailed
                    Estimate       S.E.  Est./S.E.    P-Value

Latent Class 1 (1)

 I        |
    SCSF4A_5           0.876      0.027     33.041      0.000
    SCSF4A_6           1.051      0.049     21.243      0.000
    SCSF4A_7           1.135      0.114      9.920      0.000
    SCSF4A_8           1.048      0.162      6.449      0.000
    SCSF4A_10          0.711      0.136      5.239      0.000

 S        |
    SCSF4A_5           0.000      0.000    999.000    999.000
    SCSF4A_6           0.383      0.049      7.866      0.000
    SCSF4A_7           0.828      0.098      8.451      0.000
    SCSF4A_8           1.146      0.118      9.713      0.000
    SCSF4A_10          1.296      0.104     12.471      0.000

 S        WITH
    I                 -0.726      0.078     -9.366      0.000

 Means
    I                  3.255      0.560      5.810      0.000
    S                  0.930      0.044     21.246      0.000

 Intercepts
    SCSF4A_5           0.000      0.000    999.000    999.000
    SCSF4A_6           0.000      0.000    999.000    999.000
    SCSF4A_7           0.000      0.000    999.000    999.000
    SCSF4A_8           0.000      0.000    999.000    999.000
    SCSF4A_10          0.000      0.000    999.000    999.000

 Variances
    I                  1.000      0.000    999.000    999.000
    S                  1.000      0.000    999.000    999.000

 Residual Variances
    SCSF4A_5           0.232      0.046      4.999      0.000
    SCSF4A_6           0.334      0.068      4.880      0.000
    SCSF4A_7           0.390      0.070      5.552      0.000
    SCSF4A_8           0.332      0.056      5.941      0.000
    SCSF4A_10          0.153      0.026      5.809      0.000

Latent Class 2 (2)

 I        |
    SCSF4A_5           0.886      0.022     40.214      0.000
    SCSF4A_6           1.065      0.047     22.530      0.000
    SCSF4A_7           1.171      0.121      9.722      0.000
    SCSF4A_8           1.107      0.189      5.859      0.000
    SCSF4A_10          0.764      0.163      4.678      0.000

 S        |
    SCSF4A_5           0.000      0.000    999.000    999.000
    SCSF4A_6           0.369      0.042      8.840      0.000
    SCSF4A_7           0.812      0.072     11.237      0.000
    SCSF4A_8           1.150      0.097     11.912      0.000
    SCSF4A_10          1.324      0.121     10.979      0.000

 S        WITH
    I                 -0.739      0.075     -9.808      0.000

 Means
    I                  2.853      0.449      6.355      0.000
    S                  0.930      0.044     21.246      0.000

 Intercepts
    SCSF4A_5           0.000      0.000    999.000    999.000
    SCSF4A_6           0.000      0.000    999.000    999.000
    SCSF4A_7           0.000      0.000    999.000    999.000
    SCSF4A_8           0.000      0.000    999.000    999.000
    SCSF4A_10          0.000      0.000    999.000    999.000

 Variances
    I                  1.000      0.000    999.000    999.000
    S                  1.000      0.000    999.000    999.000

 Residual Variances
    SCSF4A_5           0.215      0.039      5.494      0.000
    SCSF4A_6           0.310      0.051      6.142      0.000
    SCSF4A_7           0.375      0.042      8.975      0.000
    SCSF4A_8           0.335      0.052      6.455      0.000
    SCSF4A_10          0.159      0.035      4.533      0.000


R-SQUARE

Class 1

    Observed                                        Two-Tailed
    Variable        Estimate       S.E.  Est./S.E.    P-Value

    SCSF4A_5           0.768      0.046     16.520      0.000
    SCSF4A_6           0.666      0.068      9.731      0.000
    SCSF4A_7           0.610      0.070      8.679      0.000
    SCSF4A_8           0.668      0.056     11.950      0.000
    SCSF4A_1           0.847      0.026     32.213      0.000

Class 2

    Observed                                        Two-Tailed
    Variable        Estimate       S.E.  Est./S.E.    P-Value

    SCSF4A_5           0.785      0.039     20.107      0.000
    SCSF4A_6           0.690      0.051     13.658      0.000
    SCSF4A_7           0.625      0.042     14.958      0.000
    SCSF4A_8           0.665      0.052     12.839      0.000
    SCSF4A_1           0.841      0.035     23.895      0.000


     Beginning Time:  10:56:12
        Ending Time:  10:56:18
       Elapsed Time:  00:00:06



MUTHEN & MUTHEN
3463 Stoner Ave.
Los Angeles, CA  90066

Tel: (310) 391-9971
Fax: (310) 391-8971
Web: www.StatModel.com
Support: Support@StatModel.com

Copyright (c) 1998-2021 Muthen & Muthen
