Mplus VERSION 8.6
MUTHEN & MUTHEN
07/13/2021   9:49 AM

INPUT INSTRUCTIONS

  TITLE: Your title goes here

   DATA: FILE = data.dta;

   VARIABLE:

   NAMES = pidp gridmode mm hidp_5 hidp_6 hidp_7 hidp_8 hidp_9 hidp_10 indmode_5
       indmode_6 indmode_7 indmode_8 indmode_9 indmode_10 mode_type_all mode_type_no9
       mode_type_567 mode_type_7 all no9 p567 p7 switch_all switch_no9 switch_567
       switch_7 lkmove_5 xpmove_5 caruse_5 mobuse_5 netpuse_5 aidxhh_5 jbhas_5 j2has_5
       finnow_5 finfut_5 howlng_5 vote1_5 vote6_5 scsf1_5 scsf2a_5 scsf2b_5 scsf3a_5
       scsf3b_5 scsf4a_5 scsf4b_5 scsf5_5 scsf6a_5 scsf6b_5 scsf6c_5 scsf7_5 scghqa_5
       scghqb_5 scghqc_5 scghqd_5 scghqe_5 scghqf_5 scghqg_5 scghqh_5 scghqi_5
       scghqj_5 scghqk_5 scghql_5 lkmove_6 xpmove_6 caruse_6 mobuse_6 netpuse_6
       aidxhh_6 jbhas_6 j2has_6 finnow_6 finfut_6 howlng_6 vote1_6 vote6_6 scsf1_6
       scsf2a_6 scsf2b_6 scsf3a_6 scsf3b_6 scsf4a_6 scsf4b_6 scsf5_6 scsf6a_6 scsf6b_6
       scsf6c_6 scsf7_6 scghqa_6 scghqb_6 scghqc_6 scghqd_6 scghqe_6 scghqf_6 scghqg_6
       scghqh_6 scghqi_6 scghqj_6 scghqk_6 scghql_6 lkmove_7 xpmove_7 caruse_7
       mobuse_7 netpuse_7 smoker_7 aidxhh_7 jbhas_7 jbterm1_7 jbsemp_7 j2has_7
       fiyrdia_7 finnow_7 finfut_7 howlng_7 vote1_7 vote6_7 scsf2a_7 scsf2b_7 scsf3a_7
       scsf3b_7 scsf4a_7 scsf4b_7 scsf5_7 scsf6a_7 scsf6b_7 scsf6c_7 scsf7_7 scghqa_7
       scghqb_7 scghqc_7 scghqd_7 scghqe_7 scghqf_7 scghqg_7 scghqh_7 scghqi_7
       scghqj_7 scghqk_7 scghql_7 scsf1_7 lkmove_8 xpmove_8 caruse_8 mobuse_8
       netpuse_8 smoker_8 aidxhh_8 jbhas_8 jbterm1_8 jbsemp_8 j2has_8 fiyrdia_8
       finnow_8 finfut_8 scsf2a_8 scsf2b_8 scsf3a_8 scsf3b_8 scsf4a_8 scsf4b_8 scsf5_8
       scsf6a_8 scsf6b_8 scsf6c_8 scsf7_8 scghqa_8 scghqb_8 scghqc_8 scghqd_8 scghqe_8
       scghqf_8 scghqg_8 scghqh_8 scghqi_8 scghqj_8 scghqk_8 scghql_8 scsf1_8 mobuse_9
       netpuse_9 smoker_9 jbhas_9 jbterm1_9 jbsemp_9 j2has_9 fiyrdia_9 finnow_9
       finfut_9 lkmove_10 xpmove_10 mobuse_10 netpuse_10 smoker_10 aidxhh_10 jbhas_10
       jbterm1_10 jbsemp_10 j2has_10 fiyrdia_10 finnow_10 finfut_10 scsf1_10 scsf2a_10
       scsf2b_10 scsf3a_10 scsf3b_10 scsf4a_10 scsf4b_10 scsf5_10 scsf6a_10 scsf6b_10
       scsf6c_10 scsf7_10 scghqa_10 scghqb_10 scghqc_10 scghqd_10 scghqe_10 scghqf_10
       scghqg_10 scghqh_10 scghqi_10 scghqj_10 scghqk_10 scghql_10 edu agecat female
       partner sf1 longill london north urban refresh Higher A level GCSE Other age_35
       age_55 age_75 age_102 pred_all pred_no9 pred_p567 pred_p7 pred_all_w pred_no9_w
       pred_p567_w pred_p7_w f2f_prop stabil;

   MISSING=.;

   USEVARIABLES ARE
   scghqh_5
   scghqh_6
   scghqh_7
   scghqh_8
   scghqh_10;

   CATEGORICAL ARE
   scghqh_5
   scghqh_6
   scghqh_7
   scghqh_8
   scghqh_10;
   CLASSES = c(2);

    KNOWNCLASS = c(no9= 1 2);
  WEIGHT IS pred_no9_w;

   ANALYSIS:


      TYPE = MIXTURE;

      ESTIMATOR = MLR;

      ALGORITHM = INTEGRATION;

      Processors = 8(starts);

      STARTS = 800 200;

   Model:


      %OVERALL%

  i s | scghqh_5@0 scghqh_6@1 scghqh_7@2 scghqh_8@3 scghqh_10@5;
   %c#1%
  [s] (a);
   s (b);
   s WITH i ;
   i ;

   %c#2%
  [s] (a);
   s (b);
   s WITH i ;
   i ;

   OUTPUT: SAMPSTAT;

                                  STDYX;




*** WARNING in VARIABLE command
  Note that only the first 8 characters of variable names are used in the output.
  Shorten variable names to avoid any confusion.
*** WARNING
  One or more observations has a value of 0 for the WEIGHT variable.
*** WARNING
  Data set contains unknown or missing values for variable NO9.
  This variable is used to determine the KNOWNCLASS specification.
  Number of such cases:  1664
*** WARNING
  Data set contains cases with missing on all variables.
  These cases were not included in the analysis.
  Number of cases with missing on all variables:  1
   4 WARNING(S) FOUND IN THE INPUT INSTRUCTIONS



Your title goes here

SUMMARY OF ANALYSIS

Number of groups                                                 1
Number of observations                                         392

Number of dependent variables                                    5
Number of independent variables                                  0
Number of continuous latent variables                            2
Number of categorical latent variables                           1

Observed dependent variables

  Binary and ordered categorical (ordinal)
   SCGHQH_5    SCGHQH_6    SCGHQH_7    SCGHQH_8    SCGHQH_1

Continuous latent variables
   I           S

Categorical latent variables
   C

  Knownclass            C

Variables with special functions

  Weight variable       PRED_NO9

Estimator                                                      MLR
Information matrix                                        OBSERVED
Optimization Specifications for the Quasi-Newton Algorithm for
Continuous Outcomes
  Maximum number of iterations                                 100
  Convergence criterion                                  0.100D-05
Optimization Specifications for the EM Algorithm
  Maximum number of iterations                                 500
  Convergence criteria
    Loglikelihood change                                 0.100D-02
    Relative loglikelihood change                        0.100D-05
    Derivative                                           0.100D-02
Optimization Specifications for the M step of the EM Algorithm for
Categorical Latent variables
  Number of M step iterations                                    1
  M step convergence criterion                           0.100D-02
  Basis for M step termination                           ITERATION
Optimization Specifications for the M step of the EM Algorithm for
Censored, Binary or Ordered Categorical (Ordinal), Unordered
Categorical (Nominal) and Count Outcomes
  Number of M step iterations                                    1
  M step convergence criterion                           0.100D-02
  Basis for M step termination                           ITERATION
  Maximum value for logit thresholds                            15
  Minimum value for logit thresholds                           -15
  Minimum expected cell size for chi-square              0.100D-01
Maximum number of iterations for H1                           2000
Convergence criterion for H1                             0.100D-03
Optimization algorithm                                         EMA
Integration Specifications
  Type                                                    STANDARD
  Number of integration points                                  15
  Dimensions of numerical integration                            2
  Adaptive quadrature                                           ON
Random Starts Specifications
  Number of initial stage random starts                        800
  Number of final stage optimizations                          200
  Number of initial stage iterations                            10
  Initial stage convergence criterion                    0.100D+01
  Random starts scale                                    0.500D+01
  Random seed for generating random starts                       0
Link                                                         LOGIT
Cholesky                                                        ON

Input data file(s)
  data.dta
Input data format  FREE


SUMMARY OF DATA

     Number of missing data patterns            30
     Number of y missing data patterns           0
     Number of u missing data patterns          30


COVARIANCE COVERAGE OF DATA

Minimum covariance coverage value   0.100


     PROPORTION OF DATA PRESENT FOR U


           Covariance Coverage
              SCGHQH_5      SCGHQH_6      SCGHQH_7      SCGHQH_8      SCGHQH_1
              ________      ________      ________      ________      ________
 SCGHQH_5       0.487
 SCGHQH_6       0.406         0.635
 SCGHQH_7       0.383         0.482         0.735
 SCGHQH_8       0.375         0.495         0.615         0.786
 SCGHQH_1       0.337         0.431         0.538         0.605         0.681


UNIVARIATE PROPORTIONS AND COUNTS FOR CATEGORICAL VARIABLES

    SCGHQH_5
      Category 1    0.028            6.517
      Category 2    0.833          193.568
      Category 3    0.095           22.069
      Category 4    0.044           10.219
    SCGHQH_6
      Category 1    0.061           19.209
      Category 2    0.805          253.389
      Category 3    0.110           34.529
      Category 4    0.025            7.799
    SCGHQH_7
      Category 1    0.054           15.955
      Category 2    0.907          266.809
      Category 3    0.035           10.399
      Category 4    0.004            1.056
    SCGHQH_8
      Category 1    0.045           13.299
      Category 2    0.866          255.264
      Category 3    0.069           20.194
      Category 4    0.020            5.941
    SCGHQH_1
      Category 1    0.031            7.622
      Category 2    0.864          212.631
      Category 3    0.078           19.184
      Category 4    0.027            6.574


SAMPLE STATISTICS

RANDOM STARTS RESULTS RANKED FROM THE BEST TO THE WORST LOGLIKELIHOOD VALUES

Final stage loglikelihood values at local maxima, seeds, and initial stage start numbers:

           -1026.111  966014           37
           -1026.111  327140           678
           -1026.111  991329           182
           -1026.111  51375            148
           -1026.111  694303           282
           -1026.111  850840           232
           -1026.111  267983           228
           -1026.114  58507            793
           -1026.116  88437            761
           -1026.120  910224           580

Unperturbed starting value run did not converge or was rejected in the third stage.

189 perturbed starting value run(s) did not converge or were rejected in the third stage.



THE BEST LOGLIKELIHOOD VALUE HAS BEEN REPLICATED.  RERUN WITH AT LEAST TWICE THE
RANDOM STARTS TO CHECK THAT THE BEST LOGLIKELIHOOD IS STILL OBTAINED AND REPLICATED.


THE MODEL ESTIMATION TERMINATED NORMALLY



MODEL FIT INFORMATION

Number of Free Parameters                       11

Loglikelihood

          H0 Value                       -1026.111
          H0 Scaling Correction Factor      1.7452
            for MLR

Information Criteria

          Akaike (AIC)                    2074.221
          Bayesian (BIC)                  2117.905
          Sample-Size Adjusted BIC        2083.002
            (n* = (n + 2) / 24)

Chi-Square Test of Model Fit for the Binary and Ordered Categorical
(Ordinal) Outcomes**

          Pearson Chi-Square

          Value                           1142.349
          Degrees of Freedom                  2023
          P-Value                           1.0000

          Likelihood Ratio Chi-Square

          Value                            375.600
          Degrees of Freedom                  2023
          P-Value                           1.0000

** Of the 3108 cells in the latent class indicator table, 8
   were deleted in the calculation of chi-square due to extreme values.

Chi-Square Test for MCAR under the Unrestricted Latent Class Indicator Model

          Pearson Chi-Square

          Value                            916.615
          Degrees of Freedom                  4109
          P-Value                           1.0000

          Likelihood Ratio Chi-Square

          Value                            717.991
          Degrees of Freedom                  4109
          P-Value                           1.0000



FINAL CLASS COUNTS AND PROPORTIONS FOR THE LATENT CLASSES
BASED ON THE ESTIMATED MODEL

    Latent
   Classes

       1        217.00000          0.55357
       2        175.00000          0.44643


MODEL RESULTS

                                                    Two-Tailed
                    Estimate       S.E.  Est./S.E.    P-Value

Latent Class 1 (1)

 I        |
    SCGHQH_5           1.000      0.000    999.000    999.000
    SCGHQH_6           1.000      0.000    999.000    999.000
    SCGHQH_7           1.000      0.000    999.000    999.000
    SCGHQH_8           1.000      0.000    999.000    999.000
    SCGHQH_10          1.000      0.000    999.000    999.000

 S        |
    SCGHQH_5           0.000      0.000    999.000    999.000
    SCGHQH_6           1.000      0.000    999.000    999.000
    SCGHQH_7           2.000      0.000    999.000    999.000
    SCGHQH_8           3.000      0.000    999.000    999.000
    SCGHQH_10          5.000      0.000    999.000    999.000

 S        WITH
    I                 -0.040      0.257     -0.156      0.876

 Means
    I                 -0.195      0.205     -0.948      0.343
    S                 -0.036      0.056     -0.635      0.525

 Thresholds
    SCGHQH_5$1        -3.585      0.364     -9.841      0.000
    SCGHQH_5$2         2.354      0.257      9.157      0.000
    SCGHQH_5$3         4.049      0.377     10.749      0.000
    SCGHQH_6$1        -3.585      0.364     -9.841      0.000
    SCGHQH_6$2         2.354      0.257      9.157      0.000
    SCGHQH_6$3         4.049      0.377     10.749      0.000
    SCGHQH_7$1        -3.585      0.364     -9.841      0.000
    SCGHQH_7$2         2.354      0.257      9.157      0.000
    SCGHQH_7$3         4.049      0.377     10.749      0.000
    SCGHQH_8$1        -3.585      0.364     -9.841      0.000
    SCGHQH_8$2         2.354      0.257      9.157      0.000
    SCGHQH_8$3         4.049      0.377     10.749      0.000
    SCGHQH_1$1        -3.585      0.364     -9.841      0.000
    SCGHQH_1$2         2.354      0.257      9.157      0.000
    SCGHQH_1$3         4.049      0.377     10.749      0.000

 Variances
    I                  0.550      1.052      0.523      0.601
    S                  0.023      0.076      0.306      0.760

Latent Class 2 (2)

 I        |
    SCGHQH_5           1.000      0.000    999.000    999.000
    SCGHQH_6           1.000      0.000    999.000    999.000
    SCGHQH_7           1.000      0.000    999.000    999.000
    SCGHQH_8           1.000      0.000    999.000    999.000
    SCGHQH_10          1.000      0.000    999.000    999.000

 S        |
    SCGHQH_5           0.000      0.000    999.000    999.000
    SCGHQH_6           1.000      0.000    999.000    999.000
    SCGHQH_7           2.000      0.000    999.000    999.000
    SCGHQH_8           3.000      0.000    999.000    999.000
    SCGHQH_10          5.000      0.000    999.000    999.000

 S        WITH
    I                 -0.160      0.230     -0.694      0.488

 Means
    I                  0.000      0.000    999.000    999.000
    S                 -0.036      0.056     -0.635      0.525

 Thresholds
    SCGHQH_5$1        -3.585      0.364     -9.841      0.000
    SCGHQH_5$2         2.354      0.257      9.157      0.000
    SCGHQH_5$3         4.049      0.377     10.749      0.000
    SCGHQH_6$1        -3.585      0.364     -9.841      0.000
    SCGHQH_6$2         2.354      0.257      9.157      0.000
    SCGHQH_6$3         4.049      0.377     10.749      0.000
    SCGHQH_7$1        -3.585      0.364     -9.841      0.000
    SCGHQH_7$2         2.354      0.257      9.157      0.000
    SCGHQH_7$3         4.049      0.377     10.749      0.000
    SCGHQH_8$1        -3.585      0.364     -9.841      0.000
    SCGHQH_8$2         2.354      0.257      9.157      0.000
    SCGHQH_8$3         4.049      0.377     10.749      0.000
    SCGHQH_1$1        -3.585      0.364     -9.841      0.000
    SCGHQH_1$2         2.354      0.257      9.157      0.000
    SCGHQH_1$3         4.049      0.377     10.749      0.000

 Variances
    I                  1.702      0.940      1.811      0.070
    S                  0.023      0.076      0.306      0.760

Categorical Latent Variables

 Means
    C#1                0.215      0.121      1.776      0.076


QUALITY OF NUMERICAL RESULTS

     Condition Number for the Information Matrix              0.316E-03
       (ratio of smallest to largest eigenvalue)


RESULTS IN PROBABILITY SCALE

                    Estimate

Latent Class 1 (1)

 SCGHQH_5
    Category 1         0.041
    Category 2         0.870
    Category 3         0.070
    Category 4         0.018
 SCGHQH_6
    Category 1         0.042
    Category 2         0.874
    Category 3         0.067
    Category 4         0.017
 SCGHQH_7
    Category 1         0.043
    Category 2         0.876
    Category 3         0.065
    Category 4         0.017
 SCGHQH_8
    Category 1         0.045
    Category 2         0.875
    Category 3         0.063
    Category 4         0.016
 SCGHQH_10
    Category 1         0.052
    Category 2         0.868
    Category 3         0.064
    Category 4         0.017

Latent Class 2 (2)

 SCGHQH_5
    Category 1         0.053
    Category 2         0.809
    Category 3         0.103
    Category 4         0.035
 SCGHQH_6
    Category 1         0.049
    Category 2         0.824
    Category 3         0.096
    Category 4         0.031
 SCGHQH_7
    Category 1         0.047
    Category 2         0.837
    Category 3         0.090
    Category 4         0.027
 SCGHQH_8
    Category 1         0.045
    Category 2         0.848
    Category 3         0.084
    Category 4         0.024
 SCGHQH_10
    Category 1         0.043
    Category 2         0.864
    Category 3         0.074
    Category 4         0.020


LATENT CLASS INDICATOR ODDS RATIOS FOR THE LATENT CLASSES

                                                95% C.I.
                    Estimate       S.E.  Lower 2.5% Upper 2.5%

Latent Class 1 Compared to Latent Class 2

 SCGHQH_5
    Category > 1       1.000      0.000      1.000      1.000
    Category > 2       1.000      0.000      1.000      1.000
    Category > 3       1.000      0.000      1.000      1.000
 SCGHQH_6
    Category > 1       1.000      0.000      1.000      1.000
    Category > 2       1.000      0.000      1.000      1.000
    Category > 3       1.000      0.000      1.000      1.000
 SCGHQH_7
    Category > 1       1.000      0.000      1.000      1.000
    Category > 2       1.000      0.000      1.000      1.000
    Category > 3       1.000      0.000      1.000      1.000
 SCGHQH_8
    Category > 1       1.000      0.000      1.000      1.000
    Category > 2       1.000      0.000      1.000      1.000
    Category > 3       1.000      0.000      1.000      1.000
 SCGHQH_1
    Category > 1       1.000      0.000      1.000      1.000
    Category > 2       1.000      0.000      1.000      1.000
    Category > 3       1.000      0.000      1.000      1.000


STANDARDIZED MODEL RESULTS


STDYX Standardization

                                                    Two-Tailed
                    Estimate       S.E.  Est./S.E.    P-Value

Latent Class 1 (1)

 I        |
    SCGHQH_5           0.378      0.310      1.220      0.222
    SCGHQH_6           0.381      0.333      1.146      0.252
    SCGHQH_7           0.382      0.348      1.097      0.272
    SCGHQH_8           0.380      0.355      1.070      0.285
    SCGHQH_10          0.370      0.346      1.070      0.285

 S        |
    SCGHQH_5           0.000      0.000    999.000    999.000
    SCGHQH_6           0.078      0.123      0.635      0.525
    SCGHQH_7           0.156      0.251      0.623      0.533
    SCGHQH_8           0.234      0.378      0.618      0.536
    SCGHQH_10          0.379      0.601      0.630      0.528

 S        WITH
    I                 -0.356      1.465     -0.243      0.808

 Means
    I                 -0.263      0.394     -0.667      0.505
    S                 -0.235      0.496     -0.473      0.636

 Thresholds
    SCGHQH_5$1        -1.830      0.204     -8.963      0.000
    SCGHQH_5$2         1.201      0.161      7.441      0.000
    SCGHQH_5$3         2.066      0.309      6.687      0.000
    SCGHQH_6$1        -1.843      0.151    -12.210      0.000
    SCGHQH_6$2         1.210      0.126      9.571      0.000
    SCGHQH_6$3         2.082      0.230      9.031      0.000
    SCGHQH_7$1        -1.846      0.144    -12.786      0.000
    SCGHQH_7$2         1.212      0.117     10.340      0.000
    SCGHQH_7$3         2.085      0.190     10.953      0.000
    SCGHQH_8$1        -1.838      0.156    -11.789      0.000
    SCGHQH_8$2         1.206      0.120     10.038      0.000
    SCGHQH_8$3         2.075      0.177     11.756      0.000
    SCGHQH_1$1        -1.789      0.182     -9.820      0.000
    SCGHQH_1$2         1.175      0.136      8.615      0.000
    SCGHQH_1$3         2.020      0.198     10.193      0.000

 Variances
    I                  1.000      0.000    999.000    999.000
    S                  1.000      0.000    999.000    999.000

Latent Class 2 (2)

 I        |
    SCGHQH_5           0.584      0.106      5.495      0.000
    SCGHQH_6           0.602      0.129      4.675      0.000
    SCGHQH_7           0.619      0.147      4.210      0.000
    SCGHQH_8           0.633      0.159      3.992      0.000
    SCGHQH_10          0.655      0.160      4.087      0.000

 S        |
    SCGHQH_5           0.000      0.000    999.000    999.000
    SCGHQH_6           0.070      0.112      0.628      0.530
    SCGHQH_7           0.144      0.232      0.620      0.535
    SCGHQH_8           0.221      0.358      0.619      0.536
    SCGHQH_10          0.381      0.599      0.637      0.524

 S        WITH
    I                 -0.806      0.588     -1.370      0.171

 Means
    I                  0.000      0.000    999.000    999.000
    S                 -0.235      0.496     -0.473      0.636

 Thresholds
    SCGHQH_5$1        -1.605      0.129    -12.437      0.000
    SCGHQH_5$2         1.054      0.113      9.329      0.000
    SCGHQH_5$3         1.812      0.177     10.249      0.000
    SCGHQH_6$1        -1.655      0.119    -13.905      0.000
    SCGHQH_6$2         1.086      0.107     10.126      0.000
    SCGHQH_6$3         1.868      0.155     12.041      0.000
    SCGHQH_7$1        -1.701      0.126    -13.479      0.000
    SCGHQH_7$2         1.116      0.111     10.017      0.000
    SCGHQH_7$3         1.920      0.157     12.204      0.000
    SCGHQH_8$1        -1.741      0.135    -12.880      0.000
    SCGHQH_8$2         1.143      0.119      9.640      0.000
    SCGHQH_8$3         1.966      0.172     11.397      0.000
    SCGHQH_1$1        -1.799      0.166    -10.819      0.000
    SCGHQH_1$2         1.181      0.145      8.125      0.000
    SCGHQH_1$3         2.032      0.245      8.297      0.000

 Variances
    I                  1.000      0.000    999.000    999.000
    S                  1.000      0.000    999.000    999.000


R-SQUARE

Class 1

    Observed                                        Two-Tailed
    Variable        Estimate       S.E.  Est./S.E.    P-Value

    SCGHQH_5           0.143      0.235      0.610      0.542
    SCGHQH_6           0.130      0.152      0.860      0.390
    SCGHQH_7           0.128      0.106      1.206      0.228
    SCGHQH_8           0.136      0.105      1.291      0.197
    SCGHQH_1           0.181      0.174      1.040      0.298

Class 2

    Observed                                        Two-Tailed
    Variable        Estimate       S.E.  Est./S.E.    P-Value

    SCGHQH_5           0.341      0.124      2.748      0.006
    SCGHQH_6           0.299      0.093      3.234      0.001
    SCGHQH_7           0.260      0.081      3.213      0.001
    SCGHQH_8           0.224      0.093      2.401      0.016
    SCGHQH_1           0.172      0.188      0.915      0.360


     Beginning Time:  09:49:34
        Ending Time:  09:53:09
       Elapsed Time:  00:03:35



MUTHEN & MUTHEN
3463 Stoner Ave.
Los Angeles, CA  90066

Tel: (310) 391-9971
Fax: (310) 391-8971
Web: www.StatModel.com
Support: Support@StatModel.com

Copyright (c) 1998-2021 Muthen & Muthen
