Mplus VERSION 8.6
MUTHEN & MUTHEN
07/12/2021   8:11 PM

INPUT INSTRUCTIONS

  TITLE: Your title goes here

   DATA: FILE = data.dta;

   VARIABLE:

   NAMES = pidp gridmode mm hidp_5 hidp_6 hidp_7 hidp_8 hidp_9 hidp_10 indmode_5
       indmode_6 indmode_7 indmode_8 indmode_9 indmode_10 mode_type_all mode_type_no9
       mode_type_567 mode_type_7 all no9 p567 p7 switch_all switch_no9 switch_567
       switch_7 lkmove_5 xpmove_5 caruse_5 mobuse_5 netpuse_5 aidxhh_5 jbhas_5 j2has_5
       finnow_5 finfut_5 howlng_5 vote1_5 vote6_5 scsf1_5 scsf2a_5 scsf2b_5 scsf3a_5
       scsf3b_5 scsf4a_5 scsf4b_5 scsf5_5 scsf6a_5 scsf6b_5 scsf6c_5 scsf7_5 scghqa_5
       scghqb_5 scghqc_5 scghqd_5 scghqe_5 scghqf_5 scghqg_5 scghqh_5 scghqi_5
       scghqj_5 scghqk_5 scghql_5 lkmove_6 xpmove_6 caruse_6 mobuse_6 netpuse_6
       aidxhh_6 jbhas_6 j2has_6 finnow_6 finfut_6 howlng_6 vote1_6 vote6_6 scsf1_6
       scsf2a_6 scsf2b_6 scsf3a_6 scsf3b_6 scsf4a_6 scsf4b_6 scsf5_6 scsf6a_6 scsf6b_6
       scsf6c_6 scsf7_6 scghqa_6 scghqb_6 scghqc_6 scghqd_6 scghqe_6 scghqf_6 scghqg_6
       scghqh_6 scghqi_6 scghqj_6 scghqk_6 scghql_6 lkmove_7 xpmove_7 caruse_7
       mobuse_7 netpuse_7 smoker_7 aidxhh_7 jbhas_7 jbterm1_7 jbsemp_7 j2has_7
       fiyrdia_7 finnow_7 finfut_7 howlng_7 vote1_7 vote6_7 scsf2a_7 scsf2b_7 scsf3a_7
       scsf3b_7 scsf4a_7 scsf4b_7 scsf5_7 scsf6a_7 scsf6b_7 scsf6c_7 scsf7_7 scghqa_7
       scghqb_7 scghqc_7 scghqd_7 scghqe_7 scghqf_7 scghqg_7 scghqh_7 scghqi_7
       scghqj_7 scghqk_7 scghql_7 scsf1_7 lkmove_8 xpmove_8 caruse_8 mobuse_8
       netpuse_8 smoker_8 aidxhh_8 jbhas_8 jbterm1_8 jbsemp_8 j2has_8 fiyrdia_8
       finnow_8 finfut_8 scsf2a_8 scsf2b_8 scsf3a_8 scsf3b_8 scsf4a_8 scsf4b_8 scsf5_8
       scsf6a_8 scsf6b_8 scsf6c_8 scsf7_8 scghqa_8 scghqb_8 scghqc_8 scghqd_8 scghqe_8
       scghqf_8 scghqg_8 scghqh_8 scghqi_8 scghqj_8 scghqk_8 scghql_8 scsf1_8 mobuse_9
       netpuse_9 smoker_9 jbhas_9 jbterm1_9 jbsemp_9 j2has_9 fiyrdia_9 finnow_9
       finfut_9 lkmove_10 xpmove_10 mobuse_10 netpuse_10 smoker_10 aidxhh_10 jbhas_10
       jbterm1_10 jbsemp_10 j2has_10 fiyrdia_10 finnow_10 finfut_10 scsf1_10 scsf2a_10
       scsf2b_10 scsf3a_10 scsf3b_10 scsf4a_10 scsf4b_10 scsf5_10 scsf6a_10 scsf6b_10
       scsf6c_10 scsf7_10 scghqa_10 scghqb_10 scghqc_10 scghqd_10 scghqe_10 scghqf_10
       scghqg_10 scghqh_10 scghqi_10 scghqj_10 scghqk_10 scghql_10 edu agecat female
       partner sf1 longill london north urban refresh Higher A level GCSE Other age_35
       age_55 age_75 age_102 pred_all pred_no9 pred_p567 pred_p7 pred_all_w pred_no9_w
       pred_p567_w pred_p7_w;

   MISSING=.;

   USEVARIABLES ARE
   scsf5_5
   scsf5_6
   scsf5_7
   scsf5_8
   scsf5_10;
   CLASSES = c(2);

    KNOWNCLASS = c(no9= 1 2);
  WEIGHT IS pred_no9_w;

   ANALYSIS:


      TYPE = MIXTURE;

      ESTIMATOR = MLR;

      ALGORITHM = INTEGRATION;

      Processors = 8(starts);

      STARTS = 800 200;

   Model:


      %OVERALL%

  i s | scsf5_5@0 scsf5_6@1 scsf5_7@2 scsf5_8@3 scsf5_10@5;;

  scsf5_5 (a);
   scsf5_6 (a);
   scsf5_7 (a);
   scsf5_8 (a);
   scsf5_10 (a);

   %c#1%
  [s] ;
   s ;
   s WITH i ;
   i ;

   %c#2%
  [s] ;
   s ;
   s WITH i ;
   i ;

   OUTPUT: SAMPSTAT;

                                  STDYX;




*** WARNING
  One or more observations has a value of 0 for the WEIGHT variable.
*** WARNING
  Data set contains unknown or missing values for variable NO9.
  This variable is used to determine the KNOWNCLASS specification.
  Number of such cases:  111
*** WARNING
  Data set contains cases with missing on all variables.
  These cases were not included in the analysis.
  Number of cases with missing on all variables:  101
   3 WARNING(S) FOUND IN THE INPUT INSTRUCTIONS



Your title goes here

SUMMARY OF ANALYSIS

Number of groups                                                 1
Number of observations                                        1845

Number of dependent variables                                    5
Number of independent variables                                  0
Number of continuous latent variables                            2
Number of categorical latent variables                           1

Observed dependent variables

  Continuous
   SCSF5_5     SCSF5_6     SCSF5_7     SCSF5_8     SCSF5_10

Continuous latent variables
   I           S

Categorical latent variables
   C

  Knownclass            C

Variables with special functions

  Weight variable       PRED_NO9

Estimator                                                      MLR
Information matrix                                        OBSERVED
Optimization Specifications for the Quasi-Newton Algorithm for
Continuous Outcomes
  Maximum number of iterations                                 100
  Convergence criterion                                  0.100D-05
Optimization Specifications for the EM Algorithm
  Maximum number of iterations                                 500
  Convergence criteria
    Loglikelihood change                                 0.100D-02
    Relative loglikelihood change                        0.100D-05
    Derivative                                           0.100D-02
Optimization Specifications for the M step of the EM Algorithm for
Categorical Latent variables
  Number of M step iterations                                    1
  M step convergence criterion                           0.100D-02
  Basis for M step termination                           ITERATION
Optimization Specifications for the M step of the EM Algorithm for
Censored, Binary or Ordered Categorical (Ordinal), Unordered
Categorical (Nominal) and Count Outcomes
  Number of M step iterations                                    1
  M step convergence criterion                           0.100D-02
  Basis for M step termination                           ITERATION
  Maximum value for logit thresholds                            15
  Minimum value for logit thresholds                           -15
  Minimum expected cell size for chi-square              0.100D-01
Maximum number of iterations for H1                           2000
Convergence criterion for H1                             0.100D-03
Optimization algorithm                                         EMA
Integration Specifications
  Type                                                    STANDARD
  Number of integration points                                  15
  Dimensions of numerical integration                            0
  Adaptive quadrature                                           ON
Random Starts Specifications
  Number of initial stage random starts                        800
  Number of final stage optimizations                          200
  Number of initial stage iterations                            10
  Initial stage convergence criterion                    0.100D+01
  Random starts scale                                    0.500D+01
  Random seed for generating random starts                       0
Cholesky                                                       OFF

Input data file(s)
  data.dta
Input data format  FREE


SUMMARY OF DATA

     Number of missing data patterns            31
     Number of y missing data patterns          31
     Number of u missing data patterns           0


COVARIANCE COVERAGE OF DATA

Minimum covariance coverage value   0.100


     PROPORTION OF DATA PRESENT FOR Y


           Covariance Coverage
              SCSF5_5       SCSF5_6       SCSF5_7       SCSF5_8       SCSF5_10
              ________      ________      ________      ________      ________
 SCSF5_5        0.385
 SCSF5_6        0.292         0.457
 SCSF5_7        0.266         0.340         0.598
 SCSF5_8        0.254         0.328         0.478         0.584
 SCSF5_10       0.224         0.289         0.403         0.435         0.648


SAMPLE STATISTICS


     ESTIMATED SAMPLE STATISTICS FOR CLASS 1


           Means
              SCSF5_5       SCSF5_6       SCSF5_7       SCSF5_8       SCSF5_10
              ________      ________      ________      ________      ________
                1.999         1.992         1.934         2.007         2.085


           Covariances
              SCSF5_5       SCSF5_6       SCSF5_7       SCSF5_8       SCSF5_10
              ________      ________      ________      ________      ________
 SCSF5_5        1.597
 SCSF5_6        0.928         1.367
 SCSF5_7        0.769         0.777         1.343
 SCSF5_8        0.882         0.747         0.817         1.450
 SCSF5_10       0.960         0.923         0.769         0.945         1.407


           Correlations
              SCSF5_5       SCSF5_6       SCSF5_7       SCSF5_8       SCSF5_10
              ________      ________      ________      ________      ________
 SCSF5_5        1.000
 SCSF5_6        0.628         1.000
 SCSF5_7        0.525         0.573         1.000
 SCSF5_8        0.580         0.531         0.586         1.000
 SCSF5_10       0.641         0.666         0.560         0.662         1.000


     ESTIMATED SAMPLE STATISTICS FOR CLASS 2


           Means
              SCSF5_5       SCSF5_6       SCSF5_7       SCSF5_8       SCSF5_10
              ________      ________      ________      ________      ________
                1.770         1.840         1.668         1.784         1.842


           Covariances
              SCSF5_5       SCSF5_6       SCSF5_7       SCSF5_8       SCSF5_10
              ________      ________      ________      ________      ________
 SCSF5_5        0.989
 SCSF5_6        0.616         1.113
 SCSF5_7        0.481         0.526         0.891
 SCSF5_8        0.541         0.618         0.482         1.029
 SCSF5_10       0.540         0.612         0.383         0.582         1.040


           Correlations
              SCSF5_5       SCSF5_6       SCSF5_7       SCSF5_8       SCSF5_10
              ________      ________      ________      ________      ________
 SCSF5_5        1.000
 SCSF5_6        0.587         1.000
 SCSF5_7        0.512         0.529         1.000
 SCSF5_8        0.537         0.578         0.503         1.000
 SCSF5_10       0.532         0.569         0.398         0.562         1.000


UNIVARIATE SAMPLE STATISTICS


     UNIVARIATE HIGHER-ORDER MOMENT DESCRIPTIVE STATISTICS

         Variable/         Mean/     Skewness/   Minimum/ % with                Percentiles
        Sample Size      Variance    Kurtosis    Maximum  Min/Max      20%/60%    40%/80%    Median

     SCSF5_5               1.893       1.250       1.000   56.34%       1.000      1.000      1.000
             710.000       1.373       0.555       5.000    3.10%       2.000      2.000
     SCSF5_6               1.942       1.030       1.000   52.61%       1.000      1.000      1.000
             844.000       1.306      -0.047       5.000    2.49%       2.000      2.000
     SCSF5_7               1.829       1.271       1.000   56.97%       1.000      1.000      1.000
            1104.000       1.220       0.661       5.000    2.45%       2.000      2.000
     SCSF5_8               1.923       1.120       1.000   54.50%       1.000      1.000      1.000
            1077.000       1.297       0.299       5.000    2.14%       2.000      2.000
     SCSF5_10              1.975       0.982       1.000   52.42%       1.000      1.000      1.000
            1196.000       1.297      -0.088       5.000    2.51%       2.000      2.000

RANDOM STARTS RESULTS RANKED FROM THE BEST TO THE WORST LOGLIKELIHOOD VALUES

Final stage loglikelihood values at local maxima, seeds, and initial stage start numbers:

           -8977.839  488125           368
           -8977.839  783102           433
           -8977.839  688839           273
           -8977.839  148918           682
           -8977.839  72662            729
           -8977.839  140849           515
           -8977.839  468036           131
           -8977.839  315029           471
           -8977.839  887676           22
           -8977.839  345726           461
           -8977.839  775881           778
           -8977.839  438144           271
           -8977.839  264901           634
           -8977.839  637345           19
           -8977.839  702492           718
           -8977.839  76451            211
           -8977.839  609089           241
           -8977.839  80438            246
           -8977.839  175199           247
           -8977.839  790452           303
           -8977.839  602032           648
           -8977.839  599729           658
           -8977.839  82357            339
           -8977.839  574412           679
           -8977.839  318230           46
           -8977.839  153053           378
           -8977.839  61587            400
           -8977.839  973369           202
           -8977.839  275475           413
           -8977.839  686482           215
           -8977.839  499150           216
           -8977.839  673496           218
           -8977.839  766903           505
           -8977.839  321390           133
           -8977.839  931874           141
           -8977.839  157351           579
           -8977.839  81117            305
           -8977.839  484687           306
           -8977.839  285380           1
           -8977.839  237332           661
           -8977.839  273992           349
           -8977.839  3307             735
           -8977.839  40340            188
           -8977.839  55115            408
           -8977.839  484406           421
           -8977.839  89970            223
           -8977.839  887580           493
           -8977.839  603842           61
           -8977.839  422103           62
           -8977.839  349263           263
           -8977.839  987090           70
           -8977.839  150531           154
           -8977.839  851945           18
           -8977.839  343926           624
           -8977.839  617658           660
           -8977.839  373702           669
           -8977.839  780698           337
           -8977.839  950604           172
           -8977.839  669639           699
           -8977.839  991329           182
           -8977.839  579995           183
           -8977.839  710445           792
           -8977.839  364676           27
           -8977.839  314034           513
           -8977.839  437181           135
           -8977.839  387701           275
           -8977.839  491970           563
           -8977.839  848356           602
           -8977.839  313306           612
           -8977.839  852283           616
           -8977.839  391179           78
           -8977.839  396795           323
           -8977.839  849670           347
           -8977.839  765586           709
           -8977.839  801717           364
           -8977.839  875667           367
           -8977.839  846194           93
           -8977.839  326091           759
           -8977.839  590834           785
           -8977.839  853195           431
           -8977.839  466971           109
           -8977.839  195873           6
           -8977.839  814975           129
           -8977.839  161421           519
           -8977.839  486622           522
           -8977.839  93468            3
           -8977.839  831410           567
           -8977.839  486646           586
           -8977.839  344422           296
           -8977.839  462228           298
           -8977.839  342019           301
           -8977.839  941525           609
           -8977.839  939021           8
           -8977.839  76337            76
           -8977.839  626087           314
           -8977.839  62835            642
           -8977.839  266038           672
           -8977.839  573096           20
           -8977.839  303634           169
           -8977.839  529496           343
           -8977.839  374219           353
           -8977.839  963053           43
           -8977.839  526324           178
           -8977.839  563002           360
           -8977.839  317868           740
           -8977.839  308582           752
           -8977.839  570782           193
           -8977.839  501995           791
           -8977.839  576596           99
           -8977.839  700349           401
           -8977.839  575700           100
           -8977.839  596257           405
           -8977.839  605161           409
           -8977.839  190339           102
           -8977.839  399508           415
           -8977.839  173191           422
           -8977.839  505879           424
           -8977.839  762461           425
           -8977.839  25127            107
           -8977.839  640833           434
           -8977.839  751153           110
           -8977.839  508482           446
           -8977.839  416463           467
           -8977.839  170118           238
           -8977.839  760878           249
           -8977.839  311214           64
           -8977.839  unperturbed      0
           -8977.839  473942           574
           -8977.839  784664           75
           -8977.839  373815           618
           -8977.839  738393           619
           -8977.839  345974           622
           -8977.839  696773           80
           -8977.839  552272           654
           -8977.839  662983           666
           -8977.839  848590           694
           -8977.839  204959           695
           -8977.839  856612           700
           -8977.839  608496           4
           -8977.839  193847           354
           -8977.839  284716           713
           -8977.839  46502            714
           -8977.839  853781           716
           -8977.839  462821           745
           -8977.839  659832           754
           -8977.839  570908           98
           -8977.839  918558           412
           -8977.839  637095           207
           -8977.839  57226            208
           -8977.839  100874           108
           -8977.839  404510           442
           -8977.839  614535           449
           -8977.839  53621            483
           -8977.839  635245           121
           -8977.839  252346           528
           -8977.839  331681           549
           -8977.839  576726           280
           -8977.839  694303           282
           -8977.839  566739           575
           -8977.839  512836           289
           -8977.839  92564            583
           -8977.839  211281           292
           -8977.839  130011           587
           -8977.839  878749           728
           -8977.839  760850           739
           -8977.839  264081           186
           -8977.839  765392           382
           -8977.839  595619           779
           -8977.839  21345            199
           -8977.839  30098            209
           -8977.839  70118            104
           -8977.839  518828           432
           -8977.839  399380           436
           -8977.839  939709           112
           -8977.839  898745           466
           -8977.839  213532           503
           -8977.839  933578           506
           -8977.839  378393           509
           -8977.839  379729           512
           -8977.839  742609           531
           -8977.839  351622           551
           -8977.839  358074           560
           -8977.839  22089            143
           -8977.839  158612           581
           -8977.839  505244           582
           -8977.839  879338           309
           -8977.839  798839           312
           -8977.839  193042           316
           -8977.839  724519           333
           -8977.839  836515           341
           -8977.839  77210            712
           -8977.839  478341           731
           -8977.839  244349           736
           -8977.839  370481           742
           -8977.839  549244           756
           -8977.839  118438           601
           -8977.839  371246           101
           -8977.839  964570           701
           -8977.839  36714            201
           -8977.839  294669           501



THE BEST LOGLIKELIHOOD VALUE HAS BEEN REPLICATED.  RERUN WITH AT LEAST TWICE THE
RANDOM STARTS TO CHECK THAT THE BEST LOGLIKELIHOOD IS STILL OBTAINED AND REPLICATED.


THE MODEL ESTIMATION TERMINATED NORMALLY

     WARNING:  THE LATENT VARIABLE COVARIANCE MATRIX (PSI) IS NOT POSITIVE
     DEFINITE.  THIS COULD INDICATE A NEGATIVE VARIANCE/RESIDUAL VARIANCE FOR A
     LATENT VARIABLE, A CORRELATION GREATER OR EQUAL TO ONE BETWEEN TWO LATENT
     VARIABLES, OR A LINEAR DEPENDENCY AMONG MORE THAN TWO LATENT VARIABLES.
     CHECK THE TECH4 OUTPUT FOR MORE INFORMATION.



MODEL FIT INFORMATION

Number of Free Parameters                       12

Loglikelihood

          H0 Value                       -8977.839
          H0 Scaling Correction Factor      2.7703
            for MLR

Information Criteria

          Akaike (AIC)                   17979.678
          Bayesian (BIC)                 18045.921
          Sample-Size Adjusted BIC       18007.798
            (n* = (n + 2) / 24)



FINAL CLASS COUNTS AND PROPORTIONS FOR THE LATENT CLASSES
BASED ON THE ESTIMATED MODEL

    Latent
   Classes

       1       1305.00000          0.70732
       2        540.00000          0.29268


MODEL RESULTS

                                                    Two-Tailed
                    Estimate       S.E.  Est./S.E.    P-Value

Latent Class 1 (1)

 I        |
    SCSF5_5            1.000      0.000    999.000    999.000
    SCSF5_6            1.000      0.000    999.000    999.000
    SCSF5_7            1.000      0.000    999.000    999.000
    SCSF5_8            1.000      0.000    999.000    999.000
    SCSF5_10           1.000      0.000    999.000    999.000

 S        |
    SCSF5_5            0.000      0.000    999.000    999.000
    SCSF5_6            1.000      0.000    999.000    999.000
    SCSF5_7            2.000      0.000    999.000    999.000
    SCSF5_8            3.000      0.000    999.000    999.000
    SCSF5_10           5.000      0.000    999.000    999.000

 S        WITH
    I                 -0.002      0.021     -0.097      0.922

 Means
    I                  1.966      0.057     34.606      0.000
    S                  0.017      0.013      1.278      0.201

 Intercepts
    SCSF5_5            0.000      0.000    999.000    999.000
    SCSF5_6            0.000      0.000    999.000    999.000
    SCSF5_7            0.000      0.000    999.000    999.000
    SCSF5_8            0.000      0.000    999.000    999.000
    SCSF5_10           0.000      0.000    999.000    999.000

 Variances
    I                  0.869      0.097      8.956      0.000
    S                  0.000      0.007      0.052      0.959

 Residual Variances
    SCSF5_5            0.545      0.036     15.000      0.000
    SCSF5_6            0.545      0.036     15.000      0.000
    SCSF5_7            0.545      0.036     15.000      0.000
    SCSF5_8            0.545      0.036     15.000      0.000
    SCSF5_10           0.545      0.036     15.000      0.000

Latent Class 2 (2)

 I        |
    SCSF5_5            1.000      0.000    999.000    999.000
    SCSF5_6            1.000      0.000    999.000    999.000
    SCSF5_7            1.000      0.000    999.000    999.000
    SCSF5_8            1.000      0.000    999.000    999.000
    SCSF5_10           1.000      0.000    999.000    999.000

 S        |
    SCSF5_5            0.000      0.000    999.000    999.000
    SCSF5_6            1.000      0.000    999.000    999.000
    SCSF5_7            2.000      0.000    999.000    999.000
    SCSF5_8            3.000      0.000    999.000    999.000
    SCSF5_10           5.000      0.000    999.000    999.000

 S        WITH
    I                  0.007      0.016      0.408      0.683

 Means
    I                  1.764      0.051     34.803      0.000
    S                  0.010      0.011      0.913      0.361

 Intercepts
    SCSF5_5            0.000      0.000    999.000    999.000
    SCSF5_6            0.000      0.000    999.000    999.000
    SCSF5_7            0.000      0.000    999.000    999.000
    SCSF5_8            0.000      0.000    999.000    999.000
    SCSF5_10           0.000      0.000    999.000    999.000

 Variances
    I                  0.519      0.087      5.992      0.000
    S                 -0.004      0.005     -0.713      0.476

 Residual Variances
    SCSF5_5            0.545      0.036     15.000      0.000
    SCSF5_6            0.545      0.036     15.000      0.000
    SCSF5_7            0.545      0.036     15.000      0.000
    SCSF5_8            0.545      0.036     15.000      0.000
    SCSF5_10           0.545      0.036     15.000      0.000

Categorical Latent Variables

 Means
    C#1                0.882      0.066     13.367      0.000


QUALITY OF NUMERICAL RESULTS

     Condition Number for the Information Matrix              0.688E-03
       (ratio of smallest to largest eigenvalue)


STANDARDIZED MODEL RESULTS


STDYX Standardization

                                                    Two-Tailed
                    Estimate       S.E.  Est./S.E.    P-Value

Latent Class 1 (1)

 I        |
    SCSF5_5            0.784      0.022     35.736      0.000
    SCSF5_6            0.785      0.030     26.558      0.000
    SCSF5_7            0.786      0.036     21.751      0.000
    SCSF5_8            0.787      0.041     19.140      0.000
    SCSF5_10           0.787      0.049     16.147      0.000

 S        |
    SCSF5_5            0.000      0.000    999.000    999.000
    SCSF5_6            0.016      0.152      0.103      0.918
    SCSF5_7            0.031      0.304      0.103      0.918
    SCSF5_8            0.047      0.457      0.103      0.918
    SCSF5_10           0.079      0.761      0.103      0.918

 S        WITH
    I                 -0.120      0.757     -0.158      0.874

 Means
    I                  2.108      0.092     22.879      0.000
    S                  0.917      8.970      0.102      0.919

 Intercepts
    SCSF5_5            0.000      0.000    999.000    999.000
    SCSF5_6            0.000      0.000    999.000    999.000
    SCSF5_7            0.000      0.000    999.000    999.000
    SCSF5_8            0.000      0.000    999.000    999.000
    SCSF5_10           0.000      0.000    999.000    999.000

 Variances
    I                  1.000      0.000    999.000    999.000
    S                  1.000      0.000    999.000    999.000

 Residual Variances
    SCSF5_5            0.385      0.034     11.199      0.000
    SCSF5_6            0.386      0.029     13.189      0.000
    SCSF5_7            0.387      0.028     13.958      0.000
    SCSF5_8            0.388      0.029     13.394      0.000
    SCSF5_10           0.389      0.039      9.940      0.000

Latent Class 2 (2)

 I        |
    SCSF5_5            0.698      0.035     19.982      0.000
    SCSF5_6            0.695      0.042     16.650      0.000
    SCSF5_7            0.695      0.047     14.654      0.000
    SCSF5_8            0.696      0.052     13.446      0.000
    SCSF5_10           0.707      0.059     11.943      0.000

 S        |
    SCSF5_5          999.000    999.000    999.000    999.000
    SCSF5_6          999.000    999.000    999.000    999.000
    SCSF5_7          999.000    999.000    999.000    999.000
    SCSF5_8          999.000    999.000    999.000    999.000
    SCSF5_10         999.000    999.000    999.000    999.000

 S        WITH
    I                999.000    999.000    999.000    999.000

 Means
    I                  2.449      0.163     14.981      0.000
    S                999.000    999.000    999.000    999.000

 Intercepts
    SCSF5_5            0.000      0.000    999.000    999.000
    SCSF5_6            0.000      0.000    999.000    999.000
    SCSF5_7            0.000      0.000    999.000    999.000
    SCSF5_8            0.000      0.000    999.000    999.000
    SCSF5_10           0.000      0.000    999.000    999.000

 Variances
    I                  1.000      0.000    999.000    999.000
    S                999.000    999.000    999.000    999.000

 Residual Variances
    SCSF5_5            0.512      0.049     10.490      0.000
    SCSF5_6            0.508      0.040     12.555      0.000
    SCSF5_7            0.507      0.037     13.685      0.000
    SCSF5_8            0.509      0.038     13.525      0.000
    SCSF5_10           0.525      0.053      9.982      0.000


R-SQUARE

Class 1

    Observed                                        Two-Tailed
    Variable        Estimate       S.E.  Est./S.E.    P-Value

    SCSF5_5            0.615      0.034     17.868      0.000
    SCSF5_6            0.614      0.029     20.950      0.000
    SCSF5_7            0.613      0.028     22.092      0.000
    SCSF5_8            0.612      0.029     21.139      0.000
    SCSF5_10           0.611      0.039     15.638      0.000

Class 2

    Observed                                        Two-Tailed
    Variable        Estimate       S.E.  Est./S.E.    P-Value

    SCSF5_5            0.488      0.049      9.991      0.000
    SCSF5_6            0.492      0.040     12.180      0.000
    SCSF5_7            0.493      0.037     13.331      0.000
    SCSF5_8            0.491      0.038     13.041      0.000
    SCSF5_10           0.475      0.053      9.014      0.000


     Beginning Time:  20:11:53
        Ending Time:  20:12:00
       Elapsed Time:  00:00:07



MUTHEN & MUTHEN
3463 Stoner Ave.
Los Angeles, CA  90066

Tel: (310) 391-9971
Fax: (310) 391-8971
Web: www.StatModel.com
Support: Support@StatModel.com

Copyright (c) 1998-2021 Muthen & Muthen
