Mplus VERSION 8.6
MUTHEN & MUTHEN
07/12/2021   9:55 AM

INPUT INSTRUCTIONS

  TITLE: Your title goes here

   DATA: FILE = data.dta;

   VARIABLE:

   NAMES = pidp gridmode mm hidp_5 hidp_6 hidp_7 hidp_8 hidp_9 hidp_10 indmode_5
       indmode_6 indmode_7 indmode_8 indmode_9 indmode_10 mode_type_all mode_type_no9
       mode_type_567 mode_type_7 all no9 p567 p7 switch_all switch_no9 switch_567
       switch_7 lkmove_5 xpmove_5 caruse_5 mobuse_5 netpuse_5 aidxhh_5 jbhas_5 j2has_5
       finnow_5 finfut_5 howlng_5 vote1_5 vote6_5 scsf1_5 scsf2a_5 scsf2b_5 scsf3a_5
       scsf3b_5 scsf4a_5 scsf4b_5 scsf5_5 scsf6a_5 scsf6b_5 scsf6c_5 scsf7_5 scghqa_5
       scghqb_5 scghqc_5 scghqd_5 scghqe_5 scghqf_5 scghqg_5 scghqh_5 scghqi_5
       scghqj_5 scghqk_5 scghql_5 lkmove_6 xpmove_6 caruse_6 mobuse_6 netpuse_6
       aidxhh_6 jbhas_6 j2has_6 finnow_6 finfut_6 howlng_6 vote1_6 vote6_6 scsf1_6
       scsf2a_6 scsf2b_6 scsf3a_6 scsf3b_6 scsf4a_6 scsf4b_6 scsf5_6 scsf6a_6 scsf6b_6
       scsf6c_6 scsf7_6 scghqa_6 scghqb_6 scghqc_6 scghqd_6 scghqe_6 scghqf_6 scghqg_6
       scghqh_6 scghqi_6 scghqj_6 scghqk_6 scghql_6 lkmove_7 xpmove_7 caruse_7
       mobuse_7 netpuse_7 smoker_7 aidxhh_7 jbhas_7 jbterm1_7 jbsemp_7 j2has_7
       fiyrdia_7 finnow_7 finfut_7 howlng_7 vote1_7 vote6_7 scsf2a_7 scsf2b_7 scsf3a_7
       scsf3b_7 scsf4a_7 scsf4b_7 scsf5_7 scsf6a_7 scsf6b_7 scsf6c_7 scsf7_7 scghqa_7
       scghqb_7 scghqc_7 scghqd_7 scghqe_7 scghqf_7 scghqg_7 scghqh_7 scghqi_7
       scghqj_7 scghqk_7 scghql_7 scsf1_7 lkmove_8 xpmove_8 caruse_8 mobuse_8
       netpuse_8 smoker_8 aidxhh_8 jbhas_8 jbterm1_8 jbsemp_8 j2has_8 fiyrdia_8
       finnow_8 finfut_8 scsf2a_8 scsf2b_8 scsf3a_8 scsf3b_8 scsf4a_8 scsf4b_8 scsf5_8
       scsf6a_8 scsf6b_8 scsf6c_8 scsf7_8 scghqa_8 scghqb_8 scghqc_8 scghqd_8 scghqe_8
       scghqf_8 scghqg_8 scghqh_8 scghqi_8 scghqj_8 scghqk_8 scghql_8 scsf1_8 mobuse_9
       netpuse_9 smoker_9 jbhas_9 jbterm1_9 jbsemp_9 j2has_9 fiyrdia_9 finnow_9
       finfut_9 lkmove_10 xpmove_10 mobuse_10 netpuse_10 smoker_10 aidxhh_10 jbhas_10
       jbterm1_10 jbsemp_10 j2has_10 fiyrdia_10 finnow_10 finfut_10 scsf1_10 scsf2a_10
       scsf2b_10 scsf3a_10 scsf3b_10 scsf4a_10 scsf4b_10 scsf5_10 scsf6a_10 scsf6b_10
       scsf6c_10 scsf7_10 scghqa_10 scghqb_10 scghqc_10 scghqd_10 scghqe_10 scghqf_10
       scghqg_10 scghqh_10 scghqi_10 scghqj_10 scghqk_10 scghql_10 edu agecat female
       partner sf1 longill london north urban refresh Higher A level GCSE Other age_35
       age_55 age_75 age_102 pred_all pred_no9 pred_p567 pred_p7 pred_all_w pred_no9_w
       pred_p567_w pred_p7_w;

   MISSING=.;

   USEVARIABLES ARE
   jbhas_5
   jbhas_6
   jbhas_7
   jbhas_8
   jbhas_9
   jbhas_10;

   CATEGORICAL ARE
   jbhas_5
   jbhas_6
   jbhas_7
   jbhas_8
   jbhas_9
   jbhas_10;
   CLASSES = c(2);

    KNOWNCLASS = c(all= 1 2);
  WEIGHT IS pred_all_w;

   ANALYSIS:


      TYPE = MIXTURE;

      ESTIMATOR = MLR;

      ALGORITHM = INTEGRATION;

      Processors = 8(starts);

      STARTS = 800 200;

   Model:


      %OVERALL%

  i s | jbhas_5@0 jbhas_6@1 jbhas_7@2 jbhas_8@3 jbhas_9@4 jbhas_10@5;
   %c#1%
  [s] (a); s ;
   s WITH i ;
   i ;


   %c#2%
  [s] (a); s ;
   s WITH i ;
   i ;


   OUTPUT: SAMPSTAT;

                                  STDYX;




*** WARNING
  One or more observations has a value of 0 for the WEIGHT variable.
*** WARNING
  Data set contains unknown or missing values for variable ALL.
  This variable is used to determine the KNOWNCLASS specification.
  Number of such cases:  91
*** WARNING
  Data set contains cases with missing on all variables.
  These cases were not included in the analysis.
  Number of cases with missing on all variables:  3
   3 WARNING(S) FOUND IN THE INPUT INSTRUCTIONS



Your title goes here

SUMMARY OF ANALYSIS

Number of groups                                                 1
Number of observations                                        1963

Number of dependent variables                                    6
Number of independent variables                                  0
Number of continuous latent variables                            2
Number of categorical latent variables                           1

Observed dependent variables

  Binary and ordered categorical (ordinal)
   JBHAS_5     JBHAS_6     JBHAS_7     JBHAS_8     JBHAS_9     JBHAS_10

Continuous latent variables
   I           S

Categorical latent variables
   C

  Knownclass            C

Variables with special functions

  Weight variable       PRED_ALL

Estimator                                                      MLR
Information matrix                                        OBSERVED
Optimization Specifications for the Quasi-Newton Algorithm for
Continuous Outcomes
  Maximum number of iterations                                 100
  Convergence criterion                                  0.100D-05
Optimization Specifications for the EM Algorithm
  Maximum number of iterations                                 500
  Convergence criteria
    Loglikelihood change                                 0.100D-02
    Relative loglikelihood change                        0.100D-05
    Derivative                                           0.100D-02
Optimization Specifications for the M step of the EM Algorithm for
Categorical Latent variables
  Number of M step iterations                                    1
  M step convergence criterion                           0.100D-02
  Basis for M step termination                           ITERATION
Optimization Specifications for the M step of the EM Algorithm for
Censored, Binary or Ordered Categorical (Ordinal), Unordered
Categorical (Nominal) and Count Outcomes
  Number of M step iterations                                    1
  M step convergence criterion                           0.100D-02
  Basis for M step termination                           ITERATION
  Maximum value for logit thresholds                            15
  Minimum value for logit thresholds                           -15
  Minimum expected cell size for chi-square              0.100D-01
Maximum number of iterations for H1                           2000
Convergence criterion for H1                             0.100D-03
Optimization algorithm                                         EMA
Integration Specifications
  Type                                                    STANDARD
  Number of integration points                                  15
  Dimensions of numerical integration                            2
  Adaptive quadrature                                           ON
Random Starts Specifications
  Number of initial stage random starts                        800
  Number of final stage optimizations                          200
  Number of initial stage iterations                            10
  Initial stage convergence criterion                    0.100D+01
  Random starts scale                                    0.500D+01
  Random seed for generating random starts                       0
Link                                                         LOGIT
Cholesky                                                        ON

Input data file(s)
  data.dta
Input data format  FREE


SUMMARY OF DATA

     Number of missing data patterns            59
     Number of y missing data patterns           0
     Number of u missing data patterns          59


COVARIANCE COVERAGE OF DATA

Minimum covariance coverage value   0.100


     PROPORTION OF DATA PRESENT FOR U


           Covariance Coverage
              JBHAS_5       JBHAS_6       JBHAS_7       JBHAS_8       JBHAS_9
              ________      ________      ________      ________      ________
 JBHAS_5        0.524
 JBHAS_6        0.452         0.521
 JBHAS_7        0.368         0.390         0.603
 JBHAS_8        0.345         0.372         0.495         0.584
 JBHAS_9        0.326         0.348         0.460         0.490         0.555
 JBHAS_10       0.301         0.320         0.410         0.440         0.451


           Covariance Coverage
              JBHAS_10
              ________
 JBHAS_10       0.639


UNIVARIATE PROPORTIONS AND COUNTS FOR CATEGORICAL VARIABLES

    JBHAS_5
      Category 1    0.576          971.380
      Category 2    0.424          715.692
    JBHAS_6
      Category 1    0.544          897.615
      Category 2    0.456          751.069
    JBHAS_7
      Category 1    0.566          736.800
      Category 2    0.434          565.126
    JBHAS_8
      Category 1    0.565          674.723
      Category 2    0.435          520.330
    JBHAS_9
      Category 1    0.570          620.646
      Category 2    0.430          467.615
    JBHAS_10
      Category 1    0.527          519.486
      Category 2    0.473          465.548


SAMPLE STATISTICS

RANDOM STARTS RESULTS RANKED FROM THE BEST TO THE WORST LOGLIKELIHOOD VALUES

Final stage loglikelihood values at local maxima, seeds, and initial stage start numbers:

           -4290.070  118438           601
           -4290.166  562716           300
           -4290.233  147440           514
           -4290.329  349263           263
           -4290.425  599729           658
           -4290.493  752769           253
           -4290.511  345726           461
           -4290.518  307843           664
           -4290.531  544048           87
           -4290.541  804104           566
           -4290.549  505244           582
           -4290.552  691234           250
           -4290.582  781489           627
           -4290.592  349360           464
           -4290.592  551639           55
           -4290.593  637095           207
           -4290.596  917702           693
           -4290.597  985387           381
           -4290.599  784664           75
           -4290.600  659832           754
           -4290.602  190339           102
           -4290.602  860102           495
           -4290.611  915107           54
           -4290.611  897782           545
           -4290.615  642386           662
           -4290.617  327475           518
           -4290.620  113138           585
           -4290.621  862607           468
           -4290.622  491970           563
           -4290.626  982520           737
           -4290.629  436460           89
           -4290.629  404042           675
           -4290.630  765586           709
           -4290.635  154575           539
           -4290.637  440368           797
           -4290.641  971693           470
           -4290.643  220492           743
           -4290.643  608849           224
           -4290.644  318230           46
           -4290.644  467339           66
           -4290.646  97158            205
           -4290.647  354208           196
           -4290.648  170954           86
           -4290.648  418686           338
           -4290.648  70118            104
           -4290.649  741484           441
           -4290.650  783110           72
           -4290.650  801065           393
           -4290.651  878749           728
           -4290.652  402224           91
           -4290.655  294669           501
           -4290.655  712702           684
           -4290.655  855760           593
           -4290.657  291149           536
           -4290.657  903369           134
           -4290.659  399671           13
           -4290.660  207896           25
           -4290.660  941525           609
           -4290.662  278692           342
           -4290.662  590834           785
           -4290.663  995249           525
           -4290.664  425982           485
           -4290.665  995913           787
           -4290.665  617243           237
           -4290.666  51375            148
           -4290.666  484687           306
           -4290.667  782200           84
           -4290.667  881886           608
           -4290.667  563002           360
           -4290.667  512403           719
           -4290.669  760878           249
           -4290.670  416463           467
           -4290.671  88437            761
           -4290.671  760850           739
           -4290.671  824956           607
           -4290.671  134830           780
           -4290.672  751054           117
           -4290.672  616917           261
           -4290.674  879338           309
           -4290.674  331681           549
           -4290.674  507154           387
           -4290.675  694303           282
           -4290.675  30098            209
           -4290.677  251641           784
           -4290.678  317868           740
           -4290.678  354624           448
           -4290.679  413564           535
           -4290.679  77210            712
           -4290.679  850840           232
           -4290.679  178031           720
           -4290.681  294811           637
           -4290.681  476498           179
           -4290.682  314757           345
           -4290.682  395754           388
           -4290.683  940533           764
           -4290.684  46502            714
           -4290.685  278661           674
           -4290.685  645664           39
           -4290.685  462821           745
           -4290.686  787985           482
           -4290.686  226322           478
           -4290.686  574942           558
           -4290.687  185071           370
           -4290.687  55115            408
           -4290.688  178475           231
           -4290.690  810705           626
           -4290.690  988761           475
           -4290.691  130011           587
           -4290.692  267983           228
           -4290.692  241197           747
           -4290.693  488125           368
           -4290.694  358074           560
           -4290.697  848890           95
           -4290.699  863094           147
           -4290.701  188640           451
           -4290.701  443917           60
           -4290.702  609089           241
           -4290.702  686482           215
           -4290.702  579138           706
           -4290.705  903633           553
           -4290.709  696773           80
           -4290.710  957392           79
           -4290.710  114433           708
           -4290.710  117731           570
           -4290.714  40340            188
           -4290.717  327140           678
           -4290.719  68850            462
           -4290.721  637345           19
           -4290.721  343926           624
           -4290.729  471040           403
           -4290.733  341519           653
           -4290.734  246575           291
           -4290.736  915642           40
           -4290.737  393232           152
           -4290.743  373702           669
           -4290.747  298275           418
           -4290.757  340112           126
           -4290.764  722748           346
           -4290.770  922596           456
           -4290.772  404510           442
           -4290.788  146900           391
           -4290.797  514326           325
           -4290.799  654136           167
           -4290.802  507218           613
           -4290.811  34346            330
           -4290.818  903420           5
           -4290.819  313407           132
           -4290.849  85734            411
           -4290.849  668003           647
           -4290.850  686384           690
           -4290.855  61587            400
           -4290.858  535804           111
           -4290.861  253358           2
           -4290.869  576596           99
           -4290.884  355674           540
           -4290.909  97300            640
           -4290.919  830529           279
           -4290.955  605565           404
           -4290.990  326091           759
           -4290.990  606576           151
           -4290.996  794236           127
           -4290.998  455617           242
           -4291.015  496881           192
           -4291.025  21345            199
           -4291.029  132336           362
           -4291.036  175199           247
           -4291.083  625191           350
           -4291.098  746978           410
           -4291.109  341960           685
           -4291.120  860772           174
           -4291.121  414828           322
           -4291.169  273992           349
           -4291.176  416250           390
           -4291.223  804660           260
           -4291.247  22089            143
           -4291.247  352277           42
           -4291.257  100874           108
           -4291.259  928287           197
           -4291.305  153394           429
           -4291.312  193847           354
           -4291.348  14262            781
           -4291.355  512836           289
           -4291.408  566687           597
           -4291.413  156536           245
           -4291.419  926283           269
           -4291.425  723035           538
           -4291.429  478421           311
           -4291.558  15270            610
           -4291.579  519357           559
           -4291.684  665121           417
           -4291.688  69413            472
           -4291.688  85114            385
           -4291.692  592219           119
           -4291.695  488581           688
           -4291.696  370957           554
           -4291.704  931874           141
           -4291.734  163110           584
           -4291.737  263268           165
           -4291.774  127362           757
           -4291.968  569833           85



THE BEST LOGLIKELIHOOD VALUE HAS BEEN REPLICATED.  RERUN WITH AT LEAST TWICE THE
RANDOM STARTS TO CHECK THAT THE BEST LOGLIKELIHOOD IS STILL OBTAINED AND REPLICATED.


THE MODEL ESTIMATION TERMINATED NORMALLY



MODEL FIT INFORMATION

Number of Free Parameters                       10

Loglikelihood

          H0 Value                       -4290.070
          H0 Scaling Correction Factor      1.6600
            for MLR

Information Criteria

          Akaike (AIC)                    8600.141
          Bayesian (BIC)                  8655.963
          Sample-Size Adjusted BIC        8624.192
            (n* = (n + 2) / 24)

Chi-Square Test of Model Fit for the Binary and Ordered Categorical
(Ordinal) Outcomes

          Pearson Chi-Square

          Value                            451.243
          Degrees of Freedom                   117
          P-Value                           0.0000

          Likelihood Ratio Chi-Square

          Value                            162.491
          Degrees of Freedom                   117
          P-Value                           0.0035

Chi-Square Test for MCAR under the Unrestricted Latent Class Indicator Model

          Pearson Chi-Square

          Value                           1224.643
          Degrees of Freedom                  1139
          P-Value                           0.0388

          Likelihood Ratio Chi-Square

          Value                            758.197
          Degrees of Freedom                  1139
          P-Value                           1.0000



FINAL CLASS COUNTS AND PROPORTIONS FOR THE LATENT CLASSES
BASED ON THE ESTIMATED MODEL

    Latent
   Classes

       1       1401.00000          0.71370
       2        562.00000          0.28630


MODEL RESULTS

                                                    Two-Tailed
                    Estimate       S.E.  Est./S.E.    P-Value

Latent Class 1 (1)

 I        |
    JBHAS_5            1.000      0.000    999.000    999.000
    JBHAS_6            1.000      0.000    999.000    999.000
    JBHAS_7            1.000      0.000    999.000    999.000
    JBHAS_8            1.000      0.000    999.000    999.000
    JBHAS_9            1.000      0.000    999.000    999.000
    JBHAS_10           1.000      0.000    999.000    999.000

 S        |
    JBHAS_5            0.000      0.000    999.000    999.000
    JBHAS_6            1.000      0.000    999.000    999.000
    JBHAS_7            2.000      0.000    999.000    999.000
    JBHAS_8            3.000      0.000    999.000    999.000
    JBHAS_9            4.000      0.000    999.000    999.000
    JBHAS_10           5.000      0.000    999.000    999.000

 S        WITH
    I                 -5.751      2.084     -2.759      0.006

 Means
    I                 -4.095      0.952     -4.304      0.000
    S                 -0.057      0.084     -0.676      0.499

 Thresholds
    JBHAS_5$1         -0.892      0.370     -2.413      0.016
    JBHAS_6$1         -0.892      0.370     -2.413      0.016
    JBHAS_7$1         -0.892      0.370     -2.413      0.016
    JBHAS_8$1         -0.892      0.370     -2.413      0.016
    JBHAS_9$1         -0.892      0.370     -2.413      0.016
    JBHAS_10$1        -0.892      0.370     -2.413      0.016

 Variances
    I                 84.150     20.773      4.051      0.000
    S                  1.243      0.323      3.843      0.000

Latent Class 2 (2)

 I        |
    JBHAS_5            1.000      0.000    999.000    999.000
    JBHAS_6            1.000      0.000    999.000    999.000
    JBHAS_7            1.000      0.000    999.000    999.000
    JBHAS_8            1.000      0.000    999.000    999.000
    JBHAS_9            1.000      0.000    999.000    999.000
    JBHAS_10           1.000      0.000    999.000    999.000

 S        |
    JBHAS_5            0.000      0.000    999.000    999.000
    JBHAS_6            1.000      0.000    999.000    999.000
    JBHAS_7            2.000      0.000    999.000    999.000
    JBHAS_8            3.000      0.000    999.000    999.000
    JBHAS_9            4.000      0.000    999.000    999.000
    JBHAS_10           5.000      0.000    999.000    999.000

 S        WITH
    I                 -1.351      1.523     -0.887      0.375

 Means
    I                  0.000      0.000    999.000    999.000
    S                 -0.057      0.084     -0.676      0.499

 Thresholds
    JBHAS_5$1         -0.892      0.370     -2.413      0.016
    JBHAS_6$1         -0.892      0.370     -2.413      0.016
    JBHAS_7$1         -0.892      0.370     -2.413      0.016
    JBHAS_8$1         -0.892      0.370     -2.413      0.016
    JBHAS_9$1         -0.892      0.370     -2.413      0.016
    JBHAS_10$1        -0.892      0.370     -2.413      0.016

 Variances
    I                 46.080     11.687      3.943      0.000
    S                  1.133      0.377      3.007      0.003

Categorical Latent Variables

 Means
    C#1                0.913      0.066     13.898      0.000


QUALITY OF NUMERICAL RESULTS

     Condition Number for the Information Matrix              0.169E-02
       (ratio of smallest to largest eigenvalue)


RESULTS IN PROBABILITY SCALE

                    Estimate

Latent Class 1 (1)

 JBHAS_5
    Category 1         0.634
    Category 2         0.366
 JBHAS_6
    Category 1         0.645
    Category 2         0.355
 JBHAS_7
    Category 1         0.655
    Category 2         0.345
 JBHAS_8
    Category 1         0.663
    Category 2         0.337
 JBHAS_9
    Category 1         0.669
    Category 2         0.331
 JBHAS_10
    Category 1         0.672
    Category 2         0.328

Latent Class 2 (2)

 JBHAS_5
    Category 1         0.449
    Category 2         0.551
 JBHAS_6
    Category 1         0.452
    Category 2         0.548
 JBHAS_7
    Category 1         0.456
    Category 2         0.544
 JBHAS_8
    Category 1         0.460
    Category 2         0.540
 JBHAS_9
    Category 1         0.465
    Category 2         0.535
 JBHAS_10
    Category 1         0.470
    Category 2         0.530


STANDARDIZED MODEL RESULTS


STDYX Standardization

                                                    Two-Tailed
                    Estimate       S.E.  Est./S.E.    P-Value

Latent Class 1 (1)

 I        |
    JBHAS_5            0.981      0.005    215.340      0.000
    JBHAS_6            1.044      0.020     53.125      0.000
    JBHAS_7            1.101      0.043     25.679      0.000
    JBHAS_8            1.146      0.070     16.325      0.000
    JBHAS_9            1.171      0.098     11.900      0.000
    JBHAS_10           1.174      0.124      9.508      0.000

 S        |
    JBHAS_5            0.000      0.000    999.000    999.000
    JBHAS_6            0.127      0.014      9.104      0.000
    JBHAS_7            0.268      0.032      8.467      0.000
    JBHAS_8            0.418      0.053      7.869      0.000
    JBHAS_9            0.569      0.077      7.357      0.000
    JBHAS_10           0.714      0.102      6.978      0.000

 S        WITH
    I                 -0.562      0.123     -4.579      0.000

 Means
    I                 -0.446      0.067     -6.704      0.000
    S                 -0.051      0.078     -0.659      0.510

 Thresholds
    JBHAS_5$1         -0.095      0.042     -2.251      0.024
    JBHAS_6$1         -0.102      0.045     -2.272      0.023
    JBHAS_7$1         -0.107      0.047     -2.297      0.022
    JBHAS_8$1         -0.111      0.048     -2.322      0.020
    JBHAS_9$1         -0.114      0.049     -2.344      0.019
    JBHAS_10$1        -0.114      0.048     -2.361      0.018

 Variances
    I                  1.000      0.000    999.000    999.000
    S                  1.000      0.000    999.000    999.000

Latent Class 2 (2)

 I        |
    JBHAS_5            0.966      0.008    118.336      0.000
    JBHAS_6            0.982      0.035     27.933      0.000
    JBHAS_7            0.975      0.069     14.187      0.000
    JBHAS_8            0.946      0.100      9.425      0.000
    JBHAS_9            0.902      0.125      7.224      0.000
    JBHAS_10           0.847      0.140      6.060      0.000

 S        |
    JBHAS_5            0.000      0.000    999.000    999.000
    JBHAS_6            0.154      0.023      6.696      0.000
    JBHAS_7            0.306      0.039      7.924      0.000
    JBHAS_8            0.445      0.047      9.504      0.000
    JBHAS_9            0.565      0.051     11.006      0.000
    JBHAS_10           0.664      0.056     11.897      0.000

 S        WITH
    I                 -0.187      0.202     -0.927      0.354

 Means
    I                  0.000      0.000    999.000    999.000
    S                 -0.054      0.081     -0.665      0.506

 Thresholds
    JBHAS_5$1         -0.127      0.055     -2.305      0.021
    JBHAS_6$1         -0.129      0.056     -2.322      0.020
    JBHAS_7$1         -0.128      0.055     -2.329      0.020
    JBHAS_8$1         -0.124      0.054     -2.320      0.020
    JBHAS_9$1         -0.118      0.052     -2.298      0.022
    JBHAS_10$1        -0.111      0.049     -2.270      0.023

 Variances
    I                  1.000      0.000    999.000    999.000
    S                  1.000      0.000    999.000    999.000


R-SQUARE

Class 1

    Observed                                        Two-Tailed
    Variable        Estimate       S.E.  Est./S.E.    P-Value

    JBHAS_5            0.962      0.009    107.670      0.000
    JBHAS_6            0.957      0.010     95.957      0.000
    JBHAS_7            0.953      0.011     85.978      0.000
    JBHAS_8            0.949      0.012     77.537      0.000
    JBHAS_9            0.946      0.013     70.954      0.000
    JBHAS_10           0.946      0.014     66.935      0.000

Class 2

    Observed                                        Two-Tailed
    Variable        Estimate       S.E.  Est./S.E.    P-Value

    JBHAS_5            0.933      0.016     59.168      0.000
    JBHAS_6            0.931      0.014     65.620      0.000
    JBHAS_7            0.932      0.013     72.013      0.000
    JBHAS_8            0.936      0.013     72.233      0.000
    JBHAS_9            0.942      0.014     69.209      0.000
    JBHAS_10           0.949      0.014     68.248      0.000


     Beginning Time:  09:55:02
        Ending Time:  09:57:49
       Elapsed Time:  00:02:47



MUTHEN & MUTHEN
3463 Stoner Ave.
Los Angeles, CA  90066

Tel: (310) 391-9971
Fax: (310) 391-8971
Web: www.StatModel.com
Support: Support@StatModel.com

Copyright (c) 1998-2021 Muthen & Muthen
