Mplus VERSION 8.6
MUTHEN & MUTHEN
07/12/2021  12:09 PM

INPUT INSTRUCTIONS

  TITLE: Your title goes here

   DATA: FILE = data.dta;

   VARIABLE:

   NAMES = pidp gridmode mm hidp_5 hidp_6 hidp_7 hidp_8 hidp_9 hidp_10 indmode_5
       indmode_6 indmode_7 indmode_8 indmode_9 indmode_10 mode_type_all mode_type_no9
       mode_type_567 mode_type_7 all no9 p567 p7 switch_all switch_no9 switch_567
       switch_7 lkmove_5 xpmove_5 caruse_5 mobuse_5 netpuse_5 aidxhh_5 jbhas_5 j2has_5
       finnow_5 finfut_5 howlng_5 vote1_5 vote6_5 scsf1_5 scsf2a_5 scsf2b_5 scsf3a_5
       scsf3b_5 scsf4a_5 scsf4b_5 scsf5_5 scsf6a_5 scsf6b_5 scsf6c_5 scsf7_5 scghqa_5
       scghqb_5 scghqc_5 scghqd_5 scghqe_5 scghqf_5 scghqg_5 scghqh_5 scghqi_5
       scghqj_5 scghqk_5 scghql_5 lkmove_6 xpmove_6 caruse_6 mobuse_6 netpuse_6
       aidxhh_6 jbhas_6 j2has_6 finnow_6 finfut_6 howlng_6 vote1_6 vote6_6 scsf1_6
       scsf2a_6 scsf2b_6 scsf3a_6 scsf3b_6 scsf4a_6 scsf4b_6 scsf5_6 scsf6a_6 scsf6b_6
       scsf6c_6 scsf7_6 scghqa_6 scghqb_6 scghqc_6 scghqd_6 scghqe_6 scghqf_6 scghqg_6
       scghqh_6 scghqi_6 scghqj_6 scghqk_6 scghql_6 lkmove_7 xpmove_7 caruse_7
       mobuse_7 netpuse_7 smoker_7 aidxhh_7 jbhas_7 jbterm1_7 jbsemp_7 j2has_7
       fiyrdia_7 finnow_7 finfut_7 howlng_7 vote1_7 vote6_7 scsf2a_7 scsf2b_7 scsf3a_7
       scsf3b_7 scsf4a_7 scsf4b_7 scsf5_7 scsf6a_7 scsf6b_7 scsf6c_7 scsf7_7 scghqa_7
       scghqb_7 scghqc_7 scghqd_7 scghqe_7 scghqf_7 scghqg_7 scghqh_7 scghqi_7
       scghqj_7 scghqk_7 scghql_7 scsf1_7 lkmove_8 xpmove_8 caruse_8 mobuse_8
       netpuse_8 smoker_8 aidxhh_8 jbhas_8 jbterm1_8 jbsemp_8 j2has_8 fiyrdia_8
       finnow_8 finfut_8 scsf2a_8 scsf2b_8 scsf3a_8 scsf3b_8 scsf4a_8 scsf4b_8 scsf5_8
       scsf6a_8 scsf6b_8 scsf6c_8 scsf7_8 scghqa_8 scghqb_8 scghqc_8 scghqd_8 scghqe_8
       scghqf_8 scghqg_8 scghqh_8 scghqi_8 scghqj_8 scghqk_8 scghql_8 scsf1_8 mobuse_9
       netpuse_9 smoker_9 jbhas_9 jbterm1_9 jbsemp_9 j2has_9 fiyrdia_9 finnow_9
       finfut_9 lkmove_10 xpmove_10 mobuse_10 netpuse_10 smoker_10 aidxhh_10 jbhas_10
       jbterm1_10 jbsemp_10 j2has_10 fiyrdia_10 finnow_10 finfut_10 scsf1_10 scsf2a_10
       scsf2b_10 scsf3a_10 scsf3b_10 scsf4a_10 scsf4b_10 scsf5_10 scsf6a_10 scsf6b_10
       scsf6c_10 scsf7_10 scghqa_10 scghqb_10 scghqc_10 scghqd_10 scghqe_10 scghqf_10
       scghqg_10 scghqh_10 scghqi_10 scghqj_10 scghqk_10 scghql_10 edu agecat female
       partner sf1 longill london north urban refresh Higher A level GCSE Other age_35
       age_55 age_75 age_102 pred_all pred_no9 pred_p567 pred_p7 pred_all_w pred_no9_w
       pred_p567_w pred_p7_w;

   MISSING=.;

   USEVARIABLES ARE
   scghqb_5
   scghqb_6
   scghqb_7
   scghqb_8
   scghqb_10;

   CATEGORICAL ARE
   scghqb_5
   scghqb_6
   scghqb_7
   scghqb_8
   scghqb_10;
   CLASSES = c(2);

    KNOWNCLASS = c(no9= 1 2);
  WEIGHT IS pred_no9_w;

   ANALYSIS:


      TYPE = MIXTURE;

      ESTIMATOR = MLR;

      ALGORITHM = INTEGRATION;

      Processors = 8(starts);

      STARTS = 800 200;

   Model:


      %OVERALL%

  i s | scghqb_5@0 scghqb_6@1 scghqb_7@2 scghqb_8@3 scghqb_10@5;
   %c#1%
  [s] ;
   s ;
   s WITH i ;
   i ;

   %c#2%
  [s] ;
   s ;
   s WITH i ;
   i ;

   OUTPUT: SAMPSTAT;

                                  STDYX;




*** WARNING in VARIABLE command
  Note that only the first 8 characters of variable names are used in the output.
  Shorten variable names to avoid any confusion.
*** WARNING
  One or more observations has a value of 0 for the WEIGHT variable.
*** WARNING
  Data set contains unknown or missing values for variable NO9.
  This variable is used to determine the KNOWNCLASS specification.
  Number of such cases:  111
*** WARNING
  Data set contains cases with missing on all variables.
  These cases were not included in the analysis.
  Number of cases with missing on all variables:  100
   4 WARNING(S) FOUND IN THE INPUT INSTRUCTIONS



Your title goes here

SUMMARY OF ANALYSIS

Number of groups                                                 1
Number of observations                                        1846

Number of dependent variables                                    5
Number of independent variables                                  0
Number of continuous latent variables                            2
Number of categorical latent variables                           1

Observed dependent variables

  Binary and ordered categorical (ordinal)
   SCGHQB_5    SCGHQB_6    SCGHQB_7    SCGHQB_8    SCGHQB_1

Continuous latent variables
   I           S

Categorical latent variables
   C

  Knownclass            C

Variables with special functions

  Weight variable       PRED_NO9

Estimator                                                      MLR
Information matrix                                        OBSERVED
Optimization Specifications for the Quasi-Newton Algorithm for
Continuous Outcomes
  Maximum number of iterations                                 100
  Convergence criterion                                  0.100D-05
Optimization Specifications for the EM Algorithm
  Maximum number of iterations                                 500
  Convergence criteria
    Loglikelihood change                                 0.100D-02
    Relative loglikelihood change                        0.100D-05
    Derivative                                           0.100D-02
Optimization Specifications for the M step of the EM Algorithm for
Categorical Latent variables
  Number of M step iterations                                    1
  M step convergence criterion                           0.100D-02
  Basis for M step termination                           ITERATION
Optimization Specifications for the M step of the EM Algorithm for
Censored, Binary or Ordered Categorical (Ordinal), Unordered
Categorical (Nominal) and Count Outcomes
  Number of M step iterations                                    1
  M step convergence criterion                           0.100D-02
  Basis for M step termination                           ITERATION
  Maximum value for logit thresholds                            15
  Minimum value for logit thresholds                           -15
  Minimum expected cell size for chi-square              0.100D-01
Maximum number of iterations for H1                           2000
Convergence criterion for H1                             0.100D-03
Optimization algorithm                                         EMA
Integration Specifications
  Type                                                    STANDARD
  Number of integration points                                  15
  Dimensions of numerical integration                            2
  Adaptive quadrature                                           ON
Random Starts Specifications
  Number of initial stage random starts                        800
  Number of final stage optimizations                          200
  Number of initial stage iterations                            10
  Initial stage convergence criterion                    0.100D+01
  Random starts scale                                    0.500D+01
  Random seed for generating random starts                       0
Link                                                         LOGIT
Cholesky                                                        ON

Input data file(s)
  data.dta
Input data format  FREE


SUMMARY OF DATA

     Number of missing data patterns            31
     Number of y missing data patterns           0
     Number of u missing data patterns          31


COVARIANCE COVERAGE OF DATA

Minimum covariance coverage value   0.100


     PROPORTION OF DATA PRESENT FOR U


           Covariance Coverage
              SCGHQB_5      SCGHQB_6      SCGHQB_7      SCGHQB_8      SCGHQB_1
              ________      ________      ________      ________      ________
 SCGHQB_5       0.386
 SCGHQB_6       0.292         0.457
 SCGHQB_7       0.264         0.338         0.594
 SCGHQB_8       0.252         0.326         0.471         0.581
 SCGHQB_1       0.224         0.287         0.400         0.435         0.649


UNIVARIATE PROPORTIONS AND COUNTS FOR CATEGORICAL VARIABLES

    SCGHQB_5
      Category 1    0.380          418.325
      Category 2    0.440          483.799
      Category 3    0.132          145.240
      Category 4    0.047           52.083
    SCGHQB_6
      Category 1    0.387          527.871
      Category 2    0.432          589.672
      Category 3    0.142          193.217
      Category 4    0.039           53.815
    SCGHQB_7
      Category 1    0.402          476.529
      Category 2    0.458          542.888
      Category 3    0.103          122.452
      Category 4    0.036           43.144
    SCGHQB_8
      Category 1    0.425          471.478
      Category 2    0.455          504.043
      Category 3    0.085           94.630
      Category 4    0.035           38.368
    SCGHQB_1
      Category 1    0.397          385.471
      Category 2    0.435          422.235
      Category 3    0.129          125.305
      Category 4    0.038           36.792


SAMPLE STATISTICS

RANDOM STARTS RESULTS RANKED FROM THE BEST TO THE WORST LOGLIKELIHOOD VALUES

Final stage loglikelihood values at local maxima, seeds, and initial stage start numbers:

           -6818.532  878749           728
           -6818.532  891531           206
           -6818.532  146900           391
           -6818.532  595153           230
           -6818.532  682718           733
           -6818.532  458181           189
           -6818.532  933578           506
           -6818.532  584397           428
           -6818.532  483369           270
           -6818.532  860102           495
           -6818.532  259507           53
           -6818.532  241197           747
           -6818.532  121425           511
           -6818.532  871722           355
           -6818.532  496703           758
           -6818.532  951709           348
           -6818.532  319144           176
           -6818.532  311214           64
           -6818.532  533738           11
           -6818.532  798839           312
           -6818.533  668003           647
           -6818.533  960438           116
           -6818.533  679832           302
           -6818.533  468036           131
           -6818.533  69413            472
           -6818.533  123985           248
           -6818.533  863691           481
           -6818.533  266008           656
           -6818.533  173191           422
           -6818.533  948615           140
           -6818.533  608849           224
           -6818.533  823392           479
           -6818.533  887580           493
           -6818.533  563584           657
           -6818.533  370466           41
           -6818.533  173440           328
           -6818.533  279850           555
           -6818.533  422103           62
           -6818.533  712531           631
           -6818.533  345070           114
           -6818.533  476393           705
           -6818.533  917702           693
           -6818.533  922042           492
           -6818.533  831410           567
           -6818.533  695155           150
           -6818.534  192071           142
           -6818.534  383902           673
           -6818.534  340112           126
           -6818.534  802682           419
           -6818.534  937885           426
           -6818.534  618000           190
           -6818.534  617243           237
           -6818.534  505244           582
           -6818.534  499150           216
           -6818.534  486622           522
           -6818.534  545140           278
           -6818.534  797594           234
           -6818.534  576220           115
           -6818.534  117587           572
           -6818.534  138695           783
           -6818.534  251641           784
           -6818.534  918558           412
           -6818.534  341960           685
           -6818.534  488125           368
           -6818.534  276102           599
           -6818.534  231281           542
           -6818.534  506886           576
           -6818.535  283492           435
           -6818.535  25127            107
           -6818.535  761302           744
           -6818.535  163110           584
           -6818.535  631413           439
           -6818.535  512836           289
           -6818.535  459221           652
           -6818.535  966014           37
           -6818.535  415931           10
           -6818.535  576596           99
           -6818.535  926283           269
           -6818.535  573096           20
           -6818.535  552272           654
           -6818.535  920593           611
           -6818.535  742609           531
           -6818.535  544048           87
           -6818.535  833196           715
           -6818.535  193847           354
           -6818.535  742688           594
           -6818.535  862607           468
           -6818.535  641794           591
           -6818.535  939021           8
           -6818.535  112586           494
           -6818.535  699810           571
           -6818.535  217744           326
           -6818.535  992389           77
           -6818.535  605358           321
           -6818.535  88437            761
           -6818.535  76451            211
           -6818.535  312754           562
           -6818.535  669634           335
           -6818.535  343926           624
           -6818.535  488581           688
           -6818.535  455617           242
           -6818.535  175199           247
           -6818.535  150531           154
           -6818.536  213189           605
           -6818.536  539389           544
           -6818.536  738393           619
           -6818.536  667250           318
           -6818.536  898745           466
           -6818.536  120506           45
           -6818.536  520865           763
           -6818.536  359578           458
           -6818.536  847088           750
           -6818.536  931874           141
           -6818.536  964570           701
           -6818.536  267983           228
           -6818.536  238906           430
           -6818.536  165853           105
           -6818.536  798821           423
           -6818.537  645664           39
           -6818.537  830392           35
           -6818.537  414284           158
           -6818.537  970689           266
           -6818.537  561664           392
           -6818.538  46502            714
           -6818.538  404426           344
           -6818.538  387701           275
           -6818.538  717754           180
           -6818.539  991329           182
           -6818.539  715561           125
           -6818.539  484687           306
           -6818.540  995249           525
           -6818.540  822698           621
           -6818.540  22089            143
           -6818.541  566687           597
           -6818.543  848969           173
           -6818.543  405371           569
           -6818.543  963053           43
           -6818.544  204959           695
           -6818.544  443442           380
           -6818.544  471438           252
           -6818.544  347222           533
           -6818.544  327475           518
           -6818.545  575700           100
           -6818.545  285380           1
           -6818.546  985387           381
           -6818.546  471040           403
           -6818.546  549244           756
           -6818.547  391949           295
           -6818.547  97300            640
           -6818.547  345974           622
           -6818.547  206099           363
           -6818.547  921023           782
           -6818.548  800454           751
           -6818.550  804660           260
           -6818.550  435287           623
           -6818.550  604861           800
           -6818.550  662983           666
           -6818.551  167409           772
           -6818.551  358488           264
           -6818.551  792389           746
           -6818.551  264081           186
           -6818.552  915642           40
           -6818.552  677720           681
           -6818.552  unperturbed      0
           -6818.553  266340           683
           -6818.553  602797           336
           -6818.553  418686           338
           -6818.553  967237           48
           -6818.554  315029           471
           -6818.554  392751           480
           -6818.555  106561           686
           -6818.556  284109           82
           -6818.557  922596           456
           -6818.557  312587           775
           -6818.557  794236           127
           -6818.557  355674           540
           -6818.557  244349           736
           -6818.557  471398           74
           -6818.557  793035           187
           -6818.557  804561           59
           -6818.557  714997           399
           -6818.557  694303           282
           -6818.558  876943           650
           -6818.558  348637           749
           -6818.558  118438           601
           -6818.558  438144           271
           -6818.558  232559           136
           -6818.558  580539           786
           -6818.558  910224           580
           -6818.558  626891           32
           -6818.558  629320           222
           -6818.558  508482           446
           -6818.558  642909           251
           -6818.558  177936           726
           -6818.558  625191           350
           -6818.558  349562           359

4 perturbed starting value run(s) did not converge or were rejected in the third stage.



THE BEST LOGLIKELIHOOD VALUE HAS BEEN REPLICATED.  RERUN WITH AT LEAST TWICE THE
RANDOM STARTS TO CHECK THAT THE BEST LOGLIKELIHOOD IS STILL OBTAINED AND REPLICATED.


THE MODEL ESTIMATION TERMINATED NORMALLY



MODEL FIT INFORMATION

Number of Free Parameters                       13

Loglikelihood

          H0 Value                       -6818.532
          H0 Scaling Correction Factor      1.8387
            for MLR

Information Criteria

          Akaike (AIC)                   13663.064
          Bayesian (BIC)                 13734.834
          Sample-Size Adjusted BIC       13693.533
            (n* = (n + 2) / 24)

Chi-Square Test of Model Fit for the Binary and Ordered Categorical
(Ordinal) Outcomes**

          Pearson Chi-Square

          Value                           2064.822
          Degrees of Freedom                  2020
          P-Value                           0.2387

          Likelihood Ratio Chi-Square

          Value                            775.016
          Degrees of Freedom                  2020
          P-Value                           1.0000

** Of the 3124 cells in the latent class indicator table, 6
   were deleted in the calculation of chi-square due to extreme values.

Chi-Square Test for MCAR under the Unrestricted Latent Class Indicator Model

          Pearson Chi-Square

          Value                           1873.711
          Degrees of Freedom                  4139
          P-Value                           1.0000

          Likelihood Ratio Chi-Square

          Value                           1483.303
          Degrees of Freedom                  4139
          P-Value                           1.0000



FINAL CLASS COUNTS AND PROPORTIONS FOR THE LATENT CLASSES
BASED ON THE ESTIMATED MODEL

    Latent
   Classes

       1       1306.00000          0.70748
       2        540.00000          0.29252


MODEL RESULTS

                                                    Two-Tailed
                    Estimate       S.E.  Est./S.E.    P-Value

Latent Class 1 (1)

 I        |
    SCGHQB_5           1.000      0.000    999.000    999.000
    SCGHQB_6           1.000      0.000    999.000    999.000
    SCGHQB_7           1.000      0.000    999.000    999.000
    SCGHQB_8           1.000      0.000    999.000    999.000
    SCGHQB_10          1.000      0.000    999.000    999.000

 S        |
    SCGHQB_5           0.000      0.000    999.000    999.000
    SCGHQB_6           1.000      0.000    999.000    999.000
    SCGHQB_7           2.000      0.000    999.000    999.000
    SCGHQB_8           3.000      0.000    999.000    999.000
    SCGHQB_10          5.000      0.000    999.000    999.000

 S        WITH
    I                 -0.593      0.214     -2.771      0.006

 Means
    I                 -0.297      0.214     -1.383      0.167
    S                 -0.026      0.048     -0.545      0.586

 Thresholds
    SCGHQB_5$1        -0.988      0.148     -6.680      0.000
    SCGHQB_5$2         2.474      0.166     14.930      0.000
    SCGHQB_5$3         4.623      0.213     21.688      0.000
    SCGHQB_6$1        -0.988      0.148     -6.680      0.000
    SCGHQB_6$2         2.474      0.166     14.930      0.000
    SCGHQB_6$3         4.623      0.213     21.688      0.000
    SCGHQB_7$1        -0.988      0.148     -6.680      0.000
    SCGHQB_7$2         2.474      0.166     14.930      0.000
    SCGHQB_7$3         4.623      0.213     21.688      0.000
    SCGHQB_8$1        -0.988      0.148     -6.680      0.000
    SCGHQB_8$2         2.474      0.166     14.930      0.000
    SCGHQB_8$3         4.623      0.213     21.688      0.000
    SCGHQB_1$1        -0.988      0.148     -6.680      0.000
    SCGHQB_1$2         2.474      0.166     14.930      0.000
    SCGHQB_1$3         4.623      0.213     21.688      0.000

 Variances
    I                  6.276      0.999      6.279      0.000
    S                  0.192      0.062      3.083      0.002

Latent Class 2 (2)

 I        |
    SCGHQB_5           1.000      0.000    999.000    999.000
    SCGHQB_6           1.000      0.000    999.000    999.000
    SCGHQB_7           1.000      0.000    999.000    999.000
    SCGHQB_8           1.000      0.000    999.000    999.000
    SCGHQB_10          1.000      0.000    999.000    999.000

 S        |
    SCGHQB_5           0.000      0.000    999.000    999.000
    SCGHQB_6           1.000      0.000    999.000    999.000
    SCGHQB_7           2.000      0.000    999.000    999.000
    SCGHQB_8           3.000      0.000    999.000    999.000
    SCGHQB_10          5.000      0.000    999.000    999.000

 S        WITH
    I                 -0.046      0.089     -0.517      0.605

 Means
    I                  0.000      0.000    999.000    999.000
    S                 -0.068      0.033     -2.063      0.039

 Thresholds
    SCGHQB_5$1        -0.988      0.148     -6.680      0.000
    SCGHQB_5$2         2.474      0.166     14.930      0.000
    SCGHQB_5$3         4.623      0.213     21.688      0.000
    SCGHQB_6$1        -0.988      0.148     -6.680      0.000
    SCGHQB_6$2         2.474      0.166     14.930      0.000
    SCGHQB_6$3         4.623      0.213     21.688      0.000
    SCGHQB_7$1        -0.988      0.148     -6.680      0.000
    SCGHQB_7$2         2.474      0.166     14.930      0.000
    SCGHQB_7$3         4.623      0.213     21.688      0.000
    SCGHQB_8$1        -0.988      0.148     -6.680      0.000
    SCGHQB_8$2         2.474      0.166     14.930      0.000
    SCGHQB_8$3         4.623      0.213     21.688      0.000
    SCGHQB_1$1        -0.988      0.148     -6.680      0.000
    SCGHQB_1$2         2.474      0.166     14.930      0.000
    SCGHQB_1$3         4.623      0.213     21.688      0.000

 Variances
    I                  4.164      0.617      6.748      0.000
    S                  0.001      0.002      0.264      0.791

Categorical Latent Variables

 Means
    C#1                0.883      0.067     13.270      0.000


QUALITY OF NUMERICAL RESULTS

     Condition Number for the Information Matrix              0.196E-06
       (ratio of smallest to largest eigenvalue)


RESULTS IN PROBABILITY SCALE

                    Estimate

Latent Class 1 (1)

 SCGHQB_5
    Category 1         0.410
    Category 2         0.407
    Category 3         0.127
    Category 4         0.055
 SCGHQB_6
    Category 1         0.409
    Category 2         0.425
    Category 3         0.121
    Category 4         0.045
 SCGHQB_7
    Category 1         0.409
    Category 2         0.436
    Category 3         0.116
    Category 4         0.039
 SCGHQB_8
    Category 1         0.411
    Category 2         0.440
    Category 3         0.113
    Category 4         0.036
 SCGHQB_10
    Category 1         0.422
    Category 2         0.422
    Category 3         0.115
    Category 4         0.041

Latent Class 2 (2)

 SCGHQB_5
    Category 1         0.356
    Category 2         0.466
    Category 3         0.133
    Category 4         0.045
 SCGHQB_6
    Category 1         0.364
    Category 2         0.466
    Category 3         0.128
    Category 4         0.042
 SCGHQB_7
    Category 1         0.373
    Category 2         0.465
    Category 3         0.124
    Category 4         0.039
 SCGHQB_8
    Category 1         0.382
    Category 2         0.463
    Category 3         0.119
    Category 4         0.036
 SCGHQB_10
    Category 1         0.401
    Category 2         0.459
    Category 3         0.109
    Category 4         0.031


STANDARDIZED MODEL RESULTS


STDYX Standardization

                                                    Two-Tailed
                    Estimate       S.E.  Est./S.E.    P-Value

Latent Class 1 (1)

 I        |
    SCGHQB_5           0.810      0.022     36.513      0.000
    SCGHQB_6           0.856      0.035     24.266      0.000
    SCGHQB_7           0.888      0.050     17.686      0.000
    SCGHQB_8           0.900      0.063     14.237      0.000
    SCGHQB_10          0.862      0.078     11.090      0.000

 S        |
    SCGHQB_5           0.000      0.000    999.000    999.000
    SCGHQB_6           0.150      0.023      6.570      0.000
    SCGHQB_7           0.311      0.050      6.245      0.000
    SCGHQB_8           0.473      0.077      6.151      0.000
    SCGHQB_10          0.754      0.113      6.687      0.000

 S        WITH
    I                 -0.539      0.104     -5.182      0.000

 Means
    I                 -0.118      0.085     -1.397      0.162
    S                 -0.060      0.110     -0.545      0.585

 Thresholds
    SCGHQB_5$1        -0.319      0.049     -6.536      0.000
    SCGHQB_5$2         0.800      0.060     13.246      0.000
    SCGHQB_5$3         1.495      0.091     16.396      0.000
    SCGHQB_6$1        -0.337      0.051     -6.659      0.000
    SCGHQB_6$2         0.845      0.059     14.308      0.000
    SCGHQB_6$3         1.579      0.084     18.796      0.000
    SCGHQB_7$1        -0.350      0.052     -6.714      0.000
    SCGHQB_7$2         0.877      0.059     14.805      0.000
    SCGHQB_7$3         1.638      0.081     20.235      0.000
    SCGHQB_8$1        -0.355      0.053     -6.702      0.000
    SCGHQB_8$2         0.889      0.061     14.622      0.000
    SCGHQB_8$3         1.662      0.083     19.952      0.000
    SCGHQB_1$1        -0.340      0.052     -6.497      0.000
    SCGHQB_1$2         0.851      0.067     12.777      0.000
    SCGHQB_1$3         1.590      0.100     15.897      0.000

 Variances
    I                  1.000      0.000    999.000    999.000
    S                  1.000      0.000    999.000    999.000

Latent Class 2 (2)

 I        |
    SCGHQB_5           0.747      0.024     30.577      0.000
    SCGHQB_6           0.752      0.031     24.574      0.000
    SCGHQB_7           0.757      0.038     19.938      0.000
    SCGHQB_8           0.761      0.046     16.552      0.000
    SCGHQB_10          0.771      0.063     12.174      0.000

 S        |
    SCGHQB_5           0.000      0.000    999.000    999.000
    SCGHQB_6           0.008      0.016      0.533      0.594
    SCGHQB_7           0.017      0.032      0.529      0.597
    SCGHQB_8           0.025      0.048      0.526      0.599
    SCGHQB_10          0.043      0.082      0.520      0.603

 S        WITH
    I                 -1.000      0.001  -1507.287      0.000

 Means
    I                  0.000      0.000    999.000    999.000
    S                 -3.031      6.294     -0.482      0.630

 Thresholds
    SCGHQB_5$1        -0.362      0.058     -6.204      0.000
    SCGHQB_5$2         0.906      0.055     16.416      0.000
    SCGHQB_5$3         1.693      0.079     21.409      0.000
    SCGHQB_6$1        -0.364      0.058     -6.317      0.000
    SCGHQB_6$2         0.912      0.054     16.857      0.000
    SCGHQB_6$3         1.704      0.073     23.238      0.000
    SCGHQB_7$1        -0.366      0.057     -6.401      0.000
    SCGHQB_7$2         0.917      0.055     16.669      0.000
    SCGHQB_7$3         1.714      0.073     23.619      0.000
    SCGHQB_8$1        -0.369      0.057     -6.451      0.000
    SCGHQB_8$2         0.923      0.058     15.908      0.000
    SCGHQB_8$3         1.725      0.077     22.328      0.000
    SCGHQB_1$1        -0.373      0.058     -6.443      0.000
    SCGHQB_1$2         0.935      0.069     13.508      0.000
    SCGHQB_1$3         1.746      0.100     17.526      0.000

 Variances
    I                  1.000      0.000    999.000    999.000
    S                  1.000      0.000    999.000    999.000


R-SQUARE

Class 1

    Observed                                        Two-Tailed
    Variable        Estimate       S.E.  Est./S.E.    P-Value

    SCGHQB_5           0.656      0.036     18.256      0.000
    SCGHQB_6           0.616      0.033     18.781      0.000
    SCGHQB_7           0.587      0.032     18.518      0.000
    SCGHQB_8           0.575      0.034     16.780      0.000
    SCGHQB_1           0.611      0.045     13.550      0.000

Class 2

    Observed                                        Two-Tailed
    Variable        Estimate       S.E.  Est./S.E.    P-Value

    SCGHQB_5           0.559      0.037     15.289      0.000
    SCGHQB_6           0.553      0.032     17.316      0.000
    SCGHQB_7           0.548      0.030     18.148      0.000
    SCGHQB_8           0.542      0.032     16.947      0.000
    SCGHQB_1           0.531      0.045     11.899      0.000


     Beginning Time:  12:09:36
        Ending Time:  12:16:41
       Elapsed Time:  00:07:05



MUTHEN & MUTHEN
3463 Stoner Ave.
Los Angeles, CA  90066

Tel: (310) 391-9971
Fax: (310) 391-8971
Web: www.StatModel.com
Support: Support@StatModel.com

Copyright (c) 1998-2021 Muthen & Muthen
