Mplus VERSION 8.6
MUTHEN & MUTHEN
07/12/2021   8:22 PM

INPUT INSTRUCTIONS

  TITLE: Your title goes here

   DATA: FILE = data.dta;

   VARIABLE:

   NAMES = pidp gridmode mm hidp_5 hidp_6 hidp_7 hidp_8 hidp_9 hidp_10 indmode_5
       indmode_6 indmode_7 indmode_8 indmode_9 indmode_10 mode_type_all mode_type_no9
       mode_type_567 mode_type_7 all no9 p567 p7 switch_all switch_no9 switch_567
       switch_7 lkmove_5 xpmove_5 caruse_5 mobuse_5 netpuse_5 aidxhh_5 jbhas_5 j2has_5
       finnow_5 finfut_5 howlng_5 vote1_5 vote6_5 scsf1_5 scsf2a_5 scsf2b_5 scsf3a_5
       scsf3b_5 scsf4a_5 scsf4b_5 scsf5_5 scsf6a_5 scsf6b_5 scsf6c_5 scsf7_5 scghqa_5
       scghqb_5 scghqc_5 scghqd_5 scghqe_5 scghqf_5 scghqg_5 scghqh_5 scghqi_5
       scghqj_5 scghqk_5 scghql_5 lkmove_6 xpmove_6 caruse_6 mobuse_6 netpuse_6
       aidxhh_6 jbhas_6 j2has_6 finnow_6 finfut_6 howlng_6 vote1_6 vote6_6 scsf1_6
       scsf2a_6 scsf2b_6 scsf3a_6 scsf3b_6 scsf4a_6 scsf4b_6 scsf5_6 scsf6a_6 scsf6b_6
       scsf6c_6 scsf7_6 scghqa_6 scghqb_6 scghqc_6 scghqd_6 scghqe_6 scghqf_6 scghqg_6
       scghqh_6 scghqi_6 scghqj_6 scghqk_6 scghql_6 lkmove_7 xpmove_7 caruse_7
       mobuse_7 netpuse_7 smoker_7 aidxhh_7 jbhas_7 jbterm1_7 jbsemp_7 j2has_7
       fiyrdia_7 finnow_7 finfut_7 howlng_7 vote1_7 vote6_7 scsf2a_7 scsf2b_7 scsf3a_7
       scsf3b_7 scsf4a_7 scsf4b_7 scsf5_7 scsf6a_7 scsf6b_7 scsf6c_7 scsf7_7 scghqa_7
       scghqb_7 scghqc_7 scghqd_7 scghqe_7 scghqf_7 scghqg_7 scghqh_7 scghqi_7
       scghqj_7 scghqk_7 scghql_7 scsf1_7 lkmove_8 xpmove_8 caruse_8 mobuse_8
       netpuse_8 smoker_8 aidxhh_8 jbhas_8 jbterm1_8 jbsemp_8 j2has_8 fiyrdia_8
       finnow_8 finfut_8 scsf2a_8 scsf2b_8 scsf3a_8 scsf3b_8 scsf4a_8 scsf4b_8 scsf5_8
       scsf6a_8 scsf6b_8 scsf6c_8 scsf7_8 scghqa_8 scghqb_8 scghqc_8 scghqd_8 scghqe_8
       scghqf_8 scghqg_8 scghqh_8 scghqi_8 scghqj_8 scghqk_8 scghql_8 scsf1_8 mobuse_9
       netpuse_9 smoker_9 jbhas_9 jbterm1_9 jbsemp_9 j2has_9 fiyrdia_9 finnow_9
       finfut_9 lkmove_10 xpmove_10 mobuse_10 netpuse_10 smoker_10 aidxhh_10 jbhas_10
       jbterm1_10 jbsemp_10 j2has_10 fiyrdia_10 finnow_10 finfut_10 scsf1_10 scsf2a_10
       scsf2b_10 scsf3a_10 scsf3b_10 scsf4a_10 scsf4b_10 scsf5_10 scsf6a_10 scsf6b_10
       scsf6c_10 scsf7_10 scghqa_10 scghqb_10 scghqc_10 scghqd_10 scghqe_10 scghqf_10
       scghqg_10 scghqh_10 scghqi_10 scghqj_10 scghqk_10 scghql_10 edu agecat female
       partner sf1 longill london north urban refresh Higher A level GCSE Other age_35
       age_55 age_75 age_102 pred_all pred_no9 pred_p567 pred_p7 pred_all_w pred_no9_w
       pred_p567_w pred_p7_w;

   MISSING=.;

   USEVARIABLES ARE
   smoker_7
   smoker_8
   smoker_9
   smoker_10;

   CATEGORICAL ARE
   smoker_7
   smoker_8
   smoker_9
   smoker_10;
   CLASSES = c(2);

    KNOWNCLASS = c(p7= 1 2);
  WEIGHT IS pred_p7_w;

   ANALYSIS:


      TYPE = MIXTURE;

      ESTIMATOR = MLR;

      ALGORITHM = INTEGRATION;

      Processors = 8(starts);

      STARTS = 800 200;

   Model:


      %OVERALL%

  i s | smoker_7@0 smoker_8@1 smoker_9@2 smoker_10@3;
   %c#1%
  [s] (a);
   s (b);
   s WITH i (c);
   i (d);

   %c#2%
  [s] (a);
   s (b);
   s WITH i (c);
   i (d);

   OUTPUT: SAMPSTAT;

                                  STDYX;




*** WARNING in VARIABLE command
  Note that only the first 8 characters of variable names are used in the output.
  Shorten variable names to avoid any confusion.
*** WARNING
  Data set contains unknown or missing values for variable P7.
  This variable is used to determine the KNOWNCLASS specification.
  Number of such cases:  343
*** WARNING
  Data set contains cases with missing on all variables.
  These cases were not included in the analysis.
  Number of cases with missing on all variables:  1
   3 WARNING(S) FOUND IN THE INPUT INSTRUCTIONS



Your title goes here

SUMMARY OF ANALYSIS

Number of groups                                                 1
Number of observations                                        1713

Number of dependent variables                                    4
Number of independent variables                                  0
Number of continuous latent variables                            2
Number of categorical latent variables                           1

Observed dependent variables

  Binary and ordered categorical (ordinal)
   SMOKER_7    SMOKER_8    SMOKER_9    SMOKER_1

Continuous latent variables
   I           S

Categorical latent variables
   C

  Knownclass            C

Variables with special functions

  Weight variable       PRED_P7_

Estimator                                                      MLR
Information matrix                                        OBSERVED
Optimization Specifications for the Quasi-Newton Algorithm for
Continuous Outcomes
  Maximum number of iterations                                 100
  Convergence criterion                                  0.100D-05
Optimization Specifications for the EM Algorithm
  Maximum number of iterations                                 500
  Convergence criteria
    Loglikelihood change                                 0.100D-02
    Relative loglikelihood change                        0.100D-05
    Derivative                                           0.100D-02
Optimization Specifications for the M step of the EM Algorithm for
Categorical Latent variables
  Number of M step iterations                                    1
  M step convergence criterion                           0.100D-02
  Basis for M step termination                           ITERATION
Optimization Specifications for the M step of the EM Algorithm for
Censored, Binary or Ordered Categorical (Ordinal), Unordered
Categorical (Nominal) and Count Outcomes
  Number of M step iterations                                    1
  M step convergence criterion                           0.100D-02
  Basis for M step termination                           ITERATION
  Maximum value for logit thresholds                            15
  Minimum value for logit thresholds                           -15
  Minimum expected cell size for chi-square              0.100D-01
Maximum number of iterations for H1                           2000
Convergence criterion for H1                             0.100D-03
Optimization algorithm                                         EMA
Integration Specifications
  Type                                                    STANDARD
  Number of integration points                                  15
  Dimensions of numerical integration                            2
  Adaptive quadrature                                           ON
Random Starts Specifications
  Number of initial stage random starts                        800
  Number of final stage optimizations                          200
  Number of initial stage iterations                            10
  Initial stage convergence criterion                    0.100D+01
  Random starts scale                                    0.500D+01
  Random seed for generating random starts                       0
Link                                                         LOGIT
Cholesky                                                        ON

Input data file(s)
  data.dta
Input data format  FREE


SUMMARY OF DATA

     Number of missing data patterns            15
     Number of y missing data patterns           0
     Number of u missing data patterns          15


COVARIANCE COVERAGE OF DATA

Minimum covariance coverage value   0.100


     PROPORTION OF DATA PRESENT FOR U


           Covariance Coverage
              SMOKER_7      SMOKER_8      SMOKER_9      SMOKER_1
              ________      ________      ________      ________
 SMOKER_7       0.682
 SMOKER_8       0.551         0.649
 SMOKER_9       0.515         0.546         0.625
 SMOKER_1       0.460         0.490         0.504         0.723


UNIVARIATE PROPORTIONS AND COUNTS FOR CATEGORICAL VARIABLES

    SMOKER_7
      Category 1    0.838          978.878
      Category 2    0.162          189.015
    SMOKER_8
      Category 1    0.835          927.895
      Category 2    0.165          183.984
    SMOKER_9
      Category 1    0.849          907.927
      Category 2    0.151          162.021
    SMOKER_1
      Category 1    0.851         1053.984
      Category 2    0.149          184.043


SAMPLE STATISTICS

RANDOM STARTS RESULTS RANKED FROM THE BEST TO THE WORST LOGLIKELIHOOD VALUES

Final stage loglikelihood values at local maxima, seeds, and initial stage start numbers:

           -2228.857  268896           124
           -2229.011  352277           42
           -2229.249  551639           55
           -2229.429  246261           38
           -2229.458  273992           349
           -2229.468  348637           749
           -2229.531  995249           525
           -2229.690  599729           658
           -2229.884  327475           518
           -2229.897  185071           370
           -2229.949  399380           436
           -2230.239  575700           100
           -2234.175  377504           294
           -2234.178  88437            761
           -2234.237  512403           719
           -2234.509  784664           75
           -2248.725  654136           167
           -2248.725  355254           796
           -2248.725  582296           452
           -2248.725  526324           178
           -2248.725  746978           410
           -2248.725  668003           647
           -2248.725  496710           386
           -2248.725  686482           215
           -2248.725  699554           427
           -2248.725  414828           322
           -2248.725  464179           106
           -2248.725  836515           341
           -2248.725  7959             256
           -2248.725  642386           662
           -2248.725  824956           607
           -2248.725  132336           362
           -2248.725  521575           313
           -2248.725  862607           468
           -2248.725  840031           276
           -2248.725  529496           343
           -2248.725  686384           690
           -2248.725  714455           476
           -2248.725  360419           356
           -2248.725  534193           689
           -2248.725  699810           571
           -2248.725  913639           162
           -2248.725  213189           605
           -2248.725  12477            155
           -2248.725  331681           549
           -2248.725  769907           457
           -2248.725  72662            729
           -2248.725  392407           221
           -2248.725  175199           247
           -2248.725  474357           789
           -2248.725  66276            217
           -2248.725  455617           242
           -2248.725  865906           641
           -2248.725  68985            17
           -2248.725  547702           767
           -2248.725  691041           590
           -2248.725  971693           470
           -2248.725  282464           283
           -2248.725  291112           645
           -2248.725  505244           582
           -2248.725  113138           585
           -2248.725  179022           687
           -2248.725  775884           639
           -2248.725  100874           108
           -2248.725  366533           484
           -2248.725  278692           342
           -2248.725  798839           312
           -2248.725  529455           268
           -2248.725  22874            588
           -2248.725  40340            188
           -2248.725  227563           63
           -2248.725  507154           387
           -2248.725  238906           430
           -2248.725  329127           185
           -2248.725  491970           563
           -2248.725  23012            352
           -2248.725  283492           435
           -2248.725  569338           755
           -2248.725  900268           327
           -2248.725  791396           243
           -2248.725  501995           791
           -2248.725  473942           574
           -2248.725  576220           115
           -2248.725  691234           250
           -2248.725  371737           532
           -2248.725  859432           770
           -2248.725  704798           530
           -2248.725  881886           608
           -2248.725  253358           2
           -2248.725  61587            400
           -2248.725  655497           376
           -2248.725  436460           89
           -2248.725  960438           116
           -2248.725  965639           463
           -2248.725  121425           511
           -2248.725  120506           45
           -2248.725  36714            201
           -2248.725  178031           720
           -2248.725  915107           54
           -2248.725  413564           535
           -2248.725  152496           123
           -2248.725  358074           560
           -2248.725  79945            395
           -2248.725  276102           599
           -2248.725  414284           158
           -2248.725  349360           464
           -2248.725  359578           458
           -2248.725  898745           466
           -2248.725  802682           419
           -2248.725  995875           547
           -2248.725  535063           329
           -2248.725  830392           35
           -2248.725  3307             735
           -2248.725  21345            199
           -2248.725  77210            712
           -2248.725  797594           234
           -2248.725  856612           700
           -2248.725  702492           718
           -2248.725  170954           86
           -2248.725  268217           83
           -2248.725  402224           91
           -2248.725  838615           677
           -2248.725  416463           467
           -2248.725  322790           636
           -2248.725  207896           25
           -2248.725  907810           795
           -2248.725  341519           653
           -2248.725  568405           233
           -2248.725  127362           757
           -2248.725  316165           299
           -2248.725  917702           693
           -2248.725  170118           238
           -2248.725  576596           99
           -2248.725  846194           93
           -2248.725  17359            227
           -2248.725  982520           737
           -2248.725  640833           434
           -2248.725  284109           82
           -2248.725  197223           332
           -2248.725  484406           421
           -2248.725  161421           519
           -2248.725  502532           445
           -2248.725  192071           142
           -2248.725  625191           350
           -2248.725  188640           451
           -2248.725  910224           580
           -2248.725  685268           596
           -2248.725  775881           778
           -2248.725  85114            385
           -2248.725  404426           344
           -2248.725  107446           12
           -2248.725  942358           644
           -2248.725  76451            211
           -2248.725  173440           328
           -2248.725  138695           783
           -2248.725  182524           373
           -2248.725  940533           764
           -2248.725  252346           528
           -2248.725  58507            793
           -2248.725  568859           49
           -2248.725  484501           163
           -2248.725  298275           418
           -2248.725  669634           335
           -2248.725  344422           296
           -2248.725  42523            730
           -2248.725  341960           685
           -2248.725  405079           68
           -2248.725  855760           593
           -2248.725  723775           97
           -2248.725  177936           726
           -2248.725  918558           412
           -2248.725  617658           660
           -2248.725  438144           271
           -2248.725  848969           173
           -2248.725  650371           14
           -2248.725  823392           479
           -2248.725  51375            148
           -2248.725  788796           145
           -2248.725  118421           139
           -2248.725  17896            592
           -2248.725  402699           604
           -2248.725  741888           138
           -2248.725  232226           235
           -2248.725  602032           648
           -2248.725  931874           141
           -2248.725  752769           253
           -2248.725  202790           198
           -2248.725  970689           266
           -2248.725  147440           514
           -2248.725  425982           485
           -2248.725  580405           286
           -2248.725  570681           777
           -2248.725  645664           39
           -2248.725  393232           152
           -2248.725  856536           144
           -2248.725  264901           634
           -2248.725  154575           539
           -2258.151  404042           675

2 perturbed starting value run(s) did not converge or were rejected in the third stage.



THE BEST LOGLIKELIHOOD VALUE HAS BEEN REPLICATED.  RERUN WITH AT LEAST TWICE THE
RANDOM STARTS TO CHECK THAT THE BEST LOGLIKELIHOOD IS STILL OBTAINED AND REPLICATED.

     WARNING: THE MODEL ESTIMATION HAS REACHED A SADDLE POINT OR A POINT WHERE THE
     OBSERVED AND THE EXPECTED INFORMATION MATRICES DO NOT MATCH.
     AN ADJUSTMENT TO THE ESTIMATION OF THE INFORMATION MATRIX HAS BEEN MADE.
     THE CONDITION NUMBER IS      -0.327D-02.
     THE PROBLEM MAY ALSO BE RESOLVED BY TURNING OFF THE CHOLESKY OPTION OR
     BY DECREASING THE VALUE OF THE MCONVERGENCE OPTION OR BY CHANGING THE STARTING VALUES
     OR BY INCREASING THE NUMBER OF INTEGRATION POINTS OR BY USING THE MLF ESTIMATOR.


THE MODEL ESTIMATION TERMINATED NORMALLY



MODEL FIT INFORMATION

Number of Free Parameters                        7

Loglikelihood

          H0 Value                       -2228.857
          H0 Scaling Correction Factor      2.0842
            for MLR

Information Criteria

          Akaike (AIC)                    4471.713
          Bayesian (BIC)                  4509.835
          Sample-Size Adjusted BIC        4487.597
            (n* = (n + 2) / 24)

Chi-Square Test of Model Fit for the Binary and Ordered Categorical
(Ordinal) Outcomes

          Pearson Chi-Square

          Value                            912.326
          Degrees of Freedom                    24
          P-Value                           0.0000

          Likelihood Ratio Chi-Square

          Value                            202.977
          Degrees of Freedom                    24
          P-Value                           0.0000

Chi-Square Test for MCAR under the Unrestricted Latent Class Indicator Model

          Pearson Chi-Square

          Value                            161.456
          Degrees of Freedom                    99
          P-Value                           0.0001

          Likelihood Ratio Chi-Square

          Value                            131.432
          Degrees of Freedom                    99
          P-Value                           0.0162



FINAL CLASS COUNTS AND PROPORTIONS FOR THE LATENT CLASSES
BASED ON THE ESTIMATED MODEL

    Latent
   Classes

       1       1194.00000          0.69702
       2        519.00000          0.30298


MODEL RESULTS

                                                    Two-Tailed
                    Estimate       S.E.  Est./S.E.    P-Value

Latent Class 1 (1)

 I        |
    SMOKER_7           1.000      0.000    999.000    999.000
    SMOKER_8           1.000      0.000    999.000    999.000
    SMOKER_9           1.000      0.000    999.000    999.000
    SMOKER_10          1.000      0.000    999.000    999.000

 S        |
    SMOKER_7           0.000      0.000    999.000    999.000
    SMOKER_8           1.000      0.000    999.000    999.000
    SMOKER_9           2.000      0.000    999.000    999.000
    SMOKER_10          3.000      0.000    999.000    999.000

 S        WITH
    I                -22.793     24.104     -0.946      0.344

 Means
    I                  3.095      0.451      6.858      0.000
    S                  1.016      1.456      0.698      0.485

 Thresholds
    SMOKER_7$1        19.613      6.125      3.202      0.001
    SMOKER_8$1        19.613      6.125      3.202      0.001
    SMOKER_9$1        19.613      6.125      3.202      0.001
    SMOKER_1$1        19.613      6.125      3.202      0.001

 Variances
    I                297.416    173.943      1.710      0.087
    S                  3.019      2.897      1.042      0.297

Latent Class 2 (2)

 I        |
    SMOKER_7           1.000      0.000    999.000    999.000
    SMOKER_8           1.000      0.000    999.000    999.000
    SMOKER_9           1.000      0.000    999.000    999.000
    SMOKER_10          1.000      0.000    999.000    999.000

 S        |
    SMOKER_7           0.000      0.000    999.000    999.000
    SMOKER_8           1.000      0.000    999.000    999.000
    SMOKER_9           2.000      0.000    999.000    999.000
    SMOKER_10          3.000      0.000    999.000    999.000

 S        WITH
    I                -22.793     24.104     -0.946      0.344

 Means
    I                  0.000      0.000    999.000    999.000
    S                  1.016      1.456      0.698      0.485

 Thresholds
    SMOKER_7$1        19.613      6.125      3.202      0.001
    SMOKER_8$1        19.613      6.125      3.202      0.001
    SMOKER_9$1        19.613      6.125      3.202      0.001
    SMOKER_1$1        19.613      6.125      3.202      0.001

 Variances
    I                297.416    173.943      1.710      0.087
    S                  3.019      2.897      1.042      0.297

Categorical Latent Variables

 Means
    C#1                0.833      0.053     15.846      0.000


QUALITY OF NUMERICAL RESULTS

     Condition Number for the Information Matrix             -0.327E-02
       (ratio of smallest to largest eigenvalue)


RESULTS IN PROBABILITY SCALE

                    Estimate

Latent Class 1 (1)

 SMOKER_7
    Category 1         0.830
    Category 2         0.170
 SMOKER_8
    Category 1         0.833
    Category 2         0.167
 SMOKER_9
    Category 1         0.835
    Category 2         0.165
 SMOKER_10
    Category 1         0.835
    Category 2         0.165

Latent Class 2 (2)

 SMOKER_7
    Category 1         0.871
    Category 2         0.129
 SMOKER_8
    Category 1         0.876
    Category 2         0.124
 SMOKER_9
    Category 1         0.881
    Category 2         0.119
 SMOKER_10
    Category 1         0.885
    Category 2         0.115


LATENT CLASS INDICATOR ODDS RATIOS FOR THE LATENT CLASSES

                                                95% C.I.
                    Estimate       S.E.  Lower 2.5% Upper 2.5%

Latent Class 1 Compared to Latent Class 2

 SMOKER_7
    Category > 1      22.096      9.973      9.122     53.520
 SMOKER_8
    Category > 1      22.096      9.973      9.122     53.520
 SMOKER_9
    Category > 1      22.096      9.973      9.122     53.520
 SMOKER_1
    Category > 1      22.096      9.973      9.122     53.520


STANDARDIZED MODEL RESULTS


STDYX Standardization

                                                    Two-Tailed
                    Estimate       S.E.  Est./S.E.    P-Value

Latent Class 1 (1)

 I        |
    SMOKER_7           0.995      0.003    312.572      0.000
    SMOKER_8           1.073      0.065     16.599      0.000
    SMOKER_9           1.158      0.164      7.047      0.000
    SMOKER_10          1.247      0.320      3.900      0.000

 S        |
    SMOKER_7           0.000      0.000    999.000    999.000
    SMOKER_8           0.108      0.076      1.415      0.157
    SMOKER_9           0.233      0.161      1.453      0.146
    SMOKER_10          0.377      0.248      1.522      0.128

 S        WITH
    I                 -0.761      0.728     -1.045      0.296

 Means
    I                  0.179      0.062      2.895      0.004
    S                  0.585      0.946      0.618      0.536

 Thresholds
    SMOKER_7$1         1.131      0.038     29.672      0.000
    SMOKER_8$1         1.221      0.086     14.234      0.000
    SMOKER_9$1         1.317      0.198      6.653      0.000
    SMOKER_1$1         1.419      0.377      3.759      0.000

 Variances
    I                  1.000      0.000    999.000    999.000
    S                  1.000      0.000    999.000    999.000

Latent Class 2 (2)

 I        |
    SMOKER_7           0.995      0.003    312.572      0.000
    SMOKER_8           1.073      0.065     16.599      0.000
    SMOKER_9           1.158      0.164      7.047      0.000
    SMOKER_10          1.247      0.320      3.900      0.000

 S        |
    SMOKER_7           0.000      0.000    999.000    999.000
    SMOKER_8           0.108      0.076      1.415      0.157
    SMOKER_9           0.233      0.161      1.453      0.146
    SMOKER_10          0.377      0.248      1.522      0.128

 S        WITH
    I                 -0.761      0.728     -1.045      0.296

 Means
    I                  0.000      0.000    999.000    999.000
    S                  0.585      0.946      0.618      0.536

 Thresholds
    SMOKER_7$1         1.131      0.038     29.672      0.000
    SMOKER_8$1         1.221      0.086     14.234      0.000
    SMOKER_9$1         1.317      0.198      6.653      0.000
    SMOKER_1$1         1.419      0.377      3.759      0.000

 Variances
    I                  1.000      0.000    999.000    999.000
    S                  1.000      0.000    999.000    999.000


R-SQUARE

Class 1

    Observed                                        Two-Tailed
    Variable        Estimate       S.E.  Est./S.E.    P-Value

    SMOKER_7           0.989      0.006    156.286      0.000
    SMOKER_8           0.987      0.007    149.442      0.000
    SMOKER_9           0.985      0.006    152.987      0.000
    SMOKER_1           0.983      0.006    156.073      0.000

Class 2

    Observed                                        Two-Tailed
    Variable        Estimate       S.E.  Est./S.E.    P-Value

    SMOKER_7           0.989      0.006    156.286      0.000
    SMOKER_8           0.987      0.007    149.442      0.000
    SMOKER_9           0.985      0.006    152.987      0.000
    SMOKER_1           0.983      0.006    156.073      0.000


     Beginning Time:  20:22:47
        Ending Time:  20:23:48
       Elapsed Time:  00:01:01



MUTHEN & MUTHEN
3463 Stoner Ave.
Los Angeles, CA  90066

Tel: (310) 391-9971
Fax: (310) 391-8971
Web: www.StatModel.com
Support: Support@StatModel.com

Copyright (c) 1998-2021 Muthen & Muthen
