Mplus VERSION 8.6
MUTHEN & MUTHEN
07/12/2021   1:26 PM

INPUT INSTRUCTIONS

  TITLE: Your title goes here

   DATA: FILE = data.dta;

   VARIABLE:

   NAMES = pidp gridmode mm hidp_5 hidp_6 hidp_7 hidp_8 hidp_9 hidp_10 indmode_5
       indmode_6 indmode_7 indmode_8 indmode_9 indmode_10 mode_type_all mode_type_no9
       mode_type_567 mode_type_7 all no9 p567 p7 switch_all switch_no9 switch_567
       switch_7 lkmove_5 xpmove_5 caruse_5 mobuse_5 netpuse_5 aidxhh_5 jbhas_5 j2has_5
       finnow_5 finfut_5 howlng_5 vote1_5 vote6_5 scsf1_5 scsf2a_5 scsf2b_5 scsf3a_5
       scsf3b_5 scsf4a_5 scsf4b_5 scsf5_5 scsf6a_5 scsf6b_5 scsf6c_5 scsf7_5 scghqa_5
       scghqb_5 scghqc_5 scghqd_5 scghqe_5 scghqf_5 scghqg_5 scghqh_5 scghqi_5
       scghqj_5 scghqk_5 scghql_5 lkmove_6 xpmove_6 caruse_6 mobuse_6 netpuse_6
       aidxhh_6 jbhas_6 j2has_6 finnow_6 finfut_6 howlng_6 vote1_6 vote6_6 scsf1_6
       scsf2a_6 scsf2b_6 scsf3a_6 scsf3b_6 scsf4a_6 scsf4b_6 scsf5_6 scsf6a_6 scsf6b_6
       scsf6c_6 scsf7_6 scghqa_6 scghqb_6 scghqc_6 scghqd_6 scghqe_6 scghqf_6 scghqg_6
       scghqh_6 scghqi_6 scghqj_6 scghqk_6 scghql_6 lkmove_7 xpmove_7 caruse_7
       mobuse_7 netpuse_7 smoker_7 aidxhh_7 jbhas_7 jbterm1_7 jbsemp_7 j2has_7
       fiyrdia_7 finnow_7 finfut_7 howlng_7 vote1_7 vote6_7 scsf2a_7 scsf2b_7 scsf3a_7
       scsf3b_7 scsf4a_7 scsf4b_7 scsf5_7 scsf6a_7 scsf6b_7 scsf6c_7 scsf7_7 scghqa_7
       scghqb_7 scghqc_7 scghqd_7 scghqe_7 scghqf_7 scghqg_7 scghqh_7 scghqi_7
       scghqj_7 scghqk_7 scghql_7 scsf1_7 lkmove_8 xpmove_8 caruse_8 mobuse_8
       netpuse_8 smoker_8 aidxhh_8 jbhas_8 jbterm1_8 jbsemp_8 j2has_8 fiyrdia_8
       finnow_8 finfut_8 scsf2a_8 scsf2b_8 scsf3a_8 scsf3b_8 scsf4a_8 scsf4b_8 scsf5_8
       scsf6a_8 scsf6b_8 scsf6c_8 scsf7_8 scghqa_8 scghqb_8 scghqc_8 scghqd_8 scghqe_8
       scghqf_8 scghqg_8 scghqh_8 scghqi_8 scghqj_8 scghqk_8 scghql_8 scsf1_8 mobuse_9
       netpuse_9 smoker_9 jbhas_9 jbterm1_9 jbsemp_9 j2has_9 fiyrdia_9 finnow_9
       finfut_9 lkmove_10 xpmove_10 mobuse_10 netpuse_10 smoker_10 aidxhh_10 jbhas_10
       jbterm1_10 jbsemp_10 j2has_10 fiyrdia_10 finnow_10 finfut_10 scsf1_10 scsf2a_10
       scsf2b_10 scsf3a_10 scsf3b_10 scsf4a_10 scsf4b_10 scsf5_10 scsf6a_10 scsf6b_10
       scsf6c_10 scsf7_10 scghqa_10 scghqb_10 scghqc_10 scghqd_10 scghqe_10 scghqf_10
       scghqg_10 scghqh_10 scghqi_10 scghqj_10 scghqk_10 scghql_10 edu agecat female
       partner sf1 longill london north urban refresh Higher A level GCSE Other age_35
       age_55 age_75 age_102 pred_all pred_no9 pred_p567 pred_p7 pred_all_w pred_no9_w
       pred_p567_w pred_p7_w;

   MISSING=.;

   USEVARIABLES ARE
   scghqd_5
   scghqd_6
   scghqd_7
   scghqd_8
   scghqd_10;

   CATEGORICAL ARE
   scghqd_5
   scghqd_6
   scghqd_7
   scghqd_8
   scghqd_10;
   CLASSES = c(2);

    KNOWNCLASS = c(mm= 1 2);

   ANALYSIS:


      TYPE = MIXTURE;

      ESTIMATOR = MLR;

      ALGORITHM = INTEGRATION;

      Processors = 8(starts);

      STARTS = 800 200;

   Model:


      %OVERALL%

  i s | scghqd_5@0 scghqd_6@1 scghqd_7@2 scghqd_8@3 scghqd_10@5;
   %c#1%
  [s] (a); s ;
   s WITH i ;
   i ;


   %c#2%
  [s] (a); s ;
   s WITH i ;
   i ;


   OUTPUT: SAMPSTAT;

                                  STDYX;




*** WARNING in VARIABLE command
  Note that only the first 8 characters of variable names are used in the output.
  Shorten variable names to avoid any confusion.
*** WARNING
  Data set contains unknown or missing values for variable MM.
  This variable is used to determine the KNOWNCLASS specification.
  Number of such cases:  458
*** WARNING
  Data set contains cases with missing on all variables.
  These cases were not included in the analysis.
  Number of cases with missing on all variables:  167
   3 WARNING(S) FOUND IN THE INPUT INSTRUCTIONS



Your title goes here

SUMMARY OF ANALYSIS

Number of groups                                                 1
Number of observations                                        1432

Number of dependent variables                                    5
Number of independent variables                                  0
Number of continuous latent variables                            2
Number of categorical latent variables                           1

Observed dependent variables

  Binary and ordered categorical (ordinal)
   SCGHQD_5    SCGHQD_6    SCGHQD_7    SCGHQD_8    SCGHQD_1

Continuous latent variables
   I           S

Categorical latent variables
   C

  Knownclass            C


Estimator                                                      MLR
Information matrix                                        OBSERVED
Optimization Specifications for the Quasi-Newton Algorithm for
Continuous Outcomes
  Maximum number of iterations                                 100
  Convergence criterion                                  0.100D-05
Optimization Specifications for the EM Algorithm
  Maximum number of iterations                                 500
  Convergence criteria
    Loglikelihood change                                 0.100D-02
    Relative loglikelihood change                        0.100D-05
    Derivative                                           0.100D-02
Optimization Specifications for the M step of the EM Algorithm for
Categorical Latent variables
  Number of M step iterations                                    1
  M step convergence criterion                           0.100D-02
  Basis for M step termination                           ITERATION
Optimization Specifications for the M step of the EM Algorithm for
Censored, Binary or Ordered Categorical (Ordinal), Unordered
Categorical (Nominal) and Count Outcomes
  Number of M step iterations                                    1
  M step convergence criterion                           0.100D-02
  Basis for M step termination                           ITERATION
  Maximum value for logit thresholds                            15
  Minimum value for logit thresholds                           -15
  Minimum expected cell size for chi-square              0.100D-01
Maximum number of iterations for H1                           2000
Convergence criterion for H1                             0.100D-03
Optimization algorithm                                         EMA
Integration Specifications
  Type                                                    STANDARD
  Number of integration points                                  15
  Dimensions of numerical integration                            2
  Adaptive quadrature                                           ON
Random Starts Specifications
  Number of initial stage random starts                        800
  Number of final stage optimizations                          200
  Number of initial stage iterations                            10
  Initial stage convergence criterion                    0.100D+01
  Random starts scale                                    0.500D+01
  Random seed for generating random starts                       0
Link                                                         LOGIT
Cholesky                                                        ON

Input data file(s)
  data.dta
Input data format  FREE


SUMMARY OF DATA

     Number of missing data patterns            31
     Number of y missing data patterns           0
     Number of u missing data patterns          31


COVARIANCE COVERAGE OF DATA

Minimum covariance coverage value   0.100


     PROPORTION OF DATA PRESENT FOR U


           Covariance Coverage
              SCGHQD_5      SCGHQD_6      SCGHQD_7      SCGHQD_8      SCGHQD_1
              ________      ________      ________      ________      ________
 SCGHQD_5       0.497
 SCGHQD_6       0.376         0.588
 SCGHQD_7       0.341         0.436         0.648
 SCGHQD_8       0.325         0.420         0.504         0.636
 SCGHQD_1       0.288         0.369         0.433         0.479         0.584


UNIVARIATE PROPORTIONS AND COUNTS FOR CATEGORICAL VARIABLES

    SCGHQD_5
      Category 1    0.060           43.000
      Category 2    0.864          615.000
      Category 3    0.069           49.000
      Category 4    0.007            5.000
    SCGHQD_6
      Category 1    0.063           53.000
      Category 2    0.838          706.000
      Category 3    0.088           74.000
      Category 4    0.011            9.000
    SCGHQD_7
      Category 1    0.053           49.000
      Category 2    0.867          805.000
      Category 3    0.062           58.000
      Category 4    0.017           16.000
    SCGHQD_8
      Category 1    0.081           74.000
      Category 2    0.831          757.000
      Category 3    0.077           70.000
      Category 4    0.011           10.000
    SCGHQD_1
      Category 1    0.051           43.000
      Category 2    0.847          709.000
      Category 3    0.079           66.000
      Category 4    0.023           19.000


SAMPLE STATISTICS

RANDOM STARTS RESULTS RANKED FROM THE BEST TO THE WORST LOGLIKELIHOOD VALUES

Final stage loglikelihood values at local maxima, seeds, and initial stage start numbers:

           -3277.390  391949           295
           -3277.390  15270            610
           -3277.391  244349           736
           -3277.391  637095           207
           -3277.391  284109           82
           -3277.392  888905           444
           -3277.393  878749           728
           -3277.393  556929           734
           -3277.394  502495           724
           -3277.394  749453           33
           -3277.395  402699           604
           -3277.396  216565           474
           -3277.396  59674            240
           -3277.397  754100           56
           -3277.397  298553           773
           -3277.397  76451            211
           -3277.398  121425           511
           -3277.399  568405           233
           -3277.399  876943           650
           -3277.399  659773           663
           -3277.400  485483           498
           -3277.400  761633           50
           -3277.400  616917           261
           -3277.401  900631           774
           -3277.401  512403           719
           -3277.402  21345            199
           -3277.402  696773           80
           -3277.403  316165           299
           -3277.403  972430           491
           -3277.404  231400           738
           -3277.404  655497           376
           -3277.404  441191           361
           -3277.405  417035           149
           -3277.405  692169           308
           -3277.407  157351           579
           -3277.407  614009           317
           -3277.407  166851           638
           -3277.407  608849           224
           -3277.408  635245           121
           -3277.408  971853           402
           -3277.408  370957           554
           -3277.409  282464           283
           -3277.409  937225           394
           -3277.409  860029           760
           -3277.409  195763           358
           -3277.410  251641           784
           -3277.410  479273           156
           -3277.410  840031           276
           -3277.410  951709           348
           -3277.410  742609           531
           -3277.410  303834           798
           -3277.411  126371           526
           -3277.411  46502            714
           -3277.411  602797           336
           -3277.411  563584           657
           -3277.412  137305           379
           -3277.412  689529           516
           -3277.413  801065           393
           -3277.413  435287           623
           -3277.413  117731           570
           -3277.413  738393           619
           -3277.414  775881           778
           -3277.414  848969           173
           -3277.415  291149           536
           -3277.415  715255           523
           -3277.416  821011           161
           -3277.417  231281           542
           -3277.417  354559           73
           -3277.417  947714           573
           -3277.418  798839           312
           -3277.419  505879           424
           -3277.419  682718           733
           -3277.419  252949           487
           -3277.419  209031           632
           -3277.420  879211           453
           -3277.420  407168           44
           -3277.421  592219           119
           -3277.421  127215           9
           -3277.422  967237           48
           -3277.422  987090           70
           -3277.423  153942           31
           -3277.424  637345           19
           -3277.426  497522           502
           -3277.426  432148           30
           -3277.426  534483           290
           -3277.426  715561           125
           -3277.426  700349           401
           -3277.426  502157           799
           -3277.426  106561           686
           -3277.428  378393           509
           -3277.428  29591            633
           -3277.428  638977           643
           -3277.428  566739           575
           -3277.429  926797           406
           -3277.430  425929           508
           -3277.431  726035           191
           -3277.431  379729           512
           -3277.431  407108           366
           -3277.431  319144           176
           -3277.431  701525           239
           -3277.431  820977           776
           -3277.431  275475           413
           -3277.431  699810           571
           -3277.432  741888           138
           -3277.432  404510           442
           -3277.432  741484           441
           -3277.432  496881           192
           -3277.433  787985           482
           -3277.433  347222           533
           -3277.433  387701           275
           -3277.433  509733           130
           -3277.433  595619           779
           -3277.433  399848           220
           -3277.434  545140           278
           -3277.434  260601           36
           -3277.434  192191           629
           -3277.435  694303           282
           -3277.435  618000           190
           -3277.435  227563           63
           -3277.435  335485           496
           -3277.435  342019           301
           -3277.435  117391           710
           -3277.435  197223           332
           -3277.435  520177           262
           -3277.435  575700           100
           -3277.436  326091           759
           -3277.436  548673           732
           -3277.436  67009            564
           -3277.436  965639           463
           -3277.436  724519           333
           -3277.437  760531           550
           -3277.437  783102           433
           -3277.437  580181           691
           -3277.437  551639           55

Unperturbed starting value run did not converge or was rejected in the third stage.

65 perturbed starting value run(s) did not converge or were rejected in the third stage.



THE BEST LOGLIKELIHOOD VALUE HAS BEEN REPLICATED.  RERUN WITH AT LEAST TWICE THE
RANDOM STARTS TO CHECK THAT THE BEST LOGLIKELIHOOD IS STILL OBTAINED AND REPLICATED.


THE MODEL ESTIMATION TERMINATED NORMALLY



MODEL FIT INFORMATION

Number of Free Parameters                       12

Loglikelihood

          H0 Value                       -3277.390
          H0 Scaling Correction Factor      0.9431
            for MLR

Information Criteria

          Akaike (AIC)                    6578.780
          Bayesian (BIC)                  6641.982
          Sample-Size Adjusted BIC        6603.862
            (n* = (n + 2) / 24)

Chi-Square Test of Model Fit for the Binary and Ordered Categorical
(Ordinal) Outcomes**

          Pearson Chi-Square

          Value                           1552.906
          Degrees of Freedom                  2015
          P-Value                           1.0000

          Likelihood Ratio Chi-Square

          Value                            298.859
          Degrees of Freedom                  2015
          P-Value                           1.0000

** Of the 3124 cells in the latent class indicator table, 10
   were deleted in the calculation of chi-square due to extreme values.

Chi-Square Test for MCAR under the Unrestricted Latent Class Indicator Model

          Pearson Chi-Square

          Value                            922.396
          Degrees of Freedom                  4139
          P-Value                           1.0000

          Likelihood Ratio Chi-Square

          Value                            610.131
          Degrees of Freedom                  4139
          P-Value                           1.0000



FINAL CLASS COUNTS AND PROPORTIONS FOR THE LATENT CLASSES
BASED ON THE ESTIMATED MODEL

    Latent
   Classes

       1        841.00000          0.58729
       2        591.00000          0.41271


MODEL RESULTS

                                                    Two-Tailed
                    Estimate       S.E.  Est./S.E.    P-Value

Latent Class 1 (1)

 I        |
    SCGHQD_5           1.000      0.000    999.000    999.000
    SCGHQD_6           1.000      0.000    999.000    999.000
    SCGHQD_7           1.000      0.000    999.000    999.000
    SCGHQD_8           1.000      0.000    999.000    999.000
    SCGHQD_10          1.000      0.000    999.000    999.000

 S        |
    SCGHQD_5           0.000      0.000    999.000    999.000
    SCGHQD_6           1.000      0.000    999.000    999.000
    SCGHQD_7           2.000      0.000    999.000    999.000
    SCGHQD_8           3.000      0.000    999.000    999.000
    SCGHQD_10          5.000      0.000    999.000    999.000

 S        WITH
    I                  0.023      0.043      0.523      0.601

 Means
    I                 -0.050      0.122     -0.408      0.683
    S                  0.035      0.027      1.291      0.197

 Thresholds
    SCGHQD_5$1        -3.361      0.164    -20.479      0.000
    SCGHQD_5$2         3.015      0.152     19.864      0.000
    SCGHQD_5$3         5.187      0.223     23.252      0.000
    SCGHQD_6$1        -3.361      0.164    -20.479      0.000
    SCGHQD_6$2         3.015      0.152     19.864      0.000
    SCGHQD_6$3         5.187      0.223     23.252      0.000
    SCGHQD_7$1        -3.361      0.164    -20.479      0.000
    SCGHQD_7$2         3.015      0.152     19.864      0.000
    SCGHQD_7$3         5.187      0.223     23.252      0.000
    SCGHQD_8$1        -3.361      0.164    -20.479      0.000
    SCGHQD_8$2         3.015      0.152     19.864      0.000
    SCGHQD_8$3         5.187      0.223     23.252      0.000
    SCGHQD_1$1        -3.361      0.164    -20.479      0.000
    SCGHQD_1$2         3.015      0.152     19.864      0.000
    SCGHQD_1$3         5.187      0.223     23.252      0.000

 Variances
    I                  1.776      0.347      5.119      0.000
    S                  0.000      0.001      0.268      0.788

Latent Class 2 (2)

 I        |
    SCGHQD_5           1.000      0.000    999.000    999.000
    SCGHQD_6           1.000      0.000    999.000    999.000
    SCGHQD_7           1.000      0.000    999.000    999.000
    SCGHQD_8           1.000      0.000    999.000    999.000
    SCGHQD_10          1.000      0.000    999.000    999.000

 S        |
    SCGHQD_5           0.000      0.000    999.000    999.000
    SCGHQD_6           1.000      0.000    999.000    999.000
    SCGHQD_7           2.000      0.000    999.000    999.000
    SCGHQD_8           3.000      0.000    999.000    999.000
    SCGHQD_10          5.000      0.000    999.000    999.000

 S        WITH
    I                  0.026      0.057      0.449      0.653

 Means
    I                  0.000      0.000    999.000    999.000
    S                  0.035      0.027      1.291      0.197

 Thresholds
    SCGHQD_5$1        -3.361      0.164    -20.479      0.000
    SCGHQD_5$2         3.015      0.152     19.864      0.000
    SCGHQD_5$3         5.187      0.223     23.252      0.000
    SCGHQD_6$1        -3.361      0.164    -20.479      0.000
    SCGHQD_6$2         3.015      0.152     19.864      0.000
    SCGHQD_6$3         5.187      0.223     23.252      0.000
    SCGHQD_7$1        -3.361      0.164    -20.479      0.000
    SCGHQD_7$2         3.015      0.152     19.864      0.000
    SCGHQD_7$3         5.187      0.223     23.252      0.000
    SCGHQD_8$1        -3.361      0.164    -20.479      0.000
    SCGHQD_8$2         3.015      0.152     19.864      0.000
    SCGHQD_8$3         5.187      0.223     23.252      0.000
    SCGHQD_1$1        -3.361      0.164    -20.479      0.000
    SCGHQD_1$2         3.015      0.152     19.864      0.000
    SCGHQD_1$3         5.187      0.223     23.252      0.000

 Variances
    I                  1.548      0.478      3.240      0.001
    S                  0.000      0.002      0.237      0.813

Categorical Latent Variables

 Means
    C#1                0.353      0.054      6.572      0.000


QUALITY OF NUMERICAL RESULTS

     Condition Number for the Information Matrix              0.161E-04
       (ratio of smallest to largest eigenvalue)


RESULTS IN PROBABILITY SCALE

                    Estimate

Latent Class 1 (1)

 SCGHQD_5
    Category 1         0.067
    Category 2         0.850
    Category 3         0.070
    Category 4         0.012
 SCGHQD_6
    Category 1         0.066
    Category 2         0.848
    Category 3         0.073
    Category 4         0.013
 SCGHQD_7
    Category 1         0.065
    Category 2         0.846
    Category 3         0.075
    Category 4         0.013
 SCGHQD_8
    Category 1         0.064
    Category 2         0.843
    Category 3         0.078
    Category 4         0.014
 SCGHQD_10
    Category 1         0.062
    Category 2         0.838
    Category 3         0.084
    Category 4         0.016

Latent Class 2 (2)

 SCGHQD_5
    Category 1         0.061
    Category 2         0.859
    Category 3         0.069
    Category 4         0.012
 SCGHQD_6
    Category 1         0.060
    Category 2         0.856
    Category 3         0.072
    Category 4         0.012
 SCGHQD_7
    Category 1         0.059
    Category 2         0.853
    Category 3         0.075
    Category 4         0.013
 SCGHQD_8
    Category 1         0.058
    Category 2         0.851
    Category 3         0.078
    Category 4         0.014
 SCGHQD_10
    Category 1         0.057
    Category 2         0.844
    Category 3         0.084
    Category 4         0.015


STANDARDIZED MODEL RESULTS


STDYX Standardization

                                                    Two-Tailed
                    Estimate       S.E.  Est./S.E.    P-Value

Latent Class 1 (1)

 I        |
    SCGHQD_5           0.592      0.038     15.763      0.000
    SCGHQD_6           0.589      0.040     14.658      0.000
    SCGHQD_7           0.587      0.043     13.555      0.000
    SCGHQD_8           0.584      0.047     12.507      0.000
    SCGHQD_10          0.579      0.054     10.668      0.000

 S        |
    SCGHQD_5           0.000      0.000    999.000    999.000
    SCGHQD_6           0.008      0.014      0.534      0.593
    SCGHQD_7           0.015      0.029      0.537      0.591
    SCGHQD_8           0.023      0.042      0.539      0.590
    SCGHQD_10          0.038      0.069      0.544      0.586

 S        WITH
    I                  0.973      0.110      8.872      0.000

 Means
    I                 -0.037      0.091     -0.408      0.683
    S                  2.026      4.178      0.485      0.628

 Thresholds
    SCGHQD_5$1        -1.493      0.068    -22.009      0.000
    SCGHQD_5$2         1.340      0.064     20.953      0.000
    SCGHQD_5$3         2.305      0.091     25.203      0.000
    SCGHQD_6$1        -1.487      0.063    -23.608      0.000
    SCGHQD_6$2         1.334      0.060     22.055      0.000
    SCGHQD_6$3         2.295      0.085     27.025      0.000
    SCGHQD_7$1        -1.480      0.061    -24.431      0.000
    SCGHQD_7$2         1.328      0.059     22.441      0.000
    SCGHQD_7$3         2.284      0.083     27.565      0.000
    SCGHQD_8$1        -1.473      0.061    -24.172      0.000
    SCGHQD_8$2         1.322      0.060     21.976      0.000
    SCGHQD_8$3         2.274      0.086     26.555      0.000
    SCGHQD_1$1        -1.460      0.069    -21.035      0.000
    SCGHQD_1$2         1.310      0.068     19.182      0.000
    SCGHQD_1$3         2.254      0.103     21.824      0.000

 Variances
    I                  1.000      0.000    999.000    999.000
    S                  1.000      0.000    999.000    999.000

Latent Class 2 (2)

 I        |
    SCGHQD_5           0.566      0.059      9.530      0.000
    SCGHQD_6           0.563      0.064      8.749      0.000
    SCGHQD_7           0.560      0.070      8.046      0.000
    SCGHQD_8           0.557      0.075      7.419      0.000
    SCGHQD_10          0.551      0.086      6.370      0.000

 S        |
    SCGHQD_5           0.000      0.000    999.000    999.000
    SCGHQD_6           0.010      0.021      0.469      0.639
    SCGHQD_7           0.020      0.042      0.472      0.637
    SCGHQD_8           0.030      0.062      0.474      0.635
    SCGHQD_10          0.049      0.102      0.480      0.631

 S        WITH
    I                  0.934      0.837      1.116      0.265

 Means
    I                  0.000      0.000    999.000    999.000
    S                  1.598      3.684      0.434      0.664

 Thresholds
    SCGHQD_5$1        -1.528      0.087    -17.654      0.000
    SCGHQD_5$2         1.371      0.075     18.269      0.000
    SCGHQD_5$3         2.358      0.116     20.319      0.000
    SCGHQD_6$1        -1.520      0.075    -20.225      0.000
    SCGHQD_6$2         1.363      0.067     20.317      0.000
    SCGHQD_6$3         2.346      0.100     23.425      0.000
    SCGHQD_7$1        -1.512      0.067    -22.485      0.000
    SCGHQD_7$2         1.356      0.063     21.583      0.000
    SCGHQD_7$3         2.333      0.091     25.645      0.000
    SCGHQD_8$1        -1.504      0.064    -23.455      0.000
    SCGHQD_8$2         1.349      0.063     21.427      0.000
    SCGHQD_8$3         2.321      0.091     25.594      0.000
    SCGHQD_1$1        -1.487      0.074    -20.196      0.000
    SCGHQD_1$2         1.334      0.075     17.687      0.000
    SCGHQD_1$3         2.295      0.115     20.015      0.000

 Variances
    I                  1.000      0.000    999.000    999.000
    S                  1.000      0.000    999.000    999.000


R-SQUARE

Class 1

    Observed                                        Two-Tailed
    Variable        Estimate       S.E.  Est./S.E.    P-Value

    SCGHQD_5           0.351      0.044      7.881      0.000
    SCGHQD_6           0.356      0.040      8.982      0.000
    SCGHQD_7           0.362      0.038      9.575      0.000
    SCGHQD_8           0.368      0.039      9.379      0.000
    SCGHQD_1           0.379      0.050      7.620      0.000

Class 2

    Observed                                        Two-Tailed
    Variable        Estimate       S.E.  Est./S.E.    P-Value

    SCGHQD_5           0.320      0.067      4.765      0.000
    SCGHQD_6           0.327      0.055      5.910      0.000
    SCGHQD_7           0.334      0.047      7.124      0.000
    SCGHQD_8           0.342      0.044      7.823      0.000
    SCGHQD_1           0.356      0.054      6.575      0.000


     Beginning Time:  13:26:37
        Ending Time:  13:32:00
       Elapsed Time:  00:05:23



MUTHEN & MUTHEN
3463 Stoner Ave.
Los Angeles, CA  90066

Tel: (310) 391-9971
Fax: (310) 391-8971
Web: www.StatModel.com
Support: Support@StatModel.com

Copyright (c) 1998-2021 Muthen & Muthen
