Mplus VERSION 8.6
MUTHEN & MUTHEN
07/12/2021   3:37 PM

INPUT INSTRUCTIONS

  TITLE: Your title goes here

   DATA: FILE = data.dta;

   VARIABLE:

   NAMES = pidp gridmode mm hidp_5 hidp_6 hidp_7 hidp_8 hidp_9 hidp_10 indmode_5
       indmode_6 indmode_7 indmode_8 indmode_9 indmode_10 mode_type_all mode_type_no9
       mode_type_567 mode_type_7 all no9 p567 p7 switch_all switch_no9 switch_567
       switch_7 lkmove_5 xpmove_5 caruse_5 mobuse_5 netpuse_5 aidxhh_5 jbhas_5 j2has_5
       finnow_5 finfut_5 howlng_5 vote1_5 vote6_5 scsf1_5 scsf2a_5 scsf2b_5 scsf3a_5
       scsf3b_5 scsf4a_5 scsf4b_5 scsf5_5 scsf6a_5 scsf6b_5 scsf6c_5 scsf7_5 scghqa_5
       scghqb_5 scghqc_5 scghqd_5 scghqe_5 scghqf_5 scghqg_5 scghqh_5 scghqi_5
       scghqj_5 scghqk_5 scghql_5 lkmove_6 xpmove_6 caruse_6 mobuse_6 netpuse_6
       aidxhh_6 jbhas_6 j2has_6 finnow_6 finfut_6 howlng_6 vote1_6 vote6_6 scsf1_6
       scsf2a_6 scsf2b_6 scsf3a_6 scsf3b_6 scsf4a_6 scsf4b_6 scsf5_6 scsf6a_6 scsf6b_6
       scsf6c_6 scsf7_6 scghqa_6 scghqb_6 scghqc_6 scghqd_6 scghqe_6 scghqf_6 scghqg_6
       scghqh_6 scghqi_6 scghqj_6 scghqk_6 scghql_6 lkmove_7 xpmove_7 caruse_7
       mobuse_7 netpuse_7 smoker_7 aidxhh_7 jbhas_7 jbterm1_7 jbsemp_7 j2has_7
       fiyrdia_7 finnow_7 finfut_7 howlng_7 vote1_7 vote6_7 scsf2a_7 scsf2b_7 scsf3a_7
       scsf3b_7 scsf4a_7 scsf4b_7 scsf5_7 scsf6a_7 scsf6b_7 scsf6c_7 scsf7_7 scghqa_7
       scghqb_7 scghqc_7 scghqd_7 scghqe_7 scghqf_7 scghqg_7 scghqh_7 scghqi_7
       scghqj_7 scghqk_7 scghql_7 scsf1_7 lkmove_8 xpmove_8 caruse_8 mobuse_8
       netpuse_8 smoker_8 aidxhh_8 jbhas_8 jbterm1_8 jbsemp_8 j2has_8 fiyrdia_8
       finnow_8 finfut_8 scsf2a_8 scsf2b_8 scsf3a_8 scsf3b_8 scsf4a_8 scsf4b_8 scsf5_8
       scsf6a_8 scsf6b_8 scsf6c_8 scsf7_8 scghqa_8 scghqb_8 scghqc_8 scghqd_8 scghqe_8
       scghqf_8 scghqg_8 scghqh_8 scghqi_8 scghqj_8 scghqk_8 scghql_8 scsf1_8 mobuse_9
       netpuse_9 smoker_9 jbhas_9 jbterm1_9 jbsemp_9 j2has_9 fiyrdia_9 finnow_9
       finfut_9 lkmove_10 xpmove_10 mobuse_10 netpuse_10 smoker_10 aidxhh_10 jbhas_10
       jbterm1_10 jbsemp_10 j2has_10 fiyrdia_10 finnow_10 finfut_10 scsf1_10 scsf2a_10
       scsf2b_10 scsf3a_10 scsf3b_10 scsf4a_10 scsf4b_10 scsf5_10 scsf6a_10 scsf6b_10
       scsf6c_10 scsf7_10 scghqa_10 scghqb_10 scghqc_10 scghqd_10 scghqe_10 scghqf_10
       scghqg_10 scghqh_10 scghqi_10 scghqj_10 scghqk_10 scghql_10 edu agecat female
       partner sf1 longill london north urban refresh Higher A level GCSE Other age_35
       age_55 age_75 age_102 pred_all pred_no9 pred_p567 pred_p7 pred_all_w pred_no9_w
       pred_p567_w pred_p7_w;

   MISSING=.;

   USEVARIABLES ARE
   scghqg_5
   scghqg_6
   scghqg_7
   scghqg_8
   scghqg_10;

   CATEGORICAL ARE
   scghqg_5
   scghqg_6
   scghqg_7
   scghqg_8
   scghqg_10;
   CLASSES = c(2);

    KNOWNCLASS = c(mm= 1 2);

   ANALYSIS:


      TYPE = MIXTURE;

      ESTIMATOR = MLR;

      ALGORITHM = INTEGRATION;

      Processors = 8(starts);

      STARTS = 800 200;

   Model:


      %OVERALL%

  i s | scghqg_5@0 scghqg_6@1 scghqg_7@2 scghqg_8@3 scghqg_10@5;
   %c#1%
  [s] (a); s ;
   s WITH i ;
   i ;


   %c#2%
  [s] (a); s ;
   s WITH i ;
   i ;


   OUTPUT: SAMPSTAT;

                                  STDYX;




*** WARNING in VARIABLE command
  Note that only the first 8 characters of variable names are used in the output.
  Shorten variable names to avoid any confusion.
*** WARNING
  Data set contains unknown or missing values for variable MM.
  This variable is used to determine the KNOWNCLASS specification.
  Number of such cases:  458
*** WARNING
  Data set contains cases with missing on all variables.
  These cases were not included in the analysis.
  Number of cases with missing on all variables:  166
   3 WARNING(S) FOUND IN THE INPUT INSTRUCTIONS



Your title goes here

SUMMARY OF ANALYSIS

Number of groups                                                 1
Number of observations                                        1433

Number of dependent variables                                    5
Number of independent variables                                  0
Number of continuous latent variables                            2
Number of categorical latent variables                           1

Observed dependent variables

  Binary and ordered categorical (ordinal)
   SCGHQG_5    SCGHQG_6    SCGHQG_7    SCGHQG_8    SCGHQG_1

Continuous latent variables
   I           S

Categorical latent variables
   C

  Knownclass            C


Estimator                                                      MLR
Information matrix                                        OBSERVED
Optimization Specifications for the Quasi-Newton Algorithm for
Continuous Outcomes
  Maximum number of iterations                                 100
  Convergence criterion                                  0.100D-05
Optimization Specifications for the EM Algorithm
  Maximum number of iterations                                 500
  Convergence criteria
    Loglikelihood change                                 0.100D-02
    Relative loglikelihood change                        0.100D-05
    Derivative                                           0.100D-02
Optimization Specifications for the M step of the EM Algorithm for
Categorical Latent variables
  Number of M step iterations                                    1
  M step convergence criterion                           0.100D-02
  Basis for M step termination                           ITERATION
Optimization Specifications for the M step of the EM Algorithm for
Censored, Binary or Ordered Categorical (Ordinal), Unordered
Categorical (Nominal) and Count Outcomes
  Number of M step iterations                                    1
  M step convergence criterion                           0.100D-02
  Basis for M step termination                           ITERATION
  Maximum value for logit thresholds                            15
  Minimum value for logit thresholds                           -15
  Minimum expected cell size for chi-square              0.100D-01
Maximum number of iterations for H1                           2000
Convergence criterion for H1                             0.100D-03
Optimization algorithm                                         EMA
Integration Specifications
  Type                                                    STANDARD
  Number of integration points                                  15
  Dimensions of numerical integration                            2
  Adaptive quadrature                                           ON
Random Starts Specifications
  Number of initial stage random starts                        800
  Number of final stage optimizations                          200
  Number of initial stage iterations                            10
  Initial stage convergence criterion                    0.100D+01
  Random starts scale                                    0.500D+01
  Random seed for generating random starts                       0
Link                                                         LOGIT
Cholesky                                                        ON

Input data file(s)
  data.dta
Input data format  FREE


SUMMARY OF DATA

     Number of missing data patterns            31
     Number of y missing data patterns           0
     Number of u missing data patterns          31


COVARIANCE COVERAGE OF DATA

Minimum covariance coverage value   0.100


     PROPORTION OF DATA PRESENT FOR U


           Covariance Coverage
              SCGHQG_5      SCGHQG_6      SCGHQG_7      SCGHQG_8      SCGHQG_1
              ________      ________      ________      ________      ________
 SCGHQG_5       0.496
 SCGHQG_6       0.375         0.588
 SCGHQG_7       0.341         0.436         0.648
 SCGHQG_8       0.323         0.419         0.502         0.634
 SCGHQG_1       0.287         0.368         0.433         0.477         0.585


UNIVARIATE PROPORTIONS AND COUNTS FOR CATEGORICAL VARIABLES

    SCGHQG_5
      Category 1    0.045           32.000
      Category 2    0.778          553.000
      Category 3    0.146          104.000
      Category 4    0.031           22.000
    SCGHQG_6
      Category 1    0.033           28.000
      Category 2    0.794          669.000
      Category 3    0.136          115.000
      Category 4    0.037           31.000
    SCGHQG_7
      Category 1    0.043           40.000
      Category 2    0.797          740.000
      Category 3    0.134          124.000
      Category 4    0.026           24.000
    SCGHQG_8
      Category 1    0.042           38.000
      Category 2    0.798          725.000
      Category 3    0.135          123.000
      Category 4    0.024           22.000
    SCGHQG_1
      Category 1    0.047           39.000
      Category 2    0.773          648.000
      Category 3    0.142          119.000
      Category 4    0.038           32.000


SAMPLE STATISTICS

RANDOM STARTS RESULTS RANKED FROM THE BEST TO THE WORST LOGLIKELIHOOD VALUES

Final stage loglikelihood values at local maxima, seeds, and initial stage start numbers:

           -3850.673  314757           345
           -3850.673  483369           270
           -3850.673  50887            389
           -3850.673  717754           180
           -3850.673  804104           566
           -3850.673  106561           686
           -3850.673  166851           638
           -3850.673  545140           278
           -3850.673  695155           150
           -3850.673  263268           165
           -3850.673  723035           538
           -3850.673  849670           347
           -3850.673  694303           282
           -3850.673  192071           142
           -3850.673  66276            217
           -3850.673  275475           413
           -3850.673  903420           5
           -3850.673  529455           268
           -3850.673  227563           63
           -3850.673  215353           164
           -3850.673  458181           189
           -3850.673  536551           696
           -3850.673  303634           169
           -3850.673  592219           119
           -3850.673  435287           623
           -3850.673  580539           786
           -3850.673  120506           45
           -3850.673  761633           50
           -3850.673  259507           53
           -3850.673  188640           451
           -3850.673  797594           234
           -3850.673  971693           470
           -3850.673  379729           512
           -3850.673  14262            781
           -3850.673  820977           776
           -3850.673  689529           516
           -3850.673  216565           474
           -3850.673  378393           509
           -3850.673  146900           391
           -3850.673  416463           467
           -3850.673  616917           261
           -3850.673  81117            305
           -3850.673  644297           340
           -3850.673  252949           487
           -3850.673  512403           719
           -3850.673  22089            143
           -3850.673  464179           106
           -3850.673  891347           504
           -3850.673  626208           698
           -3850.673  62835            642
           -3850.673  637095           207
           -3850.673  780698           337
           -3850.673  650354           577
           -3850.673  246575           291
           -3850.673  59674            240
           -3850.673  793487           595
           -3850.673  466971           109
           -3850.673  85734            411
           -3850.673  556929           734
           -3850.673  414828           322
           -3850.673  383979           603
           -3850.673  772131           407
           -3850.673  153942           31
           -3850.673  49221            254
           -3850.673  580181           691
           -3850.673  967237           48
           -3850.673  926797           406
           -3850.673  425982           485
           -3850.673  775881           778
           -3850.673  197223           332
           -3850.673  686384           690
           -3850.673  798839           312
           -3850.673  231400           738
           -3850.673  264935           281
           -3850.673  327140           678
           -3850.673  790059           469
           -3850.673  67009            564
           -3850.673  241197           747
           -3850.673  992389           77
           -3850.673  751054           117
           -3850.673  476393           705
           -3850.673  273992           349
           -3850.673  876943           650
           -3850.673  563584           657
           -3850.673  836515           341
           -3850.673  965639           463
           -3850.673  27071            15
           -3850.673  913639           162
           -3850.673  432148           30
           -3850.673  314034           513
           -3850.673  436460           89
           -3850.673  17359            227
           -3850.673  791285           416
           -3850.673  319144           176
           -3850.673  568859           49
           -3850.673  995249           525
           -3850.673  407168           44
           -3850.673  404510           442
           -3850.673  617243           237
           -3850.673  264901           634
           -3850.673  117731           570
           -3850.673  266340           683
           -3850.673  117587           572
           -3850.673  576220           115
           -3850.673  691041           590
           -3850.673  625191           350
           -3850.673  484687           306
           -3850.673  267983           228
           -3850.673  405079           68
           -3850.673  192191           629
           -3850.673  345974           622
           -3850.673  76451            211
           -3850.673  696773           80
           -3850.673  355674           540
           -3850.673  669639           699
           -3850.673  856612           700
           -3850.673  279850           555
           -3850.673  520865           763
           -3850.673  unperturbed      0
           -3850.673  341519           653
           -3850.673  602797           336
           -3850.673  313306           612
           -3850.673  282464           283
           -3850.673  838615           677
           -3850.673  117391           710
           -3850.673  588923           606
           -3850.673  860029           760
           -3850.673  659773           663
           -3850.673  377504           294
           -3850.673  637345           19
           -3850.673  985387           381
           -3850.673  997222           229
           -3850.673  415931           10
           -3850.673  710445           792
           -3850.673  475420           71
           -3850.673  647617           725
           -3850.673  897782           545
           -3850.673  348637           749
           -3850.673  635245           121
           -3850.680  471398           74
           -3850.681  509733           130
           -3850.681  153394           429
           -3850.681  724519           333
           -3850.681  366533           484
           -3850.681  182524           373
           -3850.682  741484           441
           -3850.683  347222           533
           -3850.683  951709           348
           -3850.683  853195           431
           -3850.683  340112           126
           -3850.683  502495           724
           -3850.683  181293           212
           -3850.684  995875           547
           -3850.684  840031           276
           -3850.684  791396           243
           -3850.684  933578           506
           -3850.684  260601           36
           -3850.685  374219           353
           -3850.686  91231            727
           -3850.686  312587           775
           -3850.686  646573           741
           -3850.686  479273           156
           -3850.687  391949           295
           -3850.688  358488           264
           -3850.691  342019           301
           -3850.695  900631           774
           -3850.695  862607           468
           -3850.695  801717           364
           -3850.696  670281           721
           -3850.921  552272           654
           -3850.941  726035           191
           -3850.949  810705           626
           -3850.957  879211           453
           -3850.960  373505           88
           -3851.569  497522           502
           -3851.648  804561           59
           -3851.692  788796           145

23 perturbed starting value run(s) did not converge or were rejected in the third stage.



THE BEST LOGLIKELIHOOD VALUE HAS BEEN REPLICATED.  RERUN WITH AT LEAST TWICE THE
RANDOM STARTS TO CHECK THAT THE BEST LOGLIKELIHOOD IS STILL OBTAINED AND REPLICATED.


THE MODEL ESTIMATION TERMINATED NORMALLY



MODEL FIT INFORMATION

Number of Free Parameters                       12

Loglikelihood

          H0 Value                       -3850.673
          H0 Scaling Correction Factor      1.1235
            for MLR

Information Criteria

          Akaike (AIC)                    7725.347
          Bayesian (BIC)                  7788.557
          Sample-Size Adjusted BIC        7750.437
            (n* = (n + 2) / 24)

Chi-Square Test of Model Fit for the Binary and Ordered Categorical
(Ordinal) Outcomes**

          Pearson Chi-Square

          Value                           1846.925
          Degrees of Freedom                  2014
          P-Value                           0.9965

          Likelihood Ratio Chi-Square

          Value                            367.324
          Degrees of Freedom                  2014
          P-Value                           1.0000

** Of the 3124 cells in the latent class indicator table, 10
   were deleted in the calculation of chi-square due to extreme values.

Chi-Square Test for MCAR under the Unrestricted Latent Class Indicator Model

          Pearson Chi-Square

          Value                           1176.907
          Degrees of Freedom                  4139
          P-Value                           1.0000

          Likelihood Ratio Chi-Square

          Value                            782.472
          Degrees of Freedom                  4139
          P-Value                           1.0000



FINAL CLASS COUNTS AND PROPORTIONS FOR THE LATENT CLASSES
BASED ON THE ESTIMATED MODEL

    Latent
   Classes

       1        841.00000          0.58688
       2        592.00000          0.41312


MODEL RESULTS

                                                    Two-Tailed
                    Estimate       S.E.  Est./S.E.    P-Value

Latent Class 1 (1)

 I        |
    SCGHQG_5           1.000      0.000    999.000    999.000
    SCGHQG_6           1.000      0.000    999.000    999.000
    SCGHQG_7           1.000      0.000    999.000    999.000
    SCGHQG_8           1.000      0.000    999.000    999.000
    SCGHQG_10          1.000      0.000    999.000    999.000

 S        |
    SCGHQG_5           0.000      0.000    999.000    999.000
    SCGHQG_6           1.000      0.000    999.000    999.000
    SCGHQG_7           2.000      0.000    999.000    999.000
    SCGHQG_8           3.000      0.000    999.000    999.000
    SCGHQG_10          5.000      0.000    999.000    999.000

 S        WITH
    I                 -0.116      0.108     -1.071      0.284

 Means
    I                  0.123      0.112      1.099      0.272
    S                 -0.006      0.026     -0.242      0.808

 Thresholds
    SCGHQG_5$1        -3.783      0.180    -21.036      0.000
    SCGHQG_5$2         2.108      0.130     16.198      0.000
    SCGHQG_5$3         4.289      0.180     23.881      0.000
    SCGHQG_6$1        -3.783      0.180    -21.036      0.000
    SCGHQG_6$2         2.108      0.130     16.198      0.000
    SCGHQG_6$3         4.289      0.180     23.881      0.000
    SCGHQG_7$1        -3.783      0.180    -21.036      0.000
    SCGHQG_7$2         2.108      0.130     16.198      0.000
    SCGHQG_7$3         4.289      0.180     23.881      0.000
    SCGHQG_8$1        -3.783      0.180    -21.036      0.000
    SCGHQG_8$2         2.108      0.130     16.198      0.000
    SCGHQG_8$3         4.289      0.180     23.881      0.000
    SCGHQG_1$1        -3.783      0.180    -21.036      0.000
    SCGHQG_1$2         2.108      0.130     16.198      0.000
    SCGHQG_1$3         4.289      0.180     23.881      0.000

 Variances
    I                  1.865      0.448      4.164      0.000
    S                  0.047      0.041      1.144      0.252

Latent Class 2 (2)

 I        |
    SCGHQG_5           1.000      0.000    999.000    999.000
    SCGHQG_6           1.000      0.000    999.000    999.000
    SCGHQG_7           1.000      0.000    999.000    999.000
    SCGHQG_8           1.000      0.000    999.000    999.000
    SCGHQG_10          1.000      0.000    999.000    999.000

 S        |
    SCGHQG_5           0.000      0.000    999.000    999.000
    SCGHQG_6           1.000      0.000    999.000    999.000
    SCGHQG_7           2.000      0.000    999.000    999.000
    SCGHQG_8           3.000      0.000    999.000    999.000
    SCGHQG_10          5.000      0.000    999.000    999.000

 S        WITH
    I                 -0.106      0.183     -0.582      0.560

 Means
    I                  0.000      0.000    999.000    999.000
    S                 -0.006      0.026     -0.242      0.808

 Thresholds
    SCGHQG_5$1        -3.783      0.180    -21.036      0.000
    SCGHQG_5$2         2.108      0.130     16.198      0.000
    SCGHQG_5$3         4.289      0.180     23.881      0.000
    SCGHQG_6$1        -3.783      0.180    -21.036      0.000
    SCGHQG_6$2         2.108      0.130     16.198      0.000
    SCGHQG_6$3         4.289      0.180     23.881      0.000
    SCGHQG_7$1        -3.783      0.180    -21.036      0.000
    SCGHQG_7$2         2.108      0.130     16.198      0.000
    SCGHQG_7$3         4.289      0.180     23.881      0.000
    SCGHQG_8$1        -3.783      0.180    -21.036      0.000
    SCGHQG_8$2         2.108      0.130     16.198      0.000
    SCGHQG_8$3         4.289      0.180     23.881      0.000
    SCGHQG_1$1        -3.783      0.180    -21.036      0.000
    SCGHQG_1$2         2.108      0.130     16.198      0.000
    SCGHQG_1$3         4.289      0.180     23.881      0.000

 Variances
    I                  2.011      0.651      3.089      0.002
    S                  0.039      0.065      0.604      0.546

Categorical Latent Variables

 Means
    C#1                0.351      0.054      6.544      0.000


QUALITY OF NUMERICAL RESULTS

     Condition Number for the Information Matrix              0.377E-02
       (ratio of smallest to largest eigenvalue)


RESULTS IN PROBABILITY SCALE

                    Estimate

Latent Class 1 (1)

 SCGHQG_5
    Category 1         0.042
    Category 2         0.776
    Category 3         0.149
    Category 4         0.034
 SCGHQG_6
    Category 1         0.040
    Category 2         0.784
    Category 3         0.145
    Category 4         0.031
 SCGHQG_7
    Category 1         0.039
    Category 2         0.788
    Category 3         0.143
    Category 4         0.030
 SCGHQG_8
    Category 1         0.039
    Category 2         0.788
    Category 3         0.143
    Category 4         0.030
 SCGHQG_10
    Category 1         0.043
    Category 2         0.778
    Category 3         0.146
    Category 4         0.033

Latent Class 2 (2)

 SCGHQG_5
    Category 1         0.049
    Category 2         0.779
    Category 3         0.140
    Category 4         0.032
 SCGHQG_6
    Category 1         0.047
    Category 2         0.787
    Category 3         0.137
    Category 4         0.030
 SCGHQG_7
    Category 1         0.045
    Category 2         0.791
    Category 3         0.135
    Category 4         0.029
 SCGHQG_8
    Category 1         0.046
    Category 2         0.792
    Category 3         0.134
    Category 4         0.028
 SCGHQG_10
    Category 1         0.049
    Category 2         0.785
    Category 3         0.136
    Category 4         0.030


STANDARDIZED MODEL RESULTS


STDYX Standardization

                                                    Two-Tailed
                    Estimate       S.E.  Est./S.E.    P-Value

Latent Class 1 (1)

 I        |
    SCGHQG_5           0.602      0.046     13.051      0.000
    SCGHQG_6           0.613      0.055     11.084      0.000
    SCGHQG_7           0.618      0.062      9.981      0.000
    SCGHQG_8           0.618      0.065      9.476      0.000
    SCGHQG_10          0.601      0.064      9.396      0.000

 S        |
    SCGHQG_5           0.000      0.000    999.000    999.000
    SCGHQG_6           0.097      0.041      2.354      0.019
    SCGHQG_7           0.196      0.084      2.317      0.021
    SCGHQG_8           0.294      0.126      2.323      0.020
    SCGHQG_10          0.476      0.193      2.467      0.014

 S        WITH
    I                 -0.391      0.192     -2.039      0.041

 Means
    I                  0.090      0.083      1.086      0.277
    S                 -0.030      0.122     -0.243      0.808

 Thresholds
    SCGHQG_5$1        -1.666      0.075    -22.123      0.000
    SCGHQG_5$2         0.928      0.054     17.039      0.000
    SCGHQG_5$3         1.889      0.080     23.666      0.000
    SCGHQG_6$1        -1.697      0.069    -24.616      0.000
    SCGHQG_6$2         0.945      0.053     17.993      0.000
    SCGHQG_6$3         1.924      0.071     27.039      0.000
    SCGHQG_7$1        -1.713      0.068    -25.194      0.000
    SCGHQG_7$2         0.954      0.053     17.865      0.000
    SCGHQG_7$3         1.941      0.071     27.157      0.000
    SCGHQG_8$1        -1.712      0.067    -25.515      0.000
    SCGHQG_8$2         0.954      0.055     17.427      0.000
    SCGHQG_8$3         1.941      0.074     26.096      0.000
    SCGHQG_1$1        -1.664      0.077    -21.716      0.000
    SCGHQG_1$2         0.927      0.062     14.971      0.000
    SCGHQG_1$3         1.886      0.096     19.686      0.000

 Variances
    I                  1.000      0.000    999.000    999.000
    S                  1.000      0.000    999.000    999.000

Latent Class 2 (2)

 I        |
    SCGHQG_5           0.616      0.062      9.954      0.000
    SCGHQG_6           0.626      0.078      8.022      0.000
    SCGHQG_7           0.632      0.090      7.037      0.000
    SCGHQG_8           0.633      0.096      6.627      0.000
    SCGHQG_10          0.621      0.092      6.776      0.000

 S        |
    SCGHQG_5           0.000      0.000    999.000    999.000
    SCGHQG_6           0.088      0.071      1.231      0.218
    SCGHQG_7           0.177      0.146      1.210      0.226
    SCGHQG_8           0.265      0.220      1.207      0.227
    SCGHQG_10          0.434      0.345      1.259      0.208

 S        WITH
    I                 -0.379      0.321     -1.180      0.238

 Means
    I                  0.000      0.000    999.000    999.000
    S                 -0.032      0.135     -0.240      0.810

 Thresholds
    SCGHQG_5$1        -1.643      0.094    -17.451      0.000
    SCGHQG_5$2         0.916      0.067     13.724      0.000
    SCGHQG_5$3         1.863      0.111     16.753      0.000
    SCGHQG_6$1        -1.671      0.073    -22.794      0.000
    SCGHQG_6$2         0.931      0.058     16.045      0.000
    SCGHQG_6$3         1.894      0.086     22.065      0.000
    SCGHQG_7$1        -1.686      0.070    -24.134      0.000
    SCGHQG_7$2         0.940      0.056     16.689      0.000
    SCGHQG_7$3         1.912      0.079     24.090      0.000
    SCGHQG_8$1        -1.689      0.070    -24.134      0.000
    SCGHQG_8$2         0.941      0.056     16.933      0.000
    SCGHQG_8$3         1.915      0.077     24.731      0.000
    SCGHQG_1$1        -1.656      0.087    -19.017      0.000
    SCGHQG_1$2         0.923      0.061     15.248      0.000
    SCGHQG_1$3         1.877      0.096     19.516      0.000

 Variances
    I                  1.000      0.000    999.000    999.000
    S                  1.000      0.000    999.000    999.000


R-SQUARE

Class 1

    Observed                                        Two-Tailed
    Variable        Estimate       S.E.  Est./S.E.    P-Value

    SCGHQG_5           0.362      0.055      6.526      0.000
    SCGHQG_6           0.338      0.043      7.890      0.000
    SCGHQG_7           0.326      0.038      8.613      0.000
    SCGHQG_8           0.326      0.039      8.318      0.000
    SCGHQG_1           0.363      0.063      5.791      0.000

Class 2

    Observed                                        Two-Tailed
    Variable        Estimate       S.E.  Est./S.E.    P-Value

    SCGHQG_5           0.379      0.076      4.977      0.000
    SCGHQG_6           0.358      0.053      6.758      0.000
    SCGHQG_7           0.346      0.043      8.094      0.000
    SCGHQG_8           0.344      0.041      8.496      0.000
    SCGHQG_1           0.370      0.066      5.634      0.000


     Beginning Time:  15:37:18
        Ending Time:  15:42:05
       Elapsed Time:  00:04:47



MUTHEN & MUTHEN
3463 Stoner Ave.
Los Angeles, CA  90066

Tel: (310) 391-9971
Fax: (310) 391-8971
Web: www.StatModel.com
Support: Support@StatModel.com

Copyright (c) 1998-2021 Muthen & Muthen
