Mplus VERSION 8.6
MUTHEN & MUTHEN
07/13/2021   7:15 AM

INPUT INSTRUCTIONS

  TITLE: Your title goes here

   DATA: FILE = data.dta;

   VARIABLE:

   NAMES = pidp gridmode mm hidp_5 hidp_6 hidp_7 hidp_8 hidp_9 hidp_10 indmode_5
       indmode_6 indmode_7 indmode_8 indmode_9 indmode_10 mode_type_all mode_type_no9
       mode_type_567 mode_type_7 all no9 p567 p7 switch_all switch_no9 switch_567
       switch_7 lkmove_5 xpmove_5 caruse_5 mobuse_5 netpuse_5 aidxhh_5 jbhas_5 j2has_5
       finnow_5 finfut_5 howlng_5 vote1_5 vote6_5 scsf1_5 scsf2a_5 scsf2b_5 scsf3a_5
       scsf3b_5 scsf4a_5 scsf4b_5 scsf5_5 scsf6a_5 scsf6b_5 scsf6c_5 scsf7_5 scghqa_5
       scghqb_5 scghqc_5 scghqd_5 scghqe_5 scghqf_5 scghqg_5 scghqh_5 scghqi_5
       scghqj_5 scghqk_5 scghql_5 lkmove_6 xpmove_6 caruse_6 mobuse_6 netpuse_6
       aidxhh_6 jbhas_6 j2has_6 finnow_6 finfut_6 howlng_6 vote1_6 vote6_6 scsf1_6
       scsf2a_6 scsf2b_6 scsf3a_6 scsf3b_6 scsf4a_6 scsf4b_6 scsf5_6 scsf6a_6 scsf6b_6
       scsf6c_6 scsf7_6 scghqa_6 scghqb_6 scghqc_6 scghqd_6 scghqe_6 scghqf_6 scghqg_6
       scghqh_6 scghqi_6 scghqj_6 scghqk_6 scghql_6 lkmove_7 xpmove_7 caruse_7
       mobuse_7 netpuse_7 smoker_7 aidxhh_7 jbhas_7 jbterm1_7 jbsemp_7 j2has_7
       fiyrdia_7 finnow_7 finfut_7 howlng_7 vote1_7 vote6_7 scsf2a_7 scsf2b_7 scsf3a_7
       scsf3b_7 scsf4a_7 scsf4b_7 scsf5_7 scsf6a_7 scsf6b_7 scsf6c_7 scsf7_7 scghqa_7
       scghqb_7 scghqc_7 scghqd_7 scghqe_7 scghqf_7 scghqg_7 scghqh_7 scghqi_7
       scghqj_7 scghqk_7 scghql_7 scsf1_7 lkmove_8 xpmove_8 caruse_8 mobuse_8
       netpuse_8 smoker_8 aidxhh_8 jbhas_8 jbterm1_8 jbsemp_8 j2has_8 fiyrdia_8
       finnow_8 finfut_8 scsf2a_8 scsf2b_8 scsf3a_8 scsf3b_8 scsf4a_8 scsf4b_8 scsf5_8
       scsf6a_8 scsf6b_8 scsf6c_8 scsf7_8 scghqa_8 scghqb_8 scghqc_8 scghqd_8 scghqe_8
       scghqf_8 scghqg_8 scghqh_8 scghqi_8 scghqj_8 scghqk_8 scghql_8 scsf1_8 mobuse_9
       netpuse_9 smoker_9 jbhas_9 jbterm1_9 jbsemp_9 j2has_9 fiyrdia_9 finnow_9
       finfut_9 lkmove_10 xpmove_10 mobuse_10 netpuse_10 smoker_10 aidxhh_10 jbhas_10
       jbterm1_10 jbsemp_10 j2has_10 fiyrdia_10 finnow_10 finfut_10 scsf1_10 scsf2a_10
       scsf2b_10 scsf3a_10 scsf3b_10 scsf4a_10 scsf4b_10 scsf5_10 scsf6a_10 scsf6b_10
       scsf6c_10 scsf7_10 scghqa_10 scghqb_10 scghqc_10 scghqd_10 scghqe_10 scghqf_10
       scghqg_10 scghqh_10 scghqi_10 scghqj_10 scghqk_10 scghql_10 edu agecat female
       partner sf1 longill london north urban refresh Higher A level GCSE Other age_35
       age_55 age_75 age_102 pred_all pred_no9 pred_p567 pred_p7 pred_all_w pred_no9_w
       pred_p567_w pred_p7_w;

   MISSING=.;

   USEVARIABLES ARE
   scghqe_5
   scghqe_6
   scghqe_7
   scghqe_8
   scghqe_10;

   CATEGORICAL ARE
   scghqe_5
   scghqe_6
   scghqe_7
   scghqe_8
   scghqe_10;
   CLASSES = c(2);

    KNOWNCLASS = c(no9= 1 2);
  WEIGHT IS pred_no9_w;

   ANALYSIS:


      TYPE = MIXTURE;

      ESTIMATOR = MLR;

      ALGORITHM = INTEGRATION;

      Processors = 8(starts);

      STARTS = 800 200;

   Model:


      %OVERALL%

  i s | scghqe_5@0 scghqe_6@1 scghqe_7@2 scghqe_8@3 scghqe_10@5;
   %c#1%
  [s] ;
   s ;
   s WITH i ;
   i ;

   %c#2%
  [s] ;
   s ;
   s WITH i ;
   i ;

   OUTPUT: SAMPSTAT;

                                  STDYX;




*** WARNING in VARIABLE command
  Note that only the first 8 characters of variable names are used in the output.
  Shorten variable names to avoid any confusion.
*** WARNING
  One or more observations has a value of 0 for the WEIGHT variable.
*** WARNING
  Data set contains unknown or missing values for variable NO9.
  This variable is used to determine the KNOWNCLASS specification.
  Number of such cases:  111
*** WARNING
  Data set contains cases with missing on all variables.
  These cases were not included in the analysis.
  Number of cases with missing on all variables:  103
   4 WARNING(S) FOUND IN THE INPUT INSTRUCTIONS



Your title goes here

SUMMARY OF ANALYSIS

Number of groups                                                 1
Number of observations                                        1843

Number of dependent variables                                    5
Number of independent variables                                  0
Number of continuous latent variables                            2
Number of categorical latent variables                           1

Observed dependent variables

  Binary and ordered categorical (ordinal)
   SCGHQE_5    SCGHQE_6    SCGHQE_7    SCGHQE_8    SCGHQE_1

Continuous latent variables
   I           S

Categorical latent variables
   C

  Knownclass            C

Variables with special functions

  Weight variable       PRED_NO9

Estimator                                                      MLR
Information matrix                                        OBSERVED
Optimization Specifications for the Quasi-Newton Algorithm for
Continuous Outcomes
  Maximum number of iterations                                 100
  Convergence criterion                                  0.100D-05
Optimization Specifications for the EM Algorithm
  Maximum number of iterations                                 500
  Convergence criteria
    Loglikelihood change                                 0.100D-02
    Relative loglikelihood change                        0.100D-05
    Derivative                                           0.100D-02
Optimization Specifications for the M step of the EM Algorithm for
Categorical Latent variables
  Number of M step iterations                                    1
  M step convergence criterion                           0.100D-02
  Basis for M step termination                           ITERATION
Optimization Specifications for the M step of the EM Algorithm for
Censored, Binary or Ordered Categorical (Ordinal), Unordered
Categorical (Nominal) and Count Outcomes
  Number of M step iterations                                    1
  M step convergence criterion                           0.100D-02
  Basis for M step termination                           ITERATION
  Maximum value for logit thresholds                            15
  Minimum value for logit thresholds                           -15
  Minimum expected cell size for chi-square              0.100D-01
Maximum number of iterations for H1                           2000
Convergence criterion for H1                             0.100D-03
Optimization algorithm                                         EMA
Integration Specifications
  Type                                                    STANDARD
  Number of integration points                                  15
  Dimensions of numerical integration                            2
  Adaptive quadrature                                           ON
Random Starts Specifications
  Number of initial stage random starts                        800
  Number of final stage optimizations                          200
  Number of initial stage iterations                            10
  Initial stage convergence criterion                    0.100D+01
  Random starts scale                                    0.500D+01
  Random seed for generating random starts                       0
Link                                                         LOGIT
Cholesky                                                        ON

Input data file(s)
  data.dta
Input data format  FREE


SUMMARY OF DATA

     Number of missing data patterns            31
     Number of y missing data patterns           0
     Number of u missing data patterns          31


COVARIANCE COVERAGE OF DATA

Minimum covariance coverage value   0.100


     PROPORTION OF DATA PRESENT FOR U


           Covariance Coverage
              SCGHQE_5      SCGHQE_6      SCGHQE_7      SCGHQE_8      SCGHQE_1
              ________      ________      ________      ________      ________
 SCGHQE_5       0.386
 SCGHQE_6       0.293         0.458
 SCGHQE_7       0.265         0.339         0.594
 SCGHQE_8       0.252         0.327         0.472         0.581
 SCGHQE_1       0.224         0.288         0.400         0.436         0.648


UNIVARIATE PROPORTIONS AND COUNTS FOR CATEGORICAL VARIABLES

    SCGHQE_5
      Category 1    0.255          280.488
      Category 2    0.514          564.415
      Category 3    0.182          199.900
      Category 4    0.048           53.067
    SCGHQE_6
      Category 1    0.302          412.808
      Category 2    0.506          689.922
      Category 3    0.166          226.386
      Category 4    0.026           35.678
    SCGHQE_7
      Category 1    0.257          303.671
      Category 2    0.547          647.592
      Category 3    0.160          189.367
      Category 4    0.036           42.576
    SCGHQE_8
      Category 1    0.267          294.352
      Category 2    0.535          590.456
      Category 3    0.165          182.541
      Category 4    0.033           36.422
    SCGHQE_1
      Category 1    0.286          276.707
      Category 2    0.502          485.017
      Category 3    0.175          169.544
      Category 4    0.036           35.046


SAMPLE STATISTICS

RANDOM STARTS RESULTS RANKED FROM THE BEST TO THE WORST LOGLIKELIHOOD VALUES

Final stage loglikelihood values at local maxima, seeds, and initial stage start numbers:

           -6934.358  88437            761
           -6934.358  36714            201
           -6934.358  40340            188
           -6934.358  232559           136
           -6934.358  354208           196
           -6934.358  970689           266
           -6934.358  360419           356
           -6934.358  227563           63
           -6934.358  677720           681
           -6934.358  505879           424
           -6934.358  unperturbed      0
           -6934.358  820977           776
           -6934.358  167409           772
           -6934.358  847088           750
           -6934.358  688839           273
           -6934.358  704798           530
           -6934.358  641794           591
           -6934.358  549244           756
           -6934.358  742609           531
           -6934.358  650371           14
           -6934.358  576596           99
           -6934.358  113138           585
           -6934.358  699554           427
           -6934.358  985387           381
           -6934.358  920593           611
           -6934.358  66276            217
           -6934.358  259507           53
           -6934.358  602797           336
           -6934.358  414284           158
           -6934.358  471438           252
           -6934.358  476393           705
           -6934.358  650354           577
           -6934.358  314757           345
           -6934.358  341960           685
           -6934.358  569833           85
           -6934.358  798839           312
           -6934.358  392751           480
           -6934.358  378393           509
           -6934.358  529455           268
           -6934.358  505244           582
           -6934.358  327140           678
           -6934.358  354624           448
           -6934.358  263268           165
           -6934.358  897782           545
           -6934.358  177936           726
           -6934.358  35191            703
           -6934.358  670281           721
           -6934.358  625191           350
           -6934.358  117391           710
           -6934.358  695155           150
           -6934.358  315029           471
           -6934.358  551340           766
           -6934.358  645664           39
           -6934.358  647617           725
           -6934.358  588923           606
           -6934.358  937885           426
           -6934.358  238906           430
           -6934.358  562716           300
           -6934.358  399848           220
           -6934.358  4091             548
           -6934.358  220454           288
           -6934.358  922042           492
           -6934.358  373702           669
           -6934.358  973369           202
           -6934.358  915107           54
           -6934.358  422103           62
           -6934.358  49221            254
           -6934.358  772131           407
           -6934.358  65651            214
           -6934.358  399508           415
           -6934.358  130011           587
           -6934.358  789985           67
           -6934.358  802682           419
           -6934.358  910224           580
           -6934.358  561664           392
           -6934.358  193847           354
           -6934.358  761633           50
           -6934.358  881886           608
           -6934.358  926283           269
           -6934.358  536551           696
           -6934.358  790452           303
           -6934.358  995249           525
           -6934.358  539389           544
           -6934.358  126371           526
           -6934.358  939021           8
           -6934.358  67009            564
           -6934.358  642909           251
           -6934.358  804561           59
           -6934.358  667250           318
           -6934.358  781489           627
           -6934.358  948615           140
           -6934.358  327475           518
           -6934.358  415931           10
           -6934.358  322790           636
           -6934.358  602032           648
           -6934.358  855760           593
           -6934.358  345974           622
           -6934.358  107446           12
           -6934.358  862607           468
           -6934.358  268896           124
           -6934.358  12477            155
           -6934.358  584397           428
           -6934.358  717754           180
           -6934.358  499150           216
           -6934.358  921023           782
           -6934.358  150531           154
           -6934.358  931874           141
           -6934.358  358488           264
           -6934.358  922596           456
           -6934.358  283492           435
           -6934.358  631413           439
           -6934.358  900631           774
           -6934.358  520865           763
           -6934.358  715561           125
           -6934.358  491970           563
           -6934.358  485256           371
           -6934.358  599729           658
           -6934.358  673496           218
           -6934.358  138695           783
           -6934.358  364676           27
           -6934.358  800454           751
           -6934.358  418686           338
           -6934.358  830392           35
           -6934.358  761302           744
           -6934.358  852283           616
           -6934.358  404426           344
           -6934.358  738393           619
           -6934.358  182524           373
           -6934.358  514326           325
           -6934.358  106561           686
           -6934.358  629320           222
           -6934.358  343926           624
           -6934.358  276102           599
           -6934.358  972873           157
           -6934.358  509733           130
           -6934.358  123985           248
           -6934.358  833196           715
           -6934.358  742688           594
           -6934.358  652266           490
           -6934.358  533738           11
           -6934.358  860772           174
           -6934.358  15715            274
           -6934.358  355674           540
           -6934.358  376411           473
           -6934.358  226322           478
           -6934.358  285380           1
           -6934.358  264081           186
           -6934.358  752769           253
           -6934.358  618000           190
           -6934.358  580539           786
           -6934.358  350608           334
           -6934.358  114433           708
           -6934.358  801717           364
           -6934.358  72866            692
           -6934.358  284109           82
           -6934.358  694303           282
           -6934.359  68985            17
           -6934.359  552272           654
           -6934.359  237332           661
           -6934.359  563584           657
           -6934.359  267983           228
           -6934.359  153053           378
           -6934.359  992389           77
           -6934.359  991329           182
           -6934.359  117731           570
           -6934.359  496703           758
           -6934.359  655497           376
           -6934.359  393232           152
           -6934.359  416250           390
           -6934.360  348637           749
           -6934.360  836066           372
           -6934.360  192071           142
           -6934.360  887580           493
           -6934.360  947714           573
           -6934.360  438144           271
           -6934.360  669634           335
           -6934.360  146900           391
           -6934.360  637095           207
           -6934.360  329127           185
           -6934.360  792389           746
           -6934.360  605358           321
           -6934.361  674171           195
           -6934.361  848969           173
           -6934.361  371737           532
           -6934.361  778953           635
           -6934.361  488581           688
           -6934.361  876943           650
           -6934.361  726035           191
           -6934.361  485483           498
           -6934.361  69413            472
           -6934.361  407168           44
           -6934.361  312754           562
           -6934.361  644297           340
           -6934.362  915642           40
           -6934.364  471040           403
           -6934.366  754100           56
           -6934.370  320494           465
           -6934.380  888905           444
           -6934.398  241197           747
           -6934.402  118438           601



THE BEST LOGLIKELIHOOD VALUE HAS BEEN REPLICATED.  RERUN WITH AT LEAST TWICE THE
RANDOM STARTS TO CHECK THAT THE BEST LOGLIKELIHOOD IS STILL OBTAINED AND REPLICATED.


THE MODEL ESTIMATION TERMINATED NORMALLY



MODEL FIT INFORMATION

Number of Free Parameters                       13

Loglikelihood

          H0 Value                       -6934.358
          H0 Scaling Correction Factor      1.9328
            for MLR

Information Criteria

          Akaike (AIC)                   13894.716
          Bayesian (BIC)                 13966.465
          Sample-Size Adjusted BIC       13925.165
            (n* = (n + 2) / 24)

Chi-Square Test of Model Fit for the Binary and Ordered Categorical
(Ordinal) Outcomes**

          Pearson Chi-Square

          Value                           2513.844
          Degrees of Freedom                  2027
          P-Value                           0.0000

          Likelihood Ratio Chi-Square

          Value                            786.463
          Degrees of Freedom                  2027
          P-Value                           1.0000

** Of the 3124 cells in the latent class indicator table, 4
   were deleted in the calculation of chi-square due to extreme values.

Chi-Square Test for MCAR under the Unrestricted Latent Class Indicator Model

          Pearson Chi-Square

          Value                           1977.918
          Degrees of Freedom                  4139
          P-Value                           1.0000

          Likelihood Ratio Chi-Square

          Value                           1594.747
          Degrees of Freedom                  4139
          P-Value                           1.0000



FINAL CLASS COUNTS AND PROPORTIONS FOR THE LATENT CLASSES
BASED ON THE ESTIMATED MODEL

    Latent
   Classes

       1       1303.00000          0.70700
       2        540.00000          0.29300


MODEL RESULTS

                                                    Two-Tailed
                    Estimate       S.E.  Est./S.E.    P-Value

Latent Class 1 (1)

 I        |
    SCGHQE_5           1.000      0.000    999.000    999.000
    SCGHQE_6           1.000      0.000    999.000    999.000
    SCGHQE_7           1.000      0.000    999.000    999.000
    SCGHQE_8           1.000      0.000    999.000    999.000
    SCGHQE_10          1.000      0.000    999.000    999.000

 S        |
    SCGHQE_5           0.000      0.000    999.000    999.000
    SCGHQE_6           1.000      0.000    999.000    999.000
    SCGHQE_7           2.000      0.000    999.000    999.000
    SCGHQE_8           3.000      0.000    999.000    999.000
    SCGHQE_10          5.000      0.000    999.000    999.000

 S        WITH
    I                 -0.730      0.239     -3.058      0.002

 Means
    I                 -0.782      0.204     -3.828      0.000
    S                  0.042      0.052      0.822      0.411

 Thresholds
    SCGHQE_5$1        -2.087      0.141    -14.852      0.000
    SCGHQE_5$2         1.661      0.139     11.925      0.000
    SCGHQE_5$3         4.299      0.192     22.349      0.000
    SCGHQE_6$1        -2.087      0.141    -14.852      0.000
    SCGHQE_6$2         1.661      0.139     11.925      0.000
    SCGHQE_6$3         4.299      0.192     22.349      0.000
    SCGHQE_7$1        -2.087      0.141    -14.852      0.000
    SCGHQE_7$2         1.661      0.139     11.925      0.000
    SCGHQE_7$3         4.299      0.192     22.349      0.000
    SCGHQE_8$1        -2.087      0.141    -14.852      0.000
    SCGHQE_8$2         1.661      0.139     11.925      0.000
    SCGHQE_8$3         4.299      0.192     22.349      0.000
    SCGHQE_1$1        -2.087      0.141    -14.852      0.000
    SCGHQE_1$2         1.661      0.139     11.925      0.000
    SCGHQE_1$3         4.299      0.192     22.349      0.000

 Variances
    I                  5.354      0.932      5.746      0.000
    S                  0.288      0.081      3.530      0.000

Latent Class 2 (2)

 I        |
    SCGHQE_5           1.000      0.000    999.000    999.000
    SCGHQE_6           1.000      0.000    999.000    999.000
    SCGHQE_7           1.000      0.000    999.000    999.000
    SCGHQE_8           1.000      0.000    999.000    999.000
    SCGHQE_10          1.000      0.000    999.000    999.000

 S        |
    SCGHQE_5           0.000      0.000    999.000    999.000
    SCGHQE_6           1.000      0.000    999.000    999.000
    SCGHQE_7           2.000      0.000    999.000    999.000
    SCGHQE_8           3.000      0.000    999.000    999.000
    SCGHQE_10          5.000      0.000    999.000    999.000

 S        WITH
    I                  0.078      0.068      1.149      0.251

 Means
    I                  0.000      0.000    999.000    999.000
    S                 -0.110      0.032     -3.473      0.001

 Thresholds
    SCGHQE_5$1        -2.087      0.141    -14.852      0.000
    SCGHQE_5$2         1.661      0.139     11.925      0.000
    SCGHQE_5$3         4.299      0.192     22.349      0.000
    SCGHQE_6$1        -2.087      0.141    -14.852      0.000
    SCGHQE_6$2         1.661      0.139     11.925      0.000
    SCGHQE_6$3         4.299      0.192     22.349      0.000
    SCGHQE_7$1        -2.087      0.141    -14.852      0.000
    SCGHQE_7$2         1.661      0.139     11.925      0.000
    SCGHQE_7$3         4.299      0.192     22.349      0.000
    SCGHQE_8$1        -2.087      0.141    -14.852      0.000
    SCGHQE_8$2         1.661      0.139     11.925      0.000
    SCGHQE_8$3         4.299      0.192     22.349      0.000
    SCGHQE_1$1        -2.087      0.141    -14.852      0.000
    SCGHQE_1$2         1.661      0.139     11.925      0.000
    SCGHQE_1$3         4.299      0.192     22.349      0.000

 Variances
    I                  3.048      0.464      6.573      0.000
    S                  0.002      0.004      0.551      0.581

Categorical Latent Variables

 Means
    C#1                0.881      0.067     13.235      0.000


QUALITY OF NUMERICAL RESULTS

     Condition Number for the Information Matrix              0.233E-06
       (ratio of smallest to largest eigenvalue)


RESULTS IN PROBABILITY SCALE

                    Estimate

Latent Class 1 (1)

 SCGHQE_5
    Category 1         0.326
    Category 2         0.474
    Category 3         0.158
    Category 4         0.042
 SCGHQE_6
    Category 1         0.307
    Category 2         0.507
    Category 3         0.153
    Category 4         0.033
 SCGHQE_7
    Category 1         0.293
    Category 2         0.527
    Category 3         0.150
    Category 4         0.029
 SCGHQE_8
    Category 1         0.287
    Category 2         0.530
    Category 3         0.154
    Category 4         0.030
 SCGHQE_10
    Category 1         0.299
    Category 2         0.482
    Category 3         0.172
    Category 4         0.047

Latent Class 2 (2)

 SCGHQE_5
    Category 1         0.198
    Category 2         0.554
    Category 3         0.205
    Category 4         0.043
 SCGHQE_6
    Category 1         0.213
    Category 2         0.549
    Category 3         0.196
    Category 4         0.041
 SCGHQE_7
    Category 1         0.229
    Category 2         0.543
    Category 3         0.188
    Category 4         0.040
 SCGHQE_8
    Category 1         0.245
    Category 2         0.537
    Category 3         0.180
    Category 4         0.038
 SCGHQE_10
    Category 1         0.278
    Category 2         0.522
    Category 3         0.165
    Category 4         0.035


STANDARDIZED MODEL RESULTS


STDYX Standardization

                                                    Two-Tailed
                    Estimate       S.E.  Est./S.E.    P-Value

Latent Class 1 (1)

 I        |
    SCGHQE_5           0.787      0.026     30.191      0.000
    SCGHQE_6           0.847      0.043     19.846      0.000
    SCGHQE_7           0.883      0.060     14.691      0.000
    SCGHQE_8           0.884      0.072     12.271      0.000
    SCGHQE_10          0.792      0.075     10.577      0.000

 S        |
    SCGHQE_5           0.000      0.000    999.000    999.000
    SCGHQE_6           0.196      0.025      7.820      0.000
    SCGHQE_7           0.409      0.056      7.292      0.000
    SCGHQE_8           0.615      0.085      7.245      0.000
    SCGHQE_10          0.918      0.107      8.549      0.000

 S        WITH
    I                 -0.589      0.088     -6.686      0.000

 Means
    I                 -0.338      0.087     -3.877      0.000
    S                  0.079      0.098      0.809      0.418

 Thresholds
    SCGHQE_5$1        -0.710      0.054    -13.171      0.000
    SCGHQE_5$2         0.565      0.051     11.083      0.000
    SCGHQE_5$3         1.462      0.085     17.195      0.000
    SCGHQE_6$1        -0.764      0.053    -14.341      0.000
    SCGHQE_6$2         0.608      0.052     11.751      0.000
    SCGHQE_6$3         1.573      0.078     20.061      0.000
    SCGHQE_7$1        -0.796      0.054    -14.740      0.000
    SCGHQE_7$2         0.633      0.053     11.962      0.000
    SCGHQE_7$3         1.640      0.077     21.298      0.000
    SCGHQE_8$1        -0.797      0.055    -14.380      0.000
    SCGHQE_8$2         0.634      0.054     11.758      0.000
    SCGHQE_8$3         1.642      0.080     20.451      0.000
    SCGHQE_1$1        -0.714      0.058    -12.362      0.000
    SCGHQE_1$2         0.569      0.054     10.563      0.000
    SCGHQE_1$3         1.472      0.093     15.865      0.000

 Variances
    I                  1.000      0.000    999.000    999.000
    S                  1.000      0.000    999.000    999.000

Latent Class 2 (2)

 I        |
    SCGHQE_5           0.693      0.027     25.328      0.000
    SCGHQE_6           0.685      0.032     21.691      0.000
    SCGHQE_7           0.677      0.037     18.440      0.000
    SCGHQE_8           0.668      0.042     15.804      0.000
    SCGHQE_10          0.652      0.054     12.074      0.000

 S        |
    SCGHQE_5           0.000      0.000    999.000    999.000
    SCGHQE_6           0.017      0.016      1.093      0.274
    SCGHQE_7           0.034      0.031      1.107      0.268
    SCGHQE_8           0.051      0.046      1.121      0.262
    SCGHQE_10          0.083      0.072      1.149      0.251

 S        WITH
    I                  1.000      0.005    184.391      0.000

 Means
    I                  0.000      0.000    999.000    999.000
    S                 -2.470      2.313     -1.068      0.286

 Thresholds
    SCGHQE_5$1        -0.829      0.062    -13.410      0.000
    SCGHQE_5$2         0.660      0.053     12.399      0.000
    SCGHQE_5$3         1.708      0.078     21.972      0.000
    SCGHQE_6$1        -0.819      0.059    -13.825      0.000
    SCGHQE_6$2         0.652      0.051     12.668      0.000
    SCGHQE_6$3         1.687      0.071     23.779      0.000
    SCGHQE_7$1        -0.809      0.058    -13.936      0.000
    SCGHQE_7$2         0.644      0.051     12.696      0.000
    SCGHQE_7$3         1.666      0.069     24.169      0.000
    SCGHQE_8$1        -0.799      0.058    -13.721      0.000
    SCGHQE_8$2         0.636      0.051     12.477      0.000
    SCGHQE_8$3         1.646      0.072     22.930      0.000
    SCGHQE_1$1        -0.780      0.062    -12.531      0.000
    SCGHQE_1$2         0.620      0.054     11.473      0.000
    SCGHQE_1$3         1.606      0.088     18.214      0.000

 Variances
    I                  1.000      0.000    999.000    999.000
    S                  1.000      0.000    999.000    999.000


R-SQUARE

Class 1

    Observed                                        Two-Tailed
    Variable        Estimate       S.E.  Est./S.E.    P-Value

    SCGHQE_5           0.619      0.041     15.096      0.000
    SCGHQE_6           0.560      0.036     15.585      0.000
    SCGHQE_7           0.521      0.033     15.896      0.000
    SCGHQE_8           0.520      0.036     14.581      0.000
    SCGHQE_1           0.614      0.046     13.326      0.000

Class 2

    Observed                                        Two-Tailed
    Variable        Estimate       S.E.  Est./S.E.    P-Value

    SCGHQE_5           0.481      0.038     12.664      0.000
    SCGHQE_6           0.494      0.033     15.028      0.000
    SCGHQE_7           0.506      0.031     16.107      0.000
    SCGHQE_8           0.518      0.034     15.411      0.000
    SCGHQE_1           0.541      0.045     12.142      0.000


DIAGRAM INFORMATION

  Mplus diagrams are currently not available for Mixture analysis.
  No diagram output was produced.


     Beginning Time:  07:15:15
        Ending Time:  07:20:47
       Elapsed Time:  00:05:32



MUTHEN & MUTHEN
3463 Stoner Ave.
Los Angeles, CA  90066

Tel: (310) 391-9971
Fax: (310) 391-8971
Web: www.StatModel.com
Support: Support@StatModel.com

Copyright (c) 1998-2021 Muthen & Muthen
