Mplus VERSION 8.6
MUTHEN & MUTHEN
07/12/2021   8:35 AM

INPUT INSTRUCTIONS

  TITLE: Your title goes here

   DATA: FILE = data.dta;

   VARIABLE:

   NAMES = pidp gridmode mm hidp_5 hidp_6 hidp_7 hidp_8 hidp_9 hidp_10 indmode_5
       indmode_6 indmode_7 indmode_8 indmode_9 indmode_10 mode_type_all mode_type_no9
       mode_type_567 mode_type_7 all no9 p567 p7 switch_all switch_no9 switch_567
       switch_7 lkmove_5 xpmove_5 caruse_5 mobuse_5 netpuse_5 aidxhh_5 jbhas_5 j2has_5
       finnow_5 finfut_5 howlng_5 vote1_5 vote6_5 scsf1_5 scsf2a_5 scsf2b_5 scsf3a_5
       scsf3b_5 scsf4a_5 scsf4b_5 scsf5_5 scsf6a_5 scsf6b_5 scsf6c_5 scsf7_5 scghqa_5
       scghqb_5 scghqc_5 scghqd_5 scghqe_5 scghqf_5 scghqg_5 scghqh_5 scghqi_5
       scghqj_5 scghqk_5 scghql_5 lkmove_6 xpmove_6 caruse_6 mobuse_6 netpuse_6
       aidxhh_6 jbhas_6 j2has_6 finnow_6 finfut_6 howlng_6 vote1_6 vote6_6 scsf1_6
       scsf2a_6 scsf2b_6 scsf3a_6 scsf3b_6 scsf4a_6 scsf4b_6 scsf5_6 scsf6a_6 scsf6b_6
       scsf6c_6 scsf7_6 scghqa_6 scghqb_6 scghqc_6 scghqd_6 scghqe_6 scghqf_6 scghqg_6
       scghqh_6 scghqi_6 scghqj_6 scghqk_6 scghql_6 lkmove_7 xpmove_7 caruse_7
       mobuse_7 netpuse_7 smoker_7 aidxhh_7 jbhas_7 jbterm1_7 jbsemp_7 j2has_7
       fiyrdia_7 finnow_7 finfut_7 howlng_7 vote1_7 vote6_7 scsf2a_7 scsf2b_7 scsf3a_7
       scsf3b_7 scsf4a_7 scsf4b_7 scsf5_7 scsf6a_7 scsf6b_7 scsf6c_7 scsf7_7 scghqa_7
       scghqb_7 scghqc_7 scghqd_7 scghqe_7 scghqf_7 scghqg_7 scghqh_7 scghqi_7
       scghqj_7 scghqk_7 scghql_7 scsf1_7 lkmove_8 xpmove_8 caruse_8 mobuse_8
       netpuse_8 smoker_8 aidxhh_8 jbhas_8 jbterm1_8 jbsemp_8 j2has_8 fiyrdia_8
       finnow_8 finfut_8 scsf2a_8 scsf2b_8 scsf3a_8 scsf3b_8 scsf4a_8 scsf4b_8 scsf5_8
       scsf6a_8 scsf6b_8 scsf6c_8 scsf7_8 scghqa_8 scghqb_8 scghqc_8 scghqd_8 scghqe_8
       scghqf_8 scghqg_8 scghqh_8 scghqi_8 scghqj_8 scghqk_8 scghql_8 scsf1_8 mobuse_9
       netpuse_9 smoker_9 jbhas_9 jbterm1_9 jbsemp_9 j2has_9 fiyrdia_9 finnow_9
       finfut_9 lkmove_10 xpmove_10 mobuse_10 netpuse_10 smoker_10 aidxhh_10 jbhas_10
       jbterm1_10 jbsemp_10 j2has_10 fiyrdia_10 finnow_10 finfut_10 scsf1_10 scsf2a_10
       scsf2b_10 scsf3a_10 scsf3b_10 scsf4a_10 scsf4b_10 scsf5_10 scsf6a_10 scsf6b_10
       scsf6c_10 scsf7_10 scghqa_10 scghqb_10 scghqc_10 scghqd_10 scghqe_10 scghqf_10
       scghqg_10 scghqh_10 scghqi_10 scghqj_10 scghqk_10 scghql_10 edu agecat female
       partner sf1 longill london north urban refresh Higher A level GCSE Other age_35
       age_55 age_75 age_102 pred_all pred_no9 pred_p567 pred_p7 pred_all_w pred_no9_w
       pred_p567_w pred_p7_w;

   MISSING=.;

   USEVARIABLES ARE
   caruse_5
   caruse_6
   caruse_7
   caruse_8;

   CATEGORICAL ARE
   caruse_5
   caruse_6
   caruse_7
   caruse_8;
   CLASSES = c(2);

    KNOWNCLASS = c(mm= 1 2);

   ANALYSIS:


      TYPE = MIXTURE;

      ESTIMATOR = MLR;

      ALGORITHM = INTEGRATION;

      Processors = 8(starts);

      STARTS = 800 200;

   Model:


      %OVERALL%

  i s | caruse_5@0 caruse_6@1 caruse_7@2 caruse_8@3;
   %c#1%
  [s] (a);
   s (b);
   s WITH i (c);
   i (d);

   %c#2%
  [s] (a);
   s (b);
   s WITH i (c);
   i (d);

   OUTPUT: SAMPSTAT;

                                  STDYX;




*** WARNING
  Data set contains unknown or missing values for variable MM.
  This variable is used to determine the KNOWNCLASS specification.
  Number of such cases:  458
*** WARNING
  Data set contains cases with missing on all variables.
  These cases were not included in the analysis.
  Number of cases with missing on all variables:  446
   2 WARNING(S) FOUND IN THE INPUT INSTRUCTIONS



Your title goes here

SUMMARY OF ANALYSIS

Number of groups                                                 1
Number of observations                                        1153

Number of dependent variables                                    4
Number of independent variables                                  0
Number of continuous latent variables                            2
Number of categorical latent variables                           1

Observed dependent variables

  Binary and ordered categorical (ordinal)
   CARUSE_5    CARUSE_6    CARUSE_7    CARUSE_8

Continuous latent variables
   I           S

Categorical latent variables
   C

  Knownclass            C


Estimator                                                      MLR
Information matrix                                        OBSERVED
Optimization Specifications for the Quasi-Newton Algorithm for
Continuous Outcomes
  Maximum number of iterations                                 100
  Convergence criterion                                  0.100D-05
Optimization Specifications for the EM Algorithm
  Maximum number of iterations                                 500
  Convergence criteria
    Loglikelihood change                                 0.100D-02
    Relative loglikelihood change                        0.100D-05
    Derivative                                           0.100D-02
Optimization Specifications for the M step of the EM Algorithm for
Categorical Latent variables
  Number of M step iterations                                    1
  M step convergence criterion                           0.100D-02
  Basis for M step termination                           ITERATION
Optimization Specifications for the M step of the EM Algorithm for
Censored, Binary or Ordered Categorical (Ordinal), Unordered
Categorical (Nominal) and Count Outcomes
  Number of M step iterations                                    1
  M step convergence criterion                           0.100D-02
  Basis for M step termination                           ITERATION
  Maximum value for logit thresholds                            15
  Minimum value for logit thresholds                           -15
  Minimum expected cell size for chi-square              0.100D-01
Maximum number of iterations for H1                           2000
Convergence criterion for H1                             0.100D-03
Optimization algorithm                                         EMA
Integration Specifications
  Type                                                    STANDARD
  Number of integration points                                  15
  Dimensions of numerical integration                            2
  Adaptive quadrature                                           ON
Random Starts Specifications
  Number of initial stage random starts                        800
  Number of final stage optimizations                          200
  Number of initial stage iterations                            10
  Initial stage convergence criterion                    0.100D+01
  Random starts scale                                    0.500D+01
  Random seed for generating random starts                       0
Link                                                         LOGIT
Cholesky                                                        ON

Input data file(s)
  data.dta
Input data format  FREE


SUMMARY OF DATA

     Number of missing data patterns            15
     Number of y missing data patterns           0
     Number of u missing data patterns          15


COVARIANCE COVERAGE OF DATA

Minimum covariance coverage value   0.100


     PROPORTION OF DATA PRESENT FOR U


           Covariance Coverage
              CARUSE_5      CARUSE_6      CARUSE_7      CARUSE_8
              ________      ________      ________      ________
 CARUSE_5       0.733
 CARUSE_6       0.631         0.720
 CARUSE_7       0.522         0.558         0.708
 CARUSE_8       0.493         0.529         0.572         0.681


UNIVARIATE PROPORTIONS AND COUNTS FOR CATEGORICAL VARIABLES

    CARUSE_5
      Category 1    0.083           70.000
      Category 2    0.917          775.000
    CARUSE_6
      Category 1    0.087           72.000
      Category 2    0.913          758.000
    CARUSE_7
      Category 1    0.072           59.000
      Category 2    0.928          757.000
    CARUSE_8
      Category 1    0.070           55.000
      Category 2    0.930          730.000


SAMPLE STATISTICS

RANDOM STARTS RESULTS RANKED FROM THE BEST TO THE WORST LOGLIKELIHOOD VALUES

Final stage loglikelihood values at local maxima, seeds, and initial stage start numbers:

           -1447.114  402699           604
           -1447.114  231281           542
           -1447.139  312754           562
           -1447.140  563002           360
           -1447.141  576596           99
           -1447.142  836515           341
           -1447.142  190339           102
           -1447.144  831410           567
           -1447.144  545140           278
           -1447.146  61587            400
           -1447.146  112586           494
           -1447.149  476498           179
           -1447.150  595619           779
           -1447.150  327140           678
           -1447.150  165853           105
           -1447.153  307843           664
           -1447.153  213189           605
           -1447.154  273992           349
           -1447.154  76451            211
           -1447.155  822698           621
           -1447.155  778953           635
           -1447.156  637095           207
           -1447.157  153394           429
           -1447.157  876943           650
           -1447.158  311214           64
           -1447.160  195873           6
           -1447.160  871851           257
           -1447.161  57226            208
           -1447.162  14262            781
           -1447.163  188498           258
           -1447.163  520177           262
           -1447.163  109946           771
           -1447.164  539389           544
           -1447.164  147440           514
           -1447.165  349562           359
           -1447.166  489927           520
           -1447.166  570908           98
           -1447.166  484501           163
           -1447.167  175199           247
           -1447.167  40340            188
           -1447.168  856536           144
           -1447.168  763285           620
           -1447.168  860772           174
           -1447.169  120506           45
           -1447.171  871722           355
           -1447.172  939870           655
           -1447.174  659832           754
           -1447.175  341519           653
           -1447.175  39136            226
           -1447.176  982520           737
           -1447.176  476393           705
           -1447.177  549244           756
           -1447.178  850545           357
           -1447.179  965639           463
           -1447.180  631413           439
           -1447.181  4091             548
           -1447.181  471040           403
           -1447.181  286735           175
           -1447.181  605358           321
           -1447.182  547702           767
           -1447.183  790452           303
           -1447.184  829540           324
           -1447.184  354559           73
           -1447.184  923437           398
           -1447.185  284109           82
           -1447.185  486646           586
           -1447.185  294669           501
           -1447.185  150531           154
           -1447.185  36714            201
           -1447.185  695155           150
           -1447.186  850840           232
           -1447.188  78862            529
           -1447.188  unperturbed      0
           -1447.189  252346           528
           -1447.191  833196           715
           -1447.191  605565           404
           -1447.191  823392           479
           -1447.192  462821           745
           -1447.193  491970           563
           -1447.194  266038           672
           -1447.194  568859           49
           -1447.194  529455           268
           -1447.194  497522           502
           -1447.195  840031           276
           -1447.197  505244           582
           -1447.197  188640           451
           -1447.197  126371           526
           -1447.198  852283           616
           -1447.202  137305           379
           -1447.202  50887            389
           -1447.202  575700           100
           -1447.203  562716           300
           -1447.204  163110           584
           -1447.205  749453           33
           -1447.207  232559           136
           -1447.209  539751           459
           -1447.209  646573           741
           -1447.211  291112           645
           -1447.212  263268           165
           -1447.212  396795           323
           -1447.212  405079           68
           -1447.213  552272           654
           -1447.215  859432           770
           -1447.217  226322           478
           -1447.219  434915           552
           -1447.219  281558           184
           -1447.221  354624           448
           -1447.222  801065           393
           -1447.223  69413            472
           -1447.223  268217           83
           -1447.224  474357           789
           -1447.227  237332           661
           -1447.228  748692           204
           -1447.229  194143           510
           -1447.229  903369           134
           -1447.230  177936           726
           -1447.230  359578           458
           -1447.231  121425           511
           -1447.232  599729           658
           -1447.232  471438           252
           -1447.232  699554           427
           -1447.233  922596           456
           -1447.235  860102           495
           -1447.237  529496           343
           -1447.240  848331           137
           -1447.240  22362            365
           -1447.241  888905           444
           -1447.242  278692           342
           -1447.243  260953           589
           -1447.245  570681           777
           -1447.248  804561           59
           -1447.249  193847           354
           -1447.249  483369           270
           -1447.251  604861           800
           -1447.252  584397           428
           -1447.253  373815           618
           -1447.253  961454           665
           -1447.253  602032           648
           -1447.256  303834           798
           -1447.256  887676           22
           -1447.256  27071            15
           -1447.258  51375            148
           -1447.259  853195           431
           -1447.260  66276            217
           -1447.262  117391           710
           -1447.264  466971           109
           -1447.267  518828           432
           -1447.274  848163           47
           -1447.274  804104           566
           -1447.275  860029           760
           -1447.277  478341           731
           -1447.278  967237           48
           -1447.280  285380           1
           -1447.281  930323           267
           -1447.282  377584           630
           -1447.284  863691           481
           -1447.287  642909           251
           -1447.287  224950           455
           -1447.289  626891           32
           -1447.293  326091           759
           -1447.294  820977           776
           -1447.295  425982           485
           -1447.300  247224           94
           -1447.302  168762           200
           -1447.303  496703           758
           -1447.305  43523            297
           -1447.305  991329           182
           -1447.306  350608           334
           -1447.307  464179           106
           -1447.308  404426           344
           -1447.312  372176           23
           -1447.314  100874           108
           -1447.315  62835            642
           -1447.322  926762           704
           -1447.322  761633           50
           -1447.327  354208           196
           -1447.337  378393           509
           -1447.339  12477            155
           -1447.340  686384           690
           -1447.342  443917           60
           -1447.346  435287           623
           -1447.346  670281           721
           -1447.347  848356           602
           -1447.350  197223           332
           -1447.353  391949           295
           -1447.354  227563           63
           -1447.362  626087           314
           -1447.367  294811           637
           -1447.372  913639           162
           -1447.374  821011           161
           -1447.395  742688           594
           -1447.401  85114            385
           -1447.419  576726           280
           -1447.422  688839           273
           -1447.442  502532           445
           -1447.447  689529           516
           -1447.463  640833           434
           -1447.468  123985           248
           -1447.508  34346            330
           -1447.624  161421           519



THE BEST LOGLIKELIHOOD VALUE HAS BEEN REPLICATED.  RERUN WITH AT LEAST TWICE THE
RANDOM STARTS TO CHECK THAT THE BEST LOGLIKELIHOOD IS STILL OBTAINED AND REPLICATED.


THE MODEL ESTIMATION TERMINATED NORMALLY



MODEL FIT INFORMATION

Number of Free Parameters                        7

Loglikelihood

          H0 Value                       -1447.114
          H0 Scaling Correction Factor      1.3696
            for MLR

Information Criteria

          Akaike (AIC)                    2908.227
          Bayesian (BIC)                  2943.578
          Sample-Size Adjusted BIC        2921.344
            (n* = (n + 2) / 24)

Chi-Square Test of Model Fit for the Binary and Ordered Categorical
(Ordinal) Outcomes

          Pearson Chi-Square

          Value                             17.089
          Degrees of Freedom                    24
          P-Value                           0.8449

          Likelihood Ratio Chi-Square

          Value                             32.279
          Degrees of Freedom                    24
          P-Value                           0.1202

Chi-Square Test for MCAR under the Unrestricted Latent Class Indicator Model

          Pearson Chi-Square

          Value                            125.246
          Degrees of Freedom                    99
          P-Value                           0.0385

          Likelihood Ratio Chi-Square

          Value                            107.065
          Degrees of Freedom                    99
          P-Value                           0.2725



FINAL CLASS COUNTS AND PROPORTIONS FOR THE LATENT CLASSES
BASED ON THE ESTIMATED MODEL

    Latent
   Classes

       1        666.00000          0.57762
       2        487.00000          0.42238


MODEL RESULTS

                                                    Two-Tailed
                    Estimate       S.E.  Est./S.E.    P-Value

Latent Class 1 (1)

 I        |
    CARUSE_5           1.000      0.000    999.000    999.000
    CARUSE_6           1.000      0.000    999.000    999.000
    CARUSE_7           1.000      0.000    999.000    999.000
    CARUSE_8           1.000      0.000    999.000    999.000

 S        |
    CARUSE_5           0.000      0.000    999.000    999.000
    CARUSE_6           1.000      0.000    999.000    999.000
    CARUSE_7           2.000      0.000    999.000    999.000
    CARUSE_8           3.000      0.000    999.000    999.000

 S        WITH
    I                 -5.716     15.010     -0.381      0.703

 Means
    I                  0.215      0.492      0.438      0.662
    S                 -0.545      1.729     -0.315      0.753

 Thresholds
    CARUSE_5$1        -9.256      4.951     -1.870      0.062
    CARUSE_6$1        -9.256      4.951     -1.870      0.062
    CARUSE_7$1        -9.256      4.951     -1.870      0.062
    CARUSE_8$1        -9.256      4.951     -1.870      0.062

 Variances
    I                 53.418     69.158      0.772      0.440
    S                  0.954      2.398      0.398      0.691

Latent Class 2 (2)

 I        |
    CARUSE_5           1.000      0.000    999.000    999.000
    CARUSE_6           1.000      0.000    999.000    999.000
    CARUSE_7           1.000      0.000    999.000    999.000
    CARUSE_8           1.000      0.000    999.000    999.000

 S        |
    CARUSE_5           0.000      0.000    999.000    999.000
    CARUSE_6           1.000      0.000    999.000    999.000
    CARUSE_7           2.000      0.000    999.000    999.000
    CARUSE_8           3.000      0.000    999.000    999.000

 S        WITH
    I                 -5.716     15.010     -0.381      0.703

 Means
    I                  0.000      0.000    999.000    999.000
    S                 -0.545      1.729     -0.315      0.753

 Thresholds
    CARUSE_5$1        -9.256      4.951     -1.870      0.062
    CARUSE_6$1        -9.256      4.951     -1.870      0.062
    CARUSE_7$1        -9.256      4.951     -1.870      0.062
    CARUSE_8$1        -9.256      4.951     -1.870      0.062

 Variances
    I                 53.418     69.158      0.772      0.440
    S                  0.954      2.398      0.398      0.691

Categorical Latent Variables

 Means
    C#1                0.313      0.060      5.250      0.000


QUALITY OF NUMERICAL RESULTS

     Condition Number for the Information Matrix              0.215E-03
       (ratio of smallest to largest eigenvalue)


RESULTS IN PROBABILITY SCALE

                    Estimate

Latent Class 1 (1)

 CARUSE_5
    Category 1         0.104
    Category 2         0.896
 CARUSE_6
    Category 1         0.095
    Category 2         0.905
 CARUSE_7
    Category 1         0.086
    Category 2         0.914
 CARUSE_8
    Category 1         0.079
    Category 2         0.921

Latent Class 2 (2)

 CARUSE_5
    Category 1         0.109
    Category 2         0.891
 CARUSE_6
    Category 1         0.100
    Category 2         0.900
 CARUSE_7
    Category 1         0.092
    Category 2         0.908
 CARUSE_8
    Category 1         0.085
    Category 2         0.915


LATENT CLASS INDICATOR ODDS RATIOS FOR THE LATENT CLASSES

                                                95% C.I.
                    Estimate       S.E.  Lower 2.5% Upper 2.5%

Latent Class 1 Compared to Latent Class 2

 CARUSE_5
    Category > 1       1.240      0.610      0.473      3.254
 CARUSE_6
    Category > 1       1.240      0.610      0.473      3.254
 CARUSE_7
    Category > 1       1.240      0.610      0.473      3.254
 CARUSE_8
    Category > 1       1.240      0.610      0.473      3.254


STANDARDIZED MODEL RESULTS


STDYX Standardization

                                                    Two-Tailed
                    Estimate       S.E.  Est./S.E.    P-Value

Latent Class 1 (1)

 I        |
    CARUSE_5           0.971      0.036     26.628      0.000
    CARUSE_6           1.075      0.215      4.996      0.000
    CARUSE_7           1.191      0.483      2.464      0.014
    CARUSE_8           1.313      0.855      1.536      0.125

 S        |
    CARUSE_5           0.000      0.000    999.000    999.000
    CARUSE_6           0.144      0.120      1.197      0.231
    CARUSE_7           0.318      0.329      0.967      0.333
    CARUSE_8           0.526      0.668      0.787      0.431

 S        WITH
    I                 -0.801      0.617     -1.298      0.194

 Means
    I                  0.029      0.078      0.376      0.707
    S                 -0.558      1.108     -0.504      0.615

 Thresholds
    CARUSE_5$1        -1.229      0.105    -11.671      0.000
    CARUSE_6$1        -1.361      0.140     -9.693      0.000
    CARUSE_7$1        -1.508      0.455     -3.314      0.001
    CARUSE_8$1        -1.663      0.907     -1.832      0.067

 Variances
    I                  1.000      0.000    999.000    999.000
    S                  1.000      0.000    999.000    999.000

Latent Class 2 (2)

 I        |
    CARUSE_5           0.971      0.036     26.628      0.000
    CARUSE_6           1.075      0.215      4.996      0.000
    CARUSE_7           1.191      0.483      2.464      0.014
    CARUSE_8           1.313      0.855      1.536      0.125

 S        |
    CARUSE_5           0.000      0.000    999.000    999.000
    CARUSE_6           0.144      0.120      1.197      0.231
    CARUSE_7           0.318      0.329      0.967      0.333
    CARUSE_8           0.526      0.668      0.787      0.431

 S        WITH
    I                 -0.801      0.617     -1.298      0.194

 Means
    I                  0.000      0.000    999.000    999.000
    S                 -0.558      1.108     -0.504      0.615

 Thresholds
    CARUSE_5$1        -1.229      0.105    -11.671      0.000
    CARUSE_6$1        -1.361      0.140     -9.693      0.000
    CARUSE_7$1        -1.508      0.455     -3.314      0.001
    CARUSE_8$1        -1.663      0.907     -1.832      0.067

 Variances
    I                  1.000      0.000    999.000    999.000
    S                  1.000      0.000    999.000    999.000


R-SQUARE

Class 1

    Observed                                        Two-Tailed
    Variable        Estimate       S.E.  Est./S.E.    P-Value

    CARUSE_5           0.942      0.071     13.314      0.000
    CARUSE_6           0.929      0.065     14.354      0.000
    CARUSE_7           0.913      0.048     19.048      0.000
    CARUSE_8           0.894      0.037     24.425      0.000

Class 2

    Observed                                        Two-Tailed
    Variable        Estimate       S.E.  Est./S.E.    P-Value

    CARUSE_5           0.942      0.071     13.314      0.000
    CARUSE_6           0.929      0.065     14.354      0.000
    CARUSE_7           0.913      0.048     19.048      0.000
    CARUSE_8           0.894      0.037     24.425      0.000


     Beginning Time:  08:35:03
        Ending Time:  08:35:41
       Elapsed Time:  00:00:38



MUTHEN & MUTHEN
3463 Stoner Ave.
Los Angeles, CA  90066

Tel: (310) 391-9971
Fax: (310) 391-8971
Web: www.StatModel.com
Support: Support@StatModel.com

Copyright (c) 1998-2021 Muthen & Muthen
