Mplus VERSION 8.6
MUTHEN & MUTHEN
07/12/2021   8:12 PM

INPUT INSTRUCTIONS

  TITLE: Your title goes here

   DATA: FILE = data.dta;

   VARIABLE:

   NAMES = pidp gridmode mm hidp_5 hidp_6 hidp_7 hidp_8 hidp_9 hidp_10 indmode_5
       indmode_6 indmode_7 indmode_8 indmode_9 indmode_10 mode_type_all mode_type_no9
       mode_type_567 mode_type_7 all no9 p567 p7 switch_all switch_no9 switch_567
       switch_7 lkmove_5 xpmove_5 caruse_5 mobuse_5 netpuse_5 aidxhh_5 jbhas_5 j2has_5
       finnow_5 finfut_5 howlng_5 vote1_5 vote6_5 scsf1_5 scsf2a_5 scsf2b_5 scsf3a_5
       scsf3b_5 scsf4a_5 scsf4b_5 scsf5_5 scsf6a_5 scsf6b_5 scsf6c_5 scsf7_5 scghqa_5
       scghqb_5 scghqc_5 scghqd_5 scghqe_5 scghqf_5 scghqg_5 scghqh_5 scghqi_5
       scghqj_5 scghqk_5 scghql_5 lkmove_6 xpmove_6 caruse_6 mobuse_6 netpuse_6
       aidxhh_6 jbhas_6 j2has_6 finnow_6 finfut_6 howlng_6 vote1_6 vote6_6 scsf1_6
       scsf2a_6 scsf2b_6 scsf3a_6 scsf3b_6 scsf4a_6 scsf4b_6 scsf5_6 scsf6a_6 scsf6b_6
       scsf6c_6 scsf7_6 scghqa_6 scghqb_6 scghqc_6 scghqd_6 scghqe_6 scghqf_6 scghqg_6
       scghqh_6 scghqi_6 scghqj_6 scghqk_6 scghql_6 lkmove_7 xpmove_7 caruse_7
       mobuse_7 netpuse_7 smoker_7 aidxhh_7 jbhas_7 jbterm1_7 jbsemp_7 j2has_7
       fiyrdia_7 finnow_7 finfut_7 howlng_7 vote1_7 vote6_7 scsf2a_7 scsf2b_7 scsf3a_7
       scsf3b_7 scsf4a_7 scsf4b_7 scsf5_7 scsf6a_7 scsf6b_7 scsf6c_7 scsf7_7 scghqa_7
       scghqb_7 scghqc_7 scghqd_7 scghqe_7 scghqf_7 scghqg_7 scghqh_7 scghqi_7
       scghqj_7 scghqk_7 scghql_7 scsf1_7 lkmove_8 xpmove_8 caruse_8 mobuse_8
       netpuse_8 smoker_8 aidxhh_8 jbhas_8 jbterm1_8 jbsemp_8 j2has_8 fiyrdia_8
       finnow_8 finfut_8 scsf2a_8 scsf2b_8 scsf3a_8 scsf3b_8 scsf4a_8 scsf4b_8 scsf5_8
       scsf6a_8 scsf6b_8 scsf6c_8 scsf7_8 scghqa_8 scghqb_8 scghqc_8 scghqd_8 scghqe_8
       scghqf_8 scghqg_8 scghqh_8 scghqi_8 scghqj_8 scghqk_8 scghql_8 scsf1_8 mobuse_9
       netpuse_9 smoker_9 jbhas_9 jbterm1_9 jbsemp_9 j2has_9 fiyrdia_9 finnow_9
       finfut_9 lkmove_10 xpmove_10 mobuse_10 netpuse_10 smoker_10 aidxhh_10 jbhas_10
       jbterm1_10 jbsemp_10 j2has_10 fiyrdia_10 finnow_10 finfut_10 scsf1_10 scsf2a_10
       scsf2b_10 scsf3a_10 scsf3b_10 scsf4a_10 scsf4b_10 scsf5_10 scsf6a_10 scsf6b_10
       scsf6c_10 scsf7_10 scghqa_10 scghqb_10 scghqc_10 scghqd_10 scghqe_10 scghqf_10
       scghqg_10 scghqh_10 scghqi_10 scghqj_10 scghqk_10 scghql_10 edu agecat female
       partner sf1 longill london north urban refresh Higher A level GCSE Other age_35
       age_55 age_75 age_102 pred_all pred_no9 pred_p567 pred_p7 pred_all_w pred_no9_w
       pred_p567_w pred_p7_w;

   MISSING=.;

   USEVARIABLES ARE
   scsf6a_5
   scsf6a_6
   scsf6a_7
   scsf6a_8
   scsf6a_10;
   CLASSES = c(2);

    KNOWNCLASS = c(mm= 1 2);

   ANALYSIS:


      TYPE = MIXTURE;

      ESTIMATOR = MLR;

      ALGORITHM = INTEGRATION;

      Processors = 8(starts);

      STARTS = 800 200;

   Model:


      %OVERALL%

  i s | scsf6a_5@0 scsf6a_6@1 scsf6a_7@2 scsf6a_8@3 scsf6a_10@5;;

  scsf6a_5 (a);
   scsf6a_6 (a);
   scsf6a_7 (a);
   scsf6a_8 (a);
   scsf6a_10 (a);

   %c#1%
  [s] (a);
   s (b);
   s WITH i ;
   i ;

   %c#2%
  [s] (a);
   s (b);
   s WITH i ;
   i ;

   OUTPUT: SAMPSTAT;

                                  STDYX;




*** WARNING in VARIABLE command
  Note that only the first 8 characters of variable names are used in the output.
  Shorten variable names to avoid any confusion.
*** WARNING
  Data set contains unknown or missing values for variable MM.
  This variable is used to determine the KNOWNCLASS specification.
  Number of such cases:  458
*** WARNING
  Data set contains cases with missing on all variables.
  These cases were not included in the analysis.
  Number of cases with missing on all variables:  171
   3 WARNING(S) FOUND IN THE INPUT INSTRUCTIONS



Your title goes here

SUMMARY OF ANALYSIS

Number of groups                                                 1
Number of observations                                        1428

Number of dependent variables                                    5
Number of independent variables                                  0
Number of continuous latent variables                            2
Number of categorical latent variables                           1

Observed dependent variables

  Continuous
   SCSF6A_5    SCSF6A_6    SCSF6A_7    SCSF6A_8    SCSF6A_10

Continuous latent variables
   I           S

Categorical latent variables
   C

  Knownclass            C


Estimator                                                      MLR
Information matrix                                        OBSERVED
Optimization Specifications for the Quasi-Newton Algorithm for
Continuous Outcomes
  Maximum number of iterations                                 100
  Convergence criterion                                  0.100D-05
Optimization Specifications for the EM Algorithm
  Maximum number of iterations                                 500
  Convergence criteria
    Loglikelihood change                                 0.100D-02
    Relative loglikelihood change                        0.100D-05
    Derivative                                           0.100D-02
Optimization Specifications for the M step of the EM Algorithm for
Categorical Latent variables
  Number of M step iterations                                    1
  M step convergence criterion                           0.100D-02
  Basis for M step termination                           ITERATION
Optimization Specifications for the M step of the EM Algorithm for
Censored, Binary or Ordered Categorical (Ordinal), Unordered
Categorical (Nominal) and Count Outcomes
  Number of M step iterations                                    1
  M step convergence criterion                           0.100D-02
  Basis for M step termination                           ITERATION
  Maximum value for logit thresholds                            15
  Minimum value for logit thresholds                           -15
  Minimum expected cell size for chi-square              0.100D-01
Maximum number of iterations for H1                           2000
Convergence criterion for H1                             0.100D-03
Optimization algorithm                                         EMA
Integration Specifications
  Type                                                    STANDARD
  Number of integration points                                  15
  Dimensions of numerical integration                            0
  Adaptive quadrature                                           ON
Random Starts Specifications
  Number of initial stage random starts                        800
  Number of final stage optimizations                          200
  Number of initial stage iterations                            10
  Initial stage convergence criterion                    0.100D+01
  Random starts scale                                    0.500D+01
  Random seed for generating random starts                       0
Cholesky                                                       OFF

Input data file(s)
  data.dta
Input data format  FREE


SUMMARY OF DATA

     Number of missing data patterns            31
     Number of y missing data patterns          31
     Number of u missing data patterns           0


COVARIANCE COVERAGE OF DATA

Minimum covariance coverage value   0.100


     PROPORTION OF DATA PRESENT FOR Y


           Covariance Coverage
              SCSF6A_5      SCSF6A_6      SCSF6A_7      SCSF6A_8      SCSF6A_1
              ________      ________      ________      ________      ________
 SCSF6A_5       0.496
 SCSF6A_6       0.375         0.590
 SCSF6A_7       0.342         0.438         0.651
 SCSF6A_8       0.328         0.423         0.509         0.641
 SCSF6A_1       0.285         0.368         0.430         0.475         0.576


SAMPLE STATISTICS


     ESTIMATED SAMPLE STATISTICS FOR CLASS 1


           Means
              SCSF6A_5      SCSF6A_6      SCSF6A_7      SCSF6A_8      SCSF6A_1
              ________      ________      ________      ________      ________
                2.533         2.580         2.530         2.553         2.601


           Covariances
              SCSF6A_5      SCSF6A_6      SCSF6A_7      SCSF6A_8      SCSF6A_1
              ________      ________      ________      ________      ________
 SCSF6A_5       0.745
 SCSF6A_6       0.327         0.809
 SCSF6A_7       0.362         0.328         0.800
 SCSF6A_8       0.349         0.348         0.476         0.846
 SCSF6A_1       0.349         0.382         0.413         0.429         0.933


           Correlations
              SCSF6A_5      SCSF6A_6      SCSF6A_7      SCSF6A_8      SCSF6A_1
              ________      ________      ________      ________      ________
 SCSF6A_5       1.000
 SCSF6A_6       0.421         1.000
 SCSF6A_7       0.468         0.408         1.000
 SCSF6A_8       0.440         0.421         0.578         1.000
 SCSF6A_1       0.418         0.440         0.478         0.483         1.000


     ESTIMATED SAMPLE STATISTICS FOR CLASS 2


           Means
              SCSF6A_5      SCSF6A_6      SCSF6A_7      SCSF6A_8      SCSF6A_1
              ________      ________      ________      ________      ________
                2.518         2.457         2.446         2.574         2.573


           Covariances
              SCSF6A_5      SCSF6A_6      SCSF6A_7      SCSF6A_8      SCSF6A_1
              ________      ________      ________      ________      ________
 SCSF6A_5       0.773
 SCSF6A_6       0.356         0.770
 SCSF6A_7       0.417         0.274         0.791
 SCSF6A_8       0.393         0.285         0.405         0.968
 SCSF6A_1       0.339         0.287         0.329         0.435         1.026


           Correlations
              SCSF6A_5      SCSF6A_6      SCSF6A_7      SCSF6A_8      SCSF6A_1
              ________      ________      ________      ________      ________
 SCSF6A_5       1.000
 SCSF6A_6       0.462         1.000
 SCSF6A_7       0.534         0.351         1.000
 SCSF6A_8       0.454         0.330         0.462         1.000
 SCSF6A_1       0.381         0.323         0.365         0.437         1.000


UNIVARIATE SAMPLE STATISTICS


     UNIVARIATE HIGHER-ORDER MOMENT DESCRIPTIVE STATISTICS

         Variable/         Mean/     Skewness/   Minimum/ % with                Percentiles
        Sample Size      Variance    Kurtosis    Maximum  Min/Max      20%/60%    40%/80%    Median

     SCSF6A_5              2.495       0.700       1.000    7.05%       2.000      2.000      2.000
             709.000       0.735       0.315       5.000    2.12%       3.000      3.000
     SCSF6A_6              2.523       0.671       1.000    7.59%       2.000      2.000      2.000
             843.000       0.793       0.229       5.000    2.73%       3.000      3.000
     SCSF6A_7              2.488       0.762       1.000    8.28%       2.000      2.000      2.000
             930.000       0.783       0.619       5.000    3.33%       3.000      3.000
     SCSF6A_8              2.555       0.873       1.000    6.33%       2.000      2.000      2.000
             916.000       0.878       0.365       5.000    4.69%       3.000      3.000
     SCSF6A_10             2.585       0.621       1.000    9.25%       2.000      2.000      2.000
             822.000       0.968      -0.042       5.000    4.74%       3.000      3.000

RANDOM STARTS RESULTS RANKED FROM THE BEST TO THE WORST LOGLIKELIHOOD VALUES

Final stage loglikelihood values at local maxima, seeds, and initial stage start numbers:

           -6671.779  939709           112
           -6671.779  535063           329
           -6671.779  614535           449
           -6671.779  436892           565
           -6671.779  264901           634
           -6671.779  673496           218
           -6671.779  958107           790
           -6671.779  514326           325
           -6671.779  21132            351
           -6671.779  370957           554
           -6671.779  824956           607
           -6671.779  699810           571
           -6671.779  991329           182
           -6671.779  830570           369
           -6671.779  399380           436
           -6671.779  291149           536
           -6671.779  442072           625
           -6671.779  329127           185
           -6671.779  273992           349
           -6671.779  565819           65
           -6671.779  471040           403
           -6671.779  320494           465
           -6671.779  606576           151
           -6671.779  318230           46
           -6671.779  168762           200
           -6671.779  691041           590
           -6671.779  92091            649
           -6671.779  637095           207
           -6671.779  801717           364
           -6671.779  626891           32
           -6671.779  669634           335
           -6671.779  318177           748
           -6671.779  79945            395
           -6671.779  259507           53
           -6671.779  752769           253
           -6671.779  830392           35
           -6671.779  313306           612
           -6671.779  848890           95
           -6671.779  395754           388
           -6671.779  781190           219
           -6671.779  549244           756
           -6671.779  605161           409
           -6671.779  392418           28
           -6671.779  645664           39
           -6671.779  268217           83
           -6671.779  551639           55
           -6671.779  650354           577
           -6671.779  512836           289
           -6671.779  51375            148
           -6671.779  852283           616
           -6671.779  204959           695
           -6671.779  399848           220
           -6671.779  539751           459
           -6671.779  121425           511
           -6671.779  78862            529
           -6671.779  699834           723
           -6671.779  502495           724
           -6671.779  65651            214
           -6671.779  466971           109
           -6671.779  821011           161
           -6671.779  350608           334
           -6671.779  534193           689
           -6671.779  314757           345
           -6671.779  415502           194
           -6671.779  181293           212
           -6671.779  232559           136
           -6671.779  17896            592
           -6671.779  344422           296
           -6671.779  853781           716
           -6671.779  928287           197
           -6671.779  926797           406
           -6671.779  751153           110
           -6671.779  432148           30
           -6671.779  794236           127
           -6671.779  573096           20
           -6671.779  178031           720
           -6671.779  415931           10
           -6671.779  723775           97
           -6671.779  17359            227
           -6671.779  76974            16
           -6671.779  117731           570
           -6671.779  941525           609
           -6671.779  996231           310
           -6671.779  217744           326
           -6671.779  965994           396
           -6671.779  251680           794
           -6671.779  967902           52
           -6671.779  268896           124
           -6671.779  72662            729
           -6671.779  50887            389
           -6671.779  595619           779
           -6671.779  100874           108
           -6671.779  366706           29
           -6671.779  392751           480
           -6671.779  563584           657
           -6671.779  251641           784
           -6671.779  937885           426
           -6671.779  629320           222
           -6671.779  319575           499
           -6671.779  213189           605
           -6671.779  614009           317
           -6671.779  407168           44
           -6671.779  985387           381
           -6671.779  520865           763
           -6671.779  761633           50
           -6671.779  387701           275
           -6671.779  479273           156
           -6671.779  995913           787
           -6671.779  152496           123
           -6671.779  930872           277
           -6671.779  871438           561
           -6671.779  863094           147
           -6671.779  679832           302
           -6671.779  738393           619
           -6671.779  97300            640
           -6671.779  625191           350
           -6671.779  220492           743
           -6671.779  547702           767
           -6671.779  153394           429
           -6671.779  408713           450
           -6671.779  416463           467
           -6671.779  790059           469
           -6671.779  164305           128
           -6671.779  871722           355
           -6671.779  138695           783
           -6671.779  686482           215
           -6671.779  685657           69
           -6671.779  68985            17
           -6671.779  488581           688
           -6671.779  762461           425
           -6671.779  216565           474
           -6671.779  53621            483
           -6671.779  378393           509
           -6671.779  105435           265
           -6671.779  910224           580
           -6671.779  22075            659
           -6671.779  127362           757
           -6671.779  618000           190
           -6671.779  704798           530
           -6671.779  7195             697
           -6671.779  40340            188
           -6671.779  317640           437
           -6671.779  595153           230
           -6671.779  922042           492
           -6671.779  887580           493
           -6671.779  745972           521
           -6671.779  491970           563
           -6671.779  793487           595
           -6671.779  393232           152
           -6671.779  659773           663
           -6671.779  474357           789
           -6671.779  568859           49
           -6671.779  736574           414
           -6671.779  790452           303
           -6671.779  966014           37
           -6671.779  972873           157
           -6671.779  148918           682
           -6671.779  42523            730
           -6671.779  714997           399
           -6671.779  464179           106
           -6671.779  791396           243
           -6671.779  972430           491
           -6671.779  809240           543
           -6671.779  158612           581
           -6671.779  857799           315
           -6671.779  197223           332
           -6671.779  179022           687
           -6671.779  207896           25
           -6671.779  404510           442
           -6671.779  926283           269
           -6671.779  476393           705
           -6671.779  109946           771
           -6671.779  484406           421
           -6671.779  156536           245
           -6671.779  155622           507
           -6671.779  7959             256
           -6671.779  970689           266
           -6671.779  688839           273
           -6671.779  752476           614
           -6671.779  461866           722
           -6671.779  822698           621
           -6671.779  294811           637
           -6671.779  838615           677
           -6671.779  117391           710
           -6671.779  77210            712
           -6671.779  371737           532
           -6671.779  248742           556
           -6671.779  163110           584
           -6671.779  316165           299
           -6671.779  942358           644
           -6671.779  608849           224
           -6671.779  903633           553
           -6671.779  294669           501
           -6671.779  unperturbed      0
           -6671.779  342019           301
           -6671.779  700349           401
           -6671.779  118438           601
           -6671.779  36714            201
           -6671.779  371246           101
           -6671.779  964570           701



THE BEST LOGLIKELIHOOD VALUE HAS BEEN REPLICATED.  RERUN WITH AT LEAST TWICE THE
RANDOM STARTS TO CHECK THAT THE BEST LOGLIKELIHOOD IS STILL OBTAINED AND REPLICATED.


THE MODEL ESTIMATION TERMINATED NORMALLY



MODEL FIT INFORMATION

Number of Free Parameters                        9

Loglikelihood

          H0 Value                       -6671.779
          H0 Scaling Correction Factor      1.2607
            for MLR

Information Criteria

          Akaike (AIC)                   13361.558
          Bayesian (BIC)                 13408.934
          Sample-Size Adjusted BIC       13380.344
            (n* = (n + 2) / 24)



FINAL CLASS COUNTS AND PROPORTIONS FOR THE LATENT CLASSES
BASED ON THE ESTIMATED MODEL

    Latent
   Classes

       1        841.00000          0.58894
       2        587.00000          0.41106


MODEL RESULTS

                                                    Two-Tailed
                    Estimate       S.E.  Est./S.E.    P-Value

Latent Class 1 (1)

 I        |
    SCSF6A_5           1.000      0.000    999.000    999.000
    SCSF6A_6           1.000      0.000    999.000    999.000
    SCSF6A_7           1.000      0.000    999.000    999.000
    SCSF6A_8           1.000      0.000    999.000    999.000
    SCSF6A_10          1.000      0.000    999.000    999.000

 S        |
    SCSF6A_5           0.000      0.000    999.000    999.000
    SCSF6A_6           1.000      0.000    999.000    999.000
    SCSF6A_7           2.000      0.000    999.000    999.000
    SCSF6A_8           3.000      0.000    999.000    999.000
    SCSF6A_10          5.000      0.000    999.000    999.000

 S        WITH
    I                 -0.180      0.021     -8.461      0.000

 Means
    I                  2.067      0.038     54.525      0.000
    S                  0.273      0.010     28.184      0.000

 Intercepts
    SCSF6A_5           0.000      0.000    999.000    999.000
    SCSF6A_6           0.000      0.000    999.000    999.000
    SCSF6A_7           0.000      0.000    999.000    999.000
    SCSF6A_8           0.000      0.000    999.000    999.000
    SCSF6A_10          0.000      0.000    999.000    999.000

 Variances
    I                  0.725      0.071     10.144      0.000
    S                  0.104      0.007     13.847      0.000

 Residual Variances
    SCSF6A_5           0.273      0.010     28.184      0.000
    SCSF6A_6           0.273      0.010     28.184      0.000
    SCSF6A_7           0.273      0.010     28.184      0.000
    SCSF6A_8           0.273      0.010     28.184      0.000
    SCSF6A_10          0.273      0.010     28.184      0.000

Latent Class 2 (2)

 I        |
    SCSF6A_5           1.000      0.000    999.000    999.000
    SCSF6A_6           1.000      0.000    999.000    999.000
    SCSF6A_7           1.000      0.000    999.000    999.000
    SCSF6A_8           1.000      0.000    999.000    999.000
    SCSF6A_10          1.000      0.000    999.000    999.000

 S        |
    SCSF6A_5           0.000      0.000    999.000    999.000
    SCSF6A_6           1.000      0.000    999.000    999.000
    SCSF6A_7           2.000      0.000    999.000    999.000
    SCSF6A_8           3.000      0.000    999.000    999.000
    SCSF6A_10          5.000      0.000    999.000    999.000

 S        WITH
    I                 -0.210      0.028     -7.494      0.000

 Means
    I                  1.921      0.050     38.712      0.000
    S                  0.273      0.010     28.184      0.000

 Intercepts
    SCSF6A_5           0.000      0.000    999.000    999.000
    SCSF6A_6           0.000      0.000    999.000    999.000
    SCSF6A_7           0.000      0.000    999.000    999.000
    SCSF6A_8           0.000      0.000    999.000    999.000
    SCSF6A_10          0.000      0.000    999.000    999.000

 Variances
    I                  0.847      0.106      8.004      0.000
    S                  0.104      0.007     13.847      0.000

 Residual Variances
    SCSF6A_5           0.273      0.010     28.184      0.000
    SCSF6A_6           0.273      0.010     28.184      0.000
    SCSF6A_7           0.273      0.010     28.184      0.000
    SCSF6A_8           0.273      0.010     28.184      0.000
    SCSF6A_10          0.273      0.010     28.184      0.000

Categorical Latent Variables

 Means
    C#1                0.360      0.054      6.685      0.000


QUALITY OF NUMERICAL RESULTS

     Condition Number for the Information Matrix              0.815E-03
       (ratio of smallest to largest eigenvalue)


STANDARDIZED MODEL RESULTS


STDYX Standardization

                                                    Two-Tailed
                    Estimate       S.E.  Est./S.E.    P-Value

Latent Class 1 (1)

 I        |
    SCSF6A_5           0.852      0.012     72.314      0.000
    SCSF6A_6           0.989      0.025     39.221      0.000
    SCSF6A_7           1.023      0.048     21.419      0.000
    SCSF6A_8           0.923      0.058     15.871      0.000
    SCSF6A_10          0.636      0.044     14.330      0.000

 S        |
    SCSF6A_5           0.000      0.000    999.000    999.000
    SCSF6A_6           0.374      0.015     25.393      0.000
    SCSF6A_7           0.775      0.030     25.570      0.000
    SCSF6A_8           1.048      0.041     25.588      0.000
    SCSF6A_10          1.204      0.039     31.049      0.000

 S        WITH
    I                 -0.657      0.037    -17.812      0.000

 Means
    I                  2.428      0.147     16.481      0.000
    S                  0.848      0.023     36.789      0.000

 Intercepts
    SCSF6A_5           0.000      0.000    999.000    999.000
    SCSF6A_6           0.000      0.000    999.000    999.000
    SCSF6A_7           0.000      0.000    999.000    999.000
    SCSF6A_8           0.000      0.000    999.000    999.000
    SCSF6A_10          0.000      0.000    999.000    999.000

 Variances
    I                  1.000      0.000    999.000    999.000
    S                  1.000      0.000    999.000    999.000

 Residual Variances
    SCSF6A_5           0.274      0.020     13.630      0.000
    SCSF6A_6           0.369      0.023     16.297      0.000
    SCSF6A_7           0.395      0.020     20.182      0.000
    SCSF6A_8           0.321      0.017     18.368      0.000
    SCSF6A_10          0.153      0.009     16.947      0.000

Latent Class 2 (2)

 I        |
    SCSF6A_5           0.870      0.013     65.890      0.000
    SCSF6A_6           1.026      0.028     36.396      0.000
    SCSF6A_7           1.102      0.060     18.473      0.000
    SCSF6A_8           1.031      0.081     12.725      0.000
    SCSF6A_10          0.723      0.065     11.106      0.000

 S        |
    SCSF6A_5           0.000      0.000    999.000    999.000
    SCSF6A_6           0.359      0.016     22.456      0.000
    SCSF6A_7           0.772      0.034     22.805      0.000
    SCSF6A_8           1.083      0.052     20.869      0.000
    SCSF6A_10          1.266      0.056     22.612      0.000

 S        WITH
    I                 -0.707      0.042    -16.878      0.000

 Means
    I                  2.087      0.167     12.529      0.000
    S                  0.848      0.023     36.789      0.000

 Intercepts
    SCSF6A_5           0.000      0.000    999.000    999.000
    SCSF6A_6           0.000      0.000    999.000    999.000
    SCSF6A_7           0.000      0.000    999.000    999.000
    SCSF6A_8           0.000      0.000    999.000    999.000
    SCSF6A_10          0.000      0.000    999.000    999.000

 Variances
    I                  1.000      0.000    999.000    999.000
    S                  1.000      0.000    999.000    999.000

 Residual Variances
    SCSF6A_5           0.244      0.023     10.622      0.000
    SCSF6A_6           0.339      0.028     12.298      0.000
    SCSF6A_7           0.392      0.025     15.633      0.000
    SCSF6A_8           0.343      0.024     14.203      0.000
    SCSF6A_10          0.169      0.013     13.166      0.000


R-SQUARE

Class 1

    Observed                                        Two-Tailed
    Variable        Estimate       S.E.  Est./S.E.    P-Value

    SCSF6A_5           0.726      0.020     36.157      0.000
    SCSF6A_6           0.631      0.023     27.915      0.000
    SCSF6A_7           0.605      0.020     30.938      0.000
    SCSF6A_8           0.679      0.017     38.812      0.000
    SCSF6A_1           0.847      0.009     94.111      0.000

Class 2

    Observed                                        Two-Tailed
    Variable        Estimate       S.E.  Est./S.E.    P-Value

    SCSF6A_5           0.756      0.023     32.945      0.000
    SCSF6A_6           0.661      0.028     23.939      0.000
    SCSF6A_7           0.608      0.025     24.257      0.000
    SCSF6A_8           0.657      0.024     27.223      0.000
    SCSF6A_1           0.831      0.013     64.870      0.000


     Beginning Time:  20:12:47
        Ending Time:  20:12:53
       Elapsed Time:  00:00:06



MUTHEN & MUTHEN
3463 Stoner Ave.
Los Angeles, CA  90066

Tel: (310) 391-9971
Fax: (310) 391-8971
Web: www.StatModel.com
Support: Support@StatModel.com

Copyright (c) 1998-2021 Muthen & Muthen
