Mplus VERSION 8.6
MUTHEN & MUTHEN
07/12/2021   1:49 PM

INPUT INSTRUCTIONS

  TITLE: Your title goes here

   DATA: FILE = data.dta;

   VARIABLE:

   NAMES = pidp gridmode mm hidp_5 hidp_6 hidp_7 hidp_8 hidp_9 hidp_10 indmode_5
       indmode_6 indmode_7 indmode_8 indmode_9 indmode_10 mode_type_all mode_type_no9
       mode_type_567 mode_type_7 all no9 p567 p7 switch_all switch_no9 switch_567
       switch_7 lkmove_5 xpmove_5 caruse_5 mobuse_5 netpuse_5 aidxhh_5 jbhas_5 j2has_5
       finnow_5 finfut_5 howlng_5 vote1_5 vote6_5 scsf1_5 scsf2a_5 scsf2b_5 scsf3a_5
       scsf3b_5 scsf4a_5 scsf4b_5 scsf5_5 scsf6a_5 scsf6b_5 scsf6c_5 scsf7_5 scghqa_5
       scghqb_5 scghqc_5 scghqd_5 scghqe_5 scghqf_5 scghqg_5 scghqh_5 scghqi_5
       scghqj_5 scghqk_5 scghql_5 lkmove_6 xpmove_6 caruse_6 mobuse_6 netpuse_6
       aidxhh_6 jbhas_6 j2has_6 finnow_6 finfut_6 howlng_6 vote1_6 vote6_6 scsf1_6
       scsf2a_6 scsf2b_6 scsf3a_6 scsf3b_6 scsf4a_6 scsf4b_6 scsf5_6 scsf6a_6 scsf6b_6
       scsf6c_6 scsf7_6 scghqa_6 scghqb_6 scghqc_6 scghqd_6 scghqe_6 scghqf_6 scghqg_6
       scghqh_6 scghqi_6 scghqj_6 scghqk_6 scghql_6 lkmove_7 xpmove_7 caruse_7
       mobuse_7 netpuse_7 smoker_7 aidxhh_7 jbhas_7 jbterm1_7 jbsemp_7 j2has_7
       fiyrdia_7 finnow_7 finfut_7 howlng_7 vote1_7 vote6_7 scsf2a_7 scsf2b_7 scsf3a_7
       scsf3b_7 scsf4a_7 scsf4b_7 scsf5_7 scsf6a_7 scsf6b_7 scsf6c_7 scsf7_7 scghqa_7
       scghqb_7 scghqc_7 scghqd_7 scghqe_7 scghqf_7 scghqg_7 scghqh_7 scghqi_7
       scghqj_7 scghqk_7 scghql_7 scsf1_7 lkmove_8 xpmove_8 caruse_8 mobuse_8
       netpuse_8 smoker_8 aidxhh_8 jbhas_8 jbterm1_8 jbsemp_8 j2has_8 fiyrdia_8
       finnow_8 finfut_8 scsf2a_8 scsf2b_8 scsf3a_8 scsf3b_8 scsf4a_8 scsf4b_8 scsf5_8
       scsf6a_8 scsf6b_8 scsf6c_8 scsf7_8 scghqa_8 scghqb_8 scghqc_8 scghqd_8 scghqe_8
       scghqf_8 scghqg_8 scghqh_8 scghqi_8 scghqj_8 scghqk_8 scghql_8 scsf1_8 mobuse_9
       netpuse_9 smoker_9 jbhas_9 jbterm1_9 jbsemp_9 j2has_9 fiyrdia_9 finnow_9
       finfut_9 lkmove_10 xpmove_10 mobuse_10 netpuse_10 smoker_10 aidxhh_10 jbhas_10
       jbterm1_10 jbsemp_10 j2has_10 fiyrdia_10 finnow_10 finfut_10 scsf1_10 scsf2a_10
       scsf2b_10 scsf3a_10 scsf3b_10 scsf4a_10 scsf4b_10 scsf5_10 scsf6a_10 scsf6b_10
       scsf6c_10 scsf7_10 scghqa_10 scghqb_10 scghqc_10 scghqd_10 scghqe_10 scghqf_10
       scghqg_10 scghqh_10 scghqi_10 scghqj_10 scghqk_10 scghql_10 edu agecat female
       partner sf1 longill london north urban refresh Higher A level GCSE Other age_35
       age_55 age_75 age_102 pred_all pred_no9 pred_p567 pred_p7 pred_all_w pred_no9_w
       pred_p567_w pred_p7_w;

   MISSING=.;

   USEVARIABLES ARE
   scghqd_5
   scghqd_6
   scghqd_7
   scghqd_8
   scghqd_10;

   CATEGORICAL ARE
   scghqd_5
   scghqd_6
   scghqd_7
   scghqd_8
   scghqd_10;
   CLASSES = c(2);

    KNOWNCLASS = c(no9= 1 2);
  WEIGHT IS pred_no9_w;

   ANALYSIS:


      TYPE = MIXTURE;

      ESTIMATOR = MLR;

      ALGORITHM = INTEGRATION;

      Processors = 8(starts);

      STARTS = 800 200;

   Model:


      %OVERALL%

  i s | scghqd_5@0 scghqd_6@1 scghqd_7@2 scghqd_8@3 scghqd_10@5;
   %c#1%
  [s] (a); s ;
   s WITH i ;
   i ;


   %c#2%
  [s] (a); s ;
   s WITH i ;
   i ;


   OUTPUT: SAMPSTAT;

                                  STDYX;




*** WARNING in VARIABLE command
  Note that only the first 8 characters of variable names are used in the output.
  Shorten variable names to avoid any confusion.
*** WARNING
  One or more observations has a value of 0 for the WEIGHT variable.
*** WARNING
  Data set contains unknown or missing values for variable NO9.
  This variable is used to determine the KNOWNCLASS specification.
  Number of such cases:  111
*** WARNING
  Data set contains cases with missing on all variables.
  These cases were not included in the analysis.
  Number of cases with missing on all variables:  102
   4 WARNING(S) FOUND IN THE INPUT INSTRUCTIONS



Your title goes here

SUMMARY OF ANALYSIS

Number of groups                                                 1
Number of observations                                        1844

Number of dependent variables                                    5
Number of independent variables                                  0
Number of continuous latent variables                            2
Number of categorical latent variables                           1

Observed dependent variables

  Binary and ordered categorical (ordinal)
   SCGHQD_5    SCGHQD_6    SCGHQD_7    SCGHQD_8    SCGHQD_1

Continuous latent variables
   I           S

Categorical latent variables
   C

  Knownclass            C

Variables with special functions

  Weight variable       PRED_NO9

Estimator                                                      MLR
Information matrix                                        OBSERVED
Optimization Specifications for the Quasi-Newton Algorithm for
Continuous Outcomes
  Maximum number of iterations                                 100
  Convergence criterion                                  0.100D-05
Optimization Specifications for the EM Algorithm
  Maximum number of iterations                                 500
  Convergence criteria
    Loglikelihood change                                 0.100D-02
    Relative loglikelihood change                        0.100D-05
    Derivative                                           0.100D-02
Optimization Specifications for the M step of the EM Algorithm for
Categorical Latent variables
  Number of M step iterations                                    1
  M step convergence criterion                           0.100D-02
  Basis for M step termination                           ITERATION
Optimization Specifications for the M step of the EM Algorithm for
Censored, Binary or Ordered Categorical (Ordinal), Unordered
Categorical (Nominal) and Count Outcomes
  Number of M step iterations                                    1
  M step convergence criterion                           0.100D-02
  Basis for M step termination                           ITERATION
  Maximum value for logit thresholds                            15
  Minimum value for logit thresholds                           -15
  Minimum expected cell size for chi-square              0.100D-01
Maximum number of iterations for H1                           2000
Convergence criterion for H1                             0.100D-03
Optimization algorithm                                         EMA
Integration Specifications
  Type                                                    STANDARD
  Number of integration points                                  15
  Dimensions of numerical integration                            2
  Adaptive quadrature                                           ON
Random Starts Specifications
  Number of initial stage random starts                        800
  Number of final stage optimizations                          200
  Number of initial stage iterations                            10
  Initial stage convergence criterion                    0.100D+01
  Random starts scale                                    0.500D+01
  Random seed for generating random starts                       0
Link                                                         LOGIT
Cholesky                                                        ON

Input data file(s)
  data.dta
Input data format  FREE


SUMMARY OF DATA

     Number of missing data patterns            31
     Number of y missing data patterns           0
     Number of u missing data patterns          31


COVARIANCE COVERAGE OF DATA

Minimum covariance coverage value   0.100


     PROPORTION OF DATA PRESENT FOR U


           Covariance Coverage
              SCGHQD_5      SCGHQD_6      SCGHQD_7      SCGHQD_8      SCGHQD_1
              ________      ________      ________      ________      ________
 SCGHQD_5       0.386
 SCGHQD_6       0.292         0.457
 SCGHQD_7       0.265         0.338         0.595
 SCGHQD_8       0.252         0.326         0.472         0.581
 SCGHQD_1       0.223         0.287         0.400         0.435         0.648


UNIVARIATE PROPORTIONS AND COUNTS FOR CATEGORICAL VARIABLES

    SCGHQD_5
      Category 1    0.056           61.414
      Category 2    0.844          927.506
      Category 3    0.086           94.957
      Category 4    0.014           15.141
    SCGHQD_6
      Category 1    0.062           84.494
      Category 2    0.833         1134.399
      Category 3    0.094          128.394
      Category 4    0.011           14.925
    SCGHQD_7
      Category 1    0.046           55.093
      Category 2    0.878         1041.139
      Category 3    0.059           69.552
      Category 4    0.017           19.887
    SCGHQD_8
      Category 1    0.067           74.440
      Category 2    0.850          941.873
      Category 3    0.066           73.631
      Category 4    0.016           18.135
    SCGHQD_1
      Category 1    0.041           39.717
      Category 2    0.846          816.930
      Category 3    0.092           88.587
      Category 4    0.021           20.704


SAMPLE STATISTICS

RANDOM STARTS RESULTS RANKED FROM THE BEST TO THE WORST LOGLIKELIHOOD VALUES

Final stage loglikelihood values at local maxima, seeds, and initial stage start numbers:

           -4235.765  556929           734
           -4235.766  592219           119
           -4235.767  62835            642
           -4235.767  268896           124
           -4235.767  483369           270
           -4235.767  801717           364
           -4235.767  497522           502
           -4235.767  622860           259
           -4235.767  415502           194
           -4235.767  66276            217
           -4235.767  68850            462
           -4235.767  314757           345
           -4235.767  534483           290
           -4235.767  689529           516
           -4235.767  723775           97
           -4235.767  319144           176
           -4235.767  391949           295
           -4235.767  596257           405
           -4235.767  53621            483
           -4235.767  685657           69
           -4235.767  685268           596
           -4235.767  545140           278
           -4235.767  206099           363
           -4235.767  14262            781
           -4235.767  29591            633
           -4235.767  694303           282
           -4235.767  153942           31
           -4235.767  260601           36
           -4235.767  231281           542
           -4235.767  322790           636
           -4235.767  76337            76
           -4235.767  563584           657
           -4235.767  798821           423
           -4235.767  637345           19
           -4235.767  801065           393
           -4235.767  407108           366
           -4235.767  646573           741
           -4235.767  326091           759
           -4235.767  405079           68
           -4235.767  609185           181
           -4235.767  435287           623
           -4235.767  303834           798
           -4235.767  967237           48
           -4235.767  373505           88
           -4235.767  682718           733
           -4235.767  951709           348
           -4235.767  972430           491
           -4235.768  23012            352
           -4235.768  726035           191
           -4235.768  127215           9
           -4235.768  761633           50
           -4235.768  462821           745
           -4235.768  644297           340
           -4235.768  275475           413
           -4235.768  120506           45
           -4235.768  267983           228
           -4235.768  17359            227
           -4235.768  519357           559
           -4235.768  67009            564
           -4235.768  712531           631
           -4235.768  456213           160
           -4235.768  668003           647
           -4235.768  610181           711
           -4235.768  876943           650
           -4235.768  79945            395
           -4235.768  69413            472
           -4235.768  618000           190
           -4235.768  49221            254
           -4235.768  22089            143
           -4235.768  715561           125
           -4235.768  347222           533
           -4235.768  565819           65
           -4235.768  342019           301
           -4235.768  182524           373
           -4235.768  780698           337
           -4235.768  91231            727
           -4235.768  15270            610
           -4235.768  484687           306
           -4235.768  341519           653
           -4235.768  926797           406
           -4235.768  130011           587
           -4235.768  848969           173
           -4235.768  57226            208
           -4235.769  46502            714
           -4235.769  992389           77
           -4235.769  714455           476
           -4235.769  805935           615
           -4235.769  192191           629
           -4235.769  124999           96
           -4235.769  51375            148
           -4235.769  197223           332
           -4235.769  724519           333
           -4235.769  387701           275
           -4235.769  552272           654
           -4235.769  738393           619
           -4235.769  220492           743
           -4235.769  647617           725
           -4235.769  853195           431
           -4235.769  76451            211
           -4235.769  488125           368
           -4235.769  637095           207
           -4235.769  673496           218
           -4235.769  496881           192
           -4235.769  282464           283
           -4235.769  50887            389
           -4235.769  862607           468
           -4235.769  422103           62
           -4235.769  536551           696
           -4235.769  635245           121
           -4235.769  846194           93
           -4235.769  370957           554
           -4235.769  360419           356
           -4235.769  508482           446
           -4235.769  138695           783
           -4235.769  879211           453
           -4235.769  3307             735
           -4235.769  568405           233
           -4235.769  166851           638
           -4235.769  440841           118
           -4235.769  940533           764
           -4235.769  804561           59
           -4235.769  399848           220
           -4235.769  117391           710
           -4235.769  638977           643
           -4235.769  376411           473
           -4235.769  416463           467
           -4235.769  650354           577
           -4235.769  215353           164
           -4235.769  576220           115
           -4235.769  405371           569
           -4235.769  741888           138
           -4235.769  898745           466
           -4235.769  715255           523
           -4235.769  741484           441
           -4235.769  471398           74
           -4235.769  575700           100
           -4235.769  580181           691
           -4235.769  791285           416
           -4235.769  512403           719
           -4235.769  791396           243
           -4235.769  173191           422
           -4235.769  378393           509
           -4235.769  502495           724
           -4235.769  781489           627
           -4235.769  871851           257
           -4235.769  345070           114
           -4235.769  unperturbed      0
           -4235.769  188640           451
           -4235.769  377584           630
           -4235.769  81117            305
           -4235.769  248742           556
           -4235.769  21345            199
           -4235.769  278661           674
           -4235.769  900268           327
           -4235.769  544048           87
           -4235.769  520865           763
           -4235.769  434915           552
           -4235.769  117587           572
           -4235.769  227563           63
           -4235.769  244349           736
           -4235.769  650371           14
           -4235.769  402699           604
           -4235.769  123985           248
           -4235.769  417035           149
           -4235.769  695155           150
           -4235.769  971693           470
           -4235.769  263049           454
           -4235.769  804104           566
           -4235.769  971853           402
           -4235.769  710445           792
           -4235.769  379729           512
           -4235.769  355254           796
           -4235.769  602797           336
           -4235.769  717754           180
           -4235.769  276102           599
           -4235.769  576596           99
           -4235.769  505244           582
           -4235.769  509733           130
           -4235.769  146900           391
           -4235.769  92689            304
           -4235.769  534193           689
           -4235.769  775881           778
           -4235.769  607072           717
           -4235.769  355674           540
           -4235.770  77210            712
           -4235.770  856612           700
           -4235.770  836066           372
           -4235.770  897782           545
           -4235.770  358488           264
           -4240.824  279850           555
           -4240.826  723035           538

9 perturbed starting value run(s) did not converge or were rejected in the third stage.



THE BEST LOGLIKELIHOOD VALUE HAS BEEN REPLICATED.  RERUN WITH AT LEAST TWICE THE
RANDOM STARTS TO CHECK THAT THE BEST LOGLIKELIHOOD IS STILL OBTAINED AND REPLICATED.


THE MODEL ESTIMATION TERMINATED NORMALLY



MODEL FIT INFORMATION

Number of Free Parameters                       12

Loglikelihood

          H0 Value                       -4235.765
          H0 Scaling Correction Factor      2.1899
            for MLR

Information Criteria

          Akaike (AIC)                    8495.530
          Bayesian (BIC)                  8561.767
          Sample-Size Adjusted BIC        8523.643
            (n* = (n + 2) / 24)

Chi-Square Test of Model Fit for the Binary and Ordered Categorical
(Ordinal) Outcomes**

          Pearson Chi-Square

          Value                           1617.358
          Degrees of Freedom                  2019
          P-Value                           1.0000

          Likelihood Ratio Chi-Square

          Value                            646.632
          Degrees of Freedom                  2019
          P-Value                           1.0000

** Of the 3124 cells in the latent class indicator table, 5
   were deleted in the calculation of chi-square due to extreme values.

Chi-Square Test for MCAR under the Unrestricted Latent Class Indicator Model

          Pearson Chi-Square

          Value                           1700.377
          Degrees of Freedom                  4139
          P-Value                           1.0000

          Likelihood Ratio Chi-Square

          Value                           1308.136
          Degrees of Freedom                  4139
          P-Value                           1.0000



FINAL CLASS COUNTS AND PROPORTIONS FOR THE LATENT CLASSES
BASED ON THE ESTIMATED MODEL

    Latent
   Classes

       1       1305.00000          0.70770
       2        539.00000          0.29230


MODEL RESULTS

                                                    Two-Tailed
                    Estimate       S.E.  Est./S.E.    P-Value

Latent Class 1 (1)

 I        |
    SCGHQD_5           1.000      0.000    999.000    999.000
    SCGHQD_6           1.000      0.000    999.000    999.000
    SCGHQD_7           1.000      0.000    999.000    999.000
    SCGHQD_8           1.000      0.000    999.000    999.000
    SCGHQD_10          1.000      0.000    999.000    999.000

 S        |
    SCGHQD_5           0.000      0.000    999.000    999.000
    SCGHQD_6           1.000      0.000    999.000    999.000
    SCGHQD_7           2.000      0.000    999.000    999.000
    SCGHQD_8           3.000      0.000    999.000    999.000
    SCGHQD_10          5.000      0.000    999.000    999.000

 S        WITH
    I                 -0.324      0.237     -1.367      0.172

 Means
    I                  0.065      0.145      0.447      0.655
    S                  0.032      0.035      0.917      0.359

 Thresholds
    SCGHQD_5$1        -3.476      0.205    -16.977      0.000
    SCGHQD_5$2         3.011      0.177     17.024      0.000
    SCGHQD_5$3         5.173      0.283     18.292      0.000
    SCGHQD_6$1        -3.476      0.205    -16.977      0.000
    SCGHQD_6$2         3.011      0.177     17.024      0.000
    SCGHQD_6$3         5.173      0.283     18.292      0.000
    SCGHQD_7$1        -3.476      0.205    -16.977      0.000
    SCGHQD_7$2         3.011      0.177     17.024      0.000
    SCGHQD_7$3         5.173      0.283     18.292      0.000
    SCGHQD_8$1        -3.476      0.205    -16.977      0.000
    SCGHQD_8$2         3.011      0.177     17.024      0.000
    SCGHQD_8$3         5.173      0.283     18.292      0.000
    SCGHQD_1$1        -3.476      0.205    -16.977      0.000
    SCGHQD_1$2         3.011      0.177     17.024      0.000
    SCGHQD_1$3         5.173      0.283     18.292      0.000

 Variances
    I                  2.319      0.735      3.156      0.002
    S                  0.122      0.085      1.425      0.154

Latent Class 2 (2)

 I        |
    SCGHQD_5           1.000      0.000    999.000    999.000
    SCGHQD_6           1.000      0.000    999.000    999.000
    SCGHQD_7           1.000      0.000    999.000    999.000
    SCGHQD_8           1.000      0.000    999.000    999.000
    SCGHQD_10          1.000      0.000    999.000    999.000

 S        |
    SCGHQD_5           0.000      0.000    999.000    999.000
    SCGHQD_6           1.000      0.000    999.000    999.000
    SCGHQD_7           2.000      0.000    999.000    999.000
    SCGHQD_8           3.000      0.000    999.000    999.000
    SCGHQD_10          5.000      0.000    999.000    999.000

 S        WITH
    I                 -0.002      0.051     -0.049      0.961

 Means
    I                  0.000      0.000    999.000    999.000
    S                  0.032      0.035      0.917      0.359

 Thresholds
    SCGHQD_5$1        -3.476      0.205    -16.977      0.000
    SCGHQD_5$2         3.011      0.177     17.024      0.000
    SCGHQD_5$3         5.173      0.283     18.292      0.000
    SCGHQD_6$1        -3.476      0.205    -16.977      0.000
    SCGHQD_6$2         3.011      0.177     17.024      0.000
    SCGHQD_6$3         5.173      0.283     18.292      0.000
    SCGHQD_7$1        -3.476      0.205    -16.977      0.000
    SCGHQD_7$2         3.011      0.177     17.024      0.000
    SCGHQD_7$3         5.173      0.283     18.292      0.000
    SCGHQD_8$1        -3.476      0.205    -16.977      0.000
    SCGHQD_8$2         3.011      0.177     17.024      0.000
    SCGHQD_8$3         5.173      0.283     18.292      0.000
    SCGHQD_1$1        -3.476      0.205    -16.977      0.000
    SCGHQD_1$2         3.011      0.177     17.024      0.000
    SCGHQD_1$3         5.173      0.283     18.292      0.000

 Variances
    I                  1.993      0.451      4.424      0.000
    S                  0.000      0.000      0.087      0.931

Categorical Latent Variables

 Means
    C#1                0.884      0.067     13.277      0.000


QUALITY OF NUMERICAL RESULTS

     Condition Number for the Information Matrix              0.367E-05
       (ratio of smallest to largest eigenvalue)


RESULTS IN PROBABILITY SCALE

                    Estimate

Latent Class 1 (1)

 SCGHQD_5
    Category 1         0.065
    Category 2         0.833
    Category 3         0.085
    Category 4         0.017
 SCGHQD_6
    Category 1         0.055
    Category 2         0.853
    Category 3         0.079
    Category 4         0.014
 SCGHQD_7
    Category 1         0.049
    Category 2         0.863
    Category 3         0.076
    Category 4         0.013
 SCGHQD_8
    Category 1         0.047
    Category 2         0.863
    Category 3         0.077
    Category 4         0.013
 SCGHQD_10
    Category 1         0.054
    Category 2         0.836
    Category 3         0.092
    Category 4         0.018

Latent Class 2 (2)

 SCGHQD_5
    Category 1         0.063
    Category 2         0.847
    Category 3         0.076
    Category 4         0.014
 SCGHQD_6
    Category 1         0.061
    Category 2         0.846
    Category 3         0.078
    Category 4         0.015
 SCGHQD_7
    Category 1         0.059
    Category 2         0.846
    Category 3         0.080
    Category 4         0.015
 SCGHQD_8
    Category 1         0.058
    Category 2         0.845
    Category 3         0.082
    Category 4         0.015
 SCGHQD_10
    Category 1         0.055
    Category 2         0.844
    Category 3         0.085
    Category 4         0.016


STANDARDIZED MODEL RESULTS


STDYX Standardization

                                                    Two-Tailed
                    Estimate       S.E.  Est./S.E.    P-Value

Latent Class 1 (1)

 I        |
    SCGHQD_5           0.643      0.060     10.761      0.000
    SCGHQD_6           0.676      0.082      8.248      0.000
    SCGHQD_7           0.695      0.099      6.998      0.000
    SCGHQD_8           0.698      0.106      6.578      0.000
    SCGHQD_10          0.655      0.090      7.283      0.000

 S        |
    SCGHQD_5           0.000      0.000    999.000    999.000
    SCGHQD_6           0.155      0.052      2.984      0.003
    SCGHQD_7           0.319      0.113      2.821      0.005
    SCGHQD_8           0.480      0.172      2.796      0.005
    SCGHQD_10          0.750      0.237      3.163      0.002

 S        WITH
    I                 -0.611      0.168     -3.643      0.000

 Means
    I                  0.042      0.095      0.447      0.655
    S                  0.093      0.105      0.888      0.375

 Thresholds
    SCGHQD_5$1        -1.468      0.092    -15.982      0.000
    SCGHQD_5$2         1.271      0.086     14.747      0.000
    SCGHQD_5$3         2.184      0.146     14.949      0.000
    SCGHQD_6$1        -1.542      0.075    -20.470      0.000
    SCGHQD_6$2         1.336      0.073     18.239      0.000
    SCGHQD_6$3         2.295      0.120     19.065      0.000
    SCGHQD_7$1        -1.587      0.079    -20.155      0.000
    SCGHQD_7$2         1.375      0.075     18.316      0.000
    SCGHQD_7$3         2.362      0.120     19.650      0.000
    SCGHQD_8$1        -1.594      0.082    -19.336      0.000
    SCGHQD_8$2         1.381      0.076     18.061      0.000
    SCGHQD_8$3         2.372      0.120     19.786      0.000
    SCGHQD_1$1        -1.495      0.091    -16.366      0.000
    SCGHQD_1$2         1.295      0.080     16.098      0.000
    SCGHQD_1$3         2.225      0.126     17.633      0.000

 Variances
    I                  1.000      0.000    999.000    999.000
    S                  1.000      0.000    999.000    999.000

Latent Class 2 (2)

 I        |
    SCGHQD_5           0.614      0.043     14.209      0.000
    SCGHQD_6           0.615      0.046     13.353      0.000
    SCGHQD_7           0.615      0.049     12.455      0.000
    SCGHQD_8           0.615      0.053     11.572      0.000
    SCGHQD_10          0.616      0.062      9.973      0.000

 S        |
    SCGHQD_5           0.000      0.000    999.000    999.000
    SCGHQD_6           0.001      0.008      0.174      0.862
    SCGHQD_7           0.003      0.017      0.173      0.862
    SCGHQD_8           0.004      0.025      0.173      0.862
    SCGHQD_10          0.007      0.042      0.173      0.863

 S        WITH
    I                 -0.534      7.783     -0.069      0.945

 Means
    I                  0.000      0.000    999.000    999.000
    S                  9.813     57.365      0.171      0.864

 Thresholds
    SCGHQD_5$1        -1.512      0.076    -19.999      0.000
    SCGHQD_5$2         1.310      0.075     17.383      0.000
    SCGHQD_5$3         2.251      0.111     20.301      0.000
    SCGHQD_6$1        -1.513      0.071    -21.308      0.000
    SCGHQD_6$2         1.311      0.073     17.912      0.000
    SCGHQD_6$3         2.252      0.106     21.277      0.000
    SCGHQD_7$1        -1.514      0.069    -21.884      0.000
    SCGHQD_7$2         1.311      0.073     17.938      0.000
    SCGHQD_7$3         2.253      0.105     21.444      0.000
    SCGHQD_8$1        -1.514      0.070    -21.533      0.000
    SCGHQD_8$2         1.312      0.075     17.456      0.000
    SCGHQD_8$3         2.254      0.109     20.746      0.000
    SCGHQD_1$1        -1.516      0.081    -18.759      0.000
    SCGHQD_1$2         1.313      0.085     15.473      0.000
    SCGHQD_1$3         2.256      0.127     17.765      0.000

 Variances
    I                  1.000      0.000    999.000    999.000
    S                  1.000      0.000    999.000    999.000


R-SQUARE

Class 1

    Observed                                        Two-Tailed
    Variable        Estimate       S.E.  Est./S.E.    P-Value

    SCGHQD_5           0.413      0.077      5.380      0.000
    SCGHQD_6           0.353      0.056      6.298      0.000
    SCGHQD_7           0.314      0.050      6.322      0.000
    SCGHQD_8           0.308      0.050      6.180      0.000
    SCGHQD_1           0.391      0.069      5.706      0.000

Class 2

    Observed                                        Two-Tailed
    Variable        Estimate       S.E.  Est./S.E.    P-Value

    SCGHQD_5           0.377      0.053      7.105      0.000
    SCGHQD_6           0.377      0.049      7.631      0.000
    SCGHQD_7           0.376      0.048      7.778      0.000
    SCGHQD_8           0.376      0.050      7.474      0.000
    SCGHQD_1           0.374      0.061      6.109      0.000


     Beginning Time:  13:49:16
        Ending Time:  13:53:29
       Elapsed Time:  00:04:13



MUTHEN & MUTHEN
3463 Stoner Ave.
Los Angeles, CA  90066

Tel: (310) 391-9971
Fax: (310) 391-8971
Web: www.StatModel.com
Support: Support@StatModel.com

Copyright (c) 1998-2021 Muthen & Muthen
