Mplus VERSION 8.6
MUTHEN & MUTHEN
07/12/2021   8:31 AM

INPUT INSTRUCTIONS

  TITLE: Your title goes here

   DATA: FILE = data.dta;

   VARIABLE:

   NAMES = pidp gridmode mm hidp_5 hidp_6 hidp_7 hidp_8 hidp_9 hidp_10 indmode_5
       indmode_6 indmode_7 indmode_8 indmode_9 indmode_10 mode_type_all mode_type_no9
       mode_type_567 mode_type_7 all no9 p567 p7 switch_all switch_no9 switch_567
       switch_7 lkmove_5 xpmove_5 caruse_5 mobuse_5 netpuse_5 aidxhh_5 jbhas_5 j2has_5
       finnow_5 finfut_5 howlng_5 vote1_5 vote6_5 scsf1_5 scsf2a_5 scsf2b_5 scsf3a_5
       scsf3b_5 scsf4a_5 scsf4b_5 scsf5_5 scsf6a_5 scsf6b_5 scsf6c_5 scsf7_5 scghqa_5
       scghqb_5 scghqc_5 scghqd_5 scghqe_5 scghqf_5 scghqg_5 scghqh_5 scghqi_5
       scghqj_5 scghqk_5 scghql_5 lkmove_6 xpmove_6 caruse_6 mobuse_6 netpuse_6
       aidxhh_6 jbhas_6 j2has_6 finnow_6 finfut_6 howlng_6 vote1_6 vote6_6 scsf1_6
       scsf2a_6 scsf2b_6 scsf3a_6 scsf3b_6 scsf4a_6 scsf4b_6 scsf5_6 scsf6a_6 scsf6b_6
       scsf6c_6 scsf7_6 scghqa_6 scghqb_6 scghqc_6 scghqd_6 scghqe_6 scghqf_6 scghqg_6
       scghqh_6 scghqi_6 scghqj_6 scghqk_6 scghql_6 lkmove_7 xpmove_7 caruse_7
       mobuse_7 netpuse_7 smoker_7 aidxhh_7 jbhas_7 jbterm1_7 jbsemp_7 j2has_7
       fiyrdia_7 finnow_7 finfut_7 howlng_7 vote1_7 vote6_7 scsf2a_7 scsf2b_7 scsf3a_7
       scsf3b_7 scsf4a_7 scsf4b_7 scsf5_7 scsf6a_7 scsf6b_7 scsf6c_7 scsf7_7 scghqa_7
       scghqb_7 scghqc_7 scghqd_7 scghqe_7 scghqf_7 scghqg_7 scghqh_7 scghqi_7
       scghqj_7 scghqk_7 scghql_7 scsf1_7 lkmove_8 xpmove_8 caruse_8 mobuse_8
       netpuse_8 smoker_8 aidxhh_8 jbhas_8 jbterm1_8 jbsemp_8 j2has_8 fiyrdia_8
       finnow_8 finfut_8 scsf2a_8 scsf2b_8 scsf3a_8 scsf3b_8 scsf4a_8 scsf4b_8 scsf5_8
       scsf6a_8 scsf6b_8 scsf6c_8 scsf7_8 scghqa_8 scghqb_8 scghqc_8 scghqd_8 scghqe_8
       scghqf_8 scghqg_8 scghqh_8 scghqi_8 scghqj_8 scghqk_8 scghql_8 scsf1_8 mobuse_9
       netpuse_9 smoker_9 jbhas_9 jbterm1_9 jbsemp_9 j2has_9 fiyrdia_9 finnow_9
       finfut_9 lkmove_10 xpmove_10 mobuse_10 netpuse_10 smoker_10 aidxhh_10 jbhas_10
       jbterm1_10 jbsemp_10 j2has_10 fiyrdia_10 finnow_10 finfut_10 scsf1_10 scsf2a_10
       scsf2b_10 scsf3a_10 scsf3b_10 scsf4a_10 scsf4b_10 scsf5_10 scsf6a_10 scsf6b_10
       scsf6c_10 scsf7_10 scghqa_10 scghqb_10 scghqc_10 scghqd_10 scghqe_10 scghqf_10
       scghqg_10 scghqh_10 scghqi_10 scghqj_10 scghqk_10 scghql_10 edu agecat female
       partner sf1 longill london north urban refresh Higher A level GCSE Other age_35
       age_55 age_75 age_102 pred_all pred_no9 pred_p567 pred_p7 pred_all_w pred_no9_w
       pred_p567_w pred_p7_w;

   MISSING=.;

   USEVARIABLES ARE
   caruse_5
   caruse_6
   caruse_7
   caruse_8;

   CATEGORICAL ARE
   caruse_5
   caruse_6
   caruse_7
   caruse_8;
   CLASSES = c(2);

    KNOWNCLASS = c(all= 1 2);
  WEIGHT IS pred_all_w;

   ANALYSIS:


      TYPE = MIXTURE;

      ESTIMATOR = MLR;

      ALGORITHM = INTEGRATION;

      Processors = 8(starts);

      STARTS = 800 200;

   Model:


      %OVERALL%

  i s | caruse_5@0 caruse_6@1 caruse_7@2 caruse_8@3;
   %c#1%
  [s] (a); s ;
   s WITH i ;
   i ;


   %c#2%
  [s] (a); s ;
   s WITH i ;
   i ;


   OUTPUT: SAMPSTAT;

                                  STDYX;




*** WARNING
  One or more observations has a value of 0 for the WEIGHT variable.
*** WARNING
  Data set contains unknown or missing values for variable ALL.
  This variable is used to determine the KNOWNCLASS specification.
  Number of such cases:  91
*** WARNING
  Data set contains cases with missing on all variables.
  These cases were not included in the analysis.
  Number of cases with missing on all variables:  708
   3 WARNING(S) FOUND IN THE INPUT INSTRUCTIONS



Your title goes here

SUMMARY OF ANALYSIS

Number of groups                                                 1
Number of observations                                        1258

Number of dependent variables                                    4
Number of independent variables                                  0
Number of continuous latent variables                            2
Number of categorical latent variables                           1

Observed dependent variables

  Binary and ordered categorical (ordinal)
   CARUSE_5    CARUSE_6    CARUSE_7    CARUSE_8

Continuous latent variables
   I           S

Categorical latent variables
   C

  Knownclass            C

Variables with special functions

  Weight variable       PRED_ALL

Estimator                                                      MLR
Information matrix                                        OBSERVED
Optimization Specifications for the Quasi-Newton Algorithm for
Continuous Outcomes
  Maximum number of iterations                                 100
  Convergence criterion                                  0.100D-05
Optimization Specifications for the EM Algorithm
  Maximum number of iterations                                 500
  Convergence criteria
    Loglikelihood change                                 0.100D-02
    Relative loglikelihood change                        0.100D-05
    Derivative                                           0.100D-02
Optimization Specifications for the M step of the EM Algorithm for
Categorical Latent variables
  Number of M step iterations                                    1
  M step convergence criterion                           0.100D-02
  Basis for M step termination                           ITERATION
Optimization Specifications for the M step of the EM Algorithm for
Censored, Binary or Ordered Categorical (Ordinal), Unordered
Categorical (Nominal) and Count Outcomes
  Number of M step iterations                                    1
  M step convergence criterion                           0.100D-02
  Basis for M step termination                           ITERATION
  Maximum value for logit thresholds                            15
  Minimum value for logit thresholds                           -15
  Minimum expected cell size for chi-square              0.100D-01
Maximum number of iterations for H1                           2000
Convergence criterion for H1                             0.100D-03
Optimization algorithm                                         EMA
Integration Specifications
  Type                                                    STANDARD
  Number of integration points                                  15
  Dimensions of numerical integration                            2
  Adaptive quadrature                                           ON
Random Starts Specifications
  Number of initial stage random starts                        800
  Number of final stage optimizations                          200
  Number of initial stage iterations                            10
  Initial stage convergence criterion                    0.100D+01
  Random starts scale                                    0.500D+01
  Random seed for generating random starts                       0
Link                                                         LOGIT
Cholesky                                                        ON

Input data file(s)
  data.dta
Input data format  FREE


SUMMARY OF DATA

     Number of missing data patterns            15
     Number of y missing data patterns           0
     Number of u missing data patterns          15


COVARIANCE COVERAGE OF DATA

Minimum covariance coverage value   0.100


     PROPORTION OF DATA PRESENT FOR U


           Covariance Coverage
              CARUSE_5      CARUSE_6      CARUSE_7      CARUSE_8
              ________      ________      ________      ________
 CARUSE_5       0.649
 CARUSE_6       0.566         0.642
 CARUSE_7       0.476         0.508         0.757
 CARUSE_8       0.449         0.483         0.627         0.726


UNIVARIATE PROPORTIONS AND COUNTS FOR CATEGORICAL VARIABLES

    CARUSE_5
      Category 1    0.096          102.107
      Category 2    0.904          966.399
    CARUSE_6
      Category 1    0.095           99.625
      Category 2    0.905          950.133
    CARUSE_7
      Category 1    0.091           81.462
      Category 2    0.909          817.316
    CARUSE_8
      Category 1    0.087           74.156
      Category 2    0.913          780.823


SAMPLE STATISTICS

RANDOM STARTS RESULTS RANKED FROM THE BEST TO THE WORST LOGLIKELIHOOD VALUES

Final stage loglikelihood values at local maxima, seeds, and initial stage start numbers:

           -1653.991  81117            305
           -1653.993  117731           570
           -1653.997  294811           637
           -1653.997  509733           130
           -1653.999  1548             384
           -1654.002  830392           35
           -1654.003  489927           520
           -1654.003  154575           539
           -1654.004  848590           694
           -1654.005  549244           756
           -1654.006  635245           121
           -1654.007  556929           734
           -1654.008  121425           511
           -1654.009  853195           431
           -1654.009  836515           341
           -1654.011  809240           543
           -1654.013  888905           444
           -1654.013  995875           547
           -1654.014  354395           486
           -1654.014  140442           500
           -1654.015  856612           700
           -1654.015  789985           67
           -1654.015  614535           449
           -1654.015  609089           241
           -1654.015  440368           797
           -1654.016  226322           478
           -1654.018  766903           505
           -1654.019  484687           306
           -1654.019  761302           744
           -1654.019  378393           509
           -1654.019  69413            472
           -1654.020  783165           170
           -1654.020  294669           501
           -1654.020  173440           328
           -1654.021  568859           49
           -1654.021  7195             697
           -1654.021  686482           215
           -1654.021  486622           522
           -1654.021  21132            351
           -1654.021  188498           258
           -1654.022  640833           434
           -1654.022  950604           172
           -1654.023  798821           423
           -1654.023  435287           623
           -1654.023  391949           295
           -1654.024  443442           380
           -1654.024  471438           252
           -1654.025  462821           745
           -1654.025  156536           245
           -1654.026  565819           65
           -1654.026  46502            714
           -1654.026  536551           696
           -1654.026  22874            588
           -1654.027  471398           74
           -1654.027  903633           553
           -1654.027  166851           638
           -1654.027  704798           530
           -1654.028  27071            15
           -1654.028  486646           586
           -1654.028  442072           625
           -1654.028  312587           775
           -1654.030  276102           599
           -1654.030  22362            365
           -1654.030  329127           185
           -1654.031  830292           527
           -1654.031  940533           764
           -1654.031  377584           630
           -1654.032  961454           665
           -1654.032  124999           96
           -1654.032  130011           587
           -1654.032  348637           749
           -1654.033  425982           485
           -1654.033  928287           197
           -1654.033  848890           95
           -1654.034  227563           63
           -1654.035  432148           30
           -1654.036  175199           247
           -1654.036  496710           386
           -1654.036  551340           766
           -1654.036  407108           366
           -1654.036  710445           792
           -1654.037  216565           474
           -1654.037  422103           62
           -1654.037  341519           653
           -1654.037  137377           397
           -1654.037  931874           141
           -1654.037  434915           552
           -1654.038  117391           710
           -1654.040  930323           267
           -1654.040  109357           765
           -1654.041  995249           525
           -1654.041  358074           560
           -1654.041  231400           738
           -1654.041  93468            3
           -1654.042  85734            411
           -1654.042  588923           606
           -1654.042  252949           487
           -1654.042  109946           771
           -1654.043  340112           126
           -1654.043  695155           150
           -1654.043  170954           86
           -1654.043  689529           516
           -1654.044  726035           191
           -1654.044  971853           402
           -1654.044  769907           457
           -1654.045  691234           250
           -1654.045  34346            330
           -1654.046  922042           492
           -1654.046  801065           393
           -1654.046  342019           301
           -1654.046  190339           102
           -1654.048  17359            227
           -1654.048  unperturbed      0
           -1654.049  712702           684
           -1654.049  917702           693
           -1654.049  197223           332
           -1654.049  670281           721
           -1654.049  195763           358
           -1654.050  440841           118
           -1654.051  238906           430
           -1654.051  253358           2
           -1654.051  903420           5
           -1654.051  80438            246
           -1654.051  195873           6
           -1654.052  514326           325
           -1654.052  972873           157
           -1654.054  481835           57
           -1654.055  15715            274
           -1654.056  810705           626
           -1654.057  317640           437
           -1654.057  775881           778
           -1654.057  387701           275
           -1654.057  188640           451
           -1654.057  520177           262
           -1654.057  617243           237
           -1654.057  859432           770
           -1654.057  856536           144
           -1654.058  178475           231
           -1654.058  763285           620
           -1654.058  85462            51
           -1654.058  777045           377
           -1654.058  91231            727
           -1654.058  263268           165
           -1654.058  30098            209
           -1654.058  701525           239
           -1654.058  355254           796
           -1654.059  876943           650
           -1654.059  999211           628
           -1654.059  349263           263
           -1654.060  576220           115
           -1654.060  659773           663
           -1654.060  443917           60
           -1654.060  939709           112
           -1654.061  645664           39
           -1654.061  327140           678
           -1654.061  341960           685
           -1654.062  68985            17
           -1654.063  652266           490
           -1654.063  21345            199
           -1654.064  393232           152
           -1654.064  4091             548
           -1654.064  352277           42
           -1654.065  754100           56
           -1654.066  414828           322
           -1654.066  616917           261
           -1654.067  761633           50
           -1654.068  829540           324
           -1654.068  568405           233
           -1654.069  39136            226
           -1654.069  192071           142
           -1654.069  625191           350
           -1654.069  355674           540
           -1654.070  399508           415
           -1654.071  193847           354
           -1654.071  232559           136
           -1654.071  371737           532
           -1654.071  738393           619
           -1654.072  231281           542
           -1654.072  995913           787
           -1654.072  529496           343
           -1654.073  642909           251
           -1654.073  605565           404
           -1654.073  567165           319
           -1654.074  529455           268
           -1654.074  918558           412
           -1654.074  862607           468
           -1654.074  72866            692
           -1654.074  100874           108
           -1654.074  496881           192
           -1654.074  937885           426
           -1654.075  345974           622
           -1654.076  512403           719
           -1654.076  476393           705
           -1654.076  824956           607
           -1654.076  3307             735
           -1654.076  654136           167
           -1654.076  900268           327
           -1654.077  76451            211

2 perturbed starting value run(s) did not converge or were rejected in the third stage.



THE BEST LOGLIKELIHOOD VALUE HAS BEEN REPLICATED.  RERUN WITH AT LEAST TWICE THE
RANDOM STARTS TO CHECK THAT THE BEST LOGLIKELIHOOD IS STILL OBTAINED AND REPLICATED.


THE MODEL ESTIMATION TERMINATED NORMALLY



MODEL FIT INFORMATION

Number of Free Parameters                       10

Loglikelihood

          H0 Value                       -1653.991
          H0 Scaling Correction Factor      1.8146
            for MLR

Information Criteria

          Akaike (AIC)                    3327.982
          Bayesian (BIC)                  3379.355
          Sample-Size Adjusted BIC        3347.590
            (n* = (n + 2) / 24)

Chi-Square Test of Model Fit for the Binary and Ordered Categorical
(Ordinal) Outcomes

          Pearson Chi-Square

          Value                             28.164
          Degrees of Freedom                    21
          P-Value                           0.1356

          Likelihood Ratio Chi-Square

          Value                             32.542
          Degrees of Freedom                    21
          P-Value                           0.0516

Chi-Square Test for MCAR under the Unrestricted Latent Class Indicator Model

          Pearson Chi-Square

          Value                            130.992
          Degrees of Freedom                    99
          P-Value                           0.0173

          Likelihood Ratio Chi-Square

          Value                            101.908
          Degrees of Freedom                    99
          P-Value                           0.4005



FINAL CLASS COUNTS AND PROPORTIONS FOR THE LATENT CLASSES
BASED ON THE ESTIMATED MODEL

    Latent
   Classes

       1        837.00000          0.66534
       2        421.00000          0.33466


MODEL RESULTS

                                                    Two-Tailed
                    Estimate       S.E.  Est./S.E.    P-Value

Latent Class 1 (1)

 I        |
    CARUSE_5           1.000      0.000    999.000    999.000
    CARUSE_6           1.000      0.000    999.000    999.000
    CARUSE_7           1.000      0.000    999.000    999.000
    CARUSE_8           1.000      0.000    999.000    999.000

 S        |
    CARUSE_5           0.000      0.000    999.000    999.000
    CARUSE_6           1.000      0.000    999.000    999.000
    CARUSE_7           2.000      0.000    999.000    999.000
    CARUSE_8           3.000      0.000    999.000    999.000

 S        WITH
    I                 -8.740     15.023     -0.582      0.561

 Means
    I                  0.261      4.936      0.053      0.958
    S                 -0.457      1.172     -0.390      0.697

 Thresholds
    CARUSE_5$1        -9.723      5.008     -1.942      0.052
    CARUSE_6$1        -9.723      5.008     -1.942      0.052
    CARUSE_7$1        -9.723      5.008     -1.942      0.052
    CARUSE_8$1        -9.723      5.008     -1.942      0.052

 Variances
    I                 83.581     85.467      0.978      0.328
    S                  2.237      2.975      0.752      0.452

Latent Class 2 (2)

 I        |
    CARUSE_5           1.000      0.000    999.000    999.000
    CARUSE_6           1.000      0.000    999.000    999.000
    CARUSE_7           1.000      0.000    999.000    999.000
    CARUSE_8           1.000      0.000    999.000    999.000

 S        |
    CARUSE_5           0.000      0.000    999.000    999.000
    CARUSE_6           1.000      0.000    999.000    999.000
    CARUSE_7           2.000      0.000    999.000    999.000
    CARUSE_8           3.000      0.000    999.000    999.000

 S        WITH
    I                 -3.539      9.342     -0.379      0.705

 Means
    I                  0.000      0.000    999.000    999.000
    S                 -0.457      1.172     -0.390      0.697

 Thresholds
    CARUSE_5$1        -9.723      5.008     -1.942      0.052
    CARUSE_6$1        -9.723      5.008     -1.942      0.052
    CARUSE_7$1        -9.723      5.008     -1.942      0.052
    CARUSE_8$1        -9.723      5.008     -1.942      0.052

 Variances
    I                 52.445     69.776      0.752      0.452
    S                  0.240      0.976      0.246      0.806

Categorical Latent Variables

 Means
    C#1                0.687      0.071      9.745      0.000


QUALITY OF NUMERICAL RESULTS

     Condition Number for the Information Matrix              0.102E-03
       (ratio of smallest to largest eigenvalue)


RESULTS IN PROBABILITY SCALE

                    Estimate

Latent Class 1 (1)

 CARUSE_5
    Category 1         0.142
    Category 2         0.858
 CARUSE_6
    Category 1         0.130
    Category 2         0.870
 CARUSE_7
    Category 1         0.122
    Category 2         0.878
 CARUSE_8
    Category 1         0.122
    Category 2         0.878

Latent Class 2 (2)

 CARUSE_5
    Category 1         0.096
    Category 2         0.904
 CARUSE_6
    Category 1         0.093
    Category 2         0.907
 CARUSE_7
    Category 1         0.088
    Category 2         0.912
 CARUSE_8
    Category 1         0.084
    Category 2         0.916


STANDARDIZED MODEL RESULTS


STDYX Standardization

                                                    Two-Tailed
                    Estimate       S.E.  Est./S.E.    P-Value

Latent Class 1 (1)

 I        |
    CARUSE_5           0.981      0.019     51.646      0.000
    CARUSE_6           1.080      0.134      8.037      0.000
    CARUSE_7           1.172      0.312      3.754      0.000
    CARUSE_8           1.238      0.524      2.364      0.018

 S        |
    CARUSE_5           0.000      0.000    999.000    999.000
    CARUSE_6           0.177      0.059      3.006      0.003
    CARUSE_7           0.383      0.170      2.255      0.024
    CARUSE_8           0.607      0.349      1.742      0.081

 S        WITH
    I                 -0.639      0.528     -1.211      0.226

 Means
    I                  0.029      0.534      0.054      0.957
    S                 -0.306      0.689     -0.444      0.657

 Thresholds
    CARUSE_5$1        -1.043      0.558     -1.871      0.061
    CARUSE_6$1        -1.149      0.663     -1.733      0.083
    CARUSE_7$1        -1.246      0.822     -1.516      0.129
    CARUSE_8$1        -1.316      1.020     -1.290      0.197

 Variances
    I                  1.000      0.000    999.000    999.000
    S                  1.000      0.000    999.000    999.000

Latent Class 2 (2)

 I        |
    CARUSE_5           0.970      0.038     25.467      0.000
    CARUSE_6           1.036      0.143      7.250      0.000
    CARUSE_7           1.110      0.286      3.887      0.000
    CARUSE_8           1.196      0.472      2.534      0.011

 S        |
    CARUSE_5           0.000      0.000    999.000    999.000
    CARUSE_6           0.070      0.115      0.611      0.541
    CARUSE_7           0.150      0.264      0.569      0.569
    CARUSE_8           0.243      0.460      0.528      0.598

 S        WITH
    I                 -0.998      0.009   -110.073      0.000

 Means
    I                  0.000      0.000    999.000    999.000
    S                 -0.934      0.595     -1.570      0.116

 Thresholds
    CARUSE_5$1        -1.302      0.159     -8.173      0.000
    CARUSE_6$1        -1.390      0.152     -9.141      0.000
    CARUSE_7$1        -1.491      0.282     -5.287      0.000
    CARUSE_8$1        -1.606      0.504     -3.187      0.001

 Variances
    I                  1.000      0.000    999.000    999.000
    S                  1.000      0.000    999.000    999.000


R-SQUARE

Class 1

    Observed                                        Two-Tailed
    Variable        Estimate       S.E.  Est./S.E.    P-Value

    CARUSE_5           0.962      0.037     25.823      0.000
    CARUSE_6           0.954      0.040     23.571      0.000
    CARUSE_7           0.946      0.045     20.935      0.000
    CARUSE_8           0.940      0.055     17.126      0.000

Class 2

    Observed                                        Two-Tailed
    Variable        Estimate       S.E.  Est./S.E.    P-Value

    CARUSE_5           0.941      0.074     12.733      0.000
    CARUSE_6           0.933      0.074     12.581      0.000
    CARUSE_7           0.923      0.074     12.433      0.000
    CARUSE_8           0.910      0.076     11.903      0.000


     Beginning Time:  08:31:48
        Ending Time:  08:32:51
       Elapsed Time:  00:01:03



MUTHEN & MUTHEN
3463 Stoner Ave.
Los Angeles, CA  90066

Tel: (310) 391-9971
Fax: (310) 391-8971
Web: www.StatModel.com
Support: Support@StatModel.com

Copyright (c) 1998-2021 Muthen & Muthen
