Mplus VERSION 8.6
MUTHEN & MUTHEN
07/12/2021   8:16 PM

INPUT INSTRUCTIONS

  TITLE: Your title goes here

   DATA: FILE = data.dta;

   VARIABLE:

   NAMES = pidp gridmode mm hidp_5 hidp_6 hidp_7 hidp_8 hidp_9 hidp_10 indmode_5
       indmode_6 indmode_7 indmode_8 indmode_9 indmode_10 mode_type_all mode_type_no9
       mode_type_567 mode_type_7 all no9 p567 p7 switch_all switch_no9 switch_567
       switch_7 lkmove_5 xpmove_5 caruse_5 mobuse_5 netpuse_5 aidxhh_5 jbhas_5 j2has_5
       finnow_5 finfut_5 howlng_5 vote1_5 vote6_5 scsf1_5 scsf2a_5 scsf2b_5 scsf3a_5
       scsf3b_5 scsf4a_5 scsf4b_5 scsf5_5 scsf6a_5 scsf6b_5 scsf6c_5 scsf7_5 scghqa_5
       scghqb_5 scghqc_5 scghqd_5 scghqe_5 scghqf_5 scghqg_5 scghqh_5 scghqi_5
       scghqj_5 scghqk_5 scghql_5 lkmove_6 xpmove_6 caruse_6 mobuse_6 netpuse_6
       aidxhh_6 jbhas_6 j2has_6 finnow_6 finfut_6 howlng_6 vote1_6 vote6_6 scsf1_6
       scsf2a_6 scsf2b_6 scsf3a_6 scsf3b_6 scsf4a_6 scsf4b_6 scsf5_6 scsf6a_6 scsf6b_6
       scsf6c_6 scsf7_6 scghqa_6 scghqb_6 scghqc_6 scghqd_6 scghqe_6 scghqf_6 scghqg_6
       scghqh_6 scghqi_6 scghqj_6 scghqk_6 scghql_6 lkmove_7 xpmove_7 caruse_7
       mobuse_7 netpuse_7 smoker_7 aidxhh_7 jbhas_7 jbterm1_7 jbsemp_7 j2has_7
       fiyrdia_7 finnow_7 finfut_7 howlng_7 vote1_7 vote6_7 scsf2a_7 scsf2b_7 scsf3a_7
       scsf3b_7 scsf4a_7 scsf4b_7 scsf5_7 scsf6a_7 scsf6b_7 scsf6c_7 scsf7_7 scghqa_7
       scghqb_7 scghqc_7 scghqd_7 scghqe_7 scghqf_7 scghqg_7 scghqh_7 scghqi_7
       scghqj_7 scghqk_7 scghql_7 scsf1_7 lkmove_8 xpmove_8 caruse_8 mobuse_8
       netpuse_8 smoker_8 aidxhh_8 jbhas_8 jbterm1_8 jbsemp_8 j2has_8 fiyrdia_8
       finnow_8 finfut_8 scsf2a_8 scsf2b_8 scsf3a_8 scsf3b_8 scsf4a_8 scsf4b_8 scsf5_8
       scsf6a_8 scsf6b_8 scsf6c_8 scsf7_8 scghqa_8 scghqb_8 scghqc_8 scghqd_8 scghqe_8
       scghqf_8 scghqg_8 scghqh_8 scghqi_8 scghqj_8 scghqk_8 scghql_8 scsf1_8 mobuse_9
       netpuse_9 smoker_9 jbhas_9 jbterm1_9 jbsemp_9 j2has_9 fiyrdia_9 finnow_9
       finfut_9 lkmove_10 xpmove_10 mobuse_10 netpuse_10 smoker_10 aidxhh_10 jbhas_10
       jbterm1_10 jbsemp_10 j2has_10 fiyrdia_10 finnow_10 finfut_10 scsf1_10 scsf2a_10
       scsf2b_10 scsf3a_10 scsf3b_10 scsf4a_10 scsf4b_10 scsf5_10 scsf6a_10 scsf6b_10
       scsf6c_10 scsf7_10 scghqa_10 scghqb_10 scghqc_10 scghqd_10 scghqe_10 scghqf_10
       scghqg_10 scghqh_10 scghqi_10 scghqj_10 scghqk_10 scghql_10 edu agecat female
       partner sf1 longill london north urban refresh Higher A level GCSE Other age_35
       age_55 age_75 age_102 pred_all pred_no9 pred_p567 pred_p7 pred_all_w pred_no9_w
       pred_p567_w pred_p7_w;

   MISSING=.;

   USEVARIABLES ARE
   scsf7_5
   scsf7_6
   scsf7_7
   scsf7_8
   scsf7_10;
   CLASSES = c(2);

    KNOWNCLASS = c(no9= 1 2);
  WEIGHT IS pred_no9_w;

   ANALYSIS:


      TYPE = MIXTURE;

      ESTIMATOR = MLR;

      ALGORITHM = INTEGRATION;

      Processors = 8(starts);

      STARTS = 800 200;

   Model:


      %OVERALL%

  i s | scsf7_5@0 scsf7_6@1 scsf7_7@2 scsf7_8@3 scsf7_10@5;;

  scsf7_5 (a);
   scsf7_6 (a);
   scsf7_7 (a);
   scsf7_8 (a);
   scsf7_10 (a);

   %c#1%
  [s] (a); s ;
   s WITH i ;
   i ;


   %c#2%
  [s] (a); s ;
   s WITH i ;
   i ;


   OUTPUT: SAMPSTAT;

                                  STDYX;




*** WARNING
  One or more observations has a value of 0 for the WEIGHT variable.
*** WARNING
  Data set contains unknown or missing values for variable NO9.
  This variable is used to determine the KNOWNCLASS specification.
  Number of such cases:  111
*** WARNING
  Data set contains cases with missing on all variables.
  These cases were not included in the analysis.
  Number of cases with missing on all variables:  101
   3 WARNING(S) FOUND IN THE INPUT INSTRUCTIONS



Your title goes here

SUMMARY OF ANALYSIS

Number of groups                                                 1
Number of observations                                        1845

Number of dependent variables                                    5
Number of independent variables                                  0
Number of continuous latent variables                            2
Number of categorical latent variables                           1

Observed dependent variables

  Continuous
   SCSF7_5     SCSF7_6     SCSF7_7     SCSF7_8     SCSF7_10

Continuous latent variables
   I           S

Categorical latent variables
   C

  Knownclass            C

Variables with special functions

  Weight variable       PRED_NO9

Estimator                                                      MLR
Information matrix                                        OBSERVED
Optimization Specifications for the Quasi-Newton Algorithm for
Continuous Outcomes
  Maximum number of iterations                                 100
  Convergence criterion                                  0.100D-05
Optimization Specifications for the EM Algorithm
  Maximum number of iterations                                 500
  Convergence criteria
    Loglikelihood change                                 0.100D-02
    Relative loglikelihood change                        0.100D-05
    Derivative                                           0.100D-02
Optimization Specifications for the M step of the EM Algorithm for
Categorical Latent variables
  Number of M step iterations                                    1
  M step convergence criterion                           0.100D-02
  Basis for M step termination                           ITERATION
Optimization Specifications for the M step of the EM Algorithm for
Censored, Binary or Ordered Categorical (Ordinal), Unordered
Categorical (Nominal) and Count Outcomes
  Number of M step iterations                                    1
  M step convergence criterion                           0.100D-02
  Basis for M step termination                           ITERATION
  Maximum value for logit thresholds                            15
  Minimum value for logit thresholds                           -15
  Minimum expected cell size for chi-square              0.100D-01
Maximum number of iterations for H1                           2000
Convergence criterion for H1                             0.100D-03
Optimization algorithm                                         EMA
Integration Specifications
  Type                                                    STANDARD
  Number of integration points                                  15
  Dimensions of numerical integration                            0
  Adaptive quadrature                                           ON
Random Starts Specifications
  Number of initial stage random starts                        800
  Number of final stage optimizations                          200
  Number of initial stage iterations                            10
  Initial stage convergence criterion                    0.100D+01
  Random starts scale                                    0.500D+01
  Random seed for generating random starts                       0
Cholesky                                                       OFF

Input data file(s)
  data.dta
Input data format  FREE


SUMMARY OF DATA

     Number of missing data patterns            31
     Number of y missing data patterns          31
     Number of u missing data patterns           0


COVARIANCE COVERAGE OF DATA

Minimum covariance coverage value   0.100


     PROPORTION OF DATA PRESENT FOR Y


           Covariance Coverage
              SCSF7_5       SCSF7_6       SCSF7_7       SCSF7_8       SCSF7_10
              ________      ________      ________      ________      ________
 SCSF7_5        0.386
 SCSF7_6        0.292         0.456
 SCSF7_7        0.266         0.338         0.598
 SCSF7_8        0.254         0.327         0.477         0.583
 SCSF7_10       0.224         0.287         0.403         0.435         0.648


SAMPLE STATISTICS


     ESTIMATED SAMPLE STATISTICS FOR CLASS 1


           Means
              SCSF7_5       SCSF7_6       SCSF7_7       SCSF7_8       SCSF7_10
              ________      ________      ________      ________      ________
                4.084         4.136         4.224         4.180         4.030


           Covariances
              SCSF7_5       SCSF7_6       SCSF7_7       SCSF7_8       SCSF7_10
              ________      ________      ________      ________      ________
 SCSF7_5        1.480
 SCSF7_6        0.859         1.478
 SCSF7_7        0.710         0.796         1.133
 SCSF7_8        0.898         0.841         0.760         1.354
 SCSF7_10       0.785         0.691         0.700         0.769         1.483


           Correlations
              SCSF7_5       SCSF7_6       SCSF7_7       SCSF7_8       SCSF7_10
              ________      ________      ________      ________      ________
 SCSF7_5        1.000
 SCSF7_6        0.581         1.000
 SCSF7_7        0.548         0.615         1.000
 SCSF7_8        0.635         0.594         0.614         1.000
 SCSF7_10       0.530         0.466         0.540         0.543         1.000


     ESTIMATED SAMPLE STATISTICS FOR CLASS 2


           Means
              SCSF7_5       SCSF7_6       SCSF7_7       SCSF7_8       SCSF7_10
              ________      ________      ________      ________      ________
                4.306         4.200         4.449         4.397         4.234


           Covariances
              SCSF7_5       SCSF7_6       SCSF7_7       SCSF7_8       SCSF7_10
              ________      ________      ________      ________      ________
 SCSF7_5        0.971
 SCSF7_6        0.589         1.237
 SCSF7_7        0.434         0.471         0.751
 SCSF7_8        0.448         0.477         0.450         0.919
 SCSF7_10       0.560         0.719         0.523         0.541         1.177


           Correlations
              SCSF7_5       SCSF7_6       SCSF7_7       SCSF7_8       SCSF7_10
              ________      ________      ________      ________      ________
 SCSF7_5        1.000
 SCSF7_6        0.538         1.000
 SCSF7_7        0.508         0.489         1.000
 SCSF7_8        0.474         0.447         0.541         1.000
 SCSF7_10       0.523         0.596         0.556         0.520         1.000


UNIVARIATE SAMPLE STATISTICS


     UNIVARIATE HIGHER-ORDER MOMENT DESCRIPTIVE STATISTICS

         Variable/         Mean/     Skewness/   Minimum/ % with                Percentiles
        Sample Size      Variance    Kurtosis    Maximum  Min/Max      20%/60%    40%/80%    Median

     SCSF7_5               4.187      -1.321       1.000    2.81%       4.000      5.000      5.000
             712.000       1.281       0.810       5.000   61.66%       5.000      5.000
     SCSF7_6               4.145      -1.222       1.000    2.73%       3.000      5.000      5.000
             842.000       1.426       0.385       5.000   61.05%       5.000      5.000
     SCSF7_7               4.382      -1.499       1.000    1.18%       4.000      5.000      5.000
            1103.000       0.930       1.477       5.000   64.10%       5.000      5.000
     SCSF7_8               4.297      -1.473       1.000    2.51%       4.000      5.000      5.000
            1076.000       1.155       1.284       5.000   65.06%       5.000      5.000
     SCSF7_10              4.177      -1.198       1.000    2.93%       3.000      5.000      5.000
            1196.000       1.329       0.294       5.000   60.12%       5.000      5.000

RANDOM STARTS RESULTS RANKED FROM THE BEST TO THE WORST LOGLIKELIHOOD VALUES

Final stage loglikelihood values at local maxima, seeds, and initial stage start numbers:

           -9719.379  999211           628
           -9719.379  251680           794
           -9719.379  69413            472
           -9719.379  123985           248
           -9719.379  996231           310
           -9719.379  327475           518
           -9719.379  22089            143
           -9719.379  830392           35
           -9719.379  148918           682
           -9719.379  109946           771
           -9719.379  399848           220
           -9719.379  281462           285
           -9719.379  642386           662
           -9719.379  483369           270
           -9719.379  76337            76
           -9719.379  775881           778
           -9719.379  723775           97
           -9719.379  317640           437
           -9719.379  714455           476
           -9719.379  506886           576
           -9719.379  263268           165
           -9719.379  476498           179
           -9719.379  991329           182
           -9719.379  760850           739
           -9719.379  210870           383
           -9719.379  937225           394
           -9719.379  36714            201
           -9719.379  592219           119
           -9719.379  345974           622
           -9719.379  193042           316
           -9719.379  848969           173
           -9719.379  853781           716
           -9719.379  609185           181
           -9719.379  655497           376
           -9719.379  549244           756
           -9719.379  576596           99
           -9719.379  569131           26
           -9719.379  701525           239
           -9719.379  160326           546
           -9719.379  830529           279
           -9719.379  696830           668
           -9719.379  636396           168
           -9719.379  780698           337
           -9719.379  231400           738
           -9719.379  79945            395
           -9719.379  502157           799
           -9719.379  840078           203
           -9719.379  608849           224
           -9719.379  313407           132
           -9719.379  688839           273
           -9719.379  848331           137
           -9719.379  856536           144
           -9719.379  284384           600
           -9719.379  638977           643
           -9719.379  127215           9
           -9719.379  626208           698
           -9719.379  318177           748
           -9719.379  308582           752
           -9719.379  178181           753
           -9719.379  298275           418
           -9719.379  224950           455
           -9719.379  922596           456
           -9719.379  170118           238
           -9719.379  432148           30
           -9719.379  603842           61
           -9719.379  497522           502
           -9719.379  642909           251
           -9719.379  349263           263
           -9719.379  252346           528
           -9719.379  387701           275
           -9719.379  947714           573
           -9719.379  158612           581
           -9719.379  937588           293
           -9719.379  260601           36
           -9719.379  118438           601
           -9719.379  784664           75
           -9719.379  941525           609
           -9719.379  939021           8
           -9719.379  435287           623
           -9719.379  668003           647
           -9719.379  915642           40
           -9719.379  961454           665
           -9719.379  512403           719
           -9719.379  502495           724
           -9719.379  206099           363
           -9719.379  312587           775
           -9719.379  303834           798
           -9719.379  61587            400
           -9719.379  85462            51
           -9719.379  399671           13
           -9719.379  691234           250
           -9719.379  153942           31
           -9719.379  489927           520
           -9719.379  995249           525
           -9719.379  371737           532
           -9719.379  15715            274
           -9719.379  402699           604
           -9719.379  920593           611
           -9719.379  534864           307
           -9719.379  284109           82
           -9719.379  724519           333
           -9719.379  59963            670
           -9719.379  529496           343
           -9719.379  563002           360
           -9719.379  800454           751
           -9719.379  496881           192
           -9719.379  85114            385
           -9719.379  416250           390
           -9719.379  502532           445
           -9719.379  871851           257
           -9719.379  188498           258
           -9719.379  897782           545
           -9719.379  405079           68
           -9719.379  246575           291
           -9719.379  343926           624
           -9719.379  215353           164
           -9719.379  608496           4
           -9719.379  276696           676
           -9719.379  574412           679
           -9719.379  917702           693
           -9719.379  407108           366
           -9719.379  3307             735
           -9719.379  621542           375
           -9719.379  860029           760
           -9719.379  415502           194
           -9719.379  168762           200
           -9719.379  65651            214
           -9719.379  781190           219
           -9719.379  217130           443
           -9719.379  887580           493
           -9719.379  335485           496
           -9719.379  314034           513
           -9719.379  147440           514
           -9719.379  742609           531
           -9719.379  unperturbed      0
           -9719.379  22874            588
           -9719.379  471398           74
           -9719.379  679832           302
           -9719.379  778953           635
           -9719.379  667250           318
           -9719.379  266038           672
           -9719.379  950604           172
           -9719.379  7195             697
           -9719.379  765586           709
           -9719.379  871722           355
           -9719.379  360419           356
           -9719.379  22362            365
           -9719.379  109357           765
           -9719.379  580539           786
           -9719.379  971853           402
           -9719.379  100874           108
           -9719.379  354624           448
           -9719.379  345070           114
           -9719.379  898745           466
           -9719.379  752769           253
           -9719.379  194143           510
           -9719.379  970689           266
           -9719.379  566739           575
           -9719.379  92689            304
           -9719.379  313306           612
           -9719.379  645664           39
           -9719.379  865906           641
           -9719.379  173440           328
           -9719.379  404042           675
           -9719.379  964570           701
           -9719.379  579138           706
           -9719.379  284716           713
           -9719.379  177936           726
           -9719.379  131856           90
           -9719.379  848890           95
           -9719.379  772131           407
           -9719.379  637095           207
           -9719.379  505879           424
           -9719.379  238906           430
           -9719.379  152496           123
           -9719.379  140849           515
           -9719.379  468036           131
           -9719.379  741888           138
           -9719.379  685657           69
           -9719.379  475420           71
           -9719.379  150531           154
           -9719.379  717754           180
           -9719.379  202790           198
           -9719.379  802682           419
           -9719.379  193569           440
           -9719.379  787985           482
           -9719.379  574942           558
           -9719.379  831410           567
           -9719.379  641794           591
           -9719.379  746978           410
           -9719.379  283492           435
           -9719.379  263049           454
           -9719.379  965639           463
           -9719.379  790059           469
           -9719.379  944186           541
           -9719.379  539389           544
           -9719.379  700349           401
           -9719.379  342019           301
           -9719.379  294669           501
           -9719.379  371246           101



THE BEST LOGLIKELIHOOD VALUE HAS BEEN REPLICATED.  RERUN WITH AT LEAST TWICE THE
RANDOM STARTS TO CHECK THAT THE BEST LOGLIKELIHOOD IS STILL OBTAINED AND REPLICATED.


THE MODEL ESTIMATION TERMINATED NORMALLY



MODEL FIT INFORMATION

Number of Free Parameters                       10

Loglikelihood

          H0 Value                       -9719.379
          H0 Scaling Correction Factor      3.2239
            for MLR

Information Criteria

          Akaike (AIC)                   19458.758
          Bayesian (BIC)                 19513.961
          Sample-Size Adjusted BIC       19482.191
            (n* = (n + 2) / 24)



FINAL CLASS COUNTS AND PROPORTIONS FOR THE LATENT CLASSES
BASED ON THE ESTIMATED MODEL

    Latent
   Classes

       1       1304.00000          0.70678
       2        541.00000          0.29322


MODEL RESULTS

                                                    Two-Tailed
                    Estimate       S.E.  Est./S.E.    P-Value

Latent Class 1 (1)

 I        |
    SCSF7_5            1.000      0.000    999.000    999.000
    SCSF7_6            1.000      0.000    999.000    999.000
    SCSF7_7            1.000      0.000    999.000    999.000
    SCSF7_8            1.000      0.000    999.000    999.000
    SCSF7_10           1.000      0.000    999.000    999.000

 S        |
    SCSF7_5            0.000      0.000    999.000    999.000
    SCSF7_6            1.000      0.000    999.000    999.000
    SCSF7_7            2.000      0.000    999.000    999.000
    SCSF7_8            3.000      0.000    999.000    999.000
    SCSF7_10           5.000      0.000    999.000    999.000

 S        WITH
    I                 -0.389      0.053     -7.340      0.000

 Means
    I                  3.517      0.085     41.427      0.000
    S                  0.321      0.016     20.056      0.000

 Intercepts
    SCSF7_5            0.000      0.000    999.000    999.000
    SCSF7_6            0.000      0.000    999.000    999.000
    SCSF7_7            0.000      0.000    999.000    999.000
    SCSF7_8            0.000      0.000    999.000    999.000
    SCSF7_10           0.000      0.000    999.000    999.000

 Variances
    I                  1.697      0.197      8.602      0.000
    S                  0.171      0.020      8.618      0.000

 Residual Variances
    SCSF7_5            0.321      0.016     20.056      0.000
    SCSF7_6            0.321      0.016     20.056      0.000
    SCSF7_7            0.321      0.016     20.056      0.000
    SCSF7_8            0.321      0.016     20.056      0.000
    SCSF7_10           0.321      0.016     20.056      0.000

Latent Class 2 (2)

 I        |
    SCSF7_5            1.000      0.000    999.000    999.000
    SCSF7_6            1.000      0.000    999.000    999.000
    SCSF7_7            1.000      0.000    999.000    999.000
    SCSF7_8            1.000      0.000    999.000    999.000
    SCSF7_10           1.000      0.000    999.000    999.000

 S        |
    SCSF7_5            0.000      0.000    999.000    999.000
    SCSF7_6            1.000      0.000    999.000    999.000
    SCSF7_7            2.000      0.000    999.000    999.000
    SCSF7_8            3.000      0.000    999.000    999.000
    SCSF7_10           5.000      0.000    999.000    999.000

 S        WITH
    I                 -0.310      0.062     -5.027      0.000

 Means
    I                  3.634      0.120     30.306      0.000
    S                  0.321      0.016     20.056      0.000

 Intercepts
    SCSF7_5            0.000      0.000    999.000    999.000
    SCSF7_6            0.000      0.000    999.000    999.000
    SCSF7_7            0.000      0.000    999.000    999.000
    SCSF7_8            0.000      0.000    999.000    999.000
    SCSF7_10           0.000      0.000    999.000    999.000

 Variances
    I                  1.245      0.256      4.859      0.000
    S                  0.134      0.016      8.651      0.000

 Residual Variances
    SCSF7_5            0.321      0.016     20.056      0.000
    SCSF7_6            0.321      0.016     20.056      0.000
    SCSF7_7            0.321      0.016     20.056      0.000
    SCSF7_8            0.321      0.016     20.056      0.000
    SCSF7_10           0.321      0.016     20.056      0.000

Categorical Latent Variables

 Means
    C#1                0.880      0.066     13.230      0.000


QUALITY OF NUMERICAL RESULTS

     Condition Number for the Information Matrix              0.459E-03
       (ratio of smallest to largest eigenvalue)


STANDARDIZED MODEL RESULTS


STDYX Standardization

                                                    Two-Tailed
                    Estimate       S.E.  Est./S.E.    P-Value

Latent Class 1 (1)

 I        |
    SCSF7_5            0.917      0.009    105.500      0.000
    SCSF7_6            1.096      0.024     45.756      0.000
    SCSF7_7            1.216      0.058     21.120      0.000
    SCSF7_8            1.176      0.088     13.436      0.000
    SCSF7_10           0.839      0.081     10.346      0.000

 S        |
    SCSF7_5            0.000      0.000    999.000    999.000
    SCSF7_6            0.348      0.025     14.176      0.000
    SCSF7_7            0.773      0.055     14.168      0.000
    SCSF7_8            1.121      0.072     15.577      0.000
    SCSF7_10           1.332      0.066     20.072      0.000

 S        WITH
    I                 -0.721      0.041    -17.609      0.000

 Means
    I                  2.699      0.216     12.518      0.000
    S                  0.776      0.036     21.426      0.000

 Intercepts
    SCSF7_5            0.000      0.000    999.000    999.000
    SCSF7_6            0.000      0.000    999.000    999.000
    SCSF7_7            0.000      0.000    999.000    999.000
    SCSF7_8            0.000      0.000    999.000    999.000
    SCSF7_10           0.000      0.000    999.000    999.000

 Variances
    I                  1.000      0.000    999.000    999.000
    S                  1.000      0.000    999.000    999.000

 Residual Variances
    SCSF7_5            0.159      0.016      9.989      0.000
    SCSF7_6            0.228      0.022     10.261      0.000
    SCSF7_7            0.280      0.024     11.659      0.000
    SCSF7_8            0.262      0.022     11.674      0.000
    SCSF7_10           0.133      0.014      9.285      0.000

Latent Class 2 (2)

 I        |
    SCSF7_5            0.891      0.018     48.580      0.000
    SCSF7_6            1.073      0.039     27.489      0.000
    SCSF7_7            1.201      0.097     12.402      0.000
    SCSF7_8            1.167      0.157      7.441      0.000
    SCSF7_10           0.827      0.140      5.909      0.000

 S        |
    SCSF7_5            0.000      0.000    999.000    999.000
    SCSF7_6            0.352      0.028     12.596      0.000
    SCSF7_7            0.788      0.051     15.426      0.000
    SCSF7_8            1.149      0.080     14.350      0.000
    SCSF7_10           1.357      0.109     12.454      0.000

 S        WITH
    I                 -0.758      0.059    -12.798      0.000

 Means
    I                  3.258      0.438      7.429      0.000
    S                  0.878      0.038     23.132      0.000

 Intercepts
    SCSF7_5            0.000      0.000    999.000    999.000
    SCSF7_6            0.000      0.000    999.000    999.000
    SCSF7_7            0.000      0.000    999.000    999.000
    SCSF7_8            0.000      0.000    999.000    999.000
    SCSF7_10           0.000      0.000    999.000    999.000

 Variances
    I                  1.000      0.000    999.000    999.000
    S                  1.000      0.000    999.000    999.000

 Residual Variances
    SCSF7_5            0.205      0.033      6.273      0.000
    SCSF7_6            0.297      0.042      7.167      0.000
    SCSF7_7            0.372      0.034     10.957      0.000
    SCSF7_8            0.352      0.039      8.936      0.000
    SCSF7_10           0.177      0.029      6.093      0.000


R-SQUARE

Class 1

    Observed                                        Two-Tailed
    Variable        Estimate       S.E.  Est./S.E.    P-Value

    SCSF7_5            0.841      0.016     52.750      0.000
    SCSF7_6            0.772      0.022     34.823      0.000
    SCSF7_7            0.720      0.024     30.002      0.000
    SCSF7_8            0.738      0.022     32.912      0.000
    SCSF7_10           0.867      0.014     60.448      0.000

Class 2

    Observed                                        Two-Tailed
    Variable        Estimate       S.E.  Est./S.E.    P-Value

    SCSF7_5            0.795      0.033     24.290      0.000
    SCSF7_6            0.703      0.042     16.926      0.000
    SCSF7_7            0.628      0.034     18.472      0.000
    SCSF7_8            0.648      0.039     16.482      0.000
    SCSF7_10           0.823      0.029     28.423      0.000


     Beginning Time:  20:16:09
        Ending Time:  20:16:15
       Elapsed Time:  00:00:06



MUTHEN & MUTHEN
3463 Stoner Ave.
Los Angeles, CA  90066

Tel: (310) 391-9971
Fax: (310) 391-8971
Web: www.StatModel.com
Support: Support@StatModel.com

Copyright (c) 1998-2021 Muthen & Muthen
