Mplus VERSION 8.6
MUTHEN & MUTHEN
07/12/2021  10:15 AM

INPUT INSTRUCTIONS

  TITLE: Your title goes here

   DATA: FILE = data.dta;

   VARIABLE:

   NAMES = pidp gridmode mm hidp_5 hidp_6 hidp_7 hidp_8 hidp_9 hidp_10 indmode_5
       indmode_6 indmode_7 indmode_8 indmode_9 indmode_10 mode_type_all mode_type_no9
       mode_type_567 mode_type_7 all no9 p567 p7 switch_all switch_no9 switch_567
       switch_7 lkmove_5 xpmove_5 caruse_5 mobuse_5 netpuse_5 aidxhh_5 jbhas_5 j2has_5
       finnow_5 finfut_5 howlng_5 vote1_5 vote6_5 scsf1_5 scsf2a_5 scsf2b_5 scsf3a_5
       scsf3b_5 scsf4a_5 scsf4b_5 scsf5_5 scsf6a_5 scsf6b_5 scsf6c_5 scsf7_5 scghqa_5
       scghqb_5 scghqc_5 scghqd_5 scghqe_5 scghqf_5 scghqg_5 scghqh_5 scghqi_5
       scghqj_5 scghqk_5 scghql_5 lkmove_6 xpmove_6 caruse_6 mobuse_6 netpuse_6
       aidxhh_6 jbhas_6 j2has_6 finnow_6 finfut_6 howlng_6 vote1_6 vote6_6 scsf1_6
       scsf2a_6 scsf2b_6 scsf3a_6 scsf3b_6 scsf4a_6 scsf4b_6 scsf5_6 scsf6a_6 scsf6b_6
       scsf6c_6 scsf7_6 scghqa_6 scghqb_6 scghqc_6 scghqd_6 scghqe_6 scghqf_6 scghqg_6
       scghqh_6 scghqi_6 scghqj_6 scghqk_6 scghql_6 lkmove_7 xpmove_7 caruse_7
       mobuse_7 netpuse_7 smoker_7 aidxhh_7 jbhas_7 jbterm1_7 jbsemp_7 j2has_7
       fiyrdia_7 finnow_7 finfut_7 howlng_7 vote1_7 vote6_7 scsf2a_7 scsf2b_7 scsf3a_7
       scsf3b_7 scsf4a_7 scsf4b_7 scsf5_7 scsf6a_7 scsf6b_7 scsf6c_7 scsf7_7 scghqa_7
       scghqb_7 scghqc_7 scghqd_7 scghqe_7 scghqf_7 scghqg_7 scghqh_7 scghqi_7
       scghqj_7 scghqk_7 scghql_7 scsf1_7 lkmove_8 xpmove_8 caruse_8 mobuse_8
       netpuse_8 smoker_8 aidxhh_8 jbhas_8 jbterm1_8 jbsemp_8 j2has_8 fiyrdia_8
       finnow_8 finfut_8 scsf2a_8 scsf2b_8 scsf3a_8 scsf3b_8 scsf4a_8 scsf4b_8 scsf5_8
       scsf6a_8 scsf6b_8 scsf6c_8 scsf7_8 scghqa_8 scghqb_8 scghqc_8 scghqd_8 scghqe_8
       scghqf_8 scghqg_8 scghqh_8 scghqi_8 scghqj_8 scghqk_8 scghql_8 scsf1_8 mobuse_9
       netpuse_9 smoker_9 jbhas_9 jbterm1_9 jbsemp_9 j2has_9 fiyrdia_9 finnow_9
       finfut_9 lkmove_10 xpmove_10 mobuse_10 netpuse_10 smoker_10 aidxhh_10 jbhas_10
       jbterm1_10 jbsemp_10 j2has_10 fiyrdia_10 finnow_10 finfut_10 scsf1_10 scsf2a_10
       scsf2b_10 scsf3a_10 scsf3b_10 scsf4a_10 scsf4b_10 scsf5_10 scsf6a_10 scsf6b_10
       scsf6c_10 scsf7_10 scghqa_10 scghqb_10 scghqc_10 scghqd_10 scghqe_10 scghqf_10
       scghqg_10 scghqh_10 scghqi_10 scghqj_10 scghqk_10 scghql_10 edu agecat female
       partner sf1 longill london north urban refresh Higher A level GCSE Other age_35
       age_55 age_75 age_102 pred_all pred_no9 pred_p567 pred_p7 pred_all_w pred_no9_w
       pred_p567_w pred_p7_w;

   MISSING=.;

   USEVARIABLES ARE
   jbsemp_7
   jbsemp_8
   jbsemp_9
   jbsemp_10;

   CATEGORICAL ARE
   jbsemp_7
   jbsemp_8
   jbsemp_9
   jbsemp_10;
   CLASSES = c(2);

    KNOWNCLASS = c(mm= 1 2);

   ANALYSIS:


      TYPE = MIXTURE;

      ESTIMATOR = MLR;

      ALGORITHM = INTEGRATION;

      Processors = 8(starts);

      STARTS = 800 200;

   Model:


      %OVERALL%

  i s | jbsemp_7@0 jbsemp_8@1 jbsemp_9@2 jbsemp_10@3;
   %c#1%
  [s] ;
   s ;
   s WITH i ;
   i ;

   %c#2%
  [s] ;
   s ;
   s WITH i ;
   i ;

   OUTPUT: SAMPSTAT;

                                  STDYX;




*** WARNING in VARIABLE command
  Note that only the first 8 characters of variable names are used in the output.
  Shorten variable names to avoid any confusion.
*** WARNING
  Data set contains unknown or missing values for variable MM.
  This variable is used to determine the KNOWNCLASS specification.
  Number of such cases:  458
*** WARNING
  Data set contains cases with missing on all variables.
  These cases were not included in the analysis.
  Number of cases with missing on all variables:  783
   3 WARNING(S) FOUND IN THE INPUT INSTRUCTIONS



Your title goes here

SUMMARY OF ANALYSIS

Number of groups                                                 1
Number of observations                                         816

Number of dependent variables                                    4
Number of independent variables                                  0
Number of continuous latent variables                            2
Number of categorical latent variables                           1

Observed dependent variables

  Binary and ordered categorical (ordinal)
   JBSEMP_7    JBSEMP_8    JBSEMP_9    JBSEMP_1

Continuous latent variables
   I           S

Categorical latent variables
   C

  Knownclass            C


Estimator                                                      MLR
Information matrix                                        OBSERVED
Optimization Specifications for the Quasi-Newton Algorithm for
Continuous Outcomes
  Maximum number of iterations                                 100
  Convergence criterion                                  0.100D-05
Optimization Specifications for the EM Algorithm
  Maximum number of iterations                                 500
  Convergence criteria
    Loglikelihood change                                 0.100D-02
    Relative loglikelihood change                        0.100D-05
    Derivative                                           0.100D-02
Optimization Specifications for the M step of the EM Algorithm for
Categorical Latent variables
  Number of M step iterations                                    1
  M step convergence criterion                           0.100D-02
  Basis for M step termination                           ITERATION
Optimization Specifications for the M step of the EM Algorithm for
Censored, Binary or Ordered Categorical (Ordinal), Unordered
Categorical (Nominal) and Count Outcomes
  Number of M step iterations                                    1
  M step convergence criterion                           0.100D-02
  Basis for M step termination                           ITERATION
  Maximum value for logit thresholds                            15
  Minimum value for logit thresholds                           -15
  Minimum expected cell size for chi-square              0.100D-01
Maximum number of iterations for H1                           2000
Convergence criterion for H1                             0.100D-03
Optimization algorithm                                         EMA
Integration Specifications
  Type                                                    STANDARD
  Number of integration points                                  15
  Dimensions of numerical integration                            2
  Adaptive quadrature                                           ON
Random Starts Specifications
  Number of initial stage random starts                        800
  Number of final stage optimizations                          200
  Number of initial stage iterations                            10
  Initial stage convergence criterion                    0.100D+01
  Random starts scale                                    0.500D+01
  Random seed for generating random starts                       0
Link                                                         LOGIT
Cholesky                                                        ON

Input data file(s)
  data.dta
Input data format  FREE


SUMMARY OF DATA

     Number of missing data patterns            15
     Number of y missing data patterns           0
     Number of u missing data patterns          15


COVARIANCE COVERAGE OF DATA

Minimum covariance coverage value   0.100


     PROPORTION OF DATA PRESENT FOR U


           Covariance Coverage
              JBSEMP_7      JBSEMP_8      JBSEMP_9      JBSEMP_1
              ________      ________      ________      ________
 JBSEMP_7       0.680
 JBSEMP_8       0.500         0.658
 JBSEMP_9       0.449         0.502         0.637
 JBSEMP_1       0.406         0.455         0.485         0.616


UNIVARIATE PROPORTIONS AND COUNTS FOR CATEGORICAL VARIABLES

    JBSEMP_7
      Category 1    0.133           74.000
      Category 2    0.867          481.000
    JBSEMP_8
      Category 1    0.143           77.000
      Category 2    0.857          460.000
    JBSEMP_9
      Category 1    0.148           77.000
      Category 2    0.852          443.000
    JBSEMP_1
      Category 1    0.129           65.000
      Category 2    0.871          438.000


SAMPLE STATISTICS

RANDOM STARTS RESULTS RANKED FROM THE BEST TO THE WORST LOGLIKELIHOOD VALUES

Final stage loglikelihood values at local maxima, seeds, and initial stage start numbers:

            -960.937  22075            659
            -977.084  809240           543
            -978.166  830529           279
            -978.167  597614           284
            -978.167  178181           753
            -978.224  604861           800
            -978.232  625191           350
            -978.233  276696           676
            -978.233  80438            246
            -978.234  937225           394
            -978.234  42523            730
            -978.234  609185           181
            -978.401  247912           537
            -978.402  821011           161
            -978.618  903420           5
            -978.631  668003           647
            -978.632  479273           156
            -979.187  879338           309
            -979.893  483369           270
            -980.209  610181           711
            -981.149  960438           116
            -981.385  415502           194
            -981.817  999211           628
            -981.907  68985            17
            -981.915  132336           362
            -982.371  417035           149
            -982.610  502495           724
            -983.160  246575           291
            -983.196  408713           450
            -983.432  848331           137
            -984.423  674171           195
            -984.423  321390           133
            -984.502  518828           432
            -984.853  642909           251
            -985.585  442072           625
            -985.855  535063           329
            -985.883  926283           269
            -985.885  416463           467
            -985.924  392751           480
            -985.956  348637           749
            -986.353  569131           26
            -986.474  440368           797
            -987.593  474357           789
            -988.174  25127            107
            -991.606  231400           738
            -991.747  312587           775
            -991.808  745972           521
            -992.306  947714           573
            -993.174  194143           510
            -993.717  342019           301
            -993.719  596257           405
            -993.792  244349           736
            -994.286  700349           401
            -994.348  197223           332
            -995.246  930323           267
            -995.274  792389           746
            -995.386  669634           335
            -995.503  963053           43
            -995.605  23012            352
            -996.086  991329           182
            -996.519  830392           35
            -996.570  691234           250
            -998.284  521575           313
            -998.337  185071           370
            -998.999  595153           230
            -999.738  496881           192
           -1000.145  686384           690
           -1000.203  534193           689
           -1001.448  665121           417
           -1001.508  848163           47
           -1001.935  846194           93
           -1002.005  701525           239
           -1002.329  396795           323
           -1003.396  605565           404
           -1003.613  823392           479
           -1004.149  897782           545
           -1004.867  266008           656
           -1005.566  539751           459
           -1005.643  100874           108
           -1005.776  291112           645
           -1006.275  264081           186
           -1006.425  607072           717
           -1006.455  626087           314
           -1006.525  765586           709
           -1007.235  616917           261
           -1007.499  136842           58
           -1007.719  109946           771
           -1007.880  59674            240
           -1008.156  751054           117
           -1009.023  327140           678
           -1009.029  165853           105
           -1009.345  22089            143
           -1009.733  82357            339
           -1009.865  545108           667
           -1009.953  903633           553
           -1010.249  167409           772
           -1010.621  715561           125
           -1010.633  126371           526
           -1011.132  944186           541
           -1011.576  188640           451
           -1011.942  654136           167
           -1012.006  588923           606
           -1012.235  835767           210
           -1012.380  584397           428
           -1012.633  315029           471
           -1012.873  742609           531
           -1013.202  533738           11
           -1013.249  590834           785
           -1014.414  81117            305
           -1014.438  913639           162
           -1014.540  650354           577
           -1015.248  190339           102
           -1015.526  850545           357
           -1015.757  195353           225
           -1017.223  349360           464
           -1017.451  793035           187
           -1017.466  468036           131
           -1017.929  801065           393
           -1019.665  562716           300
           -1020.803  765392           382
           -1021.457  247224           94
           -1022.600  712702           684
           -1023.229  964570           701
           -1023.907  563584           657
           -1027.110  804104           566
           -1027.919  370957           554
           -1027.971  775884           639
           -1027.999  462821           745
           -1029.632  123985           248
           -1029.831  567165           319
           -1033.049  157351           579
           -1033.264  117587           572
           -1033.632  762461           425
           -1033.670  319575           499
           -1034.136  418686           338
           -1034.443  392407           221
           -1034.558  478341           731
           -1035.411  907810           795
           -1035.637  7959             256
           -1036.332  354624           448
           -1037.436  226322           478
           -1037.564  973369           202
           -1037.667  875667           367
           -1037.832  529496           343
           -1039.919  131856           90
           -1040.640  945065           255
           -1041.912  488125           368
           -1041.988  966014           37
           -1043.364  15270            610
           -1043.871  355674           540
           -1045.886  383902           673
           -1046.250  797594           234
           -1046.602  958107           790
           -1047.079  73576            213
           -1047.092  898745           466
           -1047.148  783165           170
           -1047.217  291149           536
           -1048.220  576596           99
           -1048.330  377584           630
           -1048.559  340112           126
           -1048.683  836066           372
           -1051.009  207896           25
           -1051.288  939021           8
           -1051.311  327475           518
           -1052.985  887676           22
           -1056.569  574942           558
           -1057.025  723035           538
           -1057.209  723775           97
           -1059.310  670281           721
           -1060.291  263049           454
           -1060.990  965639           463
           -1063.144  833196           715
           -1065.192  391179           78
           -1074.855  783102           433
           -1077.393  900268           327
           -1081.568  436892           565
           -1088.044  793487           595

23 perturbed starting value run(s) did not converge or were rejected in the third stage.



     WARNING:  THE BEST LOGLIKELIHOOD VALUE WAS NOT REPLICATED.  THE
     SOLUTION MAY NOT BE TRUSTWORTHY DUE TO LOCAL MAXIMA.  INCREASE THE
     NUMBER OF RANDOM STARTS.

     WARNING: THE MODEL ESTIMATION HAS REACHED A SADDLE POINT OR A POINT WHERE THE
     OBSERVED AND THE EXPECTED INFORMATION MATRICES DO NOT MATCH.
     AN ADJUSTMENT TO THE ESTIMATION OF THE INFORMATION MATRIX HAS BEEN MADE.
     THE CONDITION NUMBER IS      -0.186D-02.
     THE PROBLEM MAY ALSO BE RESOLVED BY TURNING OFF THE CHOLESKY OPTION OR
     BY DECREASING THE VALUE OF THE MCONVERGENCE OPTION OR BY CHANGING THE STARTING VALUES
     OR BY INCREASING THE NUMBER OF INTEGRATION POINTS OR BY USING THE MLF ESTIMATOR.


THE MODEL ESTIMATION TERMINATED NORMALLY



MODEL FIT INFORMATION

Number of Free Parameters                       11

Loglikelihood

          H0 Value                        -960.937
          H0 Scaling Correction Factor      0.7899
            for MLR

Information Criteria

          Akaike (AIC)                    1943.874
          Bayesian (BIC)                  1995.623
          Sample-Size Adjusted BIC        1960.691
            (n* = (n + 2) / 24)

Chi-Square Test of Model Fit for the Binary and Ordered Categorical
(Ordinal) Outcomes**

          Pearson Chi-Square

          Value                            120.698
          Degrees of Freedom                     6
          P-Value                           0.0000

          Likelihood Ratio Chi-Square

          Value                              0.000
          Degrees of Freedom                     6
          P-Value                           1.0000

** Of the 80 cells in the latent class indicator table, 7
   were deleted in the calculation of chi-square due to extreme values.

Chi-Square Test for MCAR under the Unrestricted Latent Class Indicator Model

          Pearson Chi-Square

          Value                             34.569
          Degrees of Freedom                    99
          P-Value                           1.0000

          Likelihood Ratio Chi-Square

          Value                             28.910
          Degrees of Freedom                    99
          P-Value                           1.0000



FINAL CLASS COUNTS AND PROPORTIONS FOR THE LATENT CLASSES
BASED ON THE ESTIMATED MODEL

    Latent
   Classes

       1        464.00000          0.56863
       2        352.00000          0.43137


MODEL RESULTS

                                                    Two-Tailed
                    Estimate       S.E.  Est./S.E.    P-Value

Latent Class 1 (1)

 I        |
    JBSEMP_7           1.000      0.000    999.000    999.000
    JBSEMP_8           1.000      0.000    999.000    999.000
    JBSEMP_9           1.000      0.000    999.000    999.000
    JBSEMP_10          1.000      0.000    999.000    999.000

 S        |
    JBSEMP_7           0.000      0.000    999.000    999.000
    JBSEMP_8           1.000      0.000    999.000    999.000
    JBSEMP_9           2.000      0.000    999.000    999.000
    JBSEMP_10          3.000      0.000    999.000    999.000

 S        WITH
    I                544.505    111.384      4.889      0.000

 Means
    I                -48.402      4.353    -11.120      0.000
    S                 24.513      6.785      3.613      0.000

 Thresholds
    JBSEMP_7$1       -78.849      2.237    -35.252      0.000
    JBSEMP_8$1       -78.849      2.237    -35.252      0.000
    JBSEMP_9$1       -78.849      2.237    -35.252      0.000
    JBSEMP_1$1       -78.849      2.237    -35.252      0.000

 Variances
    I                697.818    238.839      2.922      0.003
    S                433.531    311.988      1.390      0.165

Latent Class 2 (2)

 I        |
    JBSEMP_7           1.000      0.000    999.000    999.000
    JBSEMP_8           1.000      0.000    999.000    999.000
    JBSEMP_9           1.000      0.000    999.000    999.000
    JBSEMP_10          1.000      0.000    999.000    999.000

 S        |
    JBSEMP_7           0.000      0.000    999.000    999.000
    JBSEMP_8           1.000      0.000    999.000    999.000
    JBSEMP_9           2.000      0.000    999.000    999.000
    JBSEMP_10          3.000      0.000    999.000    999.000

 S        WITH
    I              -1318.581    290.102     -4.545      0.000

 Means
    I                  0.000      0.000    999.000    999.000
    S                -17.976      5.083     -3.537      0.000

 Thresholds
    JBSEMP_7$1       -78.849      2.237    -35.252      0.000
    JBSEMP_8$1       -78.849      2.237    -35.252      0.000
    JBSEMP_9$1       -78.849      2.237    -35.252      0.000
    JBSEMP_1$1       -78.849      2.237    -35.252      0.000

 Variances
    I               5477.328    338.607     16.176      0.000
    S                318.295    145.577      2.186      0.029

Categorical Latent Variables

 Means
    C#1                0.276      0.071      3.908      0.000


QUALITY OF NUMERICAL RESULTS

     Condition Number for the Information Matrix             -0.186E-02
       (ratio of smallest to largest eigenvalue)


RESULTS IN PROBABILITY SCALE

                    Estimate

Latent Class 1 (1)

 JBSEMP_7
    Category 1         0.125
    Category 2         0.875
 JBSEMP_8
    Category 1         0.123
    Category 2         0.877
 JBSEMP_9
    Category 1         0.123
    Category 2         0.877
 JBSEMP_10
    Category 1         0.123
    Category 2         0.877

Latent Class 2 (2)

 JBSEMP_7
    Category 1         0.145
    Category 2         0.855
 JBSEMP_8
    Category 1         0.141
    Category 2         0.859
 JBSEMP_9
    Category 1         0.132
    Category 2         0.868
 JBSEMP_10
    Category 1         0.116
    Category 2         0.884


STANDARDIZED MODEL RESULTS


STDYX Standardization

                                                    Two-Tailed
                    Estimate       S.E.  Est./S.E.    P-Value

Latent Class 1 (1)

 I        |
    JBSEMP_7           0.998      0.001   1245.298      0.000
    JBSEMP_8           0.560      0.133      4.224      0.000
    JBSEMP_9           0.389      0.127      3.051      0.002
    JBSEMP_10          0.298      0.112      2.661      0.008

 S        |
    JBSEMP_7           0.000      0.000    999.000    999.000
    JBSEMP_8           0.442      0.130      3.409      0.001
    JBSEMP_9           0.613      0.124      4.942      0.000
    JBSEMP_10          0.704      0.109      6.479      0.000

 S        WITH
    I                  0.990      0.014     72.615      0.000

 Means
    I                 -1.832      0.472     -3.882      0.000
    S                  1.177      0.104     11.310      0.000

 Thresholds
    JBSEMP_7$1        -2.978      0.432     -6.889      0.000
    JBSEMP_8$1        -1.672      0.155    -10.807      0.000
    JBSEMP_9$1        -1.161      0.212     -5.464      0.000
    JBSEMP_1$1        -0.889      0.205     -4.331      0.000

 Variances
    I                  1.000      0.000    999.000    999.000
    S                  1.000      0.000    999.000    999.000

Latent Class 2 (2)

 I        |
    JBSEMP_7           1.000      0.000  53895.621      0.000
    JBSEMP_8           1.316      0.103     12.787      0.000
    JBSEMP_9           1.924      0.442      4.356      0.000
    JBSEMP_10          3.553      2.270      1.566      0.117

 S        |
    JBSEMP_7           0.000      0.000    999.000    999.000
    JBSEMP_8           0.317      0.102      3.109      0.002
    JBSEMP_9           0.928      0.439      2.114      0.035
    JBSEMP_10          2.570      2.267      1.134      0.257

 S        WITH
    I                 -0.999      0.004   -263.960      0.000

 Means
    I                  0.000      0.000    999.000    999.000
    S                 -1.008      0.062    -16.243      0.000

 Thresholds
    JBSEMP_7$1        -1.065      0.011    -95.975      0.000
    JBSEMP_8$1        -1.402      0.117    -11.970      0.000
    JBSEMP_9$1        -2.050      0.481     -4.263      0.000
    JBSEMP_1$1        -3.786      2.437     -1.554      0.120

 Variances
    I                  1.000      0.000    999.000    999.000
    S                  1.000      0.000    999.000    999.000


R-SQUARE

Class 1

    Observed                                        Two-Tailed
    Variable        Estimate       S.E.  Est./S.E.    P-Value

    JBSEMP_7           0.995      0.002    622.649      0.000
    JBSEMP_8           0.999      0.000   4987.224      0.000
    JBSEMP_9           0.999      0.000   4439.290      0.000
    JBSEMP_1           1.000      0.000   5812.696      0.000

Class 2

    Observed                                        Two-Tailed
    Variable        Estimate       S.E.  Est./S.E.    P-Value

    JBSEMP_7           0.999      0.000   ********      0.000
    JBSEMP_8           0.999      0.000   4892.372      0.000
    JBSEMP_9           0.998      0.001    907.172      0.000
    JBSEMP_1           0.992      0.010     99.794      0.000


     Beginning Time:  10:15:49
        Ending Time:  10:16:50
       Elapsed Time:  00:01:01



MUTHEN & MUTHEN
3463 Stoner Ave.
Los Angeles, CA  90066

Tel: (310) 391-9971
Fax: (310) 391-8971
Web: www.StatModel.com
Support: Support@StatModel.com

Copyright (c) 1998-2021 Muthen & Muthen
