Mplus VERSION 8.6
MUTHEN & MUTHEN
07/12/2021   8:29 PM

INPUT INSTRUCTIONS

  TITLE: Your title goes here

   DATA: FILE = data.dta;

   VARIABLE:

   NAMES = pidp gridmode mm hidp_5 hidp_6 hidp_7 hidp_8 hidp_9 hidp_10 indmode_5
       indmode_6 indmode_7 indmode_8 indmode_9 indmode_10 mode_type_all mode_type_no9
       mode_type_567 mode_type_7 all no9 p567 p7 switch_all switch_no9 switch_567
       switch_7 lkmove_5 xpmove_5 caruse_5 mobuse_5 netpuse_5 aidxhh_5 jbhas_5 j2has_5
       finnow_5 finfut_5 howlng_5 vote1_5 vote6_5 scsf1_5 scsf2a_5 scsf2b_5 scsf3a_5
       scsf3b_5 scsf4a_5 scsf4b_5 scsf5_5 scsf6a_5 scsf6b_5 scsf6c_5 scsf7_5 scghqa_5
       scghqb_5 scghqc_5 scghqd_5 scghqe_5 scghqf_5 scghqg_5 scghqh_5 scghqi_5
       scghqj_5 scghqk_5 scghql_5 lkmove_6 xpmove_6 caruse_6 mobuse_6 netpuse_6
       aidxhh_6 jbhas_6 j2has_6 finnow_6 finfut_6 howlng_6 vote1_6 vote6_6 scsf1_6
       scsf2a_6 scsf2b_6 scsf3a_6 scsf3b_6 scsf4a_6 scsf4b_6 scsf5_6 scsf6a_6 scsf6b_6
       scsf6c_6 scsf7_6 scghqa_6 scghqb_6 scghqc_6 scghqd_6 scghqe_6 scghqf_6 scghqg_6
       scghqh_6 scghqi_6 scghqj_6 scghqk_6 scghql_6 lkmove_7 xpmove_7 caruse_7
       mobuse_7 netpuse_7 smoker_7 aidxhh_7 jbhas_7 jbterm1_7 jbsemp_7 j2has_7
       fiyrdia_7 finnow_7 finfut_7 howlng_7 vote1_7 vote6_7 scsf2a_7 scsf2b_7 scsf3a_7
       scsf3b_7 scsf4a_7 scsf4b_7 scsf5_7 scsf6a_7 scsf6b_7 scsf6c_7 scsf7_7 scghqa_7
       scghqb_7 scghqc_7 scghqd_7 scghqe_7 scghqf_7 scghqg_7 scghqh_7 scghqi_7
       scghqj_7 scghqk_7 scghql_7 scsf1_7 lkmove_8 xpmove_8 caruse_8 mobuse_8
       netpuse_8 smoker_8 aidxhh_8 jbhas_8 jbterm1_8 jbsemp_8 j2has_8 fiyrdia_8
       finnow_8 finfut_8 scsf2a_8 scsf2b_8 scsf3a_8 scsf3b_8 scsf4a_8 scsf4b_8 scsf5_8
       scsf6a_8 scsf6b_8 scsf6c_8 scsf7_8 scghqa_8 scghqb_8 scghqc_8 scghqd_8 scghqe_8
       scghqf_8 scghqg_8 scghqh_8 scghqi_8 scghqj_8 scghqk_8 scghql_8 scsf1_8 mobuse_9
       netpuse_9 smoker_9 jbhas_9 jbterm1_9 jbsemp_9 j2has_9 fiyrdia_9 finnow_9
       finfut_9 lkmove_10 xpmove_10 mobuse_10 netpuse_10 smoker_10 aidxhh_10 jbhas_10
       jbterm1_10 jbsemp_10 j2has_10 fiyrdia_10 finnow_10 finfut_10 scsf1_10 scsf2a_10
       scsf2b_10 scsf3a_10 scsf3b_10 scsf4a_10 scsf4b_10 scsf5_10 scsf6a_10 scsf6b_10
       scsf6c_10 scsf7_10 scghqa_10 scghqb_10 scghqc_10 scghqd_10 scghqe_10 scghqf_10
       scghqg_10 scghqh_10 scghqi_10 scghqj_10 scghqk_10 scghql_10 edu agecat female
       partner sf1 longill london north urban refresh Higher A level GCSE Other age_35
       age_55 age_75 age_102 pred_all pred_no9 pred_p567 pred_p7 pred_all_w pred_no9_w
       pred_p567_w pred_p7_w;

   MISSING=.;

   USEVARIABLES ARE
   vote1_5
   vote1_6
   vote1_7;

   CATEGORICAL ARE
   vote1_5
   vote1_6
   vote1_7;
   CLASSES = c(2);

    KNOWNCLASS = c(p567= 1 2);
  WEIGHT IS pred_p567_w;

   ANALYSIS:


      TYPE = MIXTURE;

      ESTIMATOR = MLR;

      ALGORITHM = INTEGRATION;

      Processors = 8(starts);

      STARTS = 800 200;

   Model:


      %OVERALL%

  i s | vote1_5@0 vote1_6@1 vote1_7@2;
   %c#1%
  [s] (a);
   s (b);
   s WITH i ;
   i ;

   %c#2%
  [s] (a);
   s (b);
   s WITH i ;
   i ;

   OUTPUT: SAMPSTAT;

                                  STDYX;




*** WARNING
  One or more observations has a value of 0 for the WEIGHT variable.
*** WARNING
  Data set contains unknown or missing values for variable P567.
  This variable is used to determine the KNOWNCLASS specification.
  Number of such cases:  529
*** WARNING
  Data set contains cases with missing on all variables.
  These cases were not included in the analysis.
  Number of cases with missing on all variables:  12
   3 WARNING(S) FOUND IN THE INPUT INSTRUCTIONS



Your title goes here

SUMMARY OF ANALYSIS

Number of groups                                                 1
Number of observations                                        1516

Number of dependent variables                                    3
Number of independent variables                                  0
Number of continuous latent variables                            2
Number of categorical latent variables                           1

Observed dependent variables

  Binary and ordered categorical (ordinal)
   VOTE1_5     VOTE1_6     VOTE1_7

Continuous latent variables
   I           S

Categorical latent variables
   C

  Knownclass            C

Variables with special functions

  Weight variable       PRED_P56

Estimator                                                      MLR
Information matrix                                        OBSERVED
Optimization Specifications for the Quasi-Newton Algorithm for
Continuous Outcomes
  Maximum number of iterations                                 100
  Convergence criterion                                  0.100D-05
Optimization Specifications for the EM Algorithm
  Maximum number of iterations                                 500
  Convergence criteria
    Loglikelihood change                                 0.100D-02
    Relative loglikelihood change                        0.100D-05
    Derivative                                           0.100D-02
Optimization Specifications for the M step of the EM Algorithm for
Categorical Latent variables
  Number of M step iterations                                    1
  M step convergence criterion                           0.100D-02
  Basis for M step termination                           ITERATION
Optimization Specifications for the M step of the EM Algorithm for
Censored, Binary or Ordered Categorical (Ordinal), Unordered
Categorical (Nominal) and Count Outcomes
  Number of M step iterations                                    1
  M step convergence criterion                           0.100D-02
  Basis for M step termination                           ITERATION
  Maximum value for logit thresholds                            15
  Minimum value for logit thresholds                           -15
  Minimum expected cell size for chi-square              0.100D-01
Maximum number of iterations for H1                           2000
Convergence criterion for H1                             0.100D-03
Optimization algorithm                                         EMA
Integration Specifications
  Type                                                    STANDARD
  Number of integration points                                  15
  Dimensions of numerical integration                            2
  Adaptive quadrature                                           ON
Random Starts Specifications
  Number of initial stage random starts                        800
  Number of final stage optimizations                          200
  Number of initial stage iterations                            10
  Initial stage convergence criterion                    0.100D+01
  Random starts scale                                    0.500D+01
  Random seed for generating random starts                       0
Link                                                         LOGIT
Cholesky                                                        ON

Input data file(s)
  data.dta
Input data format  FREE


SUMMARY OF DATA

     Number of missing data patterns             7
     Number of y missing data patterns           0
     Number of u missing data patterns           7


COVARIANCE COVERAGE OF DATA

Minimum covariance coverage value   0.100


     PROPORTION OF DATA PRESENT FOR U


           Covariance Coverage
              VOTE1_5       VOTE1_6       VOTE1_7
              ________      ________      ________
 VOTE1_5        0.651
 VOTE1_6        0.548         0.652
 VOTE1_7        0.451         0.489         0.759


UNIVARIATE PROPORTIONS AND COUNTS FOR CATEGORICAL VARIABLES

    VOTE1_5
      Category 1    0.653          839.586
      Category 2    0.347          446.767
    VOTE1_6
      Category 1    0.709          903.578
      Category 2    0.291          370.555
    VOTE1_7
      Category 1    0.653          671.261
      Category 2    0.347          356.421


SAMPLE STATISTICS

RANDOM STARTS RESULTS RANKED FROM THE BEST TO THE WORST LOGLIKELIHOOD VALUES

Final stage loglikelihood values at local maxima, seeds, and initial stage start numbers:

           -2900.154  840078           203
           -2900.154  710445           792
           -2900.154  879211           453
           -2900.155  286735           175
           -2900.155  318230           46
           -2900.155  548673           732
           -2900.155  992389           77
           -2900.155  777045           377
           -2900.155  804660           260
           -2900.155  113138           585
           -2900.155  502157           799
           -2900.155  127215           9
           -2900.155  163110           584
           -2900.155  967237           48
           -2900.155  17896            592
           -2900.155  534483           290
           -2900.155  156536           245
           -2900.155  602032           648
           -2900.155  848890           95
           -2900.155  341960           685
           -2900.155  153053           378
           -2900.155  371246           101
           -2900.155  303634           169
           -2900.155  772131           407
           -2900.155  241197           747
           -2900.155  354208           196
           -2900.155  587946           120
           -2900.155  76451            211
           -2900.155  217130           443
           -2900.155  552272           654
           -2900.155  308582           752
           -2900.155  822698           621
           -2900.155  566687           597
           -2900.155  669639           699
           -2900.155  752476           614
           -2900.155  545140           278
           -2900.155  646573           741
           -2900.155  642909           251
           -2900.155  520865           763
           -2900.155  871851           257
           -2900.155  746978           410
           -2900.155  315029           471
           -2900.155  383979           603
           -2900.155  232226           235
           -2900.155  923437           398
           -2900.155  965994           396
           -2900.155  349562           359
           -2900.155  618760           489
           -2900.155  379729           512
           -2900.155  349360           464
           -2900.155  801717           364
           -2900.155  160326           546
           -2900.155  471040           403
           -2900.155  830570           369
           -2900.155  79212            517
           -2900.155  682718           733
           -2900.155  273992           349
           -2900.155  849670           347
           -2900.155  117731           570
           -2900.155  371737           532
           -2900.155  35191            703
           -2900.155  373505           88
           -2900.155  124999           96
           -2900.155  370466           41
           -2900.155  626208           698
           -2900.155  192071           142
           -2900.155  547702           767
           -2900.155  641794           591
           -2900.155  327140           678
           -2900.155  260601           36
           -2900.155  471398           74
           -2900.155  626891           32
           -2900.155  316165           299
           -2900.155  793035           187
           -2900.155  118438           601
           -2900.155  760878           249
           -2900.155  285380           1
           -2900.155  188498           258
           -2900.155  631413           439
           -2900.155  416463           467
           -2900.155  793487           595
           -2900.155  888905           444
           -2900.155  294811           637
           -2900.155  455617           242
           -2900.155  173191           422
           -2900.155  704798           530
           -2900.155  848331           137
           -2900.155  860029           760
           -2900.155  824126           287
           -2900.155  210870           383
           -2900.155  311214           64
           -2900.155  789985           67
           -2900.155  215353           164
           -2900.155  303834           798
           -2900.155  836066           372
           -2900.155  216565           474
           -2900.155  93468            3
           -2900.155  484406           421
           -2900.155  326091           759
           -2900.155  648555           113
           -2900.155  991329           182
           -2900.155  922596           456
           -2900.155  227563           63
           -2900.155  107446           12
           -2900.155  850840           232
           -2900.155  364676           27
           -2900.155  58507            793
           -2900.155  659832           754
           -2900.155  502532           445
           -2900.155  260953           589
           -2900.155  851945           18
           -2900.155  137305           379
           -2900.155  933578           506
           -2900.155  244349           736
           -2900.155  161421           519
           -2900.155  982520           737
           -2900.155  106561           686
           -2900.155  264935           281
           -2900.155  220454           288
           -2900.155  50887            389
           -2900.155  798839           312
           -2900.155  178181           753
           -2900.155  614009           317
           -2900.155  67009            564
           -2900.155  137377           397
           -2900.155  860772           174
           -2900.155  928287           197
           -2900.155  942358           644
           -2900.155  195763           358
           -2900.155  343926           624
           -2900.155  77210            712
           -2900.155  520177           262
           -2900.155  638977           643
           -2900.155  127362           757
           -2900.155  939021           8
           -2900.155  871438           561
           -2900.155  383986           159
           -2900.155  848969           173
           -2900.155  284384           600
           -2900.155  259507           53
           -2900.155  741484           441
           -2900.155  917702           693
           -2900.155  405371           569
           -2900.155  961454           665
           -2900.155  436460           89
           -2900.155  404042           675
           -2900.155  123985           248
           -2900.155  508482           446
           -2900.155  69413            472
           -2900.155  595153           230
           -2900.155  488581           688
           -2900.155  15715            274
           -2900.155  476393           705
           -2900.155  715255           523
           -2900.155  696830           668
           -2900.155  157351           579
           -2900.155  539389           544
           -2900.155  576726           280
           -2900.155  88437            761
           -2900.155  314084           81
           -2900.155  939870           655
           -2900.155  673496           218
           -2900.155  592219           119
           -2900.155  12477            155
           -2900.155  995875           547
           -2900.155  765392           382
           -2900.155  466971           109
           -2900.155  177936           726
           -2900.155  529496           343
           -2900.155  152496           123
           -2900.155  857799           315
           -2900.155  377584           630
           -2900.155  700349           401
           -2900.155  640833           434
           -2900.155  931874           141
           -2900.155  791396           243
           -2900.155  488125           368
           -2900.155  153394           429
           -2900.155  608849           224
           -2900.155  232559           136
           -2900.155  354624           448
           -2900.155  783110           72
           -2900.155  717754           180
           -2900.155  800454           751
           -2900.155  166851           638
           -2900.155  61587            400
           -2900.155  237332           661
           -2900.155  714455           476
           -2900.155  92689            304
           -2900.155  788796           145
           -2900.155  25127            107
           -2900.155  637345           19
           -2900.155  414828           322
           -2900.155  831410           567
           -2900.155  14262            781
           -2900.155  783102           433
           -2900.155  606576           151
           -2900.155  441191           361
           -2900.155  852283           616
           -2900.155  491970           563



THE BEST LOGLIKELIHOOD VALUE HAS BEEN REPLICATED.  RERUN WITH AT LEAST TWICE THE
RANDOM STARTS TO CHECK THAT THE BEST LOGLIKELIHOOD IS STILL OBTAINED AND REPLICATED.


THE MODEL ESTIMATION TERMINATED NORMALLY



MODEL FIT INFORMATION

Number of Free Parameters                        9

Loglikelihood

          H0 Value                       -2900.154
          H0 Scaling Correction Factor      1.4383
            for MLR

Information Criteria

          Akaike (AIC)                    5818.309
          Bayesian (BIC)                  5866.223
          Sample-Size Adjusted BIC        5837.633
            (n* = (n + 2) / 24)

Chi-Square Test of Model Fit for the Binary and Ordered Categorical
(Ordinal) Outcomes

          Pearson Chi-Square

          Value                             18.294
          Degrees of Freedom                     6
          P-Value                           0.0055

          Likelihood Ratio Chi-Square

          Value                             19.031
          Degrees of Freedom                     6
          P-Value                           0.0041

Chi-Square Test for MCAR under the Unrestricted Latent Class Indicator Model

          Pearson Chi-Square

          Value                             38.877
          Degrees of Freedom                    23
          P-Value                           0.0205

          Likelihood Ratio Chi-Square

          Value                             44.854
          Degrees of Freedom                    23
          P-Value                           0.0041



FINAL CLASS COUNTS AND PROPORTIONS FOR THE LATENT CLASSES
BASED ON THE ESTIMATED MODEL

    Latent
   Classes

       1       1060.00000          0.69921
       2        456.00000          0.30079


MODEL RESULTS

                                                    Two-Tailed
                    Estimate       S.E.  Est./S.E.    P-Value

Latent Class 1 (1)

 I        |
    VOTE1_5            1.000      0.000    999.000    999.000
    VOTE1_6            1.000      0.000    999.000    999.000
    VOTE1_7            1.000      0.000    999.000    999.000

 S        |
    VOTE1_5            0.000      0.000    999.000    999.000
    VOTE1_6            1.000      0.000    999.000    999.000
    VOTE1_7            2.000      0.000    999.000    999.000

 S        WITH
    I                 -1.177      1.111     -1.059      0.290

 Means
    I                  1.070      0.347      3.088      0.002
    S                  0.123      0.168      0.736      0.462

 Thresholds
    VOTE1_5$1          2.498      0.337      7.404      0.000
    VOTE1_6$1          2.498      0.337      7.404      0.000
    VOTE1_7$1          2.498      0.337      7.404      0.000

 Variances
    I                  8.883      2.820      3.150      0.002
    S                  0.669      0.494      1.355      0.175

Latent Class 2 (2)

 I        |
    VOTE1_5            1.000      0.000    999.000    999.000
    VOTE1_6            1.000      0.000    999.000    999.000
    VOTE1_7            1.000      0.000    999.000    999.000

 S        |
    VOTE1_5            0.000      0.000    999.000    999.000
    VOTE1_6            1.000      0.000    999.000    999.000
    VOTE1_7            2.000      0.000    999.000    999.000

 S        WITH
    I                 -2.120      1.500     -1.413      0.158

 Means
    I                  0.000      0.000    999.000    999.000
    S                  0.123      0.168      0.736      0.462

 Thresholds
    VOTE1_5$1          2.498      0.337      7.404      0.000
    VOTE1_6$1          2.498      0.337      7.404      0.000
    VOTE1_7$1          2.498      0.337      7.404      0.000

 Variances
    I                 14.930      4.229      3.530      0.000
    S                  0.669      0.494      1.355      0.175

Categorical Latent Variables

 Means
    C#1                0.844      0.063     13.343      0.000


QUALITY OF NUMERICAL RESULTS

     Condition Number for the Information Matrix              0.932E-03
       (ratio of smallest to largest eigenvalue)


RESULTS IN PROBABILITY SCALE

                    Estimate

Latent Class 1 (1)

 VOTE1_5
    Category 1         0.660
    Category 2         0.340
 VOTE1_6
    Category 1         0.658
    Category 2         0.342
 VOTE1_7
    Category 1         0.646
    Category 2         0.354

Latent Class 2 (2)

 VOTE1_5
    Category 1         0.722
    Category 2         0.278
 VOTE1_6
    Category 1         0.734
    Category 2         0.266
 VOTE1_7
    Category 1         0.740
    Category 2         0.260


LATENT CLASS INDICATOR ODDS RATIOS FOR THE LATENT CLASSES

                                                95% C.I.
                    Estimate       S.E.  Lower 2.5% Upper 2.5%

Latent Class 1 Compared to Latent Class 2

 VOTE1_5
    Category > 1       1.000      0.000      1.000      1.000
 VOTE1_6
    Category > 1       1.000      0.000      1.000      1.000
 VOTE1_7
    Category > 1       1.000      0.000      1.000      1.000


STANDARDIZED MODEL RESULTS


STDYX Standardization

                                                    Two-Tailed
                    Estimate       S.E.  Est./S.E.    P-Value

Latent Class 1 (1)

 I        |
    VOTE1_5            0.854      0.037     23.308      0.000
    VOTE1_6            0.920      0.106      8.683      0.000
    VOTE1_7            0.936      0.183      5.128      0.000

 S        |
    VOTE1_5            0.000      0.000    999.000    999.000
    VOTE1_6            0.253      0.082      3.066      0.002
    VOTE1_7            0.514      0.169      3.039      0.002

 S        WITH
    I                 -0.483      0.326     -1.483      0.138

 Means
    I                  0.359      0.139      2.588      0.010
    S                  0.151      0.204      0.742      0.458

 Thresholds
    VOTE1_5$1          0.716      0.100      7.174      0.000
    VOTE1_6$1          0.771      0.104      7.384      0.000
    VOTE1_7$1          0.784      0.138      5.703      0.000

 Variances
    I                  1.000      0.000    999.000    999.000
    S                  1.000      0.000    999.000    999.000

Latent Class 2 (2)

 I        |
    VOTE1_5            0.905      0.023     39.101      0.000
    VOTE1_6            1.010      0.092     10.995      0.000
    VOTE1_7            1.097      0.202      5.418      0.000

 S        |
    VOTE1_5            0.000      0.000    999.000    999.000
    VOTE1_6            0.214      0.072      2.985      0.003
    VOTE1_7            0.464      0.169      2.753      0.006

 S        WITH
    I                 -0.671      0.334     -2.011      0.044

 Means
    I                  0.000      0.000    999.000    999.000
    S                  0.151      0.204      0.742      0.458

 Thresholds
    VOTE1_5$1          0.585      0.066      8.808      0.000
    VOTE1_6$1          0.653      0.069      9.432      0.000
    VOTE1_7$1          0.709      0.113      6.264      0.000

 Variances
    I                  1.000      0.000    999.000    999.000
    S                  1.000      0.000    999.000    999.000


R-SQUARE

Class 1

    Observed                                        Two-Tailed
    Variable        Estimate       S.E.  Est./S.E.    P-Value

    VOTE1_5            0.730      0.063     11.654      0.000
    VOTE1_6            0.686      0.048     14.363      0.000
    VOTE1_7            0.676      0.080      8.407      0.000

Class 2

    Observed                                        Two-Tailed
    Variable        Estimate       S.E.  Est./S.E.    P-Value

    VOTE1_5            0.819      0.042     19.551      0.000
    VOTE1_6            0.775      0.045     17.186      0.000
    VOTE1_7            0.735      0.083      8.837      0.000


     Beginning Time:  20:29:17
        Ending Time:  20:29:43
       Elapsed Time:  00:00:26



MUTHEN & MUTHEN
3463 Stoner Ave.
Los Angeles, CA  90066

Tel: (310) 391-9971
Fax: (310) 391-8971
Web: www.StatModel.com
Support: Support@StatModel.com

Copyright (c) 1998-2021 Muthen & Muthen
