Mplus VERSION 8.6
MUTHEN & MUTHEN
07/12/2021   9:32 AM

INPUT INSTRUCTIONS

  TITLE: Your title goes here

   DATA: FILE = data.dta;

   VARIABLE:

   NAMES = pidp gridmode mm hidp_5 hidp_6 hidp_7 hidp_8 hidp_9 hidp_10 indmode_5
       indmode_6 indmode_7 indmode_8 indmode_9 indmode_10 mode_type_all mode_type_no9
       mode_type_567 mode_type_7 all no9 p567 p7 switch_all switch_no9 switch_567
       switch_7 lkmove_5 xpmove_5 caruse_5 mobuse_5 netpuse_5 aidxhh_5 jbhas_5 j2has_5
       finnow_5 finfut_5 howlng_5 vote1_5 vote6_5 scsf1_5 scsf2a_5 scsf2b_5 scsf3a_5
       scsf3b_5 scsf4a_5 scsf4b_5 scsf5_5 scsf6a_5 scsf6b_5 scsf6c_5 scsf7_5 scghqa_5
       scghqb_5 scghqc_5 scghqd_5 scghqe_5 scghqf_5 scghqg_5 scghqh_5 scghqi_5
       scghqj_5 scghqk_5 scghql_5 lkmove_6 xpmove_6 caruse_6 mobuse_6 netpuse_6
       aidxhh_6 jbhas_6 j2has_6 finnow_6 finfut_6 howlng_6 vote1_6 vote6_6 scsf1_6
       scsf2a_6 scsf2b_6 scsf3a_6 scsf3b_6 scsf4a_6 scsf4b_6 scsf5_6 scsf6a_6 scsf6b_6
       scsf6c_6 scsf7_6 scghqa_6 scghqb_6 scghqc_6 scghqd_6 scghqe_6 scghqf_6 scghqg_6
       scghqh_6 scghqi_6 scghqj_6 scghqk_6 scghql_6 lkmove_7 xpmove_7 caruse_7
       mobuse_7 netpuse_7 smoker_7 aidxhh_7 jbhas_7 jbterm1_7 jbsemp_7 j2has_7
       fiyrdia_7 finnow_7 finfut_7 howlng_7 vote1_7 vote6_7 scsf2a_7 scsf2b_7 scsf3a_7
       scsf3b_7 scsf4a_7 scsf4b_7 scsf5_7 scsf6a_7 scsf6b_7 scsf6c_7 scsf7_7 scghqa_7
       scghqb_7 scghqc_7 scghqd_7 scghqe_7 scghqf_7 scghqg_7 scghqh_7 scghqi_7
       scghqj_7 scghqk_7 scghql_7 scsf1_7 lkmove_8 xpmove_8 caruse_8 mobuse_8
       netpuse_8 smoker_8 aidxhh_8 jbhas_8 jbterm1_8 jbsemp_8 j2has_8 fiyrdia_8
       finnow_8 finfut_8 scsf2a_8 scsf2b_8 scsf3a_8 scsf3b_8 scsf4a_8 scsf4b_8 scsf5_8
       scsf6a_8 scsf6b_8 scsf6c_8 scsf7_8 scghqa_8 scghqb_8 scghqc_8 scghqd_8 scghqe_8
       scghqf_8 scghqg_8 scghqh_8 scghqi_8 scghqj_8 scghqk_8 scghql_8 scsf1_8 mobuse_9
       netpuse_9 smoker_9 jbhas_9 jbterm1_9 jbsemp_9 j2has_9 fiyrdia_9 finnow_9
       finfut_9 lkmove_10 xpmove_10 mobuse_10 netpuse_10 smoker_10 aidxhh_10 jbhas_10
       jbterm1_10 jbsemp_10 j2has_10 fiyrdia_10 finnow_10 finfut_10 scsf1_10 scsf2a_10
       scsf2b_10 scsf3a_10 scsf3b_10 scsf4a_10 scsf4b_10 scsf5_10 scsf6a_10 scsf6b_10
       scsf6c_10 scsf7_10 scghqa_10 scghqb_10 scghqc_10 scghqd_10 scghqe_10 scghqf_10
       scghqg_10 scghqh_10 scghqi_10 scghqj_10 scghqk_10 scghql_10 edu agecat female
       partner sf1 longill london north urban refresh Higher A level GCSE Other age_35
       age_55 age_75 age_102 pred_all pred_no9 pred_p567 pred_p7 pred_all_w pred_no9_w
       pred_p567_w pred_p7_w;

   MISSING=.;

   USEVARIABLES ARE
   howlng_5
   howlng_6
   howlng_7;
   CLASSES = c(2);

    KNOWNCLASS = c(p567= 1 2);
  WEIGHT IS pred_p567_w;

   ANALYSIS:


      TYPE = MIXTURE;

      ESTIMATOR = MLR;

      ALGORITHM = INTEGRATION;

      Processors = 8(starts);

      STARTS = 800 200;

   Model:


      %OVERALL%

  i s | howlng_5@0 howlng_6@1 howlng_7@2;;

  howlng_5 (a);
   howlng_6 (a);
   howlng_7 (a);

   %c#1%
  [s] (a);
   s (b);
   s WITH i (c);
   i (d);

   %c#2%
  [s] (a);
   s (b);
   s WITH i (c);
   i (d);

   OUTPUT: SAMPSTAT;

                                  STDYX;




*** WARNING
  One or more observations has a value of 0 for the WEIGHT variable.
*** WARNING
  Data set contains unknown or missing values for variable P567.
  This variable is used to determine the KNOWNCLASS specification.
  Number of such cases:  529
*** WARNING
  Data set contains cases with missing on all variables.
  These cases were not included in the analysis.
  Number of cases with missing on all variables:  13
   3 WARNING(S) FOUND IN THE INPUT INSTRUCTIONS



Your title goes here

SUMMARY OF ANALYSIS

Number of groups                                                 1
Number of observations                                        1515

Number of dependent variables                                    3
Number of independent variables                                  0
Number of continuous latent variables                            2
Number of categorical latent variables                           1

Observed dependent variables

  Continuous
   HOWLNG_5    HOWLNG_6    HOWLNG_7

Continuous latent variables
   I           S

Categorical latent variables
   C

  Knownclass            C

Variables with special functions

  Weight variable       PRED_P56

Estimator                                                      MLR
Information matrix                                        OBSERVED
Optimization Specifications for the Quasi-Newton Algorithm for
Continuous Outcomes
  Maximum number of iterations                                 100
  Convergence criterion                                  0.100D-05
Optimization Specifications for the EM Algorithm
  Maximum number of iterations                                 500
  Convergence criteria
    Loglikelihood change                                 0.100D-02
    Relative loglikelihood change                        0.100D-05
    Derivative                                           0.100D-02
Optimization Specifications for the M step of the EM Algorithm for
Categorical Latent variables
  Number of M step iterations                                    1
  M step convergence criterion                           0.100D-02
  Basis for M step termination                           ITERATION
Optimization Specifications for the M step of the EM Algorithm for
Censored, Binary or Ordered Categorical (Ordinal), Unordered
Categorical (Nominal) and Count Outcomes
  Number of M step iterations                                    1
  M step convergence criterion                           0.100D-02
  Basis for M step termination                           ITERATION
  Maximum value for logit thresholds                            15
  Minimum value for logit thresholds                           -15
  Minimum expected cell size for chi-square              0.100D-01
Maximum number of iterations for H1                           2000
Convergence criterion for H1                             0.100D-03
Optimization algorithm                                         EMA
Integration Specifications
  Type                                                    STANDARD
  Number of integration points                                  15
  Dimensions of numerical integration                            0
  Adaptive quadrature                                           ON
Random Starts Specifications
  Number of initial stage random starts                        800
  Number of final stage optimizations                          200
  Number of initial stage iterations                            10
  Initial stage convergence criterion                    0.100D+01
  Random starts scale                                    0.500D+01
  Random seed for generating random starts                       0
Cholesky                                                       OFF

Input data file(s)
  data.dta
Input data format  FREE


SUMMARY OF DATA

     Number of missing data patterns             7
     Number of y missing data patterns           7
     Number of u missing data patterns           0


COVARIANCE COVERAGE OF DATA

Minimum covariance coverage value   0.100


     PROPORTION OF DATA PRESENT FOR Y


           Covariance Coverage
              HOWLNG_5      HOWLNG_6      HOWLNG_7
              ________      ________      ________
 HOWLNG_5       0.651
 HOWLNG_6       0.541         0.641
 HOWLNG_7       0.450         0.482         0.758


SAMPLE STATISTICS


     ESTIMATED SAMPLE STATISTICS FOR CLASS 1


           Means
              HOWLNG_5      HOWLNG_6      HOWLNG_7
              ________      ________      ________
               11.665        11.033        10.141


           Covariances
              HOWLNG_5      HOWLNG_6      HOWLNG_7
              ________      ________      ________
 HOWLNG_5     131.984
 HOWLNG_6      79.705       101.077
 HOWLNG_7      63.761        63.672        89.187


           Correlations
              HOWLNG_5      HOWLNG_6      HOWLNG_7
              ________      ________      ________
 HOWLNG_5       1.000
 HOWLNG_6       0.690         1.000
 HOWLNG_7       0.588         0.671         1.000


     ESTIMATED SAMPLE STATISTICS FOR CLASS 2


           Means
              HOWLNG_5      HOWLNG_6      HOWLNG_7
              ________      ________      ________
               10.621        11.485         9.873


           Covariances
              HOWLNG_5      HOWLNG_6      HOWLNG_7
              ________      ________      ________
 HOWLNG_5      80.769
 HOWLNG_6      56.364       120.838
 HOWLNG_7      52.534        54.471        86.655


           Correlations
              HOWLNG_5      HOWLNG_6      HOWLNG_7
              ________      ________      ________
 HOWLNG_5       1.000
 HOWLNG_6       0.571         1.000
 HOWLNG_7       0.628         0.532         1.000


UNIVARIATE SAMPLE STATISTICS


     UNIVARIATE HIGHER-ORDER MOMENT DESCRIPTIVE STATISTICS

         Variable/         Mean/     Skewness/   Minimum/ % with                Percentiles
        Sample Size      Variance    Kurtosis    Maximum  Min/Max      20%/60%    40%/80%    Median

     HOWLNG_5             11.550       2.350       0.000    6.49%       3.000      7.000     10.000
             986.000     116.477      10.599     105.000    0.10%      12.000     18.000
     HOWLNG_6             11.414       2.306       0.000    5.87%       3.000      6.000     10.000
             971.000     109.396      12.997     120.000    0.10%      10.000     20.000
     HOWLNG_7             10.123       2.521       0.000    6.70%       3.000      6.000      7.000
            1149.000      89.070      13.446     100.000    0.09%      10.000     15.000

RANDOM STARTS RESULTS RANKED FROM THE BEST TO THE WORST LOGLIKELIHOOD VALUES

Final stage loglikelihood values at local maxima, seeds, and initial stage start numbers:

          -15381.036  931874           141
          -15381.036  871438           561
          -15381.036  626087           314
          -15381.036  252949           487
          -15381.036  278661           674
          -15381.036  937588           293
          -15381.036  569338           755
          -15381.036  107446           12
          -15381.036  967902           52
          -15381.036  366706           29
          -15381.036  405079           68
          -15381.036  459221           652
          -15381.036  609185           181
          -15381.036  926797           406
          -15381.036  371737           532
          -15381.036  291149           536
          -15381.036  435287           623
          -15381.036  153394           429
          -15381.036  76451            211
          -15381.036  341041           34
          -15381.036  926283           269
          -15381.036  231281           542
          -15381.036  626891           32
          -15381.036  549244           756
          -15381.036  484406           421
          -15381.036  193569           440
          -15381.036  177936           726
          -15381.036  327475           518
          -15381.036  738393           619
          -15381.036  12477            155
          -15381.036  609089           241
          -15381.036  754100           56
          -15381.036  350608           334
          -15381.036  273992           349
          -15381.036  851945           18
          -15381.036  568859           49
          -15381.036  972430           491
          -15381.036  109946           771
          -15381.036  479273           156
          -15381.036  582296           452
          -15381.036  887580           493
          -15381.036  22075            659
          -15381.036  371246           101
          -15381.036  704798           530
          -15381.036  958107           790
          -15381.036  518828           432
          -15381.036  158612           581
          -15381.036  399671           13
          -15381.036  14262            781
          -15381.036  124999           96
          -15381.036  182524           373
          -15381.036  373505           88
          -15381.036  432148           30
          -15381.036  341519           653
          -15381.036  824956           607
          -15381.036  251680           794
          -15381.036  57226            208
          -15381.036  471398           74
          -15381.036  531546           702
          -15381.036  961454           665
          -15381.036  903369           134
          -15381.036  856612           700
          -15381.036  588923           606
          -15381.036  913639           162
          -15381.036  910224           580
          -15381.036  610181           711
          -15381.036  168762           200
          -15381.036  195353           225
          -15381.036  978781           497
          -15381.036  215353           164
          -15381.036  579995           183
          -15381.036  667250           318
          -15381.036  118438           601
          -15381.036  276102           599
          -15381.036  514326           325
          -15381.036  992389           77
          -15381.036  926762           704
          -15381.036  520865           763
          -15381.036  677720           681
          -15381.036  251641           784
          -15381.036  802682           419
          -15381.036  544048           87
          -15381.036  765392           382
          -15381.036  442072           625
          -15381.036  416250           390
          -15381.036  798839           312
          -15381.036  370466           41
          -15381.036  821011           161
          -15381.036  351622           551
          -15381.036  331681           549
          -15381.036  138695           783
          -15381.036  907810           795
          -15381.036  399508           415
          -15381.036  898745           466
          -15381.036  117391           710
          -15381.036  232559           136
          -15381.036  985387           381
          -15381.036  595619           779
          -15381.036  783102           433
          -15381.036  399848           220
          -15381.036  441191           361
          -15381.036  220454           288
          -15381.036  570782           193
          -15381.036  830529           279
          -15381.036  173191           422
          -15381.036  335485           496
          -15381.036  551639           55
          -15381.036  802779           122
          -15381.036  659773           663
          -15381.036  281462           285
          -15381.036  246261           38
          -15381.036  157351           579
          -15381.036  204959           695
          -15381.036  626208           698
          -15381.036  534483           290
          -15381.036  965994           396
          -15381.036  760850           739
          -15381.036  662718           460
          -15381.036  971853           402
          -15381.036  859432           770
          -15381.036  227563           63
          -15381.036  641794           591
          -15381.036  313306           612
          -15381.036  569131           26
          -15381.036  312587           775
          -15381.036  939870           655
          -15381.036  596257           405
          -15381.036  512836           289
          -15381.036  440841           118
          -15381.036  268217           83
          -15381.036  76337            76
          -15381.036  253358           2
          -15381.036  595153           230
          -15381.036  246575           291
          -15381.036  474357           789
          -15381.036  875667           367
          -15381.036  437181           135
          -15381.036  636396           168
          -15381.036  646573           741
          -15381.036  137305           379
          -15381.036  283492           435
          -15381.036  618000           190
          -15381.036  55115            408
          -15381.036  315029           471
          -15381.036  117731           570
          -15381.036  802256           477
          -15381.036  860102           495
          -15381.036  822698           621
          -15381.036  752769           253
          -15381.036  763285           620
          -15381.036  81117            305
          -15381.036  881886           608
          -15381.036  185071           370
          -15381.036  212934           568
          -15381.036  29591            633
          -15381.036  794236           127
          -15381.036  547702           767
          -15381.036  404426           344
          -15381.036  15715            274
          -15381.036  264935           281
          -15381.036  686384           690
          -15381.036  848331           137
          -15381.036  621542           375
          -15381.036  512403           719
          -15381.036  499150           216
          -15381.036  724519           333
          -15381.036  996231           310
          -15381.036  638611           524
          -15381.036  657994           788
          -15381.036  30098            209
          -15381.036  301180           236
          -15381.036  891347           504
          -15381.036  654136           167
          -15381.036  206099           363
          -15381.036  876943           650
          -15381.036  314034           513
          -15381.036  252346           528
          -15381.036  669634           335
          -15381.036  464179           106
          -15381.036  165853           105
          -15381.036  248742           556
          -15381.036  342019           301
          -15381.036  434915           552
          -15381.036  644297           340
          -15381.036  933578           506
          -15381.036  714997           399
          -15381.036  377504           294
          -15381.036  805935           615
          -15381.036  349263           263
          -15381.036  793487           595
          -15381.036  170118           238
          -15381.036  791396           243
          -15381.036  685268           596
          -15381.036  939709           112
          -15381.036  21345            199
          -15381.036  700349           401
          -15381.036  294669           501
          -15381.036  36714            201
          -15381.036  964570           701

Unperturbed starting value run did not converge or was rejected in the third stage.



THE BEST LOGLIKELIHOOD VALUE HAS BEEN REPLICATED.  RERUN WITH AT LEAST TWICE THE
RANDOM STARTS TO CHECK THAT THE BEST LOGLIKELIHOOD IS STILL OBTAINED AND REPLICATED.


THE MODEL ESTIMATION TERMINATED NORMALLY



MODEL FIT INFORMATION

Number of Free Parameters                        7

Loglikelihood

          H0 Value                      -15381.036
          H0 Scaling Correction Factor     15.7736
            for MLR

Information Criteria

          Akaike (AIC)                   30776.073
          Bayesian (BIC)                 30813.335
          Sample-Size Adjusted BIC       30791.098
            (n* = (n + 2) / 24)



FINAL CLASS COUNTS AND PROPORTIONS FOR THE LATENT CLASSES
BASED ON THE ESTIMATED MODEL

    Latent
   Classes

       1       1064.00000          0.70231
       2        451.00000          0.29769


MODEL RESULTS

                                                    Two-Tailed
                    Estimate       S.E.  Est./S.E.    P-Value

Latent Class 1 (1)

 I        |
    HOWLNG_5           1.000      0.000    999.000    999.000
    HOWLNG_6           1.000      0.000    999.000    999.000
    HOWLNG_7           1.000      0.000    999.000    999.000

 S        |
    HOWLNG_5           0.000      0.000    999.000    999.000
    HOWLNG_6           1.000      0.000    999.000    999.000
    HOWLNG_7           2.000      0.000    999.000    999.000

 S        WITH
    I               -140.055     50.833     -2.755      0.006

 Means
    I                  1.545      2.475      0.624      0.532
    S                 10.904      2.345      4.650      0.000

 Intercepts
    HOWLNG_5           0.000      0.000    999.000    999.000
    HOWLNG_6           0.000      0.000    999.000    999.000
    HOWLNG_7           0.000      0.000    999.000    999.000

 Variances
    I                209.367     57.379      3.649      0.000
    S                152.737     51.408      2.971      0.003

 Residual Variances
    HOWLNG_5          10.904      2.345      4.650      0.000
    HOWLNG_6          10.904      2.345      4.650      0.000
    HOWLNG_7          10.904      2.345      4.650      0.000

Latent Class 2 (2)

 I        |
    HOWLNG_5           1.000      0.000    999.000    999.000
    HOWLNG_6           1.000      0.000    999.000    999.000
    HOWLNG_7           1.000      0.000    999.000    999.000

 S        |
    HOWLNG_5           0.000      0.000    999.000    999.000
    HOWLNG_6           1.000      0.000    999.000    999.000
    HOWLNG_7           2.000      0.000    999.000    999.000

 S        WITH
    I               -140.055     50.833     -2.755      0.006

 Means
    I                  0.998      2.437      0.409      0.682
    S                 10.904      2.345      4.650      0.000

 Intercepts
    HOWLNG_5           0.000      0.000    999.000    999.000
    HOWLNG_6           0.000      0.000    999.000    999.000
    HOWLNG_7           0.000      0.000    999.000    999.000

 Variances
    I                209.367     57.379      3.649      0.000
    S                152.737     51.408      2.971      0.003

 Residual Variances
    HOWLNG_5          10.904      2.345      4.650      0.000
    HOWLNG_6          10.904      2.345      4.650      0.000
    HOWLNG_7          10.904      2.345      4.650      0.000

Categorical Latent Variables

 Means
    C#1                0.858      0.063     13.537      0.000


QUALITY OF NUMERICAL RESULTS

     Condition Number for the Information Matrix              0.781E-04
       (ratio of smallest to largest eigenvalue)


STANDARDIZED MODEL RESULTS


STDYX Standardization

                                                    Two-Tailed
                    Estimate       S.E.  Est./S.E.    P-Value

Latent Class 1 (1)

 I        |
    HOWLNG_5           0.975      0.005    202.876      0.000
    HOWLNG_6           1.501      0.220      6.822      0.000
    HOWLNG_7           0.879      0.162      5.431      0.000

 S        |
    HOWLNG_5           0.000      0.000    999.000    999.000
    HOWLNG_6           1.282      0.198      6.492      0.000
    HOWLNG_7           1.501      0.155      9.718      0.000

 S        WITH
    I                 -0.783      0.070    -11.196      0.000

 Means
    I                  0.107      0.185      0.577      0.564
    S                  0.882      0.046     19.391      0.000

 Intercepts
    HOWLNG_5           0.000      0.000    999.000    999.000
    HOWLNG_6           0.000      0.000    999.000    999.000
    HOWLNG_7           0.000      0.000    999.000    999.000

 Variances
    I                  1.000      0.000    999.000    999.000
    S                  1.000      0.000    999.000    999.000

 Residual Variances
    HOWLNG_5           0.050      0.009      5.283      0.000
    HOWLNG_6           0.117      0.023      5.079      0.000
    HOWLNG_7           0.040      0.007      5.556      0.000

Latent Class 2 (2)

 I        |
    HOWLNG_5           0.975      0.005    202.876      0.000
    HOWLNG_6           1.501      0.220      6.822      0.000
    HOWLNG_7           0.879      0.162      5.431      0.000

 S        |
    HOWLNG_5           0.000      0.000    999.000    999.000
    HOWLNG_6           1.282      0.198      6.492      0.000
    HOWLNG_7           1.501      0.155      9.718      0.000

 S        WITH
    I                 -0.783      0.070    -11.196      0.000

 Means
    I                  0.069      0.177      0.389      0.698
    S                  0.882      0.046     19.391      0.000

 Intercepts
    HOWLNG_5           0.000      0.000    999.000    999.000
    HOWLNG_6           0.000      0.000    999.000    999.000
    HOWLNG_7           0.000      0.000    999.000    999.000

 Variances
    I                  1.000      0.000    999.000    999.000
    S                  1.000      0.000    999.000    999.000

 Residual Variances
    HOWLNG_5           0.050      0.009      5.283      0.000
    HOWLNG_6           0.117      0.023      5.079      0.000
    HOWLNG_7           0.040      0.007      5.556      0.000


R-SQUARE

Class 1

    Observed                                        Two-Tailed
    Variable        Estimate       S.E.  Est./S.E.    P-Value

    HOWLNG_5           0.950      0.009    101.438      0.000
    HOWLNG_6           0.883      0.023     38.191      0.000
    HOWLNG_7           0.960      0.007    132.512      0.000

Class 2

    Observed                                        Two-Tailed
    Variable        Estimate       S.E.  Est./S.E.    P-Value

    HOWLNG_5           0.950      0.009    101.438      0.000
    HOWLNG_6           0.883      0.023     38.191      0.000
    HOWLNG_7           0.960      0.007    132.512      0.000


     Beginning Time:  09:32:15
        Ending Time:  09:32:21
       Elapsed Time:  00:00:06



MUTHEN & MUTHEN
3463 Stoner Ave.
Los Angeles, CA  90066

Tel: (310) 391-9971
Fax: (310) 391-8971
Web: www.StatModel.com
Support: Support@StatModel.com

Copyright (c) 1998-2021 Muthen & Muthen
