Mplus VERSION 8.6
MUTHEN & MUTHEN
07/12/2021   5:05 PM

INPUT INSTRUCTIONS

  TITLE: Your title goes here

   DATA: FILE = data.dta;

   VARIABLE:

   NAMES = pidp gridmode mm hidp_5 hidp_6 hidp_7 hidp_8 hidp_9 hidp_10 indmode_5
       indmode_6 indmode_7 indmode_8 indmode_9 indmode_10 mode_type_all mode_type_no9
       mode_type_567 mode_type_7 all no9 p567 p7 switch_all switch_no9 switch_567
       switch_7 lkmove_5 xpmove_5 caruse_5 mobuse_5 netpuse_5 aidxhh_5 jbhas_5 j2has_5
       finnow_5 finfut_5 howlng_5 vote1_5 vote6_5 scsf1_5 scsf2a_5 scsf2b_5 scsf3a_5
       scsf3b_5 scsf4a_5 scsf4b_5 scsf5_5 scsf6a_5 scsf6b_5 scsf6c_5 scsf7_5 scghqa_5
       scghqb_5 scghqc_5 scghqd_5 scghqe_5 scghqf_5 scghqg_5 scghqh_5 scghqi_5
       scghqj_5 scghqk_5 scghql_5 lkmove_6 xpmove_6 caruse_6 mobuse_6 netpuse_6
       aidxhh_6 jbhas_6 j2has_6 finnow_6 finfut_6 howlng_6 vote1_6 vote6_6 scsf1_6
       scsf2a_6 scsf2b_6 scsf3a_6 scsf3b_6 scsf4a_6 scsf4b_6 scsf5_6 scsf6a_6 scsf6b_6
       scsf6c_6 scsf7_6 scghqa_6 scghqb_6 scghqc_6 scghqd_6 scghqe_6 scghqf_6 scghqg_6
       scghqh_6 scghqi_6 scghqj_6 scghqk_6 scghql_6 lkmove_7 xpmove_7 caruse_7
       mobuse_7 netpuse_7 smoker_7 aidxhh_7 jbhas_7 jbterm1_7 jbsemp_7 j2has_7
       fiyrdia_7 finnow_7 finfut_7 howlng_7 vote1_7 vote6_7 scsf2a_7 scsf2b_7 scsf3a_7
       scsf3b_7 scsf4a_7 scsf4b_7 scsf5_7 scsf6a_7 scsf6b_7 scsf6c_7 scsf7_7 scghqa_7
       scghqb_7 scghqc_7 scghqd_7 scghqe_7 scghqf_7 scghqg_7 scghqh_7 scghqi_7
       scghqj_7 scghqk_7 scghql_7 scsf1_7 lkmove_8 xpmove_8 caruse_8 mobuse_8
       netpuse_8 smoker_8 aidxhh_8 jbhas_8 jbterm1_8 jbsemp_8 j2has_8 fiyrdia_8
       finnow_8 finfut_8 scsf2a_8 scsf2b_8 scsf3a_8 scsf3b_8 scsf4a_8 scsf4b_8 scsf5_8
       scsf6a_8 scsf6b_8 scsf6c_8 scsf7_8 scghqa_8 scghqb_8 scghqc_8 scghqd_8 scghqe_8
       scghqf_8 scghqg_8 scghqh_8 scghqi_8 scghqj_8 scghqk_8 scghql_8 scsf1_8 mobuse_9
       netpuse_9 smoker_9 jbhas_9 jbterm1_9 jbsemp_9 j2has_9 fiyrdia_9 finnow_9
       finfut_9 lkmove_10 xpmove_10 mobuse_10 netpuse_10 smoker_10 aidxhh_10 jbhas_10
       jbterm1_10 jbsemp_10 j2has_10 fiyrdia_10 finnow_10 finfut_10 scsf1_10 scsf2a_10
       scsf2b_10 scsf3a_10 scsf3b_10 scsf4a_10 scsf4b_10 scsf5_10 scsf6a_10 scsf6b_10
       scsf6c_10 scsf7_10 scghqa_10 scghqb_10 scghqc_10 scghqd_10 scghqe_10 scghqf_10
       scghqg_10 scghqh_10 scghqi_10 scghqj_10 scghqk_10 scghql_10 edu agecat female
       partner sf1 longill london north urban refresh Higher A level GCSE Other age_35
       age_55 age_75 age_102 pred_all pred_no9 pred_p567 pred_p7 pred_all_w pred_no9_w
       pred_p567_w pred_p7_w;

   MISSING=.;

   USEVARIABLES ARE
   scghqi_5
   scghqi_6
   scghqi_7
   scghqi_8
   scghqi_10;

   CATEGORICAL ARE
   scghqi_5
   scghqi_6
   scghqi_7
   scghqi_8
   scghqi_10;
   CLASSES = c(2);

    KNOWNCLASS = c(mm= 1 2);

   ANALYSIS:


      TYPE = MIXTURE;

      ESTIMATOR = MLR;

      ALGORITHM = INTEGRATION;

      Processors = 8(starts);

      STARTS = 800 200;

   Model:


      %OVERALL%

  i s | scghqi_5@0 scghqi_6@1 scghqi_7@2 scghqi_8@3 scghqi_10@5;
   %c#1%
  [s] (a); s ;
   s WITH i ;
   i ;


   %c#2%
  [s] (a); s ;
   s WITH i ;
   i ;


   OUTPUT: SAMPSTAT;

                                  STDYX;




*** WARNING in VARIABLE command
  Note that only the first 8 characters of variable names are used in the output.
  Shorten variable names to avoid any confusion.
*** WARNING
  Data set contains unknown or missing values for variable MM.
  This variable is used to determine the KNOWNCLASS specification.
  Number of such cases:  458
*** WARNING
  Data set contains cases with missing on all variables.
  These cases were not included in the analysis.
  Number of cases with missing on all variables:  165
   3 WARNING(S) FOUND IN THE INPUT INSTRUCTIONS



Your title goes here

SUMMARY OF ANALYSIS

Number of groups                                                 1
Number of observations                                        1434

Number of dependent variables                                    5
Number of independent variables                                  0
Number of continuous latent variables                            2
Number of categorical latent variables                           1

Observed dependent variables

  Binary and ordered categorical (ordinal)
   SCGHQI_5    SCGHQI_6    SCGHQI_7    SCGHQI_8    SCGHQI_1

Continuous latent variables
   I           S

Categorical latent variables
   C

  Knownclass            C


Estimator                                                      MLR
Information matrix                                        OBSERVED
Optimization Specifications for the Quasi-Newton Algorithm for
Continuous Outcomes
  Maximum number of iterations                                 100
  Convergence criterion                                  0.100D-05
Optimization Specifications for the EM Algorithm
  Maximum number of iterations                                 500
  Convergence criteria
    Loglikelihood change                                 0.100D-02
    Relative loglikelihood change                        0.100D-05
    Derivative                                           0.100D-02
Optimization Specifications for the M step of the EM Algorithm for
Categorical Latent variables
  Number of M step iterations                                    1
  M step convergence criterion                           0.100D-02
  Basis for M step termination                           ITERATION
Optimization Specifications for the M step of the EM Algorithm for
Censored, Binary or Ordered Categorical (Ordinal), Unordered
Categorical (Nominal) and Count Outcomes
  Number of M step iterations                                    1
  M step convergence criterion                           0.100D-02
  Basis for M step termination                           ITERATION
  Maximum value for logit thresholds                            15
  Minimum value for logit thresholds                           -15
  Minimum expected cell size for chi-square              0.100D-01
Maximum number of iterations for H1                           2000
Convergence criterion for H1                             0.100D-03
Optimization algorithm                                         EMA
Integration Specifications
  Type                                                    STANDARD
  Number of integration points                                  15
  Dimensions of numerical integration                            2
  Adaptive quadrature                                           ON
Random Starts Specifications
  Number of initial stage random starts                        800
  Number of final stage optimizations                          200
  Number of initial stage iterations                            10
  Initial stage convergence criterion                    0.100D+01
  Random starts scale                                    0.500D+01
  Random seed for generating random starts                       0
Link                                                         LOGIT
Cholesky                                                        ON

Input data file(s)
  data.dta
Input data format  FREE


SUMMARY OF DATA

     Number of missing data patterns            31
     Number of y missing data patterns           0
     Number of u missing data patterns          31


COVARIANCE COVERAGE OF DATA

Minimum covariance coverage value   0.100


     PROPORTION OF DATA PRESENT FOR U


           Covariance Coverage
              SCGHQI_5      SCGHQI_6      SCGHQI_7      SCGHQI_8      SCGHQI_1
              ________      ________      ________      ________      ________
 SCGHQI_5       0.497
 SCGHQI_6       0.377         0.589
 SCGHQI_7       0.341         0.436         0.647
 SCGHQI_8       0.324         0.420         0.503         0.635
 SCGHQI_1       0.288         0.370         0.433         0.478         0.585


UNIVARIATE PROPORTIONS AND COUNTS FOR CATEGORICAL VARIABLES

    SCGHQI_5
      Category 1    0.365          260.000
      Category 2    0.443          316.000
      Category 3    0.151          108.000
      Category 4    0.041           29.000
    SCGHQI_6
      Category 1    0.346          292.000
      Category 2    0.431          364.000
      Category 3    0.197          166.000
      Category 4    0.026           22.000
    SCGHQI_7
      Category 1    0.408          379.000
      Category 2    0.438          406.000
      Category 3    0.120          111.000
      Category 4    0.034           32.000
    SCGHQI_8
      Category 1    0.421          383.000
      Category 2    0.410          373.000
      Category 3    0.138          126.000
      Category 4    0.031           28.000
    SCGHQI_1
      Category 1    0.368          309.000
      Category 2    0.437          367.000
      Category 3    0.143          120.000
      Category 4    0.051           43.000


SAMPLE STATISTICS

RANDOM STARTS RESULTS RANKED FROM THE BEST TO THE WORST LOGLIKELIHOOD VALUES

Final stage loglikelihood values at local maxima, seeds, and initial stage start numbers:

           -5370.355  710445           792
           -5370.355  67009            564
           -5370.355  772131           407
           -5370.355  120506           45
           -5370.355  313306           612
           -5370.355  204959           695
           -5370.355  829540           324
           -5370.355  267983           228
           -5370.355  514326           325
           -5370.355  345974           622
           -5370.355  888905           444
           -5370.355  741484           441
           -5370.355  91231            727
           -5370.355  686482           215
           -5370.355  435287           623
           -5370.355  910224           580
           -5370.355  25127            107
           -5370.355  840031           276
           -5370.355  539389           544
           -5370.355  1548             384
           -5370.356  483369           270
           -5370.356  35191            703
           -5370.356  552272           654
           -5370.356  392418           28
           -5370.356  307843           664
           -5370.356  79945            395
           -5370.356  741888           138
           -5370.356  140442           500
           -5370.356  59674            240
           -5370.356  284716           713
           -5370.356  425982           485
           -5370.356  606576           151
           -5370.356  569338           755
           -5370.356  849670           347
           -5370.356  641794           591
           -5370.356  879211           453
           -5370.356  616917           261
           -5370.356  68985            17
           -5370.356  46502            714
           -5370.356  602797           336
           -5370.356  355254           796
           -5370.356  12477            155
           -5370.356  939870           655
           -5370.356  646573           741
           -5370.356  519357           559
           -5370.356  399380           436
           -5370.356  22089            143
           -5370.356  85114            385
           -5370.356  14262            781
           -5370.356  137377           397
           -5370.356  106561           686
           -5370.356  794236           127
           -5370.356  467339           66
           -5370.356  887580           493
           -5370.356  565819           65
           -5370.356  960438           116
           -5370.356  913639           162
           -5370.356  855760           593
           -5370.356  278661           674
           -5370.356  971853           402
           -5370.356  642386           662
           -5370.356  871438           561
           -5370.356  392407           221
           -5370.356  821011           161
           -5370.356  372176           23
           -5370.356  488125           368
           -5370.356  580181           691
           -5370.356  509733           130
           -5370.356  488581           688
           -5370.356  188498           258
           -5370.356  266008           656
           -5370.356  637345           19
           -5370.356  62835            642
           -5370.356  728038           177
           -5370.356  456213           160
           -5370.356  801717           364
           -5370.356  765392           382
           -5370.356  625191           350
           -5370.356  153942           31
           -5370.356  188640           451
           -5370.356  359578           458
           -5370.356  166851           638
           -5370.356  685268           596
           -5370.356  79212            517
           -5370.356  804660           260
           -5370.356  84013            598
           -5370.356  617243           237
           -5370.356  838615           677
           -5370.356  696773           80
           -5370.356  824126           287
           -5370.356  797594           234
           -5370.356  348637           749
           -5370.356  570908           98
           -5370.356  793487           595
           -5370.356  903633           553
           -5370.356  4091             548
           -5370.356  650354           577
           -5370.356  391949           295
           -5370.356  926797           406
           -5370.356  802682           419
           -5370.356  284109           82
           -5370.356  505244           582
           -5370.356  350608           334
           -5370.356  850840           232
           -5370.356  640833           434
           -5370.356  414284           158
           -5370.356  318230           46
           -5370.356  260601           36
           -5370.356  478421           311
           -5370.356  666720           671
           -5370.356  137305           379
           -5370.356  175199           247
           -5370.356  610181           711
           -5370.356  931874           141
           -5370.356  77210            712
           -5370.356  547702           767
           -5370.356  654136           167
           -5370.356  252949           487
           -5370.356  856612           700
           -5370.356  146900           391
           -5370.356  726035           191
           -5370.356  781489           627
           -5370.356  607072           717
           -5370.356  393232           152
           -5370.356  unperturbed      0
           -5370.356  276102           599
           -5370.356  342019           301
           -5370.356  315029           471
           -5370.356  275475           413
           -5370.356  415931           10
           -5370.356  529455           268
           -5370.356  879338           309
           -5370.356  17896            592
           -5370.356  76451            211
           -5370.356  70118            104
           -5370.356  476393           705
           -5370.356  354208           196
           -5370.356  345070           114
           -5370.356  942358           644
           -5370.356  404510           442
           -5370.356  647617           725
           -5370.356  341519           653
           -5370.356  422103           62
           -5370.356  939021           8
           -5370.356  862607           468
           -5370.356  320494           465
           -5370.356  499150           216
           -5370.356  212934           568
           -5370.356  926762           704
           -5370.356  88437            761
           -5370.356  231281           542
           -5370.356  609185           181
           -5370.356  227563           63
           -5370.356  340112           126
           -5370.356  177936           726
           -5370.356  992389           77
           -5370.356  486646           586
           -5370.356  343926           624
           -5370.356  830392           35
           -5370.356  49293            707
           -5370.356  512836           289
           -5370.356  462821           745
           -5370.356  512403           719
           -5370.356  967237           48
           -5370.356  670281           721
           -5370.356  491970           563
           -5370.356  878749           728
           -5370.356  715255           523
           -5370.356  926283           269
           -5370.356  259507           53
           -5370.356  97300            640
           -5370.356  69413            472
           -5370.356  970689           266
           -5370.356  635245           121
           -5370.356  605358           321
           -5370.356  860772           174
           -5370.356  863094           147
           -5370.356  322790           636
           -5370.356  626208           698
           -5370.356  638611           524
           -5370.356  153053           378
           -5370.356  971693           470
           -5370.356  801065           393
           -5370.356  783110           72
           -5370.356  897782           545
           -5370.356  846194           93
           -5370.356  754100           56
           -5370.356  775881           778
           -5370.361  182524           373
           -5370.361  582296           452
           -5370.363  836066           372
           -5370.364  273992           349
           -5370.368  520177           262
           -5370.369  387701           275
           -5370.369  291149           536
           -5370.374  50887            389
           -5370.376  301180           236
           -5370.738  922042           492
           -5370.754  181293           212
           -5370.763  238906           430



THE BEST LOGLIKELIHOOD VALUE HAS BEEN REPLICATED.  RERUN WITH AT LEAST TWICE THE
RANDOM STARTS TO CHECK THAT THE BEST LOGLIKELIHOOD IS STILL OBTAINED AND REPLICATED.


THE MODEL ESTIMATION TERMINATED NORMALLY



MODEL FIT INFORMATION

Number of Free Parameters                       12

Loglikelihood

          H0 Value                       -5370.355
          H0 Scaling Correction Factor      1.0827
            for MLR

Information Criteria

          Akaike (AIC)                   10764.711
          Bayesian (BIC)                 10827.930
          Sample-Size Adjusted BIC       10789.810
            (n* = (n + 2) / 24)

Chi-Square Test of Model Fit for the Binary and Ordered Categorical
(Ordinal) Outcomes**

          Pearson Chi-Square

          Value                           2353.876
          Degrees of Freedom                  2027
          P-Value                           0.0000

          Likelihood Ratio Chi-Square

          Value                            685.897
          Degrees of Freedom                  2027
          P-Value                           1.0000

** Of the 3124 cells in the latent class indicator table, 4
   were deleted in the calculation of chi-square due to extreme values.

Chi-Square Test for MCAR under the Unrestricted Latent Class Indicator Model

          Pearson Chi-Square

          Value                           1534.901
          Degrees of Freedom                  4139
          P-Value                           1.0000

          Likelihood Ratio Chi-Square

          Value                           1147.046
          Degrees of Freedom                  4139
          P-Value                           1.0000



FINAL CLASS COUNTS AND PROPORTIONS FOR THE LATENT CLASSES
BASED ON THE ESTIMATED MODEL

    Latent
   Classes

       1        841.00000          0.58647
       2        593.00000          0.41353


MODEL RESULTS

                                                    Two-Tailed
                    Estimate       S.E.  Est./S.E.    P-Value

Latent Class 1 (1)

 I        |
    SCGHQI_5           1.000      0.000    999.000    999.000
    SCGHQI_6           1.000      0.000    999.000    999.000
    SCGHQI_7           1.000      0.000    999.000    999.000
    SCGHQI_8           1.000      0.000    999.000    999.000
    SCGHQI_10          1.000      0.000    999.000    999.000

 S        |
    SCGHQI_5           0.000      0.000    999.000    999.000
    SCGHQI_6           1.000      0.000    999.000    999.000
    SCGHQI_7           2.000      0.000    999.000    999.000
    SCGHQI_8           3.000      0.000    999.000    999.000
    SCGHQI_10          5.000      0.000    999.000    999.000

 S        WITH
    I                 -0.070      0.096     -0.737      0.461

 Means
    I                  0.182      0.131      1.386      0.166
    S                 -0.025      0.024     -1.037      0.300

 Thresholds
    SCGHQI_5$1        -0.715      0.118     -6.064      0.000
    SCGHQI_5$2         2.359      0.134     17.572      0.000
    SCGHQI_5$3         4.750      0.176     26.980      0.000
    SCGHQI_6$1        -0.715      0.118     -6.064      0.000
    SCGHQI_6$2         2.359      0.134     17.572      0.000
    SCGHQI_6$3         4.750      0.176     26.980      0.000
    SCGHQI_7$1        -0.715      0.118     -6.064      0.000
    SCGHQI_7$2         2.359      0.134     17.572      0.000
    SCGHQI_7$3         4.750      0.176     26.980      0.000
    SCGHQI_8$1        -0.715      0.118     -6.064      0.000
    SCGHQI_8$2         2.359      0.134     17.572      0.000
    SCGHQI_8$3         4.750      0.176     26.980      0.000
    SCGHQI_1$1        -0.715      0.118     -6.064      0.000
    SCGHQI_1$2         2.359      0.134     17.572      0.000
    SCGHQI_1$3         4.750      0.176     26.980      0.000

 Variances
    I                  4.069      0.535      7.605      0.000
    S                  0.024      0.029      0.836      0.403

Latent Class 2 (2)

 I        |
    SCGHQI_5           1.000      0.000    999.000    999.000
    SCGHQI_6           1.000      0.000    999.000    999.000
    SCGHQI_7           1.000      0.000    999.000    999.000
    SCGHQI_8           1.000      0.000    999.000    999.000
    SCGHQI_10          1.000      0.000    999.000    999.000

 S        |
    SCGHQI_5           0.000      0.000    999.000    999.000
    SCGHQI_6           1.000      0.000    999.000    999.000
    SCGHQI_7           2.000      0.000    999.000    999.000
    SCGHQI_8           3.000      0.000    999.000    999.000
    SCGHQI_10          5.000      0.000    999.000    999.000

 S        WITH
    I                 -0.387      0.195     -1.983      0.047

 Means
    I                  0.000      0.000    999.000    999.000
    S                 -0.025      0.024     -1.037      0.300

 Thresholds
    SCGHQI_5$1        -0.715      0.118     -6.064      0.000
    SCGHQI_5$2         2.359      0.134     17.572      0.000
    SCGHQI_5$3         4.750      0.176     26.980      0.000
    SCGHQI_6$1        -0.715      0.118     -6.064      0.000
    SCGHQI_6$2         2.359      0.134     17.572      0.000
    SCGHQI_6$3         4.750      0.176     26.980      0.000
    SCGHQI_7$1        -0.715      0.118     -6.064      0.000
    SCGHQI_7$2         2.359      0.134     17.572      0.000
    SCGHQI_7$3         4.750      0.176     26.980      0.000
    SCGHQI_8$1        -0.715      0.118     -6.064      0.000
    SCGHQI_8$2         2.359      0.134     17.572      0.000
    SCGHQI_8$3         4.750      0.176     26.980      0.000
    SCGHQI_1$1        -0.715      0.118     -6.064      0.000
    SCGHQI_1$2         2.359      0.134     17.572      0.000
    SCGHQI_1$3         4.750      0.176     26.980      0.000

 Variances
    I                  4.151      0.813      5.108      0.000
    S                  0.164      0.072      2.283      0.022

Categorical Latent Variables

 Means
    C#1                0.349      0.054      6.516      0.000


QUALITY OF NUMERICAL RESULTS

     Condition Number for the Information Matrix              0.446E-02
       (ratio of smallest to largest eigenvalue)


RESULTS IN PROBABILITY SCALE

                    Estimate

Latent Class 1 (1)

 SCGHQI_5
    Category 1         0.368
    Category 2         0.426
    Category 3         0.161
    Category 4         0.046
 SCGHQI_6
    Category 1         0.370
    Category 2         0.428
    Category 3         0.158
    Category 4         0.044
 SCGHQI_7
    Category 1         0.373
    Category 2         0.429
    Category 3         0.156
    Category 4         0.042
 SCGHQI_8
    Category 1         0.376
    Category 2         0.428
    Category 3         0.154
    Category 4         0.041
 SCGHQI_10
    Category 1         0.384
    Category 2         0.423
    Category 3         0.151
    Category 4         0.041

Latent Class 2 (2)

 SCGHQI_5
    Category 1         0.394
    Category 2         0.417
    Category 3         0.149
    Category 4         0.041
 SCGHQI_6
    Category 1         0.393
    Category 2         0.431
    Category 3         0.142
    Category 4         0.034
 SCGHQI_7
    Category 1         0.394
    Category 2         0.438
    Category 3         0.137
    Category 4         0.031
 SCGHQI_8
    Category 1         0.399
    Category 2         0.435
    Category 3         0.136
    Category 4         0.030
 SCGHQI_10
    Category 1         0.414
    Category 2         0.406
    Category 3         0.142
    Category 4         0.039


STANDARDIZED MODEL RESULTS


STDYX Standardization

                                                    Two-Tailed
                    Estimate       S.E.  Est./S.E.    P-Value

Latent Class 1 (1)

 I        |
    SCGHQI_5           0.744      0.022     34.020      0.000
    SCGHQI_6           0.750      0.029     26.146      0.000
    SCGHQI_7           0.753      0.035     21.351      0.000
    SCGHQI_8           0.754      0.041     18.240      0.000
    SCGHQI_10          0.748      0.053     14.029      0.000

 S        |
    SCGHQI_5           0.000      0.000    999.000    999.000
    SCGHQI_6           0.058      0.034      1.697      0.090
    SCGHQI_7           0.117      0.069      1.692      0.091
    SCGHQI_8           0.175      0.103      1.698      0.090
    SCGHQI_10          0.290      0.167      1.742      0.081

 S        WITH
    I                 -0.223      0.235     -0.950      0.342

 Means
    I                  0.090      0.066      1.369      0.171
    S                 -0.158      0.188     -0.841      0.400

 Thresholds
    SCGHQI_5$1        -0.264      0.044     -5.965      0.000
    SCGHQI_5$2         0.870      0.050     17.482      0.000
    SCGHQI_5$3         1.751      0.071     24.682      0.000
    SCGHQI_6$1        -0.266      0.044     -6.044      0.000
    SCGHQI_6$2         0.877      0.049     18.024      0.000
    SCGHQI_6$3         1.765      0.066     26.757      0.000
    SCGHQI_7$1        -0.267      0.044     -6.096      0.000
    SCGHQI_7$2         0.881      0.049     17.983      0.000
    SCGHQI_7$3         1.773      0.066     26.996      0.000
    SCGHQI_8$1        -0.267      0.044     -6.122      0.000
    SCGHQI_8$2         0.882      0.051     17.462      0.000
    SCGHQI_8$3         1.776      0.070     25.524      0.000
    SCGHQI_1$1        -0.265      0.044     -6.059      0.000
    SCGHQI_1$2         0.875      0.058     15.021      0.000
    SCGHQI_1$3         1.762      0.091     19.310      0.000

 Variances
    I                  1.000      0.000    999.000    999.000
    S                  1.000      0.000    999.000    999.000

Latent Class 2 (2)

 I        |
    SCGHQI_5           0.747      0.032     23.107      0.000
    SCGHQI_6           0.780      0.047     16.549      0.000
    SCGHQI_7           0.796      0.061     13.157      0.000
    SCGHQI_8           0.794      0.069     11.436      0.000
    SCGHQI_10          0.736      0.076      9.752      0.000

 S        |
    SCGHQI_5           0.000      0.000    999.000    999.000
    SCGHQI_6           0.155      0.032      4.813      0.000
    SCGHQI_7           0.316      0.068      4.658      0.000
    SCGHQI_8           0.473      0.100      4.708      0.000
    SCGHQI_10          0.731      0.135      5.421      0.000

 S        WITH
    I                 -0.470      0.124     -3.785      0.000

 Means
    I                  0.000      0.000    999.000    999.000
    S                 -0.061      0.059     -1.026      0.305

 Thresholds
    SCGHQI_5$1        -0.262      0.046     -5.661      0.000
    SCGHQI_5$2         0.865      0.054     15.901      0.000
    SCGHQI_5$3         1.741      0.090     19.316      0.000
    SCGHQI_6$1        -0.274      0.047     -5.817      0.000
    SCGHQI_6$2         0.903      0.050     17.896      0.000
    SCGHQI_6$3         1.818      0.075     24.088      0.000
    SCGHQI_7$1        -0.279      0.047     -5.900      0.000
    SCGHQI_7$2         0.922      0.049     18.677      0.000
    SCGHQI_7$3         1.857      0.069     26.790      0.000
    SCGHQI_8$1        -0.278      0.047     -5.912      0.000
    SCGHQI_8$2         0.919      0.050     18.354      0.000
    SCGHQI_8$3         1.850      0.071     25.918      0.000
    SCGHQI_1$1        -0.258      0.046     -5.668      0.000
    SCGHQI_1$2         0.853      0.059     14.359      0.000
    SCGHQI_1$3         1.717      0.102     16.804      0.000

 Variances
    I                  1.000      0.000    999.000    999.000
    S                  1.000      0.000    999.000    999.000


R-SQUARE

Class 1

    Observed                                        Two-Tailed
    Variable        Estimate       S.E.  Est./S.E.    P-Value

    SCGHQI_5           0.553      0.033     17.010      0.000
    SCGHQI_6           0.546      0.027     20.198      0.000
    SCGHQI_7           0.541      0.025     21.545      0.000
    SCGHQI_8           0.540      0.027     19.661      0.000
    SCGHQI_1           0.547      0.043     12.700      0.000

Class 2

    Observed                                        Two-Tailed
    Variable        Estimate       S.E.  Est./S.E.    P-Value

    SCGHQI_5           0.558      0.048     11.553      0.000
    SCGHQI_6           0.518      0.039     13.126      0.000
    SCGHQI_7           0.497      0.034     14.721      0.000
    SCGHQI_8           0.501      0.034     14.601      0.000
    SCGHQI_1           0.570      0.052     11.017      0.000


     Beginning Time:  17:05:06
        Ending Time:  17:09:43
       Elapsed Time:  00:04:37



MUTHEN & MUTHEN
3463 Stoner Ave.
Los Angeles, CA  90066

Tel: (310) 391-9971
Fax: (310) 391-8971
Web: www.StatModel.com
Support: Support@StatModel.com

Copyright (c) 1998-2021 Muthen & Muthen
