Mplus VERSION 8.6
MUTHEN & MUTHEN
07/12/2021  11:11 AM

INPUT INSTRUCTIONS

  TITLE: Your title goes here

   DATA: FILE = data.dta;

   VARIABLE:

   NAMES = pidp gridmode mm hidp_5 hidp_6 hidp_7 hidp_8 hidp_9 hidp_10 indmode_5
       indmode_6 indmode_7 indmode_8 indmode_9 indmode_10 mode_type_all mode_type_no9
       mode_type_567 mode_type_7 all no9 p567 p7 switch_all switch_no9 switch_567
       switch_7 lkmove_5 xpmove_5 caruse_5 mobuse_5 netpuse_5 aidxhh_5 jbhas_5 j2has_5
       finnow_5 finfut_5 howlng_5 vote1_5 vote6_5 scsf1_5 scsf2a_5 scsf2b_5 scsf3a_5
       scsf3b_5 scsf4a_5 scsf4b_5 scsf5_5 scsf6a_5 scsf6b_5 scsf6c_5 scsf7_5 scghqa_5
       scghqb_5 scghqc_5 scghqd_5 scghqe_5 scghqf_5 scghqg_5 scghqh_5 scghqi_5
       scghqj_5 scghqk_5 scghql_5 lkmove_6 xpmove_6 caruse_6 mobuse_6 netpuse_6
       aidxhh_6 jbhas_6 j2has_6 finnow_6 finfut_6 howlng_6 vote1_6 vote6_6 scsf1_6
       scsf2a_6 scsf2b_6 scsf3a_6 scsf3b_6 scsf4a_6 scsf4b_6 scsf5_6 scsf6a_6 scsf6b_6
       scsf6c_6 scsf7_6 scghqa_6 scghqb_6 scghqc_6 scghqd_6 scghqe_6 scghqf_6 scghqg_6
       scghqh_6 scghqi_6 scghqj_6 scghqk_6 scghql_6 lkmove_7 xpmove_7 caruse_7
       mobuse_7 netpuse_7 smoker_7 aidxhh_7 jbhas_7 jbterm1_7 jbsemp_7 j2has_7
       fiyrdia_7 finnow_7 finfut_7 howlng_7 vote1_7 vote6_7 scsf2a_7 scsf2b_7 scsf3a_7
       scsf3b_7 scsf4a_7 scsf4b_7 scsf5_7 scsf6a_7 scsf6b_7 scsf6c_7 scsf7_7 scghqa_7
       scghqb_7 scghqc_7 scghqd_7 scghqe_7 scghqf_7 scghqg_7 scghqh_7 scghqi_7
       scghqj_7 scghqk_7 scghql_7 scsf1_7 lkmove_8 xpmove_8 caruse_8 mobuse_8
       netpuse_8 smoker_8 aidxhh_8 jbhas_8 jbterm1_8 jbsemp_8 j2has_8 fiyrdia_8
       finnow_8 finfut_8 scsf2a_8 scsf2b_8 scsf3a_8 scsf3b_8 scsf4a_8 scsf4b_8 scsf5_8
       scsf6a_8 scsf6b_8 scsf6c_8 scsf7_8 scghqa_8 scghqb_8 scghqc_8 scghqd_8 scghqe_8
       scghqf_8 scghqg_8 scghqh_8 scghqi_8 scghqj_8 scghqk_8 scghql_8 scsf1_8 mobuse_9
       netpuse_9 smoker_9 jbhas_9 jbterm1_9 jbsemp_9 j2has_9 fiyrdia_9 finnow_9
       finfut_9 lkmove_10 xpmove_10 mobuse_10 netpuse_10 smoker_10 aidxhh_10 jbhas_10
       jbterm1_10 jbsemp_10 j2has_10 fiyrdia_10 finnow_10 finfut_10 scsf1_10 scsf2a_10
       scsf2b_10 scsf3a_10 scsf3b_10 scsf4a_10 scsf4b_10 scsf5_10 scsf6a_10 scsf6b_10
       scsf6c_10 scsf7_10 scghqa_10 scghqb_10 scghqc_10 scghqd_10 scghqe_10 scghqf_10
       scghqg_10 scghqh_10 scghqi_10 scghqj_10 scghqk_10 scghql_10 edu agecat female
       partner sf1 longill london north urban refresh Higher A level GCSE Other age_35
       age_55 age_75 age_102 pred_all pred_no9 pred_p567 pred_p7 pred_all_w pred_no9_w
       pred_p567_w pred_p7_w;

   MISSING=.;

   USEVARIABLES ARE
   netpuse_5
   netpuse_6
   netpuse_7
   netpuse_8
   netpuse_9
   netpuse_10;
   CLASSES = c(2);

    KNOWNCLASS = c(mm= 1 2);

   ANALYSIS:


      TYPE = MIXTURE;

      ESTIMATOR = MLR;

      ALGORITHM = INTEGRATION;

      Processors = 8(starts);

      STARTS = 800 200;

   Model:


      %OVERALL%

  i s | netpuse_5@0 netpuse_6@1 netpuse_7@2 netpuse_8@3 netpuse_9@4 netpuse_10@5;;

  netpuse_5 (a);
   netpuse_6 (a);
   netpuse_7 (a);
   netpuse_8 (a);
   netpuse_9 (a);
   netpuse_10 (a);

   %c#1%
  [s] (a); s ;
   s WITH i ;
   i ;


   %c#2%
  [s] (a); s ;
   s WITH i ;
   i ;


   OUTPUT: SAMPSTAT;

                                  STDYX;




*** WARNING in VARIABLE command
  Note that only the first 8 characters of variable names are used in the output.
  Shorten variable names to avoid any confusion.
*** WARNING
  Data set contains unknown or missing values for variable MM.
  This variable is used to determine the KNOWNCLASS specification.
  Number of such cases:  458
*** WARNING
  Data set contains cases with missing on all variables.
  These cases were not included in the analysis.
  Number of cases with missing on all variables:  73
   3 WARNING(S) FOUND IN THE INPUT INSTRUCTIONS



Your title goes here

SUMMARY OF ANALYSIS

Number of groups                                                 1
Number of observations                                        1526

Number of dependent variables                                    6
Number of independent variables                                  0
Number of continuous latent variables                            2
Number of categorical latent variables                           1

Observed dependent variables

  Continuous
   NETPUSE_5   NETPUSE_6   NETPUSE_7   NETPUSE_8   NETPUSE_9   NETPUSE_10

Continuous latent variables
   I           S

Categorical latent variables
   C

  Knownclass            C


Estimator                                                      MLR
Information matrix                                        OBSERVED
Optimization Specifications for the Quasi-Newton Algorithm for
Continuous Outcomes
  Maximum number of iterations                                 100
  Convergence criterion                                  0.100D-05
Optimization Specifications for the EM Algorithm
  Maximum number of iterations                                 500
  Convergence criteria
    Loglikelihood change                                 0.100D-02
    Relative loglikelihood change                        0.100D-05
    Derivative                                           0.100D-02
Optimization Specifications for the M step of the EM Algorithm for
Categorical Latent variables
  Number of M step iterations                                    1
  M step convergence criterion                           0.100D-02
  Basis for M step termination                           ITERATION
Optimization Specifications for the M step of the EM Algorithm for
Censored, Binary or Ordered Categorical (Ordinal), Unordered
Categorical (Nominal) and Count Outcomes
  Number of M step iterations                                    1
  M step convergence criterion                           0.100D-02
  Basis for M step termination                           ITERATION
  Maximum value for logit thresholds                            15
  Minimum value for logit thresholds                           -15
  Minimum expected cell size for chi-square              0.100D-01
Maximum number of iterations for H1                           2000
Convergence criterion for H1                             0.100D-03
Optimization algorithm                                         EMA
Integration Specifications
  Type                                                    STANDARD
  Number of integration points                                  15
  Dimensions of numerical integration                            0
  Adaptive quadrature                                           ON
Random Starts Specifications
  Number of initial stage random starts                        800
  Number of final stage optimizations                          200
  Number of initial stage iterations                            10
  Initial stage convergence criterion                    0.100D+01
  Random starts scale                                    0.500D+01
  Random seed for generating random starts                       0
Cholesky                                                       OFF

Input data file(s)
  data.dta
Input data format  FREE


SUMMARY OF DATA

     Number of missing data patterns            61
     Number of y missing data patterns          61
     Number of u missing data patterns           0


COVARIANCE COVERAGE OF DATA

Minimum covariance coverage value   0.100


     PROPORTION OF DATA PRESENT FOR Y


           Covariance Coverage
              NETPUSE_      NETPUSE_      NETPUSE_      NETPUSE_      NETPUSE_
              ________      ________      ________      ________      ________
 NETPUSE_       0.651
 NETPUSE_       0.550         0.651
 NETPUSE_       0.456         0.495         0.645
 NETPUSE_       0.420         0.460         0.509         0.618
 NETPUSE_       0.397         0.434         0.480         0.521         0.600
 NETPUSE_       0.370         0.402         0.431         0.471         0.486


           Covariance Coverage
              NETPUSE_
              ________
 NETPUSE_       0.562


SAMPLE STATISTICS


     ESTIMATED SAMPLE STATISTICS FOR CLASS 1


           Means
              NETPUSE_      NETPUSE_      NETPUSE_      NETPUSE_      NETPUSE_
              ________      ________      ________      ________      ________
                2.295         2.193         2.109         2.078         1.937


           Means
              NETPUSE_
              ________
                1.925


           Covariances
              NETPUSE_      NETPUSE_      NETPUSE_      NETPUSE_      NETPUSE_
              ________      ________      ________      ________      ________
 NETPUSE_       3.774
 NETPUSE_       3.229         3.669
 NETPUSE_       3.101         3.110         3.392
 NETPUSE_       3.029         3.041         3.065         3.534
 NETPUSE_       2.706         2.668         2.627         2.770         2.950
 NETPUSE_       2.840         2.678         2.677         2.795         2.650


           Covariances
              NETPUSE_
              ________
 NETPUSE_       2.983


           Correlations
              NETPUSE_      NETPUSE_      NETPUSE_      NETPUSE_      NETPUSE_
              ________      ________      ________      ________      ________
 NETPUSE_       1.000
 NETPUSE_       0.868         1.000
 NETPUSE_       0.867         0.882         1.000
 NETPUSE_       0.829         0.845         0.885         1.000
 NETPUSE_       0.811         0.811         0.831         0.858         1.000
 NETPUSE_       0.846         0.810         0.842         0.861         0.893


           Correlations
              NETPUSE_
              ________
 NETPUSE_       1.000


     ESTIMATED SAMPLE STATISTICS FOR CLASS 2


           Means
              NETPUSE_      NETPUSE_      NETPUSE_      NETPUSE_      NETPUSE_
              ________      ________      ________      ________      ________
                2.235         2.098         1.990         1.915         1.944


           Means
              NETPUSE_
              ________
                1.767


           Covariances
              NETPUSE_      NETPUSE_      NETPUSE_      NETPUSE_      NETPUSE_
              ________      ________      ________      ________      ________
 NETPUSE_       3.694
 NETPUSE_       3.031         3.368
 NETPUSE_       2.764         2.754         3.226
 NETPUSE_       2.562         2.571         2.620         3.086
 NETPUSE_       2.821         2.830         2.672         2.767         3.121
 NETPUSE_       2.417         2.521         2.259         2.348         2.465


           Covariances
              NETPUSE_
              ________
 NETPUSE_       2.512


           Correlations
              NETPUSE_      NETPUSE_      NETPUSE_      NETPUSE_      NETPUSE_
              ________      ________      ________      ________      ________
 NETPUSE_       1.000
 NETPUSE_       0.859         1.000
 NETPUSE_       0.801         0.836         1.000
 NETPUSE_       0.759         0.797         0.830         1.000
 NETPUSE_       0.831         0.873         0.842         0.892         1.000
 NETPUSE_       0.794         0.867         0.794         0.843         0.880


           Correlations
              NETPUSE_
              ________
 NETPUSE_       1.000


UNIVARIATE SAMPLE STATISTICS


     UNIVARIATE HIGHER-ORDER MOMENT DESCRIPTIVE STATISTICS

         Variable/         Mean/     Skewness/   Minimum/ % with                Percentiles
        Sample Size      Variance    Kurtosis    Maximum  Min/Max      20%/60%    40%/80%    Median

     NETPUSE_5             2.382       1.268       1.000   53.22%       1.000      1.000      1.000
             994.000       3.963       0.077       7.000    5.94%       2.000      4.000
     NETPUSE_6             2.236       1.416       1.000   58.35%       1.000      1.000      1.000
             994.000       3.746       0.445       7.000    4.53%       2.000      3.000
     NETPUSE_7             2.065       1.611       1.000   64.13%       1.000      1.000      1.000
             984.000       3.333       1.074       7.000    2.95%       1.000      3.000
     NETPUSE_8             1.945       1.809       1.000   67.34%       1.000      1.000      1.000
             943.000       3.057       1.779       7.000    2.76%       1.000      2.000
     NETPUSE_9             1.819       1.985       1.000   71.58%       1.000      1.000      1.000
             915.000       2.677       2.475       7.000    1.42%       1.000      2.000
     NETPUSE_10            1.673       2.315       1.000   76.20%       1.000      1.000      1.000
             857.000       2.246       4.068       7.000    1.40%       1.000      2.000

RANDOM STARTS RESULTS RANKED FROM THE BEST TO THE WORST LOGLIKELIHOOD VALUES

Final stage loglikelihood values at local maxima, seeds, and initial stage start numbers:

          -10179.085  878749           728
          -10179.085  442072           625
          -10179.085  505879           424
          -10179.085  699810           571
          -10179.085  780698           337
          -10179.085  73576            213
          -10179.085  313407           132
          -10179.085  926762           704
          -10179.085  160326           546
          -10179.085  376411           473
          -10179.085  742609           531
          -10179.085  972873           157
          -10179.085  22075            659
          -10179.085  66276            217
          -10179.085  76337            76
          -10179.085  526324           178
          -10179.085  549244           756
          -10179.085  617243           237
          -10179.085  211281           292
          -10179.085  569338           755
          -10179.085  440368           797
          -10179.085  736574           414
          -10179.085  752769           253
          -10179.085  294811           637
          -10179.085  964570           701
          -10179.085  608849           224
          -10179.085  614535           449
          -10179.085  252949           487
          -10179.085  728038           177
          -10179.085  840031           276
          -10179.085  939870           655
          -10179.085  124999           96
          -10179.085  746978           410
          -10179.085  155622           507
          -10179.085  520177           262
          -10179.085  484687           306
          -10179.085  355254           796
          -10179.085  232226           235
          -10179.085  793487           595
          -10179.085  881886           608
          -10179.085  775884           639
          -10179.085  722748           346
          -10179.085  967902           52
          -10179.085  25127            107
          -10179.085  937588           293
          -10179.085  391179           78
          -10179.085  392766           331
          -10179.085  182524           373
          -10179.085  327475           518
          -10179.085  831410           567
          -10179.085  677720           681
          -10179.085  267983           228
          -10179.085  340112           126
          -10179.085  509733           130
          -10179.085  197223           332
          -10179.085  130011           587
          -10179.085  742688           594
          -10179.085  567165           319
          -10179.085  307843           664
          -10179.085  352277           42
          -10179.085  761302           744
          -10179.085  484501           163
          -10179.085  762461           425
          -10179.085  783102           433
          -10179.085  335485           496
          -10179.085  534864           307
          -10179.085  326091           759
          -10179.085  595619           779
          -10179.085  76451            211
          -10179.085  551639           55
          -10179.085  366533           484
          -10179.085  704798           530
          -10179.085  314084           81
          -10179.085  529496           343
          -10179.085  231400           738
          -10179.085  721392           768
          -10179.085  1548             384
          -10179.085  582296           452
          -10179.085  359578           458
          -10179.085  164305           128
          -10179.085  489927           520
          -10179.085  126371           526
          -10179.085  957392           79
          -10179.085  383986           159
          -10179.085  599729           658
          -10179.085  617658           660
          -10179.085  7195             697
          -10179.085  329127           185
          -10179.085  659832           754
          -10179.085  781190           219
          -10179.085  978061           488
          -10179.085  161421           519
          -10179.085  951709           348
          -10179.085  136842           58
          -10179.085  358074           560
          -10179.085  113138           585
          -10179.085  863094           147
          -10179.085  351807           617
          -10179.085  150531           154
          -10179.085  374219           353
          -10179.085  621542           375
          -10179.085  415502           194
          -10179.085  580539           786
          -10179.085  165853           105
          -10179.085  699554           427
          -10179.085  551340           766
          -10179.085  259507           53
          -10179.085  213532           503
          -10179.085  349263           263
          -10179.085  749453           33
          -10179.085  387701           275
          -10179.085  788796           145
          -10179.085  625191           350
          -10179.085  985387           381
          -10179.085  820977           776
          -10179.085  373702           669
          -10179.085  177936           726
          -10179.085  3307             735
          -10179.085  153394           429
          -10179.085  392407           221
          -10179.085  473942           574
          -10179.085  344422           296
          -10179.085  521575           313
          -10179.085  535063           329
          -10179.085  284716           713
          -10179.085  556929           734
          -10179.085  982520           737
          -10179.085  907810           795
          -10179.085  918558           412
          -10179.085  268896           124
          -10179.085  193042           316
          -10179.085  534193           689
          -10179.085  860102           495
          -10179.085  576726           280
          -10179.085  953843           651
          -10179.085  148918           682
          -10179.085  670281           721
          -10179.085  971853           402
          -10179.085  497522           502
          -10179.085  903633           553
          -10179.085  217744           326
          -10179.085  579995           183
          -10179.085  137305           379
          -10179.085  570908           98
          -10179.085  137377           397
          -10179.085  970689           266
          -10179.085  562716           300
          -10179.085  876943           650
          -10179.085  59963            670
          -10179.085  748692           204
          -10179.085  922596           456
          -10179.085  455617           242
          -10179.085  354559           73
          -10179.085  588923           606
          -10179.085  849670           347
          -10179.085  765586           709
          -10179.085  702492           718
          -10179.085  281558           184
          -10179.085  596257           405
          -10179.085  195873           6
          -10179.085  434915           552
          -10179.085  15270            610
          -10179.085  268217           83
          -10179.085  303634           169
          -10179.085  85462            51
          -10179.085  89970            223
          -10179.085  405079           68
          -10179.085  574942           558
          -10179.085  855760           593
          -10179.085  383979           603
          -10179.085  341519           653
          -10179.085  655497           376
          -10179.085  440841           118
          -10179.085  823392           479
          -10179.085  787985           482
          -10179.085  263268           165
          -10179.085  608496           4
          -10179.085  609185           181
          -10179.085  723775           97
          -10179.085  146900           391
          -10179.085  105435           265
          -10179.085  291149           536
          -10179.085  741888           138
          -10179.085  313306           612
          -10179.085  552272           654
          -10179.085  170954           86
          -10179.085  754100           56
          -10179.085  370957           554
          -10179.085  915642           40
          -10179.085  568859           49
          -10179.085  207896           25
          -10179.085  790059           469
          -10179.085  69413            472
          -10179.085  371246           101
          -10179.085  294669           501
          -10179.085  700349           401
          -10179.085  118438           601
          -10179.085  36714            201
          -10179.085  342019           301

Unperturbed starting value run did not converge or was rejected in the third stage.



THE BEST LOGLIKELIHOOD VALUE HAS BEEN REPLICATED.  RERUN WITH AT LEAST TWICE THE
RANDOM STARTS TO CHECK THAT THE BEST LOGLIKELIHOOD IS STILL OBTAINED AND REPLICATED.


THE MODEL ESTIMATION TERMINATED NORMALLY



MODEL FIT INFORMATION

Number of Free Parameters                       10

Loglikelihood

          H0 Value                      -10179.085
          H0 Scaling Correction Factor      2.5610
            for MLR

Information Criteria

          Akaike (AIC)                   20378.170
          Bayesian (BIC)                 20431.474
          Sample-Size Adjusted BIC       20399.707
            (n* = (n + 2) / 24)



FINAL CLASS COUNTS AND PROPORTIONS FOR THE LATENT CLASSES
BASED ON THE ESTIMATED MODEL

    Latent
   Classes

       1        888.00000          0.58191
       2        638.00000          0.41809


MODEL RESULTS

                                                    Two-Tailed
                    Estimate       S.E.  Est./S.E.    P-Value

Latent Class 1 (1)

 I        |
    NETPUSE_5          1.000      0.000    999.000    999.000
    NETPUSE_6          1.000      0.000    999.000    999.000
    NETPUSE_7          1.000      0.000    999.000    999.000
    NETPUSE_8          1.000      0.000    999.000    999.000
    NETPUSE_9          1.000      0.000    999.000    999.000
    NETPUSE_10         1.000      0.000    999.000    999.000

 S        |
    NETPUSE_5          0.000      0.000    999.000    999.000
    NETPUSE_6          1.000      0.000    999.000    999.000
    NETPUSE_7          2.000      0.000    999.000    999.000
    NETPUSE_8          3.000      0.000    999.000    999.000
    NETPUSE_9          4.000      0.000    999.000    999.000
    NETPUSE_10         5.000      0.000    999.000    999.000

 S        WITH
    I                 -0.591      0.109     -5.406      0.000

 Means
    I                  1.194      0.156      7.663      0.000
    S                  0.316      0.022     14.455      0.000

 Intercepts
    NETPUSE_5          0.000      0.000    999.000    999.000
    NETPUSE_6          0.000      0.000    999.000    999.000
    NETPUSE_7          0.000      0.000    999.000    999.000
    NETPUSE_8          0.000      0.000    999.000    999.000
    NETPUSE_9          0.000      0.000    999.000    999.000
    NETPUSE_10         0.000      0.000    999.000    999.000

 Variances
    I                  4.842      0.432     11.217      0.000
    S                  0.191      0.024      7.979      0.000

 Residual Variances
    NETPUSE_5          0.316      0.022     14.455      0.000
    NETPUSE_6          0.316      0.022     14.455      0.000
    NETPUSE_7          0.316      0.022     14.455      0.000
    NETPUSE_8          0.316      0.022     14.455      0.000
    NETPUSE_9          0.316      0.022     14.455      0.000
    NETPUSE_10         0.316      0.022     14.455      0.000

Latent Class 2 (2)

 I        |
    NETPUSE_5          1.000      0.000    999.000    999.000
    NETPUSE_6          1.000      0.000    999.000    999.000
    NETPUSE_7          1.000      0.000    999.000    999.000
    NETPUSE_8          1.000      0.000    999.000    999.000
    NETPUSE_9          1.000      0.000    999.000    999.000
    NETPUSE_10         1.000      0.000    999.000    999.000

 S        |
    NETPUSE_5          0.000      0.000    999.000    999.000
    NETPUSE_6          1.000      0.000    999.000    999.000
    NETPUSE_7          2.000      0.000    999.000    999.000
    NETPUSE_8          3.000      0.000    999.000    999.000
    NETPUSE_9          4.000      0.000    999.000    999.000
    NETPUSE_10         5.000      0.000    999.000    999.000

 S        WITH
    I                 -0.699      0.141     -4.947      0.000

 Means
    I                  0.996      0.159      6.249      0.000
    S                  0.316      0.022     14.455      0.000

 Intercepts
    NETPUSE_5          0.000      0.000    999.000    999.000
    NETPUSE_6          0.000      0.000    999.000    999.000
    NETPUSE_7          0.000      0.000    999.000    999.000
    NETPUSE_8          0.000      0.000    999.000    999.000
    NETPUSE_9          0.000      0.000    999.000    999.000
    NETPUSE_10         0.000      0.000    999.000    999.000

 Variances
    I                  5.040      0.592      8.515      0.000
    S                  0.206      0.032      6.477      0.000

 Residual Variances
    NETPUSE_5          0.316      0.022     14.455      0.000
    NETPUSE_6          0.316      0.022     14.455      0.000
    NETPUSE_7          0.316      0.022     14.455      0.000
    NETPUSE_8          0.316      0.022     14.455      0.000
    NETPUSE_9          0.316      0.022     14.455      0.000
    NETPUSE_10         0.316      0.022     14.455      0.000

Categorical Latent Variables

 Means
    C#1                0.331      0.052      6.371      0.000


QUALITY OF NUMERICAL RESULTS

     Condition Number for the Information Matrix              0.458E-04
       (ratio of smallest to largest eigenvalue)


STANDARDIZED MODEL RESULTS


STDYX Standardization

                                                    Two-Tailed
                    Estimate       S.E.  Est./S.E.    P-Value

Latent Class 1 (1)

 I        |
    NETPUSE_5          0.969      0.003    361.864      0.000
    NETPUSE_6          1.078      0.018     59.427      0.000
    NETPUSE_7          1.167      0.043     27.087      0.000
    NETPUSE_8          1.206      0.070     17.211      0.000
    NETPUSE_9          1.179      0.088     13.361      0.000
    NETPUSE_10         1.097      0.092     11.917      0.000

 S        |
    NETPUSE_5          0.000      0.000    999.000    999.000
    NETPUSE_6          0.214      0.012     17.897      0.000
    NETPUSE_7          0.463      0.030     15.473      0.000
    NETPUSE_8          0.718      0.053     13.443      0.000
    NETPUSE_9          0.936      0.076     12.342      0.000
    NETPUSE_10         1.089      0.089     12.242      0.000

 S        WITH
    I                 -0.615      0.064     -9.556      0.000

 Means
    I                  0.543      0.088      6.163      0.000
    S                  0.722      0.030     24.176      0.000

 Intercepts
    NETPUSE_5          0.000      0.000    999.000    999.000
    NETPUSE_6          0.000      0.000    999.000    999.000
    NETPUSE_7          0.000      0.000    999.000    999.000
    NETPUSE_8          0.000      0.000    999.000    999.000
    NETPUSE_9          0.000      0.000    999.000    999.000
    NETPUSE_10         0.000      0.000    999.000    999.000

 Variances
    I                  1.000      0.000    999.000    999.000
    S                  1.000      0.000    999.000    999.000

 Residual Variances
    NETPUSE_5          0.061      0.005     11.792      0.000
    NETPUSE_6          0.076      0.006     12.634      0.000
    NETPUSE_7          0.089      0.007     12.258      0.000
    NETPUSE_8          0.095      0.009     10.432      0.000
    NETPUSE_9          0.091      0.010      8.948      0.000
    NETPUSE_10         0.078      0.009      8.402      0.000

Latent Class 2 (2)

 I        |
    NETPUSE_5          0.970      0.003    295.388      0.000
    NETPUSE_6          1.100      0.021     52.603      0.000
    NETPUSE_7          1.220      0.051     23.760      0.000
    NETPUSE_8          1.292      0.088     14.711      0.000
    NETPUSE_9          1.282      0.114     11.202      0.000
    NETPUSE_10         1.195      0.120      9.958      0.000

 S        |
    NETPUSE_5          0.000      0.000    999.000    999.000
    NETPUSE_6          0.223      0.015     15.284      0.000
    NETPUSE_7          0.494      0.038     13.042      0.000
    NETPUSE_8          0.784      0.070     11.209      0.000
    NETPUSE_9          1.038      0.101     10.232      0.000
    NETPUSE_10         1.210      0.118     10.218      0.000

 S        WITH
    I                 -0.685      0.063    -10.850      0.000

 Means
    I                  0.444      0.089      4.972      0.000
    S                  0.695      0.043     16.012      0.000

 Intercepts
    NETPUSE_5          0.000      0.000    999.000    999.000
    NETPUSE_6          0.000      0.000    999.000    999.000
    NETPUSE_7          0.000      0.000    999.000    999.000
    NETPUSE_8          0.000      0.000    999.000    999.000
    NETPUSE_9          0.000      0.000    999.000    999.000
    NETPUSE_10         0.000      0.000    999.000    999.000

 Variances
    I                  1.000      0.000    999.000    999.000
    S                  1.000      0.000    999.000    999.000

 Residual Variances
    NETPUSE_5          0.059      0.006      9.248      0.000
    NETPUSE_6          0.076      0.007     10.387      0.000
    NETPUSE_7          0.093      0.008     11.139      0.000
    NETPUSE_8          0.104      0.010      9.971      0.000
    NETPUSE_9          0.103      0.012      8.337      0.000
    NETPUSE_10         0.089      0.012      7.606      0.000


R-SQUARE

Class 1

    Observed                                        Two-Tailed
    Variable        Estimate       S.E.  Est./S.E.    P-Value

    NETPUSE_           0.939      0.005    180.932      0.000
    NETPUSE_           0.924      0.006    154.184      0.000
    NETPUSE_           0.911      0.007    125.935      0.000
    NETPUSE_           0.905      0.009     99.673      0.000
    NETPUSE_           0.909      0.010     89.891      0.000
    NETPUSE_           0.922      0.009     98.702      0.000

Class 2

    Observed                                        Two-Tailed
    Variable        Estimate       S.E.  Est./S.E.    P-Value

    NETPUSE_           0.941      0.006    147.694      0.000
    NETPUSE_           0.924      0.007    126.683      0.000
    NETPUSE_           0.907      0.008    108.365      0.000
    NETPUSE_           0.896      0.010     85.449      0.000
    NETPUSE_           0.897      0.012     72.699      0.000
    NETPUSE_           0.911      0.012     77.414      0.000


     Beginning Time:  11:11:56
        Ending Time:  11:12:04
       Elapsed Time:  00:00:08



MUTHEN & MUTHEN
3463 Stoner Ave.
Los Angeles, CA  90066

Tel: (310) 391-9971
Fax: (310) 391-8971
Web: www.StatModel.com
Support: Support@StatModel.com

Copyright (c) 1998-2021 Muthen & Muthen
