Mplus VERSION 8.6
MUTHEN & MUTHEN
07/12/2021   8:08 PM

INPUT INSTRUCTIONS

  TITLE: Your title goes here

   DATA: FILE = data.dta;

   VARIABLE:

   NAMES = pidp gridmode mm hidp_5 hidp_6 hidp_7 hidp_8 hidp_9 hidp_10 indmode_5
       indmode_6 indmode_7 indmode_8 indmode_9 indmode_10 mode_type_all mode_type_no9
       mode_type_567 mode_type_7 all no9 p567 p7 switch_all switch_no9 switch_567
       switch_7 lkmove_5 xpmove_5 caruse_5 mobuse_5 netpuse_5 aidxhh_5 jbhas_5 j2has_5
       finnow_5 finfut_5 howlng_5 vote1_5 vote6_5 scsf1_5 scsf2a_5 scsf2b_5 scsf3a_5
       scsf3b_5 scsf4a_5 scsf4b_5 scsf5_5 scsf6a_5 scsf6b_5 scsf6c_5 scsf7_5 scghqa_5
       scghqb_5 scghqc_5 scghqd_5 scghqe_5 scghqf_5 scghqg_5 scghqh_5 scghqi_5
       scghqj_5 scghqk_5 scghql_5 lkmove_6 xpmove_6 caruse_6 mobuse_6 netpuse_6
       aidxhh_6 jbhas_6 j2has_6 finnow_6 finfut_6 howlng_6 vote1_6 vote6_6 scsf1_6
       scsf2a_6 scsf2b_6 scsf3a_6 scsf3b_6 scsf4a_6 scsf4b_6 scsf5_6 scsf6a_6 scsf6b_6
       scsf6c_6 scsf7_6 scghqa_6 scghqb_6 scghqc_6 scghqd_6 scghqe_6 scghqf_6 scghqg_6
       scghqh_6 scghqi_6 scghqj_6 scghqk_6 scghql_6 lkmove_7 xpmove_7 caruse_7
       mobuse_7 netpuse_7 smoker_7 aidxhh_7 jbhas_7 jbterm1_7 jbsemp_7 j2has_7
       fiyrdia_7 finnow_7 finfut_7 howlng_7 vote1_7 vote6_7 scsf2a_7 scsf2b_7 scsf3a_7
       scsf3b_7 scsf4a_7 scsf4b_7 scsf5_7 scsf6a_7 scsf6b_7 scsf6c_7 scsf7_7 scghqa_7
       scghqb_7 scghqc_7 scghqd_7 scghqe_7 scghqf_7 scghqg_7 scghqh_7 scghqi_7
       scghqj_7 scghqk_7 scghql_7 scsf1_7 lkmove_8 xpmove_8 caruse_8 mobuse_8
       netpuse_8 smoker_8 aidxhh_8 jbhas_8 jbterm1_8 jbsemp_8 j2has_8 fiyrdia_8
       finnow_8 finfut_8 scsf2a_8 scsf2b_8 scsf3a_8 scsf3b_8 scsf4a_8 scsf4b_8 scsf5_8
       scsf6a_8 scsf6b_8 scsf6c_8 scsf7_8 scghqa_8 scghqb_8 scghqc_8 scghqd_8 scghqe_8
       scghqf_8 scghqg_8 scghqh_8 scghqi_8 scghqj_8 scghqk_8 scghql_8 scsf1_8 mobuse_9
       netpuse_9 smoker_9 jbhas_9 jbterm1_9 jbsemp_9 j2has_9 fiyrdia_9 finnow_9
       finfut_9 lkmove_10 xpmove_10 mobuse_10 netpuse_10 smoker_10 aidxhh_10 jbhas_10
       jbterm1_10 jbsemp_10 j2has_10 fiyrdia_10 finnow_10 finfut_10 scsf1_10 scsf2a_10
       scsf2b_10 scsf3a_10 scsf3b_10 scsf4a_10 scsf4b_10 scsf5_10 scsf6a_10 scsf6b_10
       scsf6c_10 scsf7_10 scghqa_10 scghqb_10 scghqc_10 scghqd_10 scghqe_10 scghqf_10
       scghqg_10 scghqh_10 scghqi_10 scghqj_10 scghqk_10 scghql_10 edu agecat female
       partner sf1 longill london north urban refresh Higher A level GCSE Other age_35
       age_55 age_75 age_102 pred_all pred_no9 pred_p567 pred_p7 pred_all_w pred_no9_w
       pred_p567_w pred_p7_w;

   MISSING=.;

   USEVARIABLES ARE
   scsf3a_5
   scsf3a_6
   scsf3a_7
   scsf3a_8
   scsf3a_10;
   CLASSES = c(2);

    KNOWNCLASS = c(no9= 1 2);
  WEIGHT IS pred_no9_w;

   ANALYSIS:


      TYPE = MIXTURE;

      ESTIMATOR = MLR;

      ALGORITHM = INTEGRATION;

      Processors = 8(starts);

      STARTS = 800 200;

   Model:


      %OVERALL%

  i s | scsf3a_5@0 scsf3a_6@1 scsf3a_7@2 scsf3a_8@3 scsf3a_10@5;;

  scsf3a_5 (a);
   scsf3a_6 (a);
   scsf3a_7 (a);
   scsf3a_8 (a);
   scsf3a_10 (a);

   %c#1%
  [s] (a); s ;
   s WITH i ;
   i ;


   %c#2%
  [s] (a); s ;
   s WITH i ;
   i ;


   OUTPUT: SAMPSTAT;

                                  STDYX;




*** WARNING in VARIABLE command
  Note that only the first 8 characters of variable names are used in the output.
  Shorten variable names to avoid any confusion.
*** WARNING
  One or more observations has a value of 0 for the WEIGHT variable.
*** WARNING
  Data set contains unknown or missing values for variable NO9.
  This variable is used to determine the KNOWNCLASS specification.
  Number of such cases:  111
*** WARNING
  Data set contains cases with missing on all variables.
  These cases were not included in the analysis.
  Number of cases with missing on all variables:  112
   4 WARNING(S) FOUND IN THE INPUT INSTRUCTIONS



Your title goes here

SUMMARY OF ANALYSIS

Number of groups                                                 1
Number of observations                                        1834

Number of dependent variables                                    5
Number of independent variables                                  0
Number of continuous latent variables                            2
Number of categorical latent variables                           1

Observed dependent variables

  Continuous
   SCSF3A_5    SCSF3A_6    SCSF3A_7    SCSF3A_8    SCSF3A_10

Continuous latent variables
   I           S

Categorical latent variables
   C

  Knownclass            C

Variables with special functions

  Weight variable       PRED_NO9

Estimator                                                      MLR
Information matrix                                        OBSERVED
Optimization Specifications for the Quasi-Newton Algorithm for
Continuous Outcomes
  Maximum number of iterations                                 100
  Convergence criterion                                  0.100D-05
Optimization Specifications for the EM Algorithm
  Maximum number of iterations                                 500
  Convergence criteria
    Loglikelihood change                                 0.100D-02
    Relative loglikelihood change                        0.100D-05
    Derivative                                           0.100D-02
Optimization Specifications for the M step of the EM Algorithm for
Categorical Latent variables
  Number of M step iterations                                    1
  M step convergence criterion                           0.100D-02
  Basis for M step termination                           ITERATION
Optimization Specifications for the M step of the EM Algorithm for
Censored, Binary or Ordered Categorical (Ordinal), Unordered
Categorical (Nominal) and Count Outcomes
  Number of M step iterations                                    1
  M step convergence criterion                           0.100D-02
  Basis for M step termination                           ITERATION
  Maximum value for logit thresholds                            15
  Minimum value for logit thresholds                           -15
  Minimum expected cell size for chi-square              0.100D-01
Maximum number of iterations for H1                           2000
Convergence criterion for H1                             0.100D-03
Optimization algorithm                                         EMA
Integration Specifications
  Type                                                    STANDARD
  Number of integration points                                  15
  Dimensions of numerical integration                            0
  Adaptive quadrature                                           ON
Random Starts Specifications
  Number of initial stage random starts                        800
  Number of final stage optimizations                          200
  Number of initial stage iterations                            10
  Initial stage convergence criterion                    0.100D+01
  Random starts scale                                    0.500D+01
  Random seed for generating random starts                       0
Cholesky                                                       OFF

Input data file(s)
  data.dta
Input data format  FREE


SUMMARY OF DATA

     Number of missing data patterns            31
     Number of y missing data patterns          31
     Number of u missing data patterns           0


COVARIANCE COVERAGE OF DATA

Minimum covariance coverage value   0.100


     PROPORTION OF DATA PRESENT FOR Y


           Covariance Coverage
              SCSF3A_5      SCSF3A_6      SCSF3A_7      SCSF3A_8      SCSF3A_1
              ________      ________      ________      ________      ________
 SCSF3A_5       0.388
 SCSF3A_6       0.293         0.461
 SCSF3A_7       0.267         0.342         0.600
 SCSF3A_8       0.255         0.329         0.478         0.585
 SCSF3A_1       0.224         0.287         0.397         0.426         0.635


SAMPLE STATISTICS


     ESTIMATED SAMPLE STATISTICS FOR CLASS 1


           Means
              SCSF3A_5      SCSF3A_6      SCSF3A_7      SCSF3A_8      SCSF3A_1
              ________      ________      ________      ________      ________
                3.909         3.796         3.866         3.816         3.753


           Covariances
              SCSF3A_5      SCSF3A_6      SCSF3A_7      SCSF3A_8      SCSF3A_1
              ________      ________      ________      ________      ________
 SCSF3A_5       1.531
 SCSF3A_6       1.245         1.902
 SCSF3A_7       0.855         1.117         1.582
 SCSF3A_8       0.863         1.170         1.115         1.669
 SCSF3A_1       0.758         0.877         0.785         0.863         1.691


           Correlations
              SCSF3A_5      SCSF3A_6      SCSF3A_7      SCSF3A_8      SCSF3A_1
              ________      ________      ________      ________      ________
 SCSF3A_5       1.000
 SCSF3A_6       0.730         1.000
 SCSF3A_7       0.550         0.644         1.000
 SCSF3A_8       0.540         0.657         0.686         1.000
 SCSF3A_1       0.471         0.489         0.480         0.513         1.000


     ESTIMATED SAMPLE STATISTICS FOR CLASS 2


           Means
              SCSF3A_5      SCSF3A_6      SCSF3A_7      SCSF3A_8      SCSF3A_1
              ________      ________      ________      ________      ________
                4.108         3.971         4.148         4.077         4.025


           Covariances
              SCSF3A_5      SCSF3A_6      SCSF3A_7      SCSF3A_8      SCSF3A_1
              ________      ________      ________      ________      ________
 SCSF3A_5       1.379
 SCSF3A_6       0.909         1.574
 SCSF3A_7       0.752         0.896         1.238
 SCSF3A_8       0.754         0.795         0.780         1.290
 SCSF3A_1       0.716         0.896         0.726         0.839         1.446


           Correlations
              SCSF3A_5      SCSF3A_6      SCSF3A_7      SCSF3A_8      SCSF3A_1
              ________      ________      ________      ________      ________
 SCSF3A_5       1.000
 SCSF3A_6       0.617         1.000
 SCSF3A_7       0.576         0.642         1.000
 SCSF3A_8       0.566         0.558         0.618         1.000
 SCSF3A_1       0.507         0.594         0.543         0.614         1.000


UNIVARIATE SAMPLE STATISTICS


     UNIVARIATE HIGHER-ORDER MOMENT DESCRIPTIVE STATISTICS

         Variable/         Mean/     Skewness/   Minimum/ % with                Percentiles
        Sample Size      Variance    Kurtosis    Maximum  Min/Max      20%/60%    40%/80%    Median

     SCSF3A_5              4.028      -0.966       1.000    3.65%       3.000      4.000      5.000
             712.000       1.438      -0.193       5.000   58.29%       5.000      5.000
     SCSF3A_6              3.838      -0.814       1.000    5.33%       3.000      4.000      5.000
             845.000       1.818      -0.635       5.000   54.20%       5.000      5.000
     SCSF3A_7              4.034      -0.970       1.000    3.72%       3.000      4.000      5.000
            1101.000       1.412      -0.124       5.000   57.31%       5.000      5.000
     SCSF3A_8              3.939      -0.927       1.000    3.82%       3.000      4.000      5.000
            1073.000       1.527      -0.235       5.000   55.55%       5.000      5.000
     SCSF3A_10             3.912      -0.850       1.000    4.89%       3.000      4.000      5.000
            1165.000       1.572      -0.486       5.000   53.13%       5.000      5.000

RANDOM STARTS RESULTS RANKED FROM THE BEST TO THE WORST LOGLIKELIHOOD VALUES

Final stage loglikelihood values at local maxima, seeds, and initial stage start numbers:

          -10125.429  563584           657
          -10125.429  220492           743
          -10125.429  349263           263
          -10125.429  742609           531
          -10125.429  535804           111
          -10125.429  396795           323
          -10125.429  863691           481
          -10125.429  858804           534
          -10125.429  519357           559
          -10125.429  157351           579
          -10125.429  961454           665
          -10125.429  629320           222
          -10125.429  745972           521
          -10125.429  941525           609
          -10125.429  992389           77
          -10125.429  161421           519
          -10125.429  948615           140
          -10125.429  405371           569
          -10125.429  855760           593
          -10125.429  626087           314
          -10125.429  266008           656
          -10125.429  131856           90
          -10125.429  485256           371
          -10125.429  40340            188
          -10125.429  754100           56
          -10125.429  565819           65
          -10125.429  15715            274
          -10125.429  405079           68
          -10125.429  580405           286
          -10125.429  566739           575
          -10125.429  920593           611
          -10125.429  501995           791
          -10125.429  907810           795
          -10125.429  568859           49
          -10125.429  36714            201
          -10125.429  971693           470
          -10125.429  253358           2
          -10125.429  391949           295
          -10125.429  552272           654
          -10125.429  327140           678
          -10125.429  352277           42
          -10125.429  856612           700
          -10125.429  286735           175
          -10125.429  21132            351
          -10125.429  878749           728
          -10125.429  329127           185
          -10125.429  138695           783
          -10125.429  965994           396
          -10125.429  21345            199
          -10125.429  772131           407
          -10125.429  55115            408
          -10125.429  392407           221
          -10125.429  263049           454
          -10125.429  17359            227
          -10125.429  354395           486
          -10125.429  824126           287
          -10125.429  92091            649
          -10125.429  373702           669
          -10125.429  59963            670
          -10125.429  636396           168
          -10125.429  712702           684
          -10125.429  529496           343
          -10125.429  35191            703
          -10125.429  579138           706
          -10125.429  462821           745
          -10125.429  775881           778
          -10125.429  853195           431
          -10125.429  499150           216
          -10125.429  66276            217
          -10125.429  188640           451
          -10125.429  830292           527
          -10125.429  78862            529
          -10125.429  371737           532
          -10125.429  539389           544
          -10125.429  351622           551
          -10125.429  117587           572
          -10125.429  294811           637
          -10125.429  953843           651
          -10125.429  848590           694
          -10125.429  926762           704
          -10125.429  72662            729
          -10125.429  42523            730
          -10125.429  22362            365
          -10125.429  317868           740
          -10125.429  736574           414
          -10125.429  798821           423
          -10125.429  781190           219
          -10125.429  224950           455
          -10125.429  301180           236
          -10125.429  701525           239
          -10125.429  609089           241
          -10125.429  618760           489
          -10125.429  153942           31
          -10125.429  789985           67
          -10125.429  788796           145
          -10125.429  790452           303
          -10125.429  966014           37
          -10125.429  150531           154
          -10125.429  951709           348
          -10125.429  964570           701
          -10125.429  402224           91
          -10125.429  241197           747
          -10125.429  995913           787
          -10125.429  605565           404
          -10125.429  107446           12
          -10125.429  263221           447
          -10125.429  136842           58
          -10125.429  823392           479
          -10125.429  327475           518
          -10125.429  715255           523
          -10125.429  434915           552
          -10125.429  999211           628
          -10125.429  383986           159
          -10125.429  303634           169
          -10125.429  278692           342
          -10125.429  556929           734
          -10125.429  760850           739
          -10125.429  251641           784
          -10125.429  73576            213
          -10125.429  997222           229
          -10125.429  945065           255
          -10125.429  154575           539
          -10125.429  248742           556
          -10125.429  130011           587
          -10125.429  260601           36
          -10125.429  566687           597
          -10125.429  393232           152
          -10125.429  313306           612
          -10125.429  479273           156
          -10125.429  778953           635
          -10125.429  567165           319
          -10125.429  865906           641
          -10125.429  876943           650
          -10125.429  314757           345
          -10125.429  544048           87
          -10125.429  526324           178
          -10125.429  850545           357
          -10125.429  621542           375
          -10125.429  247224           94
          -10125.429  403801           762
          -10125.429  638577           769
          -10125.429  251680           794
          -10125.429  576220           115
          -10125.429  887580           493
          -10125.429  471438           252
          -10125.429  79212            517
          -10125.429  311214           64
          -10125.429  279850           555
          -10125.429  545140           278
          -10125.429  211281           292
          -10125.429  471398           74
          -10125.429  81117            305
          -10125.429  76337            76
          -10125.429  763285           620
          -10125.429  459221           652
          -10125.429  608496           4
          -10125.429  314084           81
          -10125.429  22075            659
          -10125.429  722748           346
          -10125.429  415931           10
          -10125.429  318177           748
          -10125.429  549244           756
          -10125.429  458181           189
          -10125.429  923437           398
          -10125.429  303834           798
          -10125.429  637095           207
          -10125.429  903420           5
          -10125.429  673496           218
          -10125.429  195353           225
          -10125.429  814975           129
          -10125.429  192071           142
          -10125.429  342019           301
          -10125.429  442072           625
          -10125.429  821011           161
          -10125.429  418686           338
          -10125.429  132336           362
          -10125.429  395754           388
          -10125.429  275475           413
          -10125.429  608849           224
          -10125.429  860102           495
          -10125.429  931874           141
          -10125.429  484501           163
          -10125.429  350608           334
          -10125.429  404426           344
          -10125.429  848969           173
          -10125.429  319144           176
          -10125.429  836066           372
          -10125.429  918558           412
          -10125.429  762461           425
          -10125.429  399380           436
          -10125.429  321390           133
          -10125.429  679832           302
          -10125.429  662718           460
          -10125.429  252949           487
          -10125.429  484406           421
          -10125.429  118438           601
          -10125.429  371246           101
          -10125.429  700349           401
          -10125.429  294669           501

Unperturbed starting value run did not converge or was rejected in the third stage.



THE BEST LOGLIKELIHOOD VALUE HAS BEEN REPLICATED.  RERUN WITH AT LEAST TWICE THE
RANDOM STARTS TO CHECK THAT THE BEST LOGLIKELIHOOD IS STILL OBTAINED AND REPLICATED.


THE MODEL ESTIMATION TERMINATED NORMALLY



MODEL FIT INFORMATION

Number of Free Parameters                       10

Loglikelihood

          H0 Value                      -10125.429
          H0 Scaling Correction Factor      2.5219
            for MLR

Information Criteria

          Akaike (AIC)                   20270.857
          Bayesian (BIC)                 20326.000
          Sample-Size Adjusted BIC       20294.230
            (n* = (n + 2) / 24)



FINAL CLASS COUNTS AND PROPORTIONS FOR THE LATENT CLASSES
BASED ON THE ESTIMATED MODEL

    Latent
   Classes

       1       1296.00000          0.70665
       2        538.00000          0.29335


MODEL RESULTS

                                                    Two-Tailed
                    Estimate       S.E.  Est./S.E.    P-Value

Latent Class 1 (1)

 I        |
    SCSF3A_5           1.000      0.000    999.000    999.000
    SCSF3A_6           1.000      0.000    999.000    999.000
    SCSF3A_7           1.000      0.000    999.000    999.000
    SCSF3A_8           1.000      0.000    999.000    999.000
    SCSF3A_10          1.000      0.000    999.000    999.000

 S        |
    SCSF3A_5           0.000      0.000    999.000    999.000
    SCSF3A_6           1.000      0.000    999.000    999.000
    SCSF3A_7           2.000      0.000    999.000    999.000
    SCSF3A_8           3.000      0.000    999.000    999.000
    SCSF3A_10          5.000      0.000    999.000    999.000

 S        WITH
    I                 -0.474      0.056     -8.484      0.000

 Means
    I                  3.189      0.084     37.795      0.000
    S                  0.343      0.016     21.310      0.000

 Intercepts
    SCSF3A_5           0.000      0.000    999.000    999.000
    SCSF3A_6           0.000      0.000    999.000    999.000
    SCSF3A_7           0.000      0.000    999.000    999.000
    SCSF3A_8           0.000      0.000    999.000    999.000
    SCSF3A_10          0.000      0.000    999.000    999.000

 Variances
    I                  2.138      0.179     11.956      0.000
    S                  0.229      0.026      8.752      0.000

 Residual Variances
    SCSF3A_5           0.343      0.016     21.310      0.000
    SCSF3A_6           0.343      0.016     21.310      0.000
    SCSF3A_7           0.343      0.016     21.310      0.000
    SCSF3A_8           0.343      0.016     21.310      0.000
    SCSF3A_10          0.343      0.016     21.310      0.000

Latent Class 2 (2)

 I        |
    SCSF3A_5           1.000      0.000    999.000    999.000
    SCSF3A_6           1.000      0.000    999.000    999.000
    SCSF3A_7           1.000      0.000    999.000    999.000
    SCSF3A_8           1.000      0.000    999.000    999.000
    SCSF3A_10          1.000      0.000    999.000    999.000

 S        |
    SCSF3A_5           0.000      0.000    999.000    999.000
    SCSF3A_6           1.000      0.000    999.000    999.000
    SCSF3A_7           2.000      0.000    999.000    999.000
    SCSF3A_8           3.000      0.000    999.000    999.000
    SCSF3A_10          5.000      0.000    999.000    999.000

 S        WITH
    I                 -0.414      0.063     -6.604      0.000

 Means
    I                  3.271      0.120     27.225      0.000
    S                  0.343      0.016     21.310      0.000

 Intercepts
    SCSF3A_5           0.000      0.000    999.000    999.000
    SCSF3A_6           0.000      0.000    999.000    999.000
    SCSF3A_7           0.000      0.000    999.000    999.000
    SCSF3A_8           0.000      0.000    999.000    999.000
    SCSF3A_10          0.000      0.000    999.000    999.000

 Variances
    I                  1.876      0.272      6.889      0.000
    S                  0.162      0.017      9.354      0.000

 Residual Variances
    SCSF3A_5           0.343      0.016     21.310      0.000
    SCSF3A_6           0.343      0.016     21.310      0.000
    SCSF3A_7           0.343      0.016     21.310      0.000
    SCSF3A_8           0.343      0.016     21.310      0.000
    SCSF3A_10          0.343      0.016     21.310      0.000

Categorical Latent Variables

 Means
    C#1                0.879      0.066     13.233      0.000


QUALITY OF NUMERICAL RESULTS

     Condition Number for the Information Matrix              0.270E-03
       (ratio of smallest to largest eigenvalue)


STANDARDIZED MODEL RESULTS


STDYX Standardization

                                                    Two-Tailed
                    Estimate       S.E.  Est./S.E.    P-Value

Latent Class 1 (1)

 I        |
    SCSF3A_5           0.928      0.006    162.748      0.000
    SCSF3A_6           1.102      0.021     52.994      0.000
    SCSF3A_7           1.193      0.050     24.087      0.000
    SCSF3A_8           1.121      0.072     15.489      0.000
    SCSF3A_10          0.785      0.066     11.908      0.000

 S        |
    SCSF3A_5           0.000      0.000    999.000    999.000
    SCSF3A_6           0.361      0.024     14.791      0.000
    SCSF3A_7           0.782      0.051     15.327      0.000
    SCSF3A_8           1.102      0.062     17.860      0.000
    SCSF3A_10          1.285      0.053     24.467      0.000

 S        WITH
    I                 -0.677      0.039    -17.456      0.000

 Means
    I                  2.181      0.142     15.395      0.000
    S                  0.716      0.034     21.060      0.000

 Intercepts
    SCSF3A_5           0.000      0.000    999.000    999.000
    SCSF3A_6           0.000      0.000    999.000    999.000
    SCSF3A_7           0.000      0.000    999.000    999.000
    SCSF3A_8           0.000      0.000    999.000    999.000
    SCSF3A_10          0.000      0.000    999.000    999.000

 Variances
    I                  1.000      0.000    999.000    999.000
    S                  1.000      0.000    999.000    999.000

 Residual Variances
    SCSF3A_5           0.138      0.011     13.056      0.000
    SCSF3A_6           0.195      0.015     13.051      0.000
    SCSF3A_7           0.228      0.017     13.579      0.000
    SCSF3A_8           0.202      0.017     11.711      0.000
    SCSF3A_10          0.099      0.011      8.941      0.000

Latent Class 2 (2)

 I        |
    SCSF3A_5           0.919      0.010     90.421      0.000
    SCSF3A_6           1.099      0.025     44.474      0.000
    SCSF3A_7           1.244      0.065     18.995      0.000
    SCSF3A_8           1.253      0.116     10.814      0.000
    SCSF3A_10          0.937      0.122      7.684      0.000

 S        |
    SCSF3A_5           0.000      0.000    999.000    999.000
    SCSF3A_6           0.323      0.024     13.450      0.000
    SCSF3A_7           0.732      0.051     14.465      0.000
    SCSF3A_8           1.105      0.073     15.199      0.000
    SCSF3A_10          1.378      0.093     14.753      0.000

 S        WITH
    I                 -0.750      0.048    -15.498      0.000

 Means
    I                  2.388      0.257      9.292      0.000
    S                  0.852      0.035     24.599      0.000

 Intercepts
    SCSF3A_5           0.000      0.000    999.000    999.000
    SCSF3A_6           0.000      0.000    999.000    999.000
    SCSF3A_7           0.000      0.000    999.000    999.000
    SCSF3A_8           0.000      0.000    999.000    999.000
    SCSF3A_10          0.000      0.000    999.000    999.000

 Variances
    I                  1.000      0.000    999.000    999.000
    S                  1.000      0.000    999.000    999.000

 Residual Variances
    SCSF3A_5           0.155      0.019      8.265      0.000
    SCSF3A_6           0.221      0.025      8.728      0.000
    SCSF3A_7           0.283      0.026     10.849      0.000
    SCSF3A_8           0.287      0.028     10.371      0.000
    SCSF3A_10          0.161      0.023      7.057      0.000


R-SQUARE

Class 1

    Observed                                        Two-Tailed
    Variable        Estimate       S.E.  Est./S.E.    P-Value

    SCSF3A_5           0.862      0.011     81.374      0.000
    SCSF3A_6           0.805      0.015     53.983      0.000
    SCSF3A_7           0.772      0.017     45.862      0.000
    SCSF3A_8           0.798      0.017     46.329      0.000
    SCSF3A_1           0.901      0.011     81.593      0.000

Class 2

    Observed                                        Two-Tailed
    Variable        Estimate       S.E.  Est./S.E.    P-Value

    SCSF3A_5           0.845      0.019     45.210      0.000
    SCSF3A_6           0.779      0.025     30.800      0.000
    SCSF3A_7           0.717      0.026     27.491      0.000
    SCSF3A_8           0.713      0.028     25.774      0.000
    SCSF3A_1           0.839      0.023     36.875      0.000


     Beginning Time:  20:08:08
        Ending Time:  20:08:15
       Elapsed Time:  00:00:07



MUTHEN & MUTHEN
3463 Stoner Ave.
Los Angeles, CA  90066

Tel: (310) 391-9971
Fax: (310) 391-8971
Web: www.StatModel.com
Support: Support@StatModel.com

Copyright (c) 1998-2021 Muthen & Muthen
