Mplus VERSION 8.6
MUTHEN & MUTHEN
07/12/2021   6:29 PM

INPUT INSTRUCTIONS

  TITLE: Your title goes here

   DATA: FILE = data.dta;

   VARIABLE:

   NAMES = pidp gridmode mm hidp_5 hidp_6 hidp_7 hidp_8 hidp_9 hidp_10 indmode_5
       indmode_6 indmode_7 indmode_8 indmode_9 indmode_10 mode_type_all mode_type_no9
       mode_type_567 mode_type_7 all no9 p567 p7 switch_all switch_no9 switch_567
       switch_7 lkmove_5 xpmove_5 caruse_5 mobuse_5 netpuse_5 aidxhh_5 jbhas_5 j2has_5
       finnow_5 finfut_5 howlng_5 vote1_5 vote6_5 scsf1_5 scsf2a_5 scsf2b_5 scsf3a_5
       scsf3b_5 scsf4a_5 scsf4b_5 scsf5_5 scsf6a_5 scsf6b_5 scsf6c_5 scsf7_5 scghqa_5
       scghqb_5 scghqc_5 scghqd_5 scghqe_5 scghqf_5 scghqg_5 scghqh_5 scghqi_5
       scghqj_5 scghqk_5 scghql_5 lkmove_6 xpmove_6 caruse_6 mobuse_6 netpuse_6
       aidxhh_6 jbhas_6 j2has_6 finnow_6 finfut_6 howlng_6 vote1_6 vote6_6 scsf1_6
       scsf2a_6 scsf2b_6 scsf3a_6 scsf3b_6 scsf4a_6 scsf4b_6 scsf5_6 scsf6a_6 scsf6b_6
       scsf6c_6 scsf7_6 scghqa_6 scghqb_6 scghqc_6 scghqd_6 scghqe_6 scghqf_6 scghqg_6
       scghqh_6 scghqi_6 scghqj_6 scghqk_6 scghql_6 lkmove_7 xpmove_7 caruse_7
       mobuse_7 netpuse_7 smoker_7 aidxhh_7 jbhas_7 jbterm1_7 jbsemp_7 j2has_7
       fiyrdia_7 finnow_7 finfut_7 howlng_7 vote1_7 vote6_7 scsf2a_7 scsf2b_7 scsf3a_7
       scsf3b_7 scsf4a_7 scsf4b_7 scsf5_7 scsf6a_7 scsf6b_7 scsf6c_7 scsf7_7 scghqa_7
       scghqb_7 scghqc_7 scghqd_7 scghqe_7 scghqf_7 scghqg_7 scghqh_7 scghqi_7
       scghqj_7 scghqk_7 scghql_7 scsf1_7 lkmove_8 xpmove_8 caruse_8 mobuse_8
       netpuse_8 smoker_8 aidxhh_8 jbhas_8 jbterm1_8 jbsemp_8 j2has_8 fiyrdia_8
       finnow_8 finfut_8 scsf2a_8 scsf2b_8 scsf3a_8 scsf3b_8 scsf4a_8 scsf4b_8 scsf5_8
       scsf6a_8 scsf6b_8 scsf6c_8 scsf7_8 scghqa_8 scghqb_8 scghqc_8 scghqd_8 scghqe_8
       scghqf_8 scghqg_8 scghqh_8 scghqi_8 scghqj_8 scghqk_8 scghql_8 scsf1_8 mobuse_9
       netpuse_9 smoker_9 jbhas_9 jbterm1_9 jbsemp_9 j2has_9 fiyrdia_9 finnow_9
       finfut_9 lkmove_10 xpmove_10 mobuse_10 netpuse_10 smoker_10 aidxhh_10 jbhas_10
       jbterm1_10 jbsemp_10 j2has_10 fiyrdia_10 finnow_10 finfut_10 scsf1_10 scsf2a_10
       scsf2b_10 scsf3a_10 scsf3b_10 scsf4a_10 scsf4b_10 scsf5_10 scsf6a_10 scsf6b_10
       scsf6c_10 scsf7_10 scghqa_10 scghqb_10 scghqc_10 scghqd_10 scghqe_10 scghqf_10
       scghqg_10 scghqh_10 scghqi_10 scghqj_10 scghqk_10 scghql_10 edu agecat female
       partner sf1 longill london north urban refresh Higher A level GCSE Other age_35
       age_55 age_75 age_102 pred_all pred_no9 pred_p567 pred_p7 pred_all_w pred_no9_w
       pred_p567_w pred_p7_w;

   MISSING=.;

   USEVARIABLES ARE
   scghqk_5
   scghqk_6
   scghqk_7
   scghqk_8
   scghqk_10;

   CATEGORICAL ARE
   scghqk_5
   scghqk_6
   scghqk_7
   scghqk_8
   scghqk_10;
   CLASSES = c(2);

    KNOWNCLASS = c(no9= 1 2);
  WEIGHT IS pred_no9_w;

   ANALYSIS:


      TYPE = MIXTURE;

      ESTIMATOR = MLR;

      ALGORITHM = INTEGRATION;

      Processors = 8(starts);

      STARTS = 800 200;

   Model:


      %OVERALL%

  i s | scghqk_5@0 scghqk_6@1 scghqk_7@2 scghqk_8@3 scghqk_10@5;
   %c#1%
  [s] ;
   s ;
   s WITH i ;
   i ;

   %c#2%
  [s] ;
   s ;
   s WITH i ;
   i ;

   OUTPUT: SAMPSTAT;

                                  STDYX;




*** WARNING in VARIABLE command
  Note that only the first 8 characters of variable names are used in the output.
  Shorten variable names to avoid any confusion.
*** WARNING
  One or more observations has a value of 0 for the WEIGHT variable.
*** WARNING
  Data set contains unknown or missing values for variable NO9.
  This variable is used to determine the KNOWNCLASS specification.
  Number of such cases:  111
*** WARNING
  Data set contains cases with missing on all variables.
  These cases were not included in the analysis.
  Number of cases with missing on all variables:  102
   4 WARNING(S) FOUND IN THE INPUT INSTRUCTIONS



Your title goes here

SUMMARY OF ANALYSIS

Number of groups                                                 1
Number of observations                                        1844

Number of dependent variables                                    5
Number of independent variables                                  0
Number of continuous latent variables                            2
Number of categorical latent variables                           1

Observed dependent variables

  Binary and ordered categorical (ordinal)
   SCGHQK_5    SCGHQK_6    SCGHQK_7    SCGHQK_8    SCGHQK_1

Continuous latent variables
   I           S

Categorical latent variables
   C

  Knownclass            C

Variables with special functions

  Weight variable       PRED_NO9

Estimator                                                      MLR
Information matrix                                        OBSERVED
Optimization Specifications for the Quasi-Newton Algorithm for
Continuous Outcomes
  Maximum number of iterations                                 100
  Convergence criterion                                  0.100D-05
Optimization Specifications for the EM Algorithm
  Maximum number of iterations                                 500
  Convergence criteria
    Loglikelihood change                                 0.100D-02
    Relative loglikelihood change                        0.100D-05
    Derivative                                           0.100D-02
Optimization Specifications for the M step of the EM Algorithm for
Categorical Latent variables
  Number of M step iterations                                    1
  M step convergence criterion                           0.100D-02
  Basis for M step termination                           ITERATION
Optimization Specifications for the M step of the EM Algorithm for
Censored, Binary or Ordered Categorical (Ordinal), Unordered
Categorical (Nominal) and Count Outcomes
  Number of M step iterations                                    1
  M step convergence criterion                           0.100D-02
  Basis for M step termination                           ITERATION
  Maximum value for logit thresholds                            15
  Minimum value for logit thresholds                           -15
  Minimum expected cell size for chi-square              0.100D-01
Maximum number of iterations for H1                           2000
Convergence criterion for H1                             0.100D-03
Optimization algorithm                                         EMA
Integration Specifications
  Type                                                    STANDARD
  Number of integration points                                  15
  Dimensions of numerical integration                            2
  Adaptive quadrature                                           ON
Random Starts Specifications
  Number of initial stage random starts                        800
  Number of final stage optimizations                          200
  Number of initial stage iterations                            10
  Initial stage convergence criterion                    0.100D+01
  Random starts scale                                    0.500D+01
  Random seed for generating random starts                       0
Link                                                         LOGIT
Cholesky                                                        ON

Input data file(s)
  data.dta
Input data format  FREE


SUMMARY OF DATA

     Number of missing data patterns            31
     Number of y missing data patterns           0
     Number of u missing data patterns          31


COVARIANCE COVERAGE OF DATA

Minimum covariance coverage value   0.100


     PROPORTION OF DATA PRESENT FOR U


           Covariance Coverage
              SCGHQK_5      SCGHQK_6      SCGHQK_7      SCGHQK_8      SCGHQK_1
              ________      ________      ________      ________      ________
 SCGHQK_5       0.386
 SCGHQK_6       0.292         0.457
 SCGHQK_7       0.265         0.338         0.595
 SCGHQK_8       0.252         0.325         0.472         0.580
 SCGHQK_1       0.224         0.287         0.401         0.434         0.648


UNIVARIATE PROPORTIONS AND COUNTS FOR CATEGORICAL VARIABLES

    SCGHQK_5
      Category 1    0.670          736.969
      Category 2    0.234          257.746
      Category 3    0.060           65.966
      Category 4    0.035           38.832
    SCGHQK_6
      Category 1    0.637          866.825
      Category 2    0.273          371.366
      Category 3    0.071           96.055
      Category 4    0.019           25.901
    SCGHQK_7
      Category 1    0.724          856.267
      Category 2    0.211          249.870
      Category 3    0.037           44.000
      Category 4    0.027           32.513
    SCGHQK_8
      Category 1    0.717          790.630
      Category 2    0.212          234.057
      Category 3    0.052           57.869
      Category 4    0.019           20.642
    SCGHQK_1
      Category 1    0.664          641.677
      Category 2    0.254          245.213
      Category 3    0.056           54.226
      Category 4    0.026           25.466


SAMPLE STATISTICS

RANDOM STARTS RESULTS RANKED FROM THE BEST TO THE WORST LOGLIKELIHOOD VALUES

Final stage loglikelihood values at local maxima, seeds, and initial stage start numbers:

           -5503.508  93468            3
           -5503.508  921023           782
           -5503.508  668003           647
           -5503.508  898745           466
           -5503.508  364676           27
           -5503.508  164305           128
           -5503.508  646573           741
           -5503.508  481835           57
           -5503.508  479273           156
           -5503.508  782821           272
           -5503.508  496703           758
           -5503.508  471040           403
           -5503.508  232559           136
           -5503.508  669639           699
           -5503.508  876943           650
           -5503.508  106561           686
           -5503.508  392751           480
           -5503.508  967902           52
           -5503.508  12477            155
           -5503.508  772131           407
           -5503.508  267983           228
           -5503.508  738393           619
           -5503.508  55115            408
           -5503.508  371246           101
           -5503.508  778953           635
           -5503.508  167409           772
           -5503.508  647617           725
           -5503.508  36714            201
           -5503.508  576726           280
           -5503.508  79212            517
           -5503.508  741484           441
           -5503.508  691234           250
           -5503.508  279850           555
           -5503.508  920593           611
           -5503.508  539751           459
           -5503.508  155622           507
           -5503.508  802256           477
           -5503.508  unperturbed      0
           -5503.508  73576            213
           -5503.508  213189           605
           -5503.508  146900           391
           -5503.508  399380           436
           -5503.508  35191            703
           -5503.508  286735           175
           -5503.508  247224           94
           -5503.508  263049           454
           -5503.508  153053           378
           -5503.508  608460           244
           -5503.508  348637           749
           -5503.508  204959           695
           -5503.508  804660           260
           -5503.508  321390           133
           -5503.508  551340           766
           -5503.508  804561           59
           -5503.508  641794           591
           -5503.508  910224           580
           -5503.508  951709           348
           -5503.508  608849           224
           -5503.508  491970           563
           -5503.508  232226           235
           -5503.508  699810           571
           -5503.508  138695           783
           -5503.508  642909           251
           -5503.508  967237           48
           -5503.508  700349           401
           -5503.508  568859           49
           -5503.508  766903           505
           -5503.508  997222           229
           -5503.508  791285           416
           -5503.508  631413           439
           -5503.508  992389           77
           -5503.508  455617           242
           -5503.508  575700           100
           -5503.508  285380           1
           -5503.508  931874           141
           -5503.508  788796           145
           -5503.508  360419           356
           -5503.508  46502            714
           -5503.508  592219           119
           -5503.508  349562           359
           -5503.508  616917           261
           -5503.508  391949           295
           -5503.508  414828           322
           -5503.508  791396           243
           -5503.508  824126           287
           -5503.508  657994           788
           -5503.508  937885           426
           -5503.508  723035           538
           -5503.508  416463           467
           -5503.508  82357            339
           -5503.508  760531           550
           -5503.508  100874           108
           -5503.508  887580           493
           -5503.508  217130           443
           -5503.508  268896           124
           -5503.508  797594           234
           -5503.508  62835            642
           -5503.508  695155           150
           -5503.508  798839           312
           -5503.508  810705           626
           -5503.508  549244           756
           -5503.508  699554           427
           -5503.508  561664           392
           -5503.508  484687           306
           -5503.508  682718           733
           -5503.508  72866            692
           -5503.508  545140           278
           -5503.508  407108           366
           -5503.508  415931           10
           -5503.508  147440           514
           -5503.508  461866           722
           -5503.508  800454           751
           -5503.508  319144           176
           -5503.508  913639           162
           -5503.508  77210            712
           -5503.508  648555           113
           -5503.508  486646           586
           -5503.508  978061           488
           -5503.508  939021           8
           -5503.508  595153           230
           -5503.508  852283           616
           -5503.508  195873           6
           -5503.508  769907           457
           -5503.508  609185           181
           -5503.508  402699           604
           -5503.508  294669           501
           -5503.508  941525           609
           -5503.508  963053           43
           -5503.508  231281           542
           -5503.508  822698           621
           -5503.508  238906           430
           -5503.508  567165           319
           -5503.508  284384           600
           -5503.508  231400           738
           -5503.508  670281           721
           -5503.508  417035           149
           -5503.508  284109           82
           -5503.508  798821           423
           -5503.508  970689           266
           -5503.508  704798           530
           -5503.508  576596           99
           -5503.508  273992           349
           -5503.508  948615           140
           -5503.508  259507           53
           -5503.508  569833           85
           -5503.508  605565           404
           -5503.508  742688           594
           -5503.508  792389           746
           -5503.508  617658           660
           -5503.508  315029           471
           -5503.508  833196           715
           -5503.508  930323           267
           -5503.508  246261           38
           -5503.508  694303           282
           -5503.508  551639           55
           -5503.508  354208           196
           -5503.508  625191           350
           -5503.508  291112           645
           -5503.508  485256           371
           -5503.508  266340           683
           -5503.508  679832           302
           -5503.508  314034           513
           -5503.508  506886           576
           -5503.508  399508           415
           -5503.508  507154           387
           -5503.508  783110           72
           -5503.508  120506           45
           -5503.510  246575           291
           -5503.512  179022           687
           -5503.514  514326           325
           -5503.514  443442           380
           -5503.514  117587           572
           -5503.515  860772           174
           -5503.515  696830           668
           -5503.515  374219           353
           -5503.515  793487           595
           -5503.515  247912           537
           -5503.516  350608           334
           -5503.516  857799           315
           -5503.516  830392           35
           -5503.516  435287           623
           -5503.517  960438           116
           -5503.517  496710           386
           -5503.517  831410           567
           -5503.517  215353           164
           -5503.932  617243           237
           -5503.941  995249           525
           -5503.945  604861           800
           -5503.947  117731           570
           -5507.140  437181           135

10 perturbed starting value run(s) did not converge or were rejected in the third stage.



THE BEST LOGLIKELIHOOD VALUE HAS BEEN REPLICATED.  RERUN WITH AT LEAST TWICE THE
RANDOM STARTS TO CHECK THAT THE BEST LOGLIKELIHOOD IS STILL OBTAINED AND REPLICATED.


THE MODEL ESTIMATION TERMINATED NORMALLY



MODEL FIT INFORMATION

Number of Free Parameters                       13

Loglikelihood

          H0 Value                       -5503.508
          H0 Scaling Correction Factor      1.9315
            for MLR

Information Criteria

          Akaike (AIC)                   11033.015
          Bayesian (BIC)                 11104.771
          Sample-Size Adjusted BIC       11063.471
            (n* = (n + 2) / 24)

Chi-Square Test of Model Fit for the Binary and Ordered Categorical
(Ordinal) Outcomes**

          Pearson Chi-Square

          Value                           2072.576
          Degrees of Freedom                  2026
          P-Value                           0.2307

          Likelihood Ratio Chi-Square

          Value                            718.714
          Degrees of Freedom                  2026
          P-Value                           1.0000

** Of the 3124 cells in the latent class indicator table, 5
   were deleted in the calculation of chi-square due to extreme values.

Chi-Square Test for MCAR under the Unrestricted Latent Class Indicator Model

          Pearson Chi-Square

          Value                           1785.477
          Degrees of Freedom                  4139
          P-Value                           1.0000

          Likelihood Ratio Chi-Square

          Value                           1354.137
          Degrees of Freedom                  4139
          P-Value                           1.0000



FINAL CLASS COUNTS AND PROPORTIONS FOR THE LATENT CLASSES
BASED ON THE ESTIMATED MODEL

    Latent
   Classes

       1       1305.00000          0.70770
       2        539.00000          0.29230


MODEL RESULTS

                                                    Two-Tailed
                    Estimate       S.E.  Est./S.E.    P-Value

Latent Class 1 (1)

 I        |
    SCGHQK_5           1.000      0.000    999.000    999.000
    SCGHQK_6           1.000      0.000    999.000    999.000
    SCGHQK_7           1.000      0.000    999.000    999.000
    SCGHQK_8           1.000      0.000    999.000    999.000
    SCGHQK_10          1.000      0.000    999.000    999.000

 S        |
    SCGHQK_5           0.000      0.000    999.000    999.000
    SCGHQK_6           1.000      0.000    999.000    999.000
    SCGHQK_7           2.000      0.000    999.000    999.000
    SCGHQK_8           3.000      0.000    999.000    999.000
    SCGHQK_10          5.000      0.000    999.000    999.000

 S        WITH
    I                 -0.341      0.237     -1.440      0.150

 Means
    I                  0.076      0.276      0.275      0.783
    S                 -0.019      0.066     -0.285      0.775

 Thresholds
    SCGHQK_5$1         1.269      0.193      6.578      0.000
    SCGHQK_5$2         3.931      0.235     16.734      0.000
    SCGHQK_5$3         5.650      0.280     20.177      0.000
    SCGHQK_6$1         1.269      0.193      6.578      0.000
    SCGHQK_6$2         3.931      0.235     16.734      0.000
    SCGHQK_6$3         5.650      0.280     20.177      0.000
    SCGHQK_7$1         1.269      0.193      6.578      0.000
    SCGHQK_7$2         3.931      0.235     16.734      0.000
    SCGHQK_7$3         5.650      0.280     20.177      0.000
    SCGHQK_8$1         1.269      0.193      6.578      0.000
    SCGHQK_8$2         3.931      0.235     16.734      0.000
    SCGHQK_8$3         5.650      0.280     20.177      0.000
    SCGHQK_1$1         1.269      0.193      6.578      0.000
    SCGHQK_1$2         3.931      0.235     16.734      0.000
    SCGHQK_1$3         5.650      0.280     20.177      0.000

 Variances
    I                  6.023      1.326      4.541      0.000
    S                  0.111      0.074      1.495      0.135

Latent Class 2 (2)

 I        |
    SCGHQK_5           1.000      0.000    999.000    999.000
    SCGHQK_6           1.000      0.000    999.000    999.000
    SCGHQK_7           1.000      0.000    999.000    999.000
    SCGHQK_8           1.000      0.000    999.000    999.000
    SCGHQK_10          1.000      0.000    999.000    999.000

 S        |
    SCGHQK_5           0.000      0.000    999.000    999.000
    SCGHQK_6           1.000      0.000    999.000    999.000
    SCGHQK_7           2.000      0.000    999.000    999.000
    SCGHQK_8           3.000      0.000    999.000    999.000
    SCGHQK_10          5.000      0.000    999.000    999.000

 S        WITH
    I                 -0.030      0.165     -0.180      0.857

 Means
    I                  0.000      0.000    999.000    999.000
    S                 -0.033      0.058     -0.573      0.567

 Thresholds
    SCGHQK_5$1         1.269      0.193      6.578      0.000
    SCGHQK_5$2         3.931      0.235     16.734      0.000
    SCGHQK_5$3         5.650      0.280     20.177      0.000
    SCGHQK_6$1         1.269      0.193      6.578      0.000
    SCGHQK_6$2         3.931      0.235     16.734      0.000
    SCGHQK_6$3         5.650      0.280     20.177      0.000
    SCGHQK_7$1         1.269      0.193      6.578      0.000
    SCGHQK_7$2         3.931      0.235     16.734      0.000
    SCGHQK_7$3         5.650      0.280     20.177      0.000
    SCGHQK_8$1         1.269      0.193      6.578      0.000
    SCGHQK_8$2         3.931      0.235     16.734      0.000
    SCGHQK_8$3         5.650      0.280     20.177      0.000
    SCGHQK_1$1         1.269      0.193      6.578      0.000
    SCGHQK_1$2         3.931      0.235     16.734      0.000
    SCGHQK_1$3         5.650      0.280     20.177      0.000

 Variances
    I                  4.356      0.913      4.769      0.000
    S                  0.032      0.041      0.793      0.428

Categorical Latent Variables

 Means
    C#1                0.884      0.067     13.278      0.000


QUALITY OF NUMERICAL RESULTS

     Condition Number for the Information Matrix              0.213E-02
       (ratio of smallest to largest eigenvalue)


RESULTS IN PROBABILITY SCALE

                    Estimate

Latent Class 1 (1)

 SCGHQK_5
    Category 1         0.654
    Category 2         0.244
    Category 3         0.067
    Category 4         0.034
 SCGHQK_6
    Category 1         0.662
    Category 2         0.245
    Category 3         0.064
    Category 4         0.030
 SCGHQK_7
    Category 1         0.667
    Category 2         0.245
    Category 3         0.061
    Category 4         0.027
 SCGHQK_8
    Category 1         0.671
    Category 2         0.244
    Category 3         0.059
    Category 4         0.026
 SCGHQK_10
    Category 1         0.672
    Category 2         0.240
    Category 3         0.061
    Category 4         0.027

Latent Class 2 (2)

 SCGHQK_5
    Category 1         0.680
    Category 2         0.244
    Category 3         0.055
    Category 4         0.021
 SCGHQK_6
    Category 1         0.685
    Category 2         0.241
    Category 3         0.053
    Category 4         0.021
 SCGHQK_7
    Category 1         0.689
    Category 2         0.238
    Category 3         0.052
    Category 4         0.020
 SCGHQK_8
    Category 1         0.692
    Category 2         0.236
    Category 3         0.052
    Category 4         0.020
 SCGHQK_10
    Category 1         0.696
    Category 2         0.230
    Category 3         0.053
    Category 4         0.021


STANDARDIZED MODEL RESULTS


STDYX Standardization

                                                    Two-Tailed
                    Estimate       S.E.  Est./S.E.    P-Value

Latent Class 1 (1)

 I        |
    SCGHQK_5           0.804      0.031     25.712      0.000
    SCGHQK_6           0.830      0.047     17.816      0.000
    SCGHQK_7           0.847      0.063     13.481      0.000
    SCGHQK_8           0.854      0.078     10.913      0.000
    SCGHQK_10          0.833      0.106      7.896      0.000

 S        |
    SCGHQK_5           0.000      0.000    999.000    999.000
    SCGHQK_6           0.113      0.036      3.127      0.002
    SCGHQK_7           0.230      0.074      3.093      0.002
    SCGHQK_8           0.347      0.111      3.127      0.002
    SCGHQK_10          0.565      0.165      3.417      0.001

 S        WITH
    I                 -0.418      0.189     -2.213      0.027

 Means
    I                  0.031      0.114      0.272      0.786
    S                 -0.056      0.195     -0.289      0.773

 Thresholds
    SCGHQK_5$1         0.416      0.070      5.973      0.000
    SCGHQK_5$2         1.288      0.106     12.126      0.000
    SCGHQK_5$3         1.851      0.142     13.080      0.000
    SCGHQK_6$1         0.429      0.070      6.168      0.000
    SCGHQK_6$2         1.329      0.097     13.687      0.000
    SCGHQK_6$3         1.911      0.126     15.115      0.000
    SCGHQK_7$1         0.438      0.070      6.275      0.000
    SCGHQK_7$2         1.357      0.092     14.776      0.000
    SCGHQK_7$3         1.950      0.117     16.620      0.000
    SCGHQK_8$1         0.441      0.070      6.268      0.000
    SCGHQK_8$2         1.367      0.093     14.735      0.000
    SCGHQK_8$3         1.965      0.119     16.545      0.000
    SCGHQK_1$1         0.431      0.074      5.818      0.000
    SCGHQK_1$2         1.335      0.120     11.101      0.000
    SCGHQK_1$3         1.919      0.163     11.790      0.000

 Variances
    I                  1.000      0.000    999.000    999.000
    S                  1.000      0.000    999.000    999.000

Latent Class 2 (2)

 I        |
    SCGHQK_5           0.755      0.034     22.168      0.000
    SCGHQK_6           0.756      0.047     16.177      0.000
    SCGHQK_7           0.754      0.059     12.706      0.000
    SCGHQK_8           0.749      0.071     10.524      0.000
    SCGHQK_10          0.731      0.093      7.888      0.000

 S        |
    SCGHQK_5           0.000      0.000    999.000    999.000
    SCGHQK_6           0.065      0.040      1.620      0.105
    SCGHQK_7           0.130      0.080      1.616      0.106
    SCGHQK_8           0.194      0.119      1.624      0.104
    SCGHQK_10          0.315      0.188      1.675      0.094

 S        WITH
    I                 -0.080      0.415     -0.192      0.848

 Means
    I                  0.000      0.000    999.000    999.000
    S                 -0.185      0.323     -0.574      0.566

 Thresholds
    SCGHQK_5$1         0.459      0.059      7.795      0.000
    SCGHQK_5$2         1.422      0.069     20.486      0.000
    SCGHQK_5$3         2.043      0.105     19.478      0.000
    SCGHQK_6$1         0.460      0.061      7.481      0.000
    SCGHQK_6$2         1.424      0.065     21.826      0.000
    SCGHQK_6$3         2.047      0.091     22.499      0.000
    SCGHQK_7$1         0.459      0.065      7.054      0.000
    SCGHQK_7$2         1.421      0.072     19.618      0.000
    SCGHQK_7$3         2.042      0.094     21.758      0.000
    SCGHQK_8$1         0.455      0.069      6.590      0.000
    SCGHQK_8$2         1.411      0.087     16.223      0.000
    SCGHQK_8$3         2.029      0.111     18.336      0.000
    SCGHQK_1$1         0.444      0.078      5.689      0.000
    SCGHQK_1$2         1.376      0.126     10.907      0.000
    SCGHQK_1$3         1.978      0.166     11.952      0.000

 Variances
    I                  1.000      0.000    999.000    999.000
    S                  1.000      0.000    999.000    999.000


R-SQUARE

Class 1

    Observed                                        Two-Tailed
    Variable        Estimate       S.E.  Est./S.E.    P-Value

    SCGHQK_5           0.647      0.050     12.856      0.000
    SCGHQK_6           0.624      0.043     14.429      0.000
    SCGHQK_7           0.608      0.038     15.864      0.000
    SCGHQK_8           0.602      0.039     15.257      0.000
    SCGHQK_1           0.621      0.062     10.061      0.000

Class 2

    Observed                                        Two-Tailed
    Variable        Estimate       S.E.  Est./S.E.    P-Value

    SCGHQK_5           0.570      0.051     11.084      0.000
    SCGHQK_6           0.568      0.040     14.097      0.000
    SCGHQK_7           0.570      0.036     16.038      0.000
    SCGHQK_8           0.576      0.039     14.780      0.000
    SCGHQK_1           0.597      0.061      9.841      0.000


     Beginning Time:  18:29:35
        Ending Time:  18:34:20
       Elapsed Time:  00:04:45



MUTHEN & MUTHEN
3463 Stoner Ave.
Los Angeles, CA  90066

Tel: (310) 391-9971
Fax: (310) 391-8971
Web: www.StatModel.com
Support: Support@StatModel.com

Copyright (c) 1998-2021 Muthen & Muthen
