Mplus VERSION 8.6
MUTHEN & MUTHEN
07/12/2021   8:09 PM

INPUT INSTRUCTIONS

  TITLE: Your title goes here

   DATA: FILE = data.dta;

   VARIABLE:

   NAMES = pidp gridmode mm hidp_5 hidp_6 hidp_7 hidp_8 hidp_9 hidp_10 indmode_5
       indmode_6 indmode_7 indmode_8 indmode_9 indmode_10 mode_type_all mode_type_no9
       mode_type_567 mode_type_7 all no9 p567 p7 switch_all switch_no9 switch_567
       switch_7 lkmove_5 xpmove_5 caruse_5 mobuse_5 netpuse_5 aidxhh_5 jbhas_5 j2has_5
       finnow_5 finfut_5 howlng_5 vote1_5 vote6_5 scsf1_5 scsf2a_5 scsf2b_5 scsf3a_5
       scsf3b_5 scsf4a_5 scsf4b_5 scsf5_5 scsf6a_5 scsf6b_5 scsf6c_5 scsf7_5 scghqa_5
       scghqb_5 scghqc_5 scghqd_5 scghqe_5 scghqf_5 scghqg_5 scghqh_5 scghqi_5
       scghqj_5 scghqk_5 scghql_5 lkmove_6 xpmove_6 caruse_6 mobuse_6 netpuse_6
       aidxhh_6 jbhas_6 j2has_6 finnow_6 finfut_6 howlng_6 vote1_6 vote6_6 scsf1_6
       scsf2a_6 scsf2b_6 scsf3a_6 scsf3b_6 scsf4a_6 scsf4b_6 scsf5_6 scsf6a_6 scsf6b_6
       scsf6c_6 scsf7_6 scghqa_6 scghqb_6 scghqc_6 scghqd_6 scghqe_6 scghqf_6 scghqg_6
       scghqh_6 scghqi_6 scghqj_6 scghqk_6 scghql_6 lkmove_7 xpmove_7 caruse_7
       mobuse_7 netpuse_7 smoker_7 aidxhh_7 jbhas_7 jbterm1_7 jbsemp_7 j2has_7
       fiyrdia_7 finnow_7 finfut_7 howlng_7 vote1_7 vote6_7 scsf2a_7 scsf2b_7 scsf3a_7
       scsf3b_7 scsf4a_7 scsf4b_7 scsf5_7 scsf6a_7 scsf6b_7 scsf6c_7 scsf7_7 scghqa_7
       scghqb_7 scghqc_7 scghqd_7 scghqe_7 scghqf_7 scghqg_7 scghqh_7 scghqi_7
       scghqj_7 scghqk_7 scghql_7 scsf1_7 lkmove_8 xpmove_8 caruse_8 mobuse_8
       netpuse_8 smoker_8 aidxhh_8 jbhas_8 jbterm1_8 jbsemp_8 j2has_8 fiyrdia_8
       finnow_8 finfut_8 scsf2a_8 scsf2b_8 scsf3a_8 scsf3b_8 scsf4a_8 scsf4b_8 scsf5_8
       scsf6a_8 scsf6b_8 scsf6c_8 scsf7_8 scghqa_8 scghqb_8 scghqc_8 scghqd_8 scghqe_8
       scghqf_8 scghqg_8 scghqh_8 scghqi_8 scghqj_8 scghqk_8 scghql_8 scsf1_8 mobuse_9
       netpuse_9 smoker_9 jbhas_9 jbterm1_9 jbsemp_9 j2has_9 fiyrdia_9 finnow_9
       finfut_9 lkmove_10 xpmove_10 mobuse_10 netpuse_10 smoker_10 aidxhh_10 jbhas_10
       jbterm1_10 jbsemp_10 j2has_10 fiyrdia_10 finnow_10 finfut_10 scsf1_10 scsf2a_10
       scsf2b_10 scsf3a_10 scsf3b_10 scsf4a_10 scsf4b_10 scsf5_10 scsf6a_10 scsf6b_10
       scsf6c_10 scsf7_10 scghqa_10 scghqb_10 scghqc_10 scghqd_10 scghqe_10 scghqf_10
       scghqg_10 scghqh_10 scghqi_10 scghqj_10 scghqk_10 scghql_10 edu agecat female
       partner sf1 longill london north urban refresh Higher A level GCSE Other age_35
       age_55 age_75 age_102 pred_all pred_no9 pred_p567 pred_p7 pred_all_w pred_no9_w
       pred_p567_w pred_p7_w;

   MISSING=.;

   USEVARIABLES ARE
   scsf3b_5
   scsf3b_6
   scsf3b_7
   scsf3b_8
   scsf3b_10;
   CLASSES = c(2);

    KNOWNCLASS = c(no9= 1 2);
  WEIGHT IS pred_no9_w;

   ANALYSIS:


      TYPE = MIXTURE;

      ESTIMATOR = MLR;

      ALGORITHM = INTEGRATION;

      Processors = 8(starts);

      STARTS = 800 200;

   Model:


      %OVERALL%

  i s | scsf3b_5@0 scsf3b_6@1 scsf3b_7@2 scsf3b_8@3 scsf3b_10@5;;

  scsf3b_5 (a);
   scsf3b_6 (a);
   scsf3b_7 (a);
   scsf3b_8 (a);
   scsf3b_10 (a);

   %c#1%
  [s] (a);
   s (b);
   s WITH i ;
   i ;

   %c#2%
  [s] (a);
   s (b);
   s WITH i ;
   i ;

   OUTPUT: SAMPSTAT;

                                  STDYX;




*** WARNING in VARIABLE command
  Note that only the first 8 characters of variable names are used in the output.
  Shorten variable names to avoid any confusion.
*** WARNING
  One or more observations has a value of 0 for the WEIGHT variable.
*** WARNING
  Data set contains unknown or missing values for variable NO9.
  This variable is used to determine the KNOWNCLASS specification.
  Number of such cases:  111
*** WARNING
  Data set contains cases with missing on all variables.
  These cases were not included in the analysis.
  Number of cases with missing on all variables:  115
   4 WARNING(S) FOUND IN THE INPUT INSTRUCTIONS



Your title goes here

SUMMARY OF ANALYSIS

Number of groups                                                 1
Number of observations                                        1831

Number of dependent variables                                    5
Number of independent variables                                  0
Number of continuous latent variables                            2
Number of categorical latent variables                           1

Observed dependent variables

  Continuous
   SCSF3B_5    SCSF3B_6    SCSF3B_7    SCSF3B_8    SCSF3B_10

Continuous latent variables
   I           S

Categorical latent variables
   C

  Knownclass            C

Variables with special functions

  Weight variable       PRED_NO9

Estimator                                                      MLR
Information matrix                                        OBSERVED
Optimization Specifications for the Quasi-Newton Algorithm for
Continuous Outcomes
  Maximum number of iterations                                 100
  Convergence criterion                                  0.100D-05
Optimization Specifications for the EM Algorithm
  Maximum number of iterations                                 500
  Convergence criteria
    Loglikelihood change                                 0.100D-02
    Relative loglikelihood change                        0.100D-05
    Derivative                                           0.100D-02
Optimization Specifications for the M step of the EM Algorithm for
Categorical Latent variables
  Number of M step iterations                                    1
  M step convergence criterion                           0.100D-02
  Basis for M step termination                           ITERATION
Optimization Specifications for the M step of the EM Algorithm for
Censored, Binary or Ordered Categorical (Ordinal), Unordered
Categorical (Nominal) and Count Outcomes
  Number of M step iterations                                    1
  M step convergence criterion                           0.100D-02
  Basis for M step termination                           ITERATION
  Maximum value for logit thresholds                            15
  Minimum value for logit thresholds                           -15
  Minimum expected cell size for chi-square              0.100D-01
Maximum number of iterations for H1                           2000
Convergence criterion for H1                             0.100D-03
Optimization algorithm                                         EMA
Integration Specifications
  Type                                                    STANDARD
  Number of integration points                                  15
  Dimensions of numerical integration                            0
  Adaptive quadrature                                           ON
Random Starts Specifications
  Number of initial stage random starts                        800
  Number of final stage optimizations                          200
  Number of initial stage iterations                            10
  Initial stage convergence criterion                    0.100D+01
  Random starts scale                                    0.500D+01
  Random seed for generating random starts                       0
Cholesky                                                       OFF

Input data file(s)
  data.dta
Input data format  FREE


SUMMARY OF DATA

     Number of missing data patterns            31
     Number of y missing data patterns          31
     Number of u missing data patterns           0


COVARIANCE COVERAGE OF DATA

Minimum covariance coverage value   0.100


     PROPORTION OF DATA PRESENT FOR Y


           Covariance Coverage
              SCSF3B_5      SCSF3B_6      SCSF3B_7      SCSF3B_8      SCSF3B_1
              ________      ________      ________      ________      ________
 SCSF3B_5       0.386
 SCSF3B_6       0.291         0.458
 SCSF3B_7       0.267         0.341         0.602
 SCSF3B_8       0.253         0.328         0.478         0.585
 SCSF3B_1       0.222         0.286         0.399         0.429         0.637


SAMPLE STATISTICS


     ESTIMATED SAMPLE STATISTICS FOR CLASS 1


           Means
              SCSF3B_5      SCSF3B_6      SCSF3B_7      SCSF3B_8      SCSF3B_1
              ________      ________      ________      ________      ________
                3.961         3.905         4.004         3.945         3.866


           Covariances
              SCSF3B_5      SCSF3B_6      SCSF3B_7      SCSF3B_8      SCSF3B_1
              ________      ________      ________      ________      ________
 SCSF3B_5       1.596
 SCSF3B_6       1.222         1.796
 SCSF3B_7       1.079         1.031         1.406
 SCSF3B_8       0.975         1.127         1.102         1.557
 SCSF3B_1       0.841         1.003         0.916         0.981         1.647


           Correlations
              SCSF3B_5      SCSF3B_6      SCSF3B_7      SCSF3B_8      SCSF3B_1
              ________      ________      ________      ________      ________
 SCSF3B_5       1.000
 SCSF3B_6       0.722         1.000
 SCSF3B_7       0.720         0.649         1.000
 SCSF3B_8       0.619         0.674         0.745         1.000
 SCSF3B_1       0.519         0.583         0.602         0.613         1.000


     ESTIMATED SAMPLE STATISTICS FOR CLASS 2


           Means
              SCSF3B_5      SCSF3B_6      SCSF3B_7      SCSF3B_8      SCSF3B_1
              ________      ________      ________      ________      ________
                4.200         4.128         4.303         4.203         4.162


           Covariances
              SCSF3B_5      SCSF3B_6      SCSF3B_7      SCSF3B_8      SCSF3B_1
              ________      ________      ________      ________      ________
 SCSF3B_5       1.285
 SCSF3B_6       0.823         1.495
 SCSF3B_7       0.683         0.791         1.042
 SCSF3B_8       0.726         0.819         0.734         1.108
 SCSF3B_1       0.706         0.921         0.698         0.834         1.358


           Correlations
              SCSF3B_5      SCSF3B_6      SCSF3B_7      SCSF3B_8      SCSF3B_1
              ________      ________      ________      ________      ________
 SCSF3B_5       1.000
 SCSF3B_6       0.593         1.000
 SCSF3B_7       0.590         0.633         1.000
 SCSF3B_8       0.608         0.636         0.683         1.000
 SCSF3B_1       0.534         0.646         0.587         0.680         1.000


UNIVARIATE SAMPLE STATISTICS


     UNIVARIATE HIGHER-ORDER MOMENT DESCRIPTIVE STATISTICS

         Variable/         Mean/     Skewness/   Minimum/ % with                Percentiles
        Sample Size      Variance    Kurtosis    Maximum  Min/Max      20%/60%    40%/80%    Median

     SCSF3B_5              4.107      -1.142       1.000    3.82%       3.000      5.000      5.000
             707.000       1.411       0.228       5.000   62.09%       5.000      5.000
     SCSF3B_6              3.967      -0.977       1.000    4.65%       3.000      5.000      5.000
             838.000       1.733      -0.337       5.000   60.74%       5.000      5.000
     SCSF3B_7              4.187      -1.223       1.000    3.45%       3.000      5.000      5.000
            1102.000       1.221       0.619       5.000   61.80%       5.000      5.000
     SCSF3B_8              4.063      -1.120       1.000    3.36%       3.000      4.000      5.000
            1072.000       1.412       0.244       5.000   59.89%       5.000      5.000
     SCSF3B_10             4.033      -0.994       1.000    4.89%       3.000      5.000      5.000
            1166.000       1.506      -0.233       5.000   60.72%       5.000      5.000

RANDOM STARTS RESULTS RANKED FROM THE BEST TO THE WORST LOGLIKELIHOOD VALUES

Final stage loglikelihood values at local maxima, seeds, and initial stage start numbers:

           -9586.906  284716           713
           -9586.906  512836           289
           -9586.906  263221           447
           -9586.906  436892           565
           -9586.906  953843           651
           -9586.906  715561           125
           -9586.906  193847           354
           -9586.906  107446           12
           -9586.906  438144           271
           -9586.906  17896            592
           -9586.906  124999           96
           -9586.906  988761           475
           -9586.906  603842           61
           -9586.906  970689           266
           -9586.906  699810           571
           -9586.906  584397           428
           -9586.906  68850            462
           -9586.906  965639           463
           -9586.906  789985           67
           -9586.906  291112           645
           -9586.906  476393           705
           -9586.906  177936           726
           -9586.906  637095           207
           -9586.906  505879           424
           -9586.906  937885           426
           -9586.906  252346           528
           -9586.906  78862            529
           -9586.906  871438           561
           -9586.906  685657           69
           -9586.906  117731           570
           -9586.906  281462           285
           -9586.906  855760           593
           -9586.906  926762           704
           -9586.906  347222           533
           -9586.906  937588           293
           -9586.906  268217           83
           -9586.906  636396           168
           -9586.906  7195             697
           -9586.906  137377           397
           -9586.906  462953           7
           -9586.906  260953           589
           -9586.906  484687           306
           -9586.906  536551           696
           -9586.906  127362           757
           -9586.906  326091           759
           -9586.906  570782           193
           -9586.906  775881           778
           -9586.906  440368           797
           -9586.906  596257           405
           -9586.906  70118            104
           -9586.906  699554           427
           -9586.906  595153           230
           -9586.906  824126           287
           -9586.906  158612           581
           -9586.906  526324           178
           -9586.906  723775           97
           -9586.906  79945            395
           -9586.906  965994           396
           -9586.906  58507            793
           -9586.906  971853           402
           -9586.906  153394           429
           -9586.906  238906           430
           -9586.906  686482           215
           -9586.906  375590           438
           -9586.906  751153           110
           -9586.906  226322           478
           -9586.906  635245           121
           -9586.906  650371           14
           -9586.906  321390           133
           -9586.906  434915           552
           -9586.906  22089            143
           -9586.906  220454           288
           -9586.906  486646           586
           -9586.906  285380           1
           -9586.906  964570           701
           -9586.906  579138           706
           -9586.906  563002           360
           -9586.906  777045           377
           -9586.906  765392           382
           -9586.906  85114            385
           -9586.906  605565           404
           -9586.906  665121           417
           -9586.906  207896           25
           -9586.906  640833           434
           -9586.906  629320           222
           -9586.906  178475           231
           -9586.906  802256           477
           -9586.906  609089           241
           -9586.906  155622           507
           -9586.906  903369           134
           -9586.906  160326           546
           -9586.906  695155           150
           -9586.906  76337            76
           -9586.906  882750           646
           -9586.906  669634           335
           -9586.906  314757           345
           -9586.906  848590           694
           -9586.906  46502            714
           -9586.906  792389           746
           -9586.906  153053           378
           -9586.906  551340           766
           -9586.906  312587           775
           -9586.906  746978           410
           -9586.906  217130           443
           -9586.906  301180           236
           -9586.906  216565           474
           -9586.906  930872           277
           -9586.906  856536           144
           -9586.906  414284           158
           -9586.906  294811           637
           -9586.906  642386           662
           -9586.906  263268           165
           -9586.906  392766           331
           -9586.906  838615           677
           -9586.906  278692           342
           -9586.906  800454           751
           -9586.906  496703           758
           -9586.906  561664           392
           -9586.906  736574           414
           -9586.906  399848           220
           -9586.906  188640           451
           -9586.906  455617           242
           -9586.906  618760           489
           -9586.906  691234           250
           -9586.906  933578           506
           -9586.906  616917           261
           -9586.906  939021           8
           -9586.906  941525           609
           -9586.906  12477            155
           -9586.906  668003           647
           -9586.906  278661           674
           -9586.906  327140           678
           -9586.906  204959           695
           -9586.906  512403           719
           -9586.906  132336           362
           -9586.906  991329           182
           -9586.906  137305           379
           -9586.906  638577           769
           -9586.906  109946           771
           -9586.906  50887            389
           -9586.906  138695           783
           -9586.906  604861           800
           -9586.906  700349           401
           -9586.906  36714            201
           -9586.906  97158            205
           -9586.906  967902           52
           -9586.906  195353           225
           -9586.906  791396           243
           -9586.906  152496           123
           -9586.906  121425           511
           -9586.906  126371           526
           -9586.906  626891           32
           -9586.906  105435           265
           -9586.906  15715            274
           -9586.906  312754           562
           -9586.906  157351           579
           -9586.906  475420           71
           -9586.906  92564            583
           -9586.906  417035           149
           -9586.906  848356           602
           -9586.906  824956           607
           -9586.906  507218           613
           -9586.906  798839           312
           -9586.906  442072           625
           -9586.906  999211           628
           -9586.906  264901           634
           -9586.906  97300            640
           -9586.906  865906           641
           -9586.906  456213           160
           -9586.906  217744           326
           -9586.906  780698           337
           -9586.906  836515           341
           -9586.906  374219           353
           -9586.906  206099           363
           -9586.906  682718           733
           -9586.906  402224           91
           -9586.906  887676           22
           -9586.906  575700           100
           -9586.906  592219           119
           -9586.906  358074           560
           -9586.906  67009            564
           -9586.906  473942           574
           -9586.906  93468            3
           -9586.906  992389           77
           -9586.906  810705           626
           -9586.906  778953           635
           -9586.906  91231            727
           -9586.906  548673           732
           -9586.906  264081           186
           -9586.906  848163           47
           -9586.906  415502           194
           -9586.906  364676           27
           -9586.906  468036           131
           -9586.906  931874           141
           -9586.906  830392           35
           -9586.906  371246           101
           -9586.906  342019           301
           -9586.906  294669           501
           -9586.906  118438           601

Unperturbed starting value run did not converge or was rejected in the third stage.



THE BEST LOGLIKELIHOOD VALUE HAS BEEN REPLICATED.  RERUN WITH AT LEAST TWICE THE
RANDOM STARTS TO CHECK THAT THE BEST LOGLIKELIHOOD IS STILL OBTAINED AND REPLICATED.


THE MODEL ESTIMATION TERMINATED NORMALLY



MODEL FIT INFORMATION

Number of Free Parameters                        9

Loglikelihood

          H0 Value                       -9586.906
          H0 Scaling Correction Factor      2.9250
            for MLR

Information Criteria

          Akaike (AIC)                   19191.813
          Bayesian (BIC)                 19241.426
          Sample-Size Adjusted BIC       19212.834
            (n* = (n + 2) / 24)



FINAL CLASS COUNTS AND PROPORTIONS FOR THE LATENT CLASSES
BASED ON THE ESTIMATED MODEL

    Latent
   Classes

       1       1295.00000          0.70726
       2        536.00000          0.29274


MODEL RESULTS

                                                    Two-Tailed
                    Estimate       S.E.  Est./S.E.    P-Value

Latent Class 1 (1)

 I        |
    SCSF3B_5           1.000      0.000    999.000    999.000
    SCSF3B_6           1.000      0.000    999.000    999.000
    SCSF3B_7           1.000      0.000    999.000    999.000
    SCSF3B_8           1.000      0.000    999.000    999.000
    SCSF3B_10          1.000      0.000    999.000    999.000

 S        |
    SCSF3B_5           0.000      0.000    999.000    999.000
    SCSF3B_6           1.000      0.000    999.000    999.000
    SCSF3B_7           2.000      0.000    999.000    999.000
    SCSF3B_8           3.000      0.000    999.000    999.000
    SCSF3B_10          5.000      0.000    999.000    999.000

 S        WITH
    I                 -0.317      0.041     -7.808      0.000

 Means
    I                  3.390      0.079     42.807      0.000
    S                  0.290      0.015     19.950      0.000

 Intercepts
    SCSF3B_5           0.000      0.000    999.000    999.000
    SCSF3B_6           0.000      0.000    999.000    999.000
    SCSF3B_7           0.000      0.000    999.000    999.000
    SCSF3B_8           0.000      0.000    999.000    999.000
    SCSF3B_10          0.000      0.000    999.000    999.000

 Variances
    I                  1.845      0.156     11.825      0.000
    S                  0.148      0.015      9.943      0.000

 Residual Variances
    SCSF3B_5           0.290      0.015     19.950      0.000
    SCSF3B_6           0.290      0.015     19.950      0.000
    SCSF3B_7           0.290      0.015     19.950      0.000
    SCSF3B_8           0.290      0.015     19.950      0.000
    SCSF3B_10          0.290      0.015     19.950      0.000

Latent Class 2 (2)

 I        |
    SCSF3B_5           1.000      0.000    999.000    999.000
    SCSF3B_6           1.000      0.000    999.000    999.000
    SCSF3B_7           1.000      0.000    999.000    999.000
    SCSF3B_8           1.000      0.000    999.000    999.000
    SCSF3B_10          1.000      0.000    999.000    999.000

 S        |
    SCSF3B_5           0.000      0.000    999.000    999.000
    SCSF3B_6           1.000      0.000    999.000    999.000
    SCSF3B_7           2.000      0.000    999.000    999.000
    SCSF3B_8           3.000      0.000    999.000    999.000
    SCSF3B_10          5.000      0.000    999.000    999.000

 S        WITH
    I                 -0.364      0.062     -5.903      0.000

 Means
    I                  3.553      0.113     31.454      0.000
    S                  0.290      0.015     19.950      0.000

 Intercepts
    SCSF3B_5           0.000      0.000    999.000    999.000
    SCSF3B_6           0.000      0.000    999.000    999.000
    SCSF3B_7           0.000      0.000    999.000    999.000
    SCSF3B_8           0.000      0.000    999.000    999.000
    SCSF3B_10          0.000      0.000    999.000    999.000

 Variances
    I                  1.672      0.276      6.051      0.000
    S                  0.148      0.015      9.943      0.000

 Residual Variances
    SCSF3B_5           0.290      0.015     19.950      0.000
    SCSF3B_6           0.290      0.015     19.950      0.000
    SCSF3B_7           0.290      0.015     19.950      0.000
    SCSF3B_8           0.290      0.015     19.950      0.000
    SCSF3B_10          0.290      0.015     19.950      0.000

Categorical Latent Variables

 Means
    C#1                0.882      0.066     13.274      0.000


QUALITY OF NUMERICAL RESULTS

     Condition Number for the Information Matrix              0.406E-03
       (ratio of smallest to largest eigenvalue)


STANDARDIZED MODEL RESULTS


STDYX Standardization

                                                    Two-Tailed
                    Estimate       S.E.  Est./S.E.    P-Value

Latent Class 1 (1)

 I        |
    SCSF3B_5           0.930      0.006    158.621      0.000
    SCSF3B_6           1.058      0.018     58.355      0.000
    SCSF3B_7           1.124      0.041     27.671      0.000
    SCSF3B_8           1.086      0.059     18.380      0.000
    SCSF3B_10          0.832      0.061     13.734      0.000

 S        |
    SCSF3B_5           0.000      0.000    999.000    999.000
    SCSF3B_6           0.299      0.018     16.531      0.000
    SCSF3B_7           0.636      0.039     16.276      0.000
    SCSF3B_8           0.922      0.053     17.316      0.000
    SCSF3B_10          1.178      0.053     22.070      0.000

 S        WITH
    I                 -0.607      0.045    -13.512      0.000

 Means
    I                  2.495      0.157     15.938      0.000
    S                  0.755      0.029     26.299      0.000

 Intercepts
    SCSF3B_5           0.000      0.000    999.000    999.000
    SCSF3B_6           0.000      0.000    999.000    999.000
    SCSF3B_7           0.000      0.000    999.000    999.000
    SCSF3B_8           0.000      0.000    999.000    999.000
    SCSF3B_10          0.000      0.000    999.000    999.000

 Variances
    I                  1.000      0.000    999.000    999.000
    S                  1.000      0.000    999.000    999.000

 Residual Variances
    SCSF3B_5           0.136      0.011     12.483      0.000
    SCSF3B_6           0.176      0.014     12.362      0.000
    SCSF3B_7           0.199      0.016     12.521      0.000
    SCSF3B_8           0.186      0.015     12.278      0.000
    SCSF3B_10          0.109      0.010     11.354      0.000

Latent Class 2 (2)

 I        |
    SCSF3B_5           0.923      0.011     82.283      0.000
    SCSF3B_6           1.100      0.028     39.640      0.000
    SCSF3B_7           1.234      0.075     16.566      0.000
    SCSF3B_8           1.228      0.129      9.493      0.000
    SCSF3B_10          0.910      0.131      6.956      0.000

 S        |
    SCSF3B_5           0.000      0.000    999.000    999.000
    SCSF3B_6           0.327      0.025     13.249      0.000
    SCSF3B_7           0.734      0.049     15.011      0.000
    SCSF3B_8           1.095      0.072     15.126      0.000
    SCSF3B_10          1.353      0.100     13.567      0.000

 S        WITH
    I                 -0.732      0.056    -13.133      0.000

 Means
    I                  2.748      0.310      8.876      0.000
    S                  0.755      0.029     26.299      0.000

 Intercepts
    SCSF3B_5           0.000      0.000    999.000    999.000
    SCSF3B_6           0.000      0.000    999.000    999.000
    SCSF3B_7           0.000      0.000    999.000    999.000
    SCSF3B_8           0.000      0.000    999.000    999.000
    SCSF3B_10          0.000      0.000    999.000    999.000

 Variances
    I                  1.000      0.000    999.000    999.000
    S                  1.000      0.000    999.000    999.000

 Residual Variances
    SCSF3B_5           0.148      0.021      7.145      0.000
    SCSF3B_6           0.210      0.027      7.714      0.000
    SCSF3B_7           0.265      0.026     10.022      0.000
    SCSF3B_8           0.262      0.027      9.556      0.000
    SCSF3B_10          0.144      0.021      6.767      0.000


R-SQUARE

Class 1

    Observed                                        Two-Tailed
    Variable        Estimate       S.E.  Est./S.E.    P-Value

    SCSF3B_5           0.864      0.011     79.311      0.000
    SCSF3B_6           0.824      0.014     57.869      0.000
    SCSF3B_7           0.801      0.016     50.413      0.000
    SCSF3B_8           0.814      0.015     53.894      0.000
    SCSF3B_1           0.891      0.010     92.752      0.000

Class 2

    Observed                                        Two-Tailed
    Variable        Estimate       S.E.  Est./S.E.    P-Value

    SCSF3B_5           0.852      0.021     41.141      0.000
    SCSF3B_6           0.790      0.027     29.006      0.000
    SCSF3B_7           0.735      0.026     27.863      0.000
    SCSF3B_8           0.738      0.027     26.928      0.000
    SCSF3B_1           0.856      0.021     40.245      0.000


     Beginning Time:  20:09:18
        Ending Time:  20:09:25
       Elapsed Time:  00:00:07



MUTHEN & MUTHEN
3463 Stoner Ave.
Los Angeles, CA  90066

Tel: (310) 391-9971
Fax: (310) 391-8971
Web: www.StatModel.com
Support: Support@StatModel.com

Copyright (c) 1998-2021 Muthen & Muthen
