Mplus VERSION 8.6
MUTHEN & MUTHEN
07/12/2021  11:38 AM

INPUT INSTRUCTIONS

  TITLE: Your title goes here

   DATA: FILE = data.dta;

   VARIABLE:

   NAMES = pidp gridmode mm hidp_5 hidp_6 hidp_7 hidp_8 hidp_9 hidp_10 indmode_5
       indmode_6 indmode_7 indmode_8 indmode_9 indmode_10 mode_type_all mode_type_no9
       mode_type_567 mode_type_7 all no9 p567 p7 switch_all switch_no9 switch_567
       switch_7 lkmove_5 xpmove_5 caruse_5 mobuse_5 netpuse_5 aidxhh_5 jbhas_5 j2has_5
       finnow_5 finfut_5 howlng_5 vote1_5 vote6_5 scsf1_5 scsf2a_5 scsf2b_5 scsf3a_5
       scsf3b_5 scsf4a_5 scsf4b_5 scsf5_5 scsf6a_5 scsf6b_5 scsf6c_5 scsf7_5 scghqa_5
       scghqb_5 scghqc_5 scghqd_5 scghqe_5 scghqf_5 scghqg_5 scghqh_5 scghqi_5
       scghqj_5 scghqk_5 scghql_5 lkmove_6 xpmove_6 caruse_6 mobuse_6 netpuse_6
       aidxhh_6 jbhas_6 j2has_6 finnow_6 finfut_6 howlng_6 vote1_6 vote6_6 scsf1_6
       scsf2a_6 scsf2b_6 scsf3a_6 scsf3b_6 scsf4a_6 scsf4b_6 scsf5_6 scsf6a_6 scsf6b_6
       scsf6c_6 scsf7_6 scghqa_6 scghqb_6 scghqc_6 scghqd_6 scghqe_6 scghqf_6 scghqg_6
       scghqh_6 scghqi_6 scghqj_6 scghqk_6 scghql_6 lkmove_7 xpmove_7 caruse_7
       mobuse_7 netpuse_7 smoker_7 aidxhh_7 jbhas_7 jbterm1_7 jbsemp_7 j2has_7
       fiyrdia_7 finnow_7 finfut_7 howlng_7 vote1_7 vote6_7 scsf2a_7 scsf2b_7 scsf3a_7
       scsf3b_7 scsf4a_7 scsf4b_7 scsf5_7 scsf6a_7 scsf6b_7 scsf6c_7 scsf7_7 scghqa_7
       scghqb_7 scghqc_7 scghqd_7 scghqe_7 scghqf_7 scghqg_7 scghqh_7 scghqi_7
       scghqj_7 scghqk_7 scghql_7 scsf1_7 lkmove_8 xpmove_8 caruse_8 mobuse_8
       netpuse_8 smoker_8 aidxhh_8 jbhas_8 jbterm1_8 jbsemp_8 j2has_8 fiyrdia_8
       finnow_8 finfut_8 scsf2a_8 scsf2b_8 scsf3a_8 scsf3b_8 scsf4a_8 scsf4b_8 scsf5_8
       scsf6a_8 scsf6b_8 scsf6c_8 scsf7_8 scghqa_8 scghqb_8 scghqc_8 scghqd_8 scghqe_8
       scghqf_8 scghqg_8 scghqh_8 scghqi_8 scghqj_8 scghqk_8 scghql_8 scsf1_8 mobuse_9
       netpuse_9 smoker_9 jbhas_9 jbterm1_9 jbsemp_9 j2has_9 fiyrdia_9 finnow_9
       finfut_9 lkmove_10 xpmove_10 mobuse_10 netpuse_10 smoker_10 aidxhh_10 jbhas_10
       jbterm1_10 jbsemp_10 j2has_10 fiyrdia_10 finnow_10 finfut_10 scsf1_10 scsf2a_10
       scsf2b_10 scsf3a_10 scsf3b_10 scsf4a_10 scsf4b_10 scsf5_10 scsf6a_10 scsf6b_10
       scsf6c_10 scsf7_10 scghqa_10 scghqb_10 scghqc_10 scghqd_10 scghqe_10 scghqf_10
       scghqg_10 scghqh_10 scghqi_10 scghqj_10 scghqk_10 scghql_10 edu agecat female
       partner sf1 longill london north urban refresh Higher A level GCSE Other age_35
       age_55 age_75 age_102 pred_all pred_no9 pred_p567 pred_p7 pred_all_w pred_no9_w
       pred_p567_w pred_p7_w;

   MISSING=.;

   USEVARIABLES ARE
   scghqa_5
   scghqa_6
   scghqa_7
   scghqa_8
   scghqa_10;

   CATEGORICAL ARE
   scghqa_5
   scghqa_6
   scghqa_7
   scghqa_8
   scghqa_10;
   CLASSES = c(2);

    KNOWNCLASS = c(no9= 1 2);
  WEIGHT IS pred_no9_w;

   ANALYSIS:


      TYPE = MIXTURE;

      ESTIMATOR = MLR;

      ALGORITHM = INTEGRATION;

      Processors = 8(starts);

      STARTS = 800 200;

   Model:


      %OVERALL%

  i s | scghqa_5@0 scghqa_6@1 scghqa_7@2 scghqa_8@3 scghqa_10@5;
   %c#1%
  [s] (a); s ;
   s WITH i ;
   i ;


   %c#2%
  [s] (a); s ;
   s WITH i ;
   i ;


   OUTPUT: SAMPSTAT;

                                  STDYX;




*** WARNING in VARIABLE command
  Note that only the first 8 characters of variable names are used in the output.
  Shorten variable names to avoid any confusion.
*** WARNING
  One or more observations has a value of 0 for the WEIGHT variable.
*** WARNING
  Data set contains unknown or missing values for variable NO9.
  This variable is used to determine the KNOWNCLASS specification.
  Number of such cases:  111
*** WARNING
  Data set contains cases with missing on all variables.
  These cases were not included in the analysis.
  Number of cases with missing on all variables:  100
   4 WARNING(S) FOUND IN THE INPUT INSTRUCTIONS



Your title goes here

SUMMARY OF ANALYSIS

Number of groups                                                 1
Number of observations                                        1846

Number of dependent variables                                    5
Number of independent variables                                  0
Number of continuous latent variables                            2
Number of categorical latent variables                           1

Observed dependent variables

  Binary and ordered categorical (ordinal)
   SCGHQA_5    SCGHQA_6    SCGHQA_7    SCGHQA_8    SCGHQA_1

Continuous latent variables
   I           S

Categorical latent variables
   C

  Knownclass            C

Variables with special functions

  Weight variable       PRED_NO9

Estimator                                                      MLR
Information matrix                                        OBSERVED
Optimization Specifications for the Quasi-Newton Algorithm for
Continuous Outcomes
  Maximum number of iterations                                 100
  Convergence criterion                                  0.100D-05
Optimization Specifications for the EM Algorithm
  Maximum number of iterations                                 500
  Convergence criteria
    Loglikelihood change                                 0.100D-02
    Relative loglikelihood change                        0.100D-05
    Derivative                                           0.100D-02
Optimization Specifications for the M step of the EM Algorithm for
Categorical Latent variables
  Number of M step iterations                                    1
  M step convergence criterion                           0.100D-02
  Basis for M step termination                           ITERATION
Optimization Specifications for the M step of the EM Algorithm for
Censored, Binary or Ordered Categorical (Ordinal), Unordered
Categorical (Nominal) and Count Outcomes
  Number of M step iterations                                    1
  M step convergence criterion                           0.100D-02
  Basis for M step termination                           ITERATION
  Maximum value for logit thresholds                            15
  Minimum value for logit thresholds                           -15
  Minimum expected cell size for chi-square              0.100D-01
Maximum number of iterations for H1                           2000
Convergence criterion for H1                             0.100D-03
Optimization algorithm                                         EMA
Integration Specifications
  Type                                                    STANDARD
  Number of integration points                                  15
  Dimensions of numerical integration                            2
  Adaptive quadrature                                           ON
Random Starts Specifications
  Number of initial stage random starts                        800
  Number of final stage optimizations                          200
  Number of initial stage iterations                            10
  Initial stage convergence criterion                    0.100D+01
  Random starts scale                                    0.500D+01
  Random seed for generating random starts                       0
Link                                                         LOGIT
Cholesky                                                        ON

Input data file(s)
  data.dta
Input data format  FREE


SUMMARY OF DATA

     Number of missing data patterns            31
     Number of y missing data patterns           0
     Number of u missing data patterns          31


COVARIANCE COVERAGE OF DATA

Minimum covariance coverage value   0.100


     PROPORTION OF DATA PRESENT FOR U


           Covariance Coverage
              SCGHQA_5      SCGHQA_6      SCGHQA_7      SCGHQA_8      SCGHQA_1
              ________      ________      ________      ________      ________
 SCGHQA_5       0.385
 SCGHQA_6       0.292         0.458
 SCGHQA_7       0.264         0.339         0.594
 SCGHQA_8       0.251         0.326         0.470         0.579
 SCGHQA_1       0.223         0.288         0.400         0.433         0.649


UNIVARIATE PROPORTIONS AND COUNTS FOR CATEGORICAL VARIABLES

    SCGHQA_5
      Category 1    0.022           23.933
      Category 2    0.794          872.162
      Category 3    0.160          176.151
      Category 4    0.024           25.977
    SCGHQA_6
      Category 1    0.025           33.614
      Category 2    0.803         1097.723
      Category 3    0.148          202.078
      Category 4    0.024           33.459
    SCGHQA_7
      Category 1    0.028           33.741
      Category 2    0.827          980.556
      Category 3    0.123          146.085
      Category 4    0.022           25.798
    SCGHQA_8
      Category 1    0.026           29.195
      Category 2    0.807          893.845
      Category 3    0.144          159.764
      Category 4    0.022           24.226
    SCGHQA_1
      Category 1    0.036           35.076
      Category 2    0.796          772.336
      Category 3    0.149          144.435
      Category 4    0.019           17.957


SAMPLE STATISTICS

RANDOM STARTS RESULTS RANKED FROM THE BEST TO THE WORST LOGLIKELIHOOD VALUES

Final stage loglikelihood values at local maxima, seeds, and initial stage start numbers:

           -4648.406  49221            254
           -4648.409  253358           2
           -4648.409  206099           363
           -4648.409  617243           237
           -4648.409  903633           553
           -4648.410  195873           6
           -4648.410  618000           190
           -4648.410  775881           778
           -4648.410  192191           629
           -4648.410  648555           113
           -4648.410  699810           571
           -4648.410  123985           248
           -4648.410  712531           631
           -4648.410  964570           701
           -4648.410  88437            761
           -4648.410  279850           555
           -4648.410  303834           798
           -4648.410  723775           97
           -4648.410  665121           417
           -4648.410  342019           301
           -4648.410  569338           755
           -4648.410  267983           228
           -4648.410  497522           502
           -4648.410  569131           26
           -4648.411  520177           262
           -4648.411  958107           790
           -4648.411  563584           657
           -4648.411  301180           236
           -4648.411  647617           725
           -4648.411  879211           453
           -4648.411  443442           380
           -4648.411  319144           176
           -4648.411  266340           683
           -4648.411  529496           343
           -4648.411  496881           192
           -4648.411  182524           373
           -4648.411  519357           559
           -4648.411  252949           487
           -4648.411  668003           647
           -4648.411  787985           482
           -4648.412  637345           19
           -4648.412  175199           247
           -4648.412  27071            15
           -4648.412  659773           663
           -4648.412  244349           736
           -4648.412  971693           470
           -4648.412  387701           275
           -4648.412  777045           377
           -4648.412  204959           695
           -4648.412  536551           696
           -4648.412  17359            227
           -4648.412  146900           391
           -4648.412  556929           734
           -4648.412  602797           336
           -4648.412  738393           619
           -4648.412  81117            305
           -4648.413  724519           333
           -4648.413  742609           531
           -4648.413  399848           220
           -4648.413  347222           533
           -4648.413  592219           119
           -4648.414  580181           691
           -4648.414  62835            642
           -4648.414  857799           315
           -4648.414  871851           257
           -4648.414  335485           496
           -4648.414  291149           536
           -4648.414  939709           112
           -4648.414  802256           477
           -4648.414  341519           653
           -4648.414  126371           526
           -4648.415  105435           265
           -4648.415  637095           207
           -4648.415  165853           105
           -4648.415  853195           431
           -4648.415  644297           340
           -4648.415  246575           291
           -4648.416  282464           283
           -4648.416  951709           348
           -4648.416  345070           114
           -4648.416  695155           150
           -4648.416  153942           31
           -4648.416  379729           512
           -4648.416  694303           282
           -4648.416  197223           332
           -4648.417  941525           609
           -4648.417  677720           681
           -4648.417  810705           626
           -4648.417  483369           270
           -4648.417  130011           587
           -4648.417  3307             735
           -4648.418  67009            564
           -4648.418  15270            610
           -4648.418  435287           623
           -4648.418  761633           50
           -4648.418  456213           160
           -4648.419  372176           23
           -4648.419  798821           423
           -4648.420  576596           99
           -4648.420  378393           509
           -4648.420  783165           170
           -4648.420  646573           741
           -4648.420  405371           569
           -4648.420  402699           604
           -4648.420  685657           69
           -4648.420  801065           393
           -4648.420  714455           476
           -4648.420  595153           230
           -4648.420  953843           651
           -4648.421  972430           491
           -4648.421  312754           562
           -4648.421  22089            143
           -4648.421  967237           48
           -4648.421  297518           166
           -4648.422  625191           350
           -4648.422  399380           436
           -4648.422  215353           164
           -4648.422  726035           191
           -4648.422  696773           80
           -4648.422  220454           288
           -4648.422  848969           173
           -4648.422  376411           473
           -4648.423  35191            703
           -4648.423  575700           100
           -4648.423  276102           599
           -4648.423  260601           36
           -4648.423  14262            781
           -4648.424  801717           364
           -4648.424  607072           717
           -4648.424  432148           30
           -4648.424  188640           451
           -4648.424  992389           77
           -4648.424  741888           138
           -4648.425  860029           760
           -4648.425  804104           566
           -4648.425  804561           59
           -4648.425  488125           368
           -4648.425  638977           643
           -4648.425  948615           140
           -4648.426  723035           538
           -4648.426  933578           506
           -4648.426  505244           582
           -4648.426  23012            352
           -4648.426  117391           710
           -4648.427  609185           181
           -4648.427  unperturbed      0
           -4648.427  59674            240
           -4648.427  391949           295
           -4648.428  82357            339
           -4648.428  502495           724
           -4648.428  259507           53
           -4648.429  635245           121
           -4648.429  50887            389
           -4648.429  971853           402
           -4648.430  471398           74
           -4648.430  485483           498
           -4648.432  314757           345
           -4648.432  192071           142
           -4648.432  580539           786
           -4648.432  670281           721
           -4648.433  915107           54
           -4648.433  529455           268
           -4648.433  241197           747
           -4648.433  965639           463
           -4648.434  166851           638
           -4648.434  614535           449
           -4648.434  791285           416
           -4648.436  264935           281
           -4648.437  710445           792
           -4648.438  278661           674
           -4648.438  900631           774
           -4648.438  29591            633
           -4648.439  836515           341
           -4648.441  862607           468
           -4648.442  715255           523
           -4648.442  876943           650
           -4648.442  741484           441
           -4648.443  878749           728

22 perturbed starting value run(s) did not converge or were rejected in the third stage.



THE BEST LOGLIKELIHOOD VALUE HAS BEEN REPLICATED.  RERUN WITH AT LEAST TWICE THE
RANDOM STARTS TO CHECK THAT THE BEST LOGLIKELIHOOD IS STILL OBTAINED AND REPLICATED.


THE MODEL ESTIMATION TERMINATED NORMALLY



MODEL FIT INFORMATION

Number of Free Parameters                       12

Loglikelihood

          H0 Value                       -4648.406
          H0 Scaling Correction Factor      1.9110
            for MLR

Information Criteria

          Akaike (AIC)                    9320.813
          Bayesian (BIC)                  9387.062
          Sample-Size Adjusted BIC        9348.939
            (n* = (n + 2) / 24)

Chi-Square Test of Model Fit for the Binary and Ordered Categorical
(Ordinal) Outcomes**

          Pearson Chi-Square

          Value                           1368.066
          Degrees of Freedom                  2021
          P-Value                           1.0000

          Likelihood Ratio Chi-Square

          Value                            563.500
          Degrees of Freedom                  2021
          P-Value                           1.0000

** Of the 3124 cells in the latent class indicator table, 5
   were deleted in the calculation of chi-square due to extreme values.

Chi-Square Test for MCAR under the Unrestricted Latent Class Indicator Model

          Pearson Chi-Square

          Value                           1598.664
          Degrees of Freedom                  4139
          P-Value                           1.0000

          Likelihood Ratio Chi-Square

          Value                           1221.211
          Degrees of Freedom                  4139
          P-Value                           1.0000



FINAL CLASS COUNTS AND PROPORTIONS FOR THE LATENT CLASSES
BASED ON THE ESTIMATED MODEL

    Latent
   Classes

       1       1306.00000          0.70748
       2        540.00000          0.29252


MODEL RESULTS

                                                    Two-Tailed
                    Estimate       S.E.  Est./S.E.    P-Value

Latent Class 1 (1)

 I        |
    SCGHQA_5           1.000      0.000    999.000    999.000
    SCGHQA_6           1.000      0.000    999.000    999.000
    SCGHQA_7           1.000      0.000    999.000    999.000
    SCGHQA_8           1.000      0.000    999.000    999.000
    SCGHQA_10          1.000      0.000    999.000    999.000

 S        |
    SCGHQA_5           0.000      0.000    999.000    999.000
    SCGHQA_6           1.000      0.000    999.000    999.000
    SCGHQA_7           2.000      0.000    999.000    999.000
    SCGHQA_8           3.000      0.000    999.000    999.000
    SCGHQA_10          5.000      0.000    999.000    999.000

 S        WITH
    I                 -0.213      0.167     -1.270      0.204

 Means
    I                 -0.003      0.132     -0.020      0.984
    S                 -0.048      0.034     -1.406      0.160

 Thresholds
    SCGHQA_5$1        -4.424      0.231    -19.113      0.000
    SCGHQA_5$2         1.963      0.139     14.121      0.000
    SCGHQA_5$3         4.483      0.229     19.545      0.000
    SCGHQA_6$1        -4.424      0.231    -19.113      0.000
    SCGHQA_6$2         1.963      0.139     14.121      0.000
    SCGHQA_6$3         4.483      0.229     19.545      0.000
    SCGHQA_7$1        -4.424      0.231    -19.113      0.000
    SCGHQA_7$2         1.963      0.139     14.121      0.000
    SCGHQA_7$3         4.483      0.229     19.545      0.000
    SCGHQA_8$1        -4.424      0.231    -19.113      0.000
    SCGHQA_8$2         1.963      0.139     14.121      0.000
    SCGHQA_8$3         4.483      0.229     19.545      0.000
    SCGHQA_1$1        -4.424      0.231    -19.113      0.000
    SCGHQA_1$2         1.963      0.139     14.121      0.000
    SCGHQA_1$3         4.483      0.229     19.545      0.000

 Variances
    I                  2.083      0.580      3.592      0.000
    S                  0.091      0.067      1.360      0.174

Latent Class 2 (2)

 I        |
    SCGHQA_5           1.000      0.000    999.000    999.000
    SCGHQA_6           1.000      0.000    999.000    999.000
    SCGHQA_7           1.000      0.000    999.000    999.000
    SCGHQA_8           1.000      0.000    999.000    999.000
    SCGHQA_10          1.000      0.000    999.000    999.000

 S        |
    SCGHQA_5           0.000      0.000    999.000    999.000
    SCGHQA_6           1.000      0.000    999.000    999.000
    SCGHQA_7           2.000      0.000    999.000    999.000
    SCGHQA_8           3.000      0.000    999.000    999.000
    SCGHQA_10          5.000      0.000    999.000    999.000

 S        WITH
    I                  0.050      0.052      0.955      0.340

 Means
    I                  0.000      0.000    999.000    999.000
    S                 -0.048      0.034     -1.406      0.160

 Thresholds
    SCGHQA_5$1        -4.424      0.231    -19.113      0.000
    SCGHQA_5$2         1.963      0.139     14.121      0.000
    SCGHQA_5$3         4.483      0.229     19.545      0.000
    SCGHQA_6$1        -4.424      0.231    -19.113      0.000
    SCGHQA_6$2         1.963      0.139     14.121      0.000
    SCGHQA_6$3         4.483      0.229     19.545      0.000
    SCGHQA_7$1        -4.424      0.231    -19.113      0.000
    SCGHQA_7$2         1.963      0.139     14.121      0.000
    SCGHQA_7$3         4.483      0.229     19.545      0.000
    SCGHQA_8$1        -4.424      0.231    -19.113      0.000
    SCGHQA_8$2         1.963      0.139     14.121      0.000
    SCGHQA_8$3         4.483      0.229     19.545      0.000
    SCGHQA_1$1        -4.424      0.231    -19.113      0.000
    SCGHQA_1$2         1.963      0.139     14.121      0.000
    SCGHQA_1$3         4.483      0.229     19.545      0.000

 Variances
    I                  1.227      0.398      3.085      0.002
    S                  0.002      0.005      0.434      0.664

Categorical Latent Variables

 Means
    C#1                0.883      0.067     13.270      0.000


QUALITY OF NUMERICAL RESULTS

     Condition Number for the Information Matrix              0.895E-06
       (ratio of smallest to largest eigenvalue)


RESULTS IN PROBABILITY SCALE

                    Estimate

Latent Class 1 (1)

 SCGHQA_5
    Category 1         0.029
    Category 2         0.781
    Category 3         0.163
    Category 4         0.027
 SCGHQA_6
    Category 1         0.027
    Category 2         0.797
    Category 3         0.153
    Category 4         0.023
 SCGHQA_7
    Category 1         0.026
    Category 2         0.807
    Category 3         0.145
    Category 4         0.021
 SCGHQA_8
    Category 1         0.028
    Category 2         0.811
    Category 3         0.141
    Category 4         0.020
 SCGHQA_10
    Category 1         0.037
    Category 2         0.796
    Category 3         0.143
    Category 4         0.023

Latent Class 2 (2)

 SCGHQA_5
    Category 1         0.021
    Category 2         0.812
    Category 3         0.147
    Category 4         0.020
 SCGHQA_6
    Category 1         0.023
    Category 2         0.813
    Category 3         0.145
    Category 4         0.020
 SCGHQA_7
    Category 1         0.025
    Category 2         0.813
    Category 3         0.142
    Category 4         0.020
 SCGHQA_8
    Category 1         0.027
    Category 2         0.813
    Category 3         0.140
    Category 4         0.020
 SCGHQA_10
    Category 1         0.032
    Category 2         0.813
    Category 3         0.136
    Category 4         0.020


STANDARDIZED MODEL RESULTS


STDYX Standardization

                                                    Two-Tailed
                    Estimate       S.E.  Est./S.E.    P-Value

Latent Class 1 (1)

 I        |
    SCGHQA_5           0.623      0.053     11.732      0.000
    SCGHQA_6           0.643      0.067      9.552      0.000
    SCGHQA_7           0.653      0.077      8.427      0.000
    SCGHQA_8           0.651      0.081      8.046      0.000
    SCGHQA_10          0.615      0.073      8.413      0.000

 S        |
    SCGHQA_5           0.000      0.000    999.000    999.000
    SCGHQA_6           0.134      0.048      2.800      0.005
    SCGHQA_7           0.272      0.100      2.717      0.007
    SCGHQA_8           0.408      0.149      2.732      0.006
    SCGHQA_10          0.641      0.210      3.055      0.002

 S        WITH
    I                 -0.489      0.174     -2.815      0.005

 Means
    I                 -0.002      0.091     -0.020      0.984
    S                 -0.159      0.123     -1.287      0.198

 Thresholds
    SCGHQA_5$1        -1.909      0.092    -20.689      0.000
    SCGHQA_5$2         0.847      0.062     13.620      0.000
    SCGHQA_5$3         1.934      0.106     18.271      0.000
    SCGHQA_6$1        -1.971      0.083    -23.813      0.000
    SCGHQA_6$2         0.875      0.060     14.688      0.000
    SCGHQA_6$3         1.997      0.095     21.076      0.000
    SCGHQA_7$1        -2.002      0.085    -23.433      0.000
    SCGHQA_7$2         0.888      0.061     14.624      0.000
    SCGHQA_7$3         2.028      0.097     20.995      0.000
    SCGHQA_8$1        -1.996      0.084    -23.723      0.000
    SCGHQA_8$2         0.886      0.061     14.438      0.000
    SCGHQA_8$3         2.023      0.098     20.709      0.000
    SCGHQA_1$1        -1.884      0.099    -19.128      0.000
    SCGHQA_1$2         0.836      0.068     12.383      0.000
    SCGHQA_1$3         1.909      0.119     16.084      0.000

 Variances
    I                  1.000      0.000    999.000    999.000
    S                  1.000      0.000    999.000    999.000

Latent Class 2 (2)

 I        |
    SCGHQA_5           0.521      0.062      8.472      0.000
    SCGHQA_6           0.515      0.065      7.898      0.000
    SCGHQA_7           0.510      0.069      7.343      0.000
    SCGHQA_8           0.504      0.074      6.821      0.000
    SCGHQA_10          0.492      0.083      5.898      0.000

 S        |
    SCGHQA_5           0.000      0.000    999.000    999.000
    SCGHQA_6           0.021      0.024      0.854      0.393
    SCGHQA_7           0.041      0.048      0.863      0.388
    SCGHQA_8           0.061      0.070      0.873      0.383
    SCGHQA_10          0.100      0.111      0.895      0.371

 S        WITH
    I                  0.999      0.004    257.904      0.000

 Means
    I                  0.000      0.000    999.000    999.000
    S                 -1.065      1.263     -0.843      0.399

 Thresholds
    SCGHQA_5$1        -2.082      0.125    -16.601      0.000
    SCGHQA_5$2         0.924      0.059     15.746      0.000
    SCGHQA_5$3         2.110      0.107     19.764      0.000
    SCGHQA_6$1        -2.059      0.107    -19.167      0.000
    SCGHQA_6$2         0.913      0.057     15.978      0.000
    SCGHQA_6$3         2.086      0.096     21.769      0.000
    SCGHQA_7$1        -2.036      0.093    -21.791      0.000
    SCGHQA_7$2         0.903      0.058     15.580      0.000
    SCGHQA_7$3         2.063      0.091     22.548      0.000
    SCGHQA_8$1        -2.013      0.086    -23.470      0.000
    SCGHQA_8$2         0.893      0.061     14.628      0.000
    SCGHQA_8$3         2.039      0.095     21.499      0.000
    SCGHQA_1$1        -1.966      0.095    -20.729      0.000
    SCGHQA_1$2         0.872      0.073     12.009      0.000
    SCGHQA_1$3         1.992      0.121     16.476      0.000

 Variances
    I                  1.000      0.000    999.000    999.000
    S                  1.000      0.000    999.000    999.000


R-SQUARE

Class 1

    Observed                                        Two-Tailed
    Variable        Estimate       S.E.  Est./S.E.    P-Value

    SCGHQA_5           0.388      0.066      5.866      0.000
    SCGHQA_6           0.347      0.051      6.770      0.000
    SCGHQA_7           0.327      0.046      7.089      0.000
    SCGHQA_8           0.330      0.045      7.281      0.000
    SCGHQA_1           0.403      0.069      5.814      0.000

Class 2

    Observed                                        Two-Tailed
    Variable        Estimate       S.E.  Est./S.E.    P-Value

    SCGHQA_5           0.272      0.064      4.236      0.000
    SCGHQA_6           0.288      0.053      5.463      0.000
    SCGHQA_7           0.304      0.046      6.595      0.000
    SCGHQA_8           0.319      0.046      6.914      0.000
    SCGHQA_1           0.350      0.063      5.531      0.000


     Beginning Time:  11:38:04
        Ending Time:  11:43:34
       Elapsed Time:  00:05:30



MUTHEN & MUTHEN
3463 Stoner Ave.
Los Angeles, CA  90066

Tel: (310) 391-9971
Fax: (310) 391-8971
Web: www.StatModel.com
Support: Support@StatModel.com

Copyright (c) 1998-2021 Muthen & Muthen
