Mplus VERSION 8.6
MUTHEN & MUTHEN
07/12/2021   7:14 PM

INPUT INSTRUCTIONS

  TITLE: Your title goes here

   DATA: FILE = data.dta;

   VARIABLE:

   NAMES = pidp gridmode mm hidp_5 hidp_6 hidp_7 hidp_8 hidp_9 hidp_10 indmode_5
       indmode_6 indmode_7 indmode_8 indmode_9 indmode_10 mode_type_all mode_type_no9
       mode_type_567 mode_type_7 all no9 p567 p7 switch_all switch_no9 switch_567
       switch_7 lkmove_5 xpmove_5 caruse_5 mobuse_5 netpuse_5 aidxhh_5 jbhas_5 j2has_5
       finnow_5 finfut_5 howlng_5 vote1_5 vote6_5 scsf1_5 scsf2a_5 scsf2b_5 scsf3a_5
       scsf3b_5 scsf4a_5 scsf4b_5 scsf5_5 scsf6a_5 scsf6b_5 scsf6c_5 scsf7_5 scghqa_5
       scghqb_5 scghqc_5 scghqd_5 scghqe_5 scghqf_5 scghqg_5 scghqh_5 scghqi_5
       scghqj_5 scghqk_5 scghql_5 lkmove_6 xpmove_6 caruse_6 mobuse_6 netpuse_6
       aidxhh_6 jbhas_6 j2has_6 finnow_6 finfut_6 howlng_6 vote1_6 vote6_6 scsf1_6
       scsf2a_6 scsf2b_6 scsf3a_6 scsf3b_6 scsf4a_6 scsf4b_6 scsf5_6 scsf6a_6 scsf6b_6
       scsf6c_6 scsf7_6 scghqa_6 scghqb_6 scghqc_6 scghqd_6 scghqe_6 scghqf_6 scghqg_6
       scghqh_6 scghqi_6 scghqj_6 scghqk_6 scghql_6 lkmove_7 xpmove_7 caruse_7
       mobuse_7 netpuse_7 smoker_7 aidxhh_7 jbhas_7 jbterm1_7 jbsemp_7 j2has_7
       fiyrdia_7 finnow_7 finfut_7 howlng_7 vote1_7 vote6_7 scsf2a_7 scsf2b_7 scsf3a_7
       scsf3b_7 scsf4a_7 scsf4b_7 scsf5_7 scsf6a_7 scsf6b_7 scsf6c_7 scsf7_7 scghqa_7
       scghqb_7 scghqc_7 scghqd_7 scghqe_7 scghqf_7 scghqg_7 scghqh_7 scghqi_7
       scghqj_7 scghqk_7 scghql_7 scsf1_7 lkmove_8 xpmove_8 caruse_8 mobuse_8
       netpuse_8 smoker_8 aidxhh_8 jbhas_8 jbterm1_8 jbsemp_8 j2has_8 fiyrdia_8
       finnow_8 finfut_8 scsf2a_8 scsf2b_8 scsf3a_8 scsf3b_8 scsf4a_8 scsf4b_8 scsf5_8
       scsf6a_8 scsf6b_8 scsf6c_8 scsf7_8 scghqa_8 scghqb_8 scghqc_8 scghqd_8 scghqe_8
       scghqf_8 scghqg_8 scghqh_8 scghqi_8 scghqj_8 scghqk_8 scghql_8 scsf1_8 mobuse_9
       netpuse_9 smoker_9 jbhas_9 jbterm1_9 jbsemp_9 j2has_9 fiyrdia_9 finnow_9
       finfut_9 lkmove_10 xpmove_10 mobuse_10 netpuse_10 smoker_10 aidxhh_10 jbhas_10
       jbterm1_10 jbsemp_10 j2has_10 fiyrdia_10 finnow_10 finfut_10 scsf1_10 scsf2a_10
       scsf2b_10 scsf3a_10 scsf3b_10 scsf4a_10 scsf4b_10 scsf5_10 scsf6a_10 scsf6b_10
       scsf6c_10 scsf7_10 scghqa_10 scghqb_10 scghqc_10 scghqd_10 scghqe_10 scghqf_10
       scghqg_10 scghqh_10 scghqi_10 scghqj_10 scghqk_10 scghql_10 edu agecat female
       partner sf1 longill london north urban refresh Higher A level GCSE Other age_35
       age_55 age_75 age_102 pred_all pred_no9 pred_p567 pred_p7 pred_all_w pred_no9_w
       pred_p567_w pred_p7_w;

   MISSING=.;

   USEVARIABLES ARE
   scghql_5
   scghql_6
   scghql_7
   scghql_8
   scghql_10;

   CATEGORICAL ARE
   scghql_5
   scghql_6
   scghql_7
   scghql_8
   scghql_10;
   CLASSES = c(2);

    KNOWNCLASS = c(no9= 1 2);
  WEIGHT IS pred_no9_w;

   ANALYSIS:


      TYPE = MIXTURE;

      ESTIMATOR = MLR;

      ALGORITHM = INTEGRATION;

      Processors = 8(starts);

      STARTS = 800 200;

   Model:


      %OVERALL%

  i s | scghql_5@0 scghql_6@1 scghql_7@2 scghql_8@3 scghql_10@5;
   %c#1%
  [s] (a); s ;
   s WITH i ;
   i ;


   %c#2%
  [s] (a); s ;
   s WITH i ;
   i ;


   OUTPUT: SAMPSTAT;

                                  STDYX;




*** WARNING in VARIABLE command
  Note that only the first 8 characters of variable names are used in the output.
  Shorten variable names to avoid any confusion.
*** WARNING
  One or more observations has a value of 0 for the WEIGHT variable.
*** WARNING
  Data set contains unknown or missing values for variable NO9.
  This variable is used to determine the KNOWNCLASS specification.
  Number of such cases:  111
*** WARNING
  Data set contains cases with missing on all variables.
  These cases were not included in the analysis.
  Number of cases with missing on all variables:  100
   4 WARNING(S) FOUND IN THE INPUT INSTRUCTIONS



Your title goes here

SUMMARY OF ANALYSIS

Number of groups                                                 1
Number of observations                                        1846

Number of dependent variables                                    5
Number of independent variables                                  0
Number of continuous latent variables                            2
Number of categorical latent variables                           1

Observed dependent variables

  Binary and ordered categorical (ordinal)
   SCGHQL_5    SCGHQL_6    SCGHQL_7    SCGHQL_8    SCGHQL_1

Continuous latent variables
   I           S

Categorical latent variables
   C

  Knownclass            C

Variables with special functions

  Weight variable       PRED_NO9

Estimator                                                      MLR
Information matrix                                        OBSERVED
Optimization Specifications for the Quasi-Newton Algorithm for
Continuous Outcomes
  Maximum number of iterations                                 100
  Convergence criterion                                  0.100D-05
Optimization Specifications for the EM Algorithm
  Maximum number of iterations                                 500
  Convergence criteria
    Loglikelihood change                                 0.100D-02
    Relative loglikelihood change                        0.100D-05
    Derivative                                           0.100D-02
Optimization Specifications for the M step of the EM Algorithm for
Categorical Latent variables
  Number of M step iterations                                    1
  M step convergence criterion                           0.100D-02
  Basis for M step termination                           ITERATION
Optimization Specifications for the M step of the EM Algorithm for
Censored, Binary or Ordered Categorical (Ordinal), Unordered
Categorical (Nominal) and Count Outcomes
  Number of M step iterations                                    1
  M step convergence criterion                           0.100D-02
  Basis for M step termination                           ITERATION
  Maximum value for logit thresholds                            15
  Minimum value for logit thresholds                           -15
  Minimum expected cell size for chi-square              0.100D-01
Maximum number of iterations for H1                           2000
Convergence criterion for H1                             0.100D-03
Optimization algorithm                                         EMA
Integration Specifications
  Type                                                    STANDARD
  Number of integration points                                  15
  Dimensions of numerical integration                            2
  Adaptive quadrature                                           ON
Random Starts Specifications
  Number of initial stage random starts                        800
  Number of final stage optimizations                          200
  Number of initial stage iterations                            10
  Initial stage convergence criterion                    0.100D+01
  Random starts scale                                    0.500D+01
  Random seed for generating random starts                       0
Link                                                         LOGIT
Cholesky                                                        ON

Input data file(s)
  data.dta
Input data format  FREE


SUMMARY OF DATA

     Number of missing data patterns            31
     Number of y missing data patterns           0
     Number of u missing data patterns          31


COVARIANCE COVERAGE OF DATA

Minimum covariance coverage value   0.100


     PROPORTION OF DATA PRESENT FOR U


           Covariance Coverage
              SCGHQL_5      SCGHQL_6      SCGHQL_7      SCGHQL_8      SCGHQL_1
              ________      ________      ________      ________      ________
 SCGHQL_5       0.385
 SCGHQL_6       0.291         0.458
 SCGHQL_7       0.264         0.337         0.593
 SCGHQL_8       0.250         0.326         0.470         0.580
 SCGHQL_1       0.223         0.288         0.400         0.434         0.648


UNIVARIATE PROPORTIONS AND COUNTS FOR CATEGORICAL VARIABLES

    SCGHQL_5
      Category 1    0.079           86.546
      Category 2    0.784          861.557
      Category 3    0.104          114.443
      Category 4    0.034           37.055
    SCGHQL_6
      Category 1    0.072           98.183
      Category 2    0.786         1072.254
      Category 3    0.118          160.852
      Category 4    0.024           32.100
    SCGHQL_7
      Category 1    0.085          100.765
      Category 2    0.804          948.827
      Category 3    0.089          104.522
      Category 4    0.022           25.835
    SCGHQL_8
      Category 1    0.100          110.134
      Category 2    0.804          887.269
      Category 3    0.075           82.323
      Category 4    0.022           23.910
    SCGHQL_1
      Category 1    0.073           70.732
      Category 2    0.786          759.679
      Category 3    0.113          108.898
      Category 4    0.029           27.642


SAMPLE STATISTICS

RANDOM STARTS RESULTS RANKED FROM THE BEST TO THE WORST LOGLIKELIHOOD VALUES

Final stage loglikelihood values at local maxima, seeds, and initial stage start numbers:

           -5041.220  915107           54
           -5041.220  282464           283
           -5041.221  166851           638
           -5041.221  392766           331
           -5041.221  741484           441
           -5041.221  181293           212
           -5041.221  876943           650
           -5041.221  298553           773
           -5041.222  14262            781
           -5041.223  761633           50
           -5041.223  291149           536
           -5041.223  802256           477
           -5041.223  917702           693
           -5041.224  992389           77
           -5041.224  685268           596
           -5041.224  488125           368
           -5041.224  853195           431
           -5041.224  347222           533
           -5041.224  117587           572
           -5041.224  182524           373
           -5041.225  971693           470
           -5041.225  791285           416
           -5041.225  654136           167
           -5041.225  327140           678
           -5041.226  618000           190
           -5041.226  521575           313
           -5041.226  15270            610
           -5041.226  113138           585
           -5041.226  603842           61
           -5041.227  399848           220
           -5041.227  373505           88
           -5041.227  260953           589
           -5041.227  383986           159
           -5041.227  940533           764
           -5041.228  820977           776
           -5041.228  396795           323
           -5041.228  379729           512
           -5041.228  354624           448
           -5041.229  801065           393
           -5041.229  972430           491
           -5041.229  738393           619
           -5041.229  836066           372
           -5041.229  317640           437
           -5041.229  668003           647
           -5041.229  997222           229
           -5041.229  805935           615
           -5041.229  416463           467
           -5041.230  484687           306
           -5041.230  863094           147
           -5041.230  81117            305
           -5041.230  726035           191
           -5041.230  107446           12
           -5041.230  440841           118
           -5041.230  155622           507
           -5041.230  422103           62
           -5041.230  471398           74
           -5041.230  432148           30
           -5041.231  130011           587
           -5041.231  512403           719
           -5041.231  34346            330
           -5041.231  232226           235
           -5041.231  696830           668
           -5041.231  794236           127
           -5041.231  123985           248
           -5041.231  188640           451
           -5041.231  903633           553
           -5041.231  871722           355
           -5041.231  84013            598
           -5041.231  292884           103
           -5041.231  638977           643
           -5041.231  967237           48
           -5041.231  850840           232
           -5041.231  576596           99
           -5041.231  264901           634
           -5041.232  378393           509
           -5041.232  695155           150
           -5041.232  568405           233
           -5041.232  616917           261
           -5041.232  881886           608
           -5041.232  35191            703
           -5041.232  724519           333
           -5041.232  781489           627
           -5041.232  509733           130
           -5041.232  646573           741
           -5041.232  192071           142
           -5041.232  278661           674
           -5041.233  580181           691
           -5041.233  694303           282
           -5041.233  22089            143
           -5041.233  unperturbed      0
           -5041.233  391949           295
           -5041.233  62835            642
           -5041.233  273992           349
           -5041.234  69413            472
           -5041.234  801717           364
           -5041.234  714455           476
           -5041.235  710445           792
           -5041.235  617243           237
           -5041.235  294811           637
           -5041.236  592219           119
           -5041.236  810705           626
           -5041.236  556929           734
           -5041.237  575700           100
           -5041.238  804561           59
           -5041.238  138695           783
           -5041.238  341519           653
           -5041.238  780698           337
           -5041.238  49221            254
           -5041.238  609089           241
           -5041.238  483369           270
           -5041.238  260601           36
           -5041.238  879211           453
           -5041.238  192191           629
           -5041.239  435287           623
           -5041.239  995249           525
           -5041.239  602797           336
           -5041.239  563584           657
           -5041.239  862607           468
           -5041.239  637095           207
           -5041.239  275475           413
           -5041.239  860029           760
           -5041.239  635245           121
           -5041.239  712531           631
           -5041.239  246575           291
           -5041.239  926797           406
           -5041.239  175199           247
           -5041.239  536551           696
           -5041.239  322790           636
           -5041.239  670281           721
           -5041.239  312754           562
           -5041.240  519357           559
           -5041.240  27071            15
           -5041.240  91231            727
           -5041.240  502495           724
           -5041.240  775881           778
           -5041.240  314034           513
           -5041.240  264935           281
           -5041.240  284109           82
           -5041.635  551639           55
           -5041.643  682718           733
           -5041.656  303834           798
           -5041.662  665121           417
           -5041.668  195873           6
           -5041.668  900631           774

56 perturbed starting value run(s) did not converge or were rejected in the third stage.



THE BEST LOGLIKELIHOOD VALUE HAS BEEN REPLICATED.  RERUN WITH AT LEAST TWICE THE
RANDOM STARTS TO CHECK THAT THE BEST LOGLIKELIHOOD IS STILL OBTAINED AND REPLICATED.


THE MODEL ESTIMATION TERMINATED NORMALLY



MODEL FIT INFORMATION

Number of Free Parameters                       12

Loglikelihood

          H0 Value                       -5041.220
          H0 Scaling Correction Factor      1.9617
            for MLR

Information Criteria

          Akaike (AIC)                   10106.440
          Bayesian (BIC)                 10172.690
          Sample-Size Adjusted BIC       10134.566
            (n* = (n + 2) / 24)

Chi-Square Test of Model Fit for the Binary and Ordered Categorical
(Ordinal) Outcomes**

          Pearson Chi-Square

          Value                           1866.973
          Degrees of Freedom                  2014
          P-Value                           0.9910

          Likelihood Ratio Chi-Square

          Value                            652.734
          Degrees of Freedom                  2014
          P-Value                           1.0000

** Of the 3124 cells in the latent class indicator table, 9
   were deleted in the calculation of chi-square due to extreme values.

Chi-Square Test for MCAR under the Unrestricted Latent Class Indicator Model

          Pearson Chi-Square

          Value                           1711.026
          Degrees of Freedom                  4139
          P-Value                           1.0000

          Likelihood Ratio Chi-Square

          Value                           1353.031
          Degrees of Freedom                  4139
          P-Value                           1.0000



FINAL CLASS COUNTS AND PROPORTIONS FOR THE LATENT CLASSES
BASED ON THE ESTIMATED MODEL

    Latent
   Classes

       1       1306.00000          0.70748
       2        540.00000          0.29252


MODEL RESULTS

                                                    Two-Tailed
                    Estimate       S.E.  Est./S.E.    P-Value

Latent Class 1 (1)

 I        |
    SCGHQL_5           1.000      0.000    999.000    999.000
    SCGHQL_6           1.000      0.000    999.000    999.000
    SCGHQL_7           1.000      0.000    999.000    999.000
    SCGHQL_8           1.000      0.000    999.000    999.000
    SCGHQL_10          1.000      0.000    999.000    999.000

 S        |
    SCGHQL_5           0.000      0.000    999.000    999.000
    SCGHQL_6           1.000      0.000    999.000    999.000
    SCGHQL_7           2.000      0.000    999.000    999.000
    SCGHQL_8           3.000      0.000    999.000    999.000
    SCGHQL_10          5.000      0.000    999.000    999.000

 S        WITH
    I                 -0.060      0.152     -0.399      0.690

 Means
    I                 -0.092      0.128     -0.722      0.470
    S                 -0.022      0.029     -0.738      0.461

 Thresholds
    SCGHQL_5$1        -3.188      0.157    -20.246      0.000
    SCGHQL_5$2         2.379      0.139     17.120      0.000
    SCGHQL_5$3         4.375      0.194     22.565      0.000
    SCGHQL_6$1        -3.188      0.157    -20.246      0.000
    SCGHQL_6$2         2.379      0.139     17.120      0.000
    SCGHQL_6$3         4.375      0.194     22.565      0.000
    SCGHQL_7$1        -3.188      0.157    -20.246      0.000
    SCGHQL_7$2         2.379      0.139     17.120      0.000
    SCGHQL_7$3         4.375      0.194     22.565      0.000
    SCGHQL_8$1        -3.188      0.157    -20.246      0.000
    SCGHQL_8$2         2.379      0.139     17.120      0.000
    SCGHQL_8$3         4.375      0.194     22.565      0.000
    SCGHQL_1$1        -3.188      0.157    -20.246      0.000
    SCGHQL_1$2         2.379      0.139     17.120      0.000
    SCGHQL_1$3         4.375      0.194     22.565      0.000

 Variances
    I                  1.955      0.518      3.770      0.000
    S                  0.030      0.059      0.500      0.617

Latent Class 2 (2)

 I        |
    SCGHQL_5           1.000      0.000    999.000    999.000
    SCGHQL_6           1.000      0.000    999.000    999.000
    SCGHQL_7           1.000      0.000    999.000    999.000
    SCGHQL_8           1.000      0.000    999.000    999.000
    SCGHQL_10          1.000      0.000    999.000    999.000

 S        |
    SCGHQL_5           0.000      0.000    999.000    999.000
    SCGHQL_6           1.000      0.000    999.000    999.000
    SCGHQL_7           2.000      0.000    999.000    999.000
    SCGHQL_8           3.000      0.000    999.000    999.000
    SCGHQL_10          5.000      0.000    999.000    999.000

 S        WITH
    I                  0.029      0.044      0.673      0.501

 Means
    I                  0.000      0.000    999.000    999.000
    S                 -0.022      0.029     -0.738      0.461

 Thresholds
    SCGHQL_5$1        -3.188      0.157    -20.246      0.000
    SCGHQL_5$2         2.379      0.139     17.120      0.000
    SCGHQL_5$3         4.375      0.194     22.565      0.000
    SCGHQL_6$1        -3.188      0.157    -20.246      0.000
    SCGHQL_6$2         2.379      0.139     17.120      0.000
    SCGHQL_6$3         4.375      0.194     22.565      0.000
    SCGHQL_7$1        -3.188      0.157    -20.246      0.000
    SCGHQL_7$2         2.379      0.139     17.120      0.000
    SCGHQL_7$3         4.375      0.194     22.565      0.000
    SCGHQL_8$1        -3.188      0.157    -20.246      0.000
    SCGHQL_8$2         2.379      0.139     17.120      0.000
    SCGHQL_8$3         4.375      0.194     22.565      0.000
    SCGHQL_1$1        -3.188      0.157    -20.246      0.000
    SCGHQL_1$2         2.379      0.139     17.120      0.000
    SCGHQL_1$3         4.375      0.194     22.565      0.000

 Variances
    I                  1.535      0.341      4.503      0.000
    S                  0.001      0.002      0.345      0.730

Categorical Latent Variables

 Means
    C#1                0.883      0.067     13.270      0.000


QUALITY OF NUMERICAL RESULTS

     Condition Number for the Information Matrix              0.159E-04
       (ratio of smallest to largest eigenvalue)


RESULTS IN PROBABILITY SCALE

                    Estimate

Latent Class 1 (1)

 SCGHQL_5
    Category 1         0.084
    Category 2         0.783
    Category 3         0.107
    Category 4         0.027
 SCGHQL_6
    Category 1         0.084
    Category 2         0.788
    Category 3         0.104
    Category 4         0.025
 SCGHQL_7
    Category 1         0.084
    Category 2         0.790
    Category 3         0.102
    Category 4         0.024
 SCGHQL_8
    Category 1         0.086
    Category 2         0.789
    Category 3         0.101
    Category 4         0.024
 SCGHQL_10
    Category 1         0.094
    Category 2         0.779
    Category 3         0.101
    Category 4         0.025

Latent Class 2 (2)

 SCGHQL_5
    Category 1         0.070
    Category 2         0.799
    Category 3         0.107
    Category 4         0.025
 SCGHQL_6
    Category 1         0.072
    Category 2         0.797
    Category 3         0.106
    Category 4         0.025
 SCGHQL_7
    Category 1         0.075
    Category 2         0.795
    Category 3         0.105
    Category 4         0.025
 SCGHQL_8
    Category 1         0.077
    Category 2         0.793
    Category 3         0.105
    Category 4         0.025
 SCGHQL_10
    Category 1         0.083
    Category 2         0.788
    Category 3         0.104
    Category 4         0.025


STANDARDIZED MODEL RESULTS


STDYX Standardization

                                                    Two-Tailed
                    Estimate       S.E.  Est./S.E.    P-Value

Latent Class 1 (1)

 I        |
    SCGHQL_5           0.610      0.051     12.020      0.000
    SCGHQL_6           0.616      0.062      9.950      0.000
    SCGHQL_7           0.618      0.070      8.859      0.000
    SCGHQL_8           0.616      0.073      8.433      0.000
    SCGHQL_10          0.603      0.071      8.519      0.000

 S        |
    SCGHQL_5           0.000      0.000    999.000    999.000
    SCGHQL_6           0.076      0.076      1.004      0.315
    SCGHQL_7           0.152      0.153      0.994      0.320
    SCGHQL_8           0.228      0.229      0.995      0.320
    SCGHQL_10          0.371      0.360      1.032      0.302

 S        WITH
    I                 -0.251      0.383     -0.655      0.512

 Means
    I                 -0.066      0.093     -0.713      0.476
    S                 -0.126      0.201     -0.627      0.531

 Thresholds
    SCGHQL_5$1        -1.392      0.071    -19.598      0.000
    SCGHQL_5$2         1.039      0.064     16.280      0.000
    SCGHQL_5$3         1.910      0.110     17.309      0.000
    SCGHQL_6$1        -1.404      0.064    -21.775      0.000
    SCGHQL_6$2         1.048      0.058     18.007      0.000
    SCGHQL_6$3         1.927      0.097     19.885      0.000
    SCGHQL_7$1        -1.409      0.066    -21.335      0.000
    SCGHQL_7$2         1.051      0.058     18.035      0.000
    SCGHQL_7$3         1.933      0.095     20.368      0.000
    SCGHQL_8$1        -1.405      0.066    -21.346      0.000
    SCGHQL_8$2         1.049      0.058     18.027      0.000
    SCGHQL_8$3         1.928      0.093     20.766      0.000
    SCGHQL_1$1        -1.374      0.075    -18.343      0.000
    SCGHQL_1$2         1.026      0.066     15.507      0.000
    SCGHQL_1$3         1.886      0.108     17.498      0.000

 Variances
    I                  1.000      0.000    999.000    999.000
    S                  1.000      0.000    999.000    999.000

Latent Class 2 (2)

 I        |
    SCGHQL_5           0.564      0.043     13.208      0.000
    SCGHQL_6           0.561      0.045     12.326      0.000
    SCGHQL_7           0.557      0.049     11.455      0.000
    SCGHQL_8           0.554      0.052     10.626      0.000
    SCGHQL_10          0.547      0.060      9.154      0.000

 S        |
    SCGHQL_5           0.000      0.000    999.000    999.000
    SCGHQL_6           0.011      0.016      0.686      0.493
    SCGHQL_7           0.022      0.032      0.690      0.490
    SCGHQL_8           0.033      0.047      0.695      0.487
    SCGHQL_10          0.054      0.077      0.704      0.481

 S        WITH
    I                  0.967      0.123      7.859      0.000

 Means
    I                  0.000      0.000    999.000    999.000
    S                 -0.885      1.686     -0.525      0.600

 Thresholds
    SCGHQL_5$1        -1.451      0.070    -20.778      0.000
    SCGHQL_5$2         1.083      0.060     18.141      0.000
    SCGHQL_5$3         1.992      0.090     22.245      0.000
    SCGHQL_6$1        -1.443      0.065    -22.357      0.000
    SCGHQL_6$2         1.077      0.057     18.748      0.000
    SCGHQL_6$3         1.980      0.083     23.811      0.000
    SCGHQL_7$1        -1.434      0.062    -23.203      0.000
    SCGHQL_7$2         1.070      0.057     18.812      0.000
    SCGHQL_7$3         1.967      0.081     24.396      0.000
    SCGHQL_8$1        -1.425      0.062    -22.979      0.000
    SCGHQL_8$2         1.063      0.058     18.295      0.000
    SCGHQL_8$3         1.955      0.082     23.722      0.000
    SCGHQL_1$1        -1.407      0.071    -19.883      0.000
    SCGHQL_1$2         1.050      0.065     16.057      0.000
    SCGHQL_1$3         1.931      0.097     19.859      0.000

 Variances
    I                  1.000      0.000    999.000    999.000
    S                  1.000      0.000    999.000    999.000


R-SQUARE

Class 1

    Observed                                        Two-Tailed
    Variable        Estimate       S.E.  Est./S.E.    P-Value

    SCGHQL_5           0.373      0.062      6.010      0.000
    SCGHQL_6           0.362      0.048      7.468      0.000
    SCGHQL_7           0.358      0.045      7.874      0.000
    SCGHQL_8           0.361      0.045      8.090      0.000
    SCGHQL_1           0.389      0.063      6.166      0.000

Class 2

    Observed                                        Two-Tailed
    Variable        Estimate       S.E.  Est./S.E.    P-Value

    SCGHQL_5           0.318      0.048      6.604      0.000
    SCGHQL_6           0.326      0.042      7.744      0.000
    SCGHQL_7           0.335      0.040      8.464      0.000
    SCGHQL_8           0.343      0.041      8.391      0.000
    SCGHQL_1           0.359      0.053      6.800      0.000


     Beginning Time:  19:14:12
        Ending Time:  19:19:52
       Elapsed Time:  00:05:40



MUTHEN & MUTHEN
3463 Stoner Ave.
Los Angeles, CA  90066

Tel: (310) 391-9971
Fax: (310) 391-8971
Web: www.StatModel.com
Support: Support@StatModel.com

Copyright (c) 1998-2021 Muthen & Muthen
