Mplus VERSION 8.6
MUTHEN & MUTHEN
07/12/2021   1:53 PM

INPUT INSTRUCTIONS

  TITLE: Your title goes here

   DATA: FILE = data.dta;

   VARIABLE:

   NAMES = pidp gridmode mm hidp_5 hidp_6 hidp_7 hidp_8 hidp_9 hidp_10 indmode_5
       indmode_6 indmode_7 indmode_8 indmode_9 indmode_10 mode_type_all mode_type_no9
       mode_type_567 mode_type_7 all no9 p567 p7 switch_all switch_no9 switch_567
       switch_7 lkmove_5 xpmove_5 caruse_5 mobuse_5 netpuse_5 aidxhh_5 jbhas_5 j2has_5
       finnow_5 finfut_5 howlng_5 vote1_5 vote6_5 scsf1_5 scsf2a_5 scsf2b_5 scsf3a_5
       scsf3b_5 scsf4a_5 scsf4b_5 scsf5_5 scsf6a_5 scsf6b_5 scsf6c_5 scsf7_5 scghqa_5
       scghqb_5 scghqc_5 scghqd_5 scghqe_5 scghqf_5 scghqg_5 scghqh_5 scghqi_5
       scghqj_5 scghqk_5 scghql_5 lkmove_6 xpmove_6 caruse_6 mobuse_6 netpuse_6
       aidxhh_6 jbhas_6 j2has_6 finnow_6 finfut_6 howlng_6 vote1_6 vote6_6 scsf1_6
       scsf2a_6 scsf2b_6 scsf3a_6 scsf3b_6 scsf4a_6 scsf4b_6 scsf5_6 scsf6a_6 scsf6b_6
       scsf6c_6 scsf7_6 scghqa_6 scghqb_6 scghqc_6 scghqd_6 scghqe_6 scghqf_6 scghqg_6
       scghqh_6 scghqi_6 scghqj_6 scghqk_6 scghql_6 lkmove_7 xpmove_7 caruse_7
       mobuse_7 netpuse_7 smoker_7 aidxhh_7 jbhas_7 jbterm1_7 jbsemp_7 j2has_7
       fiyrdia_7 finnow_7 finfut_7 howlng_7 vote1_7 vote6_7 scsf2a_7 scsf2b_7 scsf3a_7
       scsf3b_7 scsf4a_7 scsf4b_7 scsf5_7 scsf6a_7 scsf6b_7 scsf6c_7 scsf7_7 scghqa_7
       scghqb_7 scghqc_7 scghqd_7 scghqe_7 scghqf_7 scghqg_7 scghqh_7 scghqi_7
       scghqj_7 scghqk_7 scghql_7 scsf1_7 lkmove_8 xpmove_8 caruse_8 mobuse_8
       netpuse_8 smoker_8 aidxhh_8 jbhas_8 jbterm1_8 jbsemp_8 j2has_8 fiyrdia_8
       finnow_8 finfut_8 scsf2a_8 scsf2b_8 scsf3a_8 scsf3b_8 scsf4a_8 scsf4b_8 scsf5_8
       scsf6a_8 scsf6b_8 scsf6c_8 scsf7_8 scghqa_8 scghqb_8 scghqc_8 scghqd_8 scghqe_8
       scghqf_8 scghqg_8 scghqh_8 scghqi_8 scghqj_8 scghqk_8 scghql_8 scsf1_8 mobuse_9
       netpuse_9 smoker_9 jbhas_9 jbterm1_9 jbsemp_9 j2has_9 fiyrdia_9 finnow_9
       finfut_9 lkmove_10 xpmove_10 mobuse_10 netpuse_10 smoker_10 aidxhh_10 jbhas_10
       jbterm1_10 jbsemp_10 j2has_10 fiyrdia_10 finnow_10 finfut_10 scsf1_10 scsf2a_10
       scsf2b_10 scsf3a_10 scsf3b_10 scsf4a_10 scsf4b_10 scsf5_10 scsf6a_10 scsf6b_10
       scsf6c_10 scsf7_10 scghqa_10 scghqb_10 scghqc_10 scghqd_10 scghqe_10 scghqf_10
       scghqg_10 scghqh_10 scghqi_10 scghqj_10 scghqk_10 scghql_10 edu agecat female
       partner sf1 longill london north urban refresh Higher A level GCSE Other age_35
       age_55 age_75 age_102 pred_all pred_no9 pred_p567 pred_p7 pred_all_w pred_no9_w
       pred_p567_w pred_p7_w;

   MISSING=.;

   USEVARIABLES ARE
   scghqd_5
   scghqd_6
   scghqd_7
   scghqd_8
   scghqd_10;

   CATEGORICAL ARE
   scghqd_5
   scghqd_6
   scghqd_7
   scghqd_8
   scghqd_10;
   CLASSES = c(2);

    KNOWNCLASS = c(no9= 1 2);
  WEIGHT IS pred_no9_w;

   ANALYSIS:


      TYPE = MIXTURE;

      ESTIMATOR = MLR;

      ALGORITHM = INTEGRATION;

      Processors = 8(starts);

      STARTS = 800 200;

   Model:


      %OVERALL%

  i s | scghqd_5@0 scghqd_6@1 scghqd_7@2 scghqd_8@3 scghqd_10@5;
   %c#1%
  [s] (a);
   s (b);
   s WITH i ;
   i ;

   %c#2%
  [s] (a);
   s (b);
   s WITH i ;
   i ;

   OUTPUT: SAMPSTAT;

                                  STDYX;




*** WARNING in VARIABLE command
  Note that only the first 8 characters of variable names are used in the output.
  Shorten variable names to avoid any confusion.
*** WARNING
  One or more observations has a value of 0 for the WEIGHT variable.
*** WARNING
  Data set contains unknown or missing values for variable NO9.
  This variable is used to determine the KNOWNCLASS specification.
  Number of such cases:  111
*** WARNING
  Data set contains cases with missing on all variables.
  These cases were not included in the analysis.
  Number of cases with missing on all variables:  102
   4 WARNING(S) FOUND IN THE INPUT INSTRUCTIONS



Your title goes here

SUMMARY OF ANALYSIS

Number of groups                                                 1
Number of observations                                        1844

Number of dependent variables                                    5
Number of independent variables                                  0
Number of continuous latent variables                            2
Number of categorical latent variables                           1

Observed dependent variables

  Binary and ordered categorical (ordinal)
   SCGHQD_5    SCGHQD_6    SCGHQD_7    SCGHQD_8    SCGHQD_1

Continuous latent variables
   I           S

Categorical latent variables
   C

  Knownclass            C

Variables with special functions

  Weight variable       PRED_NO9

Estimator                                                      MLR
Information matrix                                        OBSERVED
Optimization Specifications for the Quasi-Newton Algorithm for
Continuous Outcomes
  Maximum number of iterations                                 100
  Convergence criterion                                  0.100D-05
Optimization Specifications for the EM Algorithm
  Maximum number of iterations                                 500
  Convergence criteria
    Loglikelihood change                                 0.100D-02
    Relative loglikelihood change                        0.100D-05
    Derivative                                           0.100D-02
Optimization Specifications for the M step of the EM Algorithm for
Categorical Latent variables
  Number of M step iterations                                    1
  M step convergence criterion                           0.100D-02
  Basis for M step termination                           ITERATION
Optimization Specifications for the M step of the EM Algorithm for
Censored, Binary or Ordered Categorical (Ordinal), Unordered
Categorical (Nominal) and Count Outcomes
  Number of M step iterations                                    1
  M step convergence criterion                           0.100D-02
  Basis for M step termination                           ITERATION
  Maximum value for logit thresholds                            15
  Minimum value for logit thresholds                           -15
  Minimum expected cell size for chi-square              0.100D-01
Maximum number of iterations for H1                           2000
Convergence criterion for H1                             0.100D-03
Optimization algorithm                                         EMA
Integration Specifications
  Type                                                    STANDARD
  Number of integration points                                  15
  Dimensions of numerical integration                            2
  Adaptive quadrature                                           ON
Random Starts Specifications
  Number of initial stage random starts                        800
  Number of final stage optimizations                          200
  Number of initial stage iterations                            10
  Initial stage convergence criterion                    0.100D+01
  Random starts scale                                    0.500D+01
  Random seed for generating random starts                       0
Link                                                         LOGIT
Cholesky                                                        ON

Input data file(s)
  data.dta
Input data format  FREE


SUMMARY OF DATA

     Number of missing data patterns            31
     Number of y missing data patterns           0
     Number of u missing data patterns          31


COVARIANCE COVERAGE OF DATA

Minimum covariance coverage value   0.100


     PROPORTION OF DATA PRESENT FOR U


           Covariance Coverage
              SCGHQD_5      SCGHQD_6      SCGHQD_7      SCGHQD_8      SCGHQD_1
              ________      ________      ________      ________      ________
 SCGHQD_5       0.386
 SCGHQD_6       0.292         0.457
 SCGHQD_7       0.265         0.338         0.595
 SCGHQD_8       0.252         0.326         0.472         0.581
 SCGHQD_1       0.223         0.287         0.400         0.435         0.648


UNIVARIATE PROPORTIONS AND COUNTS FOR CATEGORICAL VARIABLES

    SCGHQD_5
      Category 1    0.056           61.414
      Category 2    0.844          927.506
      Category 3    0.086           94.957
      Category 4    0.014           15.141
    SCGHQD_6
      Category 1    0.062           84.494
      Category 2    0.833         1134.399
      Category 3    0.094          128.394
      Category 4    0.011           14.925
    SCGHQD_7
      Category 1    0.046           55.093
      Category 2    0.878         1041.139
      Category 3    0.059           69.552
      Category 4    0.017           19.887
    SCGHQD_8
      Category 1    0.067           74.440
      Category 2    0.850          941.873
      Category 3    0.066           73.631
      Category 4    0.016           18.135
    SCGHQD_1
      Category 1    0.041           39.717
      Category 2    0.846          816.930
      Category 3    0.092           88.587
      Category 4    0.021           20.704


SAMPLE STATISTICS

RANDOM STARTS RESULTS RANKED FROM THE BEST TO THE WORST LOGLIKELIHOOD VALUES

Final stage loglikelihood values at local maxima, seeds, and initial stage start numbers:

           -4240.856  836066           372
           -4240.857  263268           165
           -4241.133  217130           443

Unperturbed starting value run did not converge or was rejected in the third stage.

196 perturbed starting value run(s) did not converge or were rejected in the third stage.



THE BEST LOGLIKELIHOOD VALUE HAS BEEN REPLICATED.  RERUN WITH AT LEAST TWICE THE
RANDOM STARTS TO CHECK THAT THE BEST LOGLIKELIHOOD IS STILL OBTAINED AND REPLICATED.


THE MODEL ESTIMATION TERMINATED NORMALLY



MODEL FIT INFORMATION

Number of Free Parameters                       11

Loglikelihood

          H0 Value                       -4240.856
          H0 Scaling Correction Factor      2.3027
            for MLR

Information Criteria

          Akaike (AIC)                    8503.713
          Bayesian (BIC)                  8564.429
          Sample-Size Adjusted BIC        8529.483
            (n* = (n + 2) / 24)

Chi-Square Test of Model Fit for the Binary and Ordered Categorical
(Ordinal) Outcomes**

          Pearson Chi-Square

          Value                           1635.256
          Degrees of Freedom                  2021
          P-Value                           1.0000

          Likelihood Ratio Chi-Square

          Value                            657.181
          Degrees of Freedom                  2021
          P-Value                           1.0000

** Of the 3124 cells in the latent class indicator table, 4
   were deleted in the calculation of chi-square due to extreme values.

Chi-Square Test for MCAR under the Unrestricted Latent Class Indicator Model

          Pearson Chi-Square

          Value                           1708.644
          Degrees of Freedom                  4139
          P-Value                           1.0000

          Likelihood Ratio Chi-Square

          Value                           1311.748
          Degrees of Freedom                  4139
          P-Value                           1.0000



FINAL CLASS COUNTS AND PROPORTIONS FOR THE LATENT CLASSES
BASED ON THE ESTIMATED MODEL

    Latent
   Classes

       1       1305.00000          0.70770
       2        539.00000          0.29230


MODEL RESULTS

                                                    Two-Tailed
                    Estimate       S.E.  Est./S.E.    P-Value

Latent Class 1 (1)

 I        |
    SCGHQD_5           1.000      0.000    999.000    999.000
    SCGHQD_6           1.000      0.000    999.000    999.000
    SCGHQD_7           1.000      0.000    999.000    999.000
    SCGHQD_8           1.000      0.000    999.000    999.000
    SCGHQD_10          1.000      0.000    999.000    999.000

 S        |
    SCGHQD_5           0.000      0.000    999.000    999.000
    SCGHQD_6           1.000      0.000    999.000    999.000
    SCGHQD_7           2.000      0.000    999.000    999.000
    SCGHQD_8           3.000      0.000    999.000    999.000
    SCGHQD_10          5.000      0.000    999.000    999.000

 S        WITH
    I                 -0.046      0.121     -0.375      0.707

 Means
    I                  0.078      0.142      0.547      0.585
    S                  0.036      0.037      0.986      0.324

 Thresholds
    SCGHQD_5$1        -3.370      0.200    -16.872      0.000
    SCGHQD_5$2         2.947      0.175     16.806      0.000
    SCGHQD_5$3         5.068      0.278     18.255      0.000
    SCGHQD_6$1        -3.370      0.200    -16.872      0.000
    SCGHQD_6$2         2.947      0.175     16.806      0.000
    SCGHQD_6$3         5.068      0.278     18.255      0.000
    SCGHQD_7$1        -3.370      0.200    -16.872      0.000
    SCGHQD_7$2         2.947      0.175     16.806      0.000
    SCGHQD_7$3         5.068      0.278     18.255      0.000
    SCGHQD_8$1        -3.370      0.200    -16.872      0.000
    SCGHQD_8$2         2.947      0.175     16.806      0.000
    SCGHQD_8$3         5.068      0.278     18.255      0.000
    SCGHQD_1$1        -3.370      0.200    -16.872      0.000
    SCGHQD_1$2         2.947      0.175     16.806      0.000
    SCGHQD_1$3         5.068      0.278     18.255      0.000

 Variances
    I                  1.670      0.537      3.109      0.002
    S                  0.007      0.038      0.173      0.863

Latent Class 2 (2)

 I        |
    SCGHQD_5           1.000      0.000    999.000    999.000
    SCGHQD_6           1.000      0.000    999.000    999.000
    SCGHQD_7           1.000      0.000    999.000    999.000
    SCGHQD_8           1.000      0.000    999.000    999.000
    SCGHQD_10          1.000      0.000    999.000    999.000

 S        |
    SCGHQD_5           0.000      0.000    999.000    999.000
    SCGHQD_6           1.000      0.000    999.000    999.000
    SCGHQD_7           2.000      0.000    999.000    999.000
    SCGHQD_8           3.000      0.000    999.000    999.000
    SCGHQD_10          5.000      0.000    999.000    999.000

 S        WITH
    I                 -0.017      0.111     -0.150      0.881

 Means
    I                  0.000      0.000    999.000    999.000
    S                  0.036      0.037      0.986      0.324

 Thresholds
    SCGHQD_5$1        -3.370      0.200    -16.872      0.000
    SCGHQD_5$2         2.947      0.175     16.806      0.000
    SCGHQD_5$3         5.068      0.278     18.255      0.000
    SCGHQD_6$1        -3.370      0.200    -16.872      0.000
    SCGHQD_6$2         2.947      0.175     16.806      0.000
    SCGHQD_6$3         5.068      0.278     18.255      0.000
    SCGHQD_7$1        -3.370      0.200    -16.872      0.000
    SCGHQD_7$2         2.947      0.175     16.806      0.000
    SCGHQD_7$3         5.068      0.278     18.255      0.000
    SCGHQD_8$1        -3.370      0.200    -16.872      0.000
    SCGHQD_8$2         2.947      0.175     16.806      0.000
    SCGHQD_8$3         5.068      0.278     18.255      0.000
    SCGHQD_1$1        -3.370      0.200    -16.872      0.000
    SCGHQD_1$2         2.947      0.175     16.806      0.000
    SCGHQD_1$3         5.068      0.278     18.255      0.000

 Variances
    I                  1.836      0.509      3.604      0.000
    S                  0.007      0.038      0.173      0.863

Categorical Latent Variables

 Means
    C#1                0.884      0.067     13.277      0.000


QUALITY OF NUMERICAL RESULTS

     Condition Number for the Information Matrix              0.818E-03
       (ratio of smallest to largest eigenvalue)


RESULTS IN PROBABILITY SCALE

                    Estimate

Latent Class 1 (1)

 SCGHQD_5
    Category 1         0.058
    Category 2         0.848
    Category 3         0.079
    Category 4         0.015
 SCGHQD_6
    Category 1         0.055
    Category 2         0.851
    Category 3         0.079
    Category 4         0.015
 SCGHQD_7
    Category 1         0.052
    Category 2         0.853
    Category 3         0.080
    Category 4         0.015
 SCGHQD_8
    Category 1         0.050
    Category 2         0.854
    Category 3         0.082
    Category 4         0.015
 SCGHQD_10
    Category 1         0.045
    Category 2         0.855
    Category 3         0.085
    Category 4         0.015

Latent Class 2 (2)

 SCGHQD_5
    Category 1         0.065
    Category 2         0.843
    Category 3         0.077
    Category 4         0.015
 SCGHQD_6
    Category 1         0.063
    Category 2         0.843
    Category 3         0.079
    Category 4         0.015
 SCGHQD_7
    Category 1         0.061
    Category 2         0.843
    Category 3         0.080
    Category 4         0.015
 SCGHQD_8
    Category 1         0.059
    Category 2         0.842
    Category 3         0.083
    Category 4         0.016
 SCGHQD_10
    Category 1         0.056
    Category 2         0.839
    Category 3         0.088
    Category 4         0.017


LATENT CLASS INDICATOR ODDS RATIOS FOR THE LATENT CLASSES

                                                95% C.I.
                    Estimate       S.E.  Lower 2.5% Upper 2.5%

Latent Class 1 Compared to Latent Class 2

 SCGHQD_5
    Category > 1       1.000      0.000      1.000      1.000
    Category > 2       1.000      0.000      1.000      1.000
    Category > 3       1.000      0.000      1.000      1.000
 SCGHQD_6
    Category > 1       1.000      0.000      1.000      1.000
    Category > 2       1.000      0.000      1.000      1.000
    Category > 3       1.000      0.000      1.000      1.000
 SCGHQD_7
    Category > 1       1.000      0.000      1.000      1.000
    Category > 2       1.000      0.000      1.000      1.000
    Category > 3       1.000      0.000      1.000      1.000
 SCGHQD_8
    Category > 1       1.000      0.000      1.000      1.000
    Category > 2       1.000      0.000      1.000      1.000
    Category > 3       1.000      0.000      1.000      1.000
 SCGHQD_1
    Category > 1       1.000      0.000      1.000      1.000
    Category > 2       1.000      0.000      1.000      1.000
    Category > 3       1.000      0.000      1.000      1.000


STANDARDIZED MODEL RESULTS


STDYX Standardization

                                                    Two-Tailed
                    Estimate       S.E.  Est./S.E.    P-Value

Latent Class 1 (1)

 I        |
    SCGHQD_5           0.580      0.062      9.375      0.000
    SCGHQD_6           0.585      0.072      8.132      0.000
    SCGHQD_7           0.590      0.080      7.353      0.000
    SCGHQD_8           0.593      0.086      6.904      0.000
    SCGHQD_10          0.598      0.091      6.598      0.000

 S        |
    SCGHQD_5           0.000      0.000    999.000    999.000
    SCGHQD_6           0.037      0.106      0.347      0.728
    SCGHQD_7           0.074      0.213      0.346      0.729
    SCGHQD_8           0.111      0.322      0.346      0.730
    SCGHQD_10          0.187      0.538      0.348      0.728

 S        WITH
    I                 -0.436      0.563     -0.774      0.439

 Means
    I                  0.060      0.109      0.550      0.582
    S                  0.447      1.317      0.339      0.734

 Thresholds
    SCGHQD_5$1        -1.513      0.086    -17.521      0.000
    SCGHQD_5$2         1.323      0.080     16.493      0.000
    SCGHQD_5$3         2.276      0.135     16.876      0.000
    SCGHQD_6$1        -1.526      0.075    -20.332      0.000
    SCGHQD_6$2         1.335      0.073     18.222      0.000
    SCGHQD_6$3         2.295      0.119     19.231      0.000
    SCGHQD_7$1        -1.538      0.073    -20.960      0.000
    SCGHQD_7$2         1.344      0.073     18.475      0.000
    SCGHQD_7$3         2.312      0.116     19.988      0.000
    SCGHQD_8$1        -1.547      0.076    -20.455      0.000
    SCGHQD_8$2         1.353      0.074     18.304      0.000
    SCGHQD_8$3         2.327      0.116     20.139      0.000
    SCGHQD_1$1        -1.560      0.090    -17.369      0.000
    SCGHQD_1$2         1.364      0.080     17.098      0.000
    SCGHQD_1$3         2.346      0.124     18.892      0.000

 Variances
    I                  1.000      0.000    999.000    999.000
    S                  1.000      0.000    999.000    999.000

Latent Class 2 (2)

 I        |
    SCGHQD_5           0.599      0.053     11.233      0.000
    SCGHQD_6           0.600      0.061      9.764      0.000
    SCGHQD_7           0.601      0.068      8.859      0.000
    SCGHQD_8           0.601      0.072      8.346      0.000
    SCGHQD_10          0.599      0.076      7.905      0.000

 S        |
    SCGHQD_5           0.000      0.000    999.000    999.000
    SCGHQD_6           0.036      0.103      0.347      0.729
    SCGHQD_7           0.072      0.207      0.346      0.729
    SCGHQD_8           0.108      0.311      0.346      0.729
    SCGHQD_10          0.179      0.512      0.349      0.727

 S        WITH
    I                 -0.152      0.672     -0.226      0.822

 Means
    I                  0.000      0.000    999.000    999.000
    S                  0.447      1.317      0.339      0.734

 Thresholds
    SCGHQD_5$1        -1.489      0.082    -18.099      0.000
    SCGHQD_5$2         1.301      0.077     16.887      0.000
    SCGHQD_5$3         2.238      0.115     19.383      0.000
    SCGHQD_6$1        -1.493      0.072    -20.605      0.000
    SCGHQD_6$2         1.305      0.074     17.729      0.000
    SCGHQD_6$3         2.244      0.106     21.146      0.000
    SCGHQD_7$1        -1.494      0.070    -21.292      0.000
    SCGHQD_7$2         1.307      0.075     17.425      0.000
    SCGHQD_7$3         2.247      0.107     20.957      0.000
    SCGHQD_8$1        -1.495      0.072    -20.856      0.000
    SCGHQD_8$2         1.307      0.078     16.818      0.000
    SCGHQD_8$3         2.247      0.112     20.097      0.000
    SCGHQD_1$1        -1.489      0.089    -16.709      0.000
    SCGHQD_1$2         1.302      0.090     14.475      0.000
    SCGHQD_1$3         2.239      0.136     16.406      0.000

 Variances
    I                  1.000      0.000    999.000    999.000
    S                  1.000      0.000    999.000    999.000


R-SQUARE

Class 1

    Observed                                        Two-Tailed
    Variable        Estimate       S.E.  Est./S.E.    P-Value

    SCGHQD_5           0.337      0.072      4.688      0.000
    SCGHQD_6           0.325      0.055      5.869      0.000
    SCGHQD_7           0.315      0.049      6.469      0.000
    SCGHQD_8           0.307      0.049      6.283      0.000
    SCGHQD_1           0.295      0.068      4.344      0.000

Class 2

    Observed                                        Two-Tailed
    Variable        Estimate       S.E.  Est./S.E.    P-Value

    SCGHQD_5           0.358      0.064      5.616      0.000
    SCGHQD_6           0.355      0.051      6.929      0.000
    SCGHQD_7           0.353      0.048      7.392      0.000
    SCGHQD_8           0.353      0.051      6.977      0.000
    SCGHQD_1           0.358      0.074      4.807      0.000


     Beginning Time:  13:53:30
        Ending Time:  14:01:29
       Elapsed Time:  00:07:59



MUTHEN & MUTHEN
3463 Stoner Ave.
Los Angeles, CA  90066

Tel: (310) 391-9971
Fax: (310) 391-8971
Web: www.StatModel.com
Support: Support@StatModel.com

Copyright (c) 1998-2021 Muthen & Muthen
