Mplus VERSION 8.6
MUTHEN & MUTHEN
07/12/2021   8:15 PM

INPUT INSTRUCTIONS

  TITLE: Your title goes here

   DATA: FILE = data.dta;

   VARIABLE:

   NAMES = pidp gridmode mm hidp_5 hidp_6 hidp_7 hidp_8 hidp_9 hidp_10 indmode_5
       indmode_6 indmode_7 indmode_8 indmode_9 indmode_10 mode_type_all mode_type_no9
       mode_type_567 mode_type_7 all no9 p567 p7 switch_all switch_no9 switch_567
       switch_7 lkmove_5 xpmove_5 caruse_5 mobuse_5 netpuse_5 aidxhh_5 jbhas_5 j2has_5
       finnow_5 finfut_5 howlng_5 vote1_5 vote6_5 scsf1_5 scsf2a_5 scsf2b_5 scsf3a_5
       scsf3b_5 scsf4a_5 scsf4b_5 scsf5_5 scsf6a_5 scsf6b_5 scsf6c_5 scsf7_5 scghqa_5
       scghqb_5 scghqc_5 scghqd_5 scghqe_5 scghqf_5 scghqg_5 scghqh_5 scghqi_5
       scghqj_5 scghqk_5 scghql_5 lkmove_6 xpmove_6 caruse_6 mobuse_6 netpuse_6
       aidxhh_6 jbhas_6 j2has_6 finnow_6 finfut_6 howlng_6 vote1_6 vote6_6 scsf1_6
       scsf2a_6 scsf2b_6 scsf3a_6 scsf3b_6 scsf4a_6 scsf4b_6 scsf5_6 scsf6a_6 scsf6b_6
       scsf6c_6 scsf7_6 scghqa_6 scghqb_6 scghqc_6 scghqd_6 scghqe_6 scghqf_6 scghqg_6
       scghqh_6 scghqi_6 scghqj_6 scghqk_6 scghql_6 lkmove_7 xpmove_7 caruse_7
       mobuse_7 netpuse_7 smoker_7 aidxhh_7 jbhas_7 jbterm1_7 jbsemp_7 j2has_7
       fiyrdia_7 finnow_7 finfut_7 howlng_7 vote1_7 vote6_7 scsf2a_7 scsf2b_7 scsf3a_7
       scsf3b_7 scsf4a_7 scsf4b_7 scsf5_7 scsf6a_7 scsf6b_7 scsf6c_7 scsf7_7 scghqa_7
       scghqb_7 scghqc_7 scghqd_7 scghqe_7 scghqf_7 scghqg_7 scghqh_7 scghqi_7
       scghqj_7 scghqk_7 scghql_7 scsf1_7 lkmove_8 xpmove_8 caruse_8 mobuse_8
       netpuse_8 smoker_8 aidxhh_8 jbhas_8 jbterm1_8 jbsemp_8 j2has_8 fiyrdia_8
       finnow_8 finfut_8 scsf2a_8 scsf2b_8 scsf3a_8 scsf3b_8 scsf4a_8 scsf4b_8 scsf5_8
       scsf6a_8 scsf6b_8 scsf6c_8 scsf7_8 scghqa_8 scghqb_8 scghqc_8 scghqd_8 scghqe_8
       scghqf_8 scghqg_8 scghqh_8 scghqi_8 scghqj_8 scghqk_8 scghql_8 scsf1_8 mobuse_9
       netpuse_9 smoker_9 jbhas_9 jbterm1_9 jbsemp_9 j2has_9 fiyrdia_9 finnow_9
       finfut_9 lkmove_10 xpmove_10 mobuse_10 netpuse_10 smoker_10 aidxhh_10 jbhas_10
       jbterm1_10 jbsemp_10 j2has_10 fiyrdia_10 finnow_10 finfut_10 scsf1_10 scsf2a_10
       scsf2b_10 scsf3a_10 scsf3b_10 scsf4a_10 scsf4b_10 scsf5_10 scsf6a_10 scsf6b_10
       scsf6c_10 scsf7_10 scghqa_10 scghqb_10 scghqc_10 scghqd_10 scghqe_10 scghqf_10
       scghqg_10 scghqh_10 scghqi_10 scghqj_10 scghqk_10 scghql_10 edu agecat female
       partner sf1 longill london north urban refresh Higher A level GCSE Other age_35
       age_55 age_75 age_102 pred_all pred_no9 pred_p567 pred_p7 pred_all_w pred_no9_w
       pred_p567_w pred_p7_w;

   MISSING=.;

   USEVARIABLES ARE
   scsf7_5
   scsf7_6
   scsf7_7
   scsf7_8
   scsf7_10;
   CLASSES = c(2);

    KNOWNCLASS = c(mm= 1 2);

   ANALYSIS:


      TYPE = MIXTURE;

      ESTIMATOR = MLR;

      ALGORITHM = INTEGRATION;

      Processors = 8(starts);

      STARTS = 800 200;

   Model:


      %OVERALL%

  i s | scsf7_5@0 scsf7_6@1 scsf7_7@2 scsf7_8@3 scsf7_10@5;;

  scsf7_5 (a);
   scsf7_6 (a);
   scsf7_7 (a);
   scsf7_8 (a);
   scsf7_10 (a);

   %c#1%
  [s] (a);
   s (b);
   s WITH i (c);
   i (d);

   %c#2%
  [s] (a);
   s (b);
   s WITH i (c);
   i (d);

   OUTPUT: SAMPSTAT;

                                  STDYX;




*** WARNING
  Data set contains unknown or missing values for variable MM.
  This variable is used to determine the KNOWNCLASS specification.
  Number of such cases:  458
*** WARNING
  Data set contains cases with missing on all variables.
  These cases were not included in the analysis.
  Number of cases with missing on all variables:  165
   2 WARNING(S) FOUND IN THE INPUT INSTRUCTIONS



Your title goes here

SUMMARY OF ANALYSIS

Number of groups                                                 1
Number of observations                                        1434

Number of dependent variables                                    5
Number of independent variables                                  0
Number of continuous latent variables                            2
Number of categorical latent variables                           1

Observed dependent variables

  Continuous
   SCSF7_5     SCSF7_6     SCSF7_7     SCSF7_8     SCSF7_10

Continuous latent variables
   I           S

Categorical latent variables
   C

  Knownclass            C


Estimator                                                      MLR
Information matrix                                        OBSERVED
Optimization Specifications for the Quasi-Newton Algorithm for
Continuous Outcomes
  Maximum number of iterations                                 100
  Convergence criterion                                  0.100D-05
Optimization Specifications for the EM Algorithm
  Maximum number of iterations                                 500
  Convergence criteria
    Loglikelihood change                                 0.100D-02
    Relative loglikelihood change                        0.100D-05
    Derivative                                           0.100D-02
Optimization Specifications for the M step of the EM Algorithm for
Categorical Latent variables
  Number of M step iterations                                    1
  M step convergence criterion                           0.100D-02
  Basis for M step termination                           ITERATION
Optimization Specifications for the M step of the EM Algorithm for
Censored, Binary or Ordered Categorical (Ordinal), Unordered
Categorical (Nominal) and Count Outcomes
  Number of M step iterations                                    1
  M step convergence criterion                           0.100D-02
  Basis for M step termination                           ITERATION
  Maximum value for logit thresholds                            15
  Minimum value for logit thresholds                           -15
  Minimum expected cell size for chi-square              0.100D-01
Maximum number of iterations for H1                           2000
Convergence criterion for H1                             0.100D-03
Optimization algorithm                                         EMA
Integration Specifications
  Type                                                    STANDARD
  Number of integration points                                  15
  Dimensions of numerical integration                            0
  Adaptive quadrature                                           ON
Random Starts Specifications
  Number of initial stage random starts                        800
  Number of final stage optimizations                          200
  Number of initial stage iterations                            10
  Initial stage convergence criterion                    0.100D+01
  Random starts scale                                    0.500D+01
  Random seed for generating random starts                       0
Cholesky                                                       OFF

Input data file(s)
  data.dta
Input data format  FREE


SUMMARY OF DATA

     Number of missing data patterns            31
     Number of y missing data patterns          31
     Number of u missing data patterns           0


COVARIANCE COVERAGE OF DATA

Minimum covariance coverage value   0.100


     PROPORTION OF DATA PRESENT FOR Y


           Covariance Coverage
              SCSF7_5       SCSF7_6       SCSF7_7       SCSF7_8       SCSF7_10
              ________      ________      ________      ________      ________
 SCSF7_5        0.497
 SCSF7_6        0.376         0.587
 SCSF7_7        0.342         0.435         0.649
 SCSF7_8        0.327         0.421         0.508         0.638
 SCSF7_10       0.289         0.370         0.434         0.479         0.585


SAMPLE STATISTICS


     ESTIMATED SAMPLE STATISTICS FOR CLASS 1


           Means
              SCSF7_5       SCSF7_6       SCSF7_7       SCSF7_8       SCSF7_10
              ________      ________      ________      ________      ________
                4.260         4.190         4.379         4.328         4.164


           Covariances
              SCSF7_5       SCSF7_6       SCSF7_7       SCSF7_8       SCSF7_10
              ________      ________      ________      ________      ________
 SCSF7_5        1.087
 SCSF7_6        0.629         1.204
 SCSF7_7        0.553         0.526         0.886
 SCSF7_8        0.611         0.536         0.599         1.119
 SCSF7_10       0.668         0.636         0.565         0.627         1.277


           Correlations
              SCSF7_5       SCSF7_6       SCSF7_7       SCSF7_8       SCSF7_10
              ________      ________      ________      ________      ________
 SCSF7_5        1.000
 SCSF7_6        0.550         1.000
 SCSF7_7        0.563         0.509         1.000
 SCSF7_8        0.554         0.462         0.601         1.000
 SCSF7_10       0.567         0.513         0.531         0.524         1.000


     ESTIMATED SAMPLE STATISTICS FOR CLASS 2


           Means
              SCSF7_5       SCSF7_6       SCSF7_7       SCSF7_8       SCSF7_10
              ________      ________      ________      ________      ________
                4.302         4.378         4.346         4.409         4.216


           Covariances
              SCSF7_5       SCSF7_6       SCSF7_7       SCSF7_8       SCSF7_10
              ________      ________      ________      ________      ________
 SCSF7_5        1.147
 SCSF7_6        0.616         1.009
 SCSF7_7        0.542         0.617         1.006
 SCSF7_8        0.591         0.559         0.570         0.938
 SCSF7_10       0.584         0.581         0.678         0.603         1.317


           Correlations
              SCSF7_5       SCSF7_6       SCSF7_7       SCSF7_8       SCSF7_10
              ________      ________      ________      ________      ________
 SCSF7_5        1.000
 SCSF7_6        0.573         1.000
 SCSF7_7        0.504         0.612         1.000
 SCSF7_8        0.569         0.575         0.586         1.000
 SCSF7_10       0.475         0.504         0.589         0.542         1.000


UNIVARIATE SAMPLE STATISTICS


     UNIVARIATE HIGHER-ORDER MOMENT DESCRIPTIVE STATISTICS

         Variable/         Mean/     Skewness/   Minimum/ % with                Percentiles
        Sample Size      Variance    Kurtosis    Maximum  Min/Max      20%/60%    40%/80%    Median

     SCSF7_5               4.320      -1.523       1.000    2.81%       4.000      5.000      5.000
             712.000       1.069       1.570       5.000   61.66%       5.000      5.000
     SCSF7_6               4.274      -1.362       1.000    2.73%       3.000      5.000      5.000
             842.000       1.142       0.932       5.000   61.05%       5.000      5.000
     SCSF7_7               4.402      -1.550       1.000    1.40%       4.000      5.000      5.000
             931.000       0.898       1.672       5.000   64.88%       5.000      5.000
     SCSF7_8               4.381      -1.672       1.000    2.73%       4.000      5.000      5.000
             915.000       1.023       2.085       5.000   65.46%       5.000      5.000
     SCSF7_10              4.229      -1.314       1.000    3.34%       3.000      4.000      5.000
             839.000       1.244       0.712       5.000   59.83%       5.000      5.000

RANDOM STARTS RESULTS RANKED FROM THE BEST TO THE WORST LOGLIKELIHOOD VALUES

Final stage loglikelihood values at local maxima, seeds, and initial stage start numbers:

           -7141.199  960438           116
           -7141.199  112586           494
           -7141.199  17896            592
           -7141.199  109357           765
           -7141.199  106561           686
           -7141.199  691234           250
           -7141.199  985387           381
           -7141.199  787985           482
           -7141.199  978061           488
           -7141.199  12477            155
           -7141.199  312754           562
           -7141.199  518828           432
           -7141.199  92564            583
           -7141.199  46437            153
           -7141.199  751153           110
           -7141.199  416463           467
           -7141.199  721392           768
           -7141.199  701525           239
           -7141.199  856536           144
           -7141.199  227563           63
           -7141.199  691041           590
           -7141.199  783165           170
           -7141.199  321390           133
           -7141.199  370481           742
           -7141.199  778953           635
           -7141.199  268217           83
           -7141.199  22075            659
           -7141.199  273992           349
           -7141.199  76451            211
           -7141.199  392751           480
           -7141.199  891347           504
           -7141.199  358074           560
           -7141.199  374219           353
           -7141.199  117391           710
           -7141.199  402224           91
           -7141.199  415502           194
           -7141.199  723035           538
           -7141.199  502532           445
           -7141.199  942358           644
           -7141.199  939870           655
           -7141.199  505879           424
           -7141.199  136842           58
           -7141.199  468036           131
           -7141.199  539389           544
           -7141.199  29591            633
           -7141.199  383986           159
           -7141.199  459221           652
           -7141.199  278692           342
           -7141.199  217130           443
           -7141.199  437181           135
           -7141.199  920593           611
           -7141.199  58507            793
           -7141.199  937885           426
           -7141.199  484501           163
           -7141.199  488581           688
           -7141.199  746978           410
           -7141.199  569131           26
           -7141.199  576726           280
           -7141.199  742688           594
           -7141.199  413564           535
           -7141.199  597614           284
           -7141.199  82357            339
           -7141.199  231400           738
           -7141.199  887676           22
           -7141.199  395754           388
           -7141.199  563002           360
           -7141.199  940533           764
           -7141.199  907810           795
           -7141.199  714997           399
           -7141.199  714455           476
           -7141.199  387701           275
           -7141.199  246261           38
           -7141.199  193042           316
           -7141.199  193847           354
           -7141.199  340112           126
           -7141.199  114433           708
           -7141.199  464179           106
           -7141.199  850840           232
           -7141.199  802779           122
           -7141.199  311214           64
           -7141.199  953843           651
           -7141.199  137377           397
           -7141.199  484406           421
           -7141.199  366533           484
           -7141.199  378393           509
           -7141.199  945065           255
           -7141.199  15715            274
           -7141.199  244349           736
           -7141.199  836066           372
           -7141.199  65651            214
           -7141.199  178475           231
           -7141.199  405079           68
           -7141.199  471398           74
           -7141.199  534193           689
           -7141.199  765586           709
           -7141.199  596257           405
           -7141.199  937588           293
           -7141.199  662983           666
           -7141.199  21132            351
           -7141.199  926762           704
           -7141.199  579138           706
           -7141.199  556929           734
           -7141.199  646573           741
           -7141.199  561664           392
           -7141.199  965994           396
           -7141.199  347515           24
           -7141.199  78862            529
           -7141.199  645664           39
           -7141.199  59963            670
           -7141.199  669634           335
           -7141.199  165853           105
           -7141.199  392407           221
           -7141.199  158612           581
           -7141.199  821011           161
           -7141.199  913639           162
           -7141.199  350608           334
           -7141.199  780698           337
           -7141.199  872743           374
           -7141.199  848163           47
           -7141.199  820977           776
           -7141.199  371246           101
           -7141.199  232226           235
           -7141.199  471438           252
           -7141.199  599729           658
           -7141.199  312587           775
           -7141.199  971853           402
           -7141.199  92689            304
           -7141.199  732596           320
           -7141.199  276696           676
           -7141.199  669639           699
           -7141.199  345070           114
           -7141.199  335485           496
           -7141.199  164305           128
           -7141.199  616917           261
           -7141.199  126371           526
           -7141.199  118421           139
           -7141.199  830392           35
           -7141.199  315029           471
           -7141.199  635245           121
           -7141.199  314034           513
           -7141.199  858804           534
           -7141.199  417035           149
           -7141.199  829540           324
           -7141.199  526324           178
           -7141.199  263049           454
           -7141.199  539751           459
           -7141.199  939021           8
           -7141.199  418686           338
           -7141.199  298275           418
           -7141.199  375590           438
           -7141.199  195353           225
           -7141.199  319575           499
           -7141.199  582296           452
           -7141.199  791396           243
           -7141.199  405371           569
           -7141.199  712702           684
           -7141.199  917702           693
           -7141.199  608496           4
           -7141.199  715255           523
           -7141.199  206099           363
           -7141.199  318230           46
           -7141.199  30098            209
           -7141.199  574942           558
           -7141.199  391179           78
           -7141.199  284109           82
           -7141.199  902278           21
           -7141.199  891531           206
           -7141.199  881886           608
           -7141.199  903420           5
           -7141.199  545108           667
           -7141.199  604861           800
           -7141.199  489927           520
           -7141.199  462953           7
           -7141.199  552272           654
           -7141.199  961454           665
           -7141.199  878749           728
           -7141.199  754100           56
           -7141.199  455617           242
           -7141.199  775881           778
           -7141.199  344422           296
           -7141.199  999211           628
           -7141.199  573096           20
           -7141.199  502495           724
           -7141.199  570681           777
           -7141.199  910224           580
           -7141.199  266038           672
           -7141.199  622860           259
           -7141.199  930872           277
           -7141.199  130011           587
           -7141.199  502157           799
           -7141.199  995875           547
           -7141.199  355254           796
           -7141.199  113138           585
           -7141.199  700349           401
           -7141.199  342019           301
           -7141.199  118438           601
           -7141.199  36714            201
           -7141.199  294669           501
           -7141.199  964570           701

Unperturbed starting value run did not converge or was rejected in the third stage.



THE BEST LOGLIKELIHOOD VALUE HAS BEEN REPLICATED.  RERUN WITH AT LEAST TWICE THE
RANDOM STARTS TO CHECK THAT THE BEST LOGLIKELIHOOD IS STILL OBTAINED AND REPLICATED.


THE MODEL ESTIMATION TERMINATED NORMALLY



MODEL FIT INFORMATION

Number of Free Parameters                        7

Loglikelihood

          H0 Value                       -7141.199
          H0 Scaling Correction Factor      1.5787
            for MLR

Information Criteria

          Akaike (AIC)                   14296.398
          Bayesian (BIC)                 14333.276
          Sample-Size Adjusted BIC       14311.039
            (n* = (n + 2) / 24)



FINAL CLASS COUNTS AND PROPORTIONS FOR THE LATENT CLASSES
BASED ON THE ESTIMATED MODEL

    Latent
   Classes

       1        844.00000          0.58856
       2        590.00000          0.41144


MODEL RESULTS

                                                    Two-Tailed
                    Estimate       S.E.  Est./S.E.    P-Value

Latent Class 1 (1)

 I        |
    SCSF7_5            1.000      0.000    999.000    999.000
    SCSF7_6            1.000      0.000    999.000    999.000
    SCSF7_7            1.000      0.000    999.000    999.000
    SCSF7_8            1.000      0.000    999.000    999.000
    SCSF7_10           1.000      0.000    999.000    999.000

 S        |
    SCSF7_5            0.000      0.000    999.000    999.000
    SCSF7_6            1.000      0.000    999.000    999.000
    SCSF7_7            2.000      0.000    999.000    999.000
    SCSF7_8            3.000      0.000    999.000    999.000
    SCSF7_10           5.000      0.000    999.000    999.000

 S        WITH
    I                 -0.310      0.028    -11.013      0.000

 Means
    I                  3.659      0.056     64.955      0.000
    S                  0.291      0.012     23.764      0.000

 Intercepts
    SCSF7_5            0.000      0.000    999.000    999.000
    SCSF7_6            0.000      0.000    999.000    999.000
    SCSF7_7            0.000      0.000    999.000    999.000
    SCSF7_8            0.000      0.000    999.000    999.000
    SCSF7_10           0.000      0.000    999.000    999.000

 Variances
    I                  1.339      0.100     13.346      0.000
    S                  0.138      0.012     11.945      0.000

 Residual Variances
    SCSF7_5            0.291      0.012     23.764      0.000
    SCSF7_6            0.291      0.012     23.764      0.000
    SCSF7_7            0.291      0.012     23.764      0.000
    SCSF7_8            0.291      0.012     23.764      0.000
    SCSF7_10           0.291      0.012     23.764      0.000

Latent Class 2 (2)

 I        |
    SCSF7_5            1.000      0.000    999.000    999.000
    SCSF7_6            1.000      0.000    999.000    999.000
    SCSF7_7            1.000      0.000    999.000    999.000
    SCSF7_8            1.000      0.000    999.000    999.000
    SCSF7_10           1.000      0.000    999.000    999.000

 S        |
    SCSF7_5            0.000      0.000    999.000    999.000
    SCSF7_6            1.000      0.000    999.000    999.000
    SCSF7_7            2.000      0.000    999.000    999.000
    SCSF7_8            3.000      0.000    999.000    999.000
    SCSF7_10           5.000      0.000    999.000    999.000

 S        WITH
    I                 -0.310      0.028    -11.013      0.000

 Means
    I                  3.683      0.059     62.817      0.000
    S                  0.291      0.012     23.764      0.000

 Intercepts
    SCSF7_5            0.000      0.000    999.000    999.000
    SCSF7_6            0.000      0.000    999.000    999.000
    SCSF7_7            0.000      0.000    999.000    999.000
    SCSF7_8            0.000      0.000    999.000    999.000
    SCSF7_10           0.000      0.000    999.000    999.000

 Variances
    I                  1.339      0.100     13.346      0.000
    S                  0.138      0.012     11.945      0.000

 Residual Variances
    SCSF7_5            0.291      0.012     23.764      0.000
    SCSF7_6            0.291      0.012     23.764      0.000
    SCSF7_7            0.291      0.012     23.764      0.000
    SCSF7_8            0.291      0.012     23.764      0.000
    SCSF7_10           0.291      0.012     23.764      0.000

Categorical Latent Variables

 Means
    C#1                0.358      0.054      6.672      0.000


QUALITY OF NUMERICAL RESULTS

     Condition Number for the Information Matrix              0.440E-03
       (ratio of smallest to largest eigenvalue)


STANDARDIZED MODEL RESULTS


STDYX Standardization

                                                    Two-Tailed
                    Estimate       S.E.  Est./S.E.    P-Value

Latent Class 1 (1)

 I        |
    SCSF7_5            0.906      0.006    149.927      0.000
    SCSF7_6            1.080      0.015     72.430      0.000
    SCSF7_7            1.192      0.035     34.339      0.000
    SCSF7_8            1.150      0.052     21.982      0.000
    SCSF7_10           0.823      0.050     16.421      0.000

 S        |
    SCSF7_5            0.000      0.000    999.000    999.000
    SCSF7_6            0.347      0.017     20.895      0.000
    SCSF7_7            0.765      0.037     20.931      0.000
    SCSF7_8            1.107      0.046     23.903      0.000
    SCSF7_10           1.320      0.040     32.967      0.000

 S        WITH
    I                 -0.721      0.026    -27.914      0.000

 Means
    I                  3.162      0.160     19.796      0.000
    S                  0.784      0.025     31.245      0.000

 Intercepts
    SCSF7_5            0.000      0.000    999.000    999.000
    SCSF7_6            0.000      0.000    999.000    999.000
    SCSF7_7            0.000      0.000    999.000    999.000
    SCSF7_8            0.000      0.000    999.000    999.000
    SCSF7_10           0.000      0.000    999.000    999.000

 Variances
    I                  1.000      0.000    999.000    999.000
    S                  1.000      0.000    999.000    999.000

 Residual Variances
    SCSF7_5            0.179      0.011     16.303      0.000
    SCSF7_6            0.254      0.016     16.012      0.000
    SCSF7_7            0.309      0.018     17.318      0.000
    SCSF7_8            0.288      0.016     17.652      0.000
    SCSF7_10           0.147      0.010     14.194      0.000

Latent Class 2 (2)

 I        |
    SCSF7_5            0.906      0.006    149.927      0.000
    SCSF7_6            1.080      0.015     72.430      0.000
    SCSF7_7            1.192      0.035     34.339      0.000
    SCSF7_8            1.150      0.052     21.982      0.000
    SCSF7_10           0.823      0.050     16.421      0.000

 S        |
    SCSF7_5            0.000      0.000    999.000    999.000
    SCSF7_6            0.347      0.017     20.895      0.000
    SCSF7_7            0.765      0.037     20.931      0.000
    SCSF7_8            1.107      0.046     23.903      0.000
    SCSF7_10           1.320      0.040     32.967      0.000

 S        WITH
    I                 -0.721      0.026    -27.914      0.000

 Means
    I                  3.184      0.160     19.929      0.000
    S                  0.784      0.025     31.245      0.000

 Intercepts
    SCSF7_5            0.000      0.000    999.000    999.000
    SCSF7_6            0.000      0.000    999.000    999.000
    SCSF7_7            0.000      0.000    999.000    999.000
    SCSF7_8            0.000      0.000    999.000    999.000
    SCSF7_10           0.000      0.000    999.000    999.000

 Variances
    I                  1.000      0.000    999.000    999.000
    S                  1.000      0.000    999.000    999.000

 Residual Variances
    SCSF7_5            0.179      0.011     16.303      0.000
    SCSF7_6            0.254      0.016     16.012      0.000
    SCSF7_7            0.309      0.018     17.318      0.000
    SCSF7_8            0.288      0.016     17.652      0.000
    SCSF7_10           0.147      0.010     14.194      0.000


R-SQUARE

Class 1

    Observed                                        Two-Tailed
    Variable        Estimate       S.E.  Est./S.E.    P-Value

    SCSF7_5            0.821      0.011     74.964      0.000
    SCSF7_6            0.746      0.016     47.131      0.000
    SCSF7_7            0.691      0.018     38.719      0.000
    SCSF7_8            0.712      0.016     43.697      0.000
    SCSF7_10           0.853      0.010     82.270      0.000

Class 2

    Observed                                        Two-Tailed
    Variable        Estimate       S.E.  Est./S.E.    P-Value

    SCSF7_5            0.821      0.011     74.964      0.000
    SCSF7_6            0.746      0.016     47.131      0.000
    SCSF7_7            0.691      0.018     38.719      0.000
    SCSF7_8            0.712      0.016     43.697      0.000
    SCSF7_10           0.853      0.010     82.270      0.000


     Beginning Time:  20:15:31
        Ending Time:  20:15:38
       Elapsed Time:  00:00:07



MUTHEN & MUTHEN
3463 Stoner Ave.
Los Angeles, CA  90066

Tel: (310) 391-9971
Fax: (310) 391-8971
Web: www.StatModel.com
Support: Support@StatModel.com

Copyright (c) 1998-2021 Muthen & Muthen
