Mplus VERSION 8.6
MUTHEN & MUTHEN
07/12/2021  10:31 AM

INPUT INSTRUCTIONS

  TITLE: Your title goes here

   DATA: FILE = data.dta;

   VARIABLE:

   NAMES = pidp gridmode mm hidp_5 hidp_6 hidp_7 hidp_8 hidp_9 hidp_10 indmode_5
       indmode_6 indmode_7 indmode_8 indmode_9 indmode_10 mode_type_all mode_type_no9
       mode_type_567 mode_type_7 all no9 p567 p7 switch_all switch_no9 switch_567
       switch_7 lkmove_5 xpmove_5 caruse_5 mobuse_5 netpuse_5 aidxhh_5 jbhas_5 j2has_5
       finnow_5 finfut_5 howlng_5 vote1_5 vote6_5 scsf1_5 scsf2a_5 scsf2b_5 scsf3a_5
       scsf3b_5 scsf4a_5 scsf4b_5 scsf5_5 scsf6a_5 scsf6b_5 scsf6c_5 scsf7_5 scghqa_5
       scghqb_5 scghqc_5 scghqd_5 scghqe_5 scghqf_5 scghqg_5 scghqh_5 scghqi_5
       scghqj_5 scghqk_5 scghql_5 lkmove_6 xpmove_6 caruse_6 mobuse_6 netpuse_6
       aidxhh_6 jbhas_6 j2has_6 finnow_6 finfut_6 howlng_6 vote1_6 vote6_6 scsf1_6
       scsf2a_6 scsf2b_6 scsf3a_6 scsf3b_6 scsf4a_6 scsf4b_6 scsf5_6 scsf6a_6 scsf6b_6
       scsf6c_6 scsf7_6 scghqa_6 scghqb_6 scghqc_6 scghqd_6 scghqe_6 scghqf_6 scghqg_6
       scghqh_6 scghqi_6 scghqj_6 scghqk_6 scghql_6 lkmove_7 xpmove_7 caruse_7
       mobuse_7 netpuse_7 smoker_7 aidxhh_7 jbhas_7 jbterm1_7 jbsemp_7 j2has_7
       fiyrdia_7 finnow_7 finfut_7 howlng_7 vote1_7 vote6_7 scsf2a_7 scsf2b_7 scsf3a_7
       scsf3b_7 scsf4a_7 scsf4b_7 scsf5_7 scsf6a_7 scsf6b_7 scsf6c_7 scsf7_7 scghqa_7
       scghqb_7 scghqc_7 scghqd_7 scghqe_7 scghqf_7 scghqg_7 scghqh_7 scghqi_7
       scghqj_7 scghqk_7 scghql_7 scsf1_7 lkmove_8 xpmove_8 caruse_8 mobuse_8
       netpuse_8 smoker_8 aidxhh_8 jbhas_8 jbterm1_8 jbsemp_8 j2has_8 fiyrdia_8
       finnow_8 finfut_8 scsf2a_8 scsf2b_8 scsf3a_8 scsf3b_8 scsf4a_8 scsf4b_8 scsf5_8
       scsf6a_8 scsf6b_8 scsf6c_8 scsf7_8 scghqa_8 scghqb_8 scghqc_8 scghqd_8 scghqe_8
       scghqf_8 scghqg_8 scghqh_8 scghqi_8 scghqj_8 scghqk_8 scghql_8 scsf1_8 mobuse_9
       netpuse_9 smoker_9 jbhas_9 jbterm1_9 jbsemp_9 j2has_9 fiyrdia_9 finnow_9
       finfut_9 lkmove_10 xpmove_10 mobuse_10 netpuse_10 smoker_10 aidxhh_10 jbhas_10
       jbterm1_10 jbsemp_10 j2has_10 fiyrdia_10 finnow_10 finfut_10 scsf1_10 scsf2a_10
       scsf2b_10 scsf3a_10 scsf3b_10 scsf4a_10 scsf4b_10 scsf5_10 scsf6a_10 scsf6b_10
       scsf6c_10 scsf7_10 scghqa_10 scghqb_10 scghqc_10 scghqd_10 scghqe_10 scghqf_10
       scghqg_10 scghqh_10 scghqi_10 scghqj_10 scghqk_10 scghql_10 edu agecat female
       partner sf1 longill london north urban refresh Higher A level GCSE Other age_35
       age_55 age_75 age_102 pred_all pred_no9 pred_p567 pred_p7 pred_all_w pred_no9_w
       pred_p567_w pred_p7_w;

   MISSING=.;

   USEVARIABLES ARE
   lkmove_5
   lkmove_6
   lkmove_7
   lkmove_8
   lkmove_10;

   CATEGORICAL ARE
   lkmove_5
   lkmove_6
   lkmove_7
   lkmove_8
   lkmove_10;
   CLASSES = c(2);

    KNOWNCLASS = c(mm= 1 2);

   ANALYSIS:


      TYPE = MIXTURE;

      ESTIMATOR = MLR;

      ALGORITHM = INTEGRATION;

      Processors = 8(starts);

      STARTS = 800 200;

   Model:


      %OVERALL%

  i s | lkmove_5@0 lkmove_6@1 lkmove_7@2 lkmove_8@3 lkmove_10@5;
   %c#1%
  [s] (a); s ;
   s WITH i ;
   i ;


   %c#2%
  [s] (a); s ;
   s WITH i ;
   i ;


   OUTPUT: SAMPSTAT;

                                  STDYX;




*** WARNING in VARIABLE command
  Note that only the first 8 characters of variable names are used in the output.
  Shorten variable names to avoid any confusion.
*** WARNING
  Data set contains unknown or missing values for variable MM.
  This variable is used to determine the KNOWNCLASS specification.
  Number of such cases:  458
*** WARNING
  Data set contains cases with missing on all variables.
  These cases were not included in the analysis.
  Number of cases with missing on all variables:  93
   3 WARNING(S) FOUND IN THE INPUT INSTRUCTIONS



Your title goes here

SUMMARY OF ANALYSIS

Number of groups                                                 1
Number of observations                                        1506

Number of dependent variables                                    5
Number of independent variables                                  0
Number of continuous latent variables                            2
Number of categorical latent variables                           1

Observed dependent variables

  Binary and ordered categorical (ordinal)
   LKMOVE_5    LKMOVE_6    LKMOVE_7    LKMOVE_8    LKMOVE_1

Continuous latent variables
   I           S

Categorical latent variables
   C

  Knownclass            C


Estimator                                                      MLR
Information matrix                                        OBSERVED
Optimization Specifications for the Quasi-Newton Algorithm for
Continuous Outcomes
  Maximum number of iterations                                 100
  Convergence criterion                                  0.100D-05
Optimization Specifications for the EM Algorithm
  Maximum number of iterations                                 500
  Convergence criteria
    Loglikelihood change                                 0.100D-02
    Relative loglikelihood change                        0.100D-05
    Derivative                                           0.100D-02
Optimization Specifications for the M step of the EM Algorithm for
Categorical Latent variables
  Number of M step iterations                                    1
  M step convergence criterion                           0.100D-02
  Basis for M step termination                           ITERATION
Optimization Specifications for the M step of the EM Algorithm for
Censored, Binary or Ordered Categorical (Ordinal), Unordered
Categorical (Nominal) and Count Outcomes
  Number of M step iterations                                    1
  M step convergence criterion                           0.100D-02
  Basis for M step termination                           ITERATION
  Maximum value for logit thresholds                            15
  Minimum value for logit thresholds                           -15
  Minimum expected cell size for chi-square              0.100D-01
Maximum number of iterations for H1                           2000
Convergence criterion for H1                             0.100D-03
Optimization algorithm                                         EMA
Integration Specifications
  Type                                                    STANDARD
  Number of integration points                                  15
  Dimensions of numerical integration                            2
  Adaptive quadrature                                           ON
Random Starts Specifications
  Number of initial stage random starts                        800
  Number of final stage optimizations                          200
  Number of initial stage iterations                            10
  Initial stage convergence criterion                    0.100D+01
  Random starts scale                                    0.500D+01
  Random seed for generating random starts                       0
Link                                                         LOGIT
Cholesky                                                        ON

Input data file(s)
  data.dta
Input data format  FREE


SUMMARY OF DATA

     Number of missing data patterns            31
     Number of y missing data patterns           0
     Number of u missing data patterns          31


COVARIANCE COVERAGE OF DATA

Minimum covariance coverage value   0.100


     PROPORTION OF DATA PRESENT FOR U


           Covariance Coverage
              LKMOVE_5      LKMOVE_6      LKMOVE_7      LKMOVE_8      LKMOVE_1
              ________      ________      ________      ________      ________
 LKMOVE_5       0.659
 LKMOVE_6       0.556         0.658
 LKMOVE_7       0.459         0.497         0.649
 LKMOVE_8       0.421         0.460         0.508         0.620
 LKMOVE_1       0.373         0.404         0.433         0.472         0.566


UNIVARIATE PROPORTIONS AND COUNTS FOR CATEGORICAL VARIABLES

    LKMOVE_5
      Category 1    0.674          669.000
      Category 2    0.326          324.000
    LKMOVE_6
      Category 1    0.673          667.000
      Category 2    0.327          324.000
    LKMOVE_7
      Category 1    0.692          677.000
      Category 2    0.308          301.000
    LKMOVE_8
      Category 1    0.668          624.000
      Category 2    0.332          310.000
    LKMOVE_1
      Category 1    0.327          279.000
      Category 2    0.673          573.000


SAMPLE STATISTICS

RANDOM STARTS RESULTS RANKED FROM THE BEST TO THE WORST LOGLIKELIHOOD VALUES

Final stage loglikelihood values at local maxima, seeds, and initial stage start numbers:

           -3537.032  373505           88
           -3537.032  992389           77
           -3537.033  972430           491
           -3537.033  479273           156
           -3537.033  4091             548
           -3537.033  761302           744
           -3537.033  231281           542
           -3537.033  804104           566
           -3537.033  1548             384
           -3537.034  931874           141
           -3537.035  127362           757
           -3537.035  263268           165
           -3537.035  327475           518
           -3537.035  987090           70
           -3537.035  246575           291
           -3537.035  928287           197
           -3537.036  650371           14
           -3537.036  471040           403
           -3537.036  22874            588
           -3537.036  43523            297
           -3537.036  810705           626
           -3537.036  248742           556
           -3537.036  804561           59
           -3537.036  341960           685
           -3537.036  685268           596
           -3537.036  484687           306
           -3537.037  529496           343
           -3537.037  568859           49
           -3537.037  355674           540
           -3537.037  284716           713
           -3537.037  507154           387
           -3537.037  178181           753
           -3537.037  783165           170
           -3537.037  696830           668
           -3537.037  552272           654
           -3537.038  327140           678
           -3537.038  618000           190
           -3537.038  440368           797
           -3537.038  995249           525
           -3537.038  340112           126
           -3537.038  704798           530
           -3537.038  551340           766
           -3537.038  939709           112
           -3537.038  544048           87
           -3537.038  608849           224
           -3537.038  7195             697
           -3537.038  193847           354
           -3537.038  701525           239
           -3537.038  278692           342
           -3537.038  68985            17
           -3537.038  666720           671
           -3537.038  348637           749
           -3537.038  626891           32
           -3537.038  626208           698
           -3537.038  547702           767
           -3537.038  797594           234
           -3537.038  859432           770
           -3537.038  298275           418
           -3537.038  153053           378
           -3537.038  392418           28
           -3537.039  177936           726
           -3537.039  61587            400
           -3537.039  273992           349
           -3537.039  373702           669
           -3537.039  717754           180
           -3537.039  227563           63
           -3537.039  736574           414
           -3537.039  950604           172
           -3537.039  508482           446
           -3537.039  414284           158
           -3537.039  408713           450
           -3537.039  930872           277
           -3537.039  804660           260
           -3537.039  232559           136
           -3537.039  383902           673
           -3537.039  217744           326
           -3537.039  605358           321
           -3537.039  14262            781
           -3537.039  588923           606
           -3537.039  691234           250
           -3537.039  576220           115
           -3537.039  491970           563
           -3537.039  358488           264
           -3537.039  831410           567
           -3537.039  840078           203
           -3537.040  117731           570
           -3537.040  775881           778
           -3537.040  364676           27
           -3537.040  263049           454
           -3537.040  848590           694
           -3537.040  210870           383
           -3537.040  862607           468
           -3537.040  146900           391
           -3537.040  898745           466
           -3537.040  582296           452
           -3537.040  496710           386
           -3537.040  345974           622
           -3537.040  471438           252
           -3537.040  926283           269
           -3537.040  879211           453
           -3537.040  237332           661
           -3537.040  147440           514
           -3537.040  512403           719
           -3537.040  34346            330
           -3537.040  58507            793
           -3537.040  760531           550
           -3537.040  574412           679
           -3537.040  520177           262
           -3537.040  978061           488
           -3537.041  960438           116
           -3537.041  609185           181
           -3537.041  318230           46
           -3537.041  942358           644
           -3537.041  917702           693
           -3537.041  350608           334
           -3537.041  794236           127
           -3537.041  561664           392
           -3537.041  860772           174
           -3537.041  192191           629
           -3537.041  416463           467
           -3537.041  436892           565
           -3537.041  746978           410
           -3537.041  unperturbed      0
           -3537.041  266008           656
           -3537.041  88437            761
           -3537.041  903420           5
           -3537.041  253358           2
           -3537.041  484406           421
           -3537.041  576726           280
           -3537.041  118438           601
           -3537.041  830392           35
           -3537.041  285380           1
           -3537.041  580405           286
           -3537.041  22089            143
           -3537.041  260953           589
           -3537.041  605565           404
           -3537.041  432148           30
           -3537.041  641794           591
           -3537.041  455617           242
           -3537.041  331681           549
           -3537.041  195763           358
           -3537.041  798839           312
           -3537.041  871722           355
           -3537.041  741484           441
           -3537.041  741888           138
           -3537.041  855760           593
           -3537.041  769907           457
           -3537.041  316165           299
           -3537.041  662718           460
           -3537.041  79212            517
           -3537.041  888905           444
           -3537.041  659832           754
           -3537.041  341519           653
           -3537.041  468036           131
           -3537.041  802682           419
           -3537.041  216565           474
           -3537.041  462821           745
           -3537.041  514326           325
           -3537.041  752476           614
           -3537.041  322790           636
           -3537.041  358074           560
           -3537.041  900268           327
           -3537.041  642386           662
           -3537.041  606576           151
           -3537.041  848969           173
           -3537.041  761633           50
           -3537.041  27071            15
           -3537.041  849670           347
           -3537.041  126371           526
           -3537.041  982520           737
           -3537.041  213189           605
           -3537.041  902278           21
           -3537.041  871438           561
           -3537.041  85462            51
           -3537.041  997222           229
           -3537.041  608460           244
           -3537.041  646573           741
           -3537.041  170954           86
           -3537.041  724519           333
           -3537.041  91231            727
           -3537.041  387701           275
           -3537.041  497522           502
           -3537.041  301180           236
           -3537.041  847088           750
           -3537.041  232226           235
           -3537.041  190339           102
           -3537.041  308582           752
           -3537.041  610181           711
           -3537.041  105435           265
           -3537.041  512836           289
           -3537.041  411615           171
           -3537.041  584397           428
           -3537.041  354395           486
           -3537.041  616917           261
           -3537.041  692169           308
           -3537.041  614535           449
           -3537.041  863094           147
           -3537.041  109946           771
           -3537.041  93468            3
           -3537.042  900631           774



THE BEST LOGLIKELIHOOD VALUE HAS BEEN REPLICATED.  RERUN WITH AT LEAST TWICE THE
RANDOM STARTS TO CHECK THAT THE BEST LOGLIKELIHOOD IS STILL OBTAINED AND REPLICATED.


THE MODEL ESTIMATION TERMINATED NORMALLY



MODEL FIT INFORMATION

Number of Free Parameters                       10

Loglikelihood

          H0 Value                       -3537.032
          H0 Scaling Correction Factor      0.7365
            for MLR

Information Criteria

          Akaike (AIC)                    7094.064
          Bayesian (BIC)                  7147.236
          Sample-Size Adjusted BIC        7115.469
            (n* = (n + 2) / 24)

Chi-Square Test of Model Fit for the Binary and Ordered Categorical
(Ordinal) Outcomes

          Pearson Chi-Square

          Value                            346.794
          Degrees of Freedom                    53
          P-Value                           0.0000

          Likelihood Ratio Chi-Square

          Value                            237.546
          Degrees of Freedom                    53
          P-Value                           0.0000

Chi-Square Test for MCAR under the Unrestricted Latent Class Indicator Model

          Pearson Chi-Square

          Value                            418.538
          Degrees of Freedom                   359
          P-Value                           0.0164

          Likelihood Ratio Chi-Square

          Value                            371.435
          Degrees of Freedom                   359
          P-Value                           0.3143



FINAL CLASS COUNTS AND PROPORTIONS FOR THE LATENT CLASSES
BASED ON THE ESTIMATED MODEL

    Latent
   Classes

       1        878.00000          0.58300
       2        628.00000          0.41700


MODEL RESULTS

                                                    Two-Tailed
                    Estimate       S.E.  Est./S.E.    P-Value

Latent Class 1 (1)

 I        |
    LKMOVE_5           1.000      0.000    999.000    999.000
    LKMOVE_6           1.000      0.000    999.000    999.000
    LKMOVE_7           1.000      0.000    999.000    999.000
    LKMOVE_8           1.000      0.000    999.000    999.000
    LKMOVE_10          1.000      0.000    999.000    999.000

 S        |
    LKMOVE_5           0.000      0.000    999.000    999.000
    LKMOVE_6           1.000      0.000    999.000    999.000
    LKMOVE_7           2.000      0.000    999.000    999.000
    LKMOVE_8           3.000      0.000    999.000    999.000
    LKMOVE_10          5.000      0.000    999.000    999.000

 S        WITH
    I                 -9.732      1.297     -7.506      0.000

 Means
    I                 -0.192      0.110     -1.744      0.081
    S                  0.736      0.058     12.623      0.000

 Thresholds
    LKMOVE_5$1         2.855      0.242     11.808      0.000
    LKMOVE_6$1         2.855      0.242     11.808      0.000
    LKMOVE_7$1         2.855      0.242     11.808      0.000
    LKMOVE_8$1         2.855      0.242     11.808      0.000
    LKMOVE_1$1         2.855      0.242     11.808      0.000

 Variances
    I                 41.133      5.482      7.504      0.000
    S                  2.303      0.312      7.378      0.000

Latent Class 2 (2)

 I        |
    LKMOVE_5           1.000      0.000    999.000    999.000
    LKMOVE_6           1.000      0.000    999.000    999.000
    LKMOVE_7           1.000      0.000    999.000    999.000
    LKMOVE_8           1.000      0.000    999.000    999.000
    LKMOVE_10          1.000      0.000    999.000    999.000

 S        |
    LKMOVE_5           0.000      0.000    999.000    999.000
    LKMOVE_6           1.000      0.000    999.000    999.000
    LKMOVE_7           2.000      0.000    999.000    999.000
    LKMOVE_8           3.000      0.000    999.000    999.000
    LKMOVE_10          5.000      0.000    999.000    999.000

 S        WITH
    I                 -6.969      1.238     -5.629      0.000

 Means
    I                  0.000      0.000    999.000    999.000
    S                  0.736      0.058     12.623      0.000

 Thresholds
    LKMOVE_5$1         2.855      0.242     11.808      0.000
    LKMOVE_6$1         2.855      0.242     11.808      0.000
    LKMOVE_7$1         2.855      0.242     11.808      0.000
    LKMOVE_8$1         2.855      0.242     11.808      0.000
    LKMOVE_1$1         2.855      0.242     11.808      0.000

 Variances
    I                 29.317      5.142      5.702      0.000
    S                  1.657      0.303      5.463      0.000

Categorical Latent Variables

 Means
    C#1                0.335      0.052      6.412      0.000


QUALITY OF NUMERICAL RESULTS

     Condition Number for the Information Matrix              0.388E-05
       (ratio of smallest to largest eigenvalue)


RESULTS IN PROBABILITY SCALE

                    Estimate

Latent Class 1 (1)

 LKMOVE_5
    Category 1         0.676
    Category 2         0.324
 LKMOVE_6
    Category 1         0.671
    Category 2         0.329
 LKMOVE_7
    Category 1         0.660
    Category 2         0.340
 LKMOVE_8
    Category 1         0.630
    Category 2         0.370
 LKMOVE_10
    Category 1         0.379
    Category 2         0.621

Latent Class 2 (2)

 LKMOVE_5
    Category 1         0.692
    Category 2         0.308
 LKMOVE_6
    Category 1         0.681
    Category 2         0.319
 LKMOVE_7
    Category 1         0.661
    Category 2         0.339
 LKMOVE_8
    Category 1         0.611
    Category 2         0.389
 LKMOVE_10
    Category 1         0.337
    Category 2         0.663


STANDARDIZED MODEL RESULTS


STDYX Standardization

                                                    Two-Tailed
                    Estimate       S.E.  Est./S.E.    P-Value

Latent Class 1 (1)

 I        |
    LKMOVE_5           0.962      0.005    202.638      0.000
    LKMOVE_6           1.228      0.011    110.006      0.000
    LKMOVE_7           1.673      0.031     53.493      0.000
    LKMOVE_8           2.468      0.094     26.277      0.000
    LKMOVE_10          2.969      0.177     16.751      0.000

 S        |
    LKMOVE_5           0.000      0.000    999.000    999.000
    LKMOVE_6           0.291      0.007     42.742      0.000
    LKMOVE_7           0.791      0.026     30.659      0.000
    LKMOVE_8           1.752      0.087     20.124      0.000
    LKMOVE_10          3.512      0.178     19.736      0.000

 S        WITH
    I                 -1.000      0.000  *********      0.000

 Means
    I                 -0.030      0.017     -1.763      0.078
    S                  0.485      0.037     13.252      0.000

 Thresholds
    LKMOVE_5$1         0.428      0.034     12.691      0.000
    LKMOVE_6$1         0.547      0.043     12.758      0.000
    LKMOVE_7$1         0.745      0.058     12.800      0.000
    LKMOVE_8$1         1.099      0.087     12.577      0.000
    LKMOVE_1$1         1.322      0.111     11.912      0.000

 Variances
    I                  1.000      0.000    999.000    999.000
    S                  1.000      0.000    999.000    999.000

Latent Class 2 (2)

 I        |
    LKMOVE_5           0.948      0.008    113.028      0.000
    LKMOVE_6           1.201      0.019     63.817      0.000
    LKMOVE_7           1.607      0.048     33.241      0.000
    LKMOVE_8           2.268      0.130     17.500      0.000
    LKMOVE_10          2.601      0.195     13.325      0.000

 S        |
    LKMOVE_5           0.000      0.000    999.000    999.000
    LKMOVE_6           0.286      0.010     29.596      0.000
    LKMOVE_7           0.764      0.036     21.052      0.000
    LKMOVE_8           1.617      0.116     13.977      0.000
    LKMOVE_10          3.092      0.208     14.836      0.000

 S        WITH
    I                 -1.000      0.000  *********      0.000

 Means
    I                  0.000      0.000    999.000    999.000
    S                  0.571      0.055     10.334      0.000

 Thresholds
    LKMOVE_5$1         0.500      0.045     11.226      0.000
    LKMOVE_6$1         0.633      0.055     11.585      0.000
    LKMOVE_7$1         0.847      0.070     12.130      0.000
    LKMOVE_8$1         1.196      0.095     12.550      0.000
    LKMOVE_1$1         1.372      0.121     11.290      0.000

 Variances
    I                  1.000      0.000    999.000    999.000
    S                  1.000      0.000    999.000    999.000


R-SQUARE

Class 1

    Observed                                        Two-Tailed
    Variable        Estimate       S.E.  Est./S.E.    P-Value

    LKMOVE_5           0.926      0.009    101.319      0.000
    LKMOVE_6           0.879      0.014     61.623      0.000
    LKMOVE_7           0.776      0.024     32.130      0.000
    LKMOVE_8           0.513      0.041     12.530      0.000
    LKMOVE_1           0.295      0.053      5.525      0.000

Class 2

    Observed                                        Two-Tailed
    Variable        Estimate       S.E.  Est./S.E.    P-Value

    LKMOVE_5           0.899      0.016     56.514      0.000
    LKMOVE_6           0.838      0.024     35.177      0.000
    LKMOVE_7           0.710      0.037     19.221      0.000
    LKMOVE_8           0.423      0.051      8.269      0.000
    LKMOVE_1           0.241      0.065      3.724      0.000


     Beginning Time:  10:31:06
        Ending Time:  10:33:46
       Elapsed Time:  00:02:40



MUTHEN & MUTHEN
3463 Stoner Ave.
Los Angeles, CA  90066

Tel: (310) 391-9971
Fax: (310) 391-8971
Web: www.StatModel.com
Support: Support@StatModel.com

Copyright (c) 1998-2021 Muthen & Muthen
