Mplus VERSION 8.3
MUTHEN & MUTHEN
07/30/2020   2:24 PM

INPUT INSTRUCTIONS

  TITLE: Your title goes here

   DATA: FILE = data.dta;

   VARIABLE:

   NAMES = pidp gridmode mm hidp_5 hidp_6 hidp_7 hidp_8 hidp_9 hidp_10 indmode_5
       indmode_6 indmode_7 indmode_8 indmode_9 indmode_10 mode_type_all mode_type_no9
       mode_type_567 mode_type_7 all no9 p567 p7 switch_all switch_no9 switch_567
       switch_7 lkmove_5 xpmove_5 caruse_5 mobuse_5 netpuse_5 aidxhh_5 jbhas_5 j2has_5
       finnow_5 finfut_5 howlng_5 vote1_5 vote6_5 scsf1_5 scsf2a_5 scsf2b_5 scsf3a_5
       scsf3b_5 scsf4a_5 scsf4b_5 scsf5_5 scsf6a_5 scsf6b_5 scsf6c_5 scsf7_5 scghqa_5
       scghqb_5 scghqc_5 scghqd_5 scghqe_5 scghqf_5 scghqg_5 scghqh_5 scghqi_5
       scghqj_5 scghqk_5 scghql_5 lkmove_6 xpmove_6 caruse_6 mobuse_6 netpuse_6
       aidxhh_6 jbhas_6 j2has_6 finnow_6 finfut_6 howlng_6 vote1_6 vote6_6 scsf1_6
       scsf2a_6 scsf2b_6 scsf3a_6 scsf3b_6 scsf4a_6 scsf4b_6 scsf5_6 scsf6a_6 scsf6b_6
       scsf6c_6 scsf7_6 scghqa_6 scghqb_6 scghqc_6 scghqd_6 scghqe_6 scghqf_6 scghqg_6
       scghqh_6 scghqi_6 scghqj_6 scghqk_6 scghql_6 lkmove_7 xpmove_7 caruse_7
       mobuse_7 netpuse_7 smoker_7 aidxhh_7 jbhas_7 jbterm1_7 jbsemp_7 j2has_7
       fiyrdia_7 finnow_7 finfut_7 howlng_7 vote1_7 vote6_7 scsf2a_7 scsf2b_7 scsf3a_7
       scsf3b_7 scsf4a_7 scsf4b_7 scsf5_7 scsf6a_7 scsf6b_7 scsf6c_7 scsf7_7 scghqa_7
       scghqb_7 scghqc_7 scghqd_7 scghqe_7 scghqf_7 scghqg_7 scghqh_7 scghqi_7
       scghqj_7 scghqk_7 scghql_7 scsf1_7 lkmove_8 xpmove_8 caruse_8 mobuse_8
       netpuse_8 smoker_8 aidxhh_8 jbhas_8 jbterm1_8 jbsemp_8 j2has_8 fiyrdia_8
       finnow_8 finfut_8 scsf2a_8 scsf2b_8 scsf3a_8 scsf3b_8 scsf4a_8 scsf4b_8 scsf5_8
       scsf6a_8 scsf6b_8 scsf6c_8 scsf7_8 scghqa_8 scghqb_8 scghqc_8 scghqd_8 scghqe_8
       scghqf_8 scghqg_8 scghqh_8 scghqi_8 scghqj_8 scghqk_8 scghql_8 scsf1_8 mobuse_9
       netpuse_9 smoker_9 jbhas_9 jbterm1_9 jbsemp_9 j2has_9 fiyrdia_9 finnow_9
       finfut_9 lkmove_10 xpmove_10 mobuse_10 netpuse_10 smoker_10 aidxhh_10 jbhas_10
       jbterm1_10 jbsemp_10 j2has_10 fiyrdia_10 finnow_10 finfut_10 scsf1_10 scsf2a_10
       scsf2b_10 scsf3a_10 scsf3b_10 scsf4a_10 scsf4b_10 scsf5_10 scsf6a_10 scsf6b_10
       scsf6c_10 scsf7_10 scghqa_10 scghqb_10 scghqc_10 scghqd_10 scghqe_10 scghqf_10
       scghqg_10 scghqh_10 scghqi_10 scghqj_10 scghqk_10 scghql_10 edu agecat female
       partner sf1 longill london north urban refresh Higher A level GCSE Other age_35
       age_55 age_75 age_102 pred_all pred_no9 pred_p567 pred_p7 pred_all_w pred_no9_w
       pred_p567_w pred_p7_w;

   MISSING=.;

   USEVARIABLES ARE
   scghqb_5
   scghqb_6
   scghqb_7
   scghqb_8
   scghqb_10;

   CATEGORICAL ARE
   scghqb_5
   scghqb_6
   scghqb_7
   scghqb_8
   scghqb_10;
   CLASSES = c(2);

    KNOWNCLASS = c(no9= 1 2);
  WEIGHT IS pred_no9_w;

   ANALYSIS:


      TYPE = MIXTURE;

      ESTIMATOR = MLR;

      ALGORITHM = INTEGRATION;

      Processors = 8(starts);

      STARTS = 400 100;

   Model:


      %OVERALL%

  i s | scghqb_5@0 scghqb_6@1 scghqb_7@2 scghqb_8@3 scghqb_10@5;

   %c#1%
  [s] (a);
   s (b);
   s WITH i ;
   i ;

   %c#2%
  [s] (a);
   s (b);
   s WITH i ;
   i ;

   OUTPUT: SAMPSTAT;

                                  STDYX;




*** WARNING in VARIABLE command
  Note that only the first 8 characters of variable names are used in the output.
  Shorten variable names to avoid any confusion.
*** WARNING
  Data set contains unknown or missing values for variable NO9.
  This variable is used to determine the KNOWNCLASS specification.
  Number of such cases:  111
*** WARNING
  Data set contains cases with missing on all variables.
  These cases were not included in the analysis.
  Number of cases with missing on all variables:  100
   3 WARNING(S) FOUND IN THE INPUT INSTRUCTIONS



Your title goes here

SUMMARY OF ANALYSIS

Number of groups                                                 1
Number of observations                                        1846

Number of dependent variables                                    5
Number of independent variables                                  0
Number of continuous latent variables                            2
Number of categorical latent variables                           1

Observed dependent variables

  Binary and ordered categorical (ordinal)
   SCGHQB_5    SCGHQB_6    SCGHQB_7    SCGHQB_8    SCGHQB_1

Continuous latent variables
   I           S

Categorical latent variables
   C

  Knownclass            C

Variables with special functions

  Weight variable       PRED_NO9

Estimator                                                      MLR
Information matrix                                        OBSERVED
Optimization Specifications for the Quasi-Newton Algorithm for
Continuous Outcomes
  Maximum number of iterations                                 100
  Convergence criterion                                  0.100D-05
Optimization Specifications for the EM Algorithm
  Maximum number of iterations                                 500
  Convergence criteria
    Loglikelihood change                                 0.100D-02
    Relative loglikelihood change                        0.100D-05
    Derivative                                           0.100D-02
Optimization Specifications for the M step of the EM Algorithm for
Categorical Latent variables
  Number of M step iterations                                    1
  M step convergence criterion                           0.100D-02
  Basis for M step termination                           ITERATION
Optimization Specifications for the M step of the EM Algorithm for
Censored, Binary or Ordered Categorical (Ordinal), Unordered
Categorical (Nominal) and Count Outcomes
  Number of M step iterations                                    1
  M step convergence criterion                           0.100D-02
  Basis for M step termination                           ITERATION
  Maximum value for logit thresholds                            15
  Minimum value for logit thresholds                           -15
  Minimum expected cell size for chi-square              0.100D-01
Maximum number of iterations for H1                           2000
Convergence criterion for H1                             0.100D-03
Optimization algorithm                                         EMA
Integration Specifications
  Type                                                    STANDARD
  Number of integration points                                  15
  Dimensions of numerical integration                            2
  Adaptive quadrature                                           ON
Random Starts Specifications
  Number of initial stage random starts                        400
  Number of final stage optimizations                          100
  Number of initial stage iterations                            10
  Initial stage convergence criterion                    0.100D+01
  Random starts scale                                    0.500D+01
  Random seed for generating random starts                       0
Link                                                         LOGIT
Cholesky                                                        ON

Input data file(s)
  data.dta
Input data format  FREE


SUMMARY OF DATA

     Number of missing data patterns            31
     Number of y missing data patterns           0
     Number of u missing data patterns          31


COVARIANCE COVERAGE OF DATA

Minimum covariance coverage value   0.100


     PROPORTION OF DATA PRESENT FOR U


           Covariance Coverage
              SCGHQB_5      SCGHQB_6      SCGHQB_7      SCGHQB_8      SCGHQB_1
              ________      ________      ________      ________      ________
 SCGHQB_5       0.386
 SCGHQB_6       0.292         0.457
 SCGHQB_7       0.264         0.338         0.594
 SCGHQB_8       0.252         0.326         0.471         0.581
 SCGHQB_1       0.224         0.287         0.400         0.435         0.649


UNIVARIATE PROPORTIONS AND COUNTS FOR CATEGORICAL VARIABLES

    SCGHQB_5
      Category 1    0.379          428.167
      Category 2    0.441          498.927
      Category 3    0.132          149.578
      Category 4    0.048           54.021
    SCGHQB_6
      Category 1    0.379          525.224
      Category 2    0.441          610.534
      Category 3    0.143          197.795
      Category 4    0.038           52.351
    SCGHQB_7
      Category 1    0.399          479.559
      Category 2    0.461          555.127
      Category 3    0.105          125.779
      Category 4    0.035           42.630
    SCGHQB_8
      Category 1    0.426          484.718
      Category 2    0.456          519.286
      Category 3    0.084           96.004
      Category 4    0.033           37.979
    SCGHQB_1
      Category 1    0.394          393.890
      Category 2    0.443          443.117
      Category 3    0.127          127.127
      Category 4    0.036           35.778


SAMPLE STATISTICS

RANDOM STARTS RESULTS RANKED FROM THE BEST TO THE WORST LOGLIKELIHOOD VALUES

Final stage loglikelihood values at local maxima, seeds, and initial stage start numbers:

           -7014.824  939021           8
           -7014.824  966014           37
           -7014.824  227563           63
           -7014.824  576726           280
           -7014.824  92689            304
           -7014.824  192071           142
           -7014.824  791396           243
           -7014.824  997222           229
           -7014.824  851945           18
           -7014.824  50887            389
           -7014.824  unperturbed      0
           -7014.824  991329           182
           -7014.824  789985           67
           -7014.824  605358           321
           -7014.824  551639           55
           -7014.824  798839           312
           -7014.824  824126           287
           -7014.824  51375            148
           -7014.824  488125           368
           -7014.824  316165           299
           -7014.824  848969           173
           -7014.824  124999           96
           -7014.824  195763           358
           -7014.824  629320           222
           -7014.824  723775           97
           -7014.824  608849           224
           -7014.824  891531           206
           -7014.824  857799           315
           -7014.824  930872           277
           -7014.824  545140           278
           -7014.824  879338           309
           -7014.824  875667           367
           -7014.824  373505           88
           -7014.824  137305           379
           -7014.824  915107           54
           -7014.824  478421           311
           -7014.824  902278           21
           -7014.824  344422           296
           -7014.824  85114            385
           -7014.824  415502           194
           -7014.824  602797           336
           -7014.824  685657           69
           -7014.824  440841           118
           -7014.824  595153           230
           -7014.824  303634           169
           -7014.824  793035           187
           -7014.824  568405           233
           -7014.824  464179           106
           -7014.824  626891           32
           -7014.824  153053           378
           -7014.824  777045           377
           -7014.824  948615           140
           -7014.824  563002           360
           -7014.824  915642           40
           -7014.824  748692           204
           -7014.824  939709           112
           -7014.824  692169           308
           -7014.824  123985           248
           -7014.824  354208           196
           -7014.824  499150           216
           -7014.824  761633           50
           -7014.824  232559           136
           -7014.824  188498           258
           -7014.824  319144           176
           -7014.824  963053           43
           -7014.824  724519           333
           -7014.824  15715            274
           -7014.824  232226           235
           -7014.824  848890           95
           -7014.824  606576           151
           -7014.824  259507           53
           -7014.824  107446           12
           -7014.824  608496           4
           -7014.824  965994           396
           -7014.824  76451            211
           -7014.824  263268           165
           -7014.824  950604           172
           -7014.824  190339           102
           -7014.824  185071           370
           -7014.824  900268           327
           -7014.824  520177           262
           -7014.824  576596           99
           -7014.824  544048           87
           -7014.824  25127            107
           -7014.824  371246           101
           -7014.824  120506           45
           -7014.824  23012            352
           -7014.824  669634           335
           -7014.824  215353           164
           -7014.825  471398           74
           -7014.825  695155           150
           -7014.825  863094           147
           -7014.825  264935           281
           -7014.827  931874           141
           -7014.827  220454           288
           -7014.829  860772           174
           -7014.829  717754           180
           -7014.830  614009           317
           -7014.831  364676           27
           -7014.832  694303           282



THE BEST LOGLIKELIHOOD VALUE HAS BEEN REPLICATED.  RERUN WITH AT LEAST TWICE THE
RANDOM STARTS TO CHECK THAT THE BEST LOGLIKELIHOOD IS STILL OBTAINED AND REPLICATED.


THE MODEL ESTIMATION TERMINATED NORMALLY



MODEL FIT INFORMATION

Number of Free Parameters                       11

Loglikelihood

          H0 Value                       -7014.824
          H0 Scaling Correction Factor      2.0325
            for MLR

Information Criteria

          Akaike (AIC)                   14051.647
          Bayesian (BIC)                 14112.376
          Sample-Size Adjusted BIC       14077.429
            (n* = (n + 2) / 24)

Chi-Square Test of Model Fit for the Binary and Ordered Categorical
(Ordinal) Outcomes**

          Pearson Chi-Square

          Value                           2104.369
          Degrees of Freedom                  2021
          P-Value                           0.0961

          Likelihood Ratio Chi-Square

          Value                            763.874
          Degrees of Freedom                  2021
          P-Value                           1.0000

** Of the 3124 cells in the latent class indicator table, 5
   were deleted in the calculation of chi-square due to extreme values.

Chi-Square Test for MCAR under the Unrestricted Latent Class Indicator Model

          Pearson Chi-Square

          Value                           1887.031
          Degrees of Freedom                  4139
          P-Value                           1.0000

          Likelihood Ratio Chi-Square

          Value                           1420.986
          Degrees of Freedom                  4139
          P-Value                           1.0000



FINAL CLASS COUNTS AND PROPORTIONS FOR THE LATENT CLASSES
BASED ON THE ESTIMATED MODEL

    Latent
   Classes

       1       1174.98310          0.63650
       2        671.01690          0.36350


MODEL RESULTS

                                                    Two-Tailed
                    Estimate       S.E.  Est./S.E.    P-Value

Latent Class 1 (1)

 I        |
    SCGHQB_5           1.000      0.000    999.000    999.000
    SCGHQB_6           1.000      0.000    999.000    999.000
    SCGHQB_7           1.000      0.000    999.000    999.000
    SCGHQB_8           1.000      0.000    999.000    999.000
    SCGHQB_10          1.000      0.000    999.000    999.000

 S        |
    SCGHQB_5           0.000      0.000    999.000    999.000
    SCGHQB_6           1.000      0.000    999.000    999.000
    SCGHQB_7           2.000      0.000    999.000    999.000
    SCGHQB_8           3.000      0.000    999.000    999.000
    SCGHQB_10          5.000      0.000    999.000    999.000

 S        WITH
    I                 -0.277      0.138     -1.999      0.046

 Means
    I                 -0.169      0.173     -0.977      0.328
    S                 -0.047      0.029     -1.610      0.107

 Thresholds
    SCGHQB_5$1        -0.928      0.149     -6.241      0.000
    SCGHQB_5$2         2.535      0.163     15.600      0.000
    SCGHQB_5$3         4.675      0.213     21.994      0.000
    SCGHQB_6$1        -0.928      0.149     -6.241      0.000
    SCGHQB_6$2         2.535      0.163     15.600      0.000
    SCGHQB_6$3         4.675      0.213     21.994      0.000
    SCGHQB_7$1        -0.928      0.149     -6.241      0.000
    SCGHQB_7$2         2.535      0.163     15.600      0.000
    SCGHQB_7$3         4.675      0.213     21.994      0.000
    SCGHQB_8$1        -0.928      0.149     -6.241      0.000
    SCGHQB_8$2         2.535      0.163     15.600      0.000
    SCGHQB_8$3         4.675      0.213     21.994      0.000
    SCGHQB_1$1        -0.928      0.149     -6.241      0.000
    SCGHQB_1$2         2.535      0.163     15.600      0.000
    SCGHQB_1$3         4.675      0.213     21.994      0.000

 Variances
    I                  5.458      0.829      6.582      0.000
    S                  0.071      0.035      2.002      0.045

Latent Class 2 (2)

 I        |
    SCGHQB_5           1.000      0.000    999.000    999.000
    SCGHQB_6           1.000      0.000    999.000    999.000
    SCGHQB_7           1.000      0.000    999.000    999.000
    SCGHQB_8           1.000      0.000    999.000    999.000
    SCGHQB_10          1.000      0.000    999.000    999.000

 S        |
    SCGHQB_5           0.000      0.000    999.000    999.000
    SCGHQB_6           1.000      0.000    999.000    999.000
    SCGHQB_7           2.000      0.000    999.000    999.000
    SCGHQB_8           3.000      0.000    999.000    999.000
    SCGHQB_10          5.000      0.000    999.000    999.000

 S        WITH
    I                 -0.218      0.139     -1.567      0.117

 Means
    I                  0.000      0.000    999.000    999.000
    S                 -0.047      0.029     -1.610      0.107

 Thresholds
    SCGHQB_5$1        -0.928      0.149     -6.241      0.000
    SCGHQB_5$2         2.535      0.163     15.600      0.000
    SCGHQB_5$3         4.675      0.213     21.994      0.000
    SCGHQB_6$1        -0.928      0.149     -6.241      0.000
    SCGHQB_6$2         2.535      0.163     15.600      0.000
    SCGHQB_6$3         4.675      0.213     21.994      0.000
    SCGHQB_7$1        -0.928      0.149     -6.241      0.000
    SCGHQB_7$2         2.535      0.163     15.600      0.000
    SCGHQB_7$3         4.675      0.213     21.994      0.000
    SCGHQB_8$1        -0.928      0.149     -6.241      0.000
    SCGHQB_8$2         2.535      0.163     15.600      0.000
    SCGHQB_8$3         4.675      0.213     21.994      0.000
    SCGHQB_1$1        -0.928      0.149     -6.241      0.000
    SCGHQB_1$2         2.535      0.163     15.600      0.000
    SCGHQB_1$3         4.675      0.213     21.994      0.000

 Variances
    I                  4.630      0.762      6.073      0.000
    S                  0.071      0.035      2.002      0.045

Categorical Latent Variables

 Means
    C#1                0.560      0.067      8.418      0.000


STANDARDIZED MODEL RESULTS


STDYX Standardization

                                                    Two-Tailed
                    Estimate       S.E.  Est./S.E.    P-Value

Latent Class 1 (1)

 I        |
    SCGHQB_5           0.790      0.023     35.005      0.000
    SCGHQB_6           0.813      0.031     26.250      0.000
    SCGHQB_7           0.830      0.040     20.575      0.000
    SCGHQB_8           0.841      0.049     17.045      0.000
    SCGHQB_10          0.839      0.064     13.017      0.000

 S        |
    SCGHQB_5           0.000      0.000    999.000    999.000
    SCGHQB_6           0.092      0.022      4.175      0.000
    SCGHQB_7           0.189      0.046      4.086      0.000
    SCGHQB_8           0.287      0.071      4.057      0.000
    SCGHQB_10          0.477      0.114      4.193      0.000

 S        WITH
    I                 -0.446      0.141     -3.157      0.002

 Means
    I                 -0.072      0.074     -0.980      0.327
    S                 -0.178      0.117     -1.523      0.128

 Thresholds
    SCGHQB_5$1        -0.314      0.051     -6.185      0.000
    SCGHQB_5$2         0.857      0.058     14.877      0.000
    SCGHQB_5$3         1.581      0.085     18.669      0.000
    SCGHQB_6$1        -0.323      0.051     -6.283      0.000
    SCGHQB_6$2         0.882      0.057     15.363      0.000
    SCGHQB_6$3         1.626      0.081     20.109      0.000
    SCGHQB_7$1        -0.330      0.052     -6.349      0.000
    SCGHQB_7$2         0.901      0.059     15.369      0.000
    SCGHQB_7$3         1.661      0.081     20.572      0.000
    SCGHQB_8$1        -0.334      0.052     -6.384      0.000
    SCGHQB_8$2         0.912      0.061     14.988      0.000
    SCGHQB_8$3         1.682      0.084     20.045      0.000
    SCGHQB_1$1        -0.333      0.053     -6.341      0.000
    SCGHQB_1$2         0.911      0.068     13.430      0.000
    SCGHQB_1$3         1.680      0.099     16.988      0.000

 Variances
    I                  1.000      0.000    999.000    999.000
    S                  1.000      0.000    999.000    999.000

Latent Class 2 (2)

 I        |
    SCGHQB_5           0.765      0.026     29.242      0.000
    SCGHQB_6           0.783      0.036     21.463      0.000
    SCGHQB_7           0.795      0.048     16.541      0.000
    SCGHQB_8           0.799      0.060     13.381      0.000
    SCGHQB_10          0.785      0.081      9.659      0.000

 S        |
    SCGHQB_5           0.000      0.000    999.000    999.000
    SCGHQB_6           0.097      0.023      4.127      0.000
    SCGHQB_7           0.196      0.048      4.102      0.000
    SCGHQB_8           0.296      0.072      4.138      0.000
    SCGHQB_10          0.485      0.110      4.398      0.000

 S        WITH
    I                 -0.381      0.189     -2.011      0.044

 Means
    I                  0.000      0.000    999.000    999.000
    S                 -0.178      0.117     -1.523      0.128

 Thresholds
    SCGHQB_5$1        -0.330      0.058     -5.708      0.000
    SCGHQB_5$2         0.901      0.053     16.963      0.000
    SCGHQB_5$3         1.661      0.082     20.353      0.000
    SCGHQB_6$1        -0.338      0.058     -5.862      0.000
    SCGHQB_6$2         0.922      0.052     17.882      0.000
    SCGHQB_6$3         1.701      0.073     23.361      0.000
    SCGHQB_7$1        -0.343      0.057     -5.997      0.000
    SCGHQB_7$2         0.936      0.053     17.664      0.000
    SCGHQB_7$3         1.727      0.071     24.471      0.000
    SCGHQB_8$1        -0.345      0.057     -6.094      0.000
    SCGHQB_8$2         0.942      0.058     16.334      0.000
    SCGHQB_8$3         1.736      0.077     22.471      0.000
    SCGHQB_1$1        -0.339      0.056     -6.092      0.000
    SCGHQB_1$2         0.925      0.074     12.425      0.000
    SCGHQB_1$3         1.706      0.112     15.218      0.000

 Variances
    I                  1.000      0.000    999.000    999.000
    S                  1.000      0.000    999.000    999.000


R-SQUARE

Class 1

    Observed                                        Two-Tailed
    Variable        Estimate       S.E.  Est./S.E.    P-Value

    SCGHQB_5           0.624      0.036     17.503      0.000
    SCGHQB_6           0.602      0.033     18.482      0.000
    SCGHQB_7           0.585      0.032     18.424      0.000
    SCGHQB_8           0.574      0.034     16.987      0.000
    SCGHQB_1           0.575      0.045     12.774      0.000

Class 2

    Observed                                        Two-Tailed
    Variable        Estimate       S.E.  Est./S.E.    P-Value

    SCGHQB_5           0.585      0.040     14.621      0.000
    SCGHQB_6           0.565      0.034     16.787      0.000
    SCGHQB_7           0.551      0.031     18.064      0.000
    SCGHQB_8           0.546      0.034     16.187      0.000
    SCGHQB_1           0.562      0.054     10.353      0.000


QUALITY OF NUMERICAL RESULTS

     Condition Number for the Information Matrix              0.212E-02
       (ratio of smallest to largest eigenvalue)


     Beginning Time:  14:24:38
        Ending Time:  14:31:02
       Elapsed Time:  00:06:24



MUTHEN & MUTHEN
3463 Stoner Ave.
Los Angeles, CA  90066

Tel: (310) 391-9971
Fax: (310) 391-8971
Web: www.StatModel.com
Support: Support@StatModel.com

Copyright (c) 1998-2019 Muthen & Muthen
