Mplus VERSION 8.3
MUTHEN & MUTHEN
07/30/2020   1:49 PM

INPUT INSTRUCTIONS

  TITLE: Your title goes here

   DATA: FILE = data.dta;

   VARIABLE:

   NAMES = pidp gridmode mm hidp_5 hidp_6 hidp_7 hidp_8 hidp_9 hidp_10 indmode_5
       indmode_6 indmode_7 indmode_8 indmode_9 indmode_10 mode_type_all mode_type_no9
       mode_type_567 mode_type_7 all no9 p567 p7 switch_all switch_no9 switch_567
       switch_7 lkmove_5 xpmove_5 caruse_5 mobuse_5 netpuse_5 aidxhh_5 jbhas_5 j2has_5
       finnow_5 finfut_5 howlng_5 vote1_5 vote6_5 scsf1_5 scsf2a_5 scsf2b_5 scsf3a_5
       scsf3b_5 scsf4a_5 scsf4b_5 scsf5_5 scsf6a_5 scsf6b_5 scsf6c_5 scsf7_5 scghqa_5
       scghqb_5 scghqc_5 scghqd_5 scghqe_5 scghqf_5 scghqg_5 scghqh_5 scghqi_5
       scghqj_5 scghqk_5 scghql_5 lkmove_6 xpmove_6 caruse_6 mobuse_6 netpuse_6
       aidxhh_6 jbhas_6 j2has_6 finnow_6 finfut_6 howlng_6 vote1_6 vote6_6 scsf1_6
       scsf2a_6 scsf2b_6 scsf3a_6 scsf3b_6 scsf4a_6 scsf4b_6 scsf5_6 scsf6a_6 scsf6b_6
       scsf6c_6 scsf7_6 scghqa_6 scghqb_6 scghqc_6 scghqd_6 scghqe_6 scghqf_6 scghqg_6
       scghqh_6 scghqi_6 scghqj_6 scghqk_6 scghql_6 lkmove_7 xpmove_7 caruse_7
       mobuse_7 netpuse_7 smoker_7 aidxhh_7 jbhas_7 jbterm1_7 jbsemp_7 j2has_7
       fiyrdia_7 finnow_7 finfut_7 howlng_7 vote1_7 vote6_7 scsf2a_7 scsf2b_7 scsf3a_7
       scsf3b_7 scsf4a_7 scsf4b_7 scsf5_7 scsf6a_7 scsf6b_7 scsf6c_7 scsf7_7 scghqa_7
       scghqb_7 scghqc_7 scghqd_7 scghqe_7 scghqf_7 scghqg_7 scghqh_7 scghqi_7
       scghqj_7 scghqk_7 scghql_7 scsf1_7 lkmove_8 xpmove_8 caruse_8 mobuse_8
       netpuse_8 smoker_8 aidxhh_8 jbhas_8 jbterm1_8 jbsemp_8 j2has_8 fiyrdia_8
       finnow_8 finfut_8 scsf2a_8 scsf2b_8 scsf3a_8 scsf3b_8 scsf4a_8 scsf4b_8 scsf5_8
       scsf6a_8 scsf6b_8 scsf6c_8 scsf7_8 scghqa_8 scghqb_8 scghqc_8 scghqd_8 scghqe_8
       scghqf_8 scghqg_8 scghqh_8 scghqi_8 scghqj_8 scghqk_8 scghql_8 scsf1_8 mobuse_9
       netpuse_9 smoker_9 jbhas_9 jbterm1_9 jbsemp_9 j2has_9 fiyrdia_9 finnow_9
       finfut_9 lkmove_10 xpmove_10 mobuse_10 netpuse_10 smoker_10 aidxhh_10 jbhas_10
       jbterm1_10 jbsemp_10 j2has_10 fiyrdia_10 finnow_10 finfut_10 scsf1_10 scsf2a_10
       scsf2b_10 scsf3a_10 scsf3b_10 scsf4a_10 scsf4b_10 scsf5_10 scsf6a_10 scsf6b_10
       scsf6c_10 scsf7_10 scghqa_10 scghqb_10 scghqc_10 scghqd_10 scghqe_10 scghqf_10
       scghqg_10 scghqh_10 scghqi_10 scghqj_10 scghqk_10 scghql_10 edu agecat female
       partner sf1 longill london north urban refresh Higher A level GCSE Other age_35
       age_55 age_75 age_102 pred_all pred_no9 pred_p567 pred_p7 pred_all_w pred_no9_w
       pred_p567_w pred_p7_w;

   MISSING=.;

   USEVARIABLES ARE
   scghqa_5
   scghqa_6
   scghqa_7
   scghqa_8
   scghqa_10;

   CATEGORICAL ARE
   scghqa_5
   scghqa_6
   scghqa_7
   scghqa_8
   scghqa_10;
   CLASSES = c(2);

    KNOWNCLASS = c(no9= 1 2);
  WEIGHT IS pred_no9_w;

   ANALYSIS:


      TYPE = MIXTURE;

      ESTIMATOR = MLR;

      ALGORITHM = INTEGRATION;

      Processors = 8(starts);

      STARTS = 400 100;

   Model:


      %OVERALL%

  i s | scghqa_5@0 scghqa_6@1 scghqa_7@2 scghqa_8@3 scghqa_10@5;

   %c#1%
  [s] (a);
   s (b);
   s WITH i (c);
   i (d);

   %c#2%
  [s] (a);
   s (b);
   s WITH i (c);
   i (d);

   OUTPUT: SAMPSTAT;

                                  STDYX;




*** WARNING in VARIABLE command
  Note that only the first 8 characters of variable names are used in the output.
  Shorten variable names to avoid any confusion.
*** WARNING
  Data set contains unknown or missing values for variable NO9.
  This variable is used to determine the KNOWNCLASS specification.
  Number of such cases:  111
*** WARNING
  Data set contains cases with missing on all variables.
  These cases were not included in the analysis.
  Number of cases with missing on all variables:  100
   3 WARNING(S) FOUND IN THE INPUT INSTRUCTIONS



Your title goes here

SUMMARY OF ANALYSIS

Number of groups                                                 1
Number of observations                                        1846

Number of dependent variables                                    5
Number of independent variables                                  0
Number of continuous latent variables                            2
Number of categorical latent variables                           1

Observed dependent variables

  Binary and ordered categorical (ordinal)
   SCGHQA_5    SCGHQA_6    SCGHQA_7    SCGHQA_8    SCGHQA_1

Continuous latent variables
   I           S

Categorical latent variables
   C

  Knownclass            C

Variables with special functions

  Weight variable       PRED_NO9

Estimator                                                      MLR
Information matrix                                        OBSERVED
Optimization Specifications for the Quasi-Newton Algorithm for
Continuous Outcomes
  Maximum number of iterations                                 100
  Convergence criterion                                  0.100D-05
Optimization Specifications for the EM Algorithm
  Maximum number of iterations                                 500
  Convergence criteria
    Loglikelihood change                                 0.100D-02
    Relative loglikelihood change                        0.100D-05
    Derivative                                           0.100D-02
Optimization Specifications for the M step of the EM Algorithm for
Categorical Latent variables
  Number of M step iterations                                    1
  M step convergence criterion                           0.100D-02
  Basis for M step termination                           ITERATION
Optimization Specifications for the M step of the EM Algorithm for
Censored, Binary or Ordered Categorical (Ordinal), Unordered
Categorical (Nominal) and Count Outcomes
  Number of M step iterations                                    1
  M step convergence criterion                           0.100D-02
  Basis for M step termination                           ITERATION
  Maximum value for logit thresholds                            15
  Minimum value for logit thresholds                           -15
  Minimum expected cell size for chi-square              0.100D-01
Maximum number of iterations for H1                           2000
Convergence criterion for H1                             0.100D-03
Optimization algorithm                                         EMA
Integration Specifications
  Type                                                    STANDARD
  Number of integration points                                  15
  Dimensions of numerical integration                            2
  Adaptive quadrature                                           ON
Random Starts Specifications
  Number of initial stage random starts                        400
  Number of final stage optimizations                          100
  Number of initial stage iterations                            10
  Initial stage convergence criterion                    0.100D+01
  Random starts scale                                    0.500D+01
  Random seed for generating random starts                       0
Link                                                         LOGIT
Cholesky                                                        ON

Input data file(s)
  data.dta
Input data format  FREE


SUMMARY OF DATA

     Number of missing data patterns            31
     Number of y missing data patterns           0
     Number of u missing data patterns          31


COVARIANCE COVERAGE OF DATA

Minimum covariance coverage value   0.100


     PROPORTION OF DATA PRESENT FOR U


           Covariance Coverage
              SCGHQA_5      SCGHQA_6      SCGHQA_7      SCGHQA_8      SCGHQA_1
              ________      ________      ________      ________      ________
 SCGHQA_5       0.385
 SCGHQA_6       0.292         0.458
 SCGHQA_7       0.264         0.339         0.594
 SCGHQA_8       0.251         0.326         0.470         0.579
 SCGHQA_1       0.223         0.288         0.400         0.433         0.649


UNIVARIATE PROPORTIONS AND COUNTS FOR CATEGORICAL VARIABLES

    SCGHQA_5
      Category 1    0.022           25.178
      Category 2    0.799          902.732
      Category 3    0.155          175.060
      Category 4    0.023           26.204
    SCGHQA_6
      Category 1    0.025           34.300
      Category 2    0.801         1111.112
      Category 3    0.150          208.731
      Category 4    0.024           33.829
    SCGHQA_7
      Category 1    0.027           32.091
      Category 2    0.829          998.360
      Category 3    0.123          147.854
      Category 4    0.022           26.240
    SCGHQA_8
      Category 1    0.025           28.489
      Category 2    0.810          920.355
      Category 3    0.144          164.067
      Category 4    0.021           23.736
    SCGHQA_1
      Category 1    0.036           36.189
      Category 2    0.800          799.766
      Category 3    0.145          145.426
      Category 4    0.019           18.532


SAMPLE STATISTICS

RANDOM STARTS RESULTS RANKED FROM THE BEST TO THE WORST LOGLIKELIHOOD VALUES

Final stage loglikelihood values at local maxima, seeds, and initial stage start numbers:

           -4797.358  246261           38
           -4797.358  342019           301
           -4797.358  741888           138
           -4797.358  232559           136
           -4797.358  568859           49
           -4797.358  215353           164
           -4797.358  23012            352
           -4797.358  849670           347
           -4797.358  264081           186
           -4797.358  27071            15
           -4797.358  12477            155
           -4797.358  801717           364
           -4797.358  783165           170
           -4797.358  616917           261
           -4797.358  360419           356
           -4797.358  551639           55
           -4797.358  21345            199
           -4797.358  857799           315
           -4797.358  966014           37
           -4797.358  945065           255
           -4797.358  387701           275
           -4797.358  913639           162
           -4797.358  165853           105
           -4797.358  175199           247
           -4797.358  373505           88
           -4797.358  674171           195
           -4797.358  992389           77
           -4797.358  967237           48
           -4797.358  81117            305
           -4797.358  319144           176
           -4797.358  481835           57
           -4797.358  350608           334
           -4797.358  602797           336
           -4797.358  268896           124
           -4797.358  930323           267
           -4797.358  51375            148
           -4797.358  185071           370
           -4797.358  464179           106
           -4797.358  891531           206
           -4797.358  unperturbed      0
           -4797.358  836515           341
           -4797.358  761633           50
           -4797.358  455617           242
           -4797.358  648555           113
           -4797.358  579995           183
           -4797.358  804660           260
           -4797.358  354208           196
           -4797.358  268217           83
           -4797.358  939709           112
           -4797.358  512836           289
           -4797.358  985387           381
           -4797.358  915107           54
           -4797.358  246575           291
           -4797.358  580405           286
           -4797.358  467339           66
           -4797.358  496710           386
           -4797.358  789985           67
           -4797.358  193847           354
           -4797.358  65651            214
           -4797.358  46437            153
           -4797.358  923437           398
           -4797.358  352277           42
           -4797.358  794236           127
           -4797.358  534483           290
           -4797.358  963053           43
           -4797.358  701525           239
           -4797.358  644297           340
           -4797.358  132336           362
           -4797.358  688839           273
           -4797.358  777045           377
           -4797.358  82357            339
           -4797.358  830392           35
           -4797.358  637095           207
           -4797.358  617243           237
           -4797.358  694303           282
           -4797.358  650371           14
           -4797.358  123985           248
           -4797.358  529455           268
           -4797.358  685657           69
           -4797.358  608849           224
           -4797.358  192071           142
           -4797.358  440841           118
           -4797.358  267983           228
           -4797.358  227563           63
           -4797.358  804561           59
           -4797.358  728038           177
           -4797.358  509733           130
           -4797.358  850840           232
           -4797.358  692169           308
           -4797.358  79945            395
           -4797.369  92689            304
           -4797.369  370466           41
           -4797.369  303634           169
           -4797.370  951709           348
           -4797.371  714997           399
           -4797.373  957392           79
           -4797.373  973369           202
           -4797.373  903420           5
           -4797.373  863094           147
           -4798.274  754100           56



THE BEST LOGLIKELIHOOD VALUE HAS BEEN REPLICATED.  RERUN WITH AT LEAST TWICE THE
RANDOM STARTS TO CHECK THAT THE BEST LOGLIKELIHOOD IS STILL OBTAINED AND REPLICATED.


THE MODEL ESTIMATION TERMINATED NORMALLY



MODEL FIT INFORMATION

Number of Free Parameters                        9

Loglikelihood

          H0 Value                       -4797.358
          H0 Scaling Correction Factor      2.1320
            for MLR

Information Criteria

          Akaike (AIC)                    9612.716
          Bayesian (BIC)                  9662.403
          Sample-Size Adjusted BIC        9633.810
            (n* = (n + 2) / 24)

Chi-Square Test of Model Fit for the Binary and Ordered Categorical
(Ordinal) Outcomes**

          Pearson Chi-Square

          Value                           1423.602
          Degrees of Freedom                  2024
          P-Value                           1.0000

          Likelihood Ratio Chi-Square

          Value                            541.739
          Degrees of Freedom                  2024
          P-Value                           1.0000

** Of the 3124 cells in the latent class indicator table, 5
   were deleted in the calculation of chi-square due to extreme values.

Chi-Square Test for MCAR under the Unrestricted Latent Class Indicator Model

          Pearson Chi-Square

          Value                           1567.145
          Degrees of Freedom                  4139
          P-Value                           1.0000

          Likelihood Ratio Chi-Square

          Value                           1160.783
          Degrees of Freedom                  4139
          P-Value                           1.0000



FINAL CLASS COUNTS AND PROPORTIONS FOR THE LATENT CLASSES
BASED ON THE ESTIMATED MODEL

    Latent
   Classes

       1       1174.98310          0.63650
       2        671.01690          0.36350


MODEL RESULTS

                                                    Two-Tailed
                    Estimate       S.E.  Est./S.E.    P-Value

Latent Class 1 (1)

 I        |
    SCGHQA_5           1.000      0.000    999.000    999.000
    SCGHQA_6           1.000      0.000    999.000    999.000
    SCGHQA_7           1.000      0.000    999.000    999.000
    SCGHQA_8           1.000      0.000    999.000    999.000
    SCGHQA_10          1.000      0.000    999.000    999.000

 S        |
    SCGHQA_5           0.000      0.000    999.000    999.000
    SCGHQA_6           1.000      0.000    999.000    999.000
    SCGHQA_7           2.000      0.000    999.000    999.000
    SCGHQA_8           3.000      0.000    999.000    999.000
    SCGHQA_10          5.000      0.000    999.000    999.000

 S        WITH
    I                 -0.065      0.112     -0.583      0.560

 Means
    I                  0.047      0.135      0.346      0.729
    S                 -0.047      0.033     -1.429      0.153

 Thresholds
    SCGHQA_5$1        -4.399      0.227    -19.336      0.000
    SCGHQA_5$2         1.989      0.143     13.942      0.000
    SCGHQA_5$3         4.494      0.235     19.110      0.000
    SCGHQA_6$1        -4.399      0.227    -19.336      0.000
    SCGHQA_6$2         1.989      0.143     13.942      0.000
    SCGHQA_6$3         4.494      0.235     19.110      0.000
    SCGHQA_7$1        -4.399      0.227    -19.336      0.000
    SCGHQA_7$2         1.989      0.143     13.942      0.000
    SCGHQA_7$3         4.494      0.235     19.110      0.000
    SCGHQA_8$1        -4.399      0.227    -19.336      0.000
    SCGHQA_8$2         1.989      0.143     13.942      0.000
    SCGHQA_8$3         4.494      0.235     19.110      0.000
    SCGHQA_1$1        -4.399      0.227    -19.336      0.000
    SCGHQA_1$2         1.989      0.143     13.942      0.000
    SCGHQA_1$3         4.494      0.235     19.110      0.000

 Variances
    I                  1.657      0.470      3.528      0.000
    S                  0.037      0.044      0.847      0.397

Latent Class 2 (2)

 I        |
    SCGHQA_5           1.000      0.000    999.000    999.000
    SCGHQA_6           1.000      0.000    999.000    999.000
    SCGHQA_7           1.000      0.000    999.000    999.000
    SCGHQA_8           1.000      0.000    999.000    999.000
    SCGHQA_10          1.000      0.000    999.000    999.000

 S        |
    SCGHQA_5           0.000      0.000    999.000    999.000
    SCGHQA_6           1.000      0.000    999.000    999.000
    SCGHQA_7           2.000      0.000    999.000    999.000
    SCGHQA_8           3.000      0.000    999.000    999.000
    SCGHQA_10          5.000      0.000    999.000    999.000

 S        WITH
    I                 -0.065      0.112     -0.583      0.560

 Means
    I                  0.000      0.000    999.000    999.000
    S                 -0.047      0.033     -1.429      0.153

 Thresholds
    SCGHQA_5$1        -4.399      0.227    -19.336      0.000
    SCGHQA_5$2         1.989      0.143     13.942      0.000
    SCGHQA_5$3         4.494      0.235     19.110      0.000
    SCGHQA_6$1        -4.399      0.227    -19.336      0.000
    SCGHQA_6$2         1.989      0.143     13.942      0.000
    SCGHQA_6$3         4.494      0.235     19.110      0.000
    SCGHQA_7$1        -4.399      0.227    -19.336      0.000
    SCGHQA_7$2         1.989      0.143     13.942      0.000
    SCGHQA_7$3         4.494      0.235     19.110      0.000
    SCGHQA_8$1        -4.399      0.227    -19.336      0.000
    SCGHQA_8$2         1.989      0.143     13.942      0.000
    SCGHQA_8$3         4.494      0.235     19.110      0.000
    SCGHQA_1$1        -4.399      0.227    -19.336      0.000
    SCGHQA_1$2         1.989      0.143     13.942      0.000
    SCGHQA_1$3         4.494      0.235     19.110      0.000

 Variances
    I                  1.657      0.470      3.528      0.000
    S                  0.037      0.044      0.847      0.397

Categorical Latent Variables

 Means
    C#1                0.560      0.067      8.418      0.000


STANDARDIZED MODEL RESULTS


STDYX Standardization

                                                    Two-Tailed
                    Estimate       S.E.  Est./S.E.    P-Value

Latent Class 1 (1)

 I        |
    SCGHQA_5           0.579      0.055     10.611      0.000
    SCGHQA_6           0.584      0.064      9.142      0.000
    SCGHQA_7           0.585      0.070      8.384      0.000
    SCGHQA_8           0.582      0.072      8.120      0.000
    SCGHQA_10          0.563      0.066      8.512      0.000

 S        |
    SCGHQA_5           0.000      0.000    999.000    999.000
    SCGHQA_6           0.088      0.050      1.741      0.082
    SCGHQA_7           0.176      0.102      1.719      0.086
    SCGHQA_8           0.262      0.152      1.723      0.085
    SCGHQA_10          0.422      0.234      1.806      0.071

 S        WITH
    I                 -0.262      0.283     -0.926      0.354

 Means
    I                  0.036      0.104      0.347      0.729
    S                 -0.246      0.209     -1.173      0.241

 Thresholds
    SCGHQA_5$1        -1.978      0.089    -22.183      0.000
    SCGHQA_5$2         0.894      0.055     16.153      0.000
    SCGHQA_5$3         2.020      0.089     22.607      0.000
    SCGHQA_6$1        -1.996      0.080    -24.917      0.000
    SCGHQA_6$2         0.903      0.055     16.298      0.000
    SCGHQA_6$3         2.040      0.084     24.318      0.000
    SCGHQA_7$1        -2.000      0.078    -25.635      0.000
    SCGHQA_7$2         0.904      0.058     15.693      0.000
    SCGHQA_7$3         2.044      0.087     23.553      0.000
    SCGHQA_8$1        -1.989      0.074    -26.871      0.000
    SCGHQA_8$2         0.899      0.059     15.210      0.000
    SCGHQA_8$3         2.032      0.089     22.924      0.000
    SCGHQA_1$1        -1.924      0.077    -24.968      0.000
    SCGHQA_1$2         0.870      0.063     13.724      0.000
    SCGHQA_1$3         1.966      0.101     19.401      0.000

 Variances
    I                  1.000      0.000    999.000    999.000
    S                  1.000      0.000    999.000    999.000

Latent Class 2 (2)

 I        |
    SCGHQA_5           0.579      0.055     10.611      0.000
    SCGHQA_6           0.584      0.064      9.142      0.000
    SCGHQA_7           0.585      0.070      8.384      0.000
    SCGHQA_8           0.582      0.072      8.120      0.000
    SCGHQA_10          0.563      0.066      8.512      0.000

 S        |
    SCGHQA_5           0.000      0.000    999.000    999.000
    SCGHQA_6           0.088      0.050      1.741      0.082
    SCGHQA_7           0.176      0.102      1.719      0.086
    SCGHQA_8           0.262      0.152      1.723      0.085
    SCGHQA_10          0.422      0.234      1.806      0.071

 S        WITH
    I                 -0.262      0.283     -0.926      0.354

 Means
    I                  0.000      0.000    999.000    999.000
    S                 -0.246      0.209     -1.173      0.241

 Thresholds
    SCGHQA_5$1        -1.978      0.089    -22.183      0.000
    SCGHQA_5$2         0.894      0.055     16.153      0.000
    SCGHQA_5$3         2.020      0.089     22.607      0.000
    SCGHQA_6$1        -1.996      0.080    -24.917      0.000
    SCGHQA_6$2         0.903      0.055     16.298      0.000
    SCGHQA_6$3         2.040      0.084     24.318      0.000
    SCGHQA_7$1        -2.000      0.078    -25.635      0.000
    SCGHQA_7$2         0.904      0.058     15.693      0.000
    SCGHQA_7$3         2.044      0.087     23.553      0.000
    SCGHQA_8$1        -1.989      0.074    -26.871      0.000
    SCGHQA_8$2         0.899      0.059     15.210      0.000
    SCGHQA_8$3         2.032      0.089     22.924      0.000
    SCGHQA_1$1        -1.924      0.077    -24.968      0.000
    SCGHQA_1$2         0.870      0.063     13.724      0.000
    SCGHQA_1$3         1.966      0.101     19.401      0.000

 Variances
    I                  1.000      0.000    999.000    999.000
    S                  1.000      0.000    999.000    999.000


R-SQUARE

Class 1

    Observed                                        Two-Tailed
    Variable        Estimate       S.E.  Est./S.E.    P-Value

    SCGHQA_5           0.335      0.063      5.306      0.000
    SCGHQA_6           0.322      0.047      6.864      0.000
    SCGHQA_7           0.320      0.040      8.000      0.000
    SCGHQA_8           0.327      0.040      8.216      0.000
    SCGHQA_1           0.371      0.063      5.898      0.000

Class 2

    Observed                                        Two-Tailed
    Variable        Estimate       S.E.  Est./S.E.    P-Value

    SCGHQA_5           0.335      0.063      5.306      0.000
    SCGHQA_6           0.322      0.047      6.864      0.000
    SCGHQA_7           0.320      0.040      8.000      0.000
    SCGHQA_8           0.327      0.040      8.216      0.000
    SCGHQA_1           0.371      0.063      5.898      0.000


QUALITY OF NUMERICAL RESULTS

     Condition Number for the Information Matrix              0.483E-02
       (ratio of smallest to largest eigenvalue)


     Beginning Time:  13:49:00
        Ending Time:  13:51:15
       Elapsed Time:  00:02:15



MUTHEN & MUTHEN
3463 Stoner Ave.
Los Angeles, CA  90066

Tel: (310) 391-9971
Fax: (310) 391-8971
Web: www.StatModel.com
Support: Support@StatModel.com

Copyright (c) 1998-2019 Muthen & Muthen
