Mplus VERSION 8.3
MUTHEN & MUTHEN
07/31/2020  12:04 PM

INPUT INSTRUCTIONS

  TITLE: Your title goes here

   DATA: FILE = data.dta;

   VARIABLE:

   NAMES = pidp gridmode mm hidp_5 hidp_6 hidp_7 hidp_8 hidp_9 hidp_10 indmode_5
       indmode_6 indmode_7 indmode_8 indmode_9 indmode_10 mode_type_all mode_type_no9
       mode_type_567 mode_type_7 all no9 p567 p7 switch_all switch_no9 switch_567
       switch_7 lkmove_5 xpmove_5 caruse_5 mobuse_5 netpuse_5 aidxhh_5 jbhas_5 j2has_5
       finnow_5 finfut_5 howlng_5 vote1_5 vote6_5 scsf1_5 scsf2a_5 scsf2b_5 scsf3a_5
       scsf3b_5 scsf4a_5 scsf4b_5 scsf5_5 scsf6a_5 scsf6b_5 scsf6c_5 scsf7_5 scghqa_5
       scghqb_5 scghqc_5 scghqd_5 scghqe_5 scghqf_5 scghqg_5 scghqh_5 scghqi_5
       scghqj_5 scghqk_5 scghql_5 lkmove_6 xpmove_6 caruse_6 mobuse_6 netpuse_6
       aidxhh_6 jbhas_6 j2has_6 finnow_6 finfut_6 howlng_6 vote1_6 vote6_6 scsf1_6
       scsf2a_6 scsf2b_6 scsf3a_6 scsf3b_6 scsf4a_6 scsf4b_6 scsf5_6 scsf6a_6 scsf6b_6
       scsf6c_6 scsf7_6 scghqa_6 scghqb_6 scghqc_6 scghqd_6 scghqe_6 scghqf_6 scghqg_6
       scghqh_6 scghqi_6 scghqj_6 scghqk_6 scghql_6 lkmove_7 xpmove_7 caruse_7
       mobuse_7 netpuse_7 smoker_7 aidxhh_7 jbhas_7 jbterm1_7 jbsemp_7 j2has_7
       fiyrdia_7 finnow_7 finfut_7 howlng_7 vote1_7 vote6_7 scsf2a_7 scsf2b_7 scsf3a_7
       scsf3b_7 scsf4a_7 scsf4b_7 scsf5_7 scsf6a_7 scsf6b_7 scsf6c_7 scsf7_7 scghqa_7
       scghqb_7 scghqc_7 scghqd_7 scghqe_7 scghqf_7 scghqg_7 scghqh_7 scghqi_7
       scghqj_7 scghqk_7 scghql_7 scsf1_7 lkmove_8 xpmove_8 caruse_8 mobuse_8
       netpuse_8 smoker_8 aidxhh_8 jbhas_8 jbterm1_8 jbsemp_8 j2has_8 fiyrdia_8
       finnow_8 finfut_8 scsf2a_8 scsf2b_8 scsf3a_8 scsf3b_8 scsf4a_8 scsf4b_8 scsf5_8
       scsf6a_8 scsf6b_8 scsf6c_8 scsf7_8 scghqa_8 scghqb_8 scghqc_8 scghqd_8 scghqe_8
       scghqf_8 scghqg_8 scghqh_8 scghqi_8 scghqj_8 scghqk_8 scghql_8 scsf1_8 mobuse_9
       netpuse_9 smoker_9 jbhas_9 jbterm1_9 jbsemp_9 j2has_9 fiyrdia_9 finnow_9
       finfut_9 lkmove_10 xpmove_10 mobuse_10 netpuse_10 smoker_10 aidxhh_10 jbhas_10
       jbterm1_10 jbsemp_10 j2has_10 fiyrdia_10 finnow_10 finfut_10 scsf1_10 scsf2a_10
       scsf2b_10 scsf3a_10 scsf3b_10 scsf4a_10 scsf4b_10 scsf5_10 scsf6a_10 scsf6b_10
       scsf6c_10 scsf7_10 scghqa_10 scghqb_10 scghqc_10 scghqd_10 scghqe_10 scghqf_10
       scghqg_10 scghqh_10 scghqi_10 scghqj_10 scghqk_10 scghql_10 edu agecat female
       partner sf1 longill london north urban refresh Higher A level GCSE Other age_35
       age_55 age_75 age_102 pred_all pred_no9 pred_p567 pred_p7 pred_all_w pred_no9_w
       pred_p567_w pred_p7_w;

   MISSING=.;

   USEVARIABLES ARE
   scsf6a_5
   scsf6a_6
   scsf6a_7
   scsf6a_8
   scsf6a_10;
   CLASSES = c(2);

    KNOWNCLASS = c(mm= 1 2);

   ANALYSIS:


      TYPE = MIXTURE;

      ESTIMATOR = MLR;

      ALGORITHM = INTEGRATION;

      Processors = 8(starts);

      STARTS = 400 100;

   Model:


      %OVERALL%

  i s | scsf6a_5@0 scsf6a_6@1 scsf6a_7@2 scsf6a_8@3 scsf6a_10@5;

   %c#1%
  [s] (a); s ;
   s WITH i ;
   i ;


   %c#2%
  [s] (a); s ;
   s WITH i ;
   i ;


   OUTPUT: SAMPSTAT;

                                  STDYX;




*** WARNING in VARIABLE command
  Note that only the first 8 characters of variable names are used in the output.
  Shorten variable names to avoid any confusion.
*** WARNING
  Data set contains unknown or missing values for variable MM.
  This variable is used to determine the KNOWNCLASS specification.
  Number of such cases:  458
*** WARNING
  Data set contains cases with missing on all variables.
  These cases were not included in the analysis.
  Number of cases with missing on all variables:  171
   3 WARNING(S) FOUND IN THE INPUT INSTRUCTIONS



Your title goes here

SUMMARY OF ANALYSIS

Number of groups                                                 1
Number of observations                                        1428

Number of dependent variables                                    5
Number of independent variables                                  0
Number of continuous latent variables                            2
Number of categorical latent variables                           1

Observed dependent variables

  Continuous
   SCSF6A_5    SCSF6A_6    SCSF6A_7    SCSF6A_8    SCSF6A_10

Continuous latent variables
   I           S

Categorical latent variables
   C

  Knownclass            C


Estimator                                                      MLR
Information matrix                                        OBSERVED
Optimization Specifications for the Quasi-Newton Algorithm for
Continuous Outcomes
  Maximum number of iterations                                 100
  Convergence criterion                                  0.100D-05
Optimization Specifications for the EM Algorithm
  Maximum number of iterations                                 500
  Convergence criteria
    Loglikelihood change                                 0.100D-02
    Relative loglikelihood change                        0.100D-05
    Derivative                                           0.100D-02
Optimization Specifications for the M step of the EM Algorithm for
Categorical Latent variables
  Number of M step iterations                                    1
  M step convergence criterion                           0.100D-02
  Basis for M step termination                           ITERATION
Optimization Specifications for the M step of the EM Algorithm for
Censored, Binary or Ordered Categorical (Ordinal), Unordered
Categorical (Nominal) and Count Outcomes
  Number of M step iterations                                    1
  M step convergence criterion                           0.100D-02
  Basis for M step termination                           ITERATION
  Maximum value for logit thresholds                            15
  Minimum value for logit thresholds                           -15
  Minimum expected cell size for chi-square              0.100D-01
Maximum number of iterations for H1                           2000
Convergence criterion for H1                             0.100D-03
Optimization algorithm                                         EMA
Integration Specifications
  Type                                                    STANDARD
  Number of integration points                                  15
  Dimensions of numerical integration                            0
  Adaptive quadrature                                           ON
Random Starts Specifications
  Number of initial stage random starts                        400
  Number of final stage optimizations                          100
  Number of initial stage iterations                            10
  Initial stage convergence criterion                    0.100D+01
  Random starts scale                                    0.500D+01
  Random seed for generating random starts                       0
Cholesky                                                       OFF

Input data file(s)
  data.dta
Input data format  FREE


SUMMARY OF DATA

     Number of missing data patterns            31
     Number of y missing data patterns          31
     Number of u missing data patterns           0


COVARIANCE COVERAGE OF DATA

Minimum covariance coverage value   0.100


     PROPORTION OF DATA PRESENT FOR Y


           Covariance Coverage
              SCSF6A_5      SCSF6A_6      SCSF6A_7      SCSF6A_8      SCSF6A_1
              ________      ________      ________      ________      ________
 SCSF6A_5       0.496
 SCSF6A_6       0.375         0.590
 SCSF6A_7       0.342         0.438         0.651
 SCSF6A_8       0.328         0.423         0.509         0.641
 SCSF6A_1       0.285         0.368         0.430         0.475         0.576


SAMPLE STATISTICS


     ESTIMATED SAMPLE STATISTICS FOR CLASS 1


           Means
              SCSF6A_5      SCSF6A_6      SCSF6A_7      SCSF6A_8      SCSF6A_1
              ________      ________      ________      ________      ________
                2.533         2.580         2.530         2.553         2.601


           Covariances
              SCSF6A_5      SCSF6A_6      SCSF6A_7      SCSF6A_8      SCSF6A_1
              ________      ________      ________      ________      ________
 SCSF6A_5       0.745
 SCSF6A_6       0.327         0.809
 SCSF6A_7       0.362         0.328         0.800
 SCSF6A_8       0.349         0.348         0.476         0.846
 SCSF6A_1       0.349         0.382         0.413         0.429         0.933


           Correlations
              SCSF6A_5      SCSF6A_6      SCSF6A_7      SCSF6A_8      SCSF6A_1
              ________      ________      ________      ________      ________
 SCSF6A_5       1.000
 SCSF6A_6       0.421         1.000
 SCSF6A_7       0.468         0.408         1.000
 SCSF6A_8       0.440         0.421         0.578         1.000
 SCSF6A_1       0.418         0.440         0.478         0.483         1.000


     ESTIMATED SAMPLE STATISTICS FOR CLASS 2


           Means
              SCSF6A_5      SCSF6A_6      SCSF6A_7      SCSF6A_8      SCSF6A_1
              ________      ________      ________      ________      ________
                2.518         2.457         2.446         2.574         2.573


           Covariances
              SCSF6A_5      SCSF6A_6      SCSF6A_7      SCSF6A_8      SCSF6A_1
              ________      ________      ________      ________      ________
 SCSF6A_5       0.773
 SCSF6A_6       0.356         0.770
 SCSF6A_7       0.417         0.274         0.791
 SCSF6A_8       0.393         0.285         0.405         0.968
 SCSF6A_1       0.339         0.287         0.329         0.435         1.026


           Correlations
              SCSF6A_5      SCSF6A_6      SCSF6A_7      SCSF6A_8      SCSF6A_1
              ________      ________      ________      ________      ________
 SCSF6A_5       1.000
 SCSF6A_6       0.462         1.000
 SCSF6A_7       0.534         0.351         1.000
 SCSF6A_8       0.454         0.330         0.462         1.000
 SCSF6A_1       0.381         0.323         0.365         0.437         1.000


UNIVARIATE SAMPLE STATISTICS


     UNIVARIATE HIGHER-ORDER MOMENT DESCRIPTIVE STATISTICS

         Variable/         Mean/     Skewness/   Minimum/ % with                Percentiles
        Sample Size      Variance    Kurtosis    Maximum  Min/Max      20%/60%    40%/80%    Median

     SCSF6A_5              2.495       0.700       1.000    7.05%       2.000      2.000      2.000
             709.000       0.735       0.315       5.000    2.12%       3.000      3.000
     SCSF6A_6              2.523       0.671       1.000    7.59%       2.000      2.000      2.000
             843.000       0.793       0.229       5.000    2.73%       3.000      3.000
     SCSF6A_7              2.488       0.762       1.000    8.28%       2.000      2.000      2.000
             930.000       0.783       0.619       5.000    3.33%       3.000      3.000
     SCSF6A_8              2.555       0.873       1.000    6.33%       2.000      2.000      2.000
             916.000       0.878       0.365       5.000    4.69%       3.000      3.000
     SCSF6A_10             2.585       0.621       1.000    9.25%       2.000      2.000      2.000
             822.000       0.968      -0.042       5.000    4.74%       3.000      3.000

RANDOM STARTS RESULTS RANKED FROM THE BEST TO THE WORST LOGLIKELIHOOD VALUES

Final stage loglikelihood values at local maxima, seeds, and initial stage start numbers:

           -6171.345  509733           130
           -6171.345  621542           375
           -6171.345  232226           235
           -6171.345  377504           294
           -6171.345  475420           71
           -6171.345  857799           315
           -6171.345  264081           186
           -6171.345  836066           372
           -6171.345  85114            385
           -6171.345  814975           129
           -6171.345  232559           136
           -6171.345  146900           391
           -6171.345  973369           202
           -6171.345  455617           242
           -6171.345  123985           248
           -6171.345  70118            104
           -6171.345  688839           273
           -6171.345  21132            351
           -6171.345  358488           264
           -6171.345  928287           197
           -6171.345  551639           55
           -6171.345  790452           303
           -6171.345  567165           319
           -6171.345  65651            214
           -6171.345  860772           174
           -6171.345  468036           131
           -6171.345  850545           357
           -6171.345  170118           238
           -6171.345  59674            240
           -6171.345  616917           261
           -6171.345  997222           229
           -6171.345  370466           41
           -6171.345  278692           342
           -6171.345  561664           392
           -6171.345  61587            400
           -6171.345  443442           380
           -6171.345  349263           263
           -6171.345  418686           338
           -6171.345  529496           343
           -6171.345  360419           356
           -6171.345  608849           224
           -6171.345  568405           233
           -6171.345  281462           285
           -6171.345  534483           290
           -6171.345  608460           244
           -6171.345  340112           126
           -6171.345  789985           67
           -6171.345  512836           289
           -6171.345  609185           181
           -6171.345  40340            188
           -6171.345  622860           259
           -6171.345  966014           37
           -6171.345  669634           335
           -6171.345  246575           291
           -6171.345  92689            304
           -6171.345  393232           152
           -6171.345  268217           83
           -6171.345  286735           175
           -6171.345  717754           180
           -6171.345  752769           253
           -6171.345  603842           61
           -6171.345  164305           128
           -6171.345  963053           43
           -6171.345  185071           370
           -6171.345  137377           397
           -6171.345  107446           12
           -6171.345  68985            17
           -6171.345  637345           19
           -6171.345  36714            201
           -6171.345  303634           169
           -6171.345  281558           184
           -6171.345  372176           23
           -6171.345  674171           195
           -6171.345  568859           49
           -6171.345  399671           13
           -6171.345  227563           63
           -6171.345  645664           39
           -6171.345  34346            330
           -6171.345  347515           24
           -6171.345  521575           313
           -6171.345  722748           346
           -6171.345  784664           75
           -6171.345  636396           168
           -6171.345  902278           21
           -6171.345  481835           57
           -6171.345  648555           113
           -6171.345  957392           79
           -6171.345  321390           133
           -6171.345  284109           82
           -6171.345  136842           58
           -6171.345  783110           72
           -6171.345  85462            51
           -6171.345  794236           127
           -6171.345  51375            148
           -6171.345  715561           125
           -6171.345  371246           101
           -6171.345  unperturbed      0
           -6171.345  342019           301
           -6171.345  642909           251
           -6171.345  606576           151



THE BEST LOGLIKELIHOOD VALUE HAS BEEN REPLICATED.  RERUN WITH AT LEAST TWICE THE
RANDOM STARTS TO CHECK THAT THE BEST LOGLIKELIHOOD IS STILL OBTAINED AND REPLICATED.


THE MODEL ESTIMATION TERMINATED NORMALLY



MODEL FIT INFORMATION

Number of Free Parameters                       15

Loglikelihood

          H0 Value                       -6171.345
          H0 Scaling Correction Factor      1.3293
            for MLR

Information Criteria

          Akaike (AIC)                   12372.691
          Bayesian (BIC)                 12451.651
          Sample-Size Adjusted BIC       12404.002
            (n* = (n + 2) / 24)



FINAL CLASS COUNTS AND PROPORTIONS FOR THE LATENT CLASSES
BASED ON THE ESTIMATED MODEL

    Latent
   Classes

       1        841.00000          0.58894
       2        587.00000          0.41106


MODEL RESULTS

                                                    Two-Tailed
                    Estimate       S.E.  Est./S.E.    P-Value

Latent Class 1 (1)

 I        |
    SCSF6A_5           1.000      0.000    999.000    999.000
    SCSF6A_6           1.000      0.000    999.000    999.000
    SCSF6A_7           1.000      0.000    999.000    999.000
    SCSF6A_8           1.000      0.000    999.000    999.000
    SCSF6A_10          1.000      0.000    999.000    999.000

 S        |
    SCSF6A_5           0.000      0.000    999.000    999.000
    SCSF6A_6           1.000      0.000    999.000    999.000
    SCSF6A_7           2.000      0.000    999.000    999.000
    SCSF6A_8           3.000      0.000    999.000    999.000
    SCSF6A_10          5.000      0.000    999.000    999.000

 S        WITH
    I                  0.007      0.011      0.649      0.516

 Means
    I                  2.529      0.029     87.634      0.000
    S                  0.014      0.007      1.904      0.057

 Intercepts
    SCSF6A_5           0.000      0.000    999.000    999.000
    SCSF6A_6           0.000      0.000    999.000    999.000
    SCSF6A_7           0.000      0.000    999.000    999.000
    SCSF6A_8           0.000      0.000    999.000    999.000
    SCSF6A_10          0.000      0.000    999.000    999.000

 Variances
    I                  0.330      0.044      7.516      0.000
    S                  0.002      0.005      0.524      0.600

 Residual Variances
    SCSF6A_5           0.401      0.040     10.007      0.000
    SCSF6A_6           0.491      0.042     11.638      0.000
    SCSF6A_7           0.416      0.034     12.366      0.000
    SCSF6A_8           0.468      0.038     12.353      0.000
    SCSF6A_10          0.497      0.064      7.757      0.000

Latent Class 2 (2)

 I        |
    SCSF6A_5           1.000      0.000    999.000    999.000
    SCSF6A_6           1.000      0.000    999.000    999.000
    SCSF6A_7           1.000      0.000    999.000    999.000
    SCSF6A_8           1.000      0.000    999.000    999.000
    SCSF6A_10          1.000      0.000    999.000    999.000

 S        |
    SCSF6A_5           0.000      0.000    999.000    999.000
    SCSF6A_6           1.000      0.000    999.000    999.000
    SCSF6A_7           2.000      0.000    999.000    999.000
    SCSF6A_8           3.000      0.000    999.000    999.000
    SCSF6A_10          5.000      0.000    999.000    999.000

 S        WITH
    I                 -0.015      0.020     -0.744      0.457

 Means
    I                  2.476      0.036     68.702      0.000
    S                  0.014      0.007      1.904      0.057

 Intercepts
    SCSF6A_5           0.000      0.000    999.000    999.000
    SCSF6A_6           0.000      0.000    999.000    999.000
    SCSF6A_7           0.000      0.000    999.000    999.000
    SCSF6A_8           0.000      0.000    999.000    999.000
    SCSF6A_10          0.000      0.000    999.000    999.000

 Variances
    I                  0.364      0.069      5.283      0.000
    S                  0.013      0.007      1.753      0.080

 Residual Variances
    SCSF6A_5           0.401      0.040     10.007      0.000
    SCSF6A_6           0.491      0.042     11.638      0.000
    SCSF6A_7           0.416      0.034     12.366      0.000
    SCSF6A_8           0.468      0.038     12.353      0.000
    SCSF6A_10          0.497      0.064      7.757      0.000

Categorical Latent Variables

 Means
    C#1                0.360      0.054      6.685      0.000


STANDARDIZED MODEL RESULTS


STDYX Standardization

                                                    Two-Tailed
                    Estimate       S.E.  Est./S.E.    P-Value

Latent Class 1 (1)

 I        |
    SCSF6A_5           0.672      0.037     18.171      0.000
    SCSF6A_6           0.628      0.038     16.717      0.000
    SCSF6A_7           0.648      0.039     16.681      0.000
    SCSF6A_8           0.618      0.040     15.471      0.000
    SCSF6A_10          0.586      0.043     13.748      0.000

 S        |
    SCSF6A_5           0.000      0.000    999.000    999.000
    SCSF6A_6           0.055      0.052      1.048      0.294
    SCSF6A_7           0.113      0.107      1.050      0.294
    SCSF6A_8           0.161      0.153      1.052      0.293
    SCSF6A_10          0.255      0.242      1.052      0.293

 S        WITH
    I                  0.250      0.600      0.417      0.677

 Means
    I                  4.402      0.284     15.475      0.000
    S                  0.283      0.276      1.025      0.305

 Intercepts
    SCSF6A_5           0.000      0.000    999.000    999.000
    SCSF6A_6           0.000      0.000    999.000    999.000
    SCSF6A_7           0.000      0.000    999.000    999.000
    SCSF6A_8           0.000      0.000    999.000    999.000
    SCSF6A_10          0.000      0.000    999.000    999.000

 Variances
    I                  1.000      0.000    999.000    999.000
    S                  1.000      0.000    999.000    999.000

 Residual Variances
    SCSF6A_5           0.549      0.050     11.047      0.000
    SCSF6A_6           0.586      0.034     17.155      0.000
    SCSF6A_7           0.530      0.030     17.857      0.000
    SCSF6A_8           0.542      0.030     18.005      0.000
    SCSF6A_10          0.517      0.062      8.345      0.000

Latent Class 2 (2)

 I        |
    SCSF6A_5           0.690      0.042     16.400      0.000
    SCSF6A_6           0.659      0.052     12.607      0.000
    SCSF6A_7           0.686      0.059     11.563      0.000
    SCSF6A_8           0.650      0.061     10.701      0.000
    SCSF6A_10          0.591      0.059      9.993      0.000

 S        |
    SCSF6A_5           0.000      0.000    999.000    999.000
    SCSF6A_6           0.125      0.035      3.524      0.000
    SCSF6A_7           0.261      0.074      3.497      0.000
    SCSF6A_8           0.370      0.106      3.489      0.000
    SCSF6A_10          0.561      0.156      3.601      0.000

 S        WITH
    I                 -0.215      0.223     -0.964      0.335

 Means
    I                  4.103      0.377     10.888      0.000
    S                  0.123      0.074      1.673      0.094

 Intercepts
    SCSF6A_5           0.000      0.000    999.000    999.000
    SCSF6A_6           0.000      0.000    999.000    999.000
    SCSF6A_7           0.000      0.000    999.000    999.000
    SCSF6A_8           0.000      0.000    999.000    999.000
    SCSF6A_10          0.000      0.000    999.000    999.000

 Variances
    I                  1.000      0.000    999.000    999.000
    S                  1.000      0.000    999.000    999.000

 Residual Variances
    SCSF6A_5           0.524      0.058      9.035      0.000
    SCSF6A_6           0.585      0.041     14.168      0.000
    SCSF6A_7           0.538      0.036     14.830      0.000
    SCSF6A_8           0.543      0.037     14.745      0.000
    SCSF6A_10          0.478      0.063      7.544      0.000


R-SQUARE

Class 1

    Observed                                        Two-Tailed
    Variable        Estimate       S.E.  Est./S.E.    P-Value

    SCSF6A_5           0.451      0.050      9.085      0.000
    SCSF6A_6           0.414      0.034     12.121      0.000
    SCSF6A_7           0.470      0.030     15.818      0.000
    SCSF6A_8           0.458      0.030     15.220      0.000
    SCSF6A_1           0.483      0.062      7.788      0.000

Class 2

    Observed                                        Two-Tailed
    Variable        Estimate       S.E.  Est./S.E.    P-Value

    SCSF6A_5           0.476      0.058      8.200      0.000
    SCSF6A_6           0.415      0.041     10.033      0.000
    SCSF6A_7           0.462      0.036     12.731      0.000
    SCSF6A_8           0.457      0.037     12.394      0.000
    SCSF6A_1           0.522      0.063      8.250      0.000


QUALITY OF NUMERICAL RESULTS

     Condition Number for the Information Matrix              0.158E-03
       (ratio of smallest to largest eigenvalue)


     Beginning Time:  12:04:11
        Ending Time:  12:04:23
       Elapsed Time:  00:00:12



MUTHEN & MUTHEN
3463 Stoner Ave.
Los Angeles, CA  90066

Tel: (310) 391-9971
Fax: (310) 391-8971
Web: www.StatModel.com
Support: Support@StatModel.com

Copyright (c) 1998-2019 Muthen & Muthen
