Mplus VERSION 8.3
MUTHEN & MUTHEN
07/31/2020   8:44 AM

INPUT INSTRUCTIONS

  TITLE: Your title goes here

   DATA: FILE = data.dta;

   VARIABLE:

   NAMES = pidp gridmode mm hidp_5 hidp_6 hidp_7 hidp_8 hidp_9 hidp_10 indmode_5
       indmode_6 indmode_7 indmode_8 indmode_9 indmode_10 mode_type_all mode_type_no9
       mode_type_567 mode_type_7 all no9 p567 p7 switch_all switch_no9 switch_567
       switch_7 lkmove_5 xpmove_5 caruse_5 mobuse_5 netpuse_5 aidxhh_5 jbhas_5 j2has_5
       finnow_5 finfut_5 howlng_5 vote1_5 vote6_5 scsf1_5 scsf2a_5 scsf2b_5 scsf3a_5
       scsf3b_5 scsf4a_5 scsf4b_5 scsf5_5 scsf6a_5 scsf6b_5 scsf6c_5 scsf7_5 scghqa_5
       scghqb_5 scghqc_5 scghqd_5 scghqe_5 scghqf_5 scghqg_5 scghqh_5 scghqi_5
       scghqj_5 scghqk_5 scghql_5 lkmove_6 xpmove_6 caruse_6 mobuse_6 netpuse_6
       aidxhh_6 jbhas_6 j2has_6 finnow_6 finfut_6 howlng_6 vote1_6 vote6_6 scsf1_6
       scsf2a_6 scsf2b_6 scsf3a_6 scsf3b_6 scsf4a_6 scsf4b_6 scsf5_6 scsf6a_6 scsf6b_6
       scsf6c_6 scsf7_6 scghqa_6 scghqb_6 scghqc_6 scghqd_6 scghqe_6 scghqf_6 scghqg_6
       scghqh_6 scghqi_6 scghqj_6 scghqk_6 scghql_6 lkmove_7 xpmove_7 caruse_7
       mobuse_7 netpuse_7 smoker_7 aidxhh_7 jbhas_7 jbterm1_7 jbsemp_7 j2has_7
       fiyrdia_7 finnow_7 finfut_7 howlng_7 vote1_7 vote6_7 scsf2a_7 scsf2b_7 scsf3a_7
       scsf3b_7 scsf4a_7 scsf4b_7 scsf5_7 scsf6a_7 scsf6b_7 scsf6c_7 scsf7_7 scghqa_7
       scghqb_7 scghqc_7 scghqd_7 scghqe_7 scghqf_7 scghqg_7 scghqh_7 scghqi_7
       scghqj_7 scghqk_7 scghql_7 scsf1_7 lkmove_8 xpmove_8 caruse_8 mobuse_8
       netpuse_8 smoker_8 aidxhh_8 jbhas_8 jbterm1_8 jbsemp_8 j2has_8 fiyrdia_8
       finnow_8 finfut_8 scsf2a_8 scsf2b_8 scsf3a_8 scsf3b_8 scsf4a_8 scsf4b_8 scsf5_8
       scsf6a_8 scsf6b_8 scsf6c_8 scsf7_8 scghqa_8 scghqb_8 scghqc_8 scghqd_8 scghqe_8
       scghqf_8 scghqg_8 scghqh_8 scghqi_8 scghqj_8 scghqk_8 scghql_8 scsf1_8 mobuse_9
       netpuse_9 smoker_9 jbhas_9 jbterm1_9 jbsemp_9 j2has_9 fiyrdia_9 finnow_9
       finfut_9 lkmove_10 xpmove_10 mobuse_10 netpuse_10 smoker_10 aidxhh_10 jbhas_10
       jbterm1_10 jbsemp_10 j2has_10 fiyrdia_10 finnow_10 finfut_10 scsf1_10 scsf2a_10
       scsf2b_10 scsf3a_10 scsf3b_10 scsf4a_10 scsf4b_10 scsf5_10 scsf6a_10 scsf6b_10
       scsf6c_10 scsf7_10 scghqa_10 scghqb_10 scghqc_10 scghqd_10 scghqe_10 scghqf_10
       scghqg_10 scghqh_10 scghqi_10 scghqj_10 scghqk_10 scghql_10 edu agecat female
       partner sf1 longill london north urban refresh Higher A level GCSE Other age_35
       age_55 age_75 age_102 pred_all pred_no9 pred_p567 pred_p7 pred_all_w pred_no9_w
       pred_p567_w pred_p7_w;

   MISSING=.;

   USEVARIABLES ARE
   scghqi_5
   scghqi_6
   scghqi_7
   scghqi_8
   scghqi_10;

   CATEGORICAL ARE
   scghqi_5
   scghqi_6
   scghqi_7
   scghqi_8
   scghqi_10;
   CLASSES = c(2);

    KNOWNCLASS = c(no9= 1 2);
  WEIGHT IS pred_no9_w;

   ANALYSIS:


      TYPE = MIXTURE;

      ESTIMATOR = MLR;

      ALGORITHM = INTEGRATION;

      Processors = 8(starts);

      STARTS = 400 100;

   Model:


      %OVERALL%

  i s | scghqi_5@0 scghqi_6@1 scghqi_7@2 scghqi_8@3 scghqi_10@5;

   %c#1%
  [s] (a);
   s (b);
   s WITH i (c);
   i (d);

   %c#2%
  [s] (a);
   s (b);
   s WITH i (c);
   i (d);

   OUTPUT: SAMPSTAT;

                                  STDYX;




*** WARNING in VARIABLE command
  Note that only the first 8 characters of variable names are used in the output.
  Shorten variable names to avoid any confusion.
*** WARNING
  Data set contains unknown or missing values for variable NO9.
  This variable is used to determine the KNOWNCLASS specification.
  Number of such cases:  111
*** WARNING
  Data set contains cases with missing on all variables.
  These cases were not included in the analysis.
  Number of cases with missing on all variables:  101
   3 WARNING(S) FOUND IN THE INPUT INSTRUCTIONS



Your title goes here

SUMMARY OF ANALYSIS

Number of groups                                                 1
Number of observations                                        1845

Number of dependent variables                                    5
Number of independent variables                                  0
Number of continuous latent variables                            2
Number of categorical latent variables                           1

Observed dependent variables

  Binary and ordered categorical (ordinal)
   SCGHQI_5    SCGHQI_6    SCGHQI_7    SCGHQI_8    SCGHQI_1

Continuous latent variables
   I           S

Categorical latent variables
   C

  Knownclass            C

Variables with special functions

  Weight variable       PRED_NO9

Estimator                                                      MLR
Information matrix                                        OBSERVED
Optimization Specifications for the Quasi-Newton Algorithm for
Continuous Outcomes
  Maximum number of iterations                                 100
  Convergence criterion                                  0.100D-05
Optimization Specifications for the EM Algorithm
  Maximum number of iterations                                 500
  Convergence criteria
    Loglikelihood change                                 0.100D-02
    Relative loglikelihood change                        0.100D-05
    Derivative                                           0.100D-02
Optimization Specifications for the M step of the EM Algorithm for
Categorical Latent variables
  Number of M step iterations                                    1
  M step convergence criterion                           0.100D-02
  Basis for M step termination                           ITERATION
Optimization Specifications for the M step of the EM Algorithm for
Censored, Binary or Ordered Categorical (Ordinal), Unordered
Categorical (Nominal) and Count Outcomes
  Number of M step iterations                                    1
  M step convergence criterion                           0.100D-02
  Basis for M step termination                           ITERATION
  Maximum value for logit thresholds                            15
  Minimum value for logit thresholds                           -15
  Minimum expected cell size for chi-square              0.100D-01
Maximum number of iterations for H1                           2000
Convergence criterion for H1                             0.100D-03
Optimization algorithm                                         EMA
Integration Specifications
  Type                                                    STANDARD
  Number of integration points                                  15
  Dimensions of numerical integration                            2
  Adaptive quadrature                                           ON
Random Starts Specifications
  Number of initial stage random starts                        400
  Number of final stage optimizations                          100
  Number of initial stage iterations                            10
  Initial stage convergence criterion                    0.100D+01
  Random starts scale                                    0.500D+01
  Random seed for generating random starts                       0
Link                                                         LOGIT
Cholesky                                                        ON

Input data file(s)
  data.dta
Input data format  FREE


SUMMARY OF DATA

     Number of missing data patterns            31
     Number of y missing data patterns           0
     Number of u missing data patterns          31


COVARIANCE COVERAGE OF DATA

Minimum covariance coverage value   0.100


     PROPORTION OF DATA PRESENT FOR U


           Covariance Coverage
              SCGHQI_5      SCGHQI_6      SCGHQI_7      SCGHQI_8      SCGHQI_1
              ________      ________      ________      ________      ________
 SCGHQI_5       0.386
 SCGHQI_6       0.293         0.457
 SCGHQI_7       0.265         0.339         0.595
 SCGHQI_8       0.251         0.326         0.472         0.580
 SCGHQI_1       0.224         0.288         0.401         0.435         0.648


UNIVARIATE PROPORTIONS AND COUNTS FOR CATEGORICAL VARIABLES

    SCGHQI_5
      Category 1    0.361          409.214
      Category 2    0.432          489.314
      Category 3    0.155          175.546
      Category 4    0.052           58.616
    SCGHQI_6
      Category 1    0.339          469.091
      Category 2    0.444          614.661
      Category 3    0.189          261.410
      Category 4    0.028           38.307
    SCGHQI_7
      Category 1    0.420          504.428
      Category 2    0.429          515.919
      Category 3    0.117          140.871
      Category 4    0.034           40.627
    SCGHQI_8
      Category 1    0.405          459.166
      Category 2    0.436          494.493
      Category 3    0.128          145.519
      Category 4    0.031           34.921
    SCGHQI_1
      Category 1    0.370          369.569
      Category 2    0.438          436.528
      Category 3    0.149          149.108
      Category 4    0.043           42.501


SAMPLE STATISTICS

RANDOM STARTS RESULTS RANKED FROM THE BEST TO THE WORST LOGLIKELIHOOD VALUES

Final stage loglikelihood values at local maxima, seeds, and initial stage start numbers:

           -7237.484  939021           8
           -7237.484  441191           361
           -7237.484  195763           358
           -7237.484  227563           63
           -7237.484  319144           176
           -7237.484  688839           273
           -7237.484  132336           362
           -7237.484  592219           119
           -7237.484  391179           78
           -7237.484  534483           290
           -7237.484  76337            76
           -7237.484  576596           99
           -7237.484  311214           64
           -7237.484  804660           260
           -7237.484  797594           234
           -7237.484  268896           124
           -7237.484  264081           186
           -7237.484  616917           261
           -7237.484  751054           117
           -7237.484  373505           88
           -7237.484  25127            107
           -7237.484  253358           2
           -7237.484  30098            209
           -7237.484  488125           368
           -7237.484  292884           103
           -7237.484  783165           170
           -7237.484  507154           387
           -7237.484  871722           355
           -7237.484  967237           48
           -7237.484  696773           80
           -7237.484  992389           77
           -7237.484  848331           137
           -7237.484  788796           145
           -7237.484  316165           299
           -7237.484  654136           167
           -7237.484  790452           303
           -7237.484  679832           302
           -7237.484  951709           348
           -7237.484  902278           21
           -7237.484  232226           235
           -7237.484  467339           66
           -7237.484  383986           159
           -7237.484  68985            17
           -7237.484  563002           360
           -7237.484  576726           280
           -7237.484  374219           353
           -7237.484  215353           164
           -7237.484  939709           112
           -7237.484  728038           177
           -7237.484  836515           341
           -7237.484  165853           105
           -7237.484  965994           396
           -7237.484  479273           156
           -7237.484  829540           324
           -7237.484  717754           180
           -7237.484  509733           130
           -7237.484  220454           288
           -7237.484  765392           382
           -7237.484  848969           173
           -7237.484  246261           38
           -7237.484  354208           196
           -7237.484  392418           28
           -7237.484  945065           255
           -7237.484  436460           89
           -7237.484  40340            188
           -7237.484  97158            205
           -7237.484  399848           220
           -7237.484  65651            214
           -7237.484  195873           6
           -7237.484  464179           106
           -7237.484  404426           344
           -7237.484  752769           253
           -7237.484  692169           308
           -7237.484  930872           277
           -7237.484  268217           83
           -7237.484  471398           74
           -7237.484  529496           343
           -7237.484  137377           397
           -7237.484  399671           13
           -7237.484  644297           340
           -7237.484  unperturbed      0
           -7237.484  780698           337
           -7237.484  347515           24
           -7237.484  840078           203
           -7237.484  850840           232
           -7237.484  371246           101
           -7237.484  595153           230
           -7237.484  642909           251
           -7237.484  650371           14
           -7237.484  544048           87
           -7237.484  748692           204
           -7237.484  856536           144
           -7237.484  732596           320
           -7237.484  123985           248
           -7237.484  246575           291
           -7237.484  415931           10
           -7237.484  950604           172
           -7237.484  360419           356
           -7237.484  76451            211
           -7237.484  278692           342



THE BEST LOGLIKELIHOOD VALUE HAS BEEN REPLICATED.  RERUN WITH AT LEAST TWICE THE
RANDOM STARTS TO CHECK THAT THE BEST LOGLIKELIHOOD IS STILL OBTAINED AND REPLICATED.


THE MODEL ESTIMATION TERMINATED NORMALLY



MODEL FIT INFORMATION

Number of Free Parameters                        9

Loglikelihood

          H0 Value                       -7237.484
          H0 Scaling Correction Factor      1.9837
            for MLR

Information Criteria

          Akaike (AIC)                   14492.969
          Bayesian (BIC)                 14542.651
          Sample-Size Adjusted BIC       14514.058
            (n* = (n + 2) / 24)

Chi-Square Test of Model Fit for the Binary and Ordered Categorical
(Ordinal) Outcomes**

          Pearson Chi-Square

          Value                           2495.895
          Degrees of Freedom                  2034
          P-Value                           0.0000

          Likelihood Ratio Chi-Square

          Value                            866.410
          Degrees of Freedom                  2034
          P-Value                           1.0000

** Of the 3124 cells in the latent class indicator table, 3
   were deleted in the calculation of chi-square due to extreme values.

Chi-Square Test for MCAR under the Unrestricted Latent Class Indicator Model

          Pearson Chi-Square

          Value                           1995.504
          Degrees of Freedom                  4139
          P-Value                           1.0000

          Likelihood Ratio Chi-Square

          Value                           1523.891
          Degrees of Freedom                  4139
          P-Value                           1.0000



FINAL CLASS COUNTS AND PROPORTIONS FOR THE LATENT CLASSES
BASED ON THE ESTIMATED MODEL

    Latent
   Classes

       1       1176.88012          0.63788
       2        668.11988          0.36212


MODEL RESULTS

                                                    Two-Tailed
                    Estimate       S.E.  Est./S.E.    P-Value

Latent Class 1 (1)

 I        |
    SCGHQI_5           1.000      0.000    999.000    999.000
    SCGHQI_6           1.000      0.000    999.000    999.000
    SCGHQI_7           1.000      0.000    999.000    999.000
    SCGHQI_8           1.000      0.000    999.000    999.000
    SCGHQI_10          1.000      0.000    999.000    999.000

 S        |
    SCGHQI_5           0.000      0.000    999.000    999.000
    SCGHQI_6           1.000      0.000    999.000    999.000
    SCGHQI_7           2.000      0.000    999.000    999.000
    SCGHQI_8           3.000      0.000    999.000    999.000
    SCGHQI_10          5.000      0.000    999.000    999.000

 S        WITH
    I                 -0.209      0.105     -1.986      0.047

 Means
    I                  0.042      0.157      0.267      0.790
    S                 -0.036      0.028     -1.292      0.196

 Thresholds
    SCGHQI_5$1        -0.880      0.140     -6.291      0.000
    SCGHQI_5$2         2.259      0.151     14.995      0.000
    SCGHQI_5$3         4.680      0.203     23.014      0.000
    SCGHQI_6$1        -0.880      0.140     -6.291      0.000
    SCGHQI_6$2         2.259      0.151     14.995      0.000
    SCGHQI_6$3         4.680      0.203     23.014      0.000
    SCGHQI_7$1        -0.880      0.140     -6.291      0.000
    SCGHQI_7$2         2.259      0.151     14.995      0.000
    SCGHQI_7$3         4.680      0.203     23.014      0.000
    SCGHQI_8$1        -0.880      0.140     -6.291      0.000
    SCGHQI_8$2         2.259      0.151     14.995      0.000
    SCGHQI_8$3         4.680      0.203     23.014      0.000
    SCGHQI_1$1        -0.880      0.140     -6.291      0.000
    SCGHQI_1$2         2.259      0.151     14.995      0.000
    SCGHQI_1$3         4.680      0.203     23.014      0.000

 Variances
    I                  4.364      0.582      7.494      0.000
    S                  0.064      0.032      1.998      0.046

Latent Class 2 (2)

 I        |
    SCGHQI_5           1.000      0.000    999.000    999.000
    SCGHQI_6           1.000      0.000    999.000    999.000
    SCGHQI_7           1.000      0.000    999.000    999.000
    SCGHQI_8           1.000      0.000    999.000    999.000
    SCGHQI_10          1.000      0.000    999.000    999.000

 S        |
    SCGHQI_5           0.000      0.000    999.000    999.000
    SCGHQI_6           1.000      0.000    999.000    999.000
    SCGHQI_7           2.000      0.000    999.000    999.000
    SCGHQI_8           3.000      0.000    999.000    999.000
    SCGHQI_10          5.000      0.000    999.000    999.000

 S        WITH
    I                 -0.209      0.105     -1.986      0.047

 Means
    I                  0.000      0.000    999.000    999.000
    S                 -0.036      0.028     -1.292      0.196

 Thresholds
    SCGHQI_5$1        -0.880      0.140     -6.291      0.000
    SCGHQI_5$2         2.259      0.151     14.995      0.000
    SCGHQI_5$3         4.680      0.203     23.014      0.000
    SCGHQI_6$1        -0.880      0.140     -6.291      0.000
    SCGHQI_6$2         2.259      0.151     14.995      0.000
    SCGHQI_6$3         4.680      0.203     23.014      0.000
    SCGHQI_7$1        -0.880      0.140     -6.291      0.000
    SCGHQI_7$2         2.259      0.151     14.995      0.000
    SCGHQI_7$3         4.680      0.203     23.014      0.000
    SCGHQI_8$1        -0.880      0.140     -6.291      0.000
    SCGHQI_8$2         2.259      0.151     14.995      0.000
    SCGHQI_8$3         4.680      0.203     23.014      0.000
    SCGHQI_1$1        -0.880      0.140     -6.291      0.000
    SCGHQI_1$2         2.259      0.151     14.995      0.000
    SCGHQI_1$3         4.680      0.203     23.014      0.000

 Variances
    I                  4.364      0.582      7.494      0.000
    S                  0.064      0.032      1.998      0.046

Categorical Latent Variables

 Means
    C#1                0.566      0.067      8.501      0.000


STANDARDIZED MODEL RESULTS


STDYX Standardization

                                                    Two-Tailed
                    Estimate       S.E.  Est./S.E.    P-Value

Latent Class 1 (1)

 I        |
    SCGHQI_5           0.755      0.022     34.869      0.000
    SCGHQI_6           0.773      0.029     26.406      0.000
    SCGHQI_7           0.785      0.037     21.414      0.000
    SCGHQI_8           0.791      0.043     18.352      0.000
    SCGHQI_10          0.780      0.053     14.606      0.000

 S        |
    SCGHQI_5           0.000      0.000    999.000    999.000
    SCGHQI_6           0.094      0.022      4.186      0.000
    SCGHQI_7           0.191      0.046      4.129      0.000
    SCGHQI_8           0.288      0.070      4.139      0.000
    SCGHQI_10          0.474      0.108      4.370      0.000

 S        WITH
    I                 -0.395      0.126     -3.130      0.002

 Means
    I                  0.020      0.075      0.267      0.789
    S                 -0.143      0.115     -1.249      0.212

 Thresholds
    SCGHQI_5$1        -0.318      0.053     -6.042      0.000
    SCGHQI_5$2         0.817      0.050     16.459      0.000
    SCGHQI_5$3         1.692      0.072     23.513      0.000
    SCGHQI_6$1        -0.326      0.053     -6.136      0.000
    SCGHQI_6$2         0.836      0.050     16.678      0.000
    SCGHQI_6$3         1.732      0.069     25.000      0.000
    SCGHQI_7$1        -0.331      0.053     -6.221      0.000
    SCGHQI_7$2         0.849      0.052     16.390      0.000
    SCGHQI_7$3         1.760      0.070     24.982      0.000
    SCGHQI_8$1        -0.333      0.053     -6.298      0.000
    SCGHQI_8$2         0.855      0.054     15.764      0.000
    SCGHQI_8$3         1.772      0.075     23.761      0.000
    SCGHQI_1$1        -0.328      0.051     -6.379      0.000
    SCGHQI_1$2         0.844      0.061     13.764      0.000
    SCGHQI_1$3         1.748      0.092     19.017      0.000

 Variances
    I                  1.000      0.000    999.000    999.000
    S                  1.000      0.000    999.000    999.000

Latent Class 2 (2)

 I        |
    SCGHQI_5           0.755      0.022     34.869      0.000
    SCGHQI_6           0.773      0.029     26.406      0.000
    SCGHQI_7           0.785      0.037     21.414      0.000
    SCGHQI_8           0.791      0.043     18.352      0.000
    SCGHQI_10          0.780      0.053     14.606      0.000

 S        |
    SCGHQI_5           0.000      0.000    999.000    999.000
    SCGHQI_6           0.094      0.022      4.186      0.000
    SCGHQI_7           0.191      0.046      4.129      0.000
    SCGHQI_8           0.288      0.070      4.139      0.000
    SCGHQI_10          0.474      0.108      4.370      0.000

 S        WITH
    I                 -0.395      0.126     -3.130      0.002

 Means
    I                  0.000      0.000    999.000    999.000
    S                 -0.143      0.115     -1.249      0.212

 Thresholds
    SCGHQI_5$1        -0.318      0.053     -6.042      0.000
    SCGHQI_5$2         0.817      0.050     16.459      0.000
    SCGHQI_5$3         1.692      0.072     23.513      0.000
    SCGHQI_6$1        -0.326      0.053     -6.136      0.000
    SCGHQI_6$2         0.836      0.050     16.678      0.000
    SCGHQI_6$3         1.732      0.069     25.000      0.000
    SCGHQI_7$1        -0.331      0.053     -6.221      0.000
    SCGHQI_7$2         0.849      0.052     16.390      0.000
    SCGHQI_7$3         1.760      0.070     24.982      0.000
    SCGHQI_8$1        -0.333      0.053     -6.298      0.000
    SCGHQI_8$2         0.855      0.054     15.764      0.000
    SCGHQI_8$3         1.772      0.075     23.761      0.000
    SCGHQI_1$1        -0.328      0.051     -6.379      0.000
    SCGHQI_1$2         0.844      0.061     13.764      0.000
    SCGHQI_1$3         1.748      0.092     19.017      0.000

 Variances
    I                  1.000      0.000    999.000    999.000
    S                  1.000      0.000    999.000    999.000


R-SQUARE

Class 1

    Observed                                        Two-Tailed
    Variable        Estimate       S.E.  Est./S.E.    P-Value

    SCGHQI_5           0.570      0.033     17.434      0.000
    SCGHQI_6           0.549      0.028     19.832      0.000
    SCGHQI_7           0.535      0.025     21.194      0.000
    SCGHQI_8           0.529      0.027     19.822      0.000
    SCGHQI_1           0.541      0.040     13.453      0.000

Class 2

    Observed                                        Two-Tailed
    Variable        Estimate       S.E.  Est./S.E.    P-Value

    SCGHQI_5           0.570      0.033     17.434      0.000
    SCGHQI_6           0.549      0.028     19.832      0.000
    SCGHQI_7           0.535      0.025     21.194      0.000
    SCGHQI_8           0.529      0.027     19.822      0.000
    SCGHQI_1           0.541      0.040     13.453      0.000


QUALITY OF NUMERICAL RESULTS

     Condition Number for the Information Matrix              0.511E-02
       (ratio of smallest to largest eigenvalue)


     Beginning Time:  08:44:33
        Ending Time:  08:47:30
       Elapsed Time:  00:02:57



MUTHEN & MUTHEN
3463 Stoner Ave.
Los Angeles, CA  90066

Tel: (310) 391-9971
Fax: (310) 391-8971
Web: www.StatModel.com
Support: Support@StatModel.com

Copyright (c) 1998-2019 Muthen & Muthen
