Mplus VERSION 8.3
MUTHEN & MUTHEN
07/30/2020   6:30 PM

INPUT INSTRUCTIONS

  TITLE: Your title goes here

   DATA: FILE = data.dta;

   VARIABLE:

   NAMES = pidp gridmode mm hidp_5 hidp_6 hidp_7 hidp_8 hidp_9 hidp_10 indmode_5
       indmode_6 indmode_7 indmode_8 indmode_9 indmode_10 mode_type_all mode_type_no9
       mode_type_567 mode_type_7 all no9 p567 p7 switch_all switch_no9 switch_567
       switch_7 lkmove_5 xpmove_5 caruse_5 mobuse_5 netpuse_5 aidxhh_5 jbhas_5 j2has_5
       finnow_5 finfut_5 howlng_5 vote1_5 vote6_5 scsf1_5 scsf2a_5 scsf2b_5 scsf3a_5
       scsf3b_5 scsf4a_5 scsf4b_5 scsf5_5 scsf6a_5 scsf6b_5 scsf6c_5 scsf7_5 scghqa_5
       scghqb_5 scghqc_5 scghqd_5 scghqe_5 scghqf_5 scghqg_5 scghqh_5 scghqi_5
       scghqj_5 scghqk_5 scghql_5 lkmove_6 xpmove_6 caruse_6 mobuse_6 netpuse_6
       aidxhh_6 jbhas_6 j2has_6 finnow_6 finfut_6 howlng_6 vote1_6 vote6_6 scsf1_6
       scsf2a_6 scsf2b_6 scsf3a_6 scsf3b_6 scsf4a_6 scsf4b_6 scsf5_6 scsf6a_6 scsf6b_6
       scsf6c_6 scsf7_6 scghqa_6 scghqb_6 scghqc_6 scghqd_6 scghqe_6 scghqf_6 scghqg_6
       scghqh_6 scghqi_6 scghqj_6 scghqk_6 scghql_6 lkmove_7 xpmove_7 caruse_7
       mobuse_7 netpuse_7 smoker_7 aidxhh_7 jbhas_7 jbterm1_7 jbsemp_7 j2has_7
       fiyrdia_7 finnow_7 finfut_7 howlng_7 vote1_7 vote6_7 scsf2a_7 scsf2b_7 scsf3a_7
       scsf3b_7 scsf4a_7 scsf4b_7 scsf5_7 scsf6a_7 scsf6b_7 scsf6c_7 scsf7_7 scghqa_7
       scghqb_7 scghqc_7 scghqd_7 scghqe_7 scghqf_7 scghqg_7 scghqh_7 scghqi_7
       scghqj_7 scghqk_7 scghql_7 scsf1_7 lkmove_8 xpmove_8 caruse_8 mobuse_8
       netpuse_8 smoker_8 aidxhh_8 jbhas_8 jbterm1_8 jbsemp_8 j2has_8 fiyrdia_8
       finnow_8 finfut_8 scsf2a_8 scsf2b_8 scsf3a_8 scsf3b_8 scsf4a_8 scsf4b_8 scsf5_8
       scsf6a_8 scsf6b_8 scsf6c_8 scsf7_8 scghqa_8 scghqb_8 scghqc_8 scghqd_8 scghqe_8
       scghqf_8 scghqg_8 scghqh_8 scghqi_8 scghqj_8 scghqk_8 scghql_8 scsf1_8 mobuse_9
       netpuse_9 smoker_9 jbhas_9 jbterm1_9 jbsemp_9 j2has_9 fiyrdia_9 finnow_9
       finfut_9 lkmove_10 xpmove_10 mobuse_10 netpuse_10 smoker_10 aidxhh_10 jbhas_10
       jbterm1_10 jbsemp_10 j2has_10 fiyrdia_10 finnow_10 finfut_10 scsf1_10 scsf2a_10
       scsf2b_10 scsf3a_10 scsf3b_10 scsf4a_10 scsf4b_10 scsf5_10 scsf6a_10 scsf6b_10
       scsf6c_10 scsf7_10 scghqa_10 scghqb_10 scghqc_10 scghqd_10 scghqe_10 scghqf_10
       scghqg_10 scghqh_10 scghqi_10 scghqj_10 scghqk_10 scghql_10 edu agecat female
       partner sf1 longill london north urban refresh Higher A level GCSE Other age_35
       age_55 age_75 age_102 pred_all pred_no9 pred_p567 pred_p7 pred_all_w pred_no9_w
       pred_p567_w pred_p7_w;

   MISSING=.;

   USEVARIABLES ARE
   scghqe_5
   scghqe_6
   scghqe_7
   scghqe_8
   scghqe_10;

   CATEGORICAL ARE
   scghqe_5
   scghqe_6
   scghqe_7
   scghqe_8
   scghqe_10;
   CLASSES = c(2);

    KNOWNCLASS = c(mm= 1 2);

   ANALYSIS:


      TYPE = MIXTURE;

      ESTIMATOR = MLR;

      ALGORITHM = INTEGRATION;

      Processors = 8(starts);

      STARTS = 400 100;

   Model:


      %OVERALL%

  i s | scghqe_5@0 scghqe_6@1 scghqe_7@2 scghqe_8@3 scghqe_10@5;

   %c#1%
  [s] ;
   s ;
   s WITH i ;
   i ;

   %c#2%
  [s] ;
   s ;
   s WITH i ;
   i ;

   OUTPUT: SAMPSTAT;

                                  STDYX;




*** WARNING in VARIABLE command
  Note that only the first 8 characters of variable names are used in the output.
  Shorten variable names to avoid any confusion.
*** WARNING
  Data set contains unknown or missing values for variable MM.
  This variable is used to determine the KNOWNCLASS specification.
  Number of such cases:  458
*** WARNING
  Data set contains cases with missing on all variables.
  These cases were not included in the analysis.
  Number of cases with missing on all variables:  165
   3 WARNING(S) FOUND IN THE INPUT INSTRUCTIONS



Your title goes here

SUMMARY OF ANALYSIS

Number of groups                                                 1
Number of observations                                        1434

Number of dependent variables                                    5
Number of independent variables                                  0
Number of continuous latent variables                            2
Number of categorical latent variables                           1

Observed dependent variables

  Binary and ordered categorical (ordinal)
   SCGHQE_5    SCGHQE_6    SCGHQE_7    SCGHQE_8    SCGHQE_1

Continuous latent variables
   I           S

Categorical latent variables
   C

  Knownclass            C


Estimator                                                      MLR
Information matrix                                        OBSERVED
Optimization Specifications for the Quasi-Newton Algorithm for
Continuous Outcomes
  Maximum number of iterations                                 100
  Convergence criterion                                  0.100D-05
Optimization Specifications for the EM Algorithm
  Maximum number of iterations                                 500
  Convergence criteria
    Loglikelihood change                                 0.100D-02
    Relative loglikelihood change                        0.100D-05
    Derivative                                           0.100D-02
Optimization Specifications for the M step of the EM Algorithm for
Categorical Latent variables
  Number of M step iterations                                    1
  M step convergence criterion                           0.100D-02
  Basis for M step termination                           ITERATION
Optimization Specifications for the M step of the EM Algorithm for
Censored, Binary or Ordered Categorical (Ordinal), Unordered
Categorical (Nominal) and Count Outcomes
  Number of M step iterations                                    1
  M step convergence criterion                           0.100D-02
  Basis for M step termination                           ITERATION
  Maximum value for logit thresholds                            15
  Minimum value for logit thresholds                           -15
  Minimum expected cell size for chi-square              0.100D-01
Maximum number of iterations for H1                           2000
Convergence criterion for H1                             0.100D-03
Optimization algorithm                                         EMA
Integration Specifications
  Type                                                    STANDARD
  Number of integration points                                  15
  Dimensions of numerical integration                            2
  Adaptive quadrature                                           ON
Random Starts Specifications
  Number of initial stage random starts                        400
  Number of final stage optimizations                          100
  Number of initial stage iterations                            10
  Initial stage convergence criterion                    0.100D+01
  Random starts scale                                    0.500D+01
  Random seed for generating random starts                       0
Link                                                         LOGIT
Cholesky                                                        ON

Input data file(s)
  data.dta
Input data format  FREE


SUMMARY OF DATA

     Number of missing data patterns            31
     Number of y missing data patterns           0
     Number of u missing data patterns          31


COVARIANCE COVERAGE OF DATA

Minimum covariance coverage value   0.100


     PROPORTION OF DATA PRESENT FOR U


           Covariance Coverage
              SCGHQE_5      SCGHQE_6      SCGHQE_7      SCGHQE_8      SCGHQE_1
              ________      ________      ________      ________      ________
 SCGHQE_5       0.497
 SCGHQE_6       0.377         0.589
 SCGHQE_7       0.340         0.435         0.646
 SCGHQE_8       0.324         0.420         0.502         0.635
 SCGHQE_1       0.287         0.370         0.432         0.479         0.585


UNIVARIATE PROPORTIONS AND COUNTS FOR CATEGORICAL VARIABLES

    SCGHQE_5
      Category 1    0.237          169.000
      Category 2    0.532          379.000
      Category 3    0.190          135.000
      Category 4    0.041           29.000
    SCGHQE_6
      Category 1    0.259          219.000
      Category 2    0.533          450.000
      Category 3    0.178          150.000
      Category 4    0.031           26.000
    SCGHQE_7
      Category 1    0.237          219.000
      Category 2    0.555          514.000
      Category 3    0.172          159.000
      Category 4    0.037           34.000
    SCGHQE_8
      Category 1    0.265          241.000
      Category 2    0.510          464.000
      Category 3    0.188          171.000
      Category 4    0.037           34.000
    SCGHQE_1
      Category 1    0.263          221.000
      Category 2    0.509          427.000
      Category 3    0.180          151.000
      Category 4    0.048           40.000


SAMPLE STATISTICS

RANDOM STARTS RESULTS RANKED FROM THE BEST TO THE WORST LOGLIKELIHOOD VALUES

Final stage loglikelihood values at local maxima, seeds, and initial stage start numbers:

           -5352.555  100874           108
           -5352.555  569833           85
           -5352.555  284109           82
           -5352.555  900268           327
           -5352.555  576596           99
           -5352.555  595153           230
           -5352.555  695155           150
           -5352.555  765392           382
           -5352.555  694303           282
           -5352.555  392407           221
           -5352.555  650371           14
           -5352.555  626891           32
           -5352.555  801717           364
           -5352.555  285380           1
           -5352.555  801065           393
           -5352.555  673496           218
           -5352.555  561664           392
           -5352.555  804561           59
           -5352.555  314757           345
           -5352.555  414828           322
           -5352.555  605358           321
           -5352.555  414284           158
           -5352.555  79945            395
           -5352.555  422103           62
           -5352.555  529455           268
           -5352.555  669634           335
           -5352.555  760878           249
           -5352.555  402224           91
           -5352.555  220454           288
           -5352.555  227563           63
           -5352.555  751054           117
           -5352.555  728038           177
           -5352.555  1548             384
           -5352.555  644297           340
           -5352.555  967237           48
           -5352.555  609185           181
           -5352.555  319144           176
           -5352.555  794236           127
           -5352.555  608496           4
           -5352.555  68985            17
           -5352.555  797594           234
           -5352.555  unperturbed      0
           -5352.555  383986           159
           -5352.555  455617           242
           -5352.555  34346            330
           -5352.555  629320           222
           -5352.555  777045           377
           -5352.555  635245           121
           -5352.555  440841           118
           -5352.555  264081           186
           -5352.555  370466           41
           -5352.555  963053           43
           -5352.555  692169           308
           -5352.555  570908           98
           -5352.555  931874           141
           -5352.555  471398           74
           -5352.555  246575           291
           -5352.555  15715            274
           -5352.555  286735           175
           -5352.555  691234           250
           -5352.555  192071           142
           -5352.555  137377           397
           -5352.555  93468            3
           -5352.555  391949           295
           -5352.555  642909           251
           -5352.555  340112           126
           -5352.555  835767           210
           -5352.555  123985           248
           -5352.555  404426           344
           -5352.555  341041           34
           -5352.555  358488           264
           -5352.555  567165           319
           -5352.555  637095           207
           -5352.555  875667           367
           -5352.555  316165           299
           -5352.555  512836           289
           -5352.555  311214           64
           -5352.555  232559           136
           -5352.555  618000           190
           -5352.555  602797           336
           -5352.555  749453           33
           -5352.555  405079           68
           -5352.555  415931           10
           -5352.555  354208           196
           -5352.555  534483           290
           -5352.555  726035           191
           -5352.555  715561           125
           -5352.555  436460           89
           -5352.555  374219           353
           -5352.555  991329           182
           -5352.555  329127           185
           -5352.555  82357            339
           -5352.555  992389           77
           -5352.555  717754           180
           -5352.555  970689           266
           -5352.562  369602           146
           -5352.563  499150           216
           -5352.564  193847           354
           -5352.565  576220           115
           -5352.566  714997           399



THE BEST LOGLIKELIHOOD VALUE HAS BEEN REPLICATED.  RERUN WITH AT LEAST TWICE THE
RANDOM STARTS TO CHECK THAT THE BEST LOGLIKELIHOOD IS STILL OBTAINED AND REPLICATED.


THE MODEL ESTIMATION TERMINATED NORMALLY



MODEL FIT INFORMATION

Number of Free Parameters                       13

Loglikelihood

          H0 Value                       -5352.555
          H0 Scaling Correction Factor      1.0955
            for MLR

Information Criteria

          Akaike (AIC)                   10731.110
          Bayesian (BIC)                 10799.596
          Sample-Size Adjusted BIC       10758.300
            (n* = (n + 2) / 24)

Chi-Square Test of Model Fit for the Binary and Ordered Categorical
(Ordinal) Outcomes**

          Pearson Chi-Square

          Value                           2110.298
          Degrees of Freedom                  2020
          P-Value                           0.0792

          Likelihood Ratio Chi-Square

          Value                            532.285
          Degrees of Freedom                  2020
          P-Value                           1.0000

** Of the 3124 cells in the latent class indicator table, 7
   were deleted in the calculation of chi-square due to extreme values.

Chi-Square Test for MCAR under the Unrestricted Latent Class Indicator Model

          Pearson Chi-Square

          Value                           1543.734
          Degrees of Freedom                  4139
          P-Value                           1.0000

          Likelihood Ratio Chi-Square

          Value                           1127.442
          Degrees of Freedom                  4139
          P-Value                           1.0000



FINAL CLASS COUNTS AND PROPORTIONS FOR THE LATENT CLASSES
BASED ON THE ESTIMATED MODEL

    Latent
   Classes

       1        842.00000          0.58717
       2        592.00000          0.41283


MODEL RESULTS

                                                    Two-Tailed
                    Estimate       S.E.  Est./S.E.    P-Value

Latent Class 1 (1)

 I        |
    SCGHQE_5           1.000      0.000    999.000    999.000
    SCGHQE_6           1.000      0.000    999.000    999.000
    SCGHQE_7           1.000      0.000    999.000    999.000
    SCGHQE_8           1.000      0.000    999.000    999.000
    SCGHQE_10          1.000      0.000    999.000    999.000

 S        |
    SCGHQE_5           0.000      0.000    999.000    999.000
    SCGHQE_6           1.000      0.000    999.000    999.000
    SCGHQE_7           2.000      0.000    999.000    999.000
    SCGHQE_8           3.000      0.000    999.000    999.000
    SCGHQE_10          5.000      0.000    999.000    999.000

 S        WITH
    I                 -0.027      0.100     -0.265      0.791

 Means
    I                  0.422      0.173      2.439      0.015
    S                 -0.039      0.027     -1.420      0.156

 Thresholds
    SCGHQE_5$1        -1.429      0.151     -9.477      0.000
    SCGHQE_5$2         2.215      0.158     13.984      0.000
    SCGHQE_5$3         4.806      0.199     24.109      0.000
    SCGHQE_6$1        -1.429      0.151     -9.477      0.000
    SCGHQE_6$2         2.215      0.158     13.984      0.000
    SCGHQE_6$3         4.806      0.199     24.109      0.000
    SCGHQE_7$1        -1.429      0.151     -9.477      0.000
    SCGHQE_7$2         2.215      0.158     13.984      0.000
    SCGHQE_7$3         4.806      0.199     24.109      0.000
    SCGHQE_8$1        -1.429      0.151     -9.477      0.000
    SCGHQE_8$2         2.215      0.158     13.984      0.000
    SCGHQE_8$3         4.806      0.199     24.109      0.000
    SCGHQE_1$1        -1.429      0.151     -9.477      0.000
    SCGHQE_1$2         2.215      0.158     13.984      0.000
    SCGHQE_1$3         4.806      0.199     24.109      0.000

 Variances
    I                  3.110      0.450      6.909      0.000
    S                  0.049      0.035      1.388      0.165

Latent Class 2 (2)

 I        |
    SCGHQE_5           1.000      0.000    999.000    999.000
    SCGHQE_6           1.000      0.000    999.000    999.000
    SCGHQE_7           1.000      0.000    999.000    999.000
    SCGHQE_8           1.000      0.000    999.000    999.000
    SCGHQE_10          1.000      0.000    999.000    999.000

 S        |
    SCGHQE_5           0.000      0.000    999.000    999.000
    SCGHQE_6           1.000      0.000    999.000    999.000
    SCGHQE_7           2.000      0.000    999.000    999.000
    SCGHQE_8           3.000      0.000    999.000    999.000
    SCGHQE_10          5.000      0.000    999.000    999.000

 S        WITH
    I                 -0.443      0.217     -2.043      0.041

 Means
    I                  0.000      0.000    999.000    999.000
    S                  0.033      0.044      0.739      0.460

 Thresholds
    SCGHQE_5$1        -1.429      0.151     -9.477      0.000
    SCGHQE_5$2         2.215      0.158     13.984      0.000
    SCGHQE_5$3         4.806      0.199     24.109      0.000
    SCGHQE_6$1        -1.429      0.151     -9.477      0.000
    SCGHQE_6$2         2.215      0.158     13.984      0.000
    SCGHQE_6$3         4.806      0.199     24.109      0.000
    SCGHQE_7$1        -1.429      0.151     -9.477      0.000
    SCGHQE_7$2         2.215      0.158     13.984      0.000
    SCGHQE_7$3         4.806      0.199     24.109      0.000
    SCGHQE_8$1        -1.429      0.151     -9.477      0.000
    SCGHQE_8$2         2.215      0.158     13.984      0.000
    SCGHQE_8$3         4.806      0.199     24.109      0.000
    SCGHQE_1$1        -1.429      0.151     -9.477      0.000
    SCGHQE_1$2         2.215      0.158     13.984      0.000
    SCGHQE_1$3         4.806      0.199     24.109      0.000

 Variances
    I                  4.369      0.859      5.084      0.000
    S                  0.190      0.076      2.516      0.012

Categorical Latent Variables

 Means
    C#1                0.352      0.054      6.568      0.000


STANDARDIZED MODEL RESULTS


STDYX Standardization

                                                    Two-Tailed
                    Estimate       S.E.  Est./S.E.    P-Value

Latent Class 1 (1)

 I        |
    SCGHQE_5           0.697      0.026     26.880      0.000
    SCGHQE_6           0.697      0.033     20.853      0.000
    SCGHQE_7           0.692      0.039     17.652      0.000
    SCGHQE_8           0.682      0.043     15.914      0.000
    SCGHQE_10          0.650      0.046     14.050      0.000

 S        |
    SCGHQE_5           0.000      0.000    999.000    999.000
    SCGHQE_6           0.088      0.031      2.850      0.004
    SCGHQE_7           0.174      0.062      2.820      0.005
    SCGHQE_8           0.257      0.091      2.831      0.005
    SCGHQE_10          0.408      0.138      2.964      0.003

 S        WITH
    I                 -0.068      0.234     -0.290      0.772

 Means
    I                  0.239      0.100      2.392      0.017
    S                 -0.175      0.139     -1.261      0.207

 Thresholds
    SCGHQE_5$1        -0.565      0.060     -9.436      0.000
    SCGHQE_5$2         0.875      0.063     13.818      0.000
    SCGHQE_5$3         1.900      0.084     22.546      0.000
    SCGHQE_6$1        -0.565      0.059     -9.563      0.000
    SCGHQE_6$2         0.876      0.062     14.234      0.000
    SCGHQE_6$3         1.900      0.077     24.678      0.000
    SCGHQE_7$1        -0.561      0.059     -9.573      0.000
    SCGHQE_7$2         0.869      0.061     14.272      0.000
    SCGHQE_7$3         1.887      0.076     24.971      0.000
    SCGHQE_8$1        -0.553      0.058     -9.523      0.000
    SCGHQE_8$2         0.857      0.061     14.108      0.000
    SCGHQE_8$3         1.859      0.077     24.134      0.000
    SCGHQE_1$1        -0.527      0.057     -9.206      0.000
    SCGHQE_1$2         0.816      0.062     13.126      0.000
    SCGHQE_1$3         1.771      0.089     19.909      0.000

 Variances
    I                  1.000      0.000    999.000    999.000
    S                  1.000      0.000    999.000    999.000

Latent Class 2 (2)

 I        |
    SCGHQE_5           0.755      0.032     23.668      0.000
    SCGHQE_6           0.792      0.048     16.385      0.000
    SCGHQE_7           0.811      0.063     12.837      0.000
    SCGHQE_8           0.807      0.072     11.197      0.000
    SCGHQE_10          0.740      0.074     10.068      0.000

 S        |
    SCGHQE_5           0.000      0.000    999.000    999.000
    SCGHQE_6           0.165      0.031      5.364      0.000
    SCGHQE_7           0.338      0.066      5.100      0.000
    SCGHQE_8           0.505      0.099      5.096      0.000
    SCGHQE_10          0.772      0.132      5.833      0.000

 S        WITH
    I                 -0.487      0.120     -4.060      0.000

 Means
    I                  0.000      0.000    999.000    999.000
    S                  0.075      0.100      0.746      0.456

 Thresholds
    SCGHQE_5$1        -0.516      0.063     -8.147      0.000
    SCGHQE_5$2         0.800      0.059     13.512      0.000
    SCGHQE_5$3         1.737      0.095     18.261      0.000
    SCGHQE_6$1        -0.542      0.062     -8.754      0.000
    SCGHQE_6$2         0.839      0.058     14.431      0.000
    SCGHQE_6$3         1.822      0.082     22.174      0.000
    SCGHQE_7$1        -0.554      0.061     -9.154      0.000
    SCGHQE_7$2         0.859      0.059     14.494      0.000
    SCGHQE_7$3         1.864      0.078     23.926      0.000
    SCGHQE_8$1        -0.552      0.059     -9.309      0.000
    SCGHQE_8$2         0.855      0.060     14.214      0.000
    SCGHQE_8$3         1.856      0.078     23.678      0.000
    SCGHQE_1$1        -0.506      0.058     -8.713      0.000
    SCGHQE_1$2         0.784      0.061     12.770      0.000
    SCGHQE_1$3         1.702      0.093     18.284      0.000

 Variances
    I                  1.000      0.000    999.000    999.000
    S                  1.000      0.000    999.000    999.000


R-SQUARE

Class 1

    Observed                                        Two-Tailed
    Variable        Estimate       S.E.  Est./S.E.    P-Value

    SCGHQE_5           0.486      0.036     13.440      0.000
    SCGHQE_6           0.486      0.028     17.437      0.000
    SCGHQE_7           0.493      0.025     19.495      0.000
    SCGHQE_8           0.508      0.027     18.595      0.000
    SCGHQE_1           0.553      0.039     14.157      0.000

Class 2

    Observed                                        Two-Tailed
    Variable        Estimate       S.E.  Est./S.E.    P-Value

    SCGHQE_5           0.570      0.048     11.834      0.000
    SCGHQE_6           0.527      0.039     13.597      0.000
    SCGHQE_7           0.505      0.032     15.715      0.000
    SCGHQE_8           0.510      0.031     16.607      0.000
    SCGHQE_1           0.587      0.042     13.857      0.000


QUALITY OF NUMERICAL RESULTS

     Condition Number for the Information Matrix              0.433E-02
       (ratio of smallest to largest eigenvalue)


     Beginning Time:  18:30:20
        Ending Time:  18:33:48
       Elapsed Time:  00:03:28



MUTHEN & MUTHEN
3463 Stoner Ave.
Los Angeles, CA  90066

Tel: (310) 391-9971
Fax: (310) 391-8971
Web: www.StatModel.com
Support: Support@StatModel.com

Copyright (c) 1998-2019 Muthen & Muthen
