Mplus VERSION 8.3
MUTHEN & MUTHEN
07/31/2020  11:11 AM

INPUT INSTRUCTIONS

  TITLE: Your title goes here

   DATA: FILE = data.dta;

   VARIABLE:

   NAMES = pidp gridmode mm hidp_5 hidp_6 hidp_7 hidp_8 hidp_9 hidp_10 indmode_5
       indmode_6 indmode_7 indmode_8 indmode_9 indmode_10 mode_type_all mode_type_no9
       mode_type_567 mode_type_7 all no9 p567 p7 switch_all switch_no9 switch_567
       switch_7 lkmove_5 xpmove_5 caruse_5 mobuse_5 netpuse_5 aidxhh_5 jbhas_5 j2has_5
       finnow_5 finfut_5 howlng_5 vote1_5 vote6_5 scsf1_5 scsf2a_5 scsf2b_5 scsf3a_5
       scsf3b_5 scsf4a_5 scsf4b_5 scsf5_5 scsf6a_5 scsf6b_5 scsf6c_5 scsf7_5 scghqa_5
       scghqb_5 scghqc_5 scghqd_5 scghqe_5 scghqf_5 scghqg_5 scghqh_5 scghqi_5
       scghqj_5 scghqk_5 scghql_5 lkmove_6 xpmove_6 caruse_6 mobuse_6 netpuse_6
       aidxhh_6 jbhas_6 j2has_6 finnow_6 finfut_6 howlng_6 vote1_6 vote6_6 scsf1_6
       scsf2a_6 scsf2b_6 scsf3a_6 scsf3b_6 scsf4a_6 scsf4b_6 scsf5_6 scsf6a_6 scsf6b_6
       scsf6c_6 scsf7_6 scghqa_6 scghqb_6 scghqc_6 scghqd_6 scghqe_6 scghqf_6 scghqg_6
       scghqh_6 scghqi_6 scghqj_6 scghqk_6 scghql_6 lkmove_7 xpmove_7 caruse_7
       mobuse_7 netpuse_7 smoker_7 aidxhh_7 jbhas_7 jbterm1_7 jbsemp_7 j2has_7
       fiyrdia_7 finnow_7 finfut_7 howlng_7 vote1_7 vote6_7 scsf2a_7 scsf2b_7 scsf3a_7
       scsf3b_7 scsf4a_7 scsf4b_7 scsf5_7 scsf6a_7 scsf6b_7 scsf6c_7 scsf7_7 scghqa_7
       scghqb_7 scghqc_7 scghqd_7 scghqe_7 scghqf_7 scghqg_7 scghqh_7 scghqi_7
       scghqj_7 scghqk_7 scghql_7 scsf1_7 lkmove_8 xpmove_8 caruse_8 mobuse_8
       netpuse_8 smoker_8 aidxhh_8 jbhas_8 jbterm1_8 jbsemp_8 j2has_8 fiyrdia_8
       finnow_8 finfut_8 scsf2a_8 scsf2b_8 scsf3a_8 scsf3b_8 scsf4a_8 scsf4b_8 scsf5_8
       scsf6a_8 scsf6b_8 scsf6c_8 scsf7_8 scghqa_8 scghqb_8 scghqc_8 scghqd_8 scghqe_8
       scghqf_8 scghqg_8 scghqh_8 scghqi_8 scghqj_8 scghqk_8 scghql_8 scsf1_8 mobuse_9
       netpuse_9 smoker_9 jbhas_9 jbterm1_9 jbsemp_9 j2has_9 fiyrdia_9 finnow_9
       finfut_9 lkmove_10 xpmove_10 mobuse_10 netpuse_10 smoker_10 aidxhh_10 jbhas_10
       jbterm1_10 jbsemp_10 j2has_10 fiyrdia_10 finnow_10 finfut_10 scsf1_10 scsf2a_10
       scsf2b_10 scsf3a_10 scsf3b_10 scsf4a_10 scsf4b_10 scsf5_10 scsf6a_10 scsf6b_10
       scsf6c_10 scsf7_10 scghqa_10 scghqb_10 scghqc_10 scghqd_10 scghqe_10 scghqf_10
       scghqg_10 scghqh_10 scghqi_10 scghqj_10 scghqk_10 scghql_10 edu agecat female
       partner sf1 longill london north urban refresh Higher A level GCSE Other age_35
       age_55 age_75 age_102 pred_all pred_no9 pred_p567 pred_p7 pred_all_w pred_no9_w
       pred_p567_w pred_p7_w;

   MISSING=.;

   USEVARIABLES ARE
   scsf1_5
   scsf1_6
   scsf1_7
   scsf1_8
   scsf1_10;
   CLASSES = c(2);

    KNOWNCLASS = c(no9= 1 2);
  WEIGHT IS pred_no9_w;

   ANALYSIS:


      TYPE = MIXTURE;

      ESTIMATOR = MLR;

      ALGORITHM = INTEGRATION;

      Processors = 8(starts);

      STARTS = 400 100;

   Model:


      %OVERALL%

  i s | scsf1_5@0 scsf1_6@1 scsf1_7@2 scsf1_8@3 scsf1_10@5;

   %c#1%
  [s] ;
   s ;
   s WITH i ;
   i ;

   %c#2%
  [s] ;
   s ;
   s WITH i ;
   i ;

   OUTPUT: SAMPSTAT;

                                  STDYX;




*** WARNING
  Data set contains unknown or missing values for variable NO9.
  This variable is used to determine the KNOWNCLASS specification.
  Number of such cases:  111
*** WARNING
  Data set contains cases with missing on all variables.
  These cases were not included in the analysis.
  Number of cases with missing on all variables:  98
   2 WARNING(S) FOUND IN THE INPUT INSTRUCTIONS



Your title goes here

SUMMARY OF ANALYSIS

Number of groups                                                 1
Number of observations                                        1848

Number of dependent variables                                    5
Number of independent variables                                  0
Number of continuous latent variables                            2
Number of categorical latent variables                           1

Observed dependent variables

  Continuous
   SCSF1_5     SCSF1_6     SCSF1_7     SCSF1_8     SCSF1_10

Continuous latent variables
   I           S

Categorical latent variables
   C

  Knownclass            C

Variables with special functions

  Weight variable       PRED_NO9

Estimator                                                      MLR
Information matrix                                        OBSERVED
Optimization Specifications for the Quasi-Newton Algorithm for
Continuous Outcomes
  Maximum number of iterations                                 100
  Convergence criterion                                  0.100D-05
Optimization Specifications for the EM Algorithm
  Maximum number of iterations                                 500
  Convergence criteria
    Loglikelihood change                                 0.100D-02
    Relative loglikelihood change                        0.100D-05
    Derivative                                           0.100D-02
Optimization Specifications for the M step of the EM Algorithm for
Categorical Latent variables
  Number of M step iterations                                    1
  M step convergence criterion                           0.100D-02
  Basis for M step termination                           ITERATION
Optimization Specifications for the M step of the EM Algorithm for
Censored, Binary or Ordered Categorical (Ordinal), Unordered
Categorical (Nominal) and Count Outcomes
  Number of M step iterations                                    1
  M step convergence criterion                           0.100D-02
  Basis for M step termination                           ITERATION
  Maximum value for logit thresholds                            15
  Minimum value for logit thresholds                           -15
  Minimum expected cell size for chi-square              0.100D-01
Maximum number of iterations for H1                           2000
Convergence criterion for H1                             0.100D-03
Optimization algorithm                                         EMA
Integration Specifications
  Type                                                    STANDARD
  Number of integration points                                  15
  Dimensions of numerical integration                            0
  Adaptive quadrature                                           ON
Random Starts Specifications
  Number of initial stage random starts                        400
  Number of final stage optimizations                          100
  Number of initial stage iterations                            10
  Initial stage convergence criterion                    0.100D+01
  Random starts scale                                    0.500D+01
  Random seed for generating random starts                       0
Cholesky                                                       OFF

Input data file(s)
  data.dta
Input data format  FREE


SUMMARY OF DATA

     Number of missing data patterns            31
     Number of y missing data patterns          31
     Number of u missing data patterns           0


COVARIANCE COVERAGE OF DATA

Minimum covariance coverage value   0.100


     PROPORTION OF DATA PRESENT FOR Y


           Covariance Coverage
              SCSF1_5       SCSF1_6       SCSF1_7       SCSF1_8       SCSF1_10
              ________      ________      ________      ________      ________
 SCSF1_5        0.385
 SCSF1_6        0.291         0.458
 SCSF1_7        0.265         0.339         0.594
 SCSF1_8        0.251         0.326         0.472         0.580
 SCSF1_10       0.224         0.290         0.402         0.436         0.650


SAMPLE STATISTICS


     ESTIMATED SAMPLE STATISTICS FOR CLASS 1


           Means
              SCSF1_5       SCSF1_6       SCSF1_7       SCSF1_8       SCSF1_10
              ________      ________      ________      ________      ________
                2.942         2.894         2.966         3.110         2.917


           Covariances
              SCSF1_5       SCSF1_6       SCSF1_7       SCSF1_8       SCSF1_10
              ________      ________      ________      ________      ________
 SCSF1_5        1.326
 SCSF1_6        0.924         1.249
 SCSF1_7        0.850         0.861         1.151
 SCSF1_8        0.817         0.889         0.842         1.203
 SCSF1_10       0.759         0.839         0.812         0.829         1.186


           Correlations
              SCSF1_5       SCSF1_6       SCSF1_7       SCSF1_8       SCSF1_10
              ________      ________      ________      ________      ________
 SCSF1_5        1.000
 SCSF1_6        0.718         1.000
 SCSF1_7        0.688         0.718         1.000
 SCSF1_8        0.647         0.725         0.715         1.000
 SCSF1_10       0.605         0.689         0.695         0.694         1.000


     ESTIMATED SAMPLE STATISTICS FOR CLASS 2


           Means
              SCSF1_5       SCSF1_6       SCSF1_7       SCSF1_8       SCSF1_10
              ________      ________      ________      ________      ________
                2.746         2.732         2.797         2.965         2.735


           Covariances
              SCSF1_5       SCSF1_6       SCSF1_7       SCSF1_8       SCSF1_10
              ________      ________      ________      ________      ________
 SCSF1_5        1.130
 SCSF1_6        0.861         1.070
 SCSF1_7        0.674         0.638         0.790
 SCSF1_8        0.721         0.708         0.605         0.927
 SCSF1_10       0.844         0.778         0.683         0.763         1.122


           Correlations
              SCSF1_5       SCSF1_6       SCSF1_7       SCSF1_8       SCSF1_10
              ________      ________      ________      ________      ________
 SCSF1_5        1.000
 SCSF1_6        0.783         1.000
 SCSF1_7        0.713         0.693         1.000
 SCSF1_8        0.704         0.711         0.707         1.000
 SCSF1_10       0.750         0.710         0.725         0.748         1.000


UNIVARIATE SAMPLE STATISTICS


     UNIVARIATE HIGHER-ORDER MOMENT DESCRIPTIVE STATISTICS

         Variable/         Mean/     Skewness/   Minimum/ % with                Percentiles
        Sample Size      Variance    Kurtosis    Maximum  Min/Max      20%/60%    40%/80%    Median

     SCSF1_5               2.800       0.302       1.000   13.08%       2.000      2.000      3.000
             711.000       1.214      -0.595       5.000    6.05%       3.000      4.000
     SCSF1_6               2.843       0.203       1.000   12.75%       2.000      2.000      3.000
             847.000       1.197      -0.649       5.000    5.31%       3.000      4.000
     SCSF1_7               2.844       0.152       1.000    9.93%       2.000      2.000      3.000
            1098.000       0.981      -0.295       5.000    4.19%       3.000      4.000
     SCSF1_8               3.011       0.033       1.000    8.59%       2.000      3.000      3.000
            1071.000       1.058      -0.547       5.000    5.70%       3.000      4.000
     SCSF1_10              2.753       0.301       1.000   14.57%       2.000      2.000      3.000
            1201.000       1.148      -0.446       5.000    5.41%       3.000      3.000

RANDOM STARTS RESULTS RANKED FROM THE BEST TO THE WORST LOGLIKELIHOOD VALUES

Final stage loglikelihood values at local maxima, seeds, and initial stage start numbers:

           -8207.085  534483           290
           -8207.085  456213           160
           -8207.085  570908           98
           -8207.085  751054           117
           -8207.085  521575           313
           -8207.085  872743           374
           -8207.085  609089           241
           -8207.085  488125           368
           -8207.085  136842           58
           -8207.085  471438           252
           -8207.085  545140           278
           -8207.085  314084           81
           -8207.085  529496           343
           -8207.085  124999           96
           -8207.085  622860           259
           -8207.085  483369           270
           -8207.085  857799           315
           -8207.085  561664           392
           -8207.085  761633           50
           -8207.085  152496           123
           -8207.085  879338           309
           -8207.085  605358           321
           -8207.085  514326           325
           -8207.085  804660           260
           -8207.085  616917           261
           -8207.085  405079           68
           -8207.085  118421           139
           -8207.085  475420           71
           -8207.085  391949           295
           -8207.085  913639           162
           -8207.085  217744           326
           -8207.085  395754           388
           -8207.085  168762           200
           -8207.085  292884           103
           -8207.085  438144           271
           -8207.085  387701           275
           -8207.085  344422           296
           -8207.085  349562           359
           -8207.085  991329           182
           -8207.085  579995           183
           -8207.085  650371           14
           -8207.085  587946           120
           -8207.085  153942           31
           -8207.085  76974            16
           -8207.085  830392           35
           -8207.085  278692           342
           -8207.085  625191           350
           -8207.085  286735           175
           -8207.085  23012            352
           -8207.085  415931           10
           -8207.085  507154           387
           -8207.085  347515           24
           -8207.085  915107           54
           -8207.085  751153           110
           -8207.085  89970            223
           -8207.085  345070           114
           -8207.085  268896           124
           -8207.085  987090           70
           -8207.085  369602           146
           -8207.085  679832           302
           -8207.085  81117            305
           -8207.085  414284           158
           -8207.085  383986           159
           -8207.085  352277           42
           -8207.085  963053           43
           -8207.085  264081           186
           -8207.085  923437           398
           -8207.085  123985           248
           -8207.085  468036           131
           -8207.085  437181           135
           -8207.085  68985            17
           -8207.085  788796           145
           -8207.085  654136           167
           -8207.085  783165           170
           -8207.085  573096           20
           -8207.085  21132            351
           -8207.085  407168           44
           -8207.085  281558           184
           -8207.085  443442           380
           -8207.085  1548             384
           -8207.085  637095           207
           -8207.085  73576            213
           -8207.085  629320           222
           -8207.085  178475           231
           -8207.085  850840           232
           -8207.085  617243           237
           -8207.085  170118           238
           -8207.085  391179           78
           -8207.085  875667           367
           -8207.085  371246           101
           -8207.085  748692           204
           -8207.085  784664           75
           -8207.085  373505           88
           -8207.085  846194           93
           -8207.085  342019           301
           -8207.085  36714            201
           -8207.085  642909           251
           -8207.085  606576           151
           -8207.085  85462            51
           -8207.085  unperturbed      0



THE BEST LOGLIKELIHOOD VALUE HAS BEEN REPLICATED.  RERUN WITH AT LEAST TWICE THE
RANDOM STARTS TO CHECK THAT THE BEST LOGLIKELIHOOD IS STILL OBTAINED AND REPLICATED.


THE MODEL ESTIMATION TERMINATED NORMALLY



MODEL FIT INFORMATION

Number of Free Parameters                       16

Loglikelihood

          H0 Value                       -8207.085
          H0 Scaling Correction Factor      2.1798
            for MLR

Information Criteria

          Akaike (AIC)                   16446.169
          Bayesian (BIC)                 16534.519
          Sample-Size Adjusted BIC       16483.687
            (n* = (n + 2) / 24)



FINAL CLASS COUNTS AND PROPORTIONS FOR THE LATENT CLASSES
BASED ON THE ESTIMATED MODEL

    Latent
   Classes

       1       1176.18637          0.63646
       2        671.81363          0.36354


MODEL RESULTS

                                                    Two-Tailed
                    Estimate       S.E.  Est./S.E.    P-Value

Latent Class 1 (1)

 I        |
    SCSF1_5            1.000      0.000    999.000    999.000
    SCSF1_6            1.000      0.000    999.000    999.000
    SCSF1_7            1.000      0.000    999.000    999.000
    SCSF1_8            1.000      0.000    999.000    999.000
    SCSF1_10           1.000      0.000    999.000    999.000

 S        |
    SCSF1_5            0.000      0.000    999.000    999.000
    SCSF1_6            1.000      0.000    999.000    999.000
    SCSF1_7            2.000      0.000    999.000    999.000
    SCSF1_8            3.000      0.000    999.000    999.000
    SCSF1_10           5.000      0.000    999.000    999.000

 S        WITH
    I                 -0.039      0.018     -2.135      0.033

 Means
    I                  2.940      0.054     54.875      0.000
    S                  0.011      0.013      0.839      0.401

 Intercepts
    SCSF1_5            0.000      0.000    999.000    999.000
    SCSF1_6            0.000      0.000    999.000    999.000
    SCSF1_7            0.000      0.000    999.000    999.000
    SCSF1_8            0.000      0.000    999.000    999.000
    SCSF1_10           0.000      0.000    999.000    999.000

 Variances
    I                  0.972      0.081     12.017      0.000
    S                  0.012      0.005      2.297      0.022

 Residual Variances
    SCSF1_5            0.336      0.036      9.322      0.000
    SCSF1_6            0.323      0.031     10.486      0.000
    SCSF1_7            0.278      0.032      8.799      0.000
    SCSF1_8            0.338      0.031     11.023      0.000
    SCSF1_10           0.313      0.041      7.549      0.000

Latent Class 2 (2)

 I        |
    SCSF1_5            1.000      0.000    999.000    999.000
    SCSF1_6            1.000      0.000    999.000    999.000
    SCSF1_7            1.000      0.000    999.000    999.000
    SCSF1_8            1.000      0.000    999.000    999.000
    SCSF1_10           1.000      0.000    999.000    999.000

 S        |
    SCSF1_5            0.000      0.000    999.000    999.000
    SCSF1_6            1.000      0.000    999.000    999.000
    SCSF1_7            2.000      0.000    999.000    999.000
    SCSF1_8            3.000      0.000    999.000    999.000
    SCSF1_10           5.000      0.000    999.000    999.000

 S        WITH
    I                  0.000      0.011      0.011      0.991

 Means
    I                  2.765      0.052     53.223      0.000
    S                  0.011      0.010      1.151      0.250

 Intercepts
    SCSF1_5            0.000      0.000    999.000    999.000
    SCSF1_6            0.000      0.000    999.000    999.000
    SCSF1_7            0.000      0.000    999.000    999.000
    SCSF1_8            0.000      0.000    999.000    999.000
    SCSF1_10           0.000      0.000    999.000    999.000

 Variances
    I                  0.711      0.071      9.953      0.000
    S                  0.000      0.003      0.096      0.924

 Residual Variances
    SCSF1_5            0.336      0.036      9.322      0.000
    SCSF1_6            0.323      0.031     10.486      0.000
    SCSF1_7            0.278      0.032      8.799      0.000
    SCSF1_8            0.338      0.031     11.023      0.000
    SCSF1_10           0.313      0.041      7.549      0.000

Categorical Latent Variables

 Means
    C#1                0.560      0.066      8.427      0.000


STANDARDIZED MODEL RESULTS


STDYX Standardization

                                                    Two-Tailed
                    Estimate       S.E.  Est./S.E.    P-Value

Latent Class 1 (1)

 I        |
    SCSF1_5            0.862      0.017     49.864      0.000
    SCSF1_6            0.889      0.024     37.292      0.000
    SCSF1_7            0.921      0.029     31.377      0.000
    SCSF1_8            0.904      0.036     24.960      0.000
    SCSF1_10           0.897      0.044     20.466      0.000

 S        |
    SCSF1_5            0.000      0.000    999.000    999.000
    SCSF1_6            0.100      0.022      4.593      0.000
    SCSF1_7            0.208      0.046      4.554      0.000
    SCSF1_8            0.306      0.067      4.547      0.000
    SCSF1_10           0.507      0.110      4.587      0.000

 S        WITH
    I                 -0.353      0.103     -3.414      0.001

 Means
    I                  2.983      0.117     25.534      0.000
    S                  0.095      0.112      0.847      0.397

 Intercepts
    SCSF1_5            0.000      0.000    999.000    999.000
    SCSF1_6            0.000      0.000    999.000    999.000
    SCSF1_7            0.000      0.000    999.000    999.000
    SCSF1_8            0.000      0.000    999.000    999.000
    SCSF1_10           0.000      0.000    999.000    999.000

 Variances
    I                  1.000      0.000    999.000    999.000
    S                  1.000      0.000    999.000    999.000

 Residual Variances
    SCSF1_5            0.257      0.030      8.634      0.000
    SCSF1_6            0.263      0.025     10.385      0.000
    SCSF1_7            0.243      0.025      9.865      0.000
    SCSF1_8            0.284      0.024     11.869      0.000
    SCSF1_10           0.259      0.037      7.047      0.000

Latent Class 2 (2)

 I        |
    SCSF1_5            0.824      0.022     37.138      0.000
    SCSF1_6            0.829      0.025     32.984      0.000
    SCSF1_7            0.847      0.028     30.334      0.000
    SCSF1_8            0.822      0.033     24.691      0.000
    SCSF1_10           0.830      0.043     19.379      0.000

 S        |
    SCSF1_5            0.000      0.000    999.000    999.000
    SCSF1_6            0.016      0.084      0.191      0.848
    SCSF1_7            0.033      0.172      0.191      0.848
    SCSF1_8            0.048      0.250      0.191      0.848
    SCSF1_10           0.081      0.421      0.191      0.848

 S        WITH
    I                  0.008      0.797      0.011      0.992

 Means
    I                  3.279      0.150     21.891      0.000
    S                  0.671      3.666      0.183      0.855

 Intercepts
    SCSF1_5            0.000      0.000    999.000    999.000
    SCSF1_6            0.000      0.000    999.000    999.000
    SCSF1_7            0.000      0.000    999.000    999.000
    SCSF1_8            0.000      0.000    999.000    999.000
    SCSF1_10           0.000      0.000    999.000    999.000

 Variances
    I                  1.000      0.000    999.000    999.000
    S                  1.000      0.000    999.000    999.000

 Residual Variances
    SCSF1_5            0.321      0.037      8.785      0.000
    SCSF1_6            0.312      0.030     10.556      0.000
    SCSF1_7            0.281      0.027     10.271      0.000
    SCSF1_8            0.321      0.027     12.037      0.000
    SCSF1_10           0.303      0.044      6.956      0.000


R-SQUARE

Class 1

    Observed                                        Two-Tailed
    Variable        Estimate       S.E.  Est./S.E.    P-Value

    SCSF1_5            0.743      0.030     24.932      0.000
    SCSF1_6            0.737      0.025     29.119      0.000
    SCSF1_7            0.757      0.025     30.721      0.000
    SCSF1_8            0.716      0.024     29.875      0.000
    SCSF1_10           0.741      0.037     20.148      0.000

Class 2

    Observed                                        Two-Tailed
    Variable        Estimate       S.E.  Est./S.E.    P-Value

    SCSF1_5            0.679      0.037     18.569      0.000
    SCSF1_6            0.688      0.030     23.237      0.000
    SCSF1_7            0.719      0.027     26.318      0.000
    SCSF1_8            0.679      0.027     25.440      0.000
    SCSF1_10           0.697      0.044     15.995      0.000


QUALITY OF NUMERICAL RESULTS

     Condition Number for the Information Matrix              0.117E-03
       (ratio of smallest to largest eigenvalue)


     Beginning Time:  11:11:05
        Ending Time:  11:11:17
       Elapsed Time:  00:00:12



MUTHEN & MUTHEN
3463 Stoner Ave.
Los Angeles, CA  90066

Tel: (310) 391-9971
Fax: (310) 391-8971
Web: www.StatModel.com
Support: Support@StatModel.com

Copyright (c) 1998-2019 Muthen & Muthen
