Mplus VERSION 8.3
MUTHEN & MUTHEN
07/30/2020  11:03 AM

INPUT INSTRUCTIONS

  TITLE: Your title goes here

   DATA: FILE = data.dta;

   VARIABLE:

   NAMES = pidp gridmode mm hidp_5 hidp_6 hidp_7 hidp_8 hidp_9 hidp_10 indmode_5
       indmode_6 indmode_7 indmode_8 indmode_9 indmode_10 mode_type_all mode_type_no9
       mode_type_567 mode_type_7 all no9 p567 p7 switch_all switch_no9 switch_567
       switch_7 lkmove_5 xpmove_5 caruse_5 mobuse_5 netpuse_5 aidxhh_5 jbhas_5 j2has_5
       finnow_5 finfut_5 howlng_5 vote1_5 vote6_5 scsf1_5 scsf2a_5 scsf2b_5 scsf3a_5
       scsf3b_5 scsf4a_5 scsf4b_5 scsf5_5 scsf6a_5 scsf6b_5 scsf6c_5 scsf7_5 scghqa_5
       scghqb_5 scghqc_5 scghqd_5 scghqe_5 scghqf_5 scghqg_5 scghqh_5 scghqi_5
       scghqj_5 scghqk_5 scghql_5 lkmove_6 xpmove_6 caruse_6 mobuse_6 netpuse_6
       aidxhh_6 jbhas_6 j2has_6 finnow_6 finfut_6 howlng_6 vote1_6 vote6_6 scsf1_6
       scsf2a_6 scsf2b_6 scsf3a_6 scsf3b_6 scsf4a_6 scsf4b_6 scsf5_6 scsf6a_6 scsf6b_6
       scsf6c_6 scsf7_6 scghqa_6 scghqb_6 scghqc_6 scghqd_6 scghqe_6 scghqf_6 scghqg_6
       scghqh_6 scghqi_6 scghqj_6 scghqk_6 scghql_6 lkmove_7 xpmove_7 caruse_7
       mobuse_7 netpuse_7 smoker_7 aidxhh_7 jbhas_7 jbterm1_7 jbsemp_7 j2has_7
       fiyrdia_7 finnow_7 finfut_7 howlng_7 vote1_7 vote6_7 scsf2a_7 scsf2b_7 scsf3a_7
       scsf3b_7 scsf4a_7 scsf4b_7 scsf5_7 scsf6a_7 scsf6b_7 scsf6c_7 scsf7_7 scghqa_7
       scghqb_7 scghqc_7 scghqd_7 scghqe_7 scghqf_7 scghqg_7 scghqh_7 scghqi_7
       scghqj_7 scghqk_7 scghql_7 scsf1_7 lkmove_8 xpmove_8 caruse_8 mobuse_8
       netpuse_8 smoker_8 aidxhh_8 jbhas_8 jbterm1_8 jbsemp_8 j2has_8 fiyrdia_8
       finnow_8 finfut_8 scsf2a_8 scsf2b_8 scsf3a_8 scsf3b_8 scsf4a_8 scsf4b_8 scsf5_8
       scsf6a_8 scsf6b_8 scsf6c_8 scsf7_8 scghqa_8 scghqb_8 scghqc_8 scghqd_8 scghqe_8
       scghqf_8 scghqg_8 scghqh_8 scghqi_8 scghqj_8 scghqk_8 scghql_8 scsf1_8 mobuse_9
       netpuse_9 smoker_9 jbhas_9 jbterm1_9 jbsemp_9 j2has_9 fiyrdia_9 finnow_9
       finfut_9 lkmove_10 xpmove_10 mobuse_10 netpuse_10 smoker_10 aidxhh_10 jbhas_10
       jbterm1_10 jbsemp_10 j2has_10 fiyrdia_10 finnow_10 finfut_10 scsf1_10 scsf2a_10
       scsf2b_10 scsf3a_10 scsf3b_10 scsf4a_10 scsf4b_10 scsf5_10 scsf6a_10 scsf6b_10
       scsf6c_10 scsf7_10 scghqa_10 scghqb_10 scghqc_10 scghqd_10 scghqe_10 scghqf_10
       scghqg_10 scghqh_10 scghqi_10 scghqj_10 scghqk_10 scghql_10 edu agecat female
       partner sf1 longill london north urban refresh Higher A level GCSE Other age_35
       age_55 age_75 age_102 pred_all pred_no9 pred_p567 pred_p7 pred_all_w pred_no9_w
       pred_p567_w pred_p7_w;

   MISSING=.;

   USEVARIABLES ARE
   finfut_5
   finfut_6
   finfut_7
   finfut_8
   finfut_9
   finfut_10;

   CATEGORICAL ARE
   finfut_5
   finfut_6
   finfut_7
   finfut_8
   finfut_9
   finfut_10;
   CLASSES = c(2);

    KNOWNCLASS = c(all= 1 2);
  WEIGHT IS pred_all_w;

   ANALYSIS:


      TYPE = MIXTURE;

      ESTIMATOR = MLR;

      ALGORITHM = INTEGRATION;

      Processors = 8(starts);

      STARTS = 400 100;

   Model:


      %OVERALL%

  i s | finfut_5@0 finfut_6@1 finfut_7@2 finfut_8@3 finfut_9@4 finfut_10@5;

   %c#1%
  [s] (a);
   s (b);
   s WITH i (c);
   i (d);

   %c#2%
  [s] (a);
   s (b);
   s WITH i (c);
   i (d);

   OUTPUT: SAMPSTAT;

                                  STDYX;




*** WARNING in VARIABLE command
  Note that only the first 8 characters of variable names are used in the output.
  Shorten variable names to avoid any confusion.
*** WARNING
  Data set contains unknown or missing values for variable ALL.
  This variable is used to determine the KNOWNCLASS specification.
  Number of such cases:  91
*** WARNING
  Data set contains cases with missing on all variables.
  These cases were not included in the analysis.
  Number of cases with missing on all variables:  20
   3 WARNING(S) FOUND IN THE INPUT INSTRUCTIONS



Your title goes here

SUMMARY OF ANALYSIS

Number of groups                                                 1
Number of observations                                        1946

Number of dependent variables                                    6
Number of independent variables                                  0
Number of continuous latent variables                            2
Number of categorical latent variables                           1

Observed dependent variables

  Binary and ordered categorical (ordinal)
   FINFUT_5    FINFUT_6    FINFUT_7    FINFUT_8    FINFUT_9    FINFUT_1

Continuous latent variables
   I           S

Categorical latent variables
   C

  Knownclass            C

Variables with special functions

  Weight variable       PRED_ALL

Estimator                                                      MLR
Information matrix                                        OBSERVED
Optimization Specifications for the Quasi-Newton Algorithm for
Continuous Outcomes
  Maximum number of iterations                                 100
  Convergence criterion                                  0.100D-05
Optimization Specifications for the EM Algorithm
  Maximum number of iterations                                 500
  Convergence criteria
    Loglikelihood change                                 0.100D-02
    Relative loglikelihood change                        0.100D-05
    Derivative                                           0.100D-02
Optimization Specifications for the M step of the EM Algorithm for
Categorical Latent variables
  Number of M step iterations                                    1
  M step convergence criterion                           0.100D-02
  Basis for M step termination                           ITERATION
Optimization Specifications for the M step of the EM Algorithm for
Censored, Binary or Ordered Categorical (Ordinal), Unordered
Categorical (Nominal) and Count Outcomes
  Number of M step iterations                                    1
  M step convergence criterion                           0.100D-02
  Basis for M step termination                           ITERATION
  Maximum value for logit thresholds                            15
  Minimum value for logit thresholds                           -15
  Minimum expected cell size for chi-square              0.100D-01
Maximum number of iterations for H1                           2000
Convergence criterion for H1                             0.100D-03
Optimization algorithm                                         EMA
Integration Specifications
  Type                                                    STANDARD
  Number of integration points                                  15
  Dimensions of numerical integration                            2
  Adaptive quadrature                                           ON
Random Starts Specifications
  Number of initial stage random starts                        400
  Number of final stage optimizations                          100
  Number of initial stage iterations                            10
  Initial stage convergence criterion                    0.100D+01
  Random starts scale                                    0.500D+01
  Random seed for generating random starts                       0
Link                                                         LOGIT
Cholesky                                                        ON

Input data file(s)
  data.dta
Input data format  FREE


SUMMARY OF DATA

     Number of missing data patterns            61
     Number of y missing data patterns           0
     Number of u missing data patterns          61


COVARIANCE COVERAGE OF DATA

Minimum covariance coverage value   0.100


     PROPORTION OF DATA PRESENT FOR U


           Covariance Coverage
              FINFUT_5      FINFUT_6      FINFUT_7      FINFUT_8      FINFUT_9
              ________      ________      ________      ________      ________
 FINFUT_5       0.501
 FINFUT_6       0.420         0.506
 FINFUT_7       0.345         0.378         0.587
 FINFUT_8       0.319         0.354         0.471         0.562
 FINFUT_9       0.300         0.331         0.437         0.466         0.538
 FINFUT_1       0.284         0.310         0.392         0.422         0.433


           Covariance Coverage
              FINFUT_1
              ________
 FINFUT_1       0.625


UNIVARIATE PROPORTIONS AND COUNTS FOR CATEGORICAL VARIABLES

    FINFUT_5
      Category 1    0.155          244.822
      Category 2    0.628          994.542
      Category 3    0.217          344.047
    FINFUT_6
      Category 1    0.166          263.719
      Category 2    0.626          994.479
      Category 3    0.208          329.663
    FINFUT_7
      Category 1    0.168          209.762
      Category 2    0.678          848.202
      Category 3    0.155          193.845
    FINFUT_8
      Category 1    0.184          210.767
      Category 2    0.683          782.344
      Category 3    0.133          152.164
    FINFUT_9
      Category 1    0.164          173.306
      Category 2    0.688          728.670
      Category 3    0.149          157.662
    FINFUT_1
      Category 1    0.170          165.559
      Category 2    0.672          653.337
      Category 3    0.158          153.200


SAMPLE STATISTICS

RANDOM STARTS RESULTS RANKED FROM THE BEST TO THE WORST LOGLIKELIHOOD VALUES

Final stage loglikelihood values at local maxima, seeds, and initial stage start numbers:

           -7312.144  692169           308
           -7312.144  688839           273
           -7312.144  644297           340
           -7312.144  625191           350
           -7312.144  66276            217
           -7312.144  7959             256
           -7312.144  393232           152
           -7312.144  188498           258
           -7312.144  422103           62
           -7312.144  903420           5
           -7312.144  264081           186
           -7312.144  514326           325
           -7312.144  30098            209
           -7312.144  185071           370
           -7312.144  210870           383
           -7312.144  467339           66
           -7312.144  370466           41
           -7312.144  232226           235
           -7312.144  545140           278
           -7312.144  268217           83
           -7312.144  92689            304
           -7312.144  349562           359
           -7312.144  360419           356
           -7312.144  928287           197
           -7312.144  321390           133
           -7312.144  722748           346
           -7312.144  414284           158
           -7312.144  100874           108
           -7312.144  207896           25
           -7312.144  992389           77
           -7312.144  475420           71
           -7312.144  576596           99
           -7312.144  303634           169
           -7312.144  76974            16
           -7312.144  856536           144
           -7312.144  215353           164
           -7312.144  182524           373
           -7312.144  717754           180
           -7312.144  913639           162
           -7312.144  unperturbed      0
           -7312.144  783165           170
           -7312.144  563002           360
           -7312.144  626891           32
           -7312.144  387701           275
           -7312.144  798839           312
           -7312.144  263268           165
           -7312.144  455617           242
           -7312.144  568859           49
           -7312.144  131856           90
           -7312.144  967237           48
           -7312.144  840078           203
           -7312.144  246261           38
           -7312.144  695155           150
           -7312.144  509733           130
           -7312.144  939709           112
           -7312.144  193847           354
           -7312.144  836515           341
           -7312.144  642909           251
           -7312.144  696773           80
           -7312.144  576726           280
           -7312.144  12477            155
           -7312.144  637345           19
           -7312.144  945065           255
           -7312.144  849670           347
           -7312.144  724519           333
           -7312.144  268896           124
           -7312.144  991329           182
           -7312.144  349263           263
           -7312.144  107446           12
           -7312.144  73576            213
           -7312.144  436460           89
           -7312.144  354208           196
           -7312.144  691234           250
           -7312.144  418686           338
           -7312.144  602797           336
           -7312.144  124999           96
           -7312.144  635245           121
           -7312.144  544048           87
           -7312.144  65651            214
           -7312.144  616917           261
           -7312.144  391949           295
           -7312.144  464179           106
           -7312.144  192071           142
           -7312.144  481835           57
           -7312.144  22362            365
           -7312.144  267983           228
           -7312.144  471438           252
           -7312.144  440841           118
           -7312.144  123985           248
           -7312.144  253358           2
           -7312.144  871722           355
           -7312.145  617243           237
           -7312.145  939021           8
           -7312.145  777045           377
           -7312.145  371246           101
           -7312.145  997222           229
           -7312.148  551639           55
           -7312.148  395754           388
           -7312.149  794236           127
           -7312.149  801717           364



THE BEST LOGLIKELIHOOD VALUE HAS BEEN REPLICATED.  RERUN WITH AT LEAST TWICE THE
RANDOM STARTS TO CHECK THAT THE BEST LOGLIKELIHOOD IS STILL OBTAINED AND REPLICATED.


THE MODEL ESTIMATION TERMINATED NORMALLY



MODEL FIT INFORMATION

Number of Free Parameters                        8

Loglikelihood

          H0 Value                       -7312.144
          H0 Scaling Correction Factor      1.9308
            for MLR

Information Criteria

          Akaike (AIC)                   14640.289
          Bayesian (BIC)                 14684.877
          Sample-Size Adjusted BIC       14659.461
            (n* = (n + 2) / 24)

Chi-Square Test of Model Fit for the Binary and Ordered Categorical
(Ordinal) Outcomes**

          Pearson Chi-Square

          Value                           2718.483
          Degrees of Freedom                  1416
          P-Value                           0.0000

          Likelihood Ratio Chi-Square

          Value                            903.165
          Degrees of Freedom                  1416
          P-Value                           1.0000

** Of the 3987 cells in the latent class indicator table, 18
   were deleted in the calculation of chi-square due to extreme values.

Chi-Square Test for MCAR under the Unrestricted Latent Class Indicator Model

          Pearson Chi-Square

          Value                           3722.241
          Degrees of Freedom                  6395
          P-Value                           1.0000

          Likelihood Ratio Chi-Square

          Value                           2349.997
          Degrees of Freedom                  6395
          P-Value                           1.0000



FINAL CLASS COUNTS AND PROPORTIONS FOR THE LATENT CLASSES
BASED ON THE ESTIMATED MODEL

    Latent
   Classes

       1       1276.55290          0.65599
       2        669.44710          0.34401


MODEL RESULTS

                                                    Two-Tailed
                    Estimate       S.E.  Est./S.E.    P-Value

Latent Class 1 (1)

 I        |
    FINFUT_5           1.000      0.000    999.000    999.000
    FINFUT_6           1.000      0.000    999.000    999.000
    FINFUT_7           1.000      0.000    999.000    999.000
    FINFUT_8           1.000      0.000    999.000    999.000
    FINFUT_9           1.000      0.000    999.000    999.000
    FINFUT_10          1.000      0.000    999.000    999.000

 S        |
    FINFUT_5           0.000      0.000    999.000    999.000
    FINFUT_6           1.000      0.000    999.000    999.000
    FINFUT_7           2.000      0.000    999.000    999.000
    FINFUT_8           3.000      0.000    999.000    999.000
    FINFUT_9           4.000      0.000    999.000    999.000
    FINFUT_10          5.000      0.000    999.000    999.000

 S        WITH
    I                 -0.284      0.091     -3.121      0.002

 Means
    I                 -0.087      0.133     -0.655      0.512
    S                 -0.098      0.023     -4.208      0.000

 Thresholds
    FINFUT_5$1        -2.568      0.140    -18.327      0.000
    FINFUT_5$2         2.115      0.136     15.528      0.000
    FINFUT_6$1        -2.568      0.140    -18.327      0.000
    FINFUT_6$2         2.115      0.136     15.528      0.000
    FINFUT_7$1        -2.568      0.140    -18.327      0.000
    FINFUT_7$2         2.115      0.136     15.528      0.000
    FINFUT_8$1        -2.568      0.140    -18.327      0.000
    FINFUT_8$2         2.115      0.136     15.528      0.000
    FINFUT_9$1        -2.568      0.140    -18.327      0.000
    FINFUT_9$2         2.115      0.136     15.528      0.000
    FINFUT_1$1        -2.568      0.140    -18.327      0.000
    FINFUT_1$2         2.115      0.136     15.528      0.000

 Variances
    I                  3.864      0.465      8.305      0.000
    S                  0.079      0.029      2.723      0.006

Latent Class 2 (2)

 I        |
    FINFUT_5           1.000      0.000    999.000    999.000
    FINFUT_6           1.000      0.000    999.000    999.000
    FINFUT_7           1.000      0.000    999.000    999.000
    FINFUT_8           1.000      0.000    999.000    999.000
    FINFUT_9           1.000      0.000    999.000    999.000
    FINFUT_10          1.000      0.000    999.000    999.000

 S        |
    FINFUT_5           0.000      0.000    999.000    999.000
    FINFUT_6           1.000      0.000    999.000    999.000
    FINFUT_7           2.000      0.000    999.000    999.000
    FINFUT_8           3.000      0.000    999.000    999.000
    FINFUT_9           4.000      0.000    999.000    999.000
    FINFUT_10          5.000      0.000    999.000    999.000

 S        WITH
    I                 -0.284      0.091     -3.121      0.002

 Means
    I                  0.000      0.000    999.000    999.000
    S                 -0.098      0.023     -4.208      0.000

 Thresholds
    FINFUT_5$1        -2.568      0.140    -18.327      0.000
    FINFUT_5$2         2.115      0.136     15.528      0.000
    FINFUT_6$1        -2.568      0.140    -18.327      0.000
    FINFUT_6$2         2.115      0.136     15.528      0.000
    FINFUT_7$1        -2.568      0.140    -18.327      0.000
    FINFUT_7$2         2.115      0.136     15.528      0.000
    FINFUT_8$1        -2.568      0.140    -18.327      0.000
    FINFUT_8$2         2.115      0.136     15.528      0.000
    FINFUT_9$1        -2.568      0.140    -18.327      0.000
    FINFUT_9$2         2.115      0.136     15.528      0.000
    FINFUT_1$1        -2.568      0.140    -18.327      0.000
    FINFUT_1$2         2.115      0.136     15.528      0.000

 Variances
    I                  3.864      0.465      8.305      0.000
    S                  0.079      0.029      2.723      0.006

Categorical Latent Variables

 Means
    C#1                0.645      0.066      9.814      0.000


STANDARDIZED MODEL RESULTS


STDYX Standardization

                                                    Two-Tailed
                    Estimate       S.E.  Est./S.E.    P-Value

Latent Class 1 (1)

 I        |
    FINFUT_5           0.735      0.020     36.120      0.000
    FINFUT_6           0.761      0.027     28.169      0.000
    FINFUT_7           0.781      0.033     23.468      0.000
    FINFUT_8           0.792      0.038     20.835      0.000
    FINFUT_9           0.792      0.041     19.338      0.000
    FINFUT_10          0.783      0.043     18.279      0.000

 S        |
    FINFUT_5           0.000      0.000    999.000    999.000
    FINFUT_6           0.109      0.019      5.760      0.000
    FINFUT_7           0.224      0.040      5.613      0.000
    FINFUT_8           0.340      0.061      5.593      0.000
    FINFUT_9           0.454      0.080      5.708      0.000
    FINFUT_10          0.561      0.094      5.966      0.000

 S        WITH
    I                 -0.513      0.076     -6.714      0.000

 Means
    I                 -0.044      0.068     -0.653      0.513
    S                 -0.350      0.095     -3.674      0.000

 Thresholds
    FINFUT_5$1        -0.960      0.051    -18.691      0.000
    FINFUT_5$2         0.791      0.050     15.866      0.000
    FINFUT_6$1        -0.995      0.052    -19.288      0.000
    FINFUT_6$2         0.819      0.051     16.191      0.000
    FINFUT_7$1        -1.020      0.052    -19.531      0.000
    FINFUT_7$2         0.840      0.052     16.162      0.000
    FINFUT_8$1        -1.034      0.053    -19.653      0.000
    FINFUT_8$2         0.852      0.053     15.925      0.000
    FINFUT_9$1        -1.035      0.053    -19.651      0.000
    FINFUT_9$2         0.853      0.055     15.518      0.000
    FINFUT_1$1        -1.023      0.053    -19.182      0.000
    FINFUT_1$2         0.843      0.057     14.848      0.000

 Variances
    I                  1.000      0.000    999.000    999.000
    S                  1.000      0.000    999.000    999.000

Latent Class 2 (2)

 I        |
    FINFUT_5           0.735      0.020     36.120      0.000
    FINFUT_6           0.761      0.027     28.169      0.000
    FINFUT_7           0.781      0.033     23.468      0.000
    FINFUT_8           0.792      0.038     20.835      0.000
    FINFUT_9           0.792      0.041     19.338      0.000
    FINFUT_10          0.783      0.043     18.279      0.000

 S        |
    FINFUT_5           0.000      0.000    999.000    999.000
    FINFUT_6           0.109      0.019      5.760      0.000
    FINFUT_7           0.224      0.040      5.613      0.000
    FINFUT_8           0.340      0.061      5.593      0.000
    FINFUT_9           0.454      0.080      5.708      0.000
    FINFUT_10          0.561      0.094      5.966      0.000

 S        WITH
    I                 -0.513      0.076     -6.714      0.000

 Means
    I                  0.000      0.000    999.000    999.000
    S                 -0.350      0.095     -3.674      0.000

 Thresholds
    FINFUT_5$1        -0.960      0.051    -18.691      0.000
    FINFUT_5$2         0.791      0.050     15.866      0.000
    FINFUT_6$1        -0.995      0.052    -19.288      0.000
    FINFUT_6$2         0.819      0.051     16.191      0.000
    FINFUT_7$1        -1.020      0.052    -19.531      0.000
    FINFUT_7$2         0.840      0.052     16.162      0.000
    FINFUT_8$1        -1.034      0.053    -19.653      0.000
    FINFUT_8$2         0.852      0.053     15.925      0.000
    FINFUT_9$1        -1.035      0.053    -19.651      0.000
    FINFUT_9$2         0.853      0.055     15.518      0.000
    FINFUT_1$1        -1.023      0.053    -19.182      0.000
    FINFUT_1$2         0.843      0.057     14.848      0.000

 Variances
    I                  1.000      0.000    999.000    999.000
    S                  1.000      0.000    999.000    999.000


R-SQUARE

Class 1

    Observed                                        Two-Tailed
    Variable        Estimate       S.E.  Est./S.E.    P-Value

    FINFUT_5           0.540      0.030     18.060      0.000
    FINFUT_6           0.506      0.026     19.460      0.000
    FINFUT_7           0.481      0.024     19.884      0.000
    FINFUT_8           0.466      0.025     18.677      0.000
    FINFUT_9           0.465      0.029     16.248      0.000
    FINFUT_1           0.478      0.035     13.579      0.000

Class 2

    Observed                                        Two-Tailed
    Variable        Estimate       S.E.  Est./S.E.    P-Value

    FINFUT_5           0.540      0.030     18.060      0.000
    FINFUT_6           0.506      0.026     19.460      0.000
    FINFUT_7           0.481      0.024     19.884      0.000
    FINFUT_8           0.466      0.025     18.677      0.000
    FINFUT_9           0.465      0.029     16.248      0.000
    FINFUT_1           0.478      0.035     13.579      0.000


QUALITY OF NUMERICAL RESULTS

     Condition Number for the Information Matrix              0.552E-02
       (ratio of smallest to largest eigenvalue)


     Beginning Time:  11:03:04
        Ending Time:  11:06:58
       Elapsed Time:  00:03:54



MUTHEN & MUTHEN
3463 Stoner Ave.
Los Angeles, CA  90066

Tel: (310) 391-9971
Fax: (310) 391-8971
Web: www.StatModel.com
Support: Support@StatModel.com

Copyright (c) 1998-2019 Muthen & Muthen
