Mplus VERSION 8.3
MUTHEN & MUTHEN
07/30/2020   1:21 PM

INPUT INSTRUCTIONS

  TITLE: Your title goes here

   DATA: FILE = data.dta;

   VARIABLE:

   NAMES = pidp gridmode mm hidp_5 hidp_6 hidp_7 hidp_8 hidp_9 hidp_10 indmode_5
       indmode_6 indmode_7 indmode_8 indmode_9 indmode_10 mode_type_all mode_type_no9
       mode_type_567 mode_type_7 all no9 p567 p7 switch_all switch_no9 switch_567
       switch_7 lkmove_5 xpmove_5 caruse_5 mobuse_5 netpuse_5 aidxhh_5 jbhas_5 j2has_5
       finnow_5 finfut_5 howlng_5 vote1_5 vote6_5 scsf1_5 scsf2a_5 scsf2b_5 scsf3a_5
       scsf3b_5 scsf4a_5 scsf4b_5 scsf5_5 scsf6a_5 scsf6b_5 scsf6c_5 scsf7_5 scghqa_5
       scghqb_5 scghqc_5 scghqd_5 scghqe_5 scghqf_5 scghqg_5 scghqh_5 scghqi_5
       scghqj_5 scghqk_5 scghql_5 lkmove_6 xpmove_6 caruse_6 mobuse_6 netpuse_6
       aidxhh_6 jbhas_6 j2has_6 finnow_6 finfut_6 howlng_6 vote1_6 vote6_6 scsf1_6
       scsf2a_6 scsf2b_6 scsf3a_6 scsf3b_6 scsf4a_6 scsf4b_6 scsf5_6 scsf6a_6 scsf6b_6
       scsf6c_6 scsf7_6 scghqa_6 scghqb_6 scghqc_6 scghqd_6 scghqe_6 scghqf_6 scghqg_6
       scghqh_6 scghqi_6 scghqj_6 scghqk_6 scghql_6 lkmove_7 xpmove_7 caruse_7
       mobuse_7 netpuse_7 smoker_7 aidxhh_7 jbhas_7 jbterm1_7 jbsemp_7 j2has_7
       fiyrdia_7 finnow_7 finfut_7 howlng_7 vote1_7 vote6_7 scsf2a_7 scsf2b_7 scsf3a_7
       scsf3b_7 scsf4a_7 scsf4b_7 scsf5_7 scsf6a_7 scsf6b_7 scsf6c_7 scsf7_7 scghqa_7
       scghqb_7 scghqc_7 scghqd_7 scghqe_7 scghqf_7 scghqg_7 scghqh_7 scghqi_7
       scghqj_7 scghqk_7 scghql_7 scsf1_7 lkmove_8 xpmove_8 caruse_8 mobuse_8
       netpuse_8 smoker_8 aidxhh_8 jbhas_8 jbterm1_8 jbsemp_8 j2has_8 fiyrdia_8
       finnow_8 finfut_8 scsf2a_8 scsf2b_8 scsf3a_8 scsf3b_8 scsf4a_8 scsf4b_8 scsf5_8
       scsf6a_8 scsf6b_8 scsf6c_8 scsf7_8 scghqa_8 scghqb_8 scghqc_8 scghqd_8 scghqe_8
       scghqf_8 scghqg_8 scghqh_8 scghqi_8 scghqj_8 scghqk_8 scghql_8 scsf1_8 mobuse_9
       netpuse_9 smoker_9 jbhas_9 jbterm1_9 jbsemp_9 j2has_9 fiyrdia_9 finnow_9
       finfut_9 lkmove_10 xpmove_10 mobuse_10 netpuse_10 smoker_10 aidxhh_10 jbhas_10
       jbterm1_10 jbsemp_10 j2has_10 fiyrdia_10 finnow_10 finfut_10 scsf1_10 scsf2a_10
       scsf2b_10 scsf3a_10 scsf3b_10 scsf4a_10 scsf4b_10 scsf5_10 scsf6a_10 scsf6b_10
       scsf6c_10 scsf7_10 scghqa_10 scghqb_10 scghqc_10 scghqd_10 scghqe_10 scghqf_10
       scghqg_10 scghqh_10 scghqi_10 scghqj_10 scghqk_10 scghql_10 edu agecat female
       partner sf1 longill london north urban refresh Higher A level GCSE Other age_35
       age_55 age_75 age_102 pred_all pred_no9 pred_p567 pred_p7 pred_all_w pred_no9_w
       pred_p567_w pred_p7_w;

   MISSING=.;

   USEVARIABLES ARE
   mobuse_5
   mobuse_6
   mobuse_7
   mobuse_8
   mobuse_9
   mobuse_10;

   CATEGORICAL ARE
   mobuse_5
   mobuse_6
   mobuse_7
   mobuse_8
   mobuse_9
   mobuse_10;
   CLASSES = c(2);

    KNOWNCLASS = c(all= 1 2);
  WEIGHT IS pred_all_w;

   ANALYSIS:


      TYPE = MIXTURE;

      ESTIMATOR = MLR;

      ALGORITHM = INTEGRATION;

      Processors = 8(starts);

      STARTS = 400 100;

   Model:


      %OVERALL%

  i s | mobuse_5@0 mobuse_6@1 mobuse_7@2 mobuse_8@3 mobuse_9@4 mobuse_10@5;

   %c#1%
  [s] ;
   s ;
   s WITH i ;
   i ;

   %c#2%
  [s] ;
   s ;
   s WITH i ;
   i ;

   OUTPUT: SAMPSTAT;

                                  STDYX;




*** WARNING in VARIABLE command
  Note that only the first 8 characters of variable names are used in the output.
  Shorten variable names to avoid any confusion.
*** WARNING
  Data set contains unknown or missing values for variable ALL.
  This variable is used to determine the KNOWNCLASS specification.
  Number of such cases:  91
*** WARNING
  Data set contains cases with missing on all variables.
  These cases were not included in the analysis.
  Number of cases with missing on all variables:  2
   3 WARNING(S) FOUND IN THE INPUT INSTRUCTIONS



Your title goes here

SUMMARY OF ANALYSIS

Number of groups                                                 1
Number of observations                                        1964

Number of dependent variables                                    6
Number of independent variables                                  0
Number of continuous latent variables                            2
Number of categorical latent variables                           1

Observed dependent variables

  Binary and ordered categorical (ordinal)
   MOBUSE_5    MOBUSE_6    MOBUSE_7    MOBUSE_8    MOBUSE_9    MOBUSE_1

Continuous latent variables
   I           S

Categorical latent variables
   C

  Knownclass            C

Variables with special functions

  Weight variable       PRED_ALL

Estimator                                                      MLR
Information matrix                                        OBSERVED
Optimization Specifications for the Quasi-Newton Algorithm for
Continuous Outcomes
  Maximum number of iterations                                 100
  Convergence criterion                                  0.100D-05
Optimization Specifications for the EM Algorithm
  Maximum number of iterations                                 500
  Convergence criteria
    Loglikelihood change                                 0.100D-02
    Relative loglikelihood change                        0.100D-05
    Derivative                                           0.100D-02
Optimization Specifications for the M step of the EM Algorithm for
Categorical Latent variables
  Number of M step iterations                                    1
  M step convergence criterion                           0.100D-02
  Basis for M step termination                           ITERATION
Optimization Specifications for the M step of the EM Algorithm for
Censored, Binary or Ordered Categorical (Ordinal), Unordered
Categorical (Nominal) and Count Outcomes
  Number of M step iterations                                    1
  M step convergence criterion                           0.100D-02
  Basis for M step termination                           ITERATION
  Maximum value for logit thresholds                            15
  Minimum value for logit thresholds                           -15
  Minimum expected cell size for chi-square              0.100D-01
Maximum number of iterations for H1                           2000
Convergence criterion for H1                             0.100D-03
Optimization algorithm                                         EMA
Integration Specifications
  Type                                                    STANDARD
  Number of integration points                                  15
  Dimensions of numerical integration                            2
  Adaptive quadrature                                           ON
Random Starts Specifications
  Number of initial stage random starts                        400
  Number of final stage optimizations                          100
  Number of initial stage iterations                            10
  Initial stage convergence criterion                    0.100D+01
  Random starts scale                                    0.500D+01
  Random seed for generating random starts                       0
Link                                                         LOGIT
Cholesky                                                        ON

Input data file(s)
  data.dta
Input data format  FREE


SUMMARY OF DATA

     Number of missing data patterns            59
     Number of y missing data patterns           0
     Number of u missing data patterns          59


COVARIANCE COVERAGE OF DATA

Minimum covariance coverage value   0.100


     PROPORTION OF DATA PRESENT FOR U


           Covariance Coverage
              MOBUSE_5      MOBUSE_6      MOBUSE_7      MOBUSE_8      MOBUSE_9
              ________      ________      ________      ________      ________
 MOBUSE_5       0.525
 MOBUSE_6       0.453         0.524
 MOBUSE_7       0.371         0.395         0.604
 MOBUSE_8       0.347         0.374         0.497         0.585
 MOBUSE_9       0.325         0.349         0.460         0.490         0.553
 MOBUSE_1       0.301         0.322         0.412         0.441         0.451


           Covariance Coverage
              MOBUSE_1
              ________
 MOBUSE_1       0.640


UNIVARIATE PROPORTIONS AND COUNTS FOR CATEGORICAL VARIABLES

    MOBUSE_5
      Category 1    0.141          237.672
      Category 2    0.859         1445.536
    MOBUSE_6
      Category 1    0.132          218.577
      Category 2    0.868         1443.372
    MOBUSE_7
      Category 1    0.097          128.422
      Category 2    0.903         1190.545
    MOBUSE_8
      Category 1    0.076           93.644
      Category 2    0.924         1134.196
    MOBUSE_9
      Category 1    0.081           91.075
      Category 2    0.919         1027.108
    MOBUSE_1
      Category 1    0.059           59.618
      Category 2    0.941          957.297


SAMPLE STATISTICS

RANDOM STARTS RESULTS RANKED FROM THE BEST TO THE WORST LOGLIKELIHOOD VALUES

Final stage loglikelihood values at local maxima, seeds, and initial stage start numbers:

           -2961.268  399848           220
           -2961.327  903369           134
           -2961.363  688839           273
           -2961.379  313407           132
           -2961.386  966014           37
           -2961.387  836066           372
           -2961.388  673496           218
           -2961.391  794236           127
           -2961.399  728038           177
           -2961.404  985387           381
           -2961.406  754100           56
           -2961.407  unperturbed      0
           -2961.410  73576            213
           -2961.411  182524           373
           -2961.414  79945            395
           -2961.414  568859           49
           -2961.420  391179           78
           -2961.425  568405           233
           -2961.426  801065           393
           -2961.427  263268           165
           -2961.434  483369           270
           -2961.435  863094           147
           -2961.443  232559           136
           -2961.443  923437           398
           -2961.444  443442           380
           -2961.445  840031           276
           -2961.446  679832           302
           -2961.447  350608           334
           -2961.447  358488           264
           -2961.447  342019           301
           -2961.451  297518           166
           -2961.451  220454           288
           -2961.452  85114            385
           -2961.452  871851           257
           -2961.453  347515           24
           -2961.453  68985            17
           -2961.457  156536           245
           -2961.457  273992           349
           -2961.458  752769           253
           -2961.463  438144           271
           -2961.463  383986           159
           -2961.463  281558           184
           -2961.465  637095           207
           -2961.465  405079           68
           -2961.466  529496           343
           -2961.467  997222           229
           -2961.474  930323           267
           -2961.477  915107           54
           -2961.478  595153           230
           -2961.484  602797           336
           -2961.486  22362            365
           -2961.505  694303           282
           -2961.507  396795           323
           -2961.507  318230           46
           -2961.508  783110           72
           -2961.509  749453           33
           -2961.513  804561           59
           -2961.515  202790           198
           -2961.517  499150           216
           -2961.521  268896           124
           -2961.522  418686           338
           -2961.524  415502           194
           -2961.528  848890           95
           -2961.535  23012            352
           -2961.539  563002           360
           -2961.550  891531           206
           -2961.553  626891           32
           -2961.568  644297           340
           -2961.580  70118            104
           -2961.597  373505           88
           -2961.597  973369           202
           -2961.598  701525           239
           -2961.601  370466           41
           -2961.604  392766           331
           -2961.609  813779           92
           -2961.611  603842           61
           -2961.621  281462           285
           -2961.635  153053           378
           -2961.643  848163           47
           -2961.646  268217           83
           -2961.670  724519           333
           -2961.673  284109           82
           -2961.677  695155           150
           -2961.679  991329           182
           -2961.701  860772           174
           -2961.713  821011           161
           -2961.729  246261           38
           -2961.740  354208           196
           -2961.742  414284           158
           -2961.763  25127            107
           -2961.773  417035           149
           -2961.781  215353           164
           -2961.782  467339           66
           -2961.783  127215           9
           -2961.785  464179           106
           -2961.785  625191           350
           -2961.786  960438           116
           -2961.823  715561           125
           -2961.829  391949           295
           -2961.901  366706           29



THE BEST LOGLIKELIHOOD VALUE HAS BEEN REPLICATED.  RERUN WITH AT LEAST TWICE THE
RANDOM STARTS TO CHECK THAT THE BEST LOGLIKELIHOOD IS STILL OBTAINED AND REPLICATED.


THE MODEL ESTIMATION TERMINATED NORMALLY



MODEL FIT INFORMATION

Number of Free Parameters                       11

Loglikelihood

          H0 Value                       -2961.268
          H0 Scaling Correction Factor      3.2175
            for MLR

Information Criteria

          Akaike (AIC)                    5944.535
          Bayesian (BIC)                  6005.945
          Sample-Size Adjusted BIC        5970.998
            (n* = (n + 2) / 24)

Chi-Square Test of Model Fit for the Binary and Ordered Categorical
(Ordinal) Outcomes**

          Pearson Chi-Square

          Value                            193.579
          Degrees of Freedom                   115
          P-Value                           0.0000

          Likelihood Ratio Chi-Square

          Value                            102.535
          Degrees of Freedom                   115
          P-Value                           0.7908

** Of the 692 cells in the latent class indicator table, 1
   were deleted in the calculation of chi-square due to extreme values.

Chi-Square Test for MCAR under the Unrestricted Latent Class Indicator Model

          Pearson Chi-Square

          Value                            807.359
          Degrees of Freedom                  1139
          P-Value                           1.0000

          Likelihood Ratio Chi-Square

          Value                            511.023
          Degrees of Freedom                  1139
          P-Value                           1.0000



FINAL CLASS COUNTS AND PROPORTIONS FOR THE LATENT CLASSES
BASED ON THE ESTIMATED MODEL

    Latent
   Classes

       1       1288.66349          0.65614
       2        675.33651          0.34386


MODEL RESULTS

                                                    Two-Tailed
                    Estimate       S.E.  Est./S.E.    P-Value

Latent Class 1 (1)

 I        |
    MOBUSE_5           1.000      0.000    999.000    999.000
    MOBUSE_6           1.000      0.000    999.000    999.000
    MOBUSE_7           1.000      0.000    999.000    999.000
    MOBUSE_8           1.000      0.000    999.000    999.000
    MOBUSE_9           1.000      0.000    999.000    999.000
    MOBUSE_10          1.000      0.000    999.000    999.000

 S        |
    MOBUSE_5           0.000      0.000    999.000    999.000
    MOBUSE_6           1.000      0.000    999.000    999.000
    MOBUSE_7           2.000      0.000    999.000    999.000
    MOBUSE_8           3.000      0.000    999.000    999.000
    MOBUSE_9           4.000      0.000    999.000    999.000
    MOBUSE_10          5.000      0.000    999.000    999.000

 S        WITH
    I                 -1.244      3.292     -0.378      0.706

 Means
    I                 -5.932      9.505     -0.624      0.533
    S                  0.249      0.432      0.576      0.564

 Thresholds
    MOBUSE_5$1       -12.046      9.354     -1.288      0.198
    MOBUSE_6$1       -12.046      9.354     -1.288      0.198
    MOBUSE_7$1       -12.046      9.354     -1.288      0.198
    MOBUSE_8$1       -12.046      9.354     -1.288      0.198
    MOBUSE_9$1       -12.046      9.354     -1.288      0.198
    MOBUSE_1$1       -12.046      9.354     -1.288      0.198

 Variances
    I                 39.881     23.743      1.680      0.093
    S                  0.333      0.267      1.247      0.212

Latent Class 2 (2)

 I        |
    MOBUSE_5           1.000      0.000    999.000    999.000
    MOBUSE_6           1.000      0.000    999.000    999.000
    MOBUSE_7           1.000      0.000    999.000    999.000
    MOBUSE_8           1.000      0.000    999.000    999.000
    MOBUSE_9           1.000      0.000    999.000    999.000
    MOBUSE_10          1.000      0.000    999.000    999.000

 S        |
    MOBUSE_5           0.000      0.000    999.000    999.000
    MOBUSE_6           1.000      0.000    999.000    999.000
    MOBUSE_7           2.000      0.000    999.000    999.000
    MOBUSE_8           3.000      0.000    999.000    999.000
    MOBUSE_9           4.000      0.000    999.000    999.000
    MOBUSE_10          5.000      0.000    999.000    999.000

 S        WITH
    I                 -6.705     23.342     -0.287      0.774

 Means
    I                  0.000      0.000    999.000    999.000
    S                 -0.686      2.114     -0.325      0.745

 Thresholds
    MOBUSE_5$1       -12.046      9.354     -1.288      0.198
    MOBUSE_6$1       -12.046      9.354     -1.288      0.198
    MOBUSE_7$1       -12.046      9.354     -1.288      0.198
    MOBUSE_8$1       -12.046      9.354     -1.288      0.198
    MOBUSE_9$1       -12.046      9.354     -1.288      0.198
    MOBUSE_1$1       -12.046      9.354     -1.288      0.198

 Variances
    I                 79.784    168.656      0.473      0.636
    S                  0.737      2.591      0.285      0.776

Categorical Latent Variables

 Means
    C#1                0.646      0.066      9.838      0.000


STANDARDIZED MODEL RESULTS


STDYX Standardization

                                                    Two-Tailed
                    Estimate       S.E.  Est./S.E.    P-Value

Latent Class 1 (1)

 I        |
    MOBUSE_5           0.961      0.022     44.084      0.000
    MOBUSE_6           0.986      0.084     11.761      0.000
    MOBUSE_7           1.004      0.156      6.458      0.000
    MOBUSE_8           1.015      0.230      4.421      0.000
    MOBUSE_9           1.017      0.300      3.385      0.001
    MOBUSE_10          1.010      0.363      2.783      0.005

 S        |
    MOBUSE_5           0.000      0.000    999.000    999.000
    MOBUSE_6           0.090      0.029      3.105      0.002
    MOBUSE_7           0.184      0.064      2.848      0.004
    MOBUSE_8           0.278      0.108      2.580      0.010
    MOBUSE_9           0.372      0.159      2.339      0.019
    MOBUSE_10          0.462      0.216      2.143      0.032

 S        WITH
    I                 -0.341      0.727     -0.469      0.639

 Means
    I                 -0.939      1.578     -0.595      0.552
    S                  0.431      0.843      0.512      0.609

 Thresholds
    MOBUSE_5$1        -1.833      1.510     -1.214      0.225
    MOBUSE_6$1        -1.881      1.522     -1.236      0.216
    MOBUSE_7$1        -1.916      1.531     -1.252      0.211
    MOBUSE_8$1        -1.936      1.538     -1.259      0.208
    MOBUSE_9$1        -1.940      1.545     -1.256      0.209
    MOBUSE_1$1        -1.927      1.548     -1.245      0.213

 Variances
    I                  1.000      0.000    999.000    999.000
    S                  1.000      0.000    999.000    999.000

Latent Class 2 (2)

 I        |
    MOBUSE_5           0.980      0.041     23.891      0.000
    MOBUSE_6           1.065      0.185      5.739      0.000
    MOBUSE_7           1.161      0.394      2.947      0.003
    MOBUSE_8           1.270      0.689      1.843      0.065
    MOBUSE_9           1.391      1.098      1.266      0.205
    MOBUSE_10          1.522      1.643      0.926      0.354

 S        |
    MOBUSE_5           0.000      0.000    999.000    999.000
    MOBUSE_6           0.102      0.093      1.096      0.273
    MOBUSE_7           0.223      0.240      0.930      0.352
    MOBUSE_8           0.366      0.467      0.784      0.433
    MOBUSE_9           0.535      0.813      0.658      0.511
    MOBUSE_10          0.731      1.321      0.554      0.580

 S        WITH
    I                 -0.874      0.605     -1.445      0.148

 Means
    I                  0.000      0.000    999.000    999.000
    S                 -0.799      1.107     -0.722      0.470

 Thresholds
    MOBUSE_5$1        -1.322      0.323     -4.087      0.000
    MOBUSE_6$1        -1.436      0.186     -7.705      0.000
    MOBUSE_7$1        -1.566      0.178     -8.819      0.000
    MOBUSE_8$1        -1.712      0.492     -3.478      0.001
    MOBUSE_9$1        -1.876      0.990     -1.895      0.058
    MOBUSE_1$1        -2.052      1.672     -1.227      0.220

 Variances
    I                  1.000      0.000    999.000    999.000
    S                  1.000      0.000    999.000    999.000


R-SQUARE

Class 1

    Observed                                        Two-Tailed
    Variable        Estimate       S.E.  Est./S.E.    P-Value

    MOBUSE_5           0.924      0.042     22.042      0.000
    MOBUSE_6           0.920      0.036     25.229      0.000
    MOBUSE_7           0.917      0.031     29.315      0.000
    MOBUSE_8           0.915      0.029     31.953      0.000
    MOBUSE_9           0.915      0.030     30.379      0.000
    MOBUSE_1           0.916      0.035     26.539      0.000

Class 2

    Observed                                        Two-Tailed
    Variable        Estimate       S.E.  Est./S.E.    P-Value

    MOBUSE_5           0.960      0.080     11.945      0.000
    MOBUSE_6           0.953      0.083     11.490      0.000
    MOBUSE_7           0.944      0.081     11.597      0.000
    MOBUSE_8           0.934      0.073     12.790      0.000
    MOBUSE_9           0.920      0.056     16.329      0.000
    MOBUSE_1           0.905      0.051     17.749      0.000


QUALITY OF NUMERICAL RESULTS

     Condition Number for the Information Matrix              0.576E-04
       (ratio of smallest to largest eigenvalue)


     Beginning Time:  13:21:13
        Ending Time:  13:22:45
       Elapsed Time:  00:01:32



MUTHEN & MUTHEN
3463 Stoner Ave.
Los Angeles, CA  90066

Tel: (310) 391-9971
Fax: (310) 391-8971
Web: www.StatModel.com
Support: Support@StatModel.com

Copyright (c) 1998-2019 Muthen & Muthen
