Mplus VERSION 8.3
MUTHEN & MUTHEN
07/31/2020   9:18 AM

INPUT INSTRUCTIONS

  TITLE: Your title goes here

   DATA: FILE = data.dta;

   VARIABLE:

   NAMES = pidp gridmode mm hidp_5 hidp_6 hidp_7 hidp_8 hidp_9 hidp_10 indmode_5
       indmode_6 indmode_7 indmode_8 indmode_9 indmode_10 mode_type_all mode_type_no9
       mode_type_567 mode_type_7 all no9 p567 p7 switch_all switch_no9 switch_567
       switch_7 lkmove_5 xpmove_5 caruse_5 mobuse_5 netpuse_5 aidxhh_5 jbhas_5 j2has_5
       finnow_5 finfut_5 howlng_5 vote1_5 vote6_5 scsf1_5 scsf2a_5 scsf2b_5 scsf3a_5
       scsf3b_5 scsf4a_5 scsf4b_5 scsf5_5 scsf6a_5 scsf6b_5 scsf6c_5 scsf7_5 scghqa_5
       scghqb_5 scghqc_5 scghqd_5 scghqe_5 scghqf_5 scghqg_5 scghqh_5 scghqi_5
       scghqj_5 scghqk_5 scghql_5 lkmove_6 xpmove_6 caruse_6 mobuse_6 netpuse_6
       aidxhh_6 jbhas_6 j2has_6 finnow_6 finfut_6 howlng_6 vote1_6 vote6_6 scsf1_6
       scsf2a_6 scsf2b_6 scsf3a_6 scsf3b_6 scsf4a_6 scsf4b_6 scsf5_6 scsf6a_6 scsf6b_6
       scsf6c_6 scsf7_6 scghqa_6 scghqb_6 scghqc_6 scghqd_6 scghqe_6 scghqf_6 scghqg_6
       scghqh_6 scghqi_6 scghqj_6 scghqk_6 scghql_6 lkmove_7 xpmove_7 caruse_7
       mobuse_7 netpuse_7 smoker_7 aidxhh_7 jbhas_7 jbterm1_7 jbsemp_7 j2has_7
       fiyrdia_7 finnow_7 finfut_7 howlng_7 vote1_7 vote6_7 scsf2a_7 scsf2b_7 scsf3a_7
       scsf3b_7 scsf4a_7 scsf4b_7 scsf5_7 scsf6a_7 scsf6b_7 scsf6c_7 scsf7_7 scghqa_7
       scghqb_7 scghqc_7 scghqd_7 scghqe_7 scghqf_7 scghqg_7 scghqh_7 scghqi_7
       scghqj_7 scghqk_7 scghql_7 scsf1_7 lkmove_8 xpmove_8 caruse_8 mobuse_8
       netpuse_8 smoker_8 aidxhh_8 jbhas_8 jbterm1_8 jbsemp_8 j2has_8 fiyrdia_8
       finnow_8 finfut_8 scsf2a_8 scsf2b_8 scsf3a_8 scsf3b_8 scsf4a_8 scsf4b_8 scsf5_8
       scsf6a_8 scsf6b_8 scsf6c_8 scsf7_8 scghqa_8 scghqb_8 scghqc_8 scghqd_8 scghqe_8
       scghqf_8 scghqg_8 scghqh_8 scghqi_8 scghqj_8 scghqk_8 scghql_8 scsf1_8 mobuse_9
       netpuse_9 smoker_9 jbhas_9 jbterm1_9 jbsemp_9 j2has_9 fiyrdia_9 finnow_9
       finfut_9 lkmove_10 xpmove_10 mobuse_10 netpuse_10 smoker_10 aidxhh_10 jbhas_10
       jbterm1_10 jbsemp_10 j2has_10 fiyrdia_10 finnow_10 finfut_10 scsf1_10 scsf2a_10
       scsf2b_10 scsf3a_10 scsf3b_10 scsf4a_10 scsf4b_10 scsf5_10 scsf6a_10 scsf6b_10
       scsf6c_10 scsf7_10 scghqa_10 scghqb_10 scghqc_10 scghqd_10 scghqe_10 scghqf_10
       scghqg_10 scghqh_10 scghqi_10 scghqj_10 scghqk_10 scghql_10 edu agecat female
       partner sf1 longill london north urban refresh Higher A level GCSE Other age_35
       age_55 age_75 age_102 pred_all pred_no9 pred_p567 pred_p7 pred_all_w pred_no9_w
       pred_p567_w pred_p7_w;

   MISSING=.;

   USEVARIABLES ARE
   scghqj_5
   scghqj_6
   scghqj_7
   scghqj_8
   scghqj_10;

   CATEGORICAL ARE
   scghqj_5
   scghqj_6
   scghqj_7
   scghqj_8
   scghqj_10;
   CLASSES = c(2);

    KNOWNCLASS = c(no9= 1 2);
  WEIGHT IS pred_no9_w;

   ANALYSIS:


      TYPE = MIXTURE;

      ESTIMATOR = MLR;

      ALGORITHM = INTEGRATION;

      Processors = 8(starts);

      STARTS = 400 100;

   Model:


      %OVERALL%

  i s | scghqj_5@0 scghqj_6@1 scghqj_7@2 scghqj_8@3 scghqj_10@5;

   %c#1%
  [s] (a);
   s (b);
   s WITH i (c);
   i (d);

   %c#2%
  [s] (a);
   s (b);
   s WITH i (c);
   i (d);

   OUTPUT: SAMPSTAT;

                                  STDYX;




*** WARNING in VARIABLE command
  Note that only the first 8 characters of variable names are used in the output.
  Shorten variable names to avoid any confusion.
*** WARNING
  Data set contains unknown or missing values for variable NO9.
  This variable is used to determine the KNOWNCLASS specification.
  Number of such cases:  111
*** WARNING
  Data set contains cases with missing on all variables.
  These cases were not included in the analysis.
  Number of cases with missing on all variables:  99
   3 WARNING(S) FOUND IN THE INPUT INSTRUCTIONS



Your title goes here

SUMMARY OF ANALYSIS

Number of groups                                                 1
Number of observations                                        1847

Number of dependent variables                                    5
Number of independent variables                                  0
Number of continuous latent variables                            2
Number of categorical latent variables                           1

Observed dependent variables

  Binary and ordered categorical (ordinal)
   SCGHQJ_5    SCGHQJ_6    SCGHQJ_7    SCGHQJ_8    SCGHQJ_1

Continuous latent variables
   I           S

Categorical latent variables
   C

  Knownclass            C

Variables with special functions

  Weight variable       PRED_NO9

Estimator                                                      MLR
Information matrix                                        OBSERVED
Optimization Specifications for the Quasi-Newton Algorithm for
Continuous Outcomes
  Maximum number of iterations                                 100
  Convergence criterion                                  0.100D-05
Optimization Specifications for the EM Algorithm
  Maximum number of iterations                                 500
  Convergence criteria
    Loglikelihood change                                 0.100D-02
    Relative loglikelihood change                        0.100D-05
    Derivative                                           0.100D-02
Optimization Specifications for the M step of the EM Algorithm for
Categorical Latent variables
  Number of M step iterations                                    1
  M step convergence criterion                           0.100D-02
  Basis for M step termination                           ITERATION
Optimization Specifications for the M step of the EM Algorithm for
Censored, Binary or Ordered Categorical (Ordinal), Unordered
Categorical (Nominal) and Count Outcomes
  Number of M step iterations                                    1
  M step convergence criterion                           0.100D-02
  Basis for M step termination                           ITERATION
  Maximum value for logit thresholds                            15
  Minimum value for logit thresholds                           -15
  Minimum expected cell size for chi-square              0.100D-01
Maximum number of iterations for H1                           2000
Convergence criterion for H1                             0.100D-03
Optimization algorithm                                         EMA
Integration Specifications
  Type                                                    STANDARD
  Number of integration points                                  15
  Dimensions of numerical integration                            2
  Adaptive quadrature                                           ON
Random Starts Specifications
  Number of initial stage random starts                        400
  Number of final stage optimizations                          100
  Number of initial stage iterations                            10
  Initial stage convergence criterion                    0.100D+01
  Random starts scale                                    0.500D+01
  Random seed for generating random starts                       0
Link                                                         LOGIT
Cholesky                                                        ON

Input data file(s)
  data.dta
Input data format  FREE


SUMMARY OF DATA

     Number of missing data patterns            31
     Number of y missing data patterns           0
     Number of u missing data patterns          31


COVARIANCE COVERAGE OF DATA

Minimum covariance coverage value   0.100


     PROPORTION OF DATA PRESENT FOR U


           Covariance Coverage
              SCGHQJ_5      SCGHQJ_6      SCGHQJ_7      SCGHQJ_8      SCGHQJ_1
              ________      ________      ________      ________      ________
 SCGHQJ_5       0.386
 SCGHQJ_6       0.292         0.457
 SCGHQJ_7       0.265         0.338         0.594
 SCGHQJ_8       0.251         0.325         0.471         0.579
 SCGHQJ_1       0.224         0.287         0.401         0.434         0.649


UNIVARIATE PROPORTIONS AND COUNTS FOR CATEGORICAL VARIABLES

    SCGHQJ_5
      Category 1    0.432          489.937
      Category 2    0.405          458.925
      Category 3    0.119          134.606
      Category 4    0.044           49.593
    SCGHQJ_6
      Category 1    0.413          571.656
      Category 2    0.419          579.774
      Category 3    0.138          190.633
      Category 4    0.031           43.255
    SCGHQJ_7
      Category 1    0.482          578.939
      Category 2    0.381          457.798
      Category 3    0.107          128.540
      Category 4    0.031           36.963
    SCGHQJ_8
      Category 1    0.466          527.550
      Category 2    0.398          450.670
      Category 3    0.106          119.782
      Category 4    0.031           35.086
    SCGHQJ_1
      Category 1    0.429          428.595
      Category 2    0.435          434.257
      Category 3    0.102          101.331
      Category 4    0.034           33.850


SAMPLE STATISTICS

RANDOM STARTS RESULTS RANKED FROM THE BEST TO THE WORST LOGLIKELIHOOD VALUES

Final stage loglikelihood values at local maxima, seeds, and initial stage start numbers:

           -6962.092  165853           105
           -6962.092  618000           190
           -6962.092  939021           8
           -6962.092  829540           324
           -6962.092  105435           265
           -6962.092  965994           396
           -6962.092  714997           399
           -6962.092  534483           290
           -6962.092  551639           55
           -6962.092  319144           176
           -6962.092  650371           14
           -6962.092  722748           346
           -6962.092  592219           119
           -6962.092  748692           204
           -6962.092  383986           159
           -6962.092  967237           48
           -6962.092  268896           124
           -6962.092  761633           50
           -6962.092  507154           387
           -6962.092  227563           63
           -6962.092  415931           10
           -6962.092  846194           93
           -6962.092  688839           273
           -6962.092  945065           255
           -6962.092  605358           321
           -6962.092  471438           252
           -6962.092  210870           383
           -6962.092  467339           66
           -6962.092  717754           180
           -6962.092  407108           366
           -6962.092  992389           77
           -6962.092  751054           117
           -6962.092  902278           21
           -6962.092  107446           12
           -6962.092  264081           186
           -6962.092  836515           341
           -6962.092  991329           182
           -6962.092  373505           88
           -6962.092  399671           13
           -6962.092  850840           232
           -6962.092  61587            400
           -6962.092  12477            155
           -6962.092  608460           244
           -6962.092  625191           350
           -6962.092  521575           313
           -6962.092  292884           103
           -6962.092  278692           342
           -6962.092  232226           235
           -6962.092  51375            148
           -6962.092  464179           106
           -6962.092  545140           278
           -6962.092  unperturbed      0
           -6962.092  794236           127
           -6962.092  848890           95
           -6962.092  318230           46
           -6962.092  360419           356
           -6962.092  195763           358
           -6962.092  728038           177
           -6962.092  123985           248
           -6962.092  694303           282
           -6962.092  371246           101
           -6962.092  931874           141
           -6962.092  25127            107
           -6962.092  316165           299
           -6962.092  65651            214
           -6962.092  692169           308
           -6962.092  544048           87
           -6962.092  399848           220
           -6962.092  311214           64
           -6962.092  732596           320
           -6962.092  616917           261
           -6962.092  848969           173
           -6962.092  479273           156
           -6962.092  131856           90
           -6962.092  404426           344
           -6962.092  849670           347
           -6962.092  939709           112
           -6962.092  499150           216
           -6962.092  392418           28
           -6962.092  529496           343
           -6962.092  696773           80
           -6962.092  741888           138
           -6962.092  913639           162
           -6962.092  701525           239
           -6962.092  246575           291
           -6962.092  137377           397
           -6962.092  871722           355
           -6962.092  595153           230
           -6962.092  76974            16
           -6962.092  354208           196
           -6962.092  246261           38
           -6962.092  752769           253
           -6962.092  840078           203
           -6962.092  132336           362
           -6962.092  930872           277
           -6962.092  215353           164
           -6962.092  765392           382
           -6962.092  268217           83
           -6962.092  76451            211
           -6962.092  471398           74



THE BEST LOGLIKELIHOOD VALUE HAS BEEN REPLICATED.  RERUN WITH AT LEAST TWICE THE
RANDOM STARTS TO CHECK THAT THE BEST LOGLIKELIHOOD IS STILL OBTAINED AND REPLICATED.


THE MODEL ESTIMATION TERMINATED NORMALLY



MODEL FIT INFORMATION

Number of Free Parameters                        9

Loglikelihood

          H0 Value                       -6962.092
          H0 Scaling Correction Factor      2.1545
            for MLR

Information Criteria

          Akaike (AIC)                   13942.185
          Bayesian (BIC)                 13991.876
          Sample-Size Adjusted BIC       13963.284
            (n* = (n + 2) / 24)

Chi-Square Test of Model Fit for the Binary and Ordered Categorical
(Ordinal) Outcomes

          Pearson Chi-Square

          Value                           2475.036
          Degrees of Freedom                  2033
          P-Value                           0.0000

          Likelihood Ratio Chi-Square

          Value                            808.806
          Degrees of Freedom                  2033
          P-Value                           1.0000

Chi-Square Test for MCAR under the Unrestricted Latent Class Indicator Model

          Pearson Chi-Square

          Value                           2238.163
          Degrees of Freedom                  4139
          P-Value                           1.0000

          Likelihood Ratio Chi-Square

          Value                           1569.440
          Degrees of Freedom                  4139
          P-Value                           1.0000



FINAL CLASS COUNTS AND PROPORTIONS FOR THE LATENT CLASSES
BASED ON THE ESTIMATED MODEL

    Latent
   Classes

       1       1177.26637          0.63739
       2        669.73363          0.36261


MODEL RESULTS

                                                    Two-Tailed
                    Estimate       S.E.  Est./S.E.    P-Value

Latent Class 1 (1)

 I        |
    SCGHQJ_5           1.000      0.000    999.000    999.000
    SCGHQJ_6           1.000      0.000    999.000    999.000
    SCGHQJ_7           1.000      0.000    999.000    999.000
    SCGHQJ_8           1.000      0.000    999.000    999.000
    SCGHQJ_10          1.000      0.000    999.000    999.000

 S        |
    SCGHQJ_5           0.000      0.000    999.000    999.000
    SCGHQJ_6           1.000      0.000    999.000    999.000
    SCGHQJ_7           2.000      0.000    999.000    999.000
    SCGHQJ_8           3.000      0.000    999.000    999.000
    SCGHQJ_10          5.000      0.000    999.000    999.000

 S        WITH
    I                 -0.336      0.142     -2.358      0.018

 Means
    I                 -0.070      0.171     -0.411      0.681
    S                 -0.033      0.032     -1.033      0.302

 Thresholds
    SCGHQJ_5$1        -0.505      0.149     -3.397      0.001
    SCGHQJ_5$2         2.755      0.169     16.255      0.000
    SCGHQJ_5$3         4.966      0.223     22.236      0.000
    SCGHQJ_6$1        -0.505      0.149     -3.397      0.001
    SCGHQJ_6$2         2.755      0.169     16.255      0.000
    SCGHQJ_6$3         4.966      0.223     22.236      0.000
    SCGHQJ_7$1        -0.505      0.149     -3.397      0.001
    SCGHQJ_7$2         2.755      0.169     16.255      0.000
    SCGHQJ_7$3         4.966      0.223     22.236      0.000
    SCGHQJ_8$1        -0.505      0.149     -3.397      0.001
    SCGHQJ_8$2         2.755      0.169     16.255      0.000
    SCGHQJ_8$3         4.966      0.223     22.236      0.000
    SCGHQJ_1$1        -0.505      0.149     -3.397      0.001
    SCGHQJ_1$2         2.755      0.169     16.255      0.000
    SCGHQJ_1$3         4.966      0.223     22.236      0.000

 Variances
    I                  5.299      0.788      6.727      0.000
    S                  0.118      0.046      2.576      0.010

Latent Class 2 (2)

 I        |
    SCGHQJ_5           1.000      0.000    999.000    999.000
    SCGHQJ_6           1.000      0.000    999.000    999.000
    SCGHQJ_7           1.000      0.000    999.000    999.000
    SCGHQJ_8           1.000      0.000    999.000    999.000
    SCGHQJ_10          1.000      0.000    999.000    999.000

 S        |
    SCGHQJ_5           0.000      0.000    999.000    999.000
    SCGHQJ_6           1.000      0.000    999.000    999.000
    SCGHQJ_7           2.000      0.000    999.000    999.000
    SCGHQJ_8           3.000      0.000    999.000    999.000
    SCGHQJ_10          5.000      0.000    999.000    999.000

 S        WITH
    I                 -0.336      0.142     -2.358      0.018

 Means
    I                  0.000      0.000    999.000    999.000
    S                 -0.033      0.032     -1.033      0.302

 Thresholds
    SCGHQJ_5$1        -0.505      0.149     -3.397      0.001
    SCGHQJ_5$2         2.755      0.169     16.255      0.000
    SCGHQJ_5$3         4.966      0.223     22.236      0.000
    SCGHQJ_6$1        -0.505      0.149     -3.397      0.001
    SCGHQJ_6$2         2.755      0.169     16.255      0.000
    SCGHQJ_6$3         4.966      0.223     22.236      0.000
    SCGHQJ_7$1        -0.505      0.149     -3.397      0.001
    SCGHQJ_7$2         2.755      0.169     16.255      0.000
    SCGHQJ_7$3         4.966      0.223     22.236      0.000
    SCGHQJ_8$1        -0.505      0.149     -3.397      0.001
    SCGHQJ_8$2         2.755      0.169     16.255      0.000
    SCGHQJ_8$3         4.966      0.223     22.236      0.000
    SCGHQJ_1$1        -0.505      0.149     -3.397      0.001
    SCGHQJ_1$2         2.755      0.169     16.255      0.000
    SCGHQJ_1$3         4.966      0.223     22.236      0.000

 Variances
    I                  5.299      0.788      6.727      0.000
    S                  0.118      0.046      2.576      0.010

Categorical Latent Variables

 Means
    C#1                0.564      0.067      8.476      0.000


STANDARDIZED MODEL RESULTS


STDYX Standardization

                                                    Two-Tailed
                    Estimate       S.E.  Est./S.E.    P-Value

Latent Class 1 (1)

 I        |
    SCGHQJ_5           0.785      0.022     35.126      0.000
    SCGHQJ_6           0.812      0.032     25.355      0.000
    SCGHQJ_7           0.829      0.042     19.898      0.000
    SCGHQJ_8           0.833      0.050     16.686      0.000
    SCGHQJ_10          0.805      0.062     12.964      0.000

 S        |
    SCGHQJ_5           0.000      0.000    999.000    999.000
    SCGHQJ_6           0.121      0.022      5.551      0.000
    SCGHQJ_7           0.247      0.045      5.451      0.000
    SCGHQJ_8           0.373      0.068      5.492      0.000
    SCGHQJ_10          0.600      0.100      6.014      0.000

 S        WITH
    I                 -0.425      0.109     -3.915      0.000

 Means
    I                 -0.031      0.075     -0.410      0.682
    S                 -0.097      0.094     -1.027      0.304

 Thresholds
    SCGHQJ_5$1        -0.172      0.052     -3.338      0.001
    SCGHQJ_5$2         0.940      0.052     18.068      0.000
    SCGHQJ_5$3         1.694      0.076     22.263      0.000
    SCGHQJ_6$1        -0.178      0.053     -3.371      0.001
    SCGHQJ_6$2         0.972      0.052     18.656      0.000
    SCGHQJ_6$3         1.752      0.072     24.396      0.000
    SCGHQJ_7$1        -0.182      0.053     -3.404      0.001
    SCGHQJ_7$2         0.992      0.054     18.315      0.000
    SCGHQJ_7$3         1.787      0.072     24.767      0.000
    SCGHQJ_8$1        -0.183      0.053     -3.436      0.001
    SCGHQJ_8$2         0.997      0.058     17.284      0.000
    SCGHQJ_8$3         1.797      0.077     23.310      0.000
    SCGHQJ_1$1        -0.177      0.051     -3.477      0.001
    SCGHQJ_1$2         0.963      0.068     14.105      0.000
    SCGHQJ_1$3         1.737      0.099     17.493      0.000

 Variances
    I                  1.000      0.000    999.000    999.000
    S                  1.000      0.000    999.000    999.000

Latent Class 2 (2)

 I        |
    SCGHQJ_5           0.785      0.022     35.126      0.000
    SCGHQJ_6           0.812      0.032     25.355      0.000
    SCGHQJ_7           0.829      0.042     19.898      0.000
    SCGHQJ_8           0.833      0.050     16.686      0.000
    SCGHQJ_10          0.805      0.062     12.964      0.000

 S        |
    SCGHQJ_5           0.000      0.000    999.000    999.000
    SCGHQJ_6           0.121      0.022      5.551      0.000
    SCGHQJ_7           0.247      0.045      5.451      0.000
    SCGHQJ_8           0.373      0.068      5.492      0.000
    SCGHQJ_10          0.600      0.100      6.014      0.000

 S        WITH
    I                 -0.425      0.109     -3.915      0.000

 Means
    I                  0.000      0.000    999.000    999.000
    S                 -0.097      0.094     -1.027      0.304

 Thresholds
    SCGHQJ_5$1        -0.172      0.052     -3.338      0.001
    SCGHQJ_5$2         0.940      0.052     18.068      0.000
    SCGHQJ_5$3         1.694      0.076     22.263      0.000
    SCGHQJ_6$1        -0.178      0.053     -3.371      0.001
    SCGHQJ_6$2         0.972      0.052     18.656      0.000
    SCGHQJ_6$3         1.752      0.072     24.396      0.000
    SCGHQJ_7$1        -0.182      0.053     -3.404      0.001
    SCGHQJ_7$2         0.992      0.054     18.315      0.000
    SCGHQJ_7$3         1.787      0.072     24.767      0.000
    SCGHQJ_8$1        -0.183      0.053     -3.436      0.001
    SCGHQJ_8$2         0.997      0.058     17.284      0.000
    SCGHQJ_8$3         1.797      0.077     23.310      0.000
    SCGHQJ_1$1        -0.177      0.051     -3.477      0.001
    SCGHQJ_1$2         0.963      0.068     14.105      0.000
    SCGHQJ_1$3         1.737      0.099     17.493      0.000

 Variances
    I                  1.000      0.000    999.000    999.000
    S                  1.000      0.000    999.000    999.000


R-SQUARE

Class 1

    Observed                                        Two-Tailed
    Variable        Estimate       S.E.  Est./S.E.    P-Value

    SCGHQJ_5           0.617      0.035     17.563      0.000
    SCGHQJ_6           0.591      0.030     19.570      0.000
    SCGHQJ_7           0.574      0.027     21.328      0.000
    SCGHQJ_8           0.569      0.028     20.597      0.000
    SCGHQJ_1           0.598      0.041     14.678      0.000

Class 2

    Observed                                        Two-Tailed
    Variable        Estimate       S.E.  Est./S.E.    P-Value

    SCGHQJ_5           0.617      0.035     17.563      0.000
    SCGHQJ_6           0.591      0.030     19.570      0.000
    SCGHQJ_7           0.574      0.027     21.328      0.000
    SCGHQJ_8           0.569      0.028     20.597      0.000
    SCGHQJ_1           0.598      0.041     14.678      0.000


QUALITY OF NUMERICAL RESULTS

     Condition Number for the Information Matrix              0.458E-02
       (ratio of smallest to largest eigenvalue)


     Beginning Time:  09:18:17
        Ending Time:  09:21:11
       Elapsed Time:  00:02:54



MUTHEN & MUTHEN
3463 Stoner Ave.
Los Angeles, CA  90066

Tel: (310) 391-9971
Fax: (310) 391-8971
Web: www.StatModel.com
Support: Support@StatModel.com

Copyright (c) 1998-2019 Muthen & Muthen
