Mplus VERSION 8.3
MUTHEN & MUTHEN
07/30/2020   7:05 PM

INPUT INSTRUCTIONS

  TITLE: Your title goes here

   DATA: FILE = data.dta;

   VARIABLE:

   NAMES = pidp gridmode mm hidp_5 hidp_6 hidp_7 hidp_8 hidp_9 hidp_10 indmode_5
       indmode_6 indmode_7 indmode_8 indmode_9 indmode_10 mode_type_all mode_type_no9
       mode_type_567 mode_type_7 all no9 p567 p7 switch_all switch_no9 switch_567
       switch_7 lkmove_5 xpmove_5 caruse_5 mobuse_5 netpuse_5 aidxhh_5 jbhas_5 j2has_5
       finnow_5 finfut_5 howlng_5 vote1_5 vote6_5 scsf1_5 scsf2a_5 scsf2b_5 scsf3a_5
       scsf3b_5 scsf4a_5 scsf4b_5 scsf5_5 scsf6a_5 scsf6b_5 scsf6c_5 scsf7_5 scghqa_5
       scghqb_5 scghqc_5 scghqd_5 scghqe_5 scghqf_5 scghqg_5 scghqh_5 scghqi_5
       scghqj_5 scghqk_5 scghql_5 lkmove_6 xpmove_6 caruse_6 mobuse_6 netpuse_6
       aidxhh_6 jbhas_6 j2has_6 finnow_6 finfut_6 howlng_6 vote1_6 vote6_6 scsf1_6
       scsf2a_6 scsf2b_6 scsf3a_6 scsf3b_6 scsf4a_6 scsf4b_6 scsf5_6 scsf6a_6 scsf6b_6
       scsf6c_6 scsf7_6 scghqa_6 scghqb_6 scghqc_6 scghqd_6 scghqe_6 scghqf_6 scghqg_6
       scghqh_6 scghqi_6 scghqj_6 scghqk_6 scghql_6 lkmove_7 xpmove_7 caruse_7
       mobuse_7 netpuse_7 smoker_7 aidxhh_7 jbhas_7 jbterm1_7 jbsemp_7 j2has_7
       fiyrdia_7 finnow_7 finfut_7 howlng_7 vote1_7 vote6_7 scsf2a_7 scsf2b_7 scsf3a_7
       scsf3b_7 scsf4a_7 scsf4b_7 scsf5_7 scsf6a_7 scsf6b_7 scsf6c_7 scsf7_7 scghqa_7
       scghqb_7 scghqc_7 scghqd_7 scghqe_7 scghqf_7 scghqg_7 scghqh_7 scghqi_7
       scghqj_7 scghqk_7 scghql_7 scsf1_7 lkmove_8 xpmove_8 caruse_8 mobuse_8
       netpuse_8 smoker_8 aidxhh_8 jbhas_8 jbterm1_8 jbsemp_8 j2has_8 fiyrdia_8
       finnow_8 finfut_8 scsf2a_8 scsf2b_8 scsf3a_8 scsf3b_8 scsf4a_8 scsf4b_8 scsf5_8
       scsf6a_8 scsf6b_8 scsf6c_8 scsf7_8 scghqa_8 scghqb_8 scghqc_8 scghqd_8 scghqe_8
       scghqf_8 scghqg_8 scghqh_8 scghqi_8 scghqj_8 scghqk_8 scghql_8 scsf1_8 mobuse_9
       netpuse_9 smoker_9 jbhas_9 jbterm1_9 jbsemp_9 j2has_9 fiyrdia_9 finnow_9
       finfut_9 lkmove_10 xpmove_10 mobuse_10 netpuse_10 smoker_10 aidxhh_10 jbhas_10
       jbterm1_10 jbsemp_10 j2has_10 fiyrdia_10 finnow_10 finfut_10 scsf1_10 scsf2a_10
       scsf2b_10 scsf3a_10 scsf3b_10 scsf4a_10 scsf4b_10 scsf5_10 scsf6a_10 scsf6b_10
       scsf6c_10 scsf7_10 scghqa_10 scghqb_10 scghqc_10 scghqd_10 scghqe_10 scghqf_10
       scghqg_10 scghqh_10 scghqi_10 scghqj_10 scghqk_10 scghql_10 edu agecat female
       partner sf1 longill london north urban refresh Higher A level GCSE Other age_35
       age_55 age_75 age_102 pred_all pred_no9 pred_p567 pred_p7 pred_all_w pred_no9_w
       pred_p567_w pred_p7_w;

   MISSING=.;

   USEVARIABLES ARE
   scghqf_5
   scghqf_6
   scghqf_7
   scghqf_8
   scghqf_10;

   CATEGORICAL ARE
   scghqf_5
   scghqf_6
   scghqf_7
   scghqf_8
   scghqf_10;
   CLASSES = c(2);

    KNOWNCLASS = c(mm= 1 2);

   ANALYSIS:


      TYPE = MIXTURE;

      ESTIMATOR = MLR;

      ALGORITHM = INTEGRATION;

      Processors = 8(starts);

      STARTS = 400 100;

   Model:


      %OVERALL%

  i s | scghqf_5@0 scghqf_6@1 scghqf_7@2 scghqf_8@3 scghqf_10@5;

   %c#1%
  [s] (a); s ;
   s WITH i ;
   i ;


   %c#2%
  [s] (a); s ;
   s WITH i ;
   i ;


   OUTPUT: SAMPSTAT;

                                  STDYX;




*** WARNING in VARIABLE command
  Note that only the first 8 characters of variable names are used in the output.
  Shorten variable names to avoid any confusion.
*** WARNING
  Data set contains unknown or missing values for variable MM.
  This variable is used to determine the KNOWNCLASS specification.
  Number of such cases:  458
*** WARNING
  Data set contains cases with missing on all variables.
  These cases were not included in the analysis.
  Number of cases with missing on all variables:  166
   3 WARNING(S) FOUND IN THE INPUT INSTRUCTIONS



Your title goes here

SUMMARY OF ANALYSIS

Number of groups                                                 1
Number of observations                                        1433

Number of dependent variables                                    5
Number of independent variables                                  0
Number of continuous latent variables                            2
Number of categorical latent variables                           1

Observed dependent variables

  Binary and ordered categorical (ordinal)
   SCGHQF_5    SCGHQF_6    SCGHQF_7    SCGHQF_8    SCGHQF_1

Continuous latent variables
   I           S

Categorical latent variables
   C

  Knownclass            C


Estimator                                                      MLR
Information matrix                                        OBSERVED
Optimization Specifications for the Quasi-Newton Algorithm for
Continuous Outcomes
  Maximum number of iterations                                 100
  Convergence criterion                                  0.100D-05
Optimization Specifications for the EM Algorithm
  Maximum number of iterations                                 500
  Convergence criteria
    Loglikelihood change                                 0.100D-02
    Relative loglikelihood change                        0.100D-05
    Derivative                                           0.100D-02
Optimization Specifications for the M step of the EM Algorithm for
Categorical Latent variables
  Number of M step iterations                                    1
  M step convergence criterion                           0.100D-02
  Basis for M step termination                           ITERATION
Optimization Specifications for the M step of the EM Algorithm for
Censored, Binary or Ordered Categorical (Ordinal), Unordered
Categorical (Nominal) and Count Outcomes
  Number of M step iterations                                    1
  M step convergence criterion                           0.100D-02
  Basis for M step termination                           ITERATION
  Maximum value for logit thresholds                            15
  Minimum value for logit thresholds                           -15
  Minimum expected cell size for chi-square              0.100D-01
Maximum number of iterations for H1                           2000
Convergence criterion for H1                             0.100D-03
Optimization algorithm                                         EMA
Integration Specifications
  Type                                                    STANDARD
  Number of integration points                                  15
  Dimensions of numerical integration                            2
  Adaptive quadrature                                           ON
Random Starts Specifications
  Number of initial stage random starts                        400
  Number of final stage optimizations                          100
  Number of initial stage iterations                            10
  Initial stage convergence criterion                    0.100D+01
  Random starts scale                                    0.500D+01
  Random seed for generating random starts                       0
Link                                                         LOGIT
Cholesky                                                        ON

Input data file(s)
  data.dta
Input data format  FREE


SUMMARY OF DATA

     Number of missing data patterns            31
     Number of y missing data patterns           0
     Number of u missing data patterns          31


COVARIANCE COVERAGE OF DATA

Minimum covariance coverage value   0.100


     PROPORTION OF DATA PRESENT FOR U


           Covariance Coverage
              SCGHQF_5      SCGHQF_6      SCGHQF_7      SCGHQF_8      SCGHQF_1
              ________      ________      ________      ________      ________
 SCGHQF_5       0.497
 SCGHQF_6       0.376         0.588
 SCGHQF_7       0.341         0.435         0.648
 SCGHQF_8       0.324         0.419         0.502         0.634
 SCGHQF_1       0.288         0.370         0.433         0.477         0.585


UNIVARIATE PROPORTIONS AND COUNTS FOR CATEGORICAL VARIABLES

    SCGHQF_5
      Category 1    0.390          278.000
      Category 2    0.482          343.000
      Category 3    0.107           76.000
      Category 4    0.021           15.000
    SCGHQF_6
      Category 1    0.376          317.000
      Category 2    0.498          419.000
      Category 3    0.105           88.000
      Category 4    0.021           18.000
    SCGHQF_7
      Category 1    0.389          361.000
      Category 2    0.494          458.000
      Category 3    0.086           80.000
      Category 4    0.031           29.000
    SCGHQF_8
      Category 1    0.424          385.000
      Category 2    0.454          412.000
      Category 3    0.104           94.000
      Category 4    0.019           17.000
    SCGHQF_1
      Category 1    0.392          329.000
      Category 2    0.473          397.000
      Category 3    0.108           91.000
      Category 4    0.026           22.000


SAMPLE STATISTICS

RANDOM STARTS RESULTS RANKED FROM THE BEST TO THE WORST LOGLIKELIHOOD VALUES

Final stage loglikelihood values at local maxima, seeds, and initial stage start numbers:

           -5047.799  635245           121
           -5047.799  534864           307
           -5047.799  175199           247
           -5047.799  801065           393
           -5047.799  970689           266
           -5047.799  545140           278
           -5047.799  696773           80
           -5047.799  25127            107
           -5047.799  926283           269
           -5047.799  637095           207
           -5047.799  856536           144
           -5047.799  529455           268
           -5047.799  617243           237
           -5047.799  462228           298
           -5047.799  931874           141
           -5047.799  939709           112
           -5047.799  284109           82
           -5047.799  650371           14
           -5047.799  120506           45
           -5047.799  499150           216
           -5047.799  414828           322
           -5047.799  754100           56
           -5047.799  267983           228
           -5047.799  297518           166
           -5047.799  314757           345
           -5047.799  393232           152
           -5047.799  765392           382
           -5047.799  625191           350
           -5047.799  1548             384
           -5047.799  804561           59
           -5047.799  514326           325
           -5047.799  849670           347
           -5047.799  569833           85
           -5047.799  797594           234
           -5047.799  137377           397
           -5047.799  405079           68
           -5047.799  190339           102
           -5047.799  967237           48
           -5047.799  350608           334
           -5047.799  939021           8
           -5047.799  840031           276
           -5047.799  761633           50
           -5047.799  153053           378
           -5047.799  655497           376
           -5047.799  717754           180
           -5047.799  319144           176
           -5047.799  215353           164
           -5047.799  146900           391
           -5047.799  76451            211
           -5047.799  417035           149
           -5047.799  170954           86
           -5047.799  483369           270
           -5047.799  509733           130
           -5047.799  616917           261
           -5047.799  850840           232
           -5047.799  464179           106
           -5047.799  unperturbed      0
           -5047.799  848890           95
           -5047.799  387701           275
           -5047.799  85114            385
           -5047.799  27071            15
           -5047.799  592219           119
           -5047.800  68985            17
           -5047.800  857799           315
           -5047.800  232559           136
           -5047.800  860772           174
           -5047.800  422103           62
           -5047.800  608849           224
           -5047.800  188498           258
           -5047.801  726035           191
           -5047.801  642909           251
           -5047.801  107446           12
           -5047.801  392418           28
           -5047.802  488125           368
           -5047.804  695155           150
           -5047.806  59674            240
           -5047.806  570908           98
           -5047.806  674171           195
           -5047.806  354208           196
           -5047.806  414284           158
           -5047.806  273992           349
           -5047.806  137305           379
           -5047.807  195873           6
           -5047.807  456213           160
           -5047.807  181293           212
           -5047.807  836066           372
           -5047.807  349562           359
           -5047.807  575700           100
           -5047.807  34346            330
           -5047.808  950604           172
           -5047.808  606576           151
           -5047.810  996231           310
           -5047.811  608496           4
           -5047.812  930872           277
           -5047.817  22089            143
           -5047.818  567165           319
           -5047.822  407168           44
           -5047.823  565819           65
           -5047.846  915107           54
           -5047.849  455617           242



THE BEST LOGLIKELIHOOD VALUE HAS BEEN REPLICATED.  RERUN WITH AT LEAST TWICE THE
RANDOM STARTS TO CHECK THAT THE BEST LOGLIKELIHOOD IS STILL OBTAINED AND REPLICATED.


THE MODEL ESTIMATION TERMINATED NORMALLY



MODEL FIT INFORMATION

Number of Free Parameters                       12

Loglikelihood

          H0 Value                       -5047.799
          H0 Scaling Correction Factor      1.0040
            for MLR

Information Criteria

          Akaike (AIC)                   10119.598
          Bayesian (BIC)                 10182.808
          Sample-Size Adjusted BIC       10144.688
            (n* = (n + 2) / 24)

Chi-Square Test of Model Fit for the Binary and Ordered Categorical
(Ordinal) Outcomes**

          Pearson Chi-Square

          Value                           2117.139
          Degrees of Freedom                  2022
          P-Value                           0.0689

          Likelihood Ratio Chi-Square

          Value                            476.119
          Degrees of Freedom                  2022
          P-Value                           1.0000

** Of the 3124 cells in the latent class indicator table, 4
   were deleted in the calculation of chi-square due to extreme values.

Chi-Square Test for MCAR under the Unrestricted Latent Class Indicator Model

          Pearson Chi-Square

          Value                           1405.185
          Degrees of Freedom                  4139
          P-Value                           1.0000

          Likelihood Ratio Chi-Square

          Value                           1026.858
          Degrees of Freedom                  4139
          P-Value                           1.0000



FINAL CLASS COUNTS AND PROPORTIONS FOR THE LATENT CLASSES
BASED ON THE ESTIMATED MODEL

    Latent
   Classes

       1        841.00000          0.58688
       2        592.00000          0.41312


MODEL RESULTS

                                                    Two-Tailed
                    Estimate       S.E.  Est./S.E.    P-Value

Latent Class 1 (1)

 I        |
    SCGHQF_5           1.000      0.000    999.000    999.000
    SCGHQF_6           1.000      0.000    999.000    999.000
    SCGHQF_7           1.000      0.000    999.000    999.000
    SCGHQF_8           1.000      0.000    999.000    999.000
    SCGHQF_10          1.000      0.000    999.000    999.000

 S        |
    SCGHQF_5           0.000      0.000    999.000    999.000
    SCGHQF_6           1.000      0.000    999.000    999.000
    SCGHQF_7           2.000      0.000    999.000    999.000
    SCGHQF_8           3.000      0.000    999.000    999.000
    SCGHQF_10          5.000      0.000    999.000    999.000

 S        WITH
    I                  0.032      0.061      0.520      0.603

 Means
    I                  0.175      0.123      1.422      0.155
    S                 -0.017      0.023     -0.768      0.442

 Thresholds
    SCGHQF_5$1        -0.593      0.111     -5.340      0.000
    SCGHQF_5$2         2.879      0.136     21.153      0.000
    SCGHQF_5$3         5.052      0.186     27.215      0.000
    SCGHQF_6$1        -0.593      0.111     -5.340      0.000
    SCGHQF_6$2         2.879      0.136     21.153      0.000
    SCGHQF_6$3         5.052      0.186     27.215      0.000
    SCGHQF_7$1        -0.593      0.111     -5.340      0.000
    SCGHQF_7$2         2.879      0.136     21.153      0.000
    SCGHQF_7$3         5.052      0.186     27.215      0.000
    SCGHQF_8$1        -0.593      0.111     -5.340      0.000
    SCGHQF_8$2         2.879      0.136     21.153      0.000
    SCGHQF_8$3         5.052      0.186     27.215      0.000
    SCGHQF_1$1        -0.593      0.111     -5.340      0.000
    SCGHQF_1$2         2.879      0.136     21.153      0.000
    SCGHQF_1$3         5.052      0.186     27.215      0.000

 Variances
    I                  2.859      0.400      7.146      0.000
    S                  0.000      0.002      0.234      0.815

Latent Class 2 (2)

 I        |
    SCGHQF_5           1.000      0.000    999.000    999.000
    SCGHQF_6           1.000      0.000    999.000    999.000
    SCGHQF_7           1.000      0.000    999.000    999.000
    SCGHQF_8           1.000      0.000    999.000    999.000
    SCGHQF_10          1.000      0.000    999.000    999.000

 S        |
    SCGHQF_5           0.000      0.000    999.000    999.000
    SCGHQF_6           1.000      0.000    999.000    999.000
    SCGHQF_7           2.000      0.000    999.000    999.000
    SCGHQF_8           3.000      0.000    999.000    999.000
    SCGHQF_10          5.000      0.000    999.000    999.000

 S        WITH
    I                 -0.202      0.162     -1.252      0.211

 Means
    I                  0.000      0.000    999.000    999.000
    S                 -0.017      0.023     -0.768      0.442

 Thresholds
    SCGHQF_5$1        -0.593      0.111     -5.340      0.000
    SCGHQF_5$2         2.879      0.136     21.153      0.000
    SCGHQF_5$3         5.052      0.186     27.215      0.000
    SCGHQF_6$1        -0.593      0.111     -5.340      0.000
    SCGHQF_6$2         2.879      0.136     21.153      0.000
    SCGHQF_6$3         5.052      0.186     27.215      0.000
    SCGHQF_7$1        -0.593      0.111     -5.340      0.000
    SCGHQF_7$2         2.879      0.136     21.153      0.000
    SCGHQF_7$3         5.052      0.186     27.215      0.000
    SCGHQF_8$1        -0.593      0.111     -5.340      0.000
    SCGHQF_8$2         2.879      0.136     21.153      0.000
    SCGHQF_8$3         5.052      0.186     27.215      0.000
    SCGHQF_1$1        -0.593      0.111     -5.340      0.000
    SCGHQF_1$2         2.879      0.136     21.153      0.000
    SCGHQF_1$3         5.052      0.186     27.215      0.000

 Variances
    I                  3.194      0.712      4.485      0.000
    S                  0.114      0.064      1.785      0.074

Categorical Latent Variables

 Means
    C#1                0.351      0.054      6.544      0.000


STANDARDIZED MODEL RESULTS


STDYX Standardization

                                                    Two-Tailed
                    Estimate       S.E.  Est./S.E.    P-Value

Latent Class 1 (1)

 I        |
    SCGHQF_5           0.682      0.026     26.715      0.000
    SCGHQF_6           0.678      0.030     22.335      0.000
    SCGHQF_7           0.675      0.036     18.855      0.000
    SCGHQF_8           0.671      0.042     16.167      0.000
    SCGHQF_10          0.665      0.053     12.437      0.000

 S        |
    SCGHQF_5           0.000      0.000    999.000    999.000
    SCGHQF_6           0.008      0.016      0.465      0.642
    SCGHQF_7           0.015      0.033      0.467      0.641
    SCGHQF_8           0.023      0.048      0.469      0.639
    SCGHQF_10          0.037      0.079      0.473      0.636

 S        WITH
    I                  0.983      1.139      0.863      0.388

 Means
    I                  0.104      0.074      1.409      0.159
    S                 -0.912      2.165     -0.421      0.674

 Thresholds
    SCGHQF_5$1        -0.239      0.045     -5.297      0.000
    SCGHQF_5$2         1.161      0.057     20.263      0.000
    SCGHQF_5$3         2.037      0.086     23.765      0.000
    SCGHQF_6$1        -0.238      0.045     -5.338      0.000
    SCGHQF_6$2         1.155      0.053     21.590      0.000
    SCGHQF_6$3         2.027      0.077     26.361      0.000
    SCGHQF_7$1        -0.237      0.044     -5.365      0.000
    SCGHQF_7$2         1.149      0.052     22.032      0.000
    SCGHQF_7$3         2.017      0.073     27.605      0.000
    SCGHQF_8$1        -0.236      0.044     -5.376      0.000
    SCGHQF_8$2         1.143      0.053     21.419      0.000
    SCGHQF_8$3         2.006      0.075     26.817      0.000
    SCGHQF_1$1        -0.233      0.044     -5.351      0.000
    SCGHQF_1$2         1.131      0.062     18.152      0.000
    SCGHQF_1$3         1.986      0.092     21.503      0.000

 Variances
    I                  1.000      0.000    999.000    999.000
    S                  1.000      0.000    999.000    999.000

Latent Class 2 (2)

 I        |
    SCGHQF_5           0.702      0.040     17.679      0.000
    SCGHQF_6           0.718      0.052     13.683      0.000
    SCGHQF_7           0.722      0.063     11.393      0.000
    SCGHQF_8           0.712      0.070     10.103      0.000
    SCGHQF_10          0.661      0.077      8.560      0.000

 S        |
    SCGHQF_5           0.000      0.000    999.000    999.000
    SCGHQF_6           0.136      0.037      3.630      0.000
    SCGHQF_7           0.273      0.076      3.572      0.000
    SCGHQF_8           0.404      0.111      3.636      0.000
    SCGHQF_10          0.625      0.152      4.113      0.000

 S        WITH
    I                 -0.335      0.170     -1.974      0.048

 Means
    I                  0.000      0.000    999.000    999.000
    S                 -0.051      0.068     -0.755      0.450

 Thresholds
    SCGHQF_5$1        -0.233      0.046     -5.028      0.000
    SCGHQF_5$2         1.130      0.067     16.967      0.000
    SCGHQF_5$3         1.984      0.109     18.131      0.000
    SCGHQF_6$1        -0.238      0.046     -5.143      0.000
    SCGHQF_6$2         1.157      0.059     19.696      0.000
    SCGHQF_6$3         2.030      0.092     22.097      0.000
    SCGHQF_7$1        -0.240      0.046     -5.205      0.000
    SCGHQF_7$2         1.162      0.054     21.547      0.000
    SCGHQF_7$3         2.040      0.080     25.407      0.000
    SCGHQF_8$1        -0.236      0.045     -5.217      0.000
    SCGHQF_8$2         1.147      0.052     22.247      0.000
    SCGHQF_8$3         2.013      0.075     26.985      0.000
    SCGHQF_1$1        -0.219      0.044     -5.036      0.000
    SCGHQF_1$2         1.064      0.065     16.498      0.000
    SCGHQF_1$3         1.868      0.103     18.137      0.000

 Variances
    I                  1.000      0.000    999.000    999.000
    S                  1.000      0.000    999.000    999.000


R-SQUARE

Class 1

    Observed                                        Two-Tailed
    Variable        Estimate       S.E.  Est./S.E.    P-Value

    SCGHQF_5           0.465      0.035     13.357      0.000
    SCGHQF_6           0.470      0.029     16.497      0.000
    SCGHQF_7           0.476      0.026     18.589      0.000
    SCGHQF_8           0.481      0.027     17.881      0.000
    SCGHQF_1           0.492      0.039     12.747      0.000

Class 2

    Observed                                        Two-Tailed
    Variable        Estimate       S.E.  Est./S.E.    P-Value

    SCGHQF_5           0.493      0.056      8.839      0.000
    SCGHQF_6           0.469      0.044     10.603      0.000
    SCGHQF_7           0.463      0.036     13.035      0.000
    SCGHQF_8           0.478      0.032     14.766      0.000
    SCGHQF_1           0.550      0.050     10.948      0.000


QUALITY OF NUMERICAL RESULTS

     Condition Number for the Information Matrix              0.204E-04
       (ratio of smallest to largest eigenvalue)


     Beginning Time:  19:05:34
        Ending Time:  19:09:38
       Elapsed Time:  00:04:04



MUTHEN & MUTHEN
3463 Stoner Ave.
Los Angeles, CA  90066

Tel: (310) 391-9971
Fax: (310) 391-8971
Web: www.StatModel.com
Support: Support@StatModel.com

Copyright (c) 1998-2019 Muthen & Muthen
