Mplus VERSION 8.3
MUTHEN & MUTHEN
07/30/2020   6:08 PM

INPUT INSTRUCTIONS

  TITLE: Your title goes here

   DATA: FILE = data.dta;

   VARIABLE:

   NAMES = pidp gridmode mm hidp_5 hidp_6 hidp_7 hidp_8 hidp_9 hidp_10 indmode_5
       indmode_6 indmode_7 indmode_8 indmode_9 indmode_10 mode_type_all mode_type_no9
       mode_type_567 mode_type_7 all no9 p567 p7 switch_all switch_no9 switch_567
       switch_7 lkmove_5 xpmove_5 caruse_5 mobuse_5 netpuse_5 aidxhh_5 jbhas_5 j2has_5
       finnow_5 finfut_5 howlng_5 vote1_5 vote6_5 scsf1_5 scsf2a_5 scsf2b_5 scsf3a_5
       scsf3b_5 scsf4a_5 scsf4b_5 scsf5_5 scsf6a_5 scsf6b_5 scsf6c_5 scsf7_5 scghqa_5
       scghqb_5 scghqc_5 scghqd_5 scghqe_5 scghqf_5 scghqg_5 scghqh_5 scghqi_5
       scghqj_5 scghqk_5 scghql_5 lkmove_6 xpmove_6 caruse_6 mobuse_6 netpuse_6
       aidxhh_6 jbhas_6 j2has_6 finnow_6 finfut_6 howlng_6 vote1_6 vote6_6 scsf1_6
       scsf2a_6 scsf2b_6 scsf3a_6 scsf3b_6 scsf4a_6 scsf4b_6 scsf5_6 scsf6a_6 scsf6b_6
       scsf6c_6 scsf7_6 scghqa_6 scghqb_6 scghqc_6 scghqd_6 scghqe_6 scghqf_6 scghqg_6
       scghqh_6 scghqi_6 scghqj_6 scghqk_6 scghql_6 lkmove_7 xpmove_7 caruse_7
       mobuse_7 netpuse_7 smoker_7 aidxhh_7 jbhas_7 jbterm1_7 jbsemp_7 j2has_7
       fiyrdia_7 finnow_7 finfut_7 howlng_7 vote1_7 vote6_7 scsf2a_7 scsf2b_7 scsf3a_7
       scsf3b_7 scsf4a_7 scsf4b_7 scsf5_7 scsf6a_7 scsf6b_7 scsf6c_7 scsf7_7 scghqa_7
       scghqb_7 scghqc_7 scghqd_7 scghqe_7 scghqf_7 scghqg_7 scghqh_7 scghqi_7
       scghqj_7 scghqk_7 scghql_7 scsf1_7 lkmove_8 xpmove_8 caruse_8 mobuse_8
       netpuse_8 smoker_8 aidxhh_8 jbhas_8 jbterm1_8 jbsemp_8 j2has_8 fiyrdia_8
       finnow_8 finfut_8 scsf2a_8 scsf2b_8 scsf3a_8 scsf3b_8 scsf4a_8 scsf4b_8 scsf5_8
       scsf6a_8 scsf6b_8 scsf6c_8 scsf7_8 scghqa_8 scghqb_8 scghqc_8 scghqd_8 scghqe_8
       scghqf_8 scghqg_8 scghqh_8 scghqi_8 scghqj_8 scghqk_8 scghql_8 scsf1_8 mobuse_9
       netpuse_9 smoker_9 jbhas_9 jbterm1_9 jbsemp_9 j2has_9 fiyrdia_9 finnow_9
       finfut_9 lkmove_10 xpmove_10 mobuse_10 netpuse_10 smoker_10 aidxhh_10 jbhas_10
       jbterm1_10 jbsemp_10 j2has_10 fiyrdia_10 finnow_10 finfut_10 scsf1_10 scsf2a_10
       scsf2b_10 scsf3a_10 scsf3b_10 scsf4a_10 scsf4b_10 scsf5_10 scsf6a_10 scsf6b_10
       scsf6c_10 scsf7_10 scghqa_10 scghqb_10 scghqc_10 scghqd_10 scghqe_10 scghqf_10
       scghqg_10 scghqh_10 scghqi_10 scghqj_10 scghqk_10 scghql_10 edu agecat female
       partner sf1 longill london north urban refresh Higher A level GCSE Other age_35
       age_55 age_75 age_102 pred_all pred_no9 pred_p567 pred_p7 pred_all_w pred_no9_w
       pred_p567_w pred_p7_w;

   MISSING=.;

   USEVARIABLES ARE
   scghqd_5
   scghqd_6
   scghqd_7
   scghqd_8
   scghqd_10;

   CATEGORICAL ARE
   scghqd_5
   scghqd_6
   scghqd_7
   scghqd_8
   scghqd_10;
   CLASSES = c(2);

    KNOWNCLASS = c(no9= 1 2);
  WEIGHT IS pred_no9_w;

   ANALYSIS:


      TYPE = MIXTURE;

      ESTIMATOR = MLR;

      ALGORITHM = INTEGRATION;

      Processors = 8(starts);

      STARTS = 400 100;

   Model:


      %OVERALL%

  i s | scghqd_5@0 scghqd_6@1 scghqd_7@2 scghqd_8@3 scghqd_10@5;

   %c#1%
  [s] (a); s ;
   s WITH i ;
   i ;


   %c#2%
  [s] (a); s ;
   s WITH i ;
   i ;


   OUTPUT: SAMPSTAT;

                                  STDYX;




*** WARNING in VARIABLE command
  Note that only the first 8 characters of variable names are used in the output.
  Shorten variable names to avoid any confusion.
*** WARNING
  Data set contains unknown or missing values for variable NO9.
  This variable is used to determine the KNOWNCLASS specification.
  Number of such cases:  111
*** WARNING
  Data set contains cases with missing on all variables.
  These cases were not included in the analysis.
  Number of cases with missing on all variables:  102
   3 WARNING(S) FOUND IN THE INPUT INSTRUCTIONS



Your title goes here

SUMMARY OF ANALYSIS

Number of groups                                                 1
Number of observations                                        1844

Number of dependent variables                                    5
Number of independent variables                                  0
Number of continuous latent variables                            2
Number of categorical latent variables                           1

Observed dependent variables

  Binary and ordered categorical (ordinal)
   SCGHQD_5    SCGHQD_6    SCGHQD_7    SCGHQD_8    SCGHQD_1

Continuous latent variables
   I           S

Categorical latent variables
   C

  Knownclass            C

Variables with special functions

  Weight variable       PRED_NO9

Estimator                                                      MLR
Information matrix                                        OBSERVED
Optimization Specifications for the Quasi-Newton Algorithm for
Continuous Outcomes
  Maximum number of iterations                                 100
  Convergence criterion                                  0.100D-05
Optimization Specifications for the EM Algorithm
  Maximum number of iterations                                 500
  Convergence criteria
    Loglikelihood change                                 0.100D-02
    Relative loglikelihood change                        0.100D-05
    Derivative                                           0.100D-02
Optimization Specifications for the M step of the EM Algorithm for
Categorical Latent variables
  Number of M step iterations                                    1
  M step convergence criterion                           0.100D-02
  Basis for M step termination                           ITERATION
Optimization Specifications for the M step of the EM Algorithm for
Censored, Binary or Ordered Categorical (Ordinal), Unordered
Categorical (Nominal) and Count Outcomes
  Number of M step iterations                                    1
  M step convergence criterion                           0.100D-02
  Basis for M step termination                           ITERATION
  Maximum value for logit thresholds                            15
  Minimum value for logit thresholds                           -15
  Minimum expected cell size for chi-square              0.100D-01
Maximum number of iterations for H1                           2000
Convergence criterion for H1                             0.100D-03
Optimization algorithm                                         EMA
Integration Specifications
  Type                                                    STANDARD
  Number of integration points                                  15
  Dimensions of numerical integration                            2
  Adaptive quadrature                                           ON
Random Starts Specifications
  Number of initial stage random starts                        400
  Number of final stage optimizations                          100
  Number of initial stage iterations                            10
  Initial stage convergence criterion                    0.100D+01
  Random starts scale                                    0.500D+01
  Random seed for generating random starts                       0
Link                                                         LOGIT
Cholesky                                                        ON

Input data file(s)
  data.dta
Input data format  FREE


SUMMARY OF DATA

     Number of missing data patterns            31
     Number of y missing data patterns           0
     Number of u missing data patterns          31


COVARIANCE COVERAGE OF DATA

Minimum covariance coverage value   0.100


     PROPORTION OF DATA PRESENT FOR U


           Covariance Coverage
              SCGHQD_5      SCGHQD_6      SCGHQD_7      SCGHQD_8      SCGHQD_1
              ________      ________      ________      ________      ________
 SCGHQD_5       0.386
 SCGHQD_6       0.292         0.457
 SCGHQD_7       0.265         0.338         0.595
 SCGHQD_8       0.252         0.326         0.472         0.581
 SCGHQD_1       0.223         0.287         0.400         0.435         0.648


UNIVARIATE PROPORTIONS AND COUNTS FOR CATEGORICAL VARIABLES

    SCGHQD_5
      Category 1    0.055           62.246
      Category 2    0.847          957.493
      Category 3    0.085           95.606
      Category 4    0.013           14.980
    SCGHQD_6
      Category 1    0.060           83.504
      Category 2    0.833         1152.037
      Category 3    0.096          132.122
      Category 4    0.011           15.288
    SCGHQD_7
      Category 1    0.049           58.766
      Category 2    0.876         1054.853
      Category 3    0.059           70.952
      Category 4    0.016           19.578
    SCGHQD_8
      Category 1    0.068           77.861
      Category 2    0.847          963.298
      Category 3    0.070           79.143
      Category 4    0.015           17.312
    SCGHQD_1
      Category 1    0.040           39.885
      Category 2    0.851          847.547
      Category 3    0.088           87.576
      Category 4    0.021           20.963


SAMPLE STATISTICS

RANDOM STARTS RESULTS RANKED FROM THE BEST TO THE WORST LOGLIKELIHOOD VALUES

Final stage loglikelihood values at local maxima, seeds, and initial stage start numbers:

           -4378.153  900268           327
           -4378.154  609089           241
           -4378.154  82357            339
           -4378.154  175199           247
           -4378.154  181293           212
           -4378.154  801717           364
           -4378.154  625191           350
           -4378.154  529496           343
           -4378.154  565819           65
           -4378.154  120506           45
           -4378.154  153942           31
           -4378.154  422103           62
           -4378.154  17359            227
           -4378.154  534483           290
           -4378.154  66276            217
           -4378.154  985387           381
           -4378.154  777045           377
           -4378.154  685657           69
           -4378.154  405079           68
           -4378.154  545140           278
           -4378.154  391949           295
           -4378.154  694303           282
           -4378.154  967237           48
           -4378.154  373505           88
           -4378.154  801065           393
           -4378.154  303634           169
           -4378.154  780698           337
           -4378.154  637345           19
           -4378.154  644297           340
           -4378.154  793035           187
           -4378.154  107446           12
           -4378.155  319144           176
           -4378.155  23012            352
           -4378.155  520177           262
           -4378.155  197223           332
           -4378.155  137305           379
           -4378.155  22089            143
           -4378.155  49221            254
           -4378.155  267983           228
           -4378.155  282464           283
           -4378.155  726035           191
           -4378.155  456213           160
           -4378.155  635245           121
           -4378.156  76337            76
           -4378.156  579995           183
           -4378.156  761633           50
           -4378.156  637095           207
           -4378.156  182524           373
           -4378.156  105435           265
           -4378.156  848969           173
           -4378.156  383986           159
           -4378.156  227563           63
           -4378.156  92689            304
           -4378.156  387701           275
           -4378.156  802779           122
           -4378.156  192071           142
           -4378.156  479273           156
           -4378.156  509733           130
           -4378.156  992389           77
           -4378.156  488125           368
           -4378.156  695155           150
           -4378.156  686482           215
           -4378.156  791396           243
           -4378.156  741888           138
           -4378.157  724519           333
           -4378.157  215353           164
           -4378.157  609185           181
           -4378.157  788796           145
           -4378.157  340112           126
           -4378.157  399848           220
           -4378.157  unperturbed      0
           -4378.157  124999           96
           -4378.157  836066           372
           -4378.157  195873           6
           -4378.157  749453           33
           -4378.157  471398           74
           -4378.157  642909           251
           -4378.157  915107           54
           -4378.157  602797           336
           -4378.157  496881           192
           -4378.157  146900           391
           -4378.157  415931           10
           -4378.157  568405           233
           -4378.157  939709           112
           -4378.157  857799           315
           -4378.157  440841           118
           -4378.157  483369           270
           -4378.157  93468            3
           -4378.157  475420           71
           -4378.157  441191           361
           -4378.157  372176           23
           -4378.157  871851           257
           -4378.157  860772           174
           -4378.157  432148           30
           -4378.157  51375            148
           -4378.157  232559           136
           -4378.157  50887            389
           -4378.157  951709           348
           -4378.157  784664           75
           -4378.157  232226           235



THE BEST LOGLIKELIHOOD VALUE HAS BEEN REPLICATED.  RERUN WITH AT LEAST TWICE THE
RANDOM STARTS TO CHECK THAT THE BEST LOGLIKELIHOOD IS STILL OBTAINED AND REPLICATED.


THE MODEL ESTIMATION TERMINATED NORMALLY



MODEL FIT INFORMATION

Number of Free Parameters                       12

Loglikelihood

          H0 Value                       -4378.153
          H0 Scaling Correction Factor      2.1621
            for MLR

Information Criteria

          Akaike (AIC)                    8780.305
          Bayesian (BIC)                  8846.542
          Sample-Size Adjusted BIC        8808.418
            (n* = (n + 2) / 24)

Chi-Square Test of Model Fit for the Binary and Ordered Categorical
(Ordinal) Outcomes**

          Pearson Chi-Square

          Value                           1694.612
          Degrees of Freedom                  2019
          P-Value                           1.0000

          Likelihood Ratio Chi-Square

          Value                            617.038
          Degrees of Freedom                  2019
          P-Value                           1.0000

** Of the 3124 cells in the latent class indicator table, 4
   were deleted in the calculation of chi-square due to extreme values.

Chi-Square Test for MCAR under the Unrestricted Latent Class Indicator Model

          Pearson Chi-Square

          Value                           1627.793
          Degrees of Freedom                  4139
          P-Value                           1.0000

          Likelihood Ratio Chi-Square

          Value                           1228.606
          Degrees of Freedom                  4139
          P-Value                           1.0000



FINAL CLASS COUNTS AND PROPORTIONS FOR THE LATENT CLASSES
BASED ON THE ESTIMATED MODEL

    Latent
   Classes

       1       1174.59909          0.63698
       2        669.40091          0.36302


MODEL RESULTS

                                                    Two-Tailed
                    Estimate       S.E.  Est./S.E.    P-Value

Latent Class 1 (1)

 I        |
    SCGHQD_5           1.000      0.000    999.000    999.000
    SCGHQD_6           1.000      0.000    999.000    999.000
    SCGHQD_7           1.000      0.000    999.000    999.000
    SCGHQD_8           1.000      0.000    999.000    999.000
    SCGHQD_10          1.000      0.000    999.000    999.000

 S        |
    SCGHQD_5           0.000      0.000    999.000    999.000
    SCGHQD_6           1.000      0.000    999.000    999.000
    SCGHQD_7           2.000      0.000    999.000    999.000
    SCGHQD_8           3.000      0.000    999.000    999.000
    SCGHQD_10          5.000      0.000    999.000    999.000

 S        WITH
    I                 -0.343      0.243     -1.414      0.157

 Means
    I                  0.065      0.147      0.441      0.659
    S                  0.028      0.033      0.836      0.403

 Thresholds
    SCGHQD_5$1        -3.520      0.200    -17.567      0.000
    SCGHQD_5$2         3.029      0.174     17.422      0.000
    SCGHQD_5$3         5.229      0.275     19.014      0.000
    SCGHQD_6$1        -3.520      0.200    -17.567      0.000
    SCGHQD_6$2         3.029      0.174     17.422      0.000
    SCGHQD_6$3         5.229      0.275     19.014      0.000
    SCGHQD_7$1        -3.520      0.200    -17.567      0.000
    SCGHQD_7$2         3.029      0.174     17.422      0.000
    SCGHQD_7$3         5.229      0.275     19.014      0.000
    SCGHQD_8$1        -3.520      0.200    -17.567      0.000
    SCGHQD_8$2         3.029      0.174     17.422      0.000
    SCGHQD_8$3         5.229      0.275     19.014      0.000
    SCGHQD_1$1        -3.520      0.200    -17.567      0.000
    SCGHQD_1$2         3.029      0.174     17.422      0.000
    SCGHQD_1$3         5.229      0.275     19.014      0.000

 Variances
    I                  2.418      0.742      3.259      0.001
    S                  0.129      0.087      1.481      0.139

Latent Class 2 (2)

 I        |
    SCGHQD_5           1.000      0.000    999.000    999.000
    SCGHQD_6           1.000      0.000    999.000    999.000
    SCGHQD_7           1.000      0.000    999.000    999.000
    SCGHQD_8           1.000      0.000    999.000    999.000
    SCGHQD_10          1.000      0.000    999.000    999.000

 S        |
    SCGHQD_5           0.000      0.000    999.000    999.000
    SCGHQD_6           1.000      0.000    999.000    999.000
    SCGHQD_7           2.000      0.000    999.000    999.000
    SCGHQD_8           3.000      0.000    999.000    999.000
    SCGHQD_10          5.000      0.000    999.000    999.000

 S        WITH
    I                 -0.002      0.052     -0.044      0.965

 Means
    I                  0.000      0.000    999.000    999.000
    S                  0.028      0.033      0.836      0.403

 Thresholds
    SCGHQD_5$1        -3.520      0.200    -17.567      0.000
    SCGHQD_5$2         3.029      0.174     17.422      0.000
    SCGHQD_5$3         5.229      0.275     19.014      0.000
    SCGHQD_6$1        -3.520      0.200    -17.567      0.000
    SCGHQD_6$2         3.029      0.174     17.422      0.000
    SCGHQD_6$3         5.229      0.275     19.014      0.000
    SCGHQD_7$1        -3.520      0.200    -17.567      0.000
    SCGHQD_7$2         3.029      0.174     17.422      0.000
    SCGHQD_7$3         5.229      0.275     19.014      0.000
    SCGHQD_8$1        -3.520      0.200    -17.567      0.000
    SCGHQD_8$2         3.029      0.174     17.422      0.000
    SCGHQD_8$3         5.229      0.275     19.014      0.000
    SCGHQD_1$1        -3.520      0.200    -17.567      0.000
    SCGHQD_1$2         3.029      0.174     17.422      0.000
    SCGHQD_1$3         5.229      0.275     19.014      0.000

 Variances
    I                  2.058      0.452      4.555      0.000
    S                  0.000      0.000      0.023      0.982

Categorical Latent Variables

 Means
    C#1                0.562      0.067      8.443      0.000


STANDARDIZED MODEL RESULTS


STDYX Standardization

                                                    Two-Tailed
                    Estimate       S.E.  Est./S.E.    P-Value

Latent Class 1 (1)

 I        |
    SCGHQD_5           0.651      0.058     11.310      0.000
    SCGHQD_6           0.685      0.080      8.555      0.000
    SCGHQD_7           0.706      0.098      7.204      0.000
    SCGHQD_8           0.709      0.105      6.753      0.000
    SCGHQD_10          0.662      0.088      7.485      0.000

 S        |
    SCGHQD_5           0.000      0.000    999.000    999.000
    SCGHQD_6           0.159      0.051      3.102      0.002
    SCGHQD_7           0.327      0.112      2.925      0.003
    SCGHQD_8           0.492      0.170      2.899      0.004
    SCGHQD_10          0.766      0.232      3.299      0.001

 S        WITH
    I                 -0.613      0.163     -3.753      0.000

 Means
    I                  0.042      0.094      0.442      0.659
    S                  0.078      0.095      0.816      0.415

 Thresholds
    SCGHQD_5$1        -1.474      0.092    -16.007      0.000
    SCGHQD_5$2         1.268      0.086     14.732      0.000
    SCGHQD_5$3         2.189      0.145     15.081      0.000
    SCGHQD_6$1        -1.551      0.075    -20.701      0.000
    SCGHQD_6$2         1.335      0.073     18.358      0.000
    SCGHQD_6$3         2.304      0.118     19.467      0.000
    SCGHQD_7$1        -1.598      0.078    -20.484      0.000
    SCGHQD_7$2         1.375      0.074     18.503      0.000
    SCGHQD_7$3         2.374      0.118     20.135      0.000
    SCGHQD_8$1        -1.604      0.082    -19.684      0.000
    SCGHQD_8$2         1.381      0.076     18.233      0.000
    SCGHQD_8$3         2.383      0.118     20.248      0.000
    SCGHQD_1$1        -1.499      0.091    -16.540      0.000
    SCGHQD_1$2         1.290      0.080     16.045      0.000
    SCGHQD_1$3         2.227      0.126     17.730      0.000

 Variances
    I                  1.000      0.000    999.000    999.000
    S                  1.000      0.000    999.000    999.000

Latent Class 2 (2)

 I        |
    SCGHQD_5           0.620      0.042     14.810      0.000
    SCGHQD_6           0.621      0.045     13.867      0.000
    SCGHQD_7           0.621      0.048     12.879      0.000
    SCGHQD_8           0.621      0.052     11.916      0.000
    SCGHQD_10          0.622      0.061     10.191      0.000

 S        |
    SCGHQD_5           0.000      0.000    999.000    999.000
    SCGHQD_6           0.001      0.015      0.045      0.964
    SCGHQD_7           0.001      0.031      0.045      0.964
    SCGHQD_8           0.002      0.046      0.045      0.964
    SCGHQD_10          0.003      0.077      0.045      0.964

 S        WITH
    I                 -0.988      0.554     -1.784      0.074

 Means
    I                  0.000      0.000    999.000    999.000
    S                 17.353    384.683      0.045      0.964

 Thresholds
    SCGHQD_5$1        -1.522      0.075    -20.343      0.000
    SCGHQD_5$2         1.310      0.075     17.398      0.000
    SCGHQD_5$3         2.261      0.108     20.968      0.000
    SCGHQD_6$1        -1.523      0.070    -21.730      0.000
    SCGHQD_6$2         1.310      0.073     17.985      0.000
    SCGHQD_6$3         2.262      0.102     22.119      0.000
    SCGHQD_7$1        -1.524      0.068    -22.325      0.000
    SCGHQD_7$2         1.311      0.073     18.059      0.000
    SCGHQD_7$3         2.263      0.101     22.358      0.000
    SCGHQD_8$1        -1.524      0.070    -21.916      0.000
    SCGHQD_8$2         1.311      0.075     17.601      0.000
    SCGHQD_8$3         2.264      0.105     21.597      0.000
    SCGHQD_1$1        -1.525      0.081    -18.924      0.000
    SCGHQD_1$2         1.313      0.084     15.597      0.000
    SCGHQD_1$3         2.266      0.124     18.288      0.000

 Variances
    I                  1.000      0.000    999.000    999.000
    S                  1.000      0.000    999.000    999.000


R-SQUARE

Class 1

    Observed                                        Two-Tailed
    Variable        Estimate       S.E.  Est./S.E.    P-Value

    SCGHQD_5           0.424      0.075      5.655      0.000
    SCGHQD_6           0.361      0.055      6.617      0.000
    SCGHQD_7           0.322      0.049      6.605      0.000
    SCGHQD_8           0.317      0.049      6.447      0.000
    SCGHQD_1           0.403      0.067      6.021      0.000

Class 2

    Observed                                        Two-Tailed
    Variable        Estimate       S.E.  Est./S.E.    P-Value

    SCGHQD_5           0.385      0.052      7.405      0.000
    SCGHQD_6           0.384      0.048      7.966      0.000
    SCGHQD_7           0.384      0.047      8.114      0.000
    SCGHQD_8           0.383      0.049      7.773      0.000
    SCGHQD_1           0.382      0.061      6.306      0.000


QUALITY OF NUMERICAL RESULTS

     Condition Number for the Information Matrix              0.482E-07
       (ratio of smallest to largest eigenvalue)


     Beginning Time:  18:08:55
        Ending Time:  18:11:58
       Elapsed Time:  00:03:03



MUTHEN & MUTHEN
3463 Stoner Ave.
Los Angeles, CA  90066

Tel: (310) 391-9971
Fax: (310) 391-8971
Web: www.StatModel.com
Support: Support@StatModel.com

Copyright (c) 1998-2019 Muthen & Muthen
