Mplus VERSION 8.7
MUTHEN & MUTHEN
11/08/2021  10:56 AM

INPUT INSTRUCTIONS

  TITLE: Your title goes here

   DATA: FILE = no_f2f_mm/data.dta;

   VARIABLE:

   NAMES = pidp gridmode mm hidp_5 hidp_6 hidp_7 hidp_8 hidp_9 hidp_10 indmode_5
       indmode_6 indmode_7 indmode_8 indmode_9 indmode_10 mode_type_all mode_type_no9
       mode_type_567 mode_type_7 all no9 p567 p7 switch_all switch_no9 switch_567
       switch_7 lkmove_5 xpmove_5 caruse_5 mobuse_5 netpuse_5 aidxhh_5 jbhas_5 j2has_5
       finnow_5 finfut_5 howlng_5 vote1_5 vote6_5 scsf1_5 scsf2a_5 scsf2b_5 scsf3a_5
       scsf3b_5 scsf4a_5 scsf4b_5 scsf5_5 scsf6a_5 scsf6b_5 scsf6c_5 scsf7_5 scghqa_5
       scghqb_5 scghqc_5 scghqd_5 scghqe_5 scghqf_5 scghqg_5 scghqh_5 scghqi_5
       scghqj_5 scghqk_5 scghql_5 lkmove_6 xpmove_6 caruse_6 mobuse_6 netpuse_6
       aidxhh_6 jbhas_6 j2has_6 finnow_6 finfut_6 howlng_6 vote1_6 vote6_6 scsf1_6
       scsf2a_6 scsf2b_6 scsf3a_6 scsf3b_6 scsf4a_6 scsf4b_6 scsf5_6 scsf6a_6 scsf6b_6
       scsf6c_6 scsf7_6 scghqa_6 scghqb_6 scghqc_6 scghqd_6 scghqe_6 scghqf_6 scghqg_6
       scghqh_6 scghqi_6 scghqj_6 scghqk_6 scghql_6 lkmove_7 xpmove_7 caruse_7
       mobuse_7 netpuse_7 smoker_7 aidxhh_7 jbhas_7 jbterm1_7 jbsemp_7 j2has_7
       fiyrdia_7 finnow_7 finfut_7 howlng_7 vote1_7 vote6_7 scsf2a_7 scsf2b_7 scsf3a_7
       scsf3b_7 scsf4a_7 scsf4b_7 scsf5_7 scsf6a_7 scsf6b_7 scsf6c_7 scsf7_7 scghqa_7
       scghqb_7 scghqc_7 scghqd_7 scghqe_7 scghqf_7 scghqg_7 scghqh_7 scghqi_7
       scghqj_7 scghqk_7 scghql_7 scsf1_7 lkmove_8 xpmove_8 caruse_8 mobuse_8
       netpuse_8 smoker_8 aidxhh_8 jbhas_8 jbterm1_8 jbsemp_8 j2has_8 fiyrdia_8
       finnow_8 finfut_8 scsf2a_8 scsf2b_8 scsf3a_8 scsf3b_8 scsf4a_8 scsf4b_8 scsf5_8
       scsf6a_8 scsf6b_8 scsf6c_8 scsf7_8 scghqa_8 scghqb_8 scghqc_8 scghqd_8 scghqe_8
       scghqf_8 scghqg_8 scghqh_8 scghqi_8 scghqj_8 scghqk_8 scghql_8 scsf1_8 mobuse_9
       netpuse_9 smoker_9 jbhas_9 jbterm1_9 jbsemp_9 j2has_9 fiyrdia_9 finnow_9
       finfut_9 lkmove_10 xpmove_10 mobuse_10 netpuse_10 smoker_10 aidxhh_10 jbhas_10
       jbterm1_10 jbsemp_10 j2has_10 fiyrdia_10 finnow_10 finfut_10 scsf1_10 scsf2a_10
       scsf2b_10 scsf3a_10 scsf3b_10 scsf4a_10 scsf4b_10 scsf5_10 scsf6a_10 scsf6b_10
       scsf6c_10 scsf7_10 scghqa_10 scghqb_10 scghqc_10 scghqd_10 scghqe_10 scghqf_10
       scghqg_10 scghqh_10 scghqi_10 scghqj_10 scghqk_10 scghql_10 edu agecat female
       partner sf1 longill london north urban refresh Higher A level GCSE Other age_35
       age_55 age_75 age_102 pred_all pred_no9 pred_p567 pred_p7 pred_all_w pred_no9_w
       pred_p567_w pred_p7_w;

   MISSING=.;

   USEVARIABLES ARE
   mobuse_5
   mobuse_6
   mobuse_7
   mobuse_8
   mobuse_9
   mobuse_10;

   CATEGORICAL ARE
   mobuse_5
   mobuse_6
   mobuse_7
   mobuse_8
   mobuse_9
   mobuse_10;
   CLASSES = c(2);

    KNOWNCLASS = c(all= 1 2);
  WEIGHT IS pred_all_w;

   ANALYSIS:


      TYPE = MIXTURE;

      ESTIMATOR = MLR;

      ALGORITHM = INTEGRATION;

      Processors = 8(starts);

      STARTS = 800 200;

   Model:


      %OVERALL%

  i s | mobuse_5@0 mobuse_6@1 mobuse_7@2 mobuse_8@3 mobuse_9@4 mobuse_10@5;
   %c#1%
  [s] (a); s ;
   s WITH i ;
   i ;


   %c#2%
  [s] (a); s ;
   s WITH i ;
   i ;


   OUTPUT: SAMPSTAT;

                                  STDYX;




*** WARNING in VARIABLE command
  Note that only the first 8 characters of variable names are used in the output.
  Shorten variable names to avoid any confusion.
*** WARNING
  One or more observations has a value of 0 for the WEIGHT variable.  Consider using the
  SUBPOPULATION option to restrict the analysis to observations with a positive weight.
*** WARNING
  Data set contains unknown or missing values for variable ALL.
  This variable is used to determine the KNOWNCLASS specification.
  Number of such cases:  892
*** WARNING
  Data set contains cases with missing on all variables.
  These cases were not included in the analysis.
  Number of cases with missing on all variables:  1
   4 WARNING(S) FOUND IN THE INPUT INSTRUCTIONS



Your title goes here

SUMMARY OF ANALYSIS

Number of groups                                                 1
Number of observations                                        1164

Number of dependent variables                                    6
Number of independent variables                                  0
Number of continuous latent variables                            2
Number of categorical latent variables                           1

Observed dependent variables

  Binary and ordered categorical (ordinal)
   MOBUSE_5    MOBUSE_6    MOBUSE_7    MOBUSE_8    MOBUSE_9    MOBUSE_1

Continuous latent variables
   I           S

Categorical latent variables
   C

  Knownclass            C

Variables with special functions

  Weight variable       PRED_ALL

Estimator                                                      MLR
Information matrix                                        OBSERVED
Optimization Specifications for the Quasi-Newton Algorithm for
Continuous Outcomes
  Maximum number of iterations                                 100
  Convergence criterion                                  0.100D-05
Optimization Specifications for the EM Algorithm
  Maximum number of iterations                                 500
  Convergence criteria
    Loglikelihood change                                 0.100D-02
    Relative loglikelihood change                        0.100D-05
    Derivative                                           0.100D-02
Optimization Specifications for the M step of the EM Algorithm for
Categorical Latent variables
  Number of M step iterations                                    1
  M step convergence criterion                           0.100D-02
  Basis for M step termination                           ITERATION
Optimization Specifications for the M step of the EM Algorithm for
Censored, Binary or Ordered Categorical (Ordinal), Unordered
Categorical (Nominal) and Count Outcomes
  Number of M step iterations                                    1
  M step convergence criterion                           0.100D-02
  Basis for M step termination                           ITERATION
  Maximum value for logit thresholds                            15
  Minimum value for logit thresholds                           -15
  Minimum expected cell size for chi-square              0.100D-01
Maximum number of iterations for H1                           2000
Convergence criterion for H1                             0.100D-03
Optimization algorithm                                         EMA
Integration Specifications
  Type                                                    STANDARD
  Number of integration points                                  15
  Dimensions of numerical integration                            2
  Adaptive quadrature                                           ON
Random Starts Specifications
  Number of initial stage random starts                        800
  Number of final stage optimizations                          200
  Number of initial stage iterations                            10
  Initial stage convergence criterion                    0.100D+01
  Random starts scale                                    0.500D+01
  Random seed for generating random starts                       0
Link                                                         LOGIT
Cholesky                                                        ON

Input data file(s)
  no_f2f_mm/data.dta
Input data format  FREE


SUMMARY OF DATA

     Number of missing data patterns            58
     Number of y missing data patterns           0
     Number of u missing data patterns          58


COVARIANCE COVERAGE OF DATA

Minimum covariance coverage value   0.100


     PROPORTION OF DATA PRESENT FOR U


           Covariance Coverage
              MOBUSE_5      MOBUSE_6      MOBUSE_7      MOBUSE_8      MOBUSE_9
              ________      ________      ________      ________      ________
 MOBUSE_5       0.655
 MOBUSE_6       0.570         0.658
 MOBUSE_7       0.485         0.519         0.676
 MOBUSE_8       0.461         0.501         0.571         0.682
 MOBUSE_9       0.444         0.478         0.546         0.595         0.670
 MOBUSE_1       0.415         0.447         0.495         0.542         0.562


           Covariance Coverage
              MOBUSE_1
              ________
 MOBUSE_1       0.634


UNIVARIATE PROPORTIONS AND COUNTS FOR CATEGORICAL VARIABLES

    MOBUSE_5
      Category 1    0.089           88.356
      Category 2    0.911          899.263
    MOBUSE_6
      Category 1    0.089           88.436
      Category 2    0.911          899.766
    MOBUSE_7
      Category 1    0.068           55.732
      Category 2    0.932          767.011
    MOBUSE_8
      Category 1    0.057           45.195
      Category 2    0.943          742.960
    MOBUSE_9
      Category 1    0.064           47.193
      Category 2    0.936          693.884
    MOBUSE_1
      Category 1    0.039           26.699
      Category 2    0.961          660.229


SAMPLE STATISTICS

RANDOM STARTS RESULTS RANKED FROM THE BEST TO THE WORST LOGLIKELIHOOD VALUES

Final stage loglikelihood values at local maxima, seeds, and initial stage start numbers:

           -1570.673  497522           502
           -1570.677  961454           665
           -1570.686  347515           24
           -1570.688  505244           582
           -1570.694  283492           435
           -1570.696  354395           486
           -1570.699  670281           721
           -1570.700  858804           534
           -1570.702  813779           92
           -1570.705  685657           69
           -1570.709  973369           202
           -1570.711  371737           532
           -1570.711  972873           157
           -1570.712  251641           784
           -1570.714  395754           388
           -1570.717  399671           13
           -1570.718  50887            389
           -1570.718  505879           424
           -1570.722  22874            588
           -1570.724  313407           132
           -1570.726  340112           126
           -1570.727  402224           91
           -1570.729  879211           453
           -1570.729  284716           713
           -1570.731  876943           650
           -1570.731  70118            104
           -1570.731  521575           313
           -1570.732  152496           123
           -1570.732  850840           232
           -1570.732  204959           695
           -1570.736  549244           756
           -1570.736  576596           99
           -1570.738  425929           508
           -1570.738  752769           253
           -1570.740  568405           233
           -1570.740  404426           344
           -1570.741  215353           164
           -1570.741  608849           224
           -1570.742  810705           626
           -1570.742  738393           619
           -1570.743  641794           591
           -1570.743  942358           644
           -1570.743  922042           492
           -1570.744  62835            642
           -1570.744  704798           530
           -1570.744  797594           234
           -1570.745  900631           774
           -1570.745  978061           488
           -1570.746  7195             697
           -1570.746  793487           595
           -1570.746  486646           586
           -1570.747  507154           387
           -1570.747  23012            352
           -1570.747  369602           146
           -1570.747  580181           691
           -1570.748  436460           89
           -1570.748  635245           121
           -1570.748  393232           152
           -1570.748  39136            226
           -1570.748  590834           785
           -1570.749  595619           779
           -1570.749  809240           543
           -1570.749  298275           418
           -1570.749  315029           471
           -1570.749  72662            729
           -1570.749  947714           573
           -1570.749  284109           82
           -1570.750  783165           170
           -1570.750  638611           524
           -1570.750  596257           405
           -1570.750  775881           778
           -1570.750  606576           151
           -1570.750  507218           613
           -1570.750  616917           261
           -1570.750  794236           127
           -1570.750  467339           66
           -1570.751  614535           449
           -1570.751  109357           765
           -1570.751  248742           556
           -1570.751  266008           656
           -1570.751  902278           21
           -1570.751  568859           49
           -1570.752  804660           260
           -1570.752  117587           572
           -1570.752  599729           658
           -1570.752  192071           142
           -1570.752  321390           133
           -1570.752  848890           95
           -1570.753  617243           237
           -1570.753  416250           390
           -1570.754  137377           397
           -1570.754  405371           569
           -1570.754  118421           139
           -1570.754  unperturbed      0
           -1570.754  294669           501
           -1570.755  966014           37
           -1570.755  185071           370
           -1570.755  579995           183
           -1570.755  674171           195
           -1570.755  847088           750
           -1570.756  417035           149
           -1570.756  999211           628
           -1570.756  69413            472
           -1570.757  57226            208
           -1570.758  253358           2
           -1570.758  476498           179
           -1570.758  178475           231
           -1570.758  835767           210
           -1570.758  348637           749
           -1570.758  859432           770
           -1570.759  46502            714
           -1570.759  231281           542
           -1570.759  939870           655
           -1570.759  27071            15
           -1570.760  625191           350
           -1570.761  782821           272
           -1570.761  824956           607
           -1570.761  642909           251
           -1570.762  387701           275
           -1570.762  246575           291
           -1570.762  232559           136
           -1570.762  801065           393
           -1570.762  855760           593
           -1570.762  804561           59
           -1570.763  752476           614
           -1570.763  379729           512
           -1570.764  579138           706
           -1570.764  30098            209
           -1570.768  121425           511
           -1570.768  211281           292
           -1570.769  322790           636
           -1570.769  316165           299
           -1570.769  370957           554
           -1570.771  441191           361
           -1570.771  345726           461
           -1570.771  298553           773
           -1570.772  276102           599
           -1570.774  800454           751
           -1570.774  317640           437
           -1570.775  607072           717
           -1570.775  73576            213
           -1570.776  263049           454
           -1570.778  80438            246
           -1570.779  726035           191
           -1570.781  595153           230
           -1570.787  21132            351
           -1570.789  575700           100
           -1570.790  551639           55
           -1570.796  939709           112
           -1570.797  352277           42
           -1570.797  97300            640
           -1570.800  341960           685
           -1570.800  178031           720
           -1570.801  462821           745
           -1570.803  741484           441
           -1570.813  343926           624
           -1570.817  471438           252
           -1570.817  529496           343
           -1570.819  724519           333
           -1570.821  878749           728
           -1570.822  963053           43
           -1570.823  405079           68
           -1570.826  399508           415
           -1570.827  604861           800
           -1570.828  700349           401
           -1570.830  68850            462
           -1570.831  887580           493
           -1570.834  157351           579
           -1570.834  640833           434
           -1570.835  913639           162
           -1570.836  573096           20
           -1570.836  349562           359
           -1570.837  574412           679
           -1570.837  960438           116
           -1570.838  407108           366
           -1570.838  659773           663
           -1570.838  342019           301
           -1570.838  192191           629
           -1570.838  15270            610
           -1570.838  669634           335
           -1570.839  644297           340
           -1570.839  860029           760
           -1570.839  798839           312
           -1570.843  331681           549
           -1570.843  567165           319
           -1570.844  792389           746
           -1570.845  881886           608
           -1570.846  823392           479
           -1570.847  66276            217
           -1570.847  231400           738
           -1570.850  396795           323
           -1570.850  278692           342
           -1570.854  416463           467
           -1570.855  341041           34
           -1570.868  140442           500
           -1570.869  238906           430
           -1570.871  931874           141
           -1570.873  888905           444
           -1570.881  761633           50
           -1570.883  392766           331



THE BEST LOGLIKELIHOOD VALUE HAS BEEN REPLICATED.  RERUN WITH AT LEAST TWICE THE
RANDOM STARTS TO CHECK THAT THE BEST LOGLIKELIHOOD IS STILL OBTAINED AND REPLICATED.


THE MODEL ESTIMATION TERMINATED NORMALLY



MODEL FIT INFORMATION

Number of Free Parameters                       10

Loglikelihood

          H0 Value                       -1570.673
          H0 Scaling Correction Factor      1.9738
            for MLR

Information Criteria

          Akaike (AIC)                    3161.346
          Bayesian (BIC)                  3211.942
          Sample-Size Adjusted BIC        3180.178
            (n* = (n + 2) / 24)

Chi-Square Test of Model Fit for the Binary and Ordered Categorical
(Ordinal) Outcomes**

          Pearson Chi-Square

          Value                            321.137
          Degrees of Freedom                   113
          P-Value                           0.0000

          Likelihood Ratio Chi-Square

          Value                            117.851
          Degrees of Freedom                   113
          P-Value                           0.3585

** Of the 684 cells in the latent class indicator table, 1
   were deleted in the calculation of chi-square due to extreme values.

Chi-Square Test for MCAR under the Unrestricted Latent Class Indicator Model

          Pearson Chi-Square

          Value                            792.066
          Degrees of Freedom                  1125
          P-Value                           1.0000

          Likelihood Ratio Chi-Square

          Value                            416.065
          Degrees of Freedom                  1125
          P-Value                           1.0000



FINAL CLASS COUNTS AND PROPORTIONS FOR THE LATENT CLASSES
BASED ON THE ESTIMATED MODEL

    Latent
   Classes

       1        601.00000          0.51632
       2        563.00000          0.48368


MODEL RESULTS

                                                    Two-Tailed
                    Estimate       S.E.  Est./S.E.    P-Value

Latent Class 1 (1)

 I        |
    MOBUSE_5           1.000      0.000    999.000    999.000
    MOBUSE_6           1.000      0.000    999.000    999.000
    MOBUSE_7           1.000      0.000    999.000    999.000
    MOBUSE_8           1.000      0.000    999.000    999.000
    MOBUSE_9           1.000      0.000    999.000    999.000
    MOBUSE_10          1.000      0.000    999.000    999.000

 S        |
    MOBUSE_5           0.000      0.000    999.000    999.000
    MOBUSE_6           1.000      0.000    999.000    999.000
    MOBUSE_7           2.000      0.000    999.000    999.000
    MOBUSE_8           3.000      0.000    999.000    999.000
    MOBUSE_9           4.000      0.000    999.000    999.000
    MOBUSE_10          5.000      0.000    999.000    999.000

 S        WITH
    I                -24.632     16.183     -1.522      0.128

 Means
    I                  2.310      3.705      0.624      0.533
    S                 -1.299      0.691     -1.880      0.060

 Thresholds
    MOBUSE_5$1       -14.230      3.687     -3.860      0.000
    MOBUSE_6$1       -14.230      3.687     -3.860      0.000
    MOBUSE_7$1       -14.230      3.687     -3.860      0.000
    MOBUSE_8$1       -14.230      3.687     -3.860      0.000
    MOBUSE_9$1       -14.230      3.687     -3.860      0.000
    MOBUSE_1$1       -14.230      3.687     -3.860      0.000

 Variances
    I                211.012    111.806      1.887      0.059
    S                  3.182      2.707      1.176      0.240

Latent Class 2 (2)

 I        |
    MOBUSE_5           1.000      0.000    999.000    999.000
    MOBUSE_6           1.000      0.000    999.000    999.000
    MOBUSE_7           1.000      0.000    999.000    999.000
    MOBUSE_8           1.000      0.000    999.000    999.000
    MOBUSE_9           1.000      0.000    999.000    999.000
    MOBUSE_10          1.000      0.000    999.000    999.000

 S        |
    MOBUSE_5           0.000      0.000    999.000    999.000
    MOBUSE_6           1.000      0.000    999.000    999.000
    MOBUSE_7           2.000      0.000    999.000    999.000
    MOBUSE_8           3.000      0.000    999.000    999.000
    MOBUSE_9           4.000      0.000    999.000    999.000
    MOBUSE_10          5.000      0.000    999.000    999.000

 S        WITH
    I                -14.039     11.896     -1.180      0.238

 Means
    I                  0.000      0.000    999.000    999.000
    S                 -1.299      0.691     -1.880      0.060

 Thresholds
    MOBUSE_5$1       -14.230      3.687     -3.860      0.000
    MOBUSE_6$1       -14.230      3.687     -3.860      0.000
    MOBUSE_7$1       -14.230      3.687     -3.860      0.000
    MOBUSE_8$1       -14.230      3.687     -3.860      0.000
    MOBUSE_9$1       -14.230      3.687     -3.860      0.000
    MOBUSE_1$1       -14.230      3.687     -3.860      0.000

 Variances
    I                124.479     81.312      1.531      0.126
    S                  1.675      1.742      0.961      0.337

Categorical Latent Variables

 Means
    C#1                0.065      0.074      0.882      0.378


QUALITY OF NUMERICAL RESULTS

     Condition Number for the Information Matrix              0.857E-04
       (ratio of smallest to largest eigenvalue)


RESULTS IN PROBABILITY SCALE

                    Estimate

Latent Class 1 (1)

 MOBUSE_5
    Category 1         0.129
    Category 2         0.871
 MOBUSE_6
    Category 1         0.120
    Category 2         0.880
 MOBUSE_7
    Category 1         0.109
    Category 2         0.891
 MOBUSE_8
    Category 1         0.097
    Category 2         0.903
 MOBUSE_9
    Category 1         0.085
    Category 2         0.915
 MOBUSE_10
    Category 1         0.073
    Category 2         0.927

Latent Class 2 (2)

 MOBUSE_5
    Category 1         0.104
    Category 2         0.896
 MOBUSE_6
    Category 1         0.099
    Category 2         0.901
 MOBUSE_7
    Category 1         0.094
    Category 2         0.906
 MOBUSE_8
    Category 1         0.089
    Category 2         0.911
 MOBUSE_9
    Category 1         0.082
    Category 2         0.918
 MOBUSE_10
    Category 1         0.076
    Category 2         0.924


STANDARDIZED MODEL RESULTS


STDYX Standardization

                                                    Two-Tailed
                    Estimate       S.E.  Est./S.E.    P-Value

Latent Class 1 (1)

 I        |
    MOBUSE_5           0.992      0.004    245.877      0.000
    MOBUSE_6           1.120      0.049     23.076      0.000
    MOBUSE_7           1.281      0.124     10.296      0.000
    MOBUSE_8           1.489      0.247      6.029      0.000
    MOBUSE_9           1.760      0.444      3.959      0.000
    MOBUSE_10          2.107      0.746      2.824      0.005

 S        |
    MOBUSE_5           0.000      0.000    999.000    999.000
    MOBUSE_6           0.138      0.048      2.871      0.004
    MOBUSE_7           0.315      0.126      2.491      0.013
    MOBUSE_8           0.549      0.257      2.132      0.033
    MOBUSE_9           0.864      0.478      1.807      0.071
    MOBUSE_10          1.294      0.841      1.538      0.124

 S        WITH
    I                 -0.951      0.046    -20.500      0.000

 Means
    I                  0.159      0.236      0.674      0.500
    S                 -0.728      0.197     -3.689      0.000

 Thresholds
    MOBUSE_5$1        -0.972      0.254     -3.825      0.000
    MOBUSE_6$1        -1.097      0.313     -3.507      0.000
    MOBUSE_7$1        -1.255      0.403     -3.113      0.002
    MOBUSE_8$1        -1.459      0.546     -2.674      0.007
    MOBUSE_9$1        -1.724      0.771     -2.235      0.025
    MOBUSE_1$1        -2.064      1.113     -1.854      0.064

 Variances
    I                  1.000      0.000    999.000    999.000
    S                  1.000      0.000    999.000    999.000

Latent Class 2 (2)

 I        |
    MOBUSE_5           0.987      0.008    118.911      0.000
    MOBUSE_6           1.108      0.046     23.861      0.000
    MOBUSE_7           1.261      0.111     11.390      0.000
    MOBUSE_8           1.457      0.215      6.774      0.000
    MOBUSE_9           1.716      0.389      4.415      0.000
    MOBUSE_10          2.063      0.681      3.031      0.002

 S        |
    MOBUSE_5           0.000      0.000    999.000    999.000
    MOBUSE_6           0.129      0.040      3.254      0.001
    MOBUSE_7           0.292      0.103      2.834      0.005
    MOBUSE_8           0.507      0.209      2.429      0.015
    MOBUSE_9           0.796      0.389      2.046      0.041
    MOBUSE_10          1.196      0.705      1.698      0.090

 S        WITH
    I                 -0.972      0.039    -24.834      0.000

 Means
    I                  0.000      0.000    999.000    999.000
    S                 -1.004      0.200     -5.030      0.000

 Thresholds
    MOBUSE_5$1        -1.259      0.090    -14.054      0.000
    MOBUSE_6$1        -1.413      0.084    -16.774      0.000
    MOBUSE_7$1        -1.608      0.118    -13.575      0.000
    MOBUSE_8$1        -1.859      0.221     -8.392      0.000
    MOBUSE_9$1        -2.189      0.419     -5.219      0.000
    MOBUSE_1$1        -2.631      0.768     -3.428      0.001

 Variances
    I                  1.000      0.000    999.000    999.000
    S                  1.000      0.000    999.000    999.000


R-SQUARE

Class 1

    Observed                                        Two-Tailed
    Variable        Estimate       S.E.  Est./S.E.    P-Value

    MOBUSE_5           0.985      0.008    122.939      0.000
    MOBUSE_6           0.980      0.010     97.204      0.000
    MOBUSE_7           0.974      0.013     72.189      0.000
    MOBUSE_8           0.965      0.020     48.954      0.000
    MOBUSE_9           0.952      0.032     29.867      0.000
    MOBUSE_1           0.931      0.055     16.866      0.000

Class 2

    Observed                                        Two-Tailed
    Variable        Estimate       S.E.  Est./S.E.    P-Value

    MOBUSE_5           0.974      0.016     59.455      0.000
    MOBUSE_6           0.968      0.019     50.123      0.000
    MOBUSE_7           0.958      0.023     41.480      0.000
    MOBUSE_8           0.944      0.029     33.080      0.000
    MOBUSE_9           0.922      0.038     24.158      0.000
    MOBUSE_1           0.888      0.060     14.776      0.000


     Beginning Time:  10:56:36
        Ending Time:  10:58:29
       Elapsed Time:  00:01:53



MUTHEN & MUTHEN
3463 Stoner Ave.
Los Angeles, CA  90066

Tel: (310) 391-9971
Fax: (310) 391-8971
Web: www.StatModel.com
Support: Support@StatModel.com

Copyright (c) 1998-2021 Muthen & Muthen
