Mplus VERSION 8.7
MUTHEN & MUTHEN
11/08/2021  10:12 AM

INPUT INSTRUCTIONS

  TITLE: Your title goes here

   DATA: FILE = no_f2f_mm/data.dta;

   VARIABLE:

   NAMES = pidp gridmode mm hidp_5 hidp_6 hidp_7 hidp_8 hidp_9 hidp_10 indmode_5
       indmode_6 indmode_7 indmode_8 indmode_9 indmode_10 mode_type_all mode_type_no9
       mode_type_567 mode_type_7 all no9 p567 p7 switch_all switch_no9 switch_567
       switch_7 lkmove_5 xpmove_5 caruse_5 mobuse_5 netpuse_5 aidxhh_5 jbhas_5 j2has_5
       finnow_5 finfut_5 howlng_5 vote1_5 vote6_5 scsf1_5 scsf2a_5 scsf2b_5 scsf3a_5
       scsf3b_5 scsf4a_5 scsf4b_5 scsf5_5 scsf6a_5 scsf6b_5 scsf6c_5 scsf7_5 scghqa_5
       scghqb_5 scghqc_5 scghqd_5 scghqe_5 scghqf_5 scghqg_5 scghqh_5 scghqi_5
       scghqj_5 scghqk_5 scghql_5 lkmove_6 xpmove_6 caruse_6 mobuse_6 netpuse_6
       aidxhh_6 jbhas_6 j2has_6 finnow_6 finfut_6 howlng_6 vote1_6 vote6_6 scsf1_6
       scsf2a_6 scsf2b_6 scsf3a_6 scsf3b_6 scsf4a_6 scsf4b_6 scsf5_6 scsf6a_6 scsf6b_6
       scsf6c_6 scsf7_6 scghqa_6 scghqb_6 scghqc_6 scghqd_6 scghqe_6 scghqf_6 scghqg_6
       scghqh_6 scghqi_6 scghqj_6 scghqk_6 scghql_6 lkmove_7 xpmove_7 caruse_7
       mobuse_7 netpuse_7 smoker_7 aidxhh_7 jbhas_7 jbterm1_7 jbsemp_7 j2has_7
       fiyrdia_7 finnow_7 finfut_7 howlng_7 vote1_7 vote6_7 scsf2a_7 scsf2b_7 scsf3a_7
       scsf3b_7 scsf4a_7 scsf4b_7 scsf5_7 scsf6a_7 scsf6b_7 scsf6c_7 scsf7_7 scghqa_7
       scghqb_7 scghqc_7 scghqd_7 scghqe_7 scghqf_7 scghqg_7 scghqh_7 scghqi_7
       scghqj_7 scghqk_7 scghql_7 scsf1_7 lkmove_8 xpmove_8 caruse_8 mobuse_8
       netpuse_8 smoker_8 aidxhh_8 jbhas_8 jbterm1_8 jbsemp_8 j2has_8 fiyrdia_8
       finnow_8 finfut_8 scsf2a_8 scsf2b_8 scsf3a_8 scsf3b_8 scsf4a_8 scsf4b_8 scsf5_8
       scsf6a_8 scsf6b_8 scsf6c_8 scsf7_8 scghqa_8 scghqb_8 scghqc_8 scghqd_8 scghqe_8
       scghqf_8 scghqg_8 scghqh_8 scghqi_8 scghqj_8 scghqk_8 scghql_8 scsf1_8 mobuse_9
       netpuse_9 smoker_9 jbhas_9 jbterm1_9 jbsemp_9 j2has_9 fiyrdia_9 finnow_9
       finfut_9 lkmove_10 xpmove_10 mobuse_10 netpuse_10 smoker_10 aidxhh_10 jbhas_10
       jbterm1_10 jbsemp_10 j2has_10 fiyrdia_10 finnow_10 finfut_10 scsf1_10 scsf2a_10
       scsf2b_10 scsf3a_10 scsf3b_10 scsf4a_10 scsf4b_10 scsf5_10 scsf6a_10 scsf6b_10
       scsf6c_10 scsf7_10 scghqa_10 scghqb_10 scghqc_10 scghqd_10 scghqe_10 scghqf_10
       scghqg_10 scghqh_10 scghqi_10 scghqj_10 scghqk_10 scghql_10 edu agecat female
       partner sf1 longill london north urban refresh Higher A level GCSE Other age_35
       age_55 age_75 age_102 pred_all pred_no9 pred_p567 pred_p7 pred_all_w pred_no9_w
       pred_p567_w pred_p7_w;

   MISSING=.;

   USEVARIABLES ARE
   j2has_5
   j2has_6
   j2has_7
   j2has_8
   j2has_9
   j2has_10;

   CATEGORICAL ARE
   j2has_5
   j2has_6
   j2has_7
   j2has_8
   j2has_9
   j2has_10;
   CLASSES = c(2);

    KNOWNCLASS = c(all= 1 2);
  WEIGHT IS pred_all_w;

   ANALYSIS:


      TYPE = MIXTURE;

      ESTIMATOR = MLR;

      ALGORITHM = INTEGRATION;

      Processors = 8(starts);

      STARTS = 800 200;

   Model:


      %OVERALL%

  i s | j2has_5@0 j2has_6@1 j2has_7@2 j2has_8@3 j2has_9@4 j2has_10@5;
   %c#1%
  [s] (a);
   s (b);
   s WITH i ;
   i ;

   %c#2%
  [s] (a);
   s (b);
   s WITH i ;
   i ;

   OUTPUT: SAMPSTAT;

                                  STDYX;




*** WARNING
  One or more observations has a value of 0 for the WEIGHT variable.  Consider using the
  SUBPOPULATION option to restrict the analysis to observations with a positive weight.
*** WARNING
  Data set contains unknown or missing values for variable ALL.
  This variable is used to determine the KNOWNCLASS specification.
  Number of such cases:  892
*** WARNING
  Data set contains cases with missing on all variables.
  These cases were not included in the analysis.
  Number of cases with missing on all variables:  2
   3 WARNING(S) FOUND IN THE INPUT INSTRUCTIONS



Your title goes here

SUMMARY OF ANALYSIS

Number of groups                                                 1
Number of observations                                        1163

Number of dependent variables                                    6
Number of independent variables                                  0
Number of continuous latent variables                            2
Number of categorical latent variables                           1

Observed dependent variables

  Binary and ordered categorical (ordinal)
   J2HAS_5     J2HAS_6     J2HAS_7     J2HAS_8     J2HAS_9     J2HAS_10

Continuous latent variables
   I           S

Categorical latent variables
   C

  Knownclass            C

Variables with special functions

  Weight variable       PRED_ALL

Estimator                                                      MLR
Information matrix                                        OBSERVED
Optimization Specifications for the Quasi-Newton Algorithm for
Continuous Outcomes
  Maximum number of iterations                                 100
  Convergence criterion                                  0.100D-05
Optimization Specifications for the EM Algorithm
  Maximum number of iterations                                 500
  Convergence criteria
    Loglikelihood change                                 0.100D-02
    Relative loglikelihood change                        0.100D-05
    Derivative                                           0.100D-02
Optimization Specifications for the M step of the EM Algorithm for
Categorical Latent variables
  Number of M step iterations                                    1
  M step convergence criterion                           0.100D-02
  Basis for M step termination                           ITERATION
Optimization Specifications for the M step of the EM Algorithm for
Censored, Binary or Ordered Categorical (Ordinal), Unordered
Categorical (Nominal) and Count Outcomes
  Number of M step iterations                                    1
  M step convergence criterion                           0.100D-02
  Basis for M step termination                           ITERATION
  Maximum value for logit thresholds                            15
  Minimum value for logit thresholds                           -15
  Minimum expected cell size for chi-square              0.100D-01
Maximum number of iterations for H1                           2000
Convergence criterion for H1                             0.100D-03
Optimization algorithm                                         EMA
Integration Specifications
  Type                                                    STANDARD
  Number of integration points                                  15
  Dimensions of numerical integration                            2
  Adaptive quadrature                                           ON
Random Starts Specifications
  Number of initial stage random starts                        800
  Number of final stage optimizations                          200
  Number of initial stage iterations                            10
  Initial stage convergence criterion                    0.100D+01
  Random starts scale                                    0.500D+01
  Random seed for generating random starts                       0
Link                                                         LOGIT
Cholesky                                                        ON

Input data file(s)
  no_f2f_mm/data.dta
Input data format  FREE


SUMMARY OF DATA

     Number of missing data patterns            58
     Number of y missing data patterns           0
     Number of u missing data patterns          58


COVARIANCE COVERAGE OF DATA

Minimum covariance coverage value   0.100


     PROPORTION OF DATA PRESENT FOR U


           Covariance Coverage
              J2HAS_5       J2HAS_6       J2HAS_7       J2HAS_8       J2HAS_9
              ________      ________      ________      ________      ________
 J2HAS_5        0.629
 J2HAS_6        0.536         0.633
 J2HAS_7        0.459         0.500         0.660
 J2HAS_8        0.433         0.477         0.545         0.656
 J2HAS_9        0.419         0.460         0.528         0.571         0.656
 J2HAS_10       0.393         0.432         0.477         0.521         0.543


           Covariance Coverage
              J2HAS_10
              ________
 J2HAS_10       0.619


UNIVARIATE PROPORTIONS AND COUNTS FOR CATEGORICAL VARIABLES

    J2HAS_5
      Category 1    0.937          891.092
      Category 2    0.063           60.386
    J2HAS_6
      Category 1    0.942          895.567
      Category 2    0.058           54.787
    J2HAS_7
      Category 1    0.951          755.486
      Category 2    0.049           38.751
    J2HAS_8
      Category 1    0.947          706.423
      Category 2    0.053           39.625
    J2HAS_9
      Category 1    0.945          683.013
      Category 2    0.055           39.453
    J2HAS_10
      Category 1    0.961          640.481
      Category 2    0.039           25.949


SAMPLE STATISTICS

RANDOM STARTS RESULTS RANKED FROM THE BEST TO THE WORST LOGLIKELIHOOD VALUES

Final stage loglikelihood values at local maxima, seeds, and initial stage start numbers:

           -1636.290  888905           444
           -1636.290  836066           372
           -1636.290  576726           280
           -1636.290  595153           230
           -1636.290  178181           753
           -1636.290  991329           182
           -1636.290  476393           705
           -1636.290  568405           233
           -1636.290  746978           410
           -1636.290  638977           643
           -1636.290  349562           359
           -1636.290  641794           591
           -1636.290  366533           484
           -1636.290  822698           621
           -1636.290  153053           378
           -1636.290  491970           563
           -1636.290  848890           95
           -1636.290  915107           54
           -1636.290  728038           177
           -1636.290  157351           579
           -1636.290  163110           584
           -1636.290  216565           474
           -1636.290  937885           426
           -1636.290  659832           754
           -1636.290  354395           486
           -1636.290  967237           48
           -1636.290  308582           752
           -1636.290  852283           616
           -1636.290  626891           32
           -1636.290  640833           434
           -1636.290  161421           519
           -1636.290  177936           726
           -1636.290  232559           136
           -1636.290  354208           196
           -1636.290  14262            781
           -1636.290  217130           443
           -1636.290  606576           151
           -1636.290  286735           175
           -1636.290  76451            211
           -1636.290  682718           733
           -1636.290  383986           159
           -1636.290  688839           273
           -1636.290  714455           476
           -1636.290  298553           773
           -1636.290  646573           741
           -1636.290  902278           21
           -1636.290  917702           693
           -1636.290  791396           243
           -1636.290  992389           77
           -1636.290  341960           685
           -1636.290  939870           655
           -1636.290  153394           429
           -1636.290  602797           336
           -1636.290  566687           597
           -1636.290  227563           63
           -1636.290  704798           530
           -1636.290  629320           222
           -1636.290  798839           312
           -1636.290  371737           532
           -1636.290  793035           187
           -1636.290  259507           53
           -1636.290  117731           570
           -1636.290  138695           783
           -1636.290  488125           368
           -1636.290  508482           446
           -1636.290  783102           433
           -1636.290  92689            304
           -1636.290  17896            592
           -1636.290  580539           786
           -1636.290  520865           763
           -1636.290  106561           686
           -1636.290  505879           424
           -1636.290  965994           396
           -1636.290  636396           168
           -1636.290  602032           648
           -1636.290  599729           658
           -1636.290  35191            703
           -1636.290  502157           799
           -1636.290  871438           561
           -1636.290  58507            793
           -1636.290  317640           437
           -1636.290  195763           358
           -1636.290  371246           101
           -1636.290  72866            692
           -1636.290  404042           675
           -1636.290  471398           74
           -1636.290  113138           585
           -1636.290  857799           315
           -1636.290  982520           737
           -1636.290  464179           106
           -1636.290  777045           377
           -1636.290  724519           333
           -1636.290  443442           380
           -1636.290  648555           113
           -1636.290  950604           172
           -1636.290  237332           661
           -1636.290  147440           514
           -1636.290  545140           278
           -1636.290  772131           407
           -1636.290  608849           224
           -1636.290  137377           397
           -1636.290  692169           308
           -1636.290  285380           1
           -1636.290  637095           207
           -1636.290  605358           321
           -1636.290  327140           678
           -1636.290  241197           747
           -1636.290  788796           145
           -1636.290  534483           290
           -1636.290  77210            712
           -1636.290  399380           436
           -1636.290  752476           614
           -1636.290  910224           580
           -1636.290  264935           281
           -1636.290  343926           624
           -1636.290  220454           288
           -1636.290  25127            107
           -1636.290  unperturbed      0
           -1636.290  418686           338
           -1636.290  190339           102
           -1636.290  399671           13
           -1636.290  903420           5
           -1636.290  499150           216
           -1636.290  699810           571
           -1636.290  848331           137
           -1636.290  238906           430
           -1636.290  939021           8
           -1636.290  488581           688
           -1636.290  134830           780
           -1636.290  875667           367
           -1636.290  188498           258
           -1636.290  848969           173
           -1636.290  485483           498
           -1636.290  127362           757
           -1636.290  67009            564
           -1636.290  192071           142
           -1636.290  15270            610
           -1636.290  650354           577
           -1636.290  551639           55
           -1636.290  973369           202
           -1636.290  311214           64
           -1636.290  263268           165
           -1636.290  995875           547
           -1636.290  685657           69
           -1636.290  865906           641
           -1636.290  50887            389
           -1636.290  313306           612
           -1636.290  314034           513
           -1636.291  763285           620
           -1636.291  440841           118
           -1636.291  742609           531
           -1636.291  791285           416
           -1636.291  963053           43
           -1636.291  930872           277
           -1636.291  669634           335
           -1636.291  413564           535
           -1636.291  69413            472
           -1636.291  824126           287
           -1636.291  609089           241
           -1636.291  118438           601
           -1636.291  520177           262
           -1636.291  563002           360
           -1636.291  364676           27
           -1636.291  997222           229
           -1636.291  264901           634
           -1636.291  965639           463
           -1636.291  848163           47
           -1636.291  12477            155
           -1636.291  173191           422
           -1636.291  573096           20
           -1636.291  860029           760
           -1636.291  891531           206
           -1636.291  51375            148
           -1636.291  114433           708
           -1636.291  853781           716
           -1636.291  574942           558
           -1636.291  185071           370
           -1636.291  765392           382
           -1636.291  961454           665
           -1636.291  278692           342
           -1636.291  590834           785
           -1636.291  131856           90
           -1636.291  850840           232
           -1636.291  863691           481
           -1636.291  435287           623
           -1636.291  966014           37
           -1636.291  466971           109
           -1636.291  748692           204
           -1636.291  23012            352
           -1636.291  354624           448
           -1636.291  267983           228
           -1636.292  194143           510
           -1636.292  723035           538
           -1636.292  761633           50
           -1636.292  915642           40
           -1636.292  294811           637
           -1636.292  547702           767
           -1636.292  928287           197
           -1636.292  497522           502
           -1636.294  787985           482



THE BEST LOGLIKELIHOOD VALUE HAS BEEN REPLICATED.  RERUN WITH AT LEAST TWICE THE
RANDOM STARTS TO CHECK THAT THE BEST LOGLIKELIHOOD IS STILL OBTAINED AND REPLICATED.


THE MODEL ESTIMATION TERMINATED NORMALLY



MODEL FIT INFORMATION

Number of Free Parameters                        9

Loglikelihood

          H0 Value                       -1636.290
          H0 Scaling Correction Factor      1.3347
            for MLR

Information Criteria

          Akaike (AIC)                    3290.579
          Bayesian (BIC)                  3336.108
          Sample-Size Adjusted BIC        3307.521
            (n* = (n + 2) / 24)

Chi-Square Test of Model Fit for the Binary and Ordered Categorical
(Ordinal) Outcomes

          Pearson Chi-Square

          Value                            224.030
          Degrees of Freedom                   117
          P-Value                           0.0000

          Likelihood Ratio Chi-Square

          Value                             97.455
          Degrees of Freedom                   117
          P-Value                           0.9053

Chi-Square Test for MCAR under the Unrestricted Latent Class Indicator Model

          Pearson Chi-Square

          Value                            765.555
          Degrees of Freedom                  1133
          P-Value                           1.0000

          Likelihood Ratio Chi-Square

          Value                            392.855
          Degrees of Freedom                  1133
          P-Value                           1.0000



FINAL CLASS COUNTS AND PROPORTIONS FOR THE LATENT CLASSES
BASED ON THE ESTIMATED MODEL

    Latent
   Classes

       1        601.00000          0.51677
       2        562.00000          0.48323


MODEL RESULTS

                                                    Two-Tailed
                    Estimate       S.E.  Est./S.E.    P-Value

Latent Class 1 (1)

 I        |
    J2HAS_5            1.000      0.000    999.000    999.000
    J2HAS_6            1.000      0.000    999.000    999.000
    J2HAS_7            1.000      0.000    999.000    999.000
    J2HAS_8            1.000      0.000    999.000    999.000
    J2HAS_9            1.000      0.000    999.000    999.000
    J2HAS_10           1.000      0.000    999.000    999.000

 S        |
    J2HAS_5            0.000      0.000    999.000    999.000
    J2HAS_6            1.000      0.000    999.000    999.000
    J2HAS_7            2.000      0.000    999.000    999.000
    J2HAS_8            3.000      0.000    999.000    999.000
    J2HAS_9            4.000      0.000    999.000    999.000
    J2HAS_10           5.000      0.000    999.000    999.000

 S        WITH
    I                 -0.510      0.433     -1.175      0.240

 Means
    I                  0.239      0.825      0.290      0.772
    S                 -0.227      0.220     -1.030      0.303

 Thresholds
    J2HAS_5$1          5.263      0.878      5.995      0.000
    J2HAS_6$1          5.263      0.878      5.995      0.000
    J2HAS_7$1          5.263      0.878      5.995      0.000
    J2HAS_8$1          5.263      0.878      5.995      0.000
    J2HAS_9$1          5.263      0.878      5.995      0.000
    J2HAS_10$1         5.263      0.878      5.995      0.000

 Variances
    I                  6.026      2.294      2.627      0.009
    S                  0.308      0.129      2.382      0.017

Latent Class 2 (2)

 I        |
    J2HAS_5            1.000      0.000    999.000    999.000
    J2HAS_6            1.000      0.000    999.000    999.000
    J2HAS_7            1.000      0.000    999.000    999.000
    J2HAS_8            1.000      0.000    999.000    999.000
    J2HAS_9            1.000      0.000    999.000    999.000
    J2HAS_10           1.000      0.000    999.000    999.000

 S        |
    J2HAS_5            0.000      0.000    999.000    999.000
    J2HAS_6            1.000      0.000    999.000    999.000
    J2HAS_7            2.000      0.000    999.000    999.000
    J2HAS_8            3.000      0.000    999.000    999.000
    J2HAS_9            4.000      0.000    999.000    999.000
    J2HAS_10           5.000      0.000    999.000    999.000

 S        WITH
    I                 -0.621      0.792     -0.784      0.433

 Means
    I                  0.000      0.000    999.000    999.000
    S                 -0.227      0.220     -1.030      0.303

 Thresholds
    J2HAS_5$1          5.263      0.878      5.995      0.000
    J2HAS_6$1          5.263      0.878      5.995      0.000
    J2HAS_7$1          5.263      0.878      5.995      0.000
    J2HAS_8$1          5.263      0.878      5.995      0.000
    J2HAS_9$1          5.263      0.878      5.995      0.000
    J2HAS_10$1         5.263      0.878      5.995      0.000

 Variances
    I                 12.752      5.257      2.426      0.015
    S                  0.308      0.129      2.382      0.017

Categorical Latent Variables

 Means
    C#1                0.067      0.074      0.906      0.365


QUALITY OF NUMERICAL RESULTS

     Condition Number for the Information Matrix              0.717E-03
       (ratio of smallest to largest eigenvalue)


RESULTS IN PROBABILITY SCALE

                    Estimate

Latent Class 1 (1)

 J2HAS_5
    Category 1         0.951
    Category 2         0.049
 J2HAS_6
    Category 1         0.963
    Category 2         0.037
 J2HAS_7
    Category 1         0.970
    Category 2         0.030
 J2HAS_8
    Category 1         0.971
    Category 2         0.029
 J2HAS_9
    Category 1         0.968
    Category 2         0.032
 J2HAS_10
    Category 1         0.963
    Category 2         0.037

Latent Class 2 (2)

 J2HAS_5
    Category 1         0.906
    Category 2         0.094
 J2HAS_6
    Category 1         0.922
    Category 2         0.078
 J2HAS_7
    Category 1         0.932
    Category 2         0.068
 J2HAS_8
    Category 1         0.937
    Category 2         0.063
 J2HAS_9
    Category 1         0.939
    Category 2         0.061
 J2HAS_10
    Category 1         0.937
    Category 2         0.063


LATENT CLASS INDICATOR ODDS RATIOS FOR THE LATENT CLASSES

                                                95% C.I.
                    Estimate       S.E.  Lower 2.5% Upper 2.5%

Latent Class 1 Compared to Latent Class 2

 J2HAS_5
    Category > 1       1.000      0.000      1.000      1.000
 J2HAS_6
    Category > 1       1.000      0.000      1.000      1.000
 J2HAS_7
    Category > 1       1.000      0.000      1.000      1.000
 J2HAS_8
    Category > 1       1.000      0.000      1.000      1.000
 J2HAS_9
    Category > 1       1.000      0.000      1.000      1.000
 J2HAS_10
    Category > 1       1.000      0.000      1.000      1.000


STANDARDIZED MODEL RESULTS


STDYX Standardization

                                                    Two-Tailed
                    Estimate       S.E.  Est./S.E.    P-Value

Latent Class 1 (1)

 I        |
    J2HAS_5            0.804      0.054     14.875      0.000
    J2HAS_6            0.837      0.077     10.902      0.000
    J2HAS_7            0.842      0.106      7.906      0.000
    J2HAS_8            0.817      0.130      6.279      0.000
    J2HAS_9            0.770      0.142      5.412      0.000
    J2HAS_10           0.711      0.144      4.940      0.000

 S        |
    J2HAS_5            0.000      0.000    999.000    999.000
    J2HAS_6            0.189      0.039      4.842      0.000
    J2HAS_7            0.380      0.081      4.678      0.000
    J2HAS_8            0.554      0.118      4.686      0.000
    J2HAS_9            0.696      0.143      4.864      0.000
    J2HAS_10           0.804      0.155      5.189      0.000

 S        WITH
    I                 -0.374      0.248     -1.507      0.132

 Means
    I                  0.097      0.342      0.285      0.776
    S                 -0.410      0.408     -1.003      0.316

 Thresholds
    J2HAS_5$1          1.724      0.271      6.353      0.000
    J2HAS_6$1          1.794      0.323      5.562      0.000
    J2HAS_7$1          1.804      0.370      4.883      0.000
    J2HAS_8$1          1.752      0.397      4.418      0.000
    J2HAS_9$1          1.651      0.398      4.145      0.000
    J2HAS_10$1         1.525      0.380      4.009      0.000

 Variances
    I                  1.000      0.000    999.000    999.000
    S                  1.000      0.000    999.000    999.000

Latent Class 2 (2)

 I        |
    J2HAS_5            0.892      0.038     23.657      0.000
    J2HAS_6            0.919      0.073     12.625      0.000
    J2HAS_7            0.929      0.116      7.999      0.000
    J2HAS_8            0.919      0.158      5.819      0.000
    J2HAS_9            0.893      0.191      4.666      0.000
    J2HAS_10           0.853      0.212      4.016      0.000

 S        |
    J2HAS_5            0.000      0.000    999.000    999.000
    J2HAS_6            0.143      0.028      5.161      0.000
    J2HAS_7            0.288      0.054      5.312      0.000
    J2HAS_8            0.428      0.080      5.339      0.000
    J2HAS_9            0.555      0.106      5.255      0.000
    J2HAS_10           0.663      0.129      5.144      0.000

 S        WITH
    I                 -0.314      0.329     -0.955      0.340

 Means
    I                  0.000      0.000    999.000    999.000
    S                 -0.410      0.408     -1.003      0.316

 Thresholds
    J2HAS_5$1          1.314      0.074     17.813      0.000
    J2HAS_6$1          1.354      0.091     14.888      0.000
    J2HAS_7$1          1.369      0.139      9.834      0.000
    J2HAS_8$1          1.355      0.195      6.946      0.000
    J2HAS_9$1          1.316      0.243      5.422      0.000
    J2HAS_10$1         1.257      0.275      4.581      0.000

 Variances
    I                  1.000      0.000    999.000    999.000
    S                  1.000      0.000    999.000    999.000


R-SQUARE

Class 1

    Observed                                        Two-Tailed
    Variable        Estimate       S.E.  Est./S.E.    P-Value

    J2HAS_5            0.647      0.087      7.438      0.000
    J2HAS_6            0.618      0.087      7.111      0.000
    J2HAS_7            0.613      0.089      6.896      0.000
    J2HAS_8            0.636      0.091      6.965      0.000
    J2HAS_9            0.676      0.089      7.562      0.000
    J2HAS_10           0.724      0.083      8.740      0.000

Class 2

    Observed                                        Two-Tailed
    Variable        Estimate       S.E.  Est./S.E.    P-Value

    J2HAS_5            0.795      0.067     11.828      0.000
    J2HAS_6            0.782      0.059     13.219      0.000
    J2HAS_7            0.778      0.051     15.232      0.000
    J2HAS_8            0.782      0.048     16.152      0.000
    J2HAS_9            0.794      0.051     15.476      0.000
    J2HAS_10           0.812      0.055     14.843      0.000


     Beginning Time:  10:12:57
        Ending Time:  10:15:15
       Elapsed Time:  00:02:18



MUTHEN & MUTHEN
3463 Stoner Ave.
Los Angeles, CA  90066

Tel: (310) 391-9971
Fax: (310) 391-8971
Web: www.StatModel.com
Support: Support@StatModel.com

Copyright (c) 1998-2021 Muthen & Muthen
