Mplus VERSION 8.7
MUTHEN & MUTHEN
11/08/2021   1:50 PM

INPUT INSTRUCTIONS

  TITLE: Your title goes here

   DATA: FILE = no_f2f_mm/data.dta;

   VARIABLE:

   NAMES = pidp gridmode mm hidp_5 hidp_6 hidp_7 hidp_8 hidp_9 hidp_10 indmode_5
       indmode_6 indmode_7 indmode_8 indmode_9 indmode_10 mode_type_all mode_type_no9
       mode_type_567 mode_type_7 all no9 p567 p7 switch_all switch_no9 switch_567
       switch_7 lkmove_5 xpmove_5 caruse_5 mobuse_5 netpuse_5 aidxhh_5 jbhas_5 j2has_5
       finnow_5 finfut_5 howlng_5 vote1_5 vote6_5 scsf1_5 scsf2a_5 scsf2b_5 scsf3a_5
       scsf3b_5 scsf4a_5 scsf4b_5 scsf5_5 scsf6a_5 scsf6b_5 scsf6c_5 scsf7_5 scghqa_5
       scghqb_5 scghqc_5 scghqd_5 scghqe_5 scghqf_5 scghqg_5 scghqh_5 scghqi_5
       scghqj_5 scghqk_5 scghql_5 lkmove_6 xpmove_6 caruse_6 mobuse_6 netpuse_6
       aidxhh_6 jbhas_6 j2has_6 finnow_6 finfut_6 howlng_6 vote1_6 vote6_6 scsf1_6
       scsf2a_6 scsf2b_6 scsf3a_6 scsf3b_6 scsf4a_6 scsf4b_6 scsf5_6 scsf6a_6 scsf6b_6
       scsf6c_6 scsf7_6 scghqa_6 scghqb_6 scghqc_6 scghqd_6 scghqe_6 scghqf_6 scghqg_6
       scghqh_6 scghqi_6 scghqj_6 scghqk_6 scghql_6 lkmove_7 xpmove_7 caruse_7
       mobuse_7 netpuse_7 smoker_7 aidxhh_7 jbhas_7 jbterm1_7 jbsemp_7 j2has_7
       fiyrdia_7 finnow_7 finfut_7 howlng_7 vote1_7 vote6_7 scsf2a_7 scsf2b_7 scsf3a_7
       scsf3b_7 scsf4a_7 scsf4b_7 scsf5_7 scsf6a_7 scsf6b_7 scsf6c_7 scsf7_7 scghqa_7
       scghqb_7 scghqc_7 scghqd_7 scghqe_7 scghqf_7 scghqg_7 scghqh_7 scghqi_7
       scghqj_7 scghqk_7 scghql_7 scsf1_7 lkmove_8 xpmove_8 caruse_8 mobuse_8
       netpuse_8 smoker_8 aidxhh_8 jbhas_8 jbterm1_8 jbsemp_8 j2has_8 fiyrdia_8
       finnow_8 finfut_8 scsf2a_8 scsf2b_8 scsf3a_8 scsf3b_8 scsf4a_8 scsf4b_8 scsf5_8
       scsf6a_8 scsf6b_8 scsf6c_8 scsf7_8 scghqa_8 scghqb_8 scghqc_8 scghqd_8 scghqe_8
       scghqf_8 scghqg_8 scghqh_8 scghqi_8 scghqj_8 scghqk_8 scghql_8 scsf1_8 mobuse_9
       netpuse_9 smoker_9 jbhas_9 jbterm1_9 jbsemp_9 j2has_9 fiyrdia_9 finnow_9
       finfut_9 lkmove_10 xpmove_10 mobuse_10 netpuse_10 smoker_10 aidxhh_10 jbhas_10
       jbterm1_10 jbsemp_10 j2has_10 fiyrdia_10 finnow_10 finfut_10 scsf1_10 scsf2a_10
       scsf2b_10 scsf3a_10 scsf3b_10 scsf4a_10 scsf4b_10 scsf5_10 scsf6a_10 scsf6b_10
       scsf6c_10 scsf7_10 scghqa_10 scghqb_10 scghqc_10 scghqd_10 scghqe_10 scghqf_10
       scghqg_10 scghqh_10 scghqi_10 scghqj_10 scghqk_10 scghql_10 edu agecat female
       partner sf1 longill london north urban refresh Higher A level GCSE Other age_35
       age_55 age_75 age_102 pred_all pred_no9 pred_p567 pred_p7 pred_all_w pred_no9_w
       pred_p567_w pred_p7_w;

   MISSING=.;

   USEVARIABLES ARE
   scghqi_5
   scghqi_6
   scghqi_7
   scghqi_8
   scghqi_10;

   CATEGORICAL ARE
   scghqi_5
   scghqi_6
   scghqi_7
   scghqi_8
   scghqi_10;
   CLASSES = c(2);

    KNOWNCLASS = c(no9= 1 2);
  WEIGHT IS pred_no9_w;

   ANALYSIS:


      TYPE = MIXTURE;

      ESTIMATOR = MLR;

      ALGORITHM = INTEGRATION;

      Processors = 8(starts);

      STARTS = 800 200;

   Model:


      %OVERALL%

  i s | scghqi_5@0 scghqi_6@1 scghqi_7@2 scghqi_8@3 scghqi_10@5;
   %c#1%
  [s] (a);
   s (b);
   s WITH i ;
   i ;

   %c#2%
  [s] (a);
   s (b);
   s WITH i ;
   i ;

   OUTPUT: SAMPSTAT;

                                  STDYX;




*** WARNING in VARIABLE command
  Note that only the first 8 characters of variable names are used in the output.
  Shorten variable names to avoid any confusion.
*** WARNING
  One or more observations has a value of 0 for the WEIGHT variable.  Consider using the
  SUBPOPULATION option to restrict the analysis to observations with a positive weight.
*** WARNING
  Data set contains unknown or missing values for variable NO9.
  This variable is used to determine the KNOWNCLASS specification.
  Number of such cases:  913
*** WARNING
  Data set contains cases with missing on all variables.
  These cases were not included in the analysis.
  Number of cases with missing on all variables:  41
   4 WARNING(S) FOUND IN THE INPUT INSTRUCTIONS



Your title goes here

SUMMARY OF ANALYSIS

Number of groups                                                 1
Number of observations                                        1103

Number of dependent variables                                    5
Number of independent variables                                  0
Number of continuous latent variables                            2
Number of categorical latent variables                           1

Observed dependent variables

  Binary and ordered categorical (ordinal)
   SCGHQI_5    SCGHQI_6    SCGHQI_7    SCGHQI_8    SCGHQI_1

Continuous latent variables
   I           S

Categorical latent variables
   C

  Knownclass            C

Variables with special functions

  Weight variable       PRED_NO9

Estimator                                                      MLR
Information matrix                                        OBSERVED
Optimization Specifications for the Quasi-Newton Algorithm for
Continuous Outcomes
  Maximum number of iterations                                 100
  Convergence criterion                                  0.100D-05
Optimization Specifications for the EM Algorithm
  Maximum number of iterations                                 500
  Convergence criteria
    Loglikelihood change                                 0.100D-02
    Relative loglikelihood change                        0.100D-05
    Derivative                                           0.100D-02
Optimization Specifications for the M step of the EM Algorithm for
Categorical Latent variables
  Number of M step iterations                                    1
  M step convergence criterion                           0.100D-02
  Basis for M step termination                           ITERATION
Optimization Specifications for the M step of the EM Algorithm for
Censored, Binary or Ordered Categorical (Ordinal), Unordered
Categorical (Nominal) and Count Outcomes
  Number of M step iterations                                    1
  M step convergence criterion                           0.100D-02
  Basis for M step termination                           ITERATION
  Maximum value for logit thresholds                            15
  Minimum value for logit thresholds                           -15
  Minimum expected cell size for chi-square              0.100D-01
Maximum number of iterations for H1                           2000
Convergence criterion for H1                             0.100D-03
Optimization algorithm                                         EMA
Integration Specifications
  Type                                                    STANDARD
  Number of integration points                                  15
  Dimensions of numerical integration                            2
  Adaptive quadrature                                           ON
Random Starts Specifications
  Number of initial stage random starts                        800
  Number of final stage optimizations                          200
  Number of initial stage iterations                            10
  Initial stage convergence criterion                    0.100D+01
  Random starts scale                                    0.500D+01
  Random seed for generating random starts                       0
Link                                                         LOGIT
Cholesky                                                        ON

Input data file(s)
  no_f2f_mm/data.dta
Input data format  FREE


SUMMARY OF DATA

     Number of missing data patterns            31
     Number of y missing data patterns           0
     Number of u missing data patterns          31


COVARIANCE COVERAGE OF DATA

Minimum covariance coverage value   0.100


     PROPORTION OF DATA PRESENT FOR U


           Covariance Coverage
              SCGHQI_5      SCGHQI_6      SCGHQI_7      SCGHQI_8      SCGHQI_1
              ________      ________      ________      ________      ________
 SCGHQI_5       0.506
 SCGHQI_6       0.393         0.587
 SCGHQI_7       0.369         0.467         0.673
 SCGHQI_8       0.353         0.455         0.554         0.674
 SCGHQI_1       0.322         0.413         0.483         0.531         0.643


UNIVARIATE PROPORTIONS AND COUNTS FOR CATEGORICAL VARIABLES

    SCGHQI_5
      Category 1    0.354          252.316
      Category 2    0.436          310.740
      Category 3    0.164          116.824
      Category 4    0.046           32.904
    SCGHQI_6
      Category 1    0.342          287.026
      Category 2    0.435          364.820
      Category 3    0.192          161.144
      Category 4    0.030           25.159
    SCGHQI_7
      Category 1    0.438          339.772
      Category 2    0.417          323.366
      Category 3    0.118           91.917
      Category 4    0.027           21.187
    SCGHQI_8
      Category 1    0.427          311.022
      Category 2    0.419          304.972
      Category 3    0.130           94.317
      Category 4    0.024           17.838
    SCGHQI_1
      Category 1    0.368          243.541
      Category 2    0.449          297.257
      Category 3    0.150           99.671
      Category 4    0.033           22.088


SAMPLE STATISTICS

RANDOM STARTS RESULTS RANKED FROM THE BEST TO THE WORST LOGLIKELIHOOD VALUES

Final stage loglikelihood values at local maxima, seeds, and initial stage start numbers:

           -4548.156  545140           278
           -4548.156  606576           151
           -4548.156  728038           177
           -4548.156  407168           44
           -4548.156  177936           726
           -4548.156  192071           142
           -4548.156  692169           308
           -4548.156  508482           446
           -4548.156  982520           737
           -4548.156  106561           686
           -4548.156  544048           87
           -4548.156  259507           53
           -4548.156  35191            703
           -4548.156  505879           424
           -4548.156  860029           760
           -4548.156  640833           434
           -4548.156  327140           678
           -4548.156  910224           580
           -4548.156  798839           312
           -4548.156  602797           336
           -4548.156  195763           358
           -4548.156  605358           321
           -4548.156  138695           783
           -4548.156  178181           753
           -4548.156  341519           653
           -4548.156  646573           741
           -4548.156  961454           665
           -4548.156  791396           243
           -4548.156  930872           277
           -4548.156  991329           182
           -4548.156  824126           287
           -4548.156  51375            148
           -4548.156  783102           433
           -4548.156  997222           229
           -4548.156  576726           280
           -4548.156  58507            793
           -4548.156  237332           661
           -4548.156  17896            592
           -4548.156  939021           8
           -4548.156  700349           401
           -4548.156  227563           63
           -4548.156  502157           799
           -4548.156  153394           429
           -4548.156  850840           232
           -4548.156  848890           95
           -4548.156  404042           675
           -4548.156  373505           88
           -4548.156  315029           471
           -4548.156  754100           56
           -4548.156  118438           601
           -4548.156  595153           230
           -4548.156  379729           512
           -4548.156  124999           96
           -4548.156  371737           532
           -4548.156  127362           757
           -4548.156  88437            761
           -4548.156  156536           245
           -4548.156  383979           603
           -4548.156  836066           372
           -4548.156  547702           767
           -4548.156  unperturbed      0
           -4548.156  50887            389
           -4548.156  602032           648
           -4548.156  232226           235
           -4548.156  777045           377
           -4548.156  629320           222
           -4548.156  891531           206
           -4548.156  746978           410
           -4548.156  153053           378
           -4548.156  85114            385
           -4548.156  937885           426
           -4548.156  232559           136
           -4548.156  520865           763
           -4548.156  163110           584
           -4548.156  723035           538
           -4548.156  789985           67
           -4548.156  370957           554
           -4548.156  875667           367
           -4548.156  377584           630
           -4548.156  76451            211
           -4548.156  853781           716
           -4548.156  950604           172
           -4548.156  748692           204
           -4548.156  724519           333
           -4548.156  303634           169
           -4548.156  478421           311
           -4548.156  497522           502
           -4548.156  354208           196
           -4548.156  281558           184
           -4548.156  761633           50
           -4548.156  113138           585
           -4548.156  822698           621
           -4548.156  576596           99
           -4548.156  319144           176
           -4548.156  607072           717
           -4548.156  137305           379
           -4548.156  879338           309
           -4548.156  902278           21
           -4548.156  915642           40
           -4548.156  865906           641
           -4548.156  608496           4
           -4548.156  967237           48
           -4548.156  650354           577
           -4548.156  520177           262
           -4548.156  915107           54
           -4548.156  415502           194
           -4548.156  97300            640
           -4548.156  341960           685
           -4548.156  266340           683
           -4548.156  134830           780
           -4548.156  120506           45
           -4548.156  217130           443
           -4548.156  965639           463
           -4548.156  117731           570
           -4548.156  888905           444
           -4548.156  344422           296
           -4548.156  308582           752
           -4548.156  440841           118
           -4548.156  965994           396
           -4548.156  173191           422
           -4548.156  157351           579
           -4548.156  964570           701
           -4548.156  263268           165
           -4548.156  216565           474
           -4548.156  823392           479
           -4548.156  580539           786
           -4548.156  533738           11
           -4548.156  851945           18
           -4548.156  435287           623
           -4548.156  3307             735
           -4548.156  840078           203
           -4548.156  685657           69
           -4548.156  608849           224
           -4548.156  704798           530
           -4548.156  563002           360
           -4548.156  170118           238
           -4548.156  763285           620
           -4548.156  787985           482
           -4548.156  314034           513
           -4548.156  68850            462
           -4548.156  742609           531
           -4548.156  848969           173
           -4548.156  92689            304
           -4548.156  123985           248
           -4548.156  723775           97
           -4548.156  303834           798
           -4548.156  194143           510
           -4548.156  491970           563
           -4548.156  641794           591
           -4548.156  15270            610
           -4548.156  574942           558
           -4548.156  995875           547
           -4548.156  765392           382
           -4548.156  499150           216
           -4548.156  107446           12
           -4548.156  568405           233
           -4548.156  371246           101
           -4548.156  404426           344
           -4548.156  551639           55
           -4548.156  551340           766
           -4548.156  900268           327
           -4548.156  238906           430

38 perturbed starting value run(s) did not converge or were rejected in the third stage.



THE BEST LOGLIKELIHOOD VALUE HAS BEEN REPLICATED.  RERUN WITH AT LEAST TWICE THE
RANDOM STARTS TO CHECK THAT THE BEST LOGLIKELIHOOD IS STILL OBTAINED AND REPLICATED.


THE MODEL ESTIMATION TERMINATED NORMALLY



MODEL FIT INFORMATION

Number of Free Parameters                       11

Loglikelihood

          H0 Value                       -4548.156
          H0 Scaling Correction Factor      1.7039
            for MLR

Information Criteria

          Akaike (AIC)                    9118.312
          Bayesian (BIC)                  9173.376
          Sample-Size Adjusted BIC        9138.437
            (n* = (n + 2) / 24)

Chi-Square Test of Model Fit for the Binary and Ordered Categorical
(Ordinal) Outcomes**

          Pearson Chi-Square

          Value                           2404.056
          Degrees of Freedom                  2030
          P-Value                           0.0000

          Likelihood Ratio Chi-Square

          Value                            804.308
          Degrees of Freedom                  2030
          P-Value                           1.0000

** Of the 3124 cells in the latent class indicator table, 3
   were deleted in the calculation of chi-square due to extreme values.

Chi-Square Test for MCAR under the Unrestricted Latent Class Indicator Model

          Pearson Chi-Square

          Value                           1883.917
          Degrees of Freedom                  4139
          P-Value                           1.0000

          Likelihood Ratio Chi-Square

          Value                           1369.697
          Degrees of Freedom                  4139
          P-Value                           1.0000



FINAL CLASS COUNTS AND PROPORTIONS FOR THE LATENT CLASSES
BASED ON THE ESTIMATED MODEL

    Latent
   Classes

       1        564.00000          0.51133
       2        539.00000          0.48867


MODEL RESULTS

                                                    Two-Tailed
                    Estimate       S.E.  Est./S.E.    P-Value

Latent Class 1 (1)

 I        |
    SCGHQI_5           1.000      0.000    999.000    999.000
    SCGHQI_6           1.000      0.000    999.000    999.000
    SCGHQI_7           1.000      0.000    999.000    999.000
    SCGHQI_8           1.000      0.000    999.000    999.000
    SCGHQI_10          1.000      0.000    999.000    999.000

 S        |
    SCGHQI_5           0.000      0.000    999.000    999.000
    SCGHQI_6           1.000      0.000    999.000    999.000
    SCGHQI_7           2.000      0.000    999.000    999.000
    SCGHQI_8           3.000      0.000    999.000    999.000
    SCGHQI_10          5.000      0.000    999.000    999.000

 S        WITH
    I                 -0.296      0.163     -1.817      0.069

 Means
    I                 -0.034      0.184     -0.187      0.852
    S                 -0.050      0.032     -1.576      0.115

 Thresholds
    SCGHQI_5$1        -0.899      0.147     -6.112      0.000
    SCGHQI_5$2         2.216      0.161     13.766      0.000
    SCGHQI_5$3         4.755      0.226     21.031      0.000
    SCGHQI_6$1        -0.899      0.147     -6.112      0.000
    SCGHQI_6$2         2.216      0.161     13.766      0.000
    SCGHQI_6$3         4.755      0.226     21.031      0.000
    SCGHQI_7$1        -0.899      0.147     -6.112      0.000
    SCGHQI_7$2         2.216      0.161     13.766      0.000
    SCGHQI_7$3         4.755      0.226     21.031      0.000
    SCGHQI_8$1        -0.899      0.147     -6.112      0.000
    SCGHQI_8$2         2.216      0.161     13.766      0.000
    SCGHQI_8$3         4.755      0.226     21.031      0.000
    SCGHQI_1$1        -0.899      0.147     -6.112      0.000
    SCGHQI_1$2         2.216      0.161     13.766      0.000
    SCGHQI_1$3         4.755      0.226     21.031      0.000

 Variances
    I                  4.554      0.977      4.663      0.000
    S                  0.062      0.038      1.640      0.101

Latent Class 2 (2)

 I        |
    SCGHQI_5           1.000      0.000    999.000    999.000
    SCGHQI_6           1.000      0.000    999.000    999.000
    SCGHQI_7           1.000      0.000    999.000    999.000
    SCGHQI_8           1.000      0.000    999.000    999.000
    SCGHQI_10          1.000      0.000    999.000    999.000

 S        |
    SCGHQI_5           0.000      0.000    999.000    999.000
    SCGHQI_6           1.000      0.000    999.000    999.000
    SCGHQI_7           2.000      0.000    999.000    999.000
    SCGHQI_8           3.000      0.000    999.000    999.000
    SCGHQI_10          5.000      0.000    999.000    999.000

 S        WITH
    I                 -0.173      0.141     -1.228      0.219

 Means
    I                  0.000      0.000    999.000    999.000
    S                 -0.050      0.032     -1.576      0.115

 Thresholds
    SCGHQI_5$1        -0.899      0.147     -6.112      0.000
    SCGHQI_5$2         2.216      0.161     13.766      0.000
    SCGHQI_5$3         4.755      0.226     21.031      0.000
    SCGHQI_6$1        -0.899      0.147     -6.112      0.000
    SCGHQI_6$2         2.216      0.161     13.766      0.000
    SCGHQI_6$3         4.755      0.226     21.031      0.000
    SCGHQI_7$1        -0.899      0.147     -6.112      0.000
    SCGHQI_7$2         2.216      0.161     13.766      0.000
    SCGHQI_7$3         4.755      0.226     21.031      0.000
    SCGHQI_8$1        -0.899      0.147     -6.112      0.000
    SCGHQI_8$2         2.216      0.161     13.766      0.000
    SCGHQI_8$3         4.755      0.226     21.031      0.000
    SCGHQI_1$1        -0.899      0.147     -6.112      0.000
    SCGHQI_1$2         2.216      0.161     13.766      0.000
    SCGHQI_1$3         4.755      0.226     21.031      0.000

 Variances
    I                  4.500      0.800      5.626      0.000
    S                  0.062      0.038      1.640      0.101

Categorical Latent Variables

 Means
    C#1                0.045      0.076      0.595      0.552


QUALITY OF NUMERICAL RESULTS

     Condition Number for the Information Matrix              0.206E-02
       (ratio of smallest to largest eigenvalue)


RESULTS IN PROBABILITY SCALE

                    Estimate

Latent Class 1 (1)

 SCGHQI_5
    Category 1         0.376
    Category 2         0.417
    Category 3         0.164
    Category 4         0.043
 SCGHQI_6
    Category 1         0.379
    Category 2         0.428
    Category 3         0.156
    Category 4         0.037
 SCGHQI_7
    Category 1         0.382
    Category 2         0.437
    Category 3         0.149
    Category 4         0.032
 SCGHQI_8
    Category 1         0.387
    Category 2         0.442
    Category 3         0.142
    Category 4         0.028
 SCGHQI_10
    Category 1         0.401
    Category 2         0.442
    Category 3         0.133
    Category 4         0.024

Latent Class 2 (2)

 SCGHQI_5
    Category 1         0.371
    Category 2         0.419
    Category 3         0.166
    Category 4         0.044
 SCGHQI_6
    Category 1         0.376
    Category 2         0.425
    Category 3         0.160
    Category 4         0.040
 SCGHQI_7
    Category 1         0.381
    Category 2         0.427
    Category 3         0.155
    Category 4         0.037
 SCGHQI_8
    Category 1         0.388
    Category 2         0.426
    Category 3         0.151
    Category 4         0.035
 SCGHQI_10
    Category 1         0.405
    Category 2         0.414
    Category 3         0.147
    Category 4         0.035


LATENT CLASS INDICATOR ODDS RATIOS FOR THE LATENT CLASSES

                                                95% C.I.
                    Estimate       S.E.  Lower 2.5% Upper 2.5%

Latent Class 1 Compared to Latent Class 2

 SCGHQI_5
    Category > 1       1.000      0.000      1.000      1.000
    Category > 2       1.000      0.000      1.000      1.000
    Category > 3       1.000      0.000      1.000      1.000
 SCGHQI_6
    Category > 1       1.000      0.000      1.000      1.000
    Category > 2       1.000      0.000      1.000      1.000
    Category > 3       1.000      0.000      1.000      1.000
 SCGHQI_7
    Category > 1       1.000      0.000      1.000      1.000
    Category > 2       1.000      0.000      1.000      1.000
    Category > 3       1.000      0.000      1.000      1.000
 SCGHQI_8
    Category > 1       1.000      0.000      1.000      1.000
    Category > 2       1.000      0.000      1.000      1.000
    Category > 3       1.000      0.000      1.000      1.000
 SCGHQI_1
    Category > 1       1.000      0.000      1.000      1.000
    Category > 2       1.000      0.000      1.000      1.000
    Category > 3       1.000      0.000      1.000      1.000


STANDARDIZED MODEL RESULTS


STDYX Standardization

                                                    Two-Tailed
                    Estimate       S.E.  Est./S.E.    P-Value

Latent Class 1 (1)

 I        |
    SCGHQI_5           0.762      0.034     22.235      0.000
    SCGHQI_6           0.789      0.046     17.099      0.000
    SCGHQI_7           0.812      0.060     13.612      0.000
    SCGHQI_8           0.829      0.074     11.273      0.000
    SCGHQI_10          0.842      0.100      8.413      0.000

 S        |
    SCGHQI_5           0.000      0.000    999.000    999.000
    SCGHQI_6           0.092      0.027      3.439      0.001
    SCGHQI_7           0.189      0.056      3.371      0.001
    SCGHQI_8           0.290      0.086      3.349      0.001
    SCGHQI_10          0.490      0.142      3.458      0.001

 S        WITH
    I                 -0.559      0.189     -2.949      0.003

 Means
    I                 -0.016      0.087     -0.186      0.852
    S                 -0.200      0.140     -1.425      0.154

 Thresholds
    SCGHQI_5$1        -0.321      0.055     -5.825      0.000
    SCGHQI_5$2         0.791      0.064     12.313      0.000
    SCGHQI_5$3         1.698      0.113     14.969      0.000
    SCGHQI_6$1        -0.333      0.056     -5.979      0.000
    SCGHQI_6$2         0.819      0.063     12.989      0.000
    SCGHQI_6$3         1.758      0.106     16.628      0.000
    SCGHQI_7$1        -0.342      0.056     -6.099      0.000
    SCGHQI_7$2         0.843      0.064     13.209      0.000
    SCGHQI_7$3         1.809      0.103     17.551      0.000
    SCGHQI_8$1        -0.349      0.057     -6.172      0.000
    SCGHQI_8$2         0.861      0.067     12.878      0.000
    SCGHQI_8$3         1.848      0.107     17.199      0.000
    SCGHQI_1$1        -0.355      0.058     -6.098      0.000
    SCGHQI_1$2         0.874      0.080     10.891      0.000
    SCGHQI_1$3         1.876      0.140     13.445      0.000

 Variances
    I                  1.000      0.000    999.000    999.000
    S                  1.000      0.000    999.000    999.000

Latent Class 2 (2)

 I        |
    SCGHQI_5           0.760      0.029     26.644      0.000
    SCGHQI_6           0.774      0.039     19.793      0.000
    SCGHQI_7           0.783      0.050     15.531      0.000
    SCGHQI_8           0.785      0.061     12.770      0.000
    SCGHQI_10          0.769      0.082      9.409      0.000

 S        |
    SCGHQI_5           0.000      0.000    999.000    999.000
    SCGHQI_6           0.091      0.027      3.405      0.001
    SCGHQI_7           0.183      0.054      3.390      0.001
    SCGHQI_8           0.276      0.081      3.421      0.001
    SCGHQI_10          0.451      0.124      3.628      0.000

 S        WITH
    I                 -0.328      0.212     -1.552      0.121

 Means
    I                  0.000      0.000    999.000    999.000
    S                 -0.200      0.140     -1.425      0.154

 Thresholds
    SCGHQI_5$1        -0.322      0.058     -5.574      0.000
    SCGHQI_5$2         0.794      0.053     15.039      0.000
    SCGHQI_5$3         1.704      0.089     19.222      0.000
    SCGHQI_6$1        -0.328      0.057     -5.727      0.000
    SCGHQI_6$2         0.809      0.052     15.631      0.000
    SCGHQI_6$3         1.736      0.080     21.633      0.000
    SCGHQI_7$1        -0.332      0.057     -5.859      0.000
    SCGHQI_7$2         0.818      0.053     15.394      0.000
    SCGHQI_7$3         1.754      0.079     22.215      0.000
    SCGHQI_8$1        -0.333      0.056     -5.955      0.000
    SCGHQI_8$2         0.820      0.057     14.402      0.000
    SCGHQI_8$3         1.759      0.086     20.387      0.000
    SCGHQI_1$1        -0.326      0.055     -5.956      0.000
    SCGHQI_1$2         0.804      0.071     11.377      0.000
    SCGHQI_1$3         1.724      0.121     14.203      0.000

 Variances
    I                  1.000      0.000    999.000    999.000
    S                  1.000      0.000    999.000    999.000


R-SQUARE

Class 1

    Observed                                        Two-Tailed
    Variable        Estimate       S.E.  Est./S.E.    P-Value

    SCGHQI_5           0.581      0.052     11.118      0.000
    SCGHQI_6           0.550      0.046     11.893      0.000
    SCGHQI_7           0.524      0.042     12.353      0.000
    SCGHQI_8           0.503      0.044     11.482      0.000
    SCGHQI_1           0.488      0.067      7.325      0.000

Class 2

    Observed                                        Two-Tailed
    Variable        Estimate       S.E.  Est./S.E.    P-Value

    SCGHQI_5           0.578      0.043     13.322      0.000
    SCGHQI_6           0.562      0.036     15.596      0.000
    SCGHQI_7           0.552      0.032     17.070      0.000
    SCGHQI_8           0.550      0.035     15.586      0.000
    SCGHQI_1           0.567      0.056     10.128      0.000


     Beginning Time:  13:50:29
        Ending Time:  13:56:36
       Elapsed Time:  00:06:07



MUTHEN & MUTHEN
3463 Stoner Ave.
Los Angeles, CA  90066

Tel: (310) 391-9971
Fax: (310) 391-8971
Web: www.StatModel.com
Support: Support@StatModel.com

Copyright (c) 1998-2021 Muthen & Muthen
