Mplus VERSION 8.7
MUTHEN & MUTHEN
11/08/2021  11:02 AM

INPUT INSTRUCTIONS

  TITLE: Your title goes here

   DATA: FILE = no_f2f_mm/data.dta;

   VARIABLE:

   NAMES = pidp gridmode mm hidp_5 hidp_6 hidp_7 hidp_8 hidp_9 hidp_10 indmode_5
       indmode_6 indmode_7 indmode_8 indmode_9 indmode_10 mode_type_all mode_type_no9
       mode_type_567 mode_type_7 all no9 p567 p7 switch_all switch_no9 switch_567
       switch_7 lkmove_5 xpmove_5 caruse_5 mobuse_5 netpuse_5 aidxhh_5 jbhas_5 j2has_5
       finnow_5 finfut_5 howlng_5 vote1_5 vote6_5 scsf1_5 scsf2a_5 scsf2b_5 scsf3a_5
       scsf3b_5 scsf4a_5 scsf4b_5 scsf5_5 scsf6a_5 scsf6b_5 scsf6c_5 scsf7_5 scghqa_5
       scghqb_5 scghqc_5 scghqd_5 scghqe_5 scghqf_5 scghqg_5 scghqh_5 scghqi_5
       scghqj_5 scghqk_5 scghql_5 lkmove_6 xpmove_6 caruse_6 mobuse_6 netpuse_6
       aidxhh_6 jbhas_6 j2has_6 finnow_6 finfut_6 howlng_6 vote1_6 vote6_6 scsf1_6
       scsf2a_6 scsf2b_6 scsf3a_6 scsf3b_6 scsf4a_6 scsf4b_6 scsf5_6 scsf6a_6 scsf6b_6
       scsf6c_6 scsf7_6 scghqa_6 scghqb_6 scghqc_6 scghqd_6 scghqe_6 scghqf_6 scghqg_6
       scghqh_6 scghqi_6 scghqj_6 scghqk_6 scghql_6 lkmove_7 xpmove_7 caruse_7
       mobuse_7 netpuse_7 smoker_7 aidxhh_7 jbhas_7 jbterm1_7 jbsemp_7 j2has_7
       fiyrdia_7 finnow_7 finfut_7 howlng_7 vote1_7 vote6_7 scsf2a_7 scsf2b_7 scsf3a_7
       scsf3b_7 scsf4a_7 scsf4b_7 scsf5_7 scsf6a_7 scsf6b_7 scsf6c_7 scsf7_7 scghqa_7
       scghqb_7 scghqc_7 scghqd_7 scghqe_7 scghqf_7 scghqg_7 scghqh_7 scghqi_7
       scghqj_7 scghqk_7 scghql_7 scsf1_7 lkmove_8 xpmove_8 caruse_8 mobuse_8
       netpuse_8 smoker_8 aidxhh_8 jbhas_8 jbterm1_8 jbsemp_8 j2has_8 fiyrdia_8
       finnow_8 finfut_8 scsf2a_8 scsf2b_8 scsf3a_8 scsf3b_8 scsf4a_8 scsf4b_8 scsf5_8
       scsf6a_8 scsf6b_8 scsf6c_8 scsf7_8 scghqa_8 scghqb_8 scghqc_8 scghqd_8 scghqe_8
       scghqf_8 scghqg_8 scghqh_8 scghqi_8 scghqj_8 scghqk_8 scghql_8 scsf1_8 mobuse_9
       netpuse_9 smoker_9 jbhas_9 jbterm1_9 jbsemp_9 j2has_9 fiyrdia_9 finnow_9
       finfut_9 lkmove_10 xpmove_10 mobuse_10 netpuse_10 smoker_10 aidxhh_10 jbhas_10
       jbterm1_10 jbsemp_10 j2has_10 fiyrdia_10 finnow_10 finfut_10 scsf1_10 scsf2a_10
       scsf2b_10 scsf3a_10 scsf3b_10 scsf4a_10 scsf4b_10 scsf5_10 scsf6a_10 scsf6b_10
       scsf6c_10 scsf7_10 scghqa_10 scghqb_10 scghqc_10 scghqd_10 scghqe_10 scghqf_10
       scghqg_10 scghqh_10 scghqi_10 scghqj_10 scghqk_10 scghql_10 edu agecat female
       partner sf1 longill london north urban refresh Higher A level GCSE Other age_35
       age_55 age_75 age_102 pred_all pred_no9 pred_p567 pred_p7 pred_all_w pred_no9_w
       pred_p567_w pred_p7_w;

   MISSING=.;

   USEVARIABLES ARE
   scghqa_5
   scghqa_6
   scghqa_7
   scghqa_8
   scghqa_10;

   CATEGORICAL ARE
   scghqa_5
   scghqa_6
   scghqa_7
   scghqa_8
   scghqa_10;
   CLASSES = c(2);

    KNOWNCLASS = c(no9= 1 2);
  WEIGHT IS pred_no9_w;

   ANALYSIS:


      TYPE = MIXTURE;

      ESTIMATOR = MLR;

      ALGORITHM = INTEGRATION;

      Processors = 8(starts);

      STARTS = 800 200;

   Model:


      %OVERALL%

  i s | scghqa_5@0 scghqa_6@1 scghqa_7@2 scghqa_8@3 scghqa_10@5;
   %c#1%
  [s] ;
   s ;
   s WITH i ;
   i ;

   %c#2%
  [s] ;
   s ;
   s WITH i ;
   i ;

   OUTPUT: SAMPSTAT;

                                  STDYX;




*** WARNING in VARIABLE command
  Note that only the first 8 characters of variable names are used in the output.
  Shorten variable names to avoid any confusion.
*** WARNING
  One or more observations has a value of 0 for the WEIGHT variable.  Consider using the
  SUBPOPULATION option to restrict the analysis to observations with a positive weight.
*** WARNING
  Data set contains unknown or missing values for variable NO9.
  This variable is used to determine the KNOWNCLASS specification.
  Number of such cases:  913
*** WARNING
  Data set contains cases with missing on all variables.
  These cases were not included in the analysis.
  Number of cases with missing on all variables:  41
   4 WARNING(S) FOUND IN THE INPUT INSTRUCTIONS



Your title goes here

SUMMARY OF ANALYSIS

Number of groups                                                 1
Number of observations                                        1103

Number of dependent variables                                    5
Number of independent variables                                  0
Number of continuous latent variables                            2
Number of categorical latent variables                           1

Observed dependent variables

  Binary and ordered categorical (ordinal)
   SCGHQA_5    SCGHQA_6    SCGHQA_7    SCGHQA_8    SCGHQA_1

Continuous latent variables
   I           S

Categorical latent variables
   C

  Knownclass            C

Variables with special functions

  Weight variable       PRED_NO9

Estimator                                                      MLR
Information matrix                                        OBSERVED
Optimization Specifications for the Quasi-Newton Algorithm for
Continuous Outcomes
  Maximum number of iterations                                 100
  Convergence criterion                                  0.100D-05
Optimization Specifications for the EM Algorithm
  Maximum number of iterations                                 500
  Convergence criteria
    Loglikelihood change                                 0.100D-02
    Relative loglikelihood change                        0.100D-05
    Derivative                                           0.100D-02
Optimization Specifications for the M step of the EM Algorithm for
Categorical Latent variables
  Number of M step iterations                                    1
  M step convergence criterion                           0.100D-02
  Basis for M step termination                           ITERATION
Optimization Specifications for the M step of the EM Algorithm for
Censored, Binary or Ordered Categorical (Ordinal), Unordered
Categorical (Nominal) and Count Outcomes
  Number of M step iterations                                    1
  M step convergence criterion                           0.100D-02
  Basis for M step termination                           ITERATION
  Maximum value for logit thresholds                            15
  Minimum value for logit thresholds                           -15
  Minimum expected cell size for chi-square              0.100D-01
Maximum number of iterations for H1                           2000
Convergence criterion for H1                             0.100D-03
Optimization algorithm                                         EMA
Integration Specifications
  Type                                                    STANDARD
  Number of integration points                                  15
  Dimensions of numerical integration                            2
  Adaptive quadrature                                           ON
Random Starts Specifications
  Number of initial stage random starts                        800
  Number of final stage optimizations                          200
  Number of initial stage iterations                            10
  Initial stage convergence criterion                    0.100D+01
  Random starts scale                                    0.500D+01
  Random seed for generating random starts                       0
Link                                                         LOGIT
Cholesky                                                        ON

Input data file(s)
  no_f2f_mm/data.dta
Input data format  FREE


SUMMARY OF DATA

     Number of missing data patterns            31
     Number of y missing data patterns           0
     Number of u missing data patterns          31


COVARIANCE COVERAGE OF DATA

Minimum covariance coverage value   0.100


     PROPORTION OF DATA PRESENT FOR U


           Covariance Coverage
              SCGHQA_5      SCGHQA_6      SCGHQA_7      SCGHQA_8      SCGHQA_1
              ________      ________      ________      ________      ________
 SCGHQA_5       0.504
 SCGHQA_6       0.393         0.588
 SCGHQA_7       0.368         0.467         0.672
 SCGHQA_8       0.352         0.455         0.552         0.673
 SCGHQA_1       0.320         0.412         0.482         0.530         0.643


UNIVARIATE PROPORTIONS AND COUNTS FOR CATEGORICAL VARIABLES

    SCGHQA_5
      Category 1    0.022           15.348
      Category 2    0.806          571.129
      Category 3    0.143          101.618
      Category 4    0.029           20.856
    SCGHQA_6
      Category 1    0.026           22.116
      Category 2    0.816          686.768
      Category 3    0.139          117.231
      Category 4    0.018           15.219
    SCGHQA_7
      Category 1    0.025           19.693
      Category 2    0.834          648.942
      Category 3    0.117           91.141
      Category 4    0.024           18.527
    SCGHQA_8
      Category 1    0.020           14.484
      Category 2    0.815          595.013
      Category 3    0.151          110.368
      Category 4    0.013            9.848
    SCGHQA_1
      Category 1    0.035           23.412
      Category 2    0.810          536.809
      Category 3    0.138           91.453
      Category 4    0.016           10.895


SAMPLE STATISTICS

RANDOM STARTS RESULTS RANKED FROM THE BEST TO THE WORST LOGLIKELIHOOD VALUES

Final stage loglikelihood values at local maxima, seeds, and initial stage start numbers:

           -2954.571  987090           70
           -2954.571  85734            411
           -2954.571  322790           636
           -2954.571  991329           182
           -2954.571  545140           278
           -2954.571  232559           136
           -2954.571  43523            297
           -2954.571  284109           82
           -2954.571  478421           311
           -2954.571  945065           255
           -2954.571  875667           367
           -2954.571  499150           216
           -2954.571  999211           628
           -2954.571  913639           162
           -2954.571  215353           164
           -2954.571  506886           576
           -2954.571  251641           784
           -2954.571  673496           218
           -2954.571  264935           281
           -2954.571  434915           552
           -2954.571  488581           688
           -2954.571  699554           427
           -2954.571  263221           447
           -2954.571  903369           134
           -2954.571  761633           50
           -2954.571  650371           14
           -2954.571  922042           492
           -2954.571  106561           686
           -2954.571  668003           647
           -2954.571  82357            339
           -2954.571  259507           53
           -2954.571  642909           251
           -2954.571  835767           210
           -2954.571  138695           783
           -2954.571  940533           764
           -2954.571  618000           190
           -2954.571  852283           616
           -2954.571  992389           77
           -2954.571  821011           161
           -2954.571  12477            155
           -2954.571  526324           178
           -2954.571  610181           711
           -2954.571  723035           538
           -2954.571  396795           323
           -2954.571  641794           591
           -2954.571  964570           701
           -2954.571  520865           763
           -2954.571  539389           544
           -2954.571  631413           439
           -2954.571  508482           446
           -2954.571  157351           579
           -2954.571  766903           505
           -2954.571  840078           203
           -2954.571  378393           509
           -2954.571  982520           737
           -2954.571  216565           474
           -2954.571  749453           33
           -2954.571  471040           403
           -2954.571  804561           59
           -2954.571  848331           137
           -2954.571  970689           266
           -2954.571  995249           525
           -2954.571  392751           480
           -2954.571  670281           721
           -2954.571  700349           401
           -2954.571  91231            727
           -2954.571  341960           685
           -2954.571  947714           573
           -2954.571  650354           577
           -2954.571  626891           32
           -2954.571  1548             384
           -2954.571  596257           405
           -2954.571  710445           792
           -2954.571  871722           355
           -2954.571  802682           419
           -2954.571  801717           364
           -2954.571  958107           790
           -2954.571  379729           512
           -2954.571  602032           648
           -2954.571  282464           283
           -2954.571  694303           282
           -2954.571  146900           391
           -2954.571  unperturbed      0
           -2954.571  791285           416
           -2954.571  175199           247
           -2954.571  879211           453
           -2954.571  371737           532
           -2954.571  568859           49
           -2954.571  177936           726
           -2954.571  488125           368
           -2954.571  599729           658
           -2954.571  738393           619
           -2954.571  794236           127
           -2954.572  775884           639
           -2954.573  534193           689
           -2954.574  220454           288
           -2954.574  848969           173
           -2954.574  691234           250
           -2954.574  197223           332
           -2954.574  21132            351
           -2954.574  366533           484
           -2954.574  14262            781
           -2954.574  313407           132
           -2954.574  749635           420
           -2954.574  266038           672
           -2954.574  988761           475
           -2954.575  213189           605
           -2954.575  742609           531
           -2954.575  360419           356
           -2954.576  4091             548
           -2954.576  165853           105
           -2954.576  127215           9
           -2954.576  605358           321
           -2954.576  53621            483
           -2954.576  264081           186
           -2954.577  35191            703
           -2954.577  850545           357
           -2954.577  638611           524
           -2954.577  652266           490
           -2954.578  319144           176
           -2954.578  112586           494
           -2954.578  903633           553
           -2954.578  496881           192
           -2954.578  637095           207
           -2954.579  822698           621
           -2954.579  798839           312
           -2954.579  682718           733
           -2954.580  415502           194
           -2954.580  303834           798
           -2954.581  830392           35
           -2954.581  824956           607
           -2954.582  399508           415
           -2954.582  402699           604
           -2954.583  876943           650
           -2954.583  291149           536
           -2954.583  373505           88
           -2954.583  930323           267
           -2954.583  519357           559
           -2954.583  192071           142
           -2954.584  699834           723
           -2954.584  467339           66
           -2954.584  570782           193
           -2954.585  62835            642
           -2954.586  358488           264
           -2954.586  926283           269
           -2954.586  73576            213
           -2954.586  279850           555
           -2954.588  604861           800
           -2954.588  273992           349
           -2954.589  898745           466
           -2954.590  50887            389
           -2954.590  696830           668
           -2954.590  178031           720
           -2954.591  153053           378
           -2954.592  266008           656
           -2954.592  953843           651
           -2954.593  897782           545
           -2954.593  617243           237
           -2954.593  891531           206
           -2954.593  674171           195
           -2954.593  226322           478
           -2954.593  646573           741
           -2954.593  625191           350
           -2954.594  329127           185
           -2954.594  355674           540
           -2954.594  851945           18
           -2954.594  81117            305
           -2954.594  376411           473
           -2954.594  285380           1
           -2954.594  616917           261
           -2954.594  93468            3
           -2954.594  765392           382
           -2954.595  695155           150
           -2954.596  496703           758
           -2954.597  915642           40
           -2954.597  654136           167
           -2954.597  25127            107
           -2954.599  120506           45
           -2954.599  7195             697
           -2954.600  318230           46
           -2954.600  348637           749
           -2954.600  549244           756
           -2954.600  67009            564
           -2954.601  644297           340
           -2954.601  307843           664
           -2954.601  595153           230
           -2954.601  422103           62
           -2954.601  967237           48
           -2954.601  88437            761
           -2954.601  345726           461
           -2954.601  963053           43
           -2954.602  973369           202
           -2954.602  552272           654
           -2954.602  27071            15
           -2954.602  570681           777
           -2954.602  130011           587
           -2954.603  404426           344
           -2957.531  374219           353

2 perturbed starting value run(s) did not converge or were rejected in the third stage.



THE BEST LOGLIKELIHOOD VALUE HAS BEEN REPLICATED.  RERUN WITH AT LEAST TWICE THE
RANDOM STARTS TO CHECK THAT THE BEST LOGLIKELIHOOD IS STILL OBTAINED AND REPLICATED.


THE MODEL ESTIMATION TERMINATED NORMALLY



MODEL FIT INFORMATION

Number of Free Parameters                       13

Loglikelihood

          H0 Value                       -2954.571
          H0 Scaling Correction Factor      1.7357
            for MLR

Information Criteria

          Akaike (AIC)                    5935.142
          Bayesian (BIC)                  6000.217
          Sample-Size Adjusted BIC        5958.926
            (n* = (n + 2) / 24)

Chi-Square Test of Model Fit for the Binary and Ordered Categorical
(Ordinal) Outcomes**

          Pearson Chi-Square

          Value                           1374.247
          Degrees of Freedom                  2023
          P-Value                           1.0000

          Likelihood Ratio Chi-Square

          Value                            517.277
          Degrees of Freedom                  2023
          P-Value                           1.0000

** Of the 3124 cells in the latent class indicator table, 5
   were deleted in the calculation of chi-square due to extreme values.

Chi-Square Test for MCAR under the Unrestricted Latent Class Indicator Model

          Pearson Chi-Square

          Value                           1486.042
          Degrees of Freedom                  4139
          P-Value                           1.0000

          Likelihood Ratio Chi-Square

          Value                           1087.627
          Degrees of Freedom                  4139
          P-Value                           1.0000



FINAL CLASS COUNTS AND PROPORTIONS FOR THE LATENT CLASSES
BASED ON THE ESTIMATED MODEL

    Latent
   Classes

       1        563.00000          0.51043
       2        540.00000          0.48957


MODEL RESULTS

                                                    Two-Tailed
                    Estimate       S.E.  Est./S.E.    P-Value

Latent Class 1 (1)

 I        |
    SCGHQA_5           1.000      0.000    999.000    999.000
    SCGHQA_6           1.000      0.000    999.000    999.000
    SCGHQA_7           1.000      0.000    999.000    999.000
    SCGHQA_8           1.000      0.000    999.000    999.000
    SCGHQA_10          1.000      0.000    999.000    999.000

 S        |
    SCGHQA_5           0.000      0.000    999.000    999.000
    SCGHQA_6           1.000      0.000    999.000    999.000
    SCGHQA_7           2.000      0.000    999.000    999.000
    SCGHQA_8           3.000      0.000    999.000    999.000
    SCGHQA_10          5.000      0.000    999.000    999.000

 S        WITH
    I                 -0.373      0.237     -1.571      0.116

 Means
    I                 -0.103      0.250     -0.414      0.679
    S                 -0.043      0.070     -0.616      0.538

 Thresholds
    SCGHQA_5$1        -4.656      0.268    -17.392      0.000
    SCGHQA_5$2         2.051      0.170     12.097      0.000
    SCGHQA_5$3         4.640      0.271     17.140      0.000
    SCGHQA_6$1        -4.656      0.268    -17.392      0.000
    SCGHQA_6$2         2.051      0.170     12.097      0.000
    SCGHQA_6$3         4.640      0.271     17.140      0.000
    SCGHQA_7$1        -4.656      0.268    -17.392      0.000
    SCGHQA_7$2         2.051      0.170     12.097      0.000
    SCGHQA_7$3         4.640      0.271     17.140      0.000
    SCGHQA_8$1        -4.656      0.268    -17.392      0.000
    SCGHQA_8$2         2.051      0.170     12.097      0.000
    SCGHQA_8$3         4.640      0.271     17.140      0.000
    SCGHQA_1$1        -4.656      0.268    -17.392      0.000
    SCGHQA_1$2         2.051      0.170     12.097      0.000
    SCGHQA_1$3         4.640      0.271     17.140      0.000

 Variances
    I                  2.896      0.873      3.317      0.001
    S                  0.131      0.087      1.503      0.133

Latent Class 2 (2)

 I        |
    SCGHQA_5           1.000      0.000    999.000    999.000
    SCGHQA_6           1.000      0.000    999.000    999.000
    SCGHQA_7           1.000      0.000    999.000    999.000
    SCGHQA_8           1.000      0.000    999.000    999.000
    SCGHQA_10          1.000      0.000    999.000    999.000

 S        |
    SCGHQA_5           0.000      0.000    999.000    999.000
    SCGHQA_6           1.000      0.000    999.000    999.000
    SCGHQA_7           2.000      0.000    999.000    999.000
    SCGHQA_8           3.000      0.000    999.000    999.000
    SCGHQA_10          5.000      0.000    999.000    999.000

 S        WITH
    I                  0.032      0.141      0.225      0.822

 Means
    I                  0.000      0.000    999.000    999.000
    S                 -0.047      0.046     -1.018      0.309

 Thresholds
    SCGHQA_5$1        -4.656      0.268    -17.392      0.000
    SCGHQA_5$2         2.051      0.170     12.097      0.000
    SCGHQA_5$3         4.640      0.271     17.140      0.000
    SCGHQA_6$1        -4.656      0.268    -17.392      0.000
    SCGHQA_6$2         2.051      0.170     12.097      0.000
    SCGHQA_6$3         4.640      0.271     17.140      0.000
    SCGHQA_7$1        -4.656      0.268    -17.392      0.000
    SCGHQA_7$2         2.051      0.170     12.097      0.000
    SCGHQA_7$3         4.640      0.271     17.140      0.000
    SCGHQA_8$1        -4.656      0.268    -17.392      0.000
    SCGHQA_8$2         2.051      0.170     12.097      0.000
    SCGHQA_8$3         4.640      0.271     17.140      0.000
    SCGHQA_1$1        -4.656      0.268    -17.392      0.000
    SCGHQA_1$2         2.051      0.170     12.097      0.000
    SCGHQA_1$3         4.640      0.271     17.140      0.000

 Variances
    I                  1.524      0.607      2.513      0.012
    S                  0.011      0.050      0.225      0.822

Categorical Latent Variables

 Means
    C#1                0.042      0.076      0.548      0.583


QUALITY OF NUMERICAL RESULTS

     Condition Number for the Information Matrix              0.599E-02
       (ratio of smallest to largest eigenvalue)


RESULTS IN PROBABILITY SCALE

                    Estimate

Latent Class 1 (1)

 SCGHQA_5
    Category 1         0.034
    Category 2         0.779
    Category 3         0.158
    Category 4         0.029
 SCGHQA_6
    Category 1         0.029
    Category 2         0.803
    Category 3         0.146
    Category 4         0.022
 SCGHQA_7
    Category 1         0.026
    Category 2         0.818
    Category 3         0.136
    Category 4         0.019
 SCGHQA_8
    Category 1         0.026
    Category 2         0.825
    Category 3         0.131
    Category 4         0.018
 SCGHQA_10
    Category 1         0.035
    Category 2         0.811
    Category 3         0.134
    Category 4         0.020

Latent Class 2 (2)

 SCGHQA_5
    Category 1         0.019
    Category 2         0.816
    Category 3         0.146
    Category 4         0.019
 SCGHQA_6
    Category 1         0.020
    Category 2         0.817
    Category 3         0.143
    Category 4         0.019
 SCGHQA_7
    Category 1         0.022
    Category 2         0.818
    Category 3         0.141
    Category 4         0.019
 SCGHQA_8
    Category 1         0.024
    Category 2         0.818
    Category 3         0.139
    Category 4         0.019
 SCGHQA_10
    Category 1         0.029
    Category 2         0.815
    Category 3         0.136
    Category 4         0.020


STANDARDIZED MODEL RESULTS


STDYX Standardization

                                                    Two-Tailed
                    Estimate       S.E.  Est./S.E.    P-Value

Latent Class 1 (1)

 I        |
    SCGHQA_5           0.684      0.055     12.474      0.000
    SCGHQA_6           0.721      0.074      9.699      0.000
    SCGHQA_7           0.745      0.092      8.136      0.000
    SCGHQA_8           0.752      0.101      7.460      0.000
    SCGHQA_10          0.711      0.097      7.322      0.000

 S        |
    SCGHQA_5           0.000      0.000    999.000    999.000
    SCGHQA_6           0.153      0.049      3.101      0.002
    SCGHQA_7           0.316      0.107      2.959      0.003
    SCGHQA_8           0.479      0.162      2.956      0.003
    SCGHQA_10          0.755      0.223      3.391      0.001

 S        WITH
    I                 -0.606      0.141     -4.310      0.000

 Means
    I                 -0.061      0.148     -0.412      0.681
    S                 -0.120      0.194     -0.618      0.537

 Thresholds
    SCGHQA_5$1        -1.872      0.118    -15.853      0.000
    SCGHQA_5$2         0.824      0.075     11.033      0.000
    SCGHQA_5$3         1.866      0.144     12.944      0.000
    SCGHQA_6$1        -1.973      0.104    -18.975      0.000
    SCGHQA_6$2         0.869      0.072     12.057      0.000
    SCGHQA_6$3         1.966      0.131     14.982      0.000
    SCGHQA_7$1        -2.038      0.106    -19.278      0.000
    SCGHQA_7$2         0.898      0.073     12.231      0.000
    SCGHQA_7$3         2.032      0.129     15.755      0.000
    SCGHQA_8$1        -2.057      0.107    -19.247      0.000
    SCGHQA_8$2         0.906      0.074     12.277      0.000
    SCGHQA_8$3         2.050      0.125     16.407      0.000
    SCGHQA_1$1        -1.947      0.127    -15.340      0.000
    SCGHQA_1$2         0.857      0.078     11.015      0.000
    SCGHQA_1$3         1.940      0.135     14.363      0.000

 Variances
    I                  1.000      0.000    999.000    999.000
    S                  1.000      0.000    999.000    999.000

Latent Class 2 (2)

 I        |
    SCGHQA_5           0.563      0.077      7.354      0.000
    SCGHQA_6           0.558      0.088      6.345      0.000
    SCGHQA_7           0.553      0.096      5.783      0.000
    SCGHQA_8           0.546      0.099      5.497      0.000
    SCGHQA_10          0.531      0.099      5.358      0.000

 S        |
    SCGHQA_5           0.000      0.000    999.000    999.000
    SCGHQA_6           0.048      0.106      0.454      0.650
    SCGHQA_7           0.095      0.211      0.452      0.651
    SCGHQA_8           0.142      0.313      0.452      0.651
    SCGHQA_10          0.229      0.499      0.459      0.647

 S        WITH
    I                  0.241      1.587      0.152      0.879

 Means
    I                  0.000      0.000    999.000    999.000
    S                 -0.440      1.003     -0.439      0.661

 Thresholds
    SCGHQA_5$1        -2.122      0.156    -13.646      0.000
    SCGHQA_5$2         0.935      0.065     14.308      0.000
    SCGHQA_5$3         2.115      0.124     17.045      0.000
    SCGHQA_6$1        -2.106      0.126    -16.713      0.000
    SCGHQA_6$2         0.927      0.062     14.851      0.000
    SCGHQA_6$3         2.099      0.104     20.276      0.000
    SCGHQA_7$1        -2.085      0.110    -19.032      0.000
    SCGHQA_7$2         0.918      0.066     14.014      0.000
    SCGHQA_7$3         2.078      0.102     20.414      0.000
    SCGHQA_8$1        -2.060      0.099    -20.916      0.000
    SCGHQA_8$2         0.907      0.070     13.001      0.000
    SCGHQA_8$3         2.053      0.107     19.225      0.000
    SCGHQA_1$1        -2.001      0.107    -18.688      0.000
    SCGHQA_1$2         0.881      0.083     10.650      0.000
    SCGHQA_1$3         1.994      0.138     14.447      0.000

 Variances
    I                  1.000      0.000    999.000    999.000
    S                  1.000      0.000    999.000    999.000


R-SQUARE

Class 1

    Observed                                        Two-Tailed
    Variable        Estimate       S.E.  Est./S.E.    P-Value

    SCGHQA_5           0.468      0.075      6.237      0.000
    SCGHQA_6           0.409      0.064      6.417      0.000
    SCGHQA_7           0.369      0.059      6.284      0.000
    SCGHQA_8           0.358      0.055      6.457      0.000
    SCGHQA_1           0.425      0.072      5.877      0.000

Class 2

    Observed                                        Two-Tailed
    Variable        Estimate       S.E.  Est./S.E.    P-Value

    SCGHQA_5           0.317      0.086      3.677      0.000
    SCGHQA_6           0.327      0.060      5.485      0.000
    SCGHQA_7           0.340      0.047      7.162      0.000
    SCGHQA_8           0.356      0.047      7.606      0.000
    SCGHQA_1           0.392      0.075      5.241      0.000


     Beginning Time:  11:02:01
        Ending Time:  11:05:57
       Elapsed Time:  00:03:56



MUTHEN & MUTHEN
3463 Stoner Ave.
Los Angeles, CA  90066

Tel: (310) 391-9971
Fax: (310) 391-8971
Web: www.StatModel.com
Support: Support@StatModel.com

Copyright (c) 1998-2021 Muthen & Muthen
