Mplus VERSION 8.7
MUTHEN & MUTHEN
11/08/2021   2:26 PM

INPUT INSTRUCTIONS

  TITLE: Your title goes here

   DATA: FILE = no_f2f_mm/data.dta;

   VARIABLE:

   NAMES = pidp gridmode mm hidp_5 hidp_6 hidp_7 hidp_8 hidp_9 hidp_10 indmode_5
       indmode_6 indmode_7 indmode_8 indmode_9 indmode_10 mode_type_all mode_type_no9
       mode_type_567 mode_type_7 all no9 p567 p7 switch_all switch_no9 switch_567
       switch_7 lkmove_5 xpmove_5 caruse_5 mobuse_5 netpuse_5 aidxhh_5 jbhas_5 j2has_5
       finnow_5 finfut_5 howlng_5 vote1_5 vote6_5 scsf1_5 scsf2a_5 scsf2b_5 scsf3a_5
       scsf3b_5 scsf4a_5 scsf4b_5 scsf5_5 scsf6a_5 scsf6b_5 scsf6c_5 scsf7_5 scghqa_5
       scghqb_5 scghqc_5 scghqd_5 scghqe_5 scghqf_5 scghqg_5 scghqh_5 scghqi_5
       scghqj_5 scghqk_5 scghql_5 lkmove_6 xpmove_6 caruse_6 mobuse_6 netpuse_6
       aidxhh_6 jbhas_6 j2has_6 finnow_6 finfut_6 howlng_6 vote1_6 vote6_6 scsf1_6
       scsf2a_6 scsf2b_6 scsf3a_6 scsf3b_6 scsf4a_6 scsf4b_6 scsf5_6 scsf6a_6 scsf6b_6
       scsf6c_6 scsf7_6 scghqa_6 scghqb_6 scghqc_6 scghqd_6 scghqe_6 scghqf_6 scghqg_6
       scghqh_6 scghqi_6 scghqj_6 scghqk_6 scghql_6 lkmove_7 xpmove_7 caruse_7
       mobuse_7 netpuse_7 smoker_7 aidxhh_7 jbhas_7 jbterm1_7 jbsemp_7 j2has_7
       fiyrdia_7 finnow_7 finfut_7 howlng_7 vote1_7 vote6_7 scsf2a_7 scsf2b_7 scsf3a_7
       scsf3b_7 scsf4a_7 scsf4b_7 scsf5_7 scsf6a_7 scsf6b_7 scsf6c_7 scsf7_7 scghqa_7
       scghqb_7 scghqc_7 scghqd_7 scghqe_7 scghqf_7 scghqg_7 scghqh_7 scghqi_7
       scghqj_7 scghqk_7 scghql_7 scsf1_7 lkmove_8 xpmove_8 caruse_8 mobuse_8
       netpuse_8 smoker_8 aidxhh_8 jbhas_8 jbterm1_8 jbsemp_8 j2has_8 fiyrdia_8
       finnow_8 finfut_8 scsf2a_8 scsf2b_8 scsf3a_8 scsf3b_8 scsf4a_8 scsf4b_8 scsf5_8
       scsf6a_8 scsf6b_8 scsf6c_8 scsf7_8 scghqa_8 scghqb_8 scghqc_8 scghqd_8 scghqe_8
       scghqf_8 scghqg_8 scghqh_8 scghqi_8 scghqj_8 scghqk_8 scghql_8 scsf1_8 mobuse_9
       netpuse_9 smoker_9 jbhas_9 jbterm1_9 jbsemp_9 j2has_9 fiyrdia_9 finnow_9
       finfut_9 lkmove_10 xpmove_10 mobuse_10 netpuse_10 smoker_10 aidxhh_10 jbhas_10
       jbterm1_10 jbsemp_10 j2has_10 fiyrdia_10 finnow_10 finfut_10 scsf1_10 scsf2a_10
       scsf2b_10 scsf3a_10 scsf3b_10 scsf4a_10 scsf4b_10 scsf5_10 scsf6a_10 scsf6b_10
       scsf6c_10 scsf7_10 scghqa_10 scghqb_10 scghqc_10 scghqd_10 scghqe_10 scghqf_10
       scghqg_10 scghqh_10 scghqi_10 scghqj_10 scghqk_10 scghql_10 edu agecat female
       partner sf1 longill london north urban refresh Higher A level GCSE Other age_35
       age_55 age_75 age_102 pred_all pred_no9 pred_p567 pred_p7 pred_all_w pred_no9_w
       pred_p567_w pred_p7_w;

   MISSING=.;

   USEVARIABLES ARE
   scghql_5
   scghql_6
   scghql_7
   scghql_8
   scghql_10;

   CATEGORICAL ARE
   scghql_5
   scghql_6
   scghql_7
   scghql_8
   scghql_10;
   CLASSES = c(2);

    KNOWNCLASS = c(no9= 1 2);
  WEIGHT IS pred_no9_w;

   ANALYSIS:


      TYPE = MIXTURE;

      ESTIMATOR = MLR;

      ALGORITHM = INTEGRATION;

      Processors = 8(starts);

      STARTS = 800 200;

   Model:


      %OVERALL%

  i s | scghql_5@0 scghql_6@1 scghql_7@2 scghql_8@3 scghql_10@5;
   %c#1%
  [s] ;
   s ;
   s WITH i ;
   i ;

   %c#2%
  [s] ;
   s ;
   s WITH i ;
   i ;

   OUTPUT: SAMPSTAT;

                                  STDYX;




*** WARNING in VARIABLE command
  Note that only the first 8 characters of variable names are used in the output.
  Shorten variable names to avoid any confusion.
*** WARNING
  One or more observations has a value of 0 for the WEIGHT variable.  Consider using the
  SUBPOPULATION option to restrict the analysis to observations with a positive weight.
*** WARNING
  Data set contains unknown or missing values for variable NO9.
  This variable is used to determine the KNOWNCLASS specification.
  Number of such cases:  913
*** WARNING
  Data set contains cases with missing on all variables.
  These cases were not included in the analysis.
  Number of cases with missing on all variables:  40
   4 WARNING(S) FOUND IN THE INPUT INSTRUCTIONS



Your title goes here

SUMMARY OF ANALYSIS

Number of groups                                                 1
Number of observations                                        1104

Number of dependent variables                                    5
Number of independent variables                                  0
Number of continuous latent variables                            2
Number of categorical latent variables                           1

Observed dependent variables

  Binary and ordered categorical (ordinal)
   SCGHQL_5    SCGHQL_6    SCGHQL_7    SCGHQL_8    SCGHQL_1

Continuous latent variables
   I           S

Categorical latent variables
   C

  Knownclass            C

Variables with special functions

  Weight variable       PRED_NO9

Estimator                                                      MLR
Information matrix                                        OBSERVED
Optimization Specifications for the Quasi-Newton Algorithm for
Continuous Outcomes
  Maximum number of iterations                                 100
  Convergence criterion                                  0.100D-05
Optimization Specifications for the EM Algorithm
  Maximum number of iterations                                 500
  Convergence criteria
    Loglikelihood change                                 0.100D-02
    Relative loglikelihood change                        0.100D-05
    Derivative                                           0.100D-02
Optimization Specifications for the M step of the EM Algorithm for
Categorical Latent variables
  Number of M step iterations                                    1
  M step convergence criterion                           0.100D-02
  Basis for M step termination                           ITERATION
Optimization Specifications for the M step of the EM Algorithm for
Censored, Binary or Ordered Categorical (Ordinal), Unordered
Categorical (Nominal) and Count Outcomes
  Number of M step iterations                                    1
  M step convergence criterion                           0.100D-02
  Basis for M step termination                           ITERATION
  Maximum value for logit thresholds                            15
  Minimum value for logit thresholds                           -15
  Minimum expected cell size for chi-square              0.100D-01
Maximum number of iterations for H1                           2000
Convergence criterion for H1                             0.100D-03
Optimization algorithm                                         EMA
Integration Specifications
  Type                                                    STANDARD
  Number of integration points                                  15
  Dimensions of numerical integration                            2
  Adaptive quadrature                                           ON
Random Starts Specifications
  Number of initial stage random starts                        800
  Number of final stage optimizations                          200
  Number of initial stage iterations                            10
  Initial stage convergence criterion                    0.100D+01
  Random starts scale                                    0.500D+01
  Random seed for generating random starts                       0
Link                                                         LOGIT
Cholesky                                                        ON

Input data file(s)
  no_f2f_mm/data.dta
Input data format  FREE


SUMMARY OF DATA

     Number of missing data patterns            31
     Number of y missing data patterns           0
     Number of u missing data patterns          31


COVARIANCE COVERAGE OF DATA

Minimum covariance coverage value   0.100


     PROPORTION OF DATA PRESENT FOR U


           Covariance Coverage
              SCGHQL_5      SCGHQL_6      SCGHQL_7      SCGHQL_8      SCGHQL_1
              ________      ________      ________      ________      ________
 SCGHQL_5       0.504
 SCGHQL_6       0.391         0.588
 SCGHQL_7       0.367         0.465         0.670
 SCGHQL_8       0.351         0.454         0.553         0.672
 SCGHQL_1       0.320         0.412         0.483         0.531         0.643


UNIVARIATE PROPORTIONS AND COUNTS FOR CATEGORICAL VARIABLES

    SCGHQL_5
      Category 1    0.065           46.059
      Category 2    0.798          566.926
      Category 3    0.105           74.947
      Category 4    0.032           22.527
    SCGHQL_6
      Category 1    0.075           63.068
      Category 2    0.786          659.874
      Category 3    0.116           97.179
      Category 4    0.023           19.045
    SCGHQL_7
      Category 1    0.080           61.483
      Category 2    0.818          632.454
      Category 3    0.085           65.692
      Category 4    0.018           13.634
    SCGHQL_8
      Category 1    0.111           80.677
      Category 2    0.793          576.609
      Category 3    0.081           58.595
      Category 4    0.015           11.057
    SCGHQL_1
      Category 1    0.065           43.348
      Category 2    0.809          536.088
      Category 3    0.108           71.875
      Category 4    0.017           11.160


SAMPLE STATISTICS

RANDOM STARTS RESULTS RANKED FROM THE BEST TO THE WORST LOGLIKELIHOOD VALUES

Final stage loglikelihood values at local maxima, seeds, and initial stage start numbers:

           -3218.037  152496           123
           -3218.037  62835            642
           -3218.039  609185           181
           -3218.039  561664           392
           -3218.039  360419           356
           -3218.039  319144           176
           -3218.039  263268           165
           -3218.039  822698           621
           -3218.040  105435           265
           -3218.040  347222           533
           -3218.040  887580           493
           -3218.040  595153           230
           -3218.040  802779           122
           -3218.041  106561           686
           -3218.042  545140           278
           -3218.042  682718           733
           -3218.042  153053           378
           -3218.043  569833           85
           -3218.043  801717           364
           -3218.043  673496           218
           -3218.044  415502           194
           -3218.045  685657           69
           -3218.045  823392           479
           -3218.045  312754           562
           -3218.045  742609           531
           -3218.046  370466           41
           -3218.046  320494           465
           -3218.046  358488           264
           -3218.046  284109           82
           -3218.046  46502            714
           -3218.046  999211           628
           -3218.047  157351           579
           -3218.047  499150           216
           -3218.047  939021           8
           -3218.047  833196           715
           -3218.048  723035           538
           -3218.048  529496           343
           -3218.048  315029           471
           -3218.048  953843           651
           -3218.048  422103           62
           -3218.048  376411           473
           -3218.048  840078           203
           -3218.049  878749           728
           -3218.049  792389           746
           -3218.049  178181           753
           -3218.049  326091           759
           -3218.050  238906           430
           -3218.050  50887            389
           -3218.050  992389           77
           -3218.050  155622           507
           -3218.050  777045           377
           -3218.050  526324           178
           -3218.051  266008           656
           -3218.051  93468            3
           -3218.051  821011           161
           -3218.051  566739           575
           -3218.051  700349           401
           -3218.052  667250           318
           -3218.052  404426           344
           -3218.052  520865           763
           -3218.053  603842           61
           -3218.053  797594           234
           -3218.053  475420           71
           -3218.053  670281           721
           -3218.054  333082           578
           -3218.054  584397           428
           -3218.054  307843           664
           -3218.054  742688           594
           -3218.055  964570           701
           -3218.055  778953           635
           -3218.055  848163           47
           -3218.055  995249           525
           -3218.055  898745           466
           -3218.055  484687           306
           -3218.055  838615           677
           -3218.055  478341           731
           -3218.056  303834           798
           -3218.056  856536           144
           -3218.056  897782           545
           -3218.056  835767           210
           -3218.056  801065           393
           -3218.056  830392           35
           -3218.056  629320           222
           -3218.056  327475           518
           -3218.056  35191            703
           -3218.057  576220           115
           -3218.057  188640           451
           -3218.057  529455           268
           -3218.057  396795           323
           -3218.057  488581           688
           -3218.057  738393           619
           -3218.058  575700           100
           -3218.058  539389           544
           -3218.058  631413           439
           -3218.058  7195             697
           -3218.058  378393           509
           -3218.058  213189           605
           -3218.058  717754           180
           -3218.058  967237           48
           -3218.059  686482           215
           -3218.059  165853           105
           -3218.059  72662            729
           -3218.059  327140           678
           -3218.060  443442           380
           -3218.060  940533           764
           -3218.060  88437            761
           -3218.060  900268           327
           -3218.060  580181           691
           -3218.060  348637           749
           -3218.060  910224           580
           -3218.060  637095           207
           -3218.060  313407           132
           -3218.060  392751           480
           -3218.060  82357            339
           -3218.061  876943           650
           -3218.061  21132            351
           -3218.061  266038           672
           -3218.061  862607           468
           -3218.061  226322           478
           -3218.061  138695           783
           -3218.061  804561           59
           -3218.061  137305           379
           -3218.061  599729           658
           -3218.061  798839           312
           -3218.061  209031           632
           -3218.061  251641           784
           -3218.061  973369           202
           -3218.061  625191           350
           -3218.062  626891           32
           -3218.062  576596           99
           -3218.062  574412           679
           -3218.063  318230           46
           -3218.063  478421           311
           -3218.063  991329           182
           -3218.063  668003           647
           -3218.063  512403           719
           -3218.063  552272           654
           -3218.063  604861           800
           -3218.063  391179           78
           -3218.064  798821           423
           -3218.064  775884           639
           -3218.064  117731           570
           -3218.065  505244           582
           -3218.065  926797           406
           -3218.065  85734            411
           -3218.066  173191           422
           -3218.066  92689            304
           -3218.067  76451            211
           -3218.067  146900           391
           -3218.067  749453           33
           -3218.067  640833           434
           -3218.067  804660           260
           -3218.067  259507           53
           -3218.068  329127           185
           -3218.068  286735           175
           -3218.068  496703           758
           -3218.068  220492           743
           -3218.068  1548             384
           -3218.068  150531           154
           -3218.068  963053           43
           -3218.068  982520           737
           -3218.068  112586           494
           -3218.068  741888           138
           -3218.068  694303           282
           -3218.069  130011           587
           -3218.069  282464           283
           -3218.069  127215           9
           -3218.069  871851           257
           -3218.069  279850           555
           -3218.069  937588           293
           -3218.069  371246           101
           -3218.069  505879           424
           -3218.069  264901           634
           -3218.070  602032           648
           -3218.070  714997           399
           -3218.070  232559           136
           -3218.070  379729           512
           -3218.070  120506           45
           -3218.070  691234           250
           -3218.070  566687           597
           -3218.070  642909           251
           -3218.070  971693           470
           -3218.070  unperturbed      0
           -3218.071  988761           475
           -3218.071  291149           536
           -3218.071  695155           150
           -3218.071  172913           557
           -3218.071  592219           119
           -3218.071  618000           190
           -3218.072  580539           786
           -3218.072  903633           553
           -3218.072  519357           559
           -3218.072  393232           152
           -3218.072  970689           266
           -3218.072  567165           319
           -3218.074  596257           405

4 perturbed starting value run(s) did not converge or were rejected in the third stage.



THE BEST LOGLIKELIHOOD VALUE HAS BEEN REPLICATED.  RERUN WITH AT LEAST TWICE THE
RANDOM STARTS TO CHECK THAT THE BEST LOGLIKELIHOOD IS STILL OBTAINED AND REPLICATED.

     WARNING: THE MODEL ESTIMATION HAS REACHED A SADDLE POINT OR A POINT WHERE THE
     OBSERVED AND THE EXPECTED INFORMATION MATRICES DO NOT MATCH.
     AN ADJUSTMENT TO THE ESTIMATION OF THE INFORMATION MATRIX HAS BEEN MADE.
     THE CONDITION NUMBER IS      -0.510D-03.
     THE PROBLEM MAY ALSO BE RESOLVED BY TURNING OFF THE CHOLESKY OPTION OR
     BY DECREASING THE VALUE OF THE MCONVERGENCE OPTION OR BY CHANGING THE STARTING VALUES
     OR BY INCREASING THE NUMBER OF INTEGRATION POINTS OR BY USING THE MLF ESTIMATOR.


THE MODEL ESTIMATION TERMINATED NORMALLY



MODEL FIT INFORMATION

Number of Free Parameters                       13

Loglikelihood

          H0 Value                       -3218.037
          H0 Scaling Correction Factor      1.4113
            for MLR

Information Criteria

          Akaike (AIC)                    6462.075
          Bayesian (BIC)                  6527.162
          Sample-Size Adjusted BIC        6485.871
            (n* = (n + 2) / 24)

Chi-Square Test of Model Fit for the Binary and Ordered Categorical
(Ordinal) Outcomes**

          Pearson Chi-Square

          Value                           1646.513
          Degrees of Freedom                  2017
          P-Value                           1.0000

          Likelihood Ratio Chi-Square

          Value                            559.722
          Degrees of Freedom                  2017
          P-Value                           1.0000

** Of the 3124 cells in the latent class indicator table, 9
   were deleted in the calculation of chi-square due to extreme values.

Chi-Square Test for MCAR under the Unrestricted Latent Class Indicator Model

          Pearson Chi-Square

          Value                           1433.656
          Degrees of Freedom                  4139
          P-Value                           1.0000

          Likelihood Ratio Chi-Square

          Value                           1084.039
          Degrees of Freedom                  4139
          P-Value                           1.0000



FINAL CLASS COUNTS AND PROPORTIONS FOR THE LATENT CLASSES
BASED ON THE ESTIMATED MODEL

    Latent
   Classes

       1        564.00000          0.51087
       2        540.00000          0.48913


MODEL RESULTS

                                                    Two-Tailed
                    Estimate       S.E.  Est./S.E.    P-Value

Latent Class 1 (1)

 I        |
    SCGHQL_5           1.000      0.000    999.000    999.000
    SCGHQL_6           1.000      0.000    999.000    999.000
    SCGHQL_7           1.000      0.000    999.000    999.000
    SCGHQL_8           1.000      0.000    999.000    999.000
    SCGHQL_10          1.000      0.000    999.000    999.000

 S        |
    SCGHQL_5           0.000      0.000    999.000    999.000
    SCGHQL_6           1.000      0.000    999.000    999.000
    SCGHQL_7           2.000      0.000    999.000    999.000
    SCGHQL_8           3.000      0.000    999.000    999.000
    SCGHQL_10          5.000      0.000    999.000    999.000

 S        WITH
    I                 -0.020      0.072     -0.283      0.777

 Means
    I                 -0.150      0.221     -0.680      0.497
    S                 -0.049      0.054     -0.917      0.359

 Thresholds
    SCGHQL_5$1        -3.292      0.168    -19.590      0.000
    SCGHQL_5$2         2.401      0.153     15.723      0.000
    SCGHQL_5$3         4.529      0.232     19.495      0.000
    SCGHQL_6$1        -3.292      0.168    -19.590      0.000
    SCGHQL_6$2         2.401      0.153     15.723      0.000
    SCGHQL_6$3         4.529      0.232     19.495      0.000
    SCGHQL_7$1        -3.292      0.168    -19.590      0.000
    SCGHQL_7$2         2.401      0.153     15.723      0.000
    SCGHQL_7$3         4.529      0.232     19.495      0.000
    SCGHQL_8$1        -3.292      0.168    -19.590      0.000
    SCGHQL_8$2         2.401      0.153     15.723      0.000
    SCGHQL_8$3         4.529      0.232     19.495      0.000
    SCGHQL_1$1        -3.292      0.168    -19.590      0.000
    SCGHQL_1$2         2.401      0.153     15.723      0.000
    SCGHQL_1$3         4.529      0.232     19.495      0.000

 Variances
    I                  1.932      0.599      3.225      0.001
    S                  0.001      0.003      0.521      0.602

Latent Class 2 (2)

 I        |
    SCGHQL_5           1.000      0.000    999.000    999.000
    SCGHQL_6           1.000      0.000    999.000    999.000
    SCGHQL_7           1.000      0.000    999.000    999.000
    SCGHQL_8           1.000      0.000    999.000    999.000
    SCGHQL_10          1.000      0.000    999.000    999.000

 S        |
    SCGHQL_5           0.000      0.000    999.000    999.000
    SCGHQL_6           1.000      0.000    999.000    999.000
    SCGHQL_7           2.000      0.000    999.000    999.000
    SCGHQL_8           3.000      0.000    999.000    999.000
    SCGHQL_10          5.000      0.000    999.000    999.000

 S        WITH
    I                  0.032      0.047      0.691      0.490

 Means
    I                  0.000      0.000    999.000    999.000
    S                 -0.036      0.037     -0.967      0.334

 Thresholds
    SCGHQL_5$1        -3.292      0.168    -19.590      0.000
    SCGHQL_5$2         2.401      0.153     15.723      0.000
    SCGHQL_5$3         4.529      0.232     19.495      0.000
    SCGHQL_6$1        -3.292      0.168    -19.590      0.000
    SCGHQL_6$2         2.401      0.153     15.723      0.000
    SCGHQL_6$3         4.529      0.232     19.495      0.000
    SCGHQL_7$1        -3.292      0.168    -19.590      0.000
    SCGHQL_7$2         2.401      0.153     15.723      0.000
    SCGHQL_7$3         4.529      0.232     19.495      0.000
    SCGHQL_8$1        -3.292      0.168    -19.590      0.000
    SCGHQL_8$2         2.401      0.153     15.723      0.000
    SCGHQL_8$3         4.529      0.232     19.495      0.000
    SCGHQL_1$1        -3.292      0.168    -19.590      0.000
    SCGHQL_1$2         2.401      0.153     15.723      0.000
    SCGHQL_1$3         4.529      0.232     19.495      0.000

 Variances
    I                  1.680      0.372      4.518      0.000
    S                  0.001      0.002      0.332      0.740

Categorical Latent Variables

 Means
    C#1                0.043      0.076      0.571      0.568


QUALITY OF NUMERICAL RESULTS

     Condition Number for the Information Matrix             -0.510E-03
       (ratio of smallest to largest eigenvalue)


RESULTS IN PROBABILITY SCALE

                    Estimate

Latent Class 1 (1)

 SCGHQL_5
    Category 1         0.081
    Category 2         0.794
    Category 3         0.104
    Category 4         0.022
 SCGHQL_6
    Category 1         0.083
    Category 2         0.797
    Category 3         0.100
    Category 4         0.020
 SCGHQL_7
    Category 1         0.085
    Category 2         0.800
    Category 3         0.096
    Category 4         0.019
 SCGHQL_8
    Category 1         0.088
    Category 2         0.802
    Category 3         0.092
    Category 4         0.018
 SCGHQL_10
    Category 1         0.094
    Category 2         0.806
    Category 3         0.085
    Category 4         0.016

Latent Class 2 (2)

 SCGHQL_5
    Category 1         0.067
    Category 2         0.800
    Category 3         0.110
    Category 4         0.023
 SCGHQL_6
    Category 1         0.070
    Category 2         0.799
    Category 3         0.109
    Category 4         0.022
 SCGHQL_7
    Category 1         0.073
    Category 2         0.797
    Category 3         0.107
    Category 4         0.022
 SCGHQL_8
    Category 1         0.077
    Category 2         0.795
    Category 3         0.106
    Category 4         0.022
 SCGHQL_10
    Category 1         0.084
    Category 2         0.791
    Category 3         0.103
    Category 4         0.022


STANDARDIZED MODEL RESULTS


STDYX Standardization

                                                    Two-Tailed
                    Estimate       S.E.  Est./S.E.    P-Value

Latent Class 1 (1)

 I        |
    SCGHQL_5           0.608      0.059     10.238      0.000
    SCGHQL_6           0.611      0.066      9.311      0.000
    SCGHQL_7           0.613      0.073      8.442      0.000
    SCGHQL_8           0.615      0.080      7.658      0.000
    SCGHQL_10          0.618      0.097      6.354      0.000

 S        |
    SCGHQL_5           0.000      0.000    999.000    999.000
    SCGHQL_6           0.017      0.017      0.999      0.318
    SCGHQL_7           0.033      0.033      1.001      0.317
    SCGHQL_8           0.050      0.050      1.004      0.315
    SCGHQL_10          0.084      0.083      1.012      0.312

 S        WITH
    I                 -0.390      1.429     -0.273      0.785

 Means
    I                 -0.108      0.163     -0.664      0.507
    S                 -1.304      1.892     -0.689      0.491

 Thresholds
    SCGHQL_5$1        -1.441      0.090    -15.988      0.000
    SCGHQL_5$2         1.050      0.076     13.883      0.000
    SCGHQL_5$3         1.982      0.136     14.565      0.000
    SCGHQL_6$1        -1.446      0.080    -18.016      0.000
    SCGHQL_6$2         1.054      0.070     15.166      0.000
    SCGHQL_6$3         1.989      0.121     16.439      0.000
    SCGHQL_7$1        -1.451      0.074    -19.584      0.000
    SCGHQL_7$2         1.058      0.066     16.060      0.000
    SCGHQL_7$3         1.996      0.110     18.108      0.000
    SCGHQL_8$1        -1.456      0.073    -19.935      0.000
    SCGHQL_8$2         1.062      0.065     16.217      0.000
    SCGHQL_8$3         2.003      0.106     18.940      0.000
    SCGHQL_1$1        -1.465      0.088    -16.696      0.000
    SCGHQL_1$2         1.068      0.075     14.218      0.000
    SCGHQL_1$3         2.015      0.120     16.819      0.000

 Variances
    I                  1.000      0.000    999.000    999.000
    S                  1.000      0.000    999.000    999.000

Latent Class 2 (2)

 I        |
    SCGHQL_5           0.581      0.043     13.653      0.000
    SCGHQL_6           0.578      0.046     12.669      0.000
    SCGHQL_7           0.574      0.049     11.703      0.000
    SCGHQL_8           0.570      0.053     10.795      0.000
    SCGHQL_10          0.563      0.061      9.210      0.000

 S        |
    SCGHQL_5           0.000      0.000    999.000    999.000
    SCGHQL_6           0.011      0.017      0.660      0.510
    SCGHQL_7           0.022      0.033      0.664      0.507
    SCGHQL_8           0.033      0.049      0.668      0.504
    SCGHQL_10          0.054      0.080      0.677      0.498

 S        WITH
    I                  0.999      0.004    269.435      0.000

 Means
    I                  0.000      0.000    999.000    999.000
    S                 -1.430      2.546     -0.562      0.574

 Thresholds
    SCGHQL_5$1        -1.477      0.074    -19.976      0.000
    SCGHQL_5$2         1.077      0.064     16.819      0.000
    SCGHQL_5$3         2.031      0.100     20.313      0.000
    SCGHQL_6$1        -1.467      0.068    -21.483      0.000
    SCGHQL_6$2         1.070      0.062     17.357      0.000
    SCGHQL_6$3         2.018      0.093     21.704      0.000
    SCGHQL_7$1        -1.458      0.065    -22.275      0.000
    SCGHQL_7$2         1.063      0.061     17.426      0.000
    SCGHQL_7$3         2.005      0.090     22.303      0.000
    SCGHQL_8$1        -1.448      0.066    -22.040      0.000
    SCGHQL_8$2         1.056      0.062     16.994      0.000
    SCGHQL_8$3         1.992      0.091     21.857      0.000
    SCGHQL_1$1        -1.429      0.075    -19.061      0.000
    SCGHQL_1$2         1.042      0.069     15.053      0.000
    SCGHQL_1$3         1.966      0.105     18.676      0.000

 Variances
    I                  1.000      0.000    999.000    999.000
    S                  1.000      0.000    999.000    999.000


R-SQUARE

Class 1

    Observed                                        Two-Tailed
    Variable        Estimate       S.E.  Est./S.E.    P-Value

    SCGHQL_5           0.370      0.072      5.119      0.000
    SCGHQL_6           0.365      0.062      5.849      0.000
    SCGHQL_7           0.361      0.055      6.515      0.000
    SCGHQL_8           0.356      0.053      6.749      0.000
    SCGHQL_1           0.349      0.065      5.397      0.000

Class 2

    Observed                                        Two-Tailed
    Variable        Estimate       S.E.  Est./S.E.    P-Value

    SCGHQL_5           0.338      0.050      6.826      0.000
    SCGHQL_6           0.347      0.043      7.999      0.000
    SCGHQL_7           0.355      0.041      8.762      0.000
    SCGHQL_8           0.364      0.042      8.733      0.000
    SCGHQL_1           0.380      0.053      7.150      0.000


     Beginning Time:  14:26:26
        Ending Time:  14:31:06
       Elapsed Time:  00:04:40



MUTHEN & MUTHEN
3463 Stoner Ave.
Los Angeles, CA  90066

Tel: (310) 391-9971
Fax: (310) 391-8971
Web: www.StatModel.com
Support: Support@StatModel.com

Copyright (c) 1998-2021 Muthen & Muthen
