Mplus VERSION 8.7
MUTHEN & MUTHEN
11/08/2021   3:01 PM

INPUT INSTRUCTIONS

  TITLE: Your title goes here

   DATA: FILE = no_f2f_mm/data.dta;

   VARIABLE:

   NAMES = pidp gridmode mm hidp_5 hidp_6 hidp_7 hidp_8 hidp_9 hidp_10 indmode_5
       indmode_6 indmode_7 indmode_8 indmode_9 indmode_10 mode_type_all mode_type_no9
       mode_type_567 mode_type_7 all no9 p567 p7 switch_all switch_no9 switch_567
       switch_7 lkmove_5 xpmove_5 caruse_5 mobuse_5 netpuse_5 aidxhh_5 jbhas_5 j2has_5
       finnow_5 finfut_5 howlng_5 vote1_5 vote6_5 scsf1_5 scsf2a_5 scsf2b_5 scsf3a_5
       scsf3b_5 scsf4a_5 scsf4b_5 scsf5_5 scsf6a_5 scsf6b_5 scsf6c_5 scsf7_5 scghqa_5
       scghqb_5 scghqc_5 scghqd_5 scghqe_5 scghqf_5 scghqg_5 scghqh_5 scghqi_5
       scghqj_5 scghqk_5 scghql_5 lkmove_6 xpmove_6 caruse_6 mobuse_6 netpuse_6
       aidxhh_6 jbhas_6 j2has_6 finnow_6 finfut_6 howlng_6 vote1_6 vote6_6 scsf1_6
       scsf2a_6 scsf2b_6 scsf3a_6 scsf3b_6 scsf4a_6 scsf4b_6 scsf5_6 scsf6a_6 scsf6b_6
       scsf6c_6 scsf7_6 scghqa_6 scghqb_6 scghqc_6 scghqd_6 scghqe_6 scghqf_6 scghqg_6
       scghqh_6 scghqi_6 scghqj_6 scghqk_6 scghql_6 lkmove_7 xpmove_7 caruse_7
       mobuse_7 netpuse_7 smoker_7 aidxhh_7 jbhas_7 jbterm1_7 jbsemp_7 j2has_7
       fiyrdia_7 finnow_7 finfut_7 howlng_7 vote1_7 vote6_7 scsf2a_7 scsf2b_7 scsf3a_7
       scsf3b_7 scsf4a_7 scsf4b_7 scsf5_7 scsf6a_7 scsf6b_7 scsf6c_7 scsf7_7 scghqa_7
       scghqb_7 scghqc_7 scghqd_7 scghqe_7 scghqf_7 scghqg_7 scghqh_7 scghqi_7
       scghqj_7 scghqk_7 scghql_7 scsf1_7 lkmove_8 xpmove_8 caruse_8 mobuse_8
       netpuse_8 smoker_8 aidxhh_8 jbhas_8 jbterm1_8 jbsemp_8 j2has_8 fiyrdia_8
       finnow_8 finfut_8 scsf2a_8 scsf2b_8 scsf3a_8 scsf3b_8 scsf4a_8 scsf4b_8 scsf5_8
       scsf6a_8 scsf6b_8 scsf6c_8 scsf7_8 scghqa_8 scghqb_8 scghqc_8 scghqd_8 scghqe_8
       scghqf_8 scghqg_8 scghqh_8 scghqi_8 scghqj_8 scghqk_8 scghql_8 scsf1_8 mobuse_9
       netpuse_9 smoker_9 jbhas_9 jbterm1_9 jbsemp_9 j2has_9 fiyrdia_9 finnow_9
       finfut_9 lkmove_10 xpmove_10 mobuse_10 netpuse_10 smoker_10 aidxhh_10 jbhas_10
       jbterm1_10 jbsemp_10 j2has_10 fiyrdia_10 finnow_10 finfut_10 scsf1_10 scsf2a_10
       scsf2b_10 scsf3a_10 scsf3b_10 scsf4a_10 scsf4b_10 scsf5_10 scsf6a_10 scsf6b_10
       scsf6c_10 scsf7_10 scghqa_10 scghqb_10 scghqc_10 scghqd_10 scghqe_10 scghqf_10
       scghqg_10 scghqh_10 scghqi_10 scghqj_10 scghqk_10 scghql_10 edu agecat female
       partner sf1 longill london north urban refresh Higher A level GCSE Other age_35
       age_55 age_75 age_102 pred_all pred_no9 pred_p567 pred_p7 pred_all_w pred_no9_w
       pred_p567_w pred_p7_w;

   MISSING=.;

   USEVARIABLES ARE
   scsf3b_5
   scsf3b_6
   scsf3b_7
   scsf3b_8
   scsf3b_10;
   CLASSES = c(2);

    KNOWNCLASS = c(no9= 1 2);
  WEIGHT IS pred_no9_w;

   ANALYSIS:


      TYPE = MIXTURE;

      ESTIMATOR = MLR;

      ALGORITHM = INTEGRATION;

      Processors = 8(starts);

      STARTS = 800 200;

   Model:


      %OVERALL%

  i s | scsf3b_5@0 scsf3b_6@1 scsf3b_7@2 scsf3b_8@3 scsf3b_10@5;;

  scsf3b_5 (a);
   scsf3b_6 (a);
   scsf3b_7 (a);
   scsf3b_8 (a);
   scsf3b_10 (a);

   %c#1%
  [s] ;
   s ;
   s WITH i ;
   i ;

   %c#2%
  [s] ;
   s ;
   s WITH i ;
   i ;

   OUTPUT: SAMPSTAT;

                                  STDYX;




*** WARNING in VARIABLE command
  Note that only the first 8 characters of variable names are used in the output.
  Shorten variable names to avoid any confusion.
*** WARNING
  One or more observations has a value of 0 for the WEIGHT variable.  Consider using the
  SUBPOPULATION option to restrict the analysis to observations with a positive weight.
*** WARNING
  Data set contains unknown or missing values for variable NO9.
  This variable is used to determine the KNOWNCLASS specification.
  Number of such cases:  913
*** WARNING
  Data set contains cases with missing on all variables.
  These cases were not included in the analysis.
  Number of cases with missing on all variables:  50
   4 WARNING(S) FOUND IN THE INPUT INSTRUCTIONS



Your title goes here

SUMMARY OF ANALYSIS

Number of groups                                                 1
Number of observations                                        1094

Number of dependent variables                                    5
Number of independent variables                                  0
Number of continuous latent variables                            2
Number of categorical latent variables                           1

Observed dependent variables

  Continuous
   SCSF3B_5    SCSF3B_6    SCSF3B_7    SCSF3B_8    SCSF3B_10

Continuous latent variables
   I           S

Categorical latent variables
   C

  Knownclass            C

Variables with special functions

  Weight variable       PRED_NO9

Estimator                                                      MLR
Information matrix                                        OBSERVED
Optimization Specifications for the Quasi-Newton Algorithm for
Continuous Outcomes
  Maximum number of iterations                                 100
  Convergence criterion                                  0.100D-05
Optimization Specifications for the EM Algorithm
  Maximum number of iterations                                 500
  Convergence criteria
    Loglikelihood change                                 0.100D-02
    Relative loglikelihood change                        0.100D-05
    Derivative                                           0.100D-02
Optimization Specifications for the M step of the EM Algorithm for
Categorical Latent variables
  Number of M step iterations                                    1
  M step convergence criterion                           0.100D-02
  Basis for M step termination                           ITERATION
Optimization Specifications for the M step of the EM Algorithm for
Censored, Binary or Ordered Categorical (Ordinal), Unordered
Categorical (Nominal) and Count Outcomes
  Number of M step iterations                                    1
  M step convergence criterion                           0.100D-02
  Basis for M step termination                           ITERATION
  Maximum value for logit thresholds                            15
  Minimum value for logit thresholds                           -15
  Minimum expected cell size for chi-square              0.100D-01
Maximum number of iterations for H1                           2000
Convergence criterion for H1                             0.100D-03
Optimization algorithm                                         EMA
Integration Specifications
  Type                                                    STANDARD
  Number of integration points                                  15
  Dimensions of numerical integration                            0
  Adaptive quadrature                                           ON
Random Starts Specifications
  Number of initial stage random starts                        800
  Number of final stage optimizations                          200
  Number of initial stage iterations                            10
  Initial stage convergence criterion                    0.100D+01
  Random starts scale                                    0.500D+01
  Random seed for generating random starts                       0
Cholesky                                                       OFF

Input data file(s)
  no_f2f_mm/data.dta
Input data format  FREE


SUMMARY OF DATA

     Number of missing data patterns            31
     Number of y missing data patterns          31
     Number of u missing data patterns           0


COVARIANCE COVERAGE OF DATA

Minimum covariance coverage value   0.100


     PROPORTION OF DATA PRESENT FOR Y


           Covariance Coverage
              SCSF3B_5      SCSF3B_6      SCSF3B_7      SCSF3B_8      SCSF3B_1
              ________      ________      ________      ________      ________
 SCSF3B_5       0.507
 SCSF3B_6       0.393         0.591
 SCSF3B_7       0.370         0.472         0.679
 SCSF3B_8       0.356         0.459         0.561         0.681
 SCSF3B_1       0.319         0.410         0.483         0.527         0.631


SAMPLE STATISTICS


     ESTIMATED SAMPLE STATISTICS FOR CLASS 1


           Means
              SCSF3B_5      SCSF3B_6      SCSF3B_7      SCSF3B_8      SCSF3B_1
              ________      ________      ________      ________      ________
                4.012         4.136         4.189         4.167         3.994


           Covariances
              SCSF3B_5      SCSF3B_6      SCSF3B_7      SCSF3B_8      SCSF3B_1
              ________      ________      ________      ________      ________
 SCSF3B_5       1.596
 SCSF3B_6       1.134         1.449
 SCSF3B_7       1.095         0.892         1.223
 SCSF3B_8       1.008         0.949         0.962         1.355
 SCSF3B_1       0.849         0.775         0.933         0.914         1.570


           Correlations
              SCSF3B_5      SCSF3B_6      SCSF3B_7      SCSF3B_8      SCSF3B_1
              ________      ________      ________      ________      ________
 SCSF3B_5       1.000
 SCSF3B_6       0.745         1.000
 SCSF3B_7       0.784         0.670         1.000
 SCSF3B_8       0.685         0.677         0.747         1.000
 SCSF3B_1       0.536         0.514         0.673         0.627         1.000


     ESTIMATED SAMPLE STATISTICS FOR CLASS 2


           Means
              SCSF3B_5      SCSF3B_6      SCSF3B_7      SCSF3B_8      SCSF3B_1
              ________      ________      ________      ________      ________
                4.200         4.128         4.303         4.203         4.162


           Covariances
              SCSF3B_5      SCSF3B_6      SCSF3B_7      SCSF3B_8      SCSF3B_1
              ________      ________      ________      ________      ________
 SCSF3B_5       1.285
 SCSF3B_6       0.823         1.495
 SCSF3B_7       0.683         0.791         1.042
 SCSF3B_8       0.726         0.819         0.734         1.108
 SCSF3B_1       0.706         0.921         0.698         0.834         1.358


           Correlations
              SCSF3B_5      SCSF3B_6      SCSF3B_7      SCSF3B_8      SCSF3B_1
              ________      ________      ________      ________      ________
 SCSF3B_5       1.000
 SCSF3B_6       0.593         1.000
 SCSF3B_7       0.590         0.633         1.000
 SCSF3B_8       0.608         0.636         0.683         1.000
 SCSF3B_1       0.534         0.646         0.587         0.680         1.000


UNIVARIATE SAMPLE STATISTICS


     UNIVARIATE HIGHER-ORDER MOMENT DESCRIPTIVE STATISTICS

         Variable/         Mean/     Skewness/   Minimum/ % with                Percentiles
        Sample Size      Variance    Kurtosis    Maximum  Min/Max      20%/60%    40%/80%    Median

     SCSF3B_5              4.140      -1.190       1.000    3.60%       3.000      5.000      5.000
             555.000       1.391       0.336       5.000   63.06%       5.000      5.000
     SCSF3B_6              4.144      -1.235       1.000    3.25%       3.000      5.000      5.000
             647.000       1.481       0.323       5.000   63.52%       5.000      5.000
     SCSF3B_7              4.299      -1.424       1.000    3.10%       4.000      5.000      5.000
             743.000       1.070       1.268       5.000   63.93%       5.000      5.000
     SCSF3B_8              4.225      -1.326       1.000    2.68%       4.000      5.000      5.000
             745.000       1.185       0.874       5.000   63.36%       5.000      5.000
     SCSF3B_10             4.123      -1.142       1.000    4.35%       3.000      5.000      5.000
             690.000       1.432       0.117       5.000   63.33%       5.000      5.000

RANDOM STARTS RESULTS RANKED FROM THE BEST TO THE WORST LOGLIKELIHOOD VALUES

Final stage loglikelihood values at local maxima, seeds, and initial stage start numbers:

           -5625.280  629320           222
           -5625.280  488125           368
           -5625.280  891347           504
           -5625.280  534193           689
           -5625.280  335485           496
           -5625.280  326091           759
           -5625.280  960438           116
           -5625.280  105435           265
           -5625.280  745972           521
           -5625.280  204959           695
           -5625.280  360419           356
           -5625.280  858804           534
           -5625.280  483369           270
           -5625.280  930872           277
           -5625.280  213189           605
           -5625.280  81117            305
           -5625.280  314757           345
           -5625.280  765392           382
           -5625.280  657994           788
           -5625.280  863691           481
           -5625.280  252949           487
           -5625.280  331681           549
           -5625.280  195763           358
           -5625.280  76337            76
           -5625.280  534864           307
           -5625.280  276696           676
           -5625.280  712702           684
           -5625.280  247224           94
           -5625.280  605565           404
           -5625.280  887580           493
           -5625.280  642909           251
           -5625.280  467339           66
           -5625.280  486646           586
           -5625.280  316165           299
           -5625.280  574412           679
           -5625.280  106561           686
           -5625.280  72662            729
           -5625.280  958107           790
           -5625.280  57226            208
           -5625.280  30098            209
           -5625.280  392407           221
           -5625.280  188640           451
           -5625.280  59674            240
           -5625.280  175199           247
           -5625.280  638611           524
           -5625.280  565819           65
           -5625.280  341041           34
           -5625.280  266340           683
           -5625.280  951709           348
           -5625.280  801717           364
           -5625.280  570908           98
           -5625.280  907810           795
           -5625.280  802779           122
           -5625.280  164305           128
           -5625.280  995249           525
           -5625.280  438144           271
           -5625.280  436892           565
           -5625.280  130011           587
           -5625.280  588923           606
           -5625.280  738393           619
           -5625.280  179022           687
           -5625.280  625191           350
           -5625.280  887676           22
           -5625.280  872743           374
           -5625.280  800454           751
           -5625.280  88437            761
           -5625.280  507154           387
           -5625.280  501995           791
           -5625.280  440368           797
           -5625.280  752769           253
           -5625.280  848331           137
           -5625.280  284384           600
           -5625.280  695155           150
           -5625.280  92689            304
           -5625.280  12477            155
           -5625.280  377584           630
           -5625.280  264901           634
           -5625.280  322790           636
           -5625.280  775884           639
           -5625.280  732596           320
           -5625.280  659773           663
           -5625.280  197223           332
           -5625.280  961454           665
           -5625.280  327140           678
           -5625.280  580181           691
           -5625.280  531546           702
           -5625.280  717754           180
           -5625.280  3307             735
           -5625.280  595619           779
           -5625.280  253358           2
           -5625.280  568859           49
           -5625.280  97158            205
           -5625.280  292884           103
           -5625.280  584397           428
           -5625.280  915107           54
           -5625.280  662718           460
           -5625.280  347222           533
           -5625.280  688839           273
           -5625.280  434915           552
           -5625.280  212934           568
           -5625.280  856536           144
           -5625.280  941525           609
           -5625.280  313306           612
           -5625.280  345974           622
           -5625.280  314084           81
           -5625.280  535063           329
           -5625.280  82357            339
           -5625.280  917702           693
           -5625.280  849670           347
           -5625.280  476393           705
           -5625.280  563002           360
           -5625.280  496881           192
           -5625.280  674171           195
           -5625.280  723775           97
           -5625.280  168762           200
           -5625.280  637095           207
           -5625.280  791285           416
           -5625.280  569131           26
           -5625.280  595153           230
           -5625.280  319575           499
           -5625.280  715561           125
           -5625.280  760531           550
           -5625.280  749453           33
           -5625.280  871438           561
           -5625.280  157351           579
           -5625.280  158612           581
           -5625.280  442072           625
           -5625.280  637345           19
           -5625.280  833196           715
           -5625.280  607072           717
           -5625.280  476498           179
           -5625.280  485256           371
           -5625.280  462821           745
           -5625.280  792389           746
           -5625.280  940533           764
           -5625.280  496710           386
           -5625.280  921023           782
           -5625.280  923437           398
           -5625.280  55115            408
           -5625.280  903420           5
           -5625.280  937885           426
           -5625.280  701525           239
           -5625.280  972430           491
           -5625.280  213532           503
           -5625.280  49221            254
           -5625.280  227563           63
           -5625.280  327475           518
           -5625.280  78862            529
           -5625.280  351622           551
           -5625.280  987090           70
           -5625.280  117587           572
           -5625.280  910224           580
           -5625.280  417035           149
           -5625.280  246261           38
           -5625.280  193042           316
           -5625.280  217744           326
           -5625.280  170954           86
           -5625.280  813779           92
           -5625.280  318230           46
           -5625.280  547702           767
           -5625.280  590834           785
           -5625.280  471040           403
           -5625.280  85734            411
           -5625.280  891531           206
           -5625.280  85462            51
           -5625.280  699554           427
           -5625.280  686482           215
           -5625.280  39136            226
           -5625.280  376411           473
           -5625.280  152496           123
           -5625.280  79212            517
           -5625.280  27071            15
           -5625.280  118421           139
           -5625.280  824126           287
           -5625.280  484501           163
           -5625.280  783165           170
           -5625.280  721392           768
           -5625.280  526324           178
           -5625.280  461866           722
           -5625.280  699834           723
           -5625.280  329127           185
           -5625.280  726035           191
           -5625.280  36714            201
           -5625.280  772131           407
           -5625.280  783102           433
           -5625.280  608849           224
           -5625.280  440841           118
           -5625.280  714455           476
           -5625.280  118438           601
           -5625.280  971853           402
           -5625.280  263221           447
           -5625.280  315029           471
           -5625.280  751054           117
           -5625.280  425982           485
           -5625.280  342019           301
           -5625.280  371246           101
           -5625.280  700349           401
           -5625.280  964570           701
           -5625.280  294669           501
           -5625.280  unperturbed      0



THE BEST LOGLIKELIHOOD VALUE HAS BEEN REPLICATED.  RERUN WITH AT LEAST TWICE THE
RANDOM STARTS TO CHECK THAT THE BEST LOGLIKELIHOOD IS STILL OBTAINED AND REPLICATED.


THE MODEL ESTIMATION TERMINATED NORMALLY



MODEL FIT INFORMATION

Number of Free Parameters                       12

Loglikelihood

          H0 Value                       -5625.280
          H0 Scaling Correction Factor      2.4778
            for MLR

Information Criteria

          Akaike (AIC)                   11274.560
          Bayesian (BIC)                 11334.531
          Sample-Size Adjusted BIC       11296.416
            (n* = (n + 2) / 24)



FINAL CLASS COUNTS AND PROPORTIONS FOR THE LATENT CLASSES
BASED ON THE ESTIMATED MODEL

    Latent
   Classes

       1        558.00000          0.51005
       2        536.00000          0.48995


MODEL RESULTS

                                                    Two-Tailed
                    Estimate       S.E.  Est./S.E.    P-Value

Latent Class 1 (1)

 I        |
    SCSF3B_5           1.000      0.000    999.000    999.000
    SCSF3B_6           1.000      0.000    999.000    999.000
    SCSF3B_7           1.000      0.000    999.000    999.000
    SCSF3B_8           1.000      0.000    999.000    999.000
    SCSF3B_10          1.000      0.000    999.000    999.000

 S        |
    SCSF3B_5           0.000      0.000    999.000    999.000
    SCSF3B_6           1.000      0.000    999.000    999.000
    SCSF3B_7           2.000      0.000    999.000    999.000
    SCSF3B_8           3.000      0.000    999.000    999.000
    SCSF3B_10          5.000      0.000    999.000    999.000

 S        WITH
    I                 -0.069      0.032     -2.175      0.030

 Means
    I                  4.131      0.082     50.303      0.000
    S                 -0.012      0.018     -0.640      0.522

 Intercepts
    SCSF3B_5           0.000      0.000    999.000    999.000
    SCSF3B_6           0.000      0.000    999.000    999.000
    SCSF3B_7           0.000      0.000    999.000    999.000
    SCSF3B_8           0.000      0.000    999.000    999.000
    SCSF3B_10          0.000      0.000    999.000    999.000

 Variances
    I                  1.140      0.148      7.724      0.000
    S                  0.025      0.013      1.876      0.061

 Residual Variances
    SCSF3B_5           0.424      0.029     14.415      0.000
    SCSF3B_6           0.424      0.029     14.415      0.000
    SCSF3B_7           0.424      0.029     14.415      0.000
    SCSF3B_8           0.424      0.029     14.415      0.000
    SCSF3B_10          0.424      0.029     14.415      0.000

Latent Class 2 (2)

 I        |
    SCSF3B_5           1.000      0.000    999.000    999.000
    SCSF3B_6           1.000      0.000    999.000    999.000
    SCSF3B_7           1.000      0.000    999.000    999.000
    SCSF3B_8           1.000      0.000    999.000    999.000
    SCSF3B_10          1.000      0.000    999.000    999.000

 S        |
    SCSF3B_5           0.000      0.000    999.000    999.000
    SCSF3B_6           1.000      0.000    999.000    999.000
    SCSF3B_7           2.000      0.000    999.000    999.000
    SCSF3B_8           3.000      0.000    999.000    999.000
    SCSF3B_10          5.000      0.000    999.000    999.000

 S        WITH
    I                 -0.033      0.019     -1.756      0.079

 Means
    I                  4.191      0.065     64.798      0.000
    S                  0.001      0.013      0.080      0.936

 Intercepts
    SCSF3B_5           0.000      0.000    999.000    999.000
    SCSF3B_6           0.000      0.000    999.000    999.000
    SCSF3B_7           0.000      0.000    999.000    999.000
    SCSF3B_8           0.000      0.000    999.000    999.000
    SCSF3B_10          0.000      0.000    999.000    999.000

 Variances
    I                  0.894      0.129      6.909      0.000
    S                  0.012      0.005      2.324      0.020

 Residual Variances
    SCSF3B_5           0.424      0.029     14.415      0.000
    SCSF3B_6           0.424      0.029     14.415      0.000
    SCSF3B_7           0.424      0.029     14.415      0.000
    SCSF3B_8           0.424      0.029     14.415      0.000
    SCSF3B_10          0.424      0.029     14.415      0.000

Categorical Latent Variables

 Means
    C#1                0.040      0.076      0.530      0.596


QUALITY OF NUMERICAL RESULTS

     Condition Number for the Information Matrix              0.561E-04
       (ratio of smallest to largest eigenvalue)


STANDARDIZED MODEL RESULTS


STDYX Standardization

                                                    Two-Tailed
                    Estimate       S.E.  Est./S.E.    P-Value

Latent Class 1 (1)

 I        |
    SCSF3B_5           0.854      0.018     47.452      0.000
    SCSF3B_6           0.887      0.028     31.277      0.000
    SCSF3B_7           0.907      0.038     23.691      0.000
    SCSF3B_8           0.912      0.045     20.421      0.000
    SCSF3B_10          0.874      0.057     15.358      0.000

 S        |
    SCSF3B_5           0.000      0.000    999.000    999.000
    SCSF3B_6           0.131      0.036      3.660      0.000
    SCSF3B_7           0.267      0.075      3.588      0.000
    SCSF3B_8           0.403      0.111      3.638      0.000
    SCSF3B_10          0.645      0.156      4.138      0.000

 S        WITH
    I                 -0.412      0.092     -4.469      0.000

 Means
    I                  3.869      0.308     12.553      0.000
    S                 -0.075      0.113     -0.663      0.507

 Intercepts
    SCSF3B_5           0.000      0.000    999.000    999.000
    SCSF3B_6           0.000      0.000    999.000    999.000
    SCSF3B_7           0.000      0.000    999.000    999.000
    SCSF3B_8           0.000      0.000    999.000    999.000
    SCSF3B_10          0.000      0.000    999.000    999.000

 Variances
    I                  1.000      0.000    999.000    999.000
    S                  1.000      0.000    999.000    999.000

 Residual Variances
    SCSF3B_5           0.271      0.031      8.831      0.000
    SCSF3B_6           0.293      0.030      9.726      0.000
    SCSF3B_7           0.306      0.030     10.191      0.000
    SCSF3B_8           0.309      0.030     10.422      0.000
    SCSF3B_10          0.285      0.035      8.125      0.000

Latent Class 2 (2)

 I        |
    SCSF3B_5           0.823      0.022     36.610      0.000
    SCSF3B_6           0.841      0.030     28.269      0.000
    SCSF3B_7           0.850      0.038     22.352      0.000
    SCSF3B_8           0.851      0.046     18.540      0.000
    SCSF3B_10          0.829      0.060     13.929      0.000

 S        |
    SCSF3B_5           0.000      0.000    999.000    999.000
    SCSF3B_6           0.099      0.022      4.513      0.000
    SCSF3B_7           0.200      0.045      4.454      0.000
    SCSF3B_8           0.301      0.067      4.472      0.000
    SCSF3B_10          0.488      0.103      4.744      0.000

 S        WITH
    I                 -0.311      0.130     -2.401      0.016

 Means
    I                  4.433      0.377     11.745      0.000
    S                  0.009      0.115      0.080      0.937

 Intercepts
    SCSF3B_5           0.000      0.000    999.000    999.000
    SCSF3B_6           0.000      0.000    999.000    999.000
    SCSF3B_7           0.000      0.000    999.000    999.000
    SCSF3B_8           0.000      0.000    999.000    999.000
    SCSF3B_10          0.000      0.000    999.000    999.000

 Variances
    I                  1.000      0.000    999.000    999.000
    S                  1.000      0.000    999.000    999.000

 Residual Variances
    SCSF3B_5           0.322      0.037      8.693      0.000
    SCSF3B_6           0.335      0.035      9.577      0.000
    SCSF3B_7           0.343      0.034     10.208      0.000
    SCSF3B_8           0.344      0.033     10.411      0.000
    SCSF3B_10          0.326      0.036      9.122      0.000


R-SQUARE

Class 1

    Observed                                        Two-Tailed
    Variable        Estimate       S.E.  Est./S.E.    P-Value

    SCSF3B_5           0.729      0.031     23.726      0.000
    SCSF3B_6           0.707      0.030     23.520      0.000
    SCSF3B_7           0.694      0.030     23.101      0.000
    SCSF3B_8           0.691      0.030     23.262      0.000
    SCSF3B_1           0.715      0.035     20.420      0.000

Class 2

    Observed                                        Two-Tailed
    Variable        Estimate       S.E.  Est./S.E.    P-Value

    SCSF3B_5           0.678      0.037     18.305      0.000
    SCSF3B_6           0.665      0.035     18.969      0.000
    SCSF3B_7           0.657      0.034     19.539      0.000
    SCSF3B_8           0.656      0.033     19.840      0.000
    SCSF3B_1           0.674      0.036     18.830      0.000


     Beginning Time:  15:01:34
        Ending Time:  15:01:41
       Elapsed Time:  00:00:07



MUTHEN & MUTHEN
3463 Stoner Ave.
Los Angeles, CA  90066

Tel: (310) 391-9971
Fax: (310) 391-8971
Web: www.StatModel.com
Support: Support@StatModel.com

Copyright (c) 1998-2021 Muthen & Muthen
