Mplus VERSION 8.7
MUTHEN & MUTHEN
11/08/2021   3:02 PM

INPUT INSTRUCTIONS

  TITLE: Your title goes here

   DATA: FILE = no_f2f_mm/data.dta;

   VARIABLE:

   NAMES = pidp gridmode mm hidp_5 hidp_6 hidp_7 hidp_8 hidp_9 hidp_10 indmode_5
       indmode_6 indmode_7 indmode_8 indmode_9 indmode_10 mode_type_all mode_type_no9
       mode_type_567 mode_type_7 all no9 p567 p7 switch_all switch_no9 switch_567
       switch_7 lkmove_5 xpmove_5 caruse_5 mobuse_5 netpuse_5 aidxhh_5 jbhas_5 j2has_5
       finnow_5 finfut_5 howlng_5 vote1_5 vote6_5 scsf1_5 scsf2a_5 scsf2b_5 scsf3a_5
       scsf3b_5 scsf4a_5 scsf4b_5 scsf5_5 scsf6a_5 scsf6b_5 scsf6c_5 scsf7_5 scghqa_5
       scghqb_5 scghqc_5 scghqd_5 scghqe_5 scghqf_5 scghqg_5 scghqh_5 scghqi_5
       scghqj_5 scghqk_5 scghql_5 lkmove_6 xpmove_6 caruse_6 mobuse_6 netpuse_6
       aidxhh_6 jbhas_6 j2has_6 finnow_6 finfut_6 howlng_6 vote1_6 vote6_6 scsf1_6
       scsf2a_6 scsf2b_6 scsf3a_6 scsf3b_6 scsf4a_6 scsf4b_6 scsf5_6 scsf6a_6 scsf6b_6
       scsf6c_6 scsf7_6 scghqa_6 scghqb_6 scghqc_6 scghqd_6 scghqe_6 scghqf_6 scghqg_6
       scghqh_6 scghqi_6 scghqj_6 scghqk_6 scghql_6 lkmove_7 xpmove_7 caruse_7
       mobuse_7 netpuse_7 smoker_7 aidxhh_7 jbhas_7 jbterm1_7 jbsemp_7 j2has_7
       fiyrdia_7 finnow_7 finfut_7 howlng_7 vote1_7 vote6_7 scsf2a_7 scsf2b_7 scsf3a_7
       scsf3b_7 scsf4a_7 scsf4b_7 scsf5_7 scsf6a_7 scsf6b_7 scsf6c_7 scsf7_7 scghqa_7
       scghqb_7 scghqc_7 scghqd_7 scghqe_7 scghqf_7 scghqg_7 scghqh_7 scghqi_7
       scghqj_7 scghqk_7 scghql_7 scsf1_7 lkmove_8 xpmove_8 caruse_8 mobuse_8
       netpuse_8 smoker_8 aidxhh_8 jbhas_8 jbterm1_8 jbsemp_8 j2has_8 fiyrdia_8
       finnow_8 finfut_8 scsf2a_8 scsf2b_8 scsf3a_8 scsf3b_8 scsf4a_8 scsf4b_8 scsf5_8
       scsf6a_8 scsf6b_8 scsf6c_8 scsf7_8 scghqa_8 scghqb_8 scghqc_8 scghqd_8 scghqe_8
       scghqf_8 scghqg_8 scghqh_8 scghqi_8 scghqj_8 scghqk_8 scghql_8 scsf1_8 mobuse_9
       netpuse_9 smoker_9 jbhas_9 jbterm1_9 jbsemp_9 j2has_9 fiyrdia_9 finnow_9
       finfut_9 lkmove_10 xpmove_10 mobuse_10 netpuse_10 smoker_10 aidxhh_10 jbhas_10
       jbterm1_10 jbsemp_10 j2has_10 fiyrdia_10 finnow_10 finfut_10 scsf1_10 scsf2a_10
       scsf2b_10 scsf3a_10 scsf3b_10 scsf4a_10 scsf4b_10 scsf5_10 scsf6a_10 scsf6b_10
       scsf6c_10 scsf7_10 scghqa_10 scghqb_10 scghqc_10 scghqd_10 scghqe_10 scghqf_10
       scghqg_10 scghqh_10 scghqi_10 scghqj_10 scghqk_10 scghql_10 edu agecat female
       partner sf1 longill london north urban refresh Higher A level GCSE Other age_35
       age_55 age_75 age_102 pred_all pred_no9 pred_p567 pred_p7 pred_all_w pred_no9_w
       pred_p567_w pred_p7_w;

   MISSING=.;

   USEVARIABLES ARE
   scsf4b_5
   scsf4b_6
   scsf4b_7
   scsf4b_8
   scsf4b_10;
   CLASSES = c(2);

    KNOWNCLASS = c(no9= 1 2);
  WEIGHT IS pred_no9_w;

   ANALYSIS:


      TYPE = MIXTURE;

      ESTIMATOR = MLR;

      ALGORITHM = INTEGRATION;

      Processors = 8(starts);

      STARTS = 800 200;

   Model:


      %OVERALL%

  i s | scsf4b_5@0 scsf4b_6@1 scsf4b_7@2 scsf4b_8@3 scsf4b_10@5;;

  scsf4b_5 (a);
   scsf4b_6 (a);
   scsf4b_7 (a);
   scsf4b_8 (a);
   scsf4b_10 (a);

   %c#1%
  [s] (a); s ;
   s WITH i ;
   i ;


   %c#2%
  [s] (a); s ;
   s WITH i ;
   i ;


   OUTPUT: SAMPSTAT;

                                  STDYX;




*** WARNING in VARIABLE command
  Note that only the first 8 characters of variable names are used in the output.
  Shorten variable names to avoid any confusion.
*** WARNING
  One or more observations has a value of 0 for the WEIGHT variable.  Consider using the
  SUBPOPULATION option to restrict the analysis to observations with a positive weight.
*** WARNING
  Data set contains unknown or missing values for variable NO9.
  This variable is used to determine the KNOWNCLASS specification.
  Number of such cases:  913
*** WARNING
  Data set contains cases with missing on all variables.
  These cases were not included in the analysis.
  Number of cases with missing on all variables:  48
   4 WARNING(S) FOUND IN THE INPUT INSTRUCTIONS



Your title goes here

SUMMARY OF ANALYSIS

Number of groups                                                 1
Number of observations                                        1096

Number of dependent variables                                    5
Number of independent variables                                  0
Number of continuous latent variables                            2
Number of categorical latent variables                           1

Observed dependent variables

  Continuous
   SCSF4B_5    SCSF4B_6    SCSF4B_7    SCSF4B_8    SCSF4B_10

Continuous latent variables
   I           S

Categorical latent variables
   C

  Knownclass            C

Variables with special functions

  Weight variable       PRED_NO9

Estimator                                                      MLR
Information matrix                                        OBSERVED
Optimization Specifications for the Quasi-Newton Algorithm for
Continuous Outcomes
  Maximum number of iterations                                 100
  Convergence criterion                                  0.100D-05
Optimization Specifications for the EM Algorithm
  Maximum number of iterations                                 500
  Convergence criteria
    Loglikelihood change                                 0.100D-02
    Relative loglikelihood change                        0.100D-05
    Derivative                                           0.100D-02
Optimization Specifications for the M step of the EM Algorithm for
Categorical Latent variables
  Number of M step iterations                                    1
  M step convergence criterion                           0.100D-02
  Basis for M step termination                           ITERATION
Optimization Specifications for the M step of the EM Algorithm for
Censored, Binary or Ordered Categorical (Ordinal), Unordered
Categorical (Nominal) and Count Outcomes
  Number of M step iterations                                    1
  M step convergence criterion                           0.100D-02
  Basis for M step termination                           ITERATION
  Maximum value for logit thresholds                            15
  Minimum value for logit thresholds                           -15
  Minimum expected cell size for chi-square              0.100D-01
Maximum number of iterations for H1                           2000
Convergence criterion for H1                             0.100D-03
Optimization algorithm                                         EMA
Integration Specifications
  Type                                                    STANDARD
  Number of integration points                                  15
  Dimensions of numerical integration                            0
  Adaptive quadrature                                           ON
Random Starts Specifications
  Number of initial stage random starts                        800
  Number of final stage optimizations                          200
  Number of initial stage iterations                            10
  Initial stage convergence criterion                    0.100D+01
  Random starts scale                                    0.500D+01
  Random seed for generating random starts                       0
Cholesky                                                       OFF

Input data file(s)
  no_f2f_mm/data.dta
Input data format  FREE


SUMMARY OF DATA

     Number of missing data patterns            31
     Number of y missing data patterns          31
     Number of u missing data patterns           0


COVARIANCE COVERAGE OF DATA

Minimum covariance coverage value   0.100


     PROPORTION OF DATA PRESENT FOR Y


           Covariance Coverage
              SCSF4B_5      SCSF4B_6      SCSF4B_7      SCSF4B_8      SCSF4B_1
              ________      ________      ________      ________      ________
 SCSF4B_5       0.505
 SCSF4B_6       0.391         0.589
 SCSF4B_7       0.370         0.469         0.676
 SCSF4B_8       0.356         0.458         0.559         0.681
 SCSF4B_1       0.317         0.405         0.480         0.525         0.630


SAMPLE STATISTICS


     ESTIMATED SAMPLE STATISTICS FOR CLASS 1


           Means
              SCSF4B_5      SCSF4B_6      SCSF4B_7      SCSF4B_8      SCSF4B_1
              ________      ________      ________      ________      ________
                4.322         4.370         4.429         4.480         4.277


           Covariances
              SCSF4B_5      SCSF4B_6      SCSF4B_7      SCSF4B_8      SCSF4B_1
              ________      ________      ________      ________      ________
 SCSF4B_5       1.066
 SCSF4B_6       0.787         1.015
 SCSF4B_7       0.356         0.363         0.851
 SCSF4B_8       0.290         0.367         0.432         0.662
 SCSF4B_1       0.383         0.432         0.460         0.308         1.177


           Correlations
              SCSF4B_5      SCSF4B_6      SCSF4B_7      SCSF4B_8      SCSF4B_1
              ________      ________      ________      ________      ________
 SCSF4B_5       1.000
 SCSF4B_6       0.757         1.000
 SCSF4B_7       0.374         0.390         1.000
 SCSF4B_8       0.345         0.448         0.576         1.000
 SCSF4B_1       0.342         0.395         0.460         0.348         1.000


     ESTIMATED SAMPLE STATISTICS FOR CLASS 2


           Means
              SCSF4B_5      SCSF4B_6      SCSF4B_7      SCSF4B_8      SCSF4B_1
              ________      ________      ________      ________      ________
                4.438         4.376         4.565         4.538         4.393


           Covariances
              SCSF4B_5      SCSF4B_6      SCSF4B_7      SCSF4B_8      SCSF4B_1
              ________      ________      ________      ________      ________
 SCSF4B_5       0.786
 SCSF4B_6       0.325         0.883
 SCSF4B_7       0.279         0.315         0.641
 SCSF4B_8       0.292         0.339         0.283         0.666
 SCSF4B_1       0.386         0.450         0.424         0.460         1.012


           Correlations
              SCSF4B_5      SCSF4B_6      SCSF4B_7      SCSF4B_8      SCSF4B_1
              ________      ________      ________      ________      ________
 SCSF4B_5       1.000
 SCSF4B_6       0.390         1.000
 SCSF4B_7       0.394         0.418         1.000
 SCSF4B_8       0.403         0.443         0.432         1.000
 SCSF4B_1       0.432         0.475         0.526         0.560         1.000


UNIVARIATE SAMPLE STATISTICS


     UNIVARIATE HIGHER-ORDER MOMENT DESCRIPTIVE STATISTICS

         Variable/         Mean/     Skewness/   Minimum/ % with                Percentiles
        Sample Size      Variance    Kurtosis    Maximum  Min/Max      20%/60%    40%/80%    Median

     SCSF4B_5              4.393      -1.404       1.000    0.54%       4.000      5.000      5.000
             553.000       0.901       0.873       5.000   67.81%       5.000      5.000
     SCSF4B_6              4.413      -1.636       1.000    1.24%       4.000      5.000      5.000
             645.000       0.904       2.091       5.000   66.82%       5.000      5.000
     SCSF4B_7              4.521      -1.885       1.000    0.81%       4.000      5.000      5.000
             741.000       0.719       3.246       5.000   70.18%       5.000      5.000
     SCSF4B_8              4.531      -1.768       1.000    0.67%       4.000      5.000      5.000
             746.000       0.646       2.760       5.000   69.57%       5.000      5.000
     SCSF4B_10             4.362      -1.592       1.000    2.60%       4.000      5.000      5.000
             691.000       1.085       1.619       5.000   66.43%       5.000      5.000

RANDOM STARTS RESULTS RANKED FROM THE BEST TO THE WORST LOGLIKELIHOOD VALUES

Final stage loglikelihood values at local maxima, seeds, and initial stage start numbers:

           -5737.847  232559           136
           -5737.847  443442           380
           -5737.847  887580           493
           -5737.847  534193           689
           -5737.847  505244           582
           -5737.847  891531           206
           -5737.847  579138           706
           -5737.847  902278           21
           -5737.847  471398           74
           -5737.847  696773           80
           -5737.847  120506           45
           -5737.847  922042           492
           -5737.847  783110           72
           -5737.847  851945           18
           -5737.847  999211           628
           -5737.847  297518           166
           -5737.847  988761           475
           -5737.847  736574           414
           -5737.847  762461           425
           -5737.847  888905           444
           -5737.847  178475           231
           -5737.847  416463           467
           -5737.847  978061           488
           -5737.847  425929           508
           -5737.847  995249           525
           -5737.847  506886           576
           -5737.847  793487           595
           -5737.847  404042           675
           -5737.847  23012            352
           -5737.847  407108           366
           -5737.847  813779           92
           -5737.847  655497           376
           -5737.847  137305           379
           -5737.847  112586           494
           -5737.847  475420           71
           -5737.847  354559           73
           -5737.847  459221           652
           -5737.847  915642           40
           -5737.847  666720           671
           -5737.847  722748           346
           -5737.847  860772           174
           -5737.847  132336           362
           -5737.847  926797           406
           -5737.847  464179           106
           -5737.847  66276            217
           -5737.847  629320           222
           -5737.847  39136            226
           -5737.847  595153           230
           -5737.847  69413            472
           -5737.847  432148           30
           -5737.847  489927           520
           -5737.847  897782           545
           -5737.847  220454           288
           -5737.847  863094           147
           -5737.847  606576           151
           -5737.847  192191           629
           -5737.847  544048           87
           -5737.847  836066           372
           -5737.847  17359            227
           -5737.847  170118           238
           -5737.847  804561           59
           -5737.847  425982           485
           -5737.847  804660           260
           -5737.847  247912           537
           -5737.847  688839           273
           -5737.847  282464           283
           -5737.847  641794           591
           -5737.847  351807           617
           -5737.847  204959           695
           -5737.847  441191           361
           -5737.847  777045           377
           -5737.847  860029           760
           -5737.847  496881           192
           -5737.847  416250           390
           -5737.847  440368           797
           -5737.847  965639           463
           -5737.847  650371           14
           -5737.847  794236           127
           -5737.847  314034           513
           -5737.847  164305           128
           -5737.847  311214           64
           -5737.847  438144           271
           -5737.847  519357           559
           -5737.847  341041           34
           -5737.847  650354           577
           -5737.847  377504           294
           -5737.847  957392           79
           -5737.847  284109           82
           -5737.847  724519           333
           -5737.847  350608           334
           -5737.847  856612           700
           -5737.847  312587           775
           -5737.847  971853           402
           -5737.847  181293           212
           -5737.847  535804           111
           -5737.847  879211           453
           -5737.847  224950           455
           -5737.847  576220           115
           -5737.847  790059           469
           -5737.847  147440           514
           -5737.847  351622           551
           -5737.847  597614           284
           -5737.847  117731           570
           -5737.847  22089            143
           -5737.847  910224           580
           -5737.847  158612           581
           -5737.847  313306           612
           -5737.847  76337            76
           -5737.847  798839           312
           -5737.847  414828           322
           -5737.847  22075            659
           -5737.847  780698           337
           -5737.847  35191            703
           -5737.847  46502            714
           -5737.847  833196           715
           -5737.847  91231            727
           -5737.847  478341           731
           -5737.847  3307             735
           -5737.847  496710           386
           -5737.847  355254           796
           -5737.847  30098            209
           -5737.847  364676           27
           -5737.847  551639           55
           -5737.847  714455           476
           -5737.847  7959             256
           -5737.847  140849           515
           -5737.847  814975           129
           -5737.847  349263           263
           -5737.847  830292           527
           -5737.847  742609           531
           -5737.847  760531           550
           -5737.847  264935           281
           -5737.847  285380           1
           -5737.847  51375            148
           -5737.847  507218           613
           -5737.847  752476           614
           -5737.847  972873           157
           -5737.847  614009           317
           -5737.847  92091            649
           -5737.847  617658           660
           -5737.847  195763           358
           -5737.847  717754           180
           -5737.847  22362            365
           -5737.847  348637           749
           -5737.847  621542           375
           -5737.847  318230           46
           -5737.847  202790           198
           -5737.847  576596           99
           -5737.847  772131           407
           -5737.847  153394           429
           -5737.847  404510           442
           -5737.847  502532           445
           -5737.847  267983           228
           -5737.847  156536           245
           -5737.847  67009            564
           -5737.847  694303           282
           -5737.847  580405           286
           -5737.847  333082           578
           -5737.847  209031           632
           -5737.847  97300            640
           -5737.847  942358           644
           -5737.847  278661           674
           -5737.847  488581           688
           -5737.847  702492           718
           -5737.847  58507            793
           -5737.847  960438           116
           -5737.847  715561           125
           -5737.847  468036           131
           -5737.847  944186           541
           -5737.847  741888           138
           -5737.847  118421           139
           -5737.847  695155           150
           -5737.847  692169           308
           -5737.847  34346            330
           -5737.847  349562           359
           -5737.847  609185           181
           -5737.847  760850           739
           -5737.847  318177           748
           -5737.847  501995           791
           -5737.847  918558           412
           -5737.847  402699           604
           -5737.847  920593           611
           -5737.847  442072           625
           -5737.847  294811           637
           -5737.847  926762           704
           -5737.847  476393           705
           -5737.847  462821           745
           -5737.847  847088           750
           -5737.847  791285           416
           -5737.847  114433           708
           -5737.847  177936           726
           -5737.847  326091           759
           -5737.847  unperturbed      0
           -5737.847  294669           501
           -5737.847  342019           301
           -5737.847  36714            201
           -5737.847  964570           701
           -5737.847  118438           601
           -5737.847  700349           401
           -5737.847  371246           101



THE BEST LOGLIKELIHOOD VALUE HAS BEEN REPLICATED.  RERUN WITH AT LEAST TWICE THE
RANDOM STARTS TO CHECK THAT THE BEST LOGLIKELIHOOD IS STILL OBTAINED AND REPLICATED.


THE MODEL ESTIMATION TERMINATED NORMALLY



MODEL FIT INFORMATION

Number of Free Parameters                       10

Loglikelihood

          H0 Value                       -5737.847
          H0 Scaling Correction Factor      2.8522
            for MLR

Information Criteria

          Akaike (AIC)                   11495.694
          Bayesian (BIC)                 11545.689
          Sample-Size Adjusted BIC       11513.926
            (n* = (n + 2) / 24)



FINAL CLASS COUNTS AND PROPORTIONS FOR THE LATENT CLASSES
BASED ON THE ESTIMATED MODEL

    Latent
   Classes

       1        559.00000          0.51004
       2        537.00000          0.48996


MODEL RESULTS

                                                    Two-Tailed
                    Estimate       S.E.  Est./S.E.    P-Value

Latent Class 1 (1)

 I        |
    SCSF4B_5           1.000      0.000    999.000    999.000
    SCSF4B_6           1.000      0.000    999.000    999.000
    SCSF4B_7           1.000      0.000    999.000    999.000
    SCSF4B_8           1.000      0.000    999.000    999.000
    SCSF4B_10          1.000      0.000    999.000    999.000

 S        |
    SCSF4B_5           0.000      0.000    999.000    999.000
    SCSF4B_6           1.000      0.000    999.000    999.000
    SCSF4B_7           2.000      0.000    999.000    999.000
    SCSF4B_8           3.000      0.000    999.000    999.000
    SCSF4B_10          5.000      0.000    999.000    999.000

 S        WITH
    I                 -0.290      0.054     -5.385      0.000

 Means
    I                  3.859      0.081     47.751      0.000
    S                  0.278      0.018     15.766      0.000

 Intercepts
    SCSF4B_5           0.000      0.000    999.000    999.000
    SCSF4B_6           0.000      0.000    999.000    999.000
    SCSF4B_7           0.000      0.000    999.000    999.000
    SCSF4B_8           0.000      0.000    999.000    999.000
    SCSF4B_10          0.000      0.000    999.000    999.000

 Variances
    I                  1.088      0.148      7.331      0.000
    S                  0.137      0.025      5.549      0.000

 Residual Variances
    SCSF4B_5           0.278      0.018     15.766      0.000
    SCSF4B_6           0.278      0.018     15.766      0.000
    SCSF4B_7           0.278      0.018     15.766      0.000
    SCSF4B_8           0.278      0.018     15.766      0.000
    SCSF4B_10          0.278      0.018     15.766      0.000

Latent Class 2 (2)

 I        |
    SCSF4B_5           1.000      0.000    999.000    999.000
    SCSF4B_6           1.000      0.000    999.000    999.000
    SCSF4B_7           1.000      0.000    999.000    999.000
    SCSF4B_8           1.000      0.000    999.000    999.000
    SCSF4B_10          1.000      0.000    999.000    999.000

 S        |
    SCSF4B_5           0.000      0.000    999.000    999.000
    SCSF4B_6           1.000      0.000    999.000    999.000
    SCSF4B_7           2.000      0.000    999.000    999.000
    SCSF4B_8           3.000      0.000    999.000    999.000
    SCSF4B_10          5.000      0.000    999.000    999.000

 S        WITH
    I                 -0.179      0.031     -5.683      0.000

 Means
    I                  3.996      0.074     53.984      0.000
    S                  0.278      0.018     15.766      0.000

 Intercepts
    SCSF4B_5           0.000      0.000    999.000    999.000
    SCSF4B_6           0.000      0.000    999.000    999.000
    SCSF4B_7           0.000      0.000    999.000    999.000
    SCSF4B_8           0.000      0.000    999.000    999.000
    SCSF4B_10          0.000      0.000    999.000    999.000

 Variances
    I                  0.682      0.097      7.007      0.000
    S                  0.103      0.013      7.723      0.000

 Residual Variances
    SCSF4B_5           0.278      0.018     15.766      0.000
    SCSF4B_6           0.278      0.018     15.766      0.000
    SCSF4B_7           0.278      0.018     15.766      0.000
    SCSF4B_8           0.278      0.018     15.766      0.000
    SCSF4B_10          0.278      0.018     15.766      0.000

Categorical Latent Variables

 Means
    C#1                0.040      0.076      0.529      0.597


QUALITY OF NUMERICAL RESULTS

     Condition Number for the Information Matrix              0.514E-03
       (ratio of smallest to largest eigenvalue)


STANDARDIZED MODEL RESULTS


STDYX Standardization

                                                    Two-Tailed
                    Estimate       S.E.  Est./S.E.    P-Value

Latent Class 1 (1)

 I        |
    SCSF4B_5           0.893      0.011     78.033      0.000
    SCSF4B_6           1.086      0.038     28.947      0.000
    SCSF4B_7           1.203      0.079     15.218      0.000
    SCSF4B_8           1.128      0.096     11.741      0.000
    SCSF4B_10          0.760      0.074     10.281      0.000

 S        |
    SCSF4B_5           0.000      0.000    999.000    999.000
    SCSF4B_6           0.385      0.038     10.211      0.000
    SCSF4B_7           0.853      0.093      9.166      0.000
    SCSF4B_8           1.200      0.116     10.339      0.000
    SCSF4B_10          1.347      0.077     17.410      0.000

 S        WITH
    I                 -0.752      0.053    -14.218      0.000

 Means
    I                  3.700      0.318     11.645      0.000
    S                  0.750      0.055     13.591      0.000

 Intercepts
    SCSF4B_5           0.000      0.000    999.000    999.000
    SCSF4B_6           0.000      0.000    999.000    999.000
    SCSF4B_7           0.000      0.000    999.000    999.000
    SCSF4B_8           0.000      0.000    999.000    999.000
    SCSF4B_10          0.000      0.000    999.000    999.000

 Variances
    I                  1.000      0.000    999.000    999.000
    S                  1.000      0.000    999.000    999.000

 Residual Variances
    SCSF4B_5           0.203      0.020      9.951      0.000
    SCSF4B_6           0.301      0.031      9.588      0.000
    SCSF4B_7           0.369      0.043      8.590      0.000
    SCSF4B_8           0.324      0.039      8.291      0.000
    SCSF4B_10          0.147      0.020      7.206      0.000

Latent Class 2 (2)

 I        |
    SCSF4B_5           0.843      0.017     48.901      0.000
    SCSF4B_6           0.984      0.040     24.896      0.000
    SCSF4B_7           1.020      0.080     12.742      0.000
    SCSF4B_8           0.917      0.100      9.132      0.000
    SCSF4B_10          0.626      0.077      8.127      0.000

 S        |
    SCSF4B_5           0.000      0.000    999.000    999.000
    SCSF4B_6           0.382      0.026     14.489      0.000
    SCSF4B_7           0.793      0.051     15.657      0.000
    SCSF4B_8           1.068      0.068     15.746      0.000
    SCSF4B_10          1.215      0.066     18.339      0.000

 S        WITH
    I                 -0.676      0.064    -10.518      0.000

 Means
    I                  4.839      0.426     11.352      0.000
    S                  0.865      0.043     20.053      0.000

 Intercepts
    SCSF4B_5           0.000      0.000    999.000    999.000
    SCSF4B_6           0.000      0.000    999.000    999.000
    SCSF4B_7           0.000      0.000    999.000    999.000
    SCSF4B_8           0.000      0.000    999.000    999.000
    SCSF4B_10          0.000      0.000    999.000    999.000

 Variances
    I                  1.000      0.000    999.000    999.000
    S                  1.000      0.000    999.000    999.000

 Residual Variances
    SCSF4B_5           0.289      0.029      9.952      0.000
    SCSF4B_6           0.394      0.033     11.992      0.000
    SCSF4B_7           0.424      0.036     11.908      0.000
    SCSF4B_8           0.342      0.041      8.439      0.000
    SCSF4B_10          0.159      0.022      7.208      0.000


R-SQUARE

Class 1

    Observed                                        Two-Tailed
    Variable        Estimate       S.E.  Est./S.E.    P-Value

    SCSF4B_5           0.797      0.020     39.016      0.000
    SCSF4B_6           0.699      0.031     22.267      0.000
    SCSF4B_7           0.631      0.043     14.687      0.000
    SCSF4B_8           0.676      0.039     17.274      0.000
    SCSF4B_1           0.853      0.020     41.715      0.000

Class 2

    Observed                                        Two-Tailed
    Variable        Estimate       S.E.  Est./S.E.    P-Value

    SCSF4B_5           0.711      0.029     24.451      0.000
    SCSF4B_6           0.606      0.033     18.439      0.000
    SCSF4B_7           0.576      0.036     16.200      0.000
    SCSF4B_8           0.658      0.041     16.243      0.000
    SCSF4B_1           0.841      0.022     38.051      0.000


     Beginning Time:  15:02:43
        Ending Time:  15:02:49
       Elapsed Time:  00:00:06



MUTHEN & MUTHEN
3463 Stoner Ave.
Los Angeles, CA  90066

Tel: (310) 391-9971
Fax: (310) 391-8971
Web: www.StatModel.com
Support: Support@StatModel.com

Copyright (c) 1998-2021 Muthen & Muthen
