Mplus VERSION 8.7
MUTHEN & MUTHEN
11/08/2021  12:14 PM

INPUT INSTRUCTIONS

  TITLE: Your title goes here

   DATA: FILE = no_f2f_mm/data.dta;

   VARIABLE:

   NAMES = pidp gridmode mm hidp_5 hidp_6 hidp_7 hidp_8 hidp_9 hidp_10 indmode_5
       indmode_6 indmode_7 indmode_8 indmode_9 indmode_10 mode_type_all mode_type_no9
       mode_type_567 mode_type_7 all no9 p567 p7 switch_all switch_no9 switch_567
       switch_7 lkmove_5 xpmove_5 caruse_5 mobuse_5 netpuse_5 aidxhh_5 jbhas_5 j2has_5
       finnow_5 finfut_5 howlng_5 vote1_5 vote6_5 scsf1_5 scsf2a_5 scsf2b_5 scsf3a_5
       scsf3b_5 scsf4a_5 scsf4b_5 scsf5_5 scsf6a_5 scsf6b_5 scsf6c_5 scsf7_5 scghqa_5
       scghqb_5 scghqc_5 scghqd_5 scghqe_5 scghqf_5 scghqg_5 scghqh_5 scghqi_5
       scghqj_5 scghqk_5 scghql_5 lkmove_6 xpmove_6 caruse_6 mobuse_6 netpuse_6
       aidxhh_6 jbhas_6 j2has_6 finnow_6 finfut_6 howlng_6 vote1_6 vote6_6 scsf1_6
       scsf2a_6 scsf2b_6 scsf3a_6 scsf3b_6 scsf4a_6 scsf4b_6 scsf5_6 scsf6a_6 scsf6b_6
       scsf6c_6 scsf7_6 scghqa_6 scghqb_6 scghqc_6 scghqd_6 scghqe_6 scghqf_6 scghqg_6
       scghqh_6 scghqi_6 scghqj_6 scghqk_6 scghql_6 lkmove_7 xpmove_7 caruse_7
       mobuse_7 netpuse_7 smoker_7 aidxhh_7 jbhas_7 jbterm1_7 jbsemp_7 j2has_7
       fiyrdia_7 finnow_7 finfut_7 howlng_7 vote1_7 vote6_7 scsf2a_7 scsf2b_7 scsf3a_7
       scsf3b_7 scsf4a_7 scsf4b_7 scsf5_7 scsf6a_7 scsf6b_7 scsf6c_7 scsf7_7 scghqa_7
       scghqb_7 scghqc_7 scghqd_7 scghqe_7 scghqf_7 scghqg_7 scghqh_7 scghqi_7
       scghqj_7 scghqk_7 scghql_7 scsf1_7 lkmove_8 xpmove_8 caruse_8 mobuse_8
       netpuse_8 smoker_8 aidxhh_8 jbhas_8 jbterm1_8 jbsemp_8 j2has_8 fiyrdia_8
       finnow_8 finfut_8 scsf2a_8 scsf2b_8 scsf3a_8 scsf3b_8 scsf4a_8 scsf4b_8 scsf5_8
       scsf6a_8 scsf6b_8 scsf6c_8 scsf7_8 scghqa_8 scghqb_8 scghqc_8 scghqd_8 scghqe_8
       scghqf_8 scghqg_8 scghqh_8 scghqi_8 scghqj_8 scghqk_8 scghql_8 scsf1_8 mobuse_9
       netpuse_9 smoker_9 jbhas_9 jbterm1_9 jbsemp_9 j2has_9 fiyrdia_9 finnow_9
       finfut_9 lkmove_10 xpmove_10 mobuse_10 netpuse_10 smoker_10 aidxhh_10 jbhas_10
       jbterm1_10 jbsemp_10 j2has_10 fiyrdia_10 finnow_10 finfut_10 scsf1_10 scsf2a_10
       scsf2b_10 scsf3a_10 scsf3b_10 scsf4a_10 scsf4b_10 scsf5_10 scsf6a_10 scsf6b_10
       scsf6c_10 scsf7_10 scghqa_10 scghqb_10 scghqc_10 scghqd_10 scghqe_10 scghqf_10
       scghqg_10 scghqh_10 scghqi_10 scghqj_10 scghqk_10 scghql_10 edu agecat female
       partner sf1 longill london north urban refresh Higher A level GCSE Other age_35
       age_55 age_75 age_102 pred_all pred_no9 pred_p567 pred_p7 pred_all_w pred_no9_w
       pred_p567_w pred_p7_w;

   MISSING=.;

   USEVARIABLES ARE
   scghqd_5
   scghqd_6
   scghqd_7
   scghqd_8
   scghqd_10;

   CATEGORICAL ARE
   scghqd_5
   scghqd_6
   scghqd_7
   scghqd_8
   scghqd_10;
   CLASSES = c(2);

    KNOWNCLASS = c(no9= 1 2);
  WEIGHT IS pred_no9_w;

   ANALYSIS:


      TYPE = MIXTURE;

      ESTIMATOR = MLR;

      ALGORITHM = INTEGRATION;

      Processors = 8(starts);

      STARTS = 800 200;

   Model:


      %OVERALL%

  i s | scghqd_5@0 scghqd_6@1 scghqd_7@2 scghqd_8@3 scghqd_10@5;
   %c#1%
  [s] (a);
   s (b);
   s WITH i ;
   i ;

   %c#2%
  [s] (a);
   s (b);
   s WITH i ;
   i ;

   OUTPUT: SAMPSTAT;

                                  STDYX;




*** WARNING in VARIABLE command
  Note that only the first 8 characters of variable names are used in the output.
  Shorten variable names to avoid any confusion.
*** WARNING
  One or more observations has a value of 0 for the WEIGHT variable.  Consider using the
  SUBPOPULATION option to restrict the analysis to observations with a positive weight.
*** WARNING
  Data set contains unknown or missing values for variable NO9.
  This variable is used to determine the KNOWNCLASS specification.
  Number of such cases:  913
*** WARNING
  Data set contains cases with missing on all variables.
  These cases were not included in the analysis.
  Number of cases with missing on all variables:  43
   4 WARNING(S) FOUND IN THE INPUT INSTRUCTIONS



Your title goes here

SUMMARY OF ANALYSIS

Number of groups                                                 1
Number of observations                                        1101

Number of dependent variables                                    5
Number of independent variables                                  0
Number of continuous latent variables                            2
Number of categorical latent variables                           1

Observed dependent variables

  Binary and ordered categorical (ordinal)
   SCGHQD_5    SCGHQD_6    SCGHQD_7    SCGHQD_8    SCGHQD_1

Continuous latent variables
   I           S

Categorical latent variables
   C

  Knownclass            C

Variables with special functions

  Weight variable       PRED_NO9

Estimator                                                      MLR
Information matrix                                        OBSERVED
Optimization Specifications for the Quasi-Newton Algorithm for
Continuous Outcomes
  Maximum number of iterations                                 100
  Convergence criterion                                  0.100D-05
Optimization Specifications for the EM Algorithm
  Maximum number of iterations                                 500
  Convergence criteria
    Loglikelihood change                                 0.100D-02
    Relative loglikelihood change                        0.100D-05
    Derivative                                           0.100D-02
Optimization Specifications for the M step of the EM Algorithm for
Categorical Latent variables
  Number of M step iterations                                    1
  M step convergence criterion                           0.100D-02
  Basis for M step termination                           ITERATION
Optimization Specifications for the M step of the EM Algorithm for
Censored, Binary or Ordered Categorical (Ordinal), Unordered
Categorical (Nominal) and Count Outcomes
  Number of M step iterations                                    1
  M step convergence criterion                           0.100D-02
  Basis for M step termination                           ITERATION
  Maximum value for logit thresholds                            15
  Minimum value for logit thresholds                           -15
  Minimum expected cell size for chi-square              0.100D-01
Maximum number of iterations for H1                           2000
Convergence criterion for H1                             0.100D-03
Optimization algorithm                                         EMA
Integration Specifications
  Type                                                    STANDARD
  Number of integration points                                  15
  Dimensions of numerical integration                            2
  Adaptive quadrature                                           ON
Random Starts Specifications
  Number of initial stage random starts                        800
  Number of final stage optimizations                          200
  Number of initial stage iterations                            10
  Initial stage convergence criterion                    0.100D+01
  Random starts scale                                    0.500D+01
  Random seed for generating random starts                       0
Link                                                         LOGIT
Cholesky                                                        ON

Input data file(s)
  no_f2f_mm/data.dta
Input data format  FREE


SUMMARY OF DATA

     Number of missing data patterns            31
     Number of y missing data patterns           0
     Number of u missing data patterns          31


COVARIANCE COVERAGE OF DATA

Minimum covariance coverage value   0.100


     PROPORTION OF DATA PRESENT FOR U


           Covariance Coverage
              SCGHQD_5      SCGHQD_6      SCGHQD_7      SCGHQD_8      SCGHQD_1
              ________      ________      ________      ________      ________
 SCGHQD_5       0.506
 SCGHQD_6       0.393         0.588
 SCGHQD_7       0.370         0.467         0.674
 SCGHQD_8       0.354         0.456         0.556         0.676
 SCGHQD_1       0.322         0.411         0.483         0.532         0.642


UNIVARIATE PROPORTIONS AND COUNTS FOR CATEGORICAL VARIABLES

    SCGHQD_5
      Category 1    0.050           35.428
      Category 2    0.860          610.036
      Category 3    0.074           52.190
      Category 4    0.017           12.086
    SCGHQD_6
      Category 1    0.055           46.130
      Category 2    0.847          710.201
      Category 3    0.088           73.969
      Category 4    0.009            7.831
    SCGHQD_7
      Category 1    0.054           42.275
      Category 2    0.872          678.407
      Category 3    0.057           44.523
      Category 4    0.016           12.519
    SCGHQD_8
      Category 1    0.077           55.937
      Category 2    0.836          610.631
      Category 3    0.076           55.855
      Category 4    0.011            8.065
    SCGHQD_1
      Category 1    0.032           21.084
      Category 2    0.873          576.864
      Category 3    0.079           51.896
      Category 4    0.017           10.919


SAMPLE STATISTICS

RANDOM STARTS RESULTS RANKED FROM THE BEST TO THE WORST LOGLIKELIHOOD VALUES

Final stage loglikelihood values at local maxima, seeds, and initial stage start numbers:

           -2682.238  360419           356

Unperturbed starting value run did not converge or was rejected in the third stage.

198 perturbed starting value run(s) did not converge or were rejected in the third stage.



     WARNING:  THE BEST LOGLIKELIHOOD VALUE WAS NOT REPLICATED.  THE
     SOLUTION MAY NOT BE TRUSTWORTHY DUE TO LOCAL MAXIMA.  INCREASE THE
     NUMBER OF RANDOM STARTS.


THE MODEL ESTIMATION TERMINATED NORMALLY



MODEL FIT INFORMATION

Number of Free Parameters                       11

Loglikelihood

          H0 Value                       -2682.238
          H0 Scaling Correction Factor      1.6351
            for MLR

Information Criteria

          Akaike (AIC)                    5386.476
          Bayesian (BIC)                  5441.519
          Sample-Size Adjusted BIC        5406.581
            (n* = (n + 2) / 24)

Chi-Square Test of Model Fit for the Binary and Ordered Categorical
(Ordinal) Outcomes**

          Pearson Chi-Square

          Value                           1180.148
          Degrees of Freedom                  2019
          P-Value                           1.0000

          Likelihood Ratio Chi-Square

          Value                            562.054
          Degrees of Freedom                  2019
          P-Value                           1.0000

** Of the 3124 cells in the latent class indicator table, 8
   were deleted in the calculation of chi-square due to extreme values.

Chi-Square Test for MCAR under the Unrestricted Latent Class Indicator Model

          Pearson Chi-Square

          Value                           1549.253
          Degrees of Freedom                  4139
          P-Value                           1.0000

          Likelihood Ratio Chi-Square

          Value                           1167.783
          Degrees of Freedom                  4139
          P-Value                           1.0000



FINAL CLASS COUNTS AND PROPORTIONS FOR THE LATENT CLASSES
BASED ON THE ESTIMATED MODEL

    Latent
   Classes

       1        562.00000          0.51045
       2        539.00000          0.48955


MODEL RESULTS

                                                    Two-Tailed
                    Estimate       S.E.  Est./S.E.    P-Value

Latent Class 1 (1)

 I        |
    SCGHQD_5           1.000      0.000    999.000    999.000
    SCGHQD_6           1.000      0.000    999.000    999.000
    SCGHQD_7           1.000      0.000    999.000    999.000
    SCGHQD_8           1.000      0.000    999.000    999.000
    SCGHQD_10          1.000      0.000    999.000    999.000

 S        |
    SCGHQD_5           0.000      0.000    999.000    999.000
    SCGHQD_6           1.000      0.000    999.000    999.000
    SCGHQD_7           2.000      0.000    999.000    999.000
    SCGHQD_8           3.000      0.000    999.000    999.000
    SCGHQD_10          5.000      0.000    999.000    999.000

 S        WITH
    I                 -0.074      0.061     -1.214      0.225

 Means
    I                  0.018      0.187      0.099      0.921
    S                  0.016      0.032      0.493      0.622

 Thresholds
    SCGHQD_5$1        -3.699      0.216    -17.110      0.000
    SCGHQD_5$2         3.121      0.187     16.721      0.000
    SCGHQD_5$3         5.354      0.321     16.657      0.000
    SCGHQD_6$1        -3.699      0.216    -17.110      0.000
    SCGHQD_6$2         3.121      0.187     16.721      0.000
    SCGHQD_6$3         5.354      0.321     16.657      0.000
    SCGHQD_7$1        -3.699      0.216    -17.110      0.000
    SCGHQD_7$2         3.121      0.187     16.721      0.000
    SCGHQD_7$3         5.354      0.321     16.657      0.000
    SCGHQD_8$1        -3.699      0.216    -17.110      0.000
    SCGHQD_8$2         3.121      0.187     16.721      0.000
    SCGHQD_8$3         5.354      0.321     16.657      0.000
    SCGHQD_1$1        -3.699      0.216    -17.110      0.000
    SCGHQD_1$2         3.121      0.187     16.721      0.000
    SCGHQD_1$3         5.354      0.321     16.657      0.000

 Variances
    I                  2.371      0.674      3.519      0.000
    S                  0.002      0.003      0.694      0.488

Latent Class 2 (2)

 I        |
    SCGHQD_5           1.000      0.000    999.000    999.000
    SCGHQD_6           1.000      0.000    999.000    999.000
    SCGHQD_7           1.000      0.000    999.000    999.000
    SCGHQD_8           1.000      0.000    999.000    999.000
    SCGHQD_10          1.000      0.000    999.000    999.000

 S        |
    SCGHQD_5           0.000      0.000    999.000    999.000
    SCGHQD_6           1.000      0.000    999.000    999.000
    SCGHQD_7           2.000      0.000    999.000    999.000
    SCGHQD_8           3.000      0.000    999.000    999.000
    SCGHQD_10          5.000      0.000    999.000    999.000

 S        WITH
    I                  0.017      0.065      0.266      0.790

 Means
    I                  0.000      0.000    999.000    999.000
    S                  0.016      0.032      0.493      0.622

 Thresholds
    SCGHQD_5$1        -3.699      0.216    -17.110      0.000
    SCGHQD_5$2         3.121      0.187     16.721      0.000
    SCGHQD_5$3         5.354      0.321     16.657      0.000
    SCGHQD_6$1        -3.699      0.216    -17.110      0.000
    SCGHQD_6$2         3.121      0.187     16.721      0.000
    SCGHQD_6$3         5.354      0.321     16.657      0.000
    SCGHQD_7$1        -3.699      0.216    -17.110      0.000
    SCGHQD_7$2         3.121      0.187     16.721      0.000
    SCGHQD_7$3         5.354      0.321     16.657      0.000
    SCGHQD_8$1        -3.699      0.216    -17.110      0.000
    SCGHQD_8$2         3.121      0.187     16.721      0.000
    SCGHQD_8$3         5.354      0.321     16.657      0.000
    SCGHQD_1$1        -3.699      0.216    -17.110      0.000
    SCGHQD_1$2         3.121      0.187     16.721      0.000
    SCGHQD_1$3         5.354      0.321     16.657      0.000

 Variances
    I                  2.255      0.510      4.419      0.000
    S                  0.002      0.003      0.694      0.488

Categorical Latent Variables

 Means
    C#1                0.042      0.076      0.549      0.583


QUALITY OF NUMERICAL RESULTS

     Condition Number for the Information Matrix              0.526E-05
       (ratio of smallest to largest eigenvalue)


RESULTS IN PROBABILITY SCALE

                    Estimate

Latent Class 1 (1)

 SCGHQD_5
    Category 1         0.057
    Category 2         0.851
    Category 3         0.078
    Category 4         0.014
 SCGHQD_6
    Category 1         0.054
    Category 2         0.856
    Category 3         0.077
    Category 4         0.014
 SCGHQD_7
    Category 1         0.052
    Category 2         0.860
    Category 3         0.075
    Category 4         0.013
 SCGHQD_8
    Category 1         0.049
    Category 2         0.865
    Category 3         0.074
    Category 4         0.012
 SCGHQD_10
    Category 1         0.044
    Category 2         0.873
    Category 3         0.072
    Category 4         0.011

Latent Class 2 (2)

 SCGHQD_5
    Category 1         0.056
    Category 2         0.855
    Category 3         0.075
    Category 4         0.013
 SCGHQD_6
    Category 1         0.056
    Category 2         0.854
    Category 3         0.076
    Category 4         0.014
 SCGHQD_7
    Category 1         0.056
    Category 2         0.852
    Category 3         0.078
    Category 4         0.014
 SCGHQD_8
    Category 1         0.056
    Category 2         0.850
    Category 3         0.079
    Category 4         0.015
 SCGHQD_10
    Category 1         0.056
    Category 2         0.845
    Category 3         0.083
    Category 4         0.016


LATENT CLASS INDICATOR ODDS RATIOS FOR THE LATENT CLASSES

                                                95% C.I.
                    Estimate       S.E.  Lower 2.5% Upper 2.5%

Latent Class 1 Compared to Latent Class 2

 SCGHQD_5
    Category > 1       1.000      0.000      1.000      1.000
    Category > 2       1.000      0.000      1.000      1.000
    Category > 3       1.000      0.000      1.000      1.000
 SCGHQD_6
    Category > 1       1.000      0.000      1.000      1.000
    Category > 2       1.000      0.000      1.000      1.000
    Category > 3       1.000      0.000      1.000      1.000
 SCGHQD_7
    Category > 1       1.000      0.000      1.000      1.000
    Category > 2       1.000      0.000      1.000      1.000
    Category > 3       1.000      0.000      1.000      1.000
 SCGHQD_8
    Category > 1       1.000      0.000      1.000      1.000
    Category > 2       1.000      0.000      1.000      1.000
    Category > 3       1.000      0.000      1.000      1.000
 SCGHQD_1
    Category > 1       1.000      0.000      1.000      1.000
    Category > 2       1.000      0.000      1.000      1.000
    Category > 3       1.000      0.000      1.000      1.000


STANDARDIZED MODEL RESULTS


STDYX Standardization

                                                    Two-Tailed
                    Estimate       S.E.  Est./S.E.    P-Value

Latent Class 1 (1)

 I        |
    SCGHQD_5           0.647      0.053     12.111      0.000
    SCGHQD_6           0.656      0.059     11.191      0.000
    SCGHQD_7           0.664      0.064     10.353      0.000
    SCGHQD_8           0.673      0.070      9.603      0.000
    SCGHQD_10          0.690      0.083      8.354      0.000

 S        |
    SCGHQD_5           0.000      0.000    999.000    999.000
    SCGHQD_6           0.020      0.014      1.444      0.149
    SCGHQD_7           0.041      0.029      1.424      0.154
    SCGHQD_8           0.063      0.045      1.406      0.160
    SCGHQD_10          0.108      0.079      1.371      0.171

 S        WITH
    I                 -0.998      0.002   -419.213      0.000

 Means
    I                  0.012      0.121      0.099      0.921
    S                  0.329      0.772      0.426      0.670

 Thresholds
    SCGHQD_5$1        -1.555      0.085    -18.380      0.000
    SCGHQD_5$2         1.312      0.085     15.405      0.000
    SCGHQD_5$3         2.250      0.159     14.180      0.000
    SCGHQD_6$1        -1.575      0.080    -19.576      0.000
    SCGHQD_6$2         1.329      0.080     16.593      0.000
    SCGHQD_6$3         2.280      0.148     15.361      0.000
    SCGHQD_7$1        -1.595      0.079    -20.235      0.000
    SCGHQD_7$2         1.346      0.077     17.579      0.000
    SCGHQD_7$3         2.309      0.140     16.463      0.000
    SCGHQD_8$1        -1.616      0.080    -20.189      0.000
    SCGHQD_8$2         1.364      0.075     18.195      0.000
    SCGHQD_8$3         2.339      0.135     17.345      0.000
    SCGHQD_1$1        -1.657      0.090    -18.322      0.000
    SCGHQD_1$2         1.399      0.078     17.950      0.000
    SCGHQD_1$3         2.399      0.134     17.922      0.000

 Variances
    I                  1.000      0.000    999.000    999.000
    S                  1.000      0.000    999.000    999.000

Latent Class 2 (2)

 I        |
    SCGHQD_5           0.638      0.043     14.898      0.000
    SCGHQD_6           0.636      0.046     13.669      0.000
    SCGHQD_7           0.633      0.051     12.449      0.000
    SCGHQD_8           0.631      0.056     11.329      0.000
    SCGHQD_10          0.625      0.066      9.478      0.000

 S        |
    SCGHQD_5           0.000      0.000    999.000    999.000
    SCGHQD_6           0.020      0.015      1.398      0.162
    SCGHQD_7           0.041      0.029      1.398      0.162
    SCGHQD_8           0.061      0.043      1.399      0.162
    SCGHQD_10          0.100      0.071      1.403      0.161

 S        WITH
    I                  0.242      0.950      0.255      0.799

 Means
    I                  0.000      0.000    999.000    999.000
    S                  0.329      0.772      0.426      0.670

 Thresholds
    SCGHQD_5$1        -1.571      0.079    -19.924      0.000
    SCGHQD_5$2         1.326      0.078     17.100      0.000
    SCGHQD_5$3         2.274      0.120     18.959      0.000
    SCGHQD_6$1        -1.565      0.072    -21.819      0.000
    SCGHQD_6$2         1.321      0.074     17.950      0.000
    SCGHQD_6$3         2.266      0.111     20.373      0.000
    SCGHQD_7$1        -1.560      0.069    -22.644      0.000
    SCGHQD_7$2         1.316      0.073     18.056      0.000
    SCGHQD_7$3         2.258      0.109     20.727      0.000
    SCGHQD_8$1        -1.553      0.070    -22.050      0.000
    SCGHQD_8$2         1.311      0.075     17.409      0.000
    SCGHQD_8$3         2.248      0.113     19.901      0.000
    SCGHQD_1$1        -1.539      0.084    -18.278      0.000
    SCGHQD_1$2         1.299      0.087     14.875      0.000
    SCGHQD_1$3         2.227      0.136     16.426      0.000

 Variances
    I                  1.000      0.000    999.000    999.000
    S                  1.000      0.000    999.000    999.000


R-SQUARE

Class 1

    Observed                                        Two-Tailed
    Variable        Estimate       S.E.  Est./S.E.    P-Value

    SCGHQD_5           0.419      0.069      6.055      0.000
    SCGHQD_6           0.404      0.064      6.326      0.000
    SCGHQD_7           0.388      0.059      6.522      0.000
    SCGHQD_8           0.372      0.057      6.556      0.000
    SCGHQD_1           0.339      0.058      5.880      0.000

Class 2

    Observed                                        Two-Tailed
    Variable        Estimate       S.E.  Est./S.E.    P-Value

    SCGHQD_5           0.407      0.055      7.449      0.000
    SCGHQD_6           0.411      0.050      8.274      0.000
    SCGHQD_7           0.415      0.048      8.571      0.000
    SCGHQD_8           0.420      0.051      8.245      0.000
    SCGHQD_1           0.431      0.064      6.771      0.000


     Beginning Time:  12:14:18
        Ending Time:  12:22:12
       Elapsed Time:  00:07:54



MUTHEN & MUTHEN
3463 Stoner Ave.
Los Angeles, CA  90066

Tel: (310) 391-9971
Fax: (310) 391-8971
Web: www.StatModel.com
Support: Support@StatModel.com

Copyright (c) 1998-2021 Muthen & Muthen
