Mplus VERSION 8.7
MUTHEN & MUTHEN
11/08/2021  10:31 AM

INPUT INSTRUCTIONS

  TITLE: Your title goes here

   DATA: FILE = no_f2f_mm/data.dta;

   VARIABLE:

   NAMES = pidp gridmode mm hidp_5 hidp_6 hidp_7 hidp_8 hidp_9 hidp_10 indmode_5
       indmode_6 indmode_7 indmode_8 indmode_9 indmode_10 mode_type_all mode_type_no9
       mode_type_567 mode_type_7 all no9 p567 p7 switch_all switch_no9 switch_567
       switch_7 lkmove_5 xpmove_5 caruse_5 mobuse_5 netpuse_5 aidxhh_5 jbhas_5 j2has_5
       finnow_5 finfut_5 howlng_5 vote1_5 vote6_5 scsf1_5 scsf2a_5 scsf2b_5 scsf3a_5
       scsf3b_5 scsf4a_5 scsf4b_5 scsf5_5 scsf6a_5 scsf6b_5 scsf6c_5 scsf7_5 scghqa_5
       scghqb_5 scghqc_5 scghqd_5 scghqe_5 scghqf_5 scghqg_5 scghqh_5 scghqi_5
       scghqj_5 scghqk_5 scghql_5 lkmove_6 xpmove_6 caruse_6 mobuse_6 netpuse_6
       aidxhh_6 jbhas_6 j2has_6 finnow_6 finfut_6 howlng_6 vote1_6 vote6_6 scsf1_6
       scsf2a_6 scsf2b_6 scsf3a_6 scsf3b_6 scsf4a_6 scsf4b_6 scsf5_6 scsf6a_6 scsf6b_6
       scsf6c_6 scsf7_6 scghqa_6 scghqb_6 scghqc_6 scghqd_6 scghqe_6 scghqf_6 scghqg_6
       scghqh_6 scghqi_6 scghqj_6 scghqk_6 scghql_6 lkmove_7 xpmove_7 caruse_7
       mobuse_7 netpuse_7 smoker_7 aidxhh_7 jbhas_7 jbterm1_7 jbsemp_7 j2has_7
       fiyrdia_7 finnow_7 finfut_7 howlng_7 vote1_7 vote6_7 scsf2a_7 scsf2b_7 scsf3a_7
       scsf3b_7 scsf4a_7 scsf4b_7 scsf5_7 scsf6a_7 scsf6b_7 scsf6c_7 scsf7_7 scghqa_7
       scghqb_7 scghqc_7 scghqd_7 scghqe_7 scghqf_7 scghqg_7 scghqh_7 scghqi_7
       scghqj_7 scghqk_7 scghql_7 scsf1_7 lkmove_8 xpmove_8 caruse_8 mobuse_8
       netpuse_8 smoker_8 aidxhh_8 jbhas_8 jbterm1_8 jbsemp_8 j2has_8 fiyrdia_8
       finnow_8 finfut_8 scsf2a_8 scsf2b_8 scsf3a_8 scsf3b_8 scsf4a_8 scsf4b_8 scsf5_8
       scsf6a_8 scsf6b_8 scsf6c_8 scsf7_8 scghqa_8 scghqb_8 scghqc_8 scghqd_8 scghqe_8
       scghqf_8 scghqg_8 scghqh_8 scghqi_8 scghqj_8 scghqk_8 scghql_8 scsf1_8 mobuse_9
       netpuse_9 smoker_9 jbhas_9 jbterm1_9 jbsemp_9 j2has_9 fiyrdia_9 finnow_9
       finfut_9 lkmove_10 xpmove_10 mobuse_10 netpuse_10 smoker_10 aidxhh_10 jbhas_10
       jbterm1_10 jbsemp_10 j2has_10 fiyrdia_10 finnow_10 finfut_10 scsf1_10 scsf2a_10
       scsf2b_10 scsf3a_10 scsf3b_10 scsf4a_10 scsf4b_10 scsf5_10 scsf6a_10 scsf6b_10
       scsf6c_10 scsf7_10 scghqa_10 scghqb_10 scghqc_10 scghqd_10 scghqe_10 scghqf_10
       scghqg_10 scghqh_10 scghqi_10 scghqj_10 scghqk_10 scghql_10 edu agecat female
       partner sf1 longill london north urban refresh Higher A level GCSE Other age_35
       age_55 age_75 age_102 pred_all pred_no9 pred_p567 pred_p7 pred_all_w pred_no9_w
       pred_p567_w pred_p7_w;

   MISSING=.;

   USEVARIABLES ARE
   jbterm1_7
   jbterm1_8
   jbterm1_9
   jbterm1_10;

   CATEGORICAL ARE
   jbterm1_7
   jbterm1_8
   jbterm1_9
   jbterm1_10;
   CLASSES = c(2);

    KNOWNCLASS = c(all= 1 2);
  WEIGHT IS pred_all_w;

   ANALYSIS:


      TYPE = MIXTURE;

      ESTIMATOR = MLR;

      ALGORITHM = INTEGRATION;

      Processors = 8(starts);

      STARTS = 800 200;

   Model:


      %OVERALL%

  i s | jbterm1_7@0 jbterm1_8@1 jbterm1_9@2 jbterm1_10@3;
   %c#1%
  [s] (a);
   s (b);
   s WITH i (c);
   i (d);

   %c#2%
  [s] (a);
   s (b);
   s WITH i (c);
   i (d);

   OUTPUT: SAMPSTAT;

                                  STDYX;




*** WARNING in VARIABLE command
  Note that only the first 8 characters of variable names are used in the output.
  Shorten variable names to avoid any confusion.
*** WARNING
  One or more observations has a value of 0 for the WEIGHT variable.  Consider using the
  SUBPOPULATION option to restrict the analysis to observations with a positive weight.
*** WARNING
  Data set contains unknown or missing values for variable ALL.
  This variable is used to determine the KNOWNCLASS specification.
  Number of such cases:  892
*** WARNING
  Data set contains cases with missing on all variables.
  These cases were not included in the analysis.
  Number of cases with missing on all variables:  498
   4 WARNING(S) FOUND IN THE INPUT INSTRUCTIONS



Your title goes here

SUMMARY OF ANALYSIS

Number of groups                                                 1
Number of observations                                         667

Number of dependent variables                                    4
Number of independent variables                                  0
Number of continuous latent variables                            2
Number of categorical latent variables                           1

Observed dependent variables

  Binary and ordered categorical (ordinal)
   JBTERM1_    JBTERM1_    JBTERM1_    JBTERM1_

Continuous latent variables
   I           S

Categorical latent variables
   C

  Knownclass            C

Variables with special functions

  Weight variable       PRED_ALL

Estimator                                                      MLR
Information matrix                                        OBSERVED
Optimization Specifications for the Quasi-Newton Algorithm for
Continuous Outcomes
  Maximum number of iterations                                 100
  Convergence criterion                                  0.100D-05
Optimization Specifications for the EM Algorithm
  Maximum number of iterations                                 500
  Convergence criteria
    Loglikelihood change                                 0.100D-02
    Relative loglikelihood change                        0.100D-05
    Derivative                                           0.100D-02
Optimization Specifications for the M step of the EM Algorithm for
Categorical Latent variables
  Number of M step iterations                                    1
  M step convergence criterion                           0.100D-02
  Basis for M step termination                           ITERATION
Optimization Specifications for the M step of the EM Algorithm for
Censored, Binary or Ordered Categorical (Ordinal), Unordered
Categorical (Nominal) and Count Outcomes
  Number of M step iterations                                    1
  M step convergence criterion                           0.100D-02
  Basis for M step termination                           ITERATION
  Maximum value for logit thresholds                            15
  Minimum value for logit thresholds                           -15
  Minimum expected cell size for chi-square              0.100D-01
Maximum number of iterations for H1                           2000
Convergence criterion for H1                             0.100D-03
Optimization algorithm                                         EMA
Integration Specifications
  Type                                                    STANDARD
  Number of integration points                                  15
  Dimensions of numerical integration                            2
  Adaptive quadrature                                           ON
Random Starts Specifications
  Number of initial stage random starts                        800
  Number of final stage optimizations                          200
  Number of initial stage iterations                            10
  Initial stage convergence criterion                    0.100D+01
  Random starts scale                                    0.500D+01
  Random seed for generating random starts                       0
Link                                                         LOGIT
Cholesky                                                        ON

Input data file(s)
  no_f2f_mm/data.dta
Input data format  FREE


SUMMARY OF DATA

     Number of missing data patterns            15
     Number of y missing data patterns           0
     Number of u missing data patterns          15


COVARIANCE COVERAGE OF DATA

Minimum covariance coverage value   0.100


     PROPORTION OF DATA PRESENT FOR U


           Covariance Coverage
              JBTERM1_      JBTERM1_      JBTERM1_      JBTERM1_
              ________      ________      ________      ________
 JBTERM1_       0.693
 JBTERM1_       0.531         0.685
 JBTERM1_       0.496         0.550         0.687
 JBTERM1_       0.438         0.486         0.529         0.651


UNIVARIATE PROPORTIONS AND COUNTS FOR CATEGORICAL VARIABLES

    JBTERM1_
      Category 1    0.096           50.376
      Category 2    0.904          474.186
    JBTERM1_
      Category 1    0.093           44.283
      Category 2    0.907          433.534
    JBTERM1_
      Category 1    0.111           50.100
      Category 2    0.889          401.624
    JBTERM1_
      Category 1    0.097           42.088
      Category 2    0.903          390.204


SAMPLE STATISTICS

RANDOM STARTS RESULTS RANKED FROM THE BEST TO THE WORST LOGLIKELIHOOD VALUES

Final stage loglikelihood values at local maxima, seeds, and initial stage start numbers:

            -963.333  626891           32
            -963.333  77210            712
            -963.333  15270            610
            -963.333  1548             384
            -963.333  788796           145
            -963.333  301180           236
            -963.333  232226           235
            -963.333  642909           251
            -963.333  606576           151
            -963.333  797594           234
            -963.333  824956           607
            -963.333  762461           425
            -963.333  970689           266
            -963.333  902278           21
            -963.333  263049           454
            -963.333  579995           183
            -963.333  416463           467
            -963.333  85114            385
            -963.333  898745           466
            -963.333  602032           648
            -963.333  821011           161
            -963.334  117391           710
            -963.334  260953           589
            -963.334  529455           268
            -963.334  178181           753
            -963.334  264901           634
            -963.334  570908           98
            -963.334  695155           150
            -963.334  303834           798
            -963.334  689529           516
            -963.334  920593           611
            -963.334  590834           785
            -963.334  3307             735
            -963.334  414828           322
            -963.334  761633           50
            -963.334  650371           14
            -963.334  576726           280
            -963.334  782821           272
            -963.334  995249           525
            -963.334  798839           312
            -963.334  948615           140
            -963.334  592219           119
            -963.334  766903           505
            -963.334  408713           450
            -963.334  378393           509
            -963.334  588923           606
            -963.334  315029           471
            -963.334  327140           678
            -963.334  55115            408
            -963.334  605565           404
            -963.334  436460           89
            -963.334  614009           317
            -963.334  264935           281
            -963.334  915642           40
            -963.334  871438           561
            -963.334  556929           734
            -963.334  804561           59
            -963.334  742688           594
            -963.334  682718           733
            -963.334  331681           549
            -963.334  438144           271
            -963.334  455617           242
            -963.334  903369           134
            -963.334  810705           626
            -963.334  373815           618
            -963.334  404510           442
            -963.334  860102           495
            -963.334  539389           544
            -963.334  317868           740
            -963.334  491970           563
            -963.334  965639           463
            -963.334  479273           156
            -963.334  268217           83
            -963.334  43523            297
            -963.334  804104           566
            -963.334  917702           693
            -963.334  118421           139
            -963.334  4091             548
            -963.334  379729           512
            -963.334  910224           580
            -963.334  418686           338
            -963.334  865906           641
            -963.334  512403           719
            -963.334  15715            274
            -963.334  777045           377
            -963.334  415931           10
            -963.334  913639           162
            -963.334  58507            793
            -963.334  852283           616
            -963.334  161421           519
            -963.334  213189           605
            -963.334  484406           421
            -963.334  781489           627
            -963.334  871722           355
            -963.334  775881           778
            -963.334  529496           343
            -963.334  407108           366
            -963.334  860772           174
            -963.334  584397           428
            -963.334  937885           426
            -963.335  476498           179
            -963.335  699810           571
            -963.335  850545           357
            -963.335  322790           636
            -963.335  887676           22
            -963.335  576596           99
            -963.335  107446           12
            -963.335  793035           187
            -963.335  760878           249
            -963.335  793487           595
            -963.335  863094           147
            -963.335  207896           25
            -963.335  853781           716
            -963.335  704798           530
            -963.335  607072           717
            -963.335  227563           63
            -963.335  833196           715
            -963.335  958107           790
            -963.335  471398           74
            -963.335  930872           277
            -963.335  307843           664
            -963.335  147440           514
            -963.335  509733           130
            -963.335  140442           500
            -963.335  62835            642
            -963.335  185071           370
            -963.335  534864           307
            -963.335  399380           436
            -963.335  568859           49
            -963.335  319575           499
            -963.335  327475           518
            -963.335  377584           630
            -963.335  595619           779
            -963.335  836515           341
            -963.335  354624           448
            -963.335  679832           302
            -963.335  391949           295
            -963.335  941525           609
            -963.335  856612           700
            -963.335  485483           498
            -963.335  343926           624
            -963.335  724519           333
            -963.335  987090           70
            -963.335  153053           378
            -963.335  260601           36
            -963.335  100874           108
            -963.335  348637           749
            -963.335  97300            640
            -963.335  468036           131
            -963.335  21345            199
            -963.335  995875           547
            -963.335  900631           774
            -963.335  284716           713
            -963.335  286735           175
            -963.335  662718           460
            -963.335  985387           381
            -963.335  278692           342
            -963.335  616917           261
            -963.335  349562           359
            -963.335  502532           445
            -963.335  738393           619
            -963.335  383979           603
            -963.335  568405           233
            -963.335  91231            727
            -963.335  253358           2
            -963.335  471040           403
            -963.335  283492           435
            -963.335  85462            51
            -963.335  751054           117
            -963.335  497522           502
            -963.335  499150           216
            -963.335  602797           336
            -963.336  220454           288
            -963.336  888905           444
            -963.336  117587           572
            -963.336  641794           591
            -963.336  443917           60
            -963.336  414284           158
            -963.336  635245           121
            -963.336  791396           243
            -963.337  358488           264
            -963.337  992389           77
            -963.338  210870           383
            -963.338  860029           760
            -963.338  626087           314
            -963.338  352277           42
            -963.339  440841           118
            -963.339  476393           705
            -963.340  318230           46
            -963.341  377504           294
            -963.342  928287           197
            -963.343  918558           412
            -963.344  314757           345
            -963.345  872743           374
            -963.346  237332           661
            -963.347  685268           596
            -963.353  138695           783
            -963.353  926283           269
            -963.355  792389           746
            -963.376  701525           239



THE BEST LOGLIKELIHOOD VALUE HAS BEEN REPLICATED.  RERUN WITH AT LEAST TWICE THE
RANDOM STARTS TO CHECK THAT THE BEST LOGLIKELIHOOD IS STILL OBTAINED AND REPLICATED.


THE MODEL ESTIMATION TERMINATED NORMALLY



MODEL FIT INFORMATION

Number of Free Parameters                        7

Loglikelihood

          H0 Value                        -963.333
          H0 Scaling Correction Factor      1.5001
            for MLR

Information Criteria

          Akaike (AIC)                    1940.666
          Bayesian (BIC)                  1972.185
          Sample-Size Adjusted BIC        1949.960
            (n* = (n + 2) / 24)

Chi-Square Test of Model Fit for the Binary and Ordered Categorical
(Ordinal) Outcomes

          Pearson Chi-Square

          Value                             25.527
          Degrees of Freedom                    24
          P-Value                           0.3776

          Likelihood Ratio Chi-Square

          Value                             19.232
          Degrees of Freedom                    24
          P-Value                           0.7395

Chi-Square Test for MCAR under the Unrestricted Latent Class Indicator Model

          Pearson Chi-Square

          Value                            148.844
          Degrees of Freedom                    99
          P-Value                           0.0009

          Likelihood Ratio Chi-Square

          Value                            127.942
          Degrees of Freedom                    99
          P-Value                           0.0267



FINAL CLASS COUNTS AND PROPORTIONS FOR THE LATENT CLASSES
BASED ON THE ESTIMATED MODEL

    Latent
   Classes

       1        317.00000          0.47526
       2        350.00000          0.52474


MODEL RESULTS

                                                    Two-Tailed
                    Estimate       S.E.  Est./S.E.    P-Value

Latent Class 1 (1)

 I        |
    JBTERM1_7          1.000      0.000    999.000    999.000
    JBTERM1_8          1.000      0.000    999.000    999.000
    JBTERM1_9          1.000      0.000    999.000    999.000
    JBTERM1_10         1.000      0.000    999.000    999.000

 S        |
    JBTERM1_7          0.000      0.000    999.000    999.000
    JBTERM1_8          1.000      0.000    999.000    999.000
    JBTERM1_9          2.000      0.000    999.000    999.000
    JBTERM1_10         3.000      0.000    999.000    999.000

 S        WITH
    I                 -0.012      3.770     -0.003      0.997

 Means
    I                  0.086      0.690      0.125      0.901
    S                  0.173      0.916      0.189      0.850

 Thresholds
    JBTERM1_$1        -5.323      1.628     -3.269      0.001
    JBTERM1_$1        -5.323      1.628     -3.269      0.001
    JBTERM1_$1        -5.323      1.628     -3.269      0.001
    JBTERM1_$1        -5.323      1.628     -3.269      0.001

 Variances
    I                 17.163     14.915      1.151      0.250
    S                  0.568      0.570      0.997      0.319

Latent Class 2 (2)

 I        |
    JBTERM1_7          1.000      0.000    999.000    999.000
    JBTERM1_8          1.000      0.000    999.000    999.000
    JBTERM1_9          1.000      0.000    999.000    999.000
    JBTERM1_10         1.000      0.000    999.000    999.000

 S        |
    JBTERM1_7          0.000      0.000    999.000    999.000
    JBTERM1_8          1.000      0.000    999.000    999.000
    JBTERM1_9          2.000      0.000    999.000    999.000
    JBTERM1_10         3.000      0.000    999.000    999.000

 S        WITH
    I                 -0.012      3.770     -0.003      0.997

 Means
    I                  0.000      0.000    999.000    999.000
    S                  0.173      0.916      0.189      0.850

 Thresholds
    JBTERM1_$1        -5.323      1.628     -3.269      0.001
    JBTERM1_$1        -5.323      1.628     -3.269      0.001
    JBTERM1_$1        -5.323      1.628     -3.269      0.001
    JBTERM1_$1        -5.323      1.628     -3.269      0.001

 Variances
    I                 17.163     14.915      1.151      0.250
    S                  0.568      0.570      0.997      0.319

Categorical Latent Variables

 Means
    C#1               -0.099      0.093     -1.065      0.287


QUALITY OF NUMERICAL RESULTS

     Condition Number for the Information Matrix              0.157E-02
       (ratio of smallest to largest eigenvalue)


RESULTS IN PROBABILITY SCALE

                    Estimate

Latent Class 1 (1)

 JBTERM1_7
    Category 1         0.115
    Category 2         0.885
 JBTERM1_8
    Category 1         0.111
    Category 2         0.889
 JBTERM1_9
    Category 1         0.113
    Category 2         0.887
 JBTERM1_10
    Category 1         0.120
    Category 2         0.880

Latent Class 2 (2)

 JBTERM1_7
    Category 1         0.119
    Category 2         0.881
 JBTERM1_8
    Category 1         0.115
    Category 2         0.885
 JBTERM1_9
    Category 1         0.117
    Category 2         0.883
 JBTERM1_10
    Category 1         0.123
    Category 2         0.877


LATENT CLASS INDICATOR ODDS RATIOS FOR THE LATENT CLASSES

                                                95% C.I.
                    Estimate       S.E.  Lower 2.5% Upper 2.5%

Latent Class 1 Compared to Latent Class 2

 JBTERM1_
    Category > 1       1.090      0.753      0.282      4.219
 JBTERM1_
    Category > 1       1.090      0.753      0.282      4.219
 JBTERM1_
    Category > 1       1.090      0.753      0.282      4.219
 JBTERM1_
    Category > 1       1.090      0.753      0.282      4.219


STANDARDIZED MODEL RESULTS


STDYX Standardization

                                                    Two-Tailed
                    Estimate       S.E.  Est./S.E.    P-Value

Latent Class 1 (1)

 I        |
    JBTERM1_7          0.916      0.064     14.308      0.000
    JBTERM1_8          0.904      0.230      3.923      0.000
    JBTERM1_9          0.870      0.379      2.294      0.022
    JBTERM1_10         0.820      0.483      1.700      0.089

 S        |
    JBTERM1_7          0.000      0.000    999.000    999.000
    JBTERM1_8          0.165      0.078      2.114      0.034
    JBTERM1_9          0.317      0.128      2.481      0.013
    JBTERM1_10         0.448      0.173      2.589      0.010

 S        WITH
    I                 -0.004      1.206     -0.003      0.997

 Means
    I                  0.021      0.162      0.128      0.898
    S                  0.229      1.188      0.193      0.847

 Thresholds
    JBTERM1_$1        -1.177      0.121     -9.740      0.000
    JBTERM1_$1        -1.162      0.172     -6.771      0.000
    JBTERM1_$1        -1.118      0.355     -3.148      0.002
    JBTERM1_$1        -1.054      0.494     -2.135      0.033

 Variances
    I                  1.000      0.000    999.000    999.000
    S                  1.000      0.000    999.000    999.000

Latent Class 2 (2)

 I        |
    JBTERM1_7          0.916      0.064     14.308      0.000
    JBTERM1_8          0.904      0.230      3.923      0.000
    JBTERM1_9          0.870      0.379      2.294      0.022
    JBTERM1_10         0.820      0.483      1.700      0.089

 S        |
    JBTERM1_7          0.000      0.000    999.000    999.000
    JBTERM1_8          0.165      0.078      2.114      0.034
    JBTERM1_9          0.317      0.128      2.481      0.013
    JBTERM1_10         0.448      0.173      2.589      0.010

 S        WITH
    I                 -0.004      1.206     -0.003      0.997

 Means
    I                  0.000      0.000    999.000    999.000
    S                  0.229      1.188      0.193      0.847

 Thresholds
    JBTERM1_$1        -1.177      0.121     -9.740      0.000
    JBTERM1_$1        -1.162      0.172     -6.771      0.000
    JBTERM1_$1        -1.118      0.355     -3.148      0.002
    JBTERM1_$1        -1.054      0.494     -2.135      0.033

 Variances
    I                  1.000      0.000    999.000    999.000
    S                  1.000      0.000    999.000    999.000


R-SQUARE

Class 1

    Observed                                        Two-Tailed
    Variable        Estimate       S.E.  Est./S.E.    P-Value

    JBTERM1_           0.839      0.117      7.154      0.000
    JBTERM1_           0.843      0.065     12.960      0.000
    JBTERM1_           0.855      0.048     17.859      0.000
    JBTERM1_           0.871      0.068     12.901      0.000

Class 2

    Observed                                        Two-Tailed
    Variable        Estimate       S.E.  Est./S.E.    P-Value

    JBTERM1_           0.839      0.117      7.154      0.000
    JBTERM1_           0.843      0.065     12.960      0.000
    JBTERM1_           0.855      0.048     17.859      0.000
    JBTERM1_           0.871      0.068     12.901      0.000


     Beginning Time:  10:31:34
        Ending Time:  10:32:08
       Elapsed Time:  00:00:34



MUTHEN & MUTHEN
3463 Stoner Ave.
Los Angeles, CA  90066

Tel: (310) 391-9971
Fax: (310) 391-8971
Web: www.StatModel.com
Support: Support@StatModel.com

Copyright (c) 1998-2021 Muthen & Muthen
