Mplus VERSION 8.7
MUTHEN & MUTHEN
11/08/2021  10:55 AM

INPUT INSTRUCTIONS

  TITLE: Your title goes here

   DATA: FILE = no_f2f_mm/data.dta;

   VARIABLE:

   NAMES = pidp gridmode mm hidp_5 hidp_6 hidp_7 hidp_8 hidp_9 hidp_10 indmode_5
       indmode_6 indmode_7 indmode_8 indmode_9 indmode_10 mode_type_all mode_type_no9
       mode_type_567 mode_type_7 all no9 p567 p7 switch_all switch_no9 switch_567
       switch_7 lkmove_5 xpmove_5 caruse_5 mobuse_5 netpuse_5 aidxhh_5 jbhas_5 j2has_5
       finnow_5 finfut_5 howlng_5 vote1_5 vote6_5 scsf1_5 scsf2a_5 scsf2b_5 scsf3a_5
       scsf3b_5 scsf4a_5 scsf4b_5 scsf5_5 scsf6a_5 scsf6b_5 scsf6c_5 scsf7_5 scghqa_5
       scghqb_5 scghqc_5 scghqd_5 scghqe_5 scghqf_5 scghqg_5 scghqh_5 scghqi_5
       scghqj_5 scghqk_5 scghql_5 lkmove_6 xpmove_6 caruse_6 mobuse_6 netpuse_6
       aidxhh_6 jbhas_6 j2has_6 finnow_6 finfut_6 howlng_6 vote1_6 vote6_6 scsf1_6
       scsf2a_6 scsf2b_6 scsf3a_6 scsf3b_6 scsf4a_6 scsf4b_6 scsf5_6 scsf6a_6 scsf6b_6
       scsf6c_6 scsf7_6 scghqa_6 scghqb_6 scghqc_6 scghqd_6 scghqe_6 scghqf_6 scghqg_6
       scghqh_6 scghqi_6 scghqj_6 scghqk_6 scghql_6 lkmove_7 xpmove_7 caruse_7
       mobuse_7 netpuse_7 smoker_7 aidxhh_7 jbhas_7 jbterm1_7 jbsemp_7 j2has_7
       fiyrdia_7 finnow_7 finfut_7 howlng_7 vote1_7 vote6_7 scsf2a_7 scsf2b_7 scsf3a_7
       scsf3b_7 scsf4a_7 scsf4b_7 scsf5_7 scsf6a_7 scsf6b_7 scsf6c_7 scsf7_7 scghqa_7
       scghqb_7 scghqc_7 scghqd_7 scghqe_7 scghqf_7 scghqg_7 scghqh_7 scghqi_7
       scghqj_7 scghqk_7 scghql_7 scsf1_7 lkmove_8 xpmove_8 caruse_8 mobuse_8
       netpuse_8 smoker_8 aidxhh_8 jbhas_8 jbterm1_8 jbsemp_8 j2has_8 fiyrdia_8
       finnow_8 finfut_8 scsf2a_8 scsf2b_8 scsf3a_8 scsf3b_8 scsf4a_8 scsf4b_8 scsf5_8
       scsf6a_8 scsf6b_8 scsf6c_8 scsf7_8 scghqa_8 scghqb_8 scghqc_8 scghqd_8 scghqe_8
       scghqf_8 scghqg_8 scghqh_8 scghqi_8 scghqj_8 scghqk_8 scghql_8 scsf1_8 mobuse_9
       netpuse_9 smoker_9 jbhas_9 jbterm1_9 jbsemp_9 j2has_9 fiyrdia_9 finnow_9
       finfut_9 lkmove_10 xpmove_10 mobuse_10 netpuse_10 smoker_10 aidxhh_10 jbhas_10
       jbterm1_10 jbsemp_10 j2has_10 fiyrdia_10 finnow_10 finfut_10 scsf1_10 scsf2a_10
       scsf2b_10 scsf3a_10 scsf3b_10 scsf4a_10 scsf4b_10 scsf5_10 scsf6a_10 scsf6b_10
       scsf6c_10 scsf7_10 scghqa_10 scghqb_10 scghqc_10 scghqd_10 scghqe_10 scghqf_10
       scghqg_10 scghqh_10 scghqi_10 scghqj_10 scghqk_10 scghql_10 edu agecat female
       partner sf1 longill london north urban refresh Higher A level GCSE Other age_35
       age_55 age_75 age_102 pred_all pred_no9 pred_p567 pred_p7 pred_all_w pred_no9_w
       pred_p567_w pred_p7_w;

   MISSING=.;

   USEVARIABLES ARE
   mobuse_5
   mobuse_6
   mobuse_7
   mobuse_8
   mobuse_9
   mobuse_10;

   CATEGORICAL ARE
   mobuse_5
   mobuse_6
   mobuse_7
   mobuse_8
   mobuse_9
   mobuse_10;
   CLASSES = c(2);

    KNOWNCLASS = c(all= 1 2);
  WEIGHT IS pred_all_w;

   ANALYSIS:


      TYPE = MIXTURE;

      ESTIMATOR = MLR;

      ALGORITHM = INTEGRATION;

      Processors = 8(starts);

      STARTS = 800 200;

   Model:


      %OVERALL%

  i s | mobuse_5@0 mobuse_6@1 mobuse_7@2 mobuse_8@3 mobuse_9@4 mobuse_10@5;
   %c#1%
  [s] (a);
   s (b);
   s WITH i (c);
   i (d);

   %c#2%
  [s] (a);
   s (b);
   s WITH i (c);
   i (d);

   OUTPUT: SAMPSTAT;

                                  STDYX;




*** WARNING in VARIABLE command
  Note that only the first 8 characters of variable names are used in the output.
  Shorten variable names to avoid any confusion.
*** WARNING
  One or more observations has a value of 0 for the WEIGHT variable.  Consider using the
  SUBPOPULATION option to restrict the analysis to observations with a positive weight.
*** WARNING
  Data set contains unknown or missing values for variable ALL.
  This variable is used to determine the KNOWNCLASS specification.
  Number of such cases:  892
*** WARNING
  Data set contains cases with missing on all variables.
  These cases were not included in the analysis.
  Number of cases with missing on all variables:  1
   4 WARNING(S) FOUND IN THE INPUT INSTRUCTIONS



Your title goes here

SUMMARY OF ANALYSIS

Number of groups                                                 1
Number of observations                                        1164

Number of dependent variables                                    6
Number of independent variables                                  0
Number of continuous latent variables                            2
Number of categorical latent variables                           1

Observed dependent variables

  Binary and ordered categorical (ordinal)
   MOBUSE_5    MOBUSE_6    MOBUSE_7    MOBUSE_8    MOBUSE_9    MOBUSE_1

Continuous latent variables
   I           S

Categorical latent variables
   C

  Knownclass            C

Variables with special functions

  Weight variable       PRED_ALL

Estimator                                                      MLR
Information matrix                                        OBSERVED
Optimization Specifications for the Quasi-Newton Algorithm for
Continuous Outcomes
  Maximum number of iterations                                 100
  Convergence criterion                                  0.100D-05
Optimization Specifications for the EM Algorithm
  Maximum number of iterations                                 500
  Convergence criteria
    Loglikelihood change                                 0.100D-02
    Relative loglikelihood change                        0.100D-05
    Derivative                                           0.100D-02
Optimization Specifications for the M step of the EM Algorithm for
Categorical Latent variables
  Number of M step iterations                                    1
  M step convergence criterion                           0.100D-02
  Basis for M step termination                           ITERATION
Optimization Specifications for the M step of the EM Algorithm for
Censored, Binary or Ordered Categorical (Ordinal), Unordered
Categorical (Nominal) and Count Outcomes
  Number of M step iterations                                    1
  M step convergence criterion                           0.100D-02
  Basis for M step termination                           ITERATION
  Maximum value for logit thresholds                            15
  Minimum value for logit thresholds                           -15
  Minimum expected cell size for chi-square              0.100D-01
Maximum number of iterations for H1                           2000
Convergence criterion for H1                             0.100D-03
Optimization algorithm                                         EMA
Integration Specifications
  Type                                                    STANDARD
  Number of integration points                                  15
  Dimensions of numerical integration                            2
  Adaptive quadrature                                           ON
Random Starts Specifications
  Number of initial stage random starts                        800
  Number of final stage optimizations                          200
  Number of initial stage iterations                            10
  Initial stage convergence criterion                    0.100D+01
  Random starts scale                                    0.500D+01
  Random seed for generating random starts                       0
Link                                                         LOGIT
Cholesky                                                        ON

Input data file(s)
  no_f2f_mm/data.dta
Input data format  FREE


SUMMARY OF DATA

     Number of missing data patterns            58
     Number of y missing data patterns           0
     Number of u missing data patterns          58


COVARIANCE COVERAGE OF DATA

Minimum covariance coverage value   0.100


     PROPORTION OF DATA PRESENT FOR U


           Covariance Coverage
              MOBUSE_5      MOBUSE_6      MOBUSE_7      MOBUSE_8      MOBUSE_9
              ________      ________      ________      ________      ________
 MOBUSE_5       0.655
 MOBUSE_6       0.570         0.658
 MOBUSE_7       0.485         0.519         0.676
 MOBUSE_8       0.461         0.501         0.571         0.682
 MOBUSE_9       0.444         0.478         0.546         0.595         0.670
 MOBUSE_1       0.415         0.447         0.495         0.542         0.562


           Covariance Coverage
              MOBUSE_1
              ________
 MOBUSE_1       0.634


UNIVARIATE PROPORTIONS AND COUNTS FOR CATEGORICAL VARIABLES

    MOBUSE_5
      Category 1    0.089           88.356
      Category 2    0.911          899.263
    MOBUSE_6
      Category 1    0.089           88.436
      Category 2    0.911          899.766
    MOBUSE_7
      Category 1    0.068           55.732
      Category 2    0.932          767.011
    MOBUSE_8
      Category 1    0.057           45.195
      Category 2    0.943          742.960
    MOBUSE_9
      Category 1    0.064           47.193
      Category 2    0.936          693.884
    MOBUSE_1
      Category 1    0.039           26.699
      Category 2    0.961          660.229


SAMPLE STATISTICS

RANDOM STARTS RESULTS RANKED FROM THE BEST TO THE WORST LOGLIKELIHOOD VALUES

Final stage loglikelihood values at local maxima, seeds, and initial stage start numbers:

           -1572.566  978781           497
           -1572.701  76451            211
           -1572.713  486646           586
           -1572.718  769907           457
           -1572.719  801717           364
           -1572.721  762461           425
           -1572.724  1548             384
           -1572.726  876943           650
           -1572.730  963053           43
           -1572.732  unperturbed      0
           -1572.734  781489           627
           -1572.742  486622           522
           -1572.748  570782           193
           -1572.750  66276            217
           -1572.750  700349           401
           -1572.752  857799           315
           -1572.753  126371           526
           -1572.756  502532           445
           -1572.756  665121           417
           -1572.760  997222           229
           -1572.764  195873           6
           -1572.764  568859           49
           -1572.764  790452           303
           -1572.768  461866           722
           -1572.769  616917           261
           -1572.770  212934           568
           -1572.771  314034           513
           -1572.771  689529           516
           -1572.772  471438           252
           -1572.773  462953           7
           -1572.773  518828           432
           -1572.776  479273           156
           -1572.780  167409           772
           -1572.781  724519           333
           -1572.783  471398           74
           -1572.783  65651            214
           -1572.784  49293            707
           -1572.784  268217           83
           -1572.784  77210            712
           -1572.784  642909           251
           -1572.785  416463           467
           -1572.786  352277           42
           -1572.786  232559           136
           -1572.787  120506           45
           -1572.788  563584           657
           -1572.790  931874           141
           -1572.793  606576           151
           -1572.793  499150           216
           -1572.794  137377           397
           -1572.794  592219           119
           -1572.795  46502            714
           -1572.796  848163           47
           -1572.796  78862            529
           -1572.796  303834           798
           -1572.797  42523            730
           -1572.797  172913           557
           -1572.798  972430           491
           -1572.799  699554           427
           -1572.799  995875           547
           -1572.799  609089           241
           -1572.800  303634           169
           -1572.800  347222           533
           -1572.800  248742           556
           -1572.800  137305           379
           -1572.801  107446           12
           -1572.802  202790           198
           -1572.802  188640           451
           -1572.803  970689           266
           -1572.803  491970           563
           -1572.804  502495           724
           -1572.804  106561           686
           -1572.805  761633           50
           -1572.805  391949           295
           -1572.805  402699           604
           -1572.806  971853           402
           -1572.806  15715            274
           -1572.806  626087           314
           -1572.806  264081           186
           -1572.806  485256           371
           -1572.807  378393           509
           -1572.807  331681           549
           -1572.807  742688           594
           -1572.807  647617           725
           -1572.807  4091             548
           -1572.808  475420           71
           -1572.808  25127            107
           -1572.808  667250           318
           -1572.808  863094           147
           -1572.809  534483           290
           -1572.810  285380           1
           -1572.810  76337            76
           -1572.810  682718           733
           -1572.811  247912           537
           -1572.811  73576            213
           -1572.813  67009            564
           -1572.813  778953           635
           -1572.813  686384           690
           -1572.814  738393           619
           -1572.814  953843           651
           -1572.815  930323           267
           -1572.815  545108           667
           -1572.816  696773           80
           -1572.816  440841           118
           -1572.816  178181           753
           -1572.817  898745           466
           -1572.817  588923           606
           -1572.818  642386           662
           -1572.818  326091           759
           -1572.818  88437            761
           -1572.818  920593           611
           -1572.819  941525           609
           -1572.819  662983           666
           -1572.820  751054           117
           -1572.821  792389           746
           -1572.822  227563           63
           -1572.823  871851           257
           -1572.823  316165           299
           -1572.824  197223           332
           -1572.824  70118            104
           -1572.824  210870           383
           -1572.827  810705           626
           -1572.828  97300            640
           -1572.828  847088           750
           -1572.828  264901           634
           -1572.829  529455           268
           -1572.831  185071           370
           -1572.832  312754           562
           -1572.833  576596           99
           -1572.834  772131           407
           -1572.835  939709           112
           -1572.836  570908           98
           -1572.836  414284           158
           -1572.836  312587           775
           -1572.839  340112           126
           -1572.839  850545           357
           -1572.840  297518           166
           -1572.841  637345           19
           -1572.843  903369           134
           -1572.843  399380           436
           -1572.844  836515           341
           -1572.844  294811           637
           -1572.845  396795           323
           -1572.846  484406           421
           -1572.846  576726           280
           -1572.846  674171           195
           -1572.848  788796           145
           -1572.849  263049           454
           -1572.849  166851           638
           -1572.851  117391           710
           -1572.851  349562           359
           -1572.852  224950           455
           -1572.852  830392           35
           -1572.852  231281           542
           -1572.852  556929           734
           -1572.852  691234           250
           -1572.852  216565           474
           -1572.853  637095           207
           -1572.853  561664           392
           -1572.853  237332           661
           -1572.854  81117            305
           -1572.854  879338           309
           -1572.854  715255           523
           -1572.854  155622           507
           -1572.854  714997           399
           -1572.855  509733           130
           -1572.855  570681           777
           -1572.855  358488           264
           -1572.855  27071            15
           -1572.855  241197           747
           -1572.855  602032           648
           -1572.855  318230           46
           -1572.855  626891           32
           -1572.855  948615           140
           -1572.855  193569           440
           -1572.855  584397           428
           -1572.855  888905           444
           -1572.855  179022           687
           -1572.855  534864           307
           -1572.855  322790           636
           -1572.855  749453           33
           -1572.855  414828           322
           -1572.855  982520           737
           -1572.856  147440           514
           -1572.856  930872           277
           -1572.856  862607           468
           -1572.856  856536           144
           -1572.856  69413            472
           -1572.856  35191            703
           -1572.856  138695           783
           -1572.856  746978           410
           -1572.856  278692           342
           -1572.856  995249           525
           -1572.856  58507            793
           -1572.856  607072           717
           -1572.856  246575           291
           -1572.856  562716           300
           -1572.856  182524           373
           -1572.856  354208           196
           -1572.856  871438           561
           -1572.856  327140           678



THE BEST LOGLIKELIHOOD VALUE HAS BEEN REPLICATED.  RERUN WITH AT LEAST TWICE THE
RANDOM STARTS TO CHECK THAT THE BEST LOGLIKELIHOOD IS STILL OBTAINED AND REPLICATED.


THE MODEL ESTIMATION TERMINATED NORMALLY



MODEL FIT INFORMATION

Number of Free Parameters                        7

Loglikelihood

          H0 Value                       -1572.566
          H0 Scaling Correction Factor      1.8152
            for MLR

Information Criteria

          Akaike (AIC)                    3159.132
          Bayesian (BIC)                  3194.549
          Sample-Size Adjusted BIC        3172.315
            (n* = (n + 2) / 24)

Chi-Square Test of Model Fit for the Binary and Ordered Categorical
(Ordinal) Outcomes**

          Pearson Chi-Square

          Value                            452.860
          Degrees of Freedom                   115
          P-Value                           0.0000

          Likelihood Ratio Chi-Square

          Value                            137.027
          Degrees of Freedom                   115
          P-Value                           0.0789

** Of the 684 cells in the latent class indicator table, 3
   were deleted in the calculation of chi-square due to extreme values.

Chi-Square Test for MCAR under the Unrestricted Latent Class Indicator Model

          Pearson Chi-Square

          Value                            738.038
          Degrees of Freedom                  1125
          P-Value                           1.0000

          Likelihood Ratio Chi-Square

          Value                            408.660
          Degrees of Freedom                  1125
          P-Value                           1.0000



FINAL CLASS COUNTS AND PROPORTIONS FOR THE LATENT CLASSES
BASED ON THE ESTIMATED MODEL

    Latent
   Classes

       1        601.00000          0.51632
       2        563.00000          0.48368


MODEL RESULTS

                                                    Two-Tailed
                    Estimate       S.E.  Est./S.E.    P-Value

Latent Class 1 (1)

 I        |
    MOBUSE_5           1.000      0.000    999.000    999.000
    MOBUSE_6           1.000      0.000    999.000    999.000
    MOBUSE_7           1.000      0.000    999.000    999.000
    MOBUSE_8           1.000      0.000    999.000    999.000
    MOBUSE_9           1.000      0.000    999.000    999.000
    MOBUSE_10          1.000      0.000    999.000    999.000

 S        |
    MOBUSE_5           0.000      0.000    999.000    999.000
    MOBUSE_6           1.000      0.000    999.000    999.000
    MOBUSE_7           2.000      0.000    999.000    999.000
    MOBUSE_8           3.000      0.000    999.000    999.000
    MOBUSE_9           4.000      0.000    999.000    999.000
    MOBUSE_10          5.000      0.000    999.000    999.000

 S        WITH
    I                -23.348     14.221     -1.642      0.101

 Means
    I                  0.011      0.535      0.021      0.983
    S                 -1.505      0.656     -2.295      0.022

 Thresholds
    MOBUSE_5$1       -16.560      3.249     -5.097      0.000
    MOBUSE_6$1       -16.560      3.249     -5.097      0.000
    MOBUSE_7$1       -16.560      3.249     -5.097      0.000
    MOBUSE_8$1       -16.560      3.249     -5.097      0.000
    MOBUSE_9$1       -16.560      3.249     -5.097      0.000
    MOBUSE_1$1       -16.560      3.249     -5.097      0.000

 Variances
    I                195.211     90.184      2.165      0.030
    S                  2.991      2.279      1.313      0.189

Latent Class 2 (2)

 I        |
    MOBUSE_5           1.000      0.000    999.000    999.000
    MOBUSE_6           1.000      0.000    999.000    999.000
    MOBUSE_7           1.000      0.000    999.000    999.000
    MOBUSE_8           1.000      0.000    999.000    999.000
    MOBUSE_9           1.000      0.000    999.000    999.000
    MOBUSE_10          1.000      0.000    999.000    999.000

 S        |
    MOBUSE_5           0.000      0.000    999.000    999.000
    MOBUSE_6           1.000      0.000    999.000    999.000
    MOBUSE_7           2.000      0.000    999.000    999.000
    MOBUSE_8           3.000      0.000    999.000    999.000
    MOBUSE_9           4.000      0.000    999.000    999.000
    MOBUSE_10          5.000      0.000    999.000    999.000

 S        WITH
    I                -23.348     14.221     -1.642      0.101

 Means
    I                  0.000      0.000    999.000    999.000
    S                 -1.505      0.656     -2.295      0.022

 Thresholds
    MOBUSE_5$1       -16.560      3.249     -5.097      0.000
    MOBUSE_6$1       -16.560      3.249     -5.097      0.000
    MOBUSE_7$1       -16.560      3.249     -5.097      0.000
    MOBUSE_8$1       -16.560      3.249     -5.097      0.000
    MOBUSE_9$1       -16.560      3.249     -5.097      0.000
    MOBUSE_1$1       -16.560      3.249     -5.097      0.000

 Variances
    I                195.211     90.184      2.165      0.030
    S                  2.991      2.279      1.313      0.189

Categorical Latent Variables

 Means
    C#1                0.065      0.074      0.882      0.378


QUALITY OF NUMERICAL RESULTS

     Condition Number for the Information Matrix              0.107E-03
       (ratio of smallest to largest eigenvalue)


RESULTS IN PROBABILITY SCALE

                    Estimate

Latent Class 1 (1)

 MOBUSE_5
    Category 1         0.120
    Category 2         0.880
 MOBUSE_6
    Category 1         0.113
    Category 2         0.887
 MOBUSE_7
    Category 1         0.105
    Category 2         0.895
 MOBUSE_8
    Category 1         0.096
    Category 2         0.904
 MOBUSE_9
    Category 1         0.086
    Category 2         0.914
 MOBUSE_10
    Category 1         0.076
    Category 2         0.924

Latent Class 2 (2)

 MOBUSE_5
    Category 1         0.120
    Category 2         0.880
 MOBUSE_6
    Category 1         0.113
    Category 2         0.887
 MOBUSE_7
    Category 1         0.105
    Category 2         0.895
 MOBUSE_8
    Category 1         0.096
    Category 2         0.904
 MOBUSE_9
    Category 1         0.086
    Category 2         0.914
 MOBUSE_10
    Category 1         0.076
    Category 2         0.924


LATENT CLASS INDICATOR ODDS RATIOS FOR THE LATENT CLASSES

                                                95% C.I.
                    Estimate       S.E.  Lower 2.5% Upper 2.5%

Latent Class 1 Compared to Latent Class 2

 MOBUSE_5
    Category > 1       1.011      0.541      0.354      2.885
 MOBUSE_6
    Category > 1       1.011      0.541      0.354      2.885
 MOBUSE_7
    Category > 1       1.011      0.541      0.354      2.885
 MOBUSE_8
    Category > 1       1.011      0.541      0.354      2.885
 MOBUSE_9
    Category > 1       1.011      0.541      0.354      2.885
 MOBUSE_1
    Category > 1       1.011      0.541      0.354      2.885


STANDARDIZED MODEL RESULTS


STDYX Standardization

                                                    Two-Tailed
                    Estimate       S.E.  Est./S.E.    P-Value

Latent Class 1 (1)

 I        |
    MOBUSE_5           0.992      0.004    261.210      0.000
    MOBUSE_6           1.123      0.038     29.584      0.000
    MOBUSE_7           1.291      0.097     13.368      0.000
    MOBUSE_8           1.512      0.195      7.746      0.000
    MOBUSE_9           1.810      0.365      4.960      0.000
    MOBUSE_10          2.215      0.655      3.382      0.001

 S        |
    MOBUSE_5           0.000      0.000    999.000    999.000
    MOBUSE_6           0.139      0.035      3.995      0.000
    MOBUSE_7           0.320      0.093      3.436      0.001
    MOBUSE_8           0.562      0.194      2.901      0.004
    MOBUSE_9           0.896      0.373      2.404      0.016
    MOBUSE_10          1.371      0.696      1.970      0.049

 S        WITH
    I                 -0.966      0.029    -32.826      0.000

 Means
    I                  0.001      0.038      0.021      0.983
    S                 -0.870      0.136     -6.393      0.000

 Thresholds
    MOBUSE_5$1        -1.175      0.050    -23.627      0.000
    MOBUSE_6$1        -1.331      0.047    -28.296      0.000
    MOBUSE_7$1        -1.530      0.091    -16.802      0.000
    MOBUSE_8$1        -1.793      0.194     -9.219      0.000
    MOBUSE_9$1        -2.145      0.384     -5.592      0.000
    MOBUSE_1$1        -2.625      0.714     -3.677      0.000

 Variances
    I                  1.000      0.000    999.000    999.000
    S                  1.000      0.000    999.000    999.000

Latent Class 2 (2)

 I        |
    MOBUSE_5           0.992      0.004    261.210      0.000
    MOBUSE_6           1.123      0.038     29.584      0.000
    MOBUSE_7           1.291      0.097     13.368      0.000
    MOBUSE_8           1.512      0.195      7.746      0.000
    MOBUSE_9           1.810      0.365      4.960      0.000
    MOBUSE_10          2.215      0.655      3.382      0.001

 S        |
    MOBUSE_5           0.000      0.000    999.000    999.000
    MOBUSE_6           0.139      0.035      3.995      0.000
    MOBUSE_7           0.320      0.093      3.436      0.001
    MOBUSE_8           0.562      0.194      2.901      0.004
    MOBUSE_9           0.896      0.373      2.404      0.016
    MOBUSE_10          1.371      0.696      1.970      0.049

 S        WITH
    I                 -0.966      0.029    -32.826      0.000

 Means
    I                  0.000      0.000    999.000    999.000
    S                 -0.870      0.136     -6.393      0.000

 Thresholds
    MOBUSE_5$1        -1.175      0.050    -23.627      0.000
    MOBUSE_6$1        -1.331      0.047    -28.296      0.000
    MOBUSE_7$1        -1.530      0.091    -16.802      0.000
    MOBUSE_8$1        -1.793      0.194     -9.219      0.000
    MOBUSE_9$1        -2.145      0.384     -5.592      0.000
    MOBUSE_1$1        -2.625      0.714     -3.677      0.000

 Variances
    I                  1.000      0.000    999.000    999.000
    S                  1.000      0.000    999.000    999.000


R-SQUARE

Class 1

    Observed                                        Two-Tailed
    Variable        Estimate       S.E.  Est./S.E.    P-Value

    MOBUSE_5           0.983      0.008    130.605      0.000
    MOBUSE_6           0.979      0.009    108.125      0.000
    MOBUSE_7           0.972      0.011     86.426      0.000
    MOBUSE_8           0.961      0.015     64.105      0.000
    MOBUSE_9           0.945      0.023     41.043      0.000
    MOBUSE_1           0.917      0.042     21.746      0.000

Class 2

    Observed                                        Two-Tailed
    Variable        Estimate       S.E.  Est./S.E.    P-Value

    MOBUSE_5           0.983      0.008    130.605      0.000
    MOBUSE_6           0.979      0.009    108.125      0.000
    MOBUSE_7           0.972      0.011     86.426      0.000
    MOBUSE_8           0.961      0.015     64.105      0.000
    MOBUSE_9           0.945      0.023     41.043      0.000
    MOBUSE_1           0.917      0.042     21.746      0.000


     Beginning Time:  10:55:05
        Ending Time:  10:56:35
       Elapsed Time:  00:01:30



MUTHEN & MUTHEN
3463 Stoner Ave.
Los Angeles, CA  90066

Tel: (310) 391-9971
Fax: (310) 391-8971
Web: www.StatModel.com
Support: Support@StatModel.com

Copyright (c) 1998-2021 Muthen & Muthen
