Mplus VERSION 8.7
MUTHEN & MUTHEN
11/08/2021   3:03 PM

INPUT INSTRUCTIONS

  TITLE: Your title goes here

   DATA: FILE = no_f2f_mm/data.dta;

   VARIABLE:

   NAMES = pidp gridmode mm hidp_5 hidp_6 hidp_7 hidp_8 hidp_9 hidp_10 indmode_5
       indmode_6 indmode_7 indmode_8 indmode_9 indmode_10 mode_type_all mode_type_no9
       mode_type_567 mode_type_7 all no9 p567 p7 switch_all switch_no9 switch_567
       switch_7 lkmove_5 xpmove_5 caruse_5 mobuse_5 netpuse_5 aidxhh_5 jbhas_5 j2has_5
       finnow_5 finfut_5 howlng_5 vote1_5 vote6_5 scsf1_5 scsf2a_5 scsf2b_5 scsf3a_5
       scsf3b_5 scsf4a_5 scsf4b_5 scsf5_5 scsf6a_5 scsf6b_5 scsf6c_5 scsf7_5 scghqa_5
       scghqb_5 scghqc_5 scghqd_5 scghqe_5 scghqf_5 scghqg_5 scghqh_5 scghqi_5
       scghqj_5 scghqk_5 scghql_5 lkmove_6 xpmove_6 caruse_6 mobuse_6 netpuse_6
       aidxhh_6 jbhas_6 j2has_6 finnow_6 finfut_6 howlng_6 vote1_6 vote6_6 scsf1_6
       scsf2a_6 scsf2b_6 scsf3a_6 scsf3b_6 scsf4a_6 scsf4b_6 scsf5_6 scsf6a_6 scsf6b_6
       scsf6c_6 scsf7_6 scghqa_6 scghqb_6 scghqc_6 scghqd_6 scghqe_6 scghqf_6 scghqg_6
       scghqh_6 scghqi_6 scghqj_6 scghqk_6 scghql_6 lkmove_7 xpmove_7 caruse_7
       mobuse_7 netpuse_7 smoker_7 aidxhh_7 jbhas_7 jbterm1_7 jbsemp_7 j2has_7
       fiyrdia_7 finnow_7 finfut_7 howlng_7 vote1_7 vote6_7 scsf2a_7 scsf2b_7 scsf3a_7
       scsf3b_7 scsf4a_7 scsf4b_7 scsf5_7 scsf6a_7 scsf6b_7 scsf6c_7 scsf7_7 scghqa_7
       scghqb_7 scghqc_7 scghqd_7 scghqe_7 scghqf_7 scghqg_7 scghqh_7 scghqi_7
       scghqj_7 scghqk_7 scghql_7 scsf1_7 lkmove_8 xpmove_8 caruse_8 mobuse_8
       netpuse_8 smoker_8 aidxhh_8 jbhas_8 jbterm1_8 jbsemp_8 j2has_8 fiyrdia_8
       finnow_8 finfut_8 scsf2a_8 scsf2b_8 scsf3a_8 scsf3b_8 scsf4a_8 scsf4b_8 scsf5_8
       scsf6a_8 scsf6b_8 scsf6c_8 scsf7_8 scghqa_8 scghqb_8 scghqc_8 scghqd_8 scghqe_8
       scghqf_8 scghqg_8 scghqh_8 scghqi_8 scghqj_8 scghqk_8 scghql_8 scsf1_8 mobuse_9
       netpuse_9 smoker_9 jbhas_9 jbterm1_9 jbsemp_9 j2has_9 fiyrdia_9 finnow_9
       finfut_9 lkmove_10 xpmove_10 mobuse_10 netpuse_10 smoker_10 aidxhh_10 jbhas_10
       jbterm1_10 jbsemp_10 j2has_10 fiyrdia_10 finnow_10 finfut_10 scsf1_10 scsf2a_10
       scsf2b_10 scsf3a_10 scsf3b_10 scsf4a_10 scsf4b_10 scsf5_10 scsf6a_10 scsf6b_10
       scsf6c_10 scsf7_10 scghqa_10 scghqb_10 scghqc_10 scghqd_10 scghqe_10 scghqf_10
       scghqg_10 scghqh_10 scghqi_10 scghqj_10 scghqk_10 scghql_10 edu agecat female
       partner sf1 longill london north urban refresh Higher A level GCSE Other age_35
       age_55 age_75 age_102 pred_all pred_no9 pred_p567 pred_p7 pred_all_w pred_no9_w
       pred_p567_w pred_p7_w;

   MISSING=.;

   USEVARIABLES ARE
   scsf6a_5
   scsf6a_6
   scsf6a_7
   scsf6a_8
   scsf6a_10;
   CLASSES = c(2);

    KNOWNCLASS = c(no9= 1 2);
  WEIGHT IS pred_no9_w;

   ANALYSIS:


      TYPE = MIXTURE;

      ESTIMATOR = MLR;

      ALGORITHM = INTEGRATION;

      Processors = 8(starts);

      STARTS = 800 200;

   Model:


      %OVERALL%

  i s | scsf6a_5@0 scsf6a_6@1 scsf6a_7@2 scsf6a_8@3 scsf6a_10@5;;

  scsf6a_5 (a);
   scsf6a_6 (a);
   scsf6a_7 (a);
   scsf6a_8 (a);
   scsf6a_10 (a);

   %c#1%
  [s] (a);
   s (b);
   s WITH i (c);
   i (d);

   %c#2%
  [s] (a);
   s (b);
   s WITH i (c);
   i (d);

   OUTPUT: SAMPSTAT;

                                  STDYX;




*** WARNING in VARIABLE command
  Note that only the first 8 characters of variable names are used in the output.
  Shorten variable names to avoid any confusion.
*** WARNING
  One or more observations has a value of 0 for the WEIGHT variable.  Consider using the
  SUBPOPULATION option to restrict the analysis to observations with a positive weight.
*** WARNING
  Data set contains unknown or missing values for variable NO9.
  This variable is used to determine the KNOWNCLASS specification.
  Number of such cases:  913
*** WARNING
  Data set contains cases with missing on all variables.
  These cases were not included in the analysis.
  Number of cases with missing on all variables:  46
   4 WARNING(S) FOUND IN THE INPUT INSTRUCTIONS



Your title goes here

SUMMARY OF ANALYSIS

Number of groups                                                 1
Number of observations                                        1098

Number of dependent variables                                    5
Number of independent variables                                  0
Number of continuous latent variables                            2
Number of categorical latent variables                           1

Observed dependent variables

  Continuous
   SCSF6A_5    SCSF6A_6    SCSF6A_7    SCSF6A_8    SCSF6A_10

Continuous latent variables
   I           S

Categorical latent variables
   C

  Knownclass            C

Variables with special functions

  Weight variable       PRED_NO9

Estimator                                                      MLR
Information matrix                                        OBSERVED
Optimization Specifications for the Quasi-Newton Algorithm for
Continuous Outcomes
  Maximum number of iterations                                 100
  Convergence criterion                                  0.100D-05
Optimization Specifications for the EM Algorithm
  Maximum number of iterations                                 500
  Convergence criteria
    Loglikelihood change                                 0.100D-02
    Relative loglikelihood change                        0.100D-05
    Derivative                                           0.100D-02
Optimization Specifications for the M step of the EM Algorithm for
Categorical Latent variables
  Number of M step iterations                                    1
  M step convergence criterion                           0.100D-02
  Basis for M step termination                           ITERATION
Optimization Specifications for the M step of the EM Algorithm for
Censored, Binary or Ordered Categorical (Ordinal), Unordered
Categorical (Nominal) and Count Outcomes
  Number of M step iterations                                    1
  M step convergence criterion                           0.100D-02
  Basis for M step termination                           ITERATION
  Maximum value for logit thresholds                            15
  Minimum value for logit thresholds                           -15
  Minimum expected cell size for chi-square              0.100D-01
Maximum number of iterations for H1                           2000
Convergence criterion for H1                             0.100D-03
Optimization algorithm                                         EMA
Integration Specifications
  Type                                                    STANDARD
  Number of integration points                                  15
  Dimensions of numerical integration                            0
  Adaptive quadrature                                           ON
Random Starts Specifications
  Number of initial stage random starts                        800
  Number of final stage optimizations                          200
  Number of initial stage iterations                            10
  Initial stage convergence criterion                    0.100D+01
  Random starts scale                                    0.500D+01
  Random seed for generating random starts                       0
Cholesky                                                       OFF

Input data file(s)
  no_f2f_mm/data.dta
Input data format  FREE


SUMMARY OF DATA

     Number of missing data patterns            31
     Number of y missing data patterns          31
     Number of u missing data patterns           0


COVARIANCE COVERAGE OF DATA

Minimum covariance coverage value   0.100


     PROPORTION OF DATA PRESENT FOR Y


           Covariance Coverage
              SCSF6A_5      SCSF6A_6      SCSF6A_7      SCSF6A_8      SCSF6A_1
              ________      ________      ________      ________      ________
 SCSF6A_5       0.505
 SCSF6A_6       0.393         0.590
 SCSF6A_7       0.370         0.470         0.676
 SCSF6A_8       0.358         0.460         0.561         0.682
 SCSF6A_1       0.317         0.409         0.480         0.528         0.633


SAMPLE STATISTICS


     ESTIMATED SAMPLE STATISTICS FOR CLASS 1


           Means
              SCSF6A_5      SCSF6A_6      SCSF6A_7      SCSF6A_8      SCSF6A_1
              ________      ________      ________      ________      ________
                2.535         2.425         2.366         2.495         2.481


           Covariances
              SCSF6A_5      SCSF6A_6      SCSF6A_7      SCSF6A_8      SCSF6A_1
              ________      ________      ________      ________      ________
 SCSF6A_5       0.803
 SCSF6A_6       0.341         0.747
 SCSF6A_7       0.368         0.269         0.730
 SCSF6A_8       0.338         0.280         0.286         0.965
 SCSF6A_1       0.228         0.223         0.270         0.325         0.834


           Correlations
              SCSF6A_5      SCSF6A_6      SCSF6A_7      SCSF6A_8      SCSF6A_1
              ________      ________      ________      ________      ________
 SCSF6A_5       1.000
 SCSF6A_6       0.440         1.000
 SCSF6A_7       0.480         0.364         1.000
 SCSF6A_8       0.384         0.330         0.341         1.000
 SCSF6A_1       0.279         0.282         0.346         0.363         1.000


     ESTIMATED SAMPLE STATISTICS FOR CLASS 2


           Means
              SCSF6A_5      SCSF6A_6      SCSF6A_7      SCSF6A_8      SCSF6A_1
              ________      ________      ________      ________      ________
                2.604         2.620         2.514         2.557         2.610


           Covariances
              SCSF6A_5      SCSF6A_6      SCSF6A_7      SCSF6A_8      SCSF6A_1
              ________      ________      ________      ________      ________
 SCSF6A_5       0.694
 SCSF6A_6       0.299         0.742
 SCSF6A_7       0.297         0.268         0.664
 SCSF6A_8       0.327         0.343         0.378         0.788
 SCSF6A_1       0.369         0.341         0.380         0.409         0.935


           Correlations
              SCSF6A_5      SCSF6A_6      SCSF6A_7      SCSF6A_8      SCSF6A_1
              ________      ________      ________      ________      ________
 SCSF6A_5       1.000
 SCSF6A_6       0.417         1.000
 SCSF6A_7       0.438         0.381         1.000
 SCSF6A_8       0.443         0.448         0.523         1.000
 SCSF6A_1       0.458         0.409         0.483         0.477         1.000


UNIVARIATE SAMPLE STATISTICS


     UNIVARIATE HIGHER-ORDER MOMENT DESCRIPTIVE STATISTICS

         Variable/         Mean/     Skewness/   Minimum/ % with                Percentiles
        Sample Size      Variance    Kurtosis    Maximum  Min/Max      20%/60%    40%/80%    Median

     SCSF6A_5              2.542       0.593       1.000    5.41%       2.000      2.000      2.000
             555.000       0.722       0.058       5.000    1.44%       3.000      3.000
     SCSF6A_6              2.523       0.662       1.000    6.02%       2.000      2.000      2.000
             648.000       0.751       0.171       5.000    2.01%       3.000      3.000
     SCSF6A_7              2.428       0.942       1.000    6.87%       2.000      2.000      2.000
             742.000       0.700       1.111       5.000    2.83%       3.000      3.000
     SCSF6A_8              2.522       0.808       1.000    5.74%       2.000      2.000      2.000
             749.000       0.864       0.300       5.000    4.67%       3.000      3.000
     SCSF6A_10             2.544       0.691       1.000    9.06%       2.000      2.000      2.000
             695.000       0.905       0.123       5.000    4.60%       3.000      3.000

RANDOM STARTS RESULTS RANKED FROM THE BEST TO THE WORST LOGLIKELIHOOD VALUES

Final stage loglikelihood values at local maxima, seeds, and initial stage start numbers:

           -5733.596  655497           376
           -5733.596  942358           644
           -5733.596  370957           554
           -5733.596  77210            712
           -5733.596  673496           218
           -5733.596  695155           150
           -5733.596  53621            483
           -5733.596  124999           96
           -5733.596  441191           361
           -5733.596  677720           681
           -5733.596  917702           693
           -5733.596  195763           358
           -5733.596  436460           89
           -5733.596  284384           600
           -5733.596  882750           646
           -5733.596  857799           315
           -5733.596  364676           27
           -5733.596  436892           565
           -5733.596  163110           584
           -5733.596  805935           615
           -5733.596  763285           620
           -5733.596  97300            640
           -5733.596  696773           80
           -5733.596  193847           354
           -5733.596  501995           791
           -5733.596  622860           259
           -5733.596  995249           525
           -5733.596  626891           32
           -5733.596  279850           555
           -5733.596  354559           73
           -5733.596  957392           79
           -5733.596  204959           695
           -5733.596  670281           721
           -5733.596  637095           207
           -5733.596  259507           53
           -5733.596  443917           60
           -5733.596  512836           289
           -5733.596  879338           309
           -5733.596  996231           310
           -5733.596  810705           626
           -5733.596  383902           673
           -5733.596  534193           689
           -5733.596  7195             697
           -5733.596  625191           350
           -5733.596  512403           719
           -5733.596  131856           90
           -5733.596  646573           741
           -5733.596  415502           194
           -5733.596  609089           241
           -5733.596  520177           262
           -5733.596  840031           276
           -5733.596  830529           279
           -5733.596  67009            564
           -5733.596  81117            305
           -5733.596  752476           614
           -5733.596  738393           619
           -5733.596  264901           634
           -5733.596  322790           636
           -5733.596  853781           716
           -5733.596  721392           768
           -5733.596  1548             384
           -5733.596  533738           11
           -5733.596  967237           48
           -5733.596  137377           397
           -5733.596  604861           800
           -5733.596  263221           447
           -5733.596  408713           450
           -5733.596  263049           454
           -5733.596  922042           492
           -5733.596  27071            15
           -5733.596  858804           534
           -5733.596  691041           590
           -5733.596  479273           156
           -5733.596  781489           627
           -5733.596  459221           652
           -5733.596  569833           85
           -5733.596  964570           701
           -5733.596  461866           722
           -5733.596  618000           190
           -5733.596  496710           386
           -5733.596  570908           98
           -5733.596  772131           407
           -5733.596  292884           103
           -5733.596  535804           111
           -5733.596  188640           451
           -5733.596  359578           458
           -5733.596  320494           465
           -5733.596  960438           116
           -5733.596  175199           247
           -5733.596  314034           513
           -5733.596  566687           597
           -5733.596  667250           318
           -5733.596  127215           9
           -5733.596  645664           39
           -5733.596  573096           20
           -5733.596  712702           684
           -5733.596  647617           725
           -5733.596  402224           91
           -5733.596  317868           740
           -5733.596  348637           749
           -5733.596  777045           377
           -5733.596  247224           94
           -5733.596  507154           387
           -5733.596  168762           200
           -5733.596  973369           202
           -5733.596  190339           102
           -5733.596  903420           5
           -5733.596  791285           416
           -5733.596  665121           417
           -5733.596  505879           424
           -5733.596  508482           446
           -5733.596  576220           115
           -5733.596  69413            472
           -5733.596  978061           488
           -5733.596  650371           14
           -5733.596  887580           493
           -5733.596  123985           248
           -5733.596  794236           127
           -5733.596  489927           520
           -5733.596  467339           66
           -5733.596  529455           268
           -5733.596  331681           549
           -5733.596  848331           137
           -5733.596  545140           278
           -5733.596  614009           317
           -5733.596  396795           323
           -5733.596  266008           656
           -5733.596  373702           669
           -5733.596  266340           683
           -5733.596  580181           691
           -5733.596  765586           709
           -5733.596  3307             735
           -5733.596  370481           742
           -5733.596  329127           185
           -5733.596  220492           743
           -5733.596  182524           373
           -5733.596  298553           773
           -5733.596  801065           393
           -5733.596  714997           399
           -5733.596  605161           409
           -5733.596  898745           466
           -5733.596  471438           252
           -5733.596  766903           505
           -5733.596  752769           253
           -5733.596  378393           509
           -5733.596  509733           130
           -5733.596  347222           533
           -5733.596  160326           546
           -5733.596  172913           557
           -5733.596  699810           571
           -5733.596  246575           291
           -5733.596  211281           292
           -5733.596  260601           36
           -5733.596  316165           299
           -5733.596  192191           629
           -5733.596  383986           159
           -5733.596  314757           345
           -5733.596  728038           177
           -5733.596  91231            727
           -5733.596  875667           367
           -5733.596  231400           738
           -5733.596  621542           375
           -5733.596  726035           191
           -5733.596  416250           390
           -5733.596  303834           798
           -5733.596  840078           203
           -5733.596  748692           204
           -5733.596  85734            411
           -5733.596  238906           430
           -5733.596  853195           431
           -5733.596  997222           229
           -5733.596  216565           474
           -5733.596  59674            240
           -5733.596  715561           125
           -5733.596  933578           506
           -5733.596  126371           526
           -5733.596  312754           562
           -5733.596  473942           574
           -5733.596  260953           589
           -5733.596  484501           163
           -5733.596  215353           164
           -5733.596  760850           739
           -5733.596  241197           747
           -5733.596  458181           189
           -5733.596  496881           192
           -5733.596  471040           403
           -5733.596  802682           419
           -5733.596  118438           601
           -5733.596  414284           158
           -5733.596  411615           171
           -5733.596  551340           766
           -5733.596  570681           777
           -5733.596  499150           216
           -5733.596  399848           220
           -5733.596  unperturbed      0
           -5733.596  371246           101
           -5733.596  700349           401
           -5733.596  342019           301
           -5733.596  36714            201
           -5733.596  294669           501



THE BEST LOGLIKELIHOOD VALUE HAS BEEN REPLICATED.  RERUN WITH AT LEAST TWICE THE
RANDOM STARTS TO CHECK THAT THE BEST LOGLIKELIHOOD IS STILL OBTAINED AND REPLICATED.


THE MODEL ESTIMATION TERMINATED NORMALLY



MODEL FIT INFORMATION

Number of Free Parameters                        7

Loglikelihood

          H0 Value                       -5733.596
          H0 Scaling Correction Factor      1.9792
            for MLR

Information Criteria

          Akaike (AIC)                   11481.191
          Bayesian (BIC)                 11516.200
          Sample-Size Adjusted BIC       11493.966
            (n* = (n + 2) / 24)



FINAL CLASS COUNTS AND PROPORTIONS FOR THE LATENT CLASSES
BASED ON THE ESTIMATED MODEL

    Latent
   Classes

       1        559.00000          0.50911
       2        539.00000          0.49089


MODEL RESULTS

                                                    Two-Tailed
                    Estimate       S.E.  Est./S.E.    P-Value

Latent Class 1 (1)

 I        |
    SCSF6A_5           1.000      0.000    999.000    999.000
    SCSF6A_6           1.000      0.000    999.000    999.000
    SCSF6A_7           1.000      0.000    999.000    999.000
    SCSF6A_8           1.000      0.000    999.000    999.000
    SCSF6A_10          1.000      0.000    999.000    999.000

 S        |
    SCSF6A_5           0.000      0.000    999.000    999.000
    SCSF6A_6           1.000      0.000    999.000    999.000
    SCSF6A_7           2.000      0.000    999.000    999.000
    SCSF6A_8           3.000      0.000    999.000    999.000
    SCSF6A_10          5.000      0.000    999.000    999.000

 S        WITH
    I                 -0.193      0.027     -7.115      0.000

 Means
    I                  1.974      0.053     37.180      0.000
    S                  0.281      0.014     20.268      0.000

 Intercepts
    SCSF6A_5           0.000      0.000    999.000    999.000
    SCSF6A_6           0.000      0.000    999.000    999.000
    SCSF6A_7           0.000      0.000    999.000    999.000
    SCSF6A_8           0.000      0.000    999.000    999.000
    SCSF6A_10          0.000      0.000    999.000    999.000

 Variances
    I                  0.697      0.074      9.352      0.000
    S                  0.110      0.011      9.832      0.000

 Residual Variances
    SCSF6A_5           0.281      0.014     20.268      0.000
    SCSF6A_6           0.281      0.014     20.268      0.000
    SCSF6A_7           0.281      0.014     20.268      0.000
    SCSF6A_8           0.281      0.014     20.268      0.000
    SCSF6A_10          0.281      0.014     20.268      0.000

Latent Class 2 (2)

 I        |
    SCSF6A_5           1.000      0.000    999.000    999.000
    SCSF6A_6           1.000      0.000    999.000    999.000
    SCSF6A_7           1.000      0.000    999.000    999.000
    SCSF6A_8           1.000      0.000    999.000    999.000
    SCSF6A_10          1.000      0.000    999.000    999.000

 S        |
    SCSF6A_5           0.000      0.000    999.000    999.000
    SCSF6A_6           1.000      0.000    999.000    999.000
    SCSF6A_7           2.000      0.000    999.000    999.000
    SCSF6A_8           3.000      0.000    999.000    999.000
    SCSF6A_10          5.000      0.000    999.000    999.000

 S        WITH
    I                 -0.193      0.027     -7.115      0.000

 Means
    I                  2.098      0.047     44.726      0.000
    S                  0.281      0.014     20.268      0.000

 Intercepts
    SCSF6A_5           0.000      0.000    999.000    999.000
    SCSF6A_6           0.000      0.000    999.000    999.000
    SCSF6A_7           0.000      0.000    999.000    999.000
    SCSF6A_8           0.000      0.000    999.000    999.000
    SCSF6A_10          0.000      0.000    999.000    999.000

 Variances
    I                  0.697      0.074      9.352      0.000
    S                  0.110      0.011      9.832      0.000

 Residual Variances
    SCSF6A_5           0.281      0.014     20.268      0.000
    SCSF6A_6           0.281      0.014     20.268      0.000
    SCSF6A_7           0.281      0.014     20.268      0.000
    SCSF6A_8           0.281      0.014     20.268      0.000
    SCSF6A_10          0.281      0.014     20.268      0.000

Categorical Latent Variables

 Means
    C#1                0.036      0.076      0.480      0.631


QUALITY OF NUMERICAL RESULTS

     Condition Number for the Information Matrix              0.183E-02
       (ratio of smallest to largest eigenvalue)


STANDARDIZED MODEL RESULTS


STDYX Standardization

                                                    Two-Tailed
                    Estimate       S.E.  Est./S.E.    P-Value

Latent Class 1 (1)

 I        |
    SCSF6A_5           0.844      0.013     63.326      0.000
    SCSF6A_6           0.996      0.031     32.610      0.000
    SCSF6A_7           1.037      0.056     18.371      0.000
    SCSF6A_8           0.925      0.064     14.379      0.000
    SCSF6A_10          0.621      0.045     13.816      0.000

 S        |
    SCSF6A_5           0.000      0.000    999.000    999.000
    SCSF6A_6           0.396      0.019     21.206      0.000
    SCSF6A_7           0.825      0.043     19.373      0.000
    SCSF6A_8           1.104      0.055     19.917      0.000
    SCSF6A_10          1.235      0.045     27.364      0.000

 S        WITH
    I                 -0.695      0.041    -17.150      0.000

 Means
    I                  2.364      0.162     14.570      0.000
    S                  0.847      0.030     28.626      0.000

 Intercepts
    SCSF6A_5           0.000      0.000    999.000    999.000
    SCSF6A_6           0.000      0.000    999.000    999.000
    SCSF6A_7           0.000      0.000    999.000    999.000
    SCSF6A_8           0.000      0.000    999.000    999.000
    SCSF6A_10          0.000      0.000    999.000    999.000

 Variances
    I                  1.000      0.000    999.000    999.000
    S                  1.000      0.000    999.000    999.000

 Residual Variances
    SCSF6A_5           0.288      0.022     12.791      0.000
    SCSF6A_6           0.400      0.026     15.453      0.000
    SCSF6A_7           0.434      0.024     17.852      0.000
    SCSF6A_8           0.346      0.021     16.715      0.000
    SCSF6A_10          0.156      0.010     16.133      0.000

Latent Class 2 (2)

 I        |
    SCSF6A_5           0.844      0.013     63.326      0.000
    SCSF6A_6           0.996      0.031     32.610      0.000
    SCSF6A_7           1.037      0.056     18.371      0.000
    SCSF6A_8           0.925      0.064     14.379      0.000
    SCSF6A_10          0.621      0.045     13.816      0.000

 S        |
    SCSF6A_5           0.000      0.000    999.000    999.000
    SCSF6A_6           0.396      0.019     21.206      0.000
    SCSF6A_7           0.825      0.043     19.373      0.000
    SCSF6A_8           1.104      0.055     19.917      0.000
    SCSF6A_10          1.235      0.045     27.364      0.000

 S        WITH
    I                 -0.695      0.041    -17.150      0.000

 Means
    I                  2.513      0.171     14.711      0.000
    S                  0.847      0.030     28.626      0.000

 Intercepts
    SCSF6A_5           0.000      0.000    999.000    999.000
    SCSF6A_6           0.000      0.000    999.000    999.000
    SCSF6A_7           0.000      0.000    999.000    999.000
    SCSF6A_8           0.000      0.000    999.000    999.000
    SCSF6A_10          0.000      0.000    999.000    999.000

 Variances
    I                  1.000      0.000    999.000    999.000
    S                  1.000      0.000    999.000    999.000

 Residual Variances
    SCSF6A_5           0.288      0.022     12.791      0.000
    SCSF6A_6           0.400      0.026     15.453      0.000
    SCSF6A_7           0.434      0.024     17.852      0.000
    SCSF6A_8           0.346      0.021     16.715      0.000
    SCSF6A_10          0.156      0.010     16.133      0.000


R-SQUARE

Class 1

    Observed                                        Two-Tailed
    Variable        Estimate       S.E.  Est./S.E.    P-Value

    SCSF6A_5           0.712      0.022     31.663      0.000
    SCSF6A_6           0.600      0.026     23.135      0.000
    SCSF6A_7           0.566      0.024     23.263      0.000
    SCSF6A_8           0.654      0.021     31.652      0.000
    SCSF6A_1           0.844      0.010     87.566      0.000

Class 2

    Observed                                        Two-Tailed
    Variable        Estimate       S.E.  Est./S.E.    P-Value

    SCSF6A_5           0.712      0.022     31.663      0.000
    SCSF6A_6           0.600      0.026     23.135      0.000
    SCSF6A_7           0.566      0.024     23.263      0.000
    SCSF6A_8           0.654      0.021     31.652      0.000
    SCSF6A_1           0.844      0.010     87.566      0.000


     Beginning Time:  15:03:30
        Ending Time:  15:03:36
       Elapsed Time:  00:00:06



MUTHEN & MUTHEN
3463 Stoner Ave.
Los Angeles, CA  90066

Tel: (310) 391-9971
Fax: (310) 391-8971
Web: www.StatModel.com
Support: Support@StatModel.com

Copyright (c) 1998-2021 Muthen & Muthen
