Mplus VERSION 8.7
MUTHEN & MUTHEN
11/08/2021  12:01 PM

INPUT INSTRUCTIONS

  TITLE: Your title goes here

   DATA: FILE = no_f2f_mm/data.dta;

   VARIABLE:

   NAMES = pidp gridmode mm hidp_5 hidp_6 hidp_7 hidp_8 hidp_9 hidp_10 indmode_5
       indmode_6 indmode_7 indmode_8 indmode_9 indmode_10 mode_type_all mode_type_no9
       mode_type_567 mode_type_7 all no9 p567 p7 switch_all switch_no9 switch_567
       switch_7 lkmove_5 xpmove_5 caruse_5 mobuse_5 netpuse_5 aidxhh_5 jbhas_5 j2has_5
       finnow_5 finfut_5 howlng_5 vote1_5 vote6_5 scsf1_5 scsf2a_5 scsf2b_5 scsf3a_5
       scsf3b_5 scsf4a_5 scsf4b_5 scsf5_5 scsf6a_5 scsf6b_5 scsf6c_5 scsf7_5 scghqa_5
       scghqb_5 scghqc_5 scghqd_5 scghqe_5 scghqf_5 scghqg_5 scghqh_5 scghqi_5
       scghqj_5 scghqk_5 scghql_5 lkmove_6 xpmove_6 caruse_6 mobuse_6 netpuse_6
       aidxhh_6 jbhas_6 j2has_6 finnow_6 finfut_6 howlng_6 vote1_6 vote6_6 scsf1_6
       scsf2a_6 scsf2b_6 scsf3a_6 scsf3b_6 scsf4a_6 scsf4b_6 scsf5_6 scsf6a_6 scsf6b_6
       scsf6c_6 scsf7_6 scghqa_6 scghqb_6 scghqc_6 scghqd_6 scghqe_6 scghqf_6 scghqg_6
       scghqh_6 scghqi_6 scghqj_6 scghqk_6 scghql_6 lkmove_7 xpmove_7 caruse_7
       mobuse_7 netpuse_7 smoker_7 aidxhh_7 jbhas_7 jbterm1_7 jbsemp_7 j2has_7
       fiyrdia_7 finnow_7 finfut_7 howlng_7 vote1_7 vote6_7 scsf2a_7 scsf2b_7 scsf3a_7
       scsf3b_7 scsf4a_7 scsf4b_7 scsf5_7 scsf6a_7 scsf6b_7 scsf6c_7 scsf7_7 scghqa_7
       scghqb_7 scghqc_7 scghqd_7 scghqe_7 scghqf_7 scghqg_7 scghqh_7 scghqi_7
       scghqj_7 scghqk_7 scghql_7 scsf1_7 lkmove_8 xpmove_8 caruse_8 mobuse_8
       netpuse_8 smoker_8 aidxhh_8 jbhas_8 jbterm1_8 jbsemp_8 j2has_8 fiyrdia_8
       finnow_8 finfut_8 scsf2a_8 scsf2b_8 scsf3a_8 scsf3b_8 scsf4a_8 scsf4b_8 scsf5_8
       scsf6a_8 scsf6b_8 scsf6c_8 scsf7_8 scghqa_8 scghqb_8 scghqc_8 scghqd_8 scghqe_8
       scghqf_8 scghqg_8 scghqh_8 scghqi_8 scghqj_8 scghqk_8 scghql_8 scsf1_8 mobuse_9
       netpuse_9 smoker_9 jbhas_9 jbterm1_9 jbsemp_9 j2has_9 fiyrdia_9 finnow_9
       finfut_9 lkmove_10 xpmove_10 mobuse_10 netpuse_10 smoker_10 aidxhh_10 jbhas_10
       jbterm1_10 jbsemp_10 j2has_10 fiyrdia_10 finnow_10 finfut_10 scsf1_10 scsf2a_10
       scsf2b_10 scsf3a_10 scsf3b_10 scsf4a_10 scsf4b_10 scsf5_10 scsf6a_10 scsf6b_10
       scsf6c_10 scsf7_10 scghqa_10 scghqb_10 scghqc_10 scghqd_10 scghqe_10 scghqf_10
       scghqg_10 scghqh_10 scghqi_10 scghqj_10 scghqk_10 scghql_10 edu agecat female
       partner sf1 longill london north urban refresh Higher A level GCSE Other age_35
       age_55 age_75 age_102 pred_all pred_no9 pred_p567 pred_p7 pred_all_w pred_no9_w
       pred_p567_w pred_p7_w;

   MISSING=.;

   USEVARIABLES ARE
   scghqd_5
   scghqd_6
   scghqd_7
   scghqd_8
   scghqd_10;

   CATEGORICAL ARE
   scghqd_5
   scghqd_6
   scghqd_7
   scghqd_8
   scghqd_10;
   CLASSES = c(2);

    KNOWNCLASS = c(no9= 1 2);
  WEIGHT IS pred_no9_w;

   ANALYSIS:


      TYPE = MIXTURE;

      ESTIMATOR = MLR;

      ALGORITHM = INTEGRATION;

      Processors = 8(starts);

      STARTS = 800 200;

   Model:


      %OVERALL%

  i s | scghqd_5@0 scghqd_6@1 scghqd_7@2 scghqd_8@3 scghqd_10@5;
   %c#1%
  [s] ;
   s ;
   s WITH i ;
   i ;

   %c#2%
  [s] ;
   s ;
   s WITH i ;
   i ;

   OUTPUT: SAMPSTAT;

                                  STDYX;




*** WARNING in VARIABLE command
  Note that only the first 8 characters of variable names are used in the output.
  Shorten variable names to avoid any confusion.
*** WARNING
  One or more observations has a value of 0 for the WEIGHT variable.  Consider using the
  SUBPOPULATION option to restrict the analysis to observations with a positive weight.
*** WARNING
  Data set contains unknown or missing values for variable NO9.
  This variable is used to determine the KNOWNCLASS specification.
  Number of such cases:  913
*** WARNING
  Data set contains cases with missing on all variables.
  These cases were not included in the analysis.
  Number of cases with missing on all variables:  43
   4 WARNING(S) FOUND IN THE INPUT INSTRUCTIONS



Your title goes here

SUMMARY OF ANALYSIS

Number of groups                                                 1
Number of observations                                        1101

Number of dependent variables                                    5
Number of independent variables                                  0
Number of continuous latent variables                            2
Number of categorical latent variables                           1

Observed dependent variables

  Binary and ordered categorical (ordinal)
   SCGHQD_5    SCGHQD_6    SCGHQD_7    SCGHQD_8    SCGHQD_1

Continuous latent variables
   I           S

Categorical latent variables
   C

  Knownclass            C

Variables with special functions

  Weight variable       PRED_NO9

Estimator                                                      MLR
Information matrix                                        OBSERVED
Optimization Specifications for the Quasi-Newton Algorithm for
Continuous Outcomes
  Maximum number of iterations                                 100
  Convergence criterion                                  0.100D-05
Optimization Specifications for the EM Algorithm
  Maximum number of iterations                                 500
  Convergence criteria
    Loglikelihood change                                 0.100D-02
    Relative loglikelihood change                        0.100D-05
    Derivative                                           0.100D-02
Optimization Specifications for the M step of the EM Algorithm for
Categorical Latent variables
  Number of M step iterations                                    1
  M step convergence criterion                           0.100D-02
  Basis for M step termination                           ITERATION
Optimization Specifications for the M step of the EM Algorithm for
Censored, Binary or Ordered Categorical (Ordinal), Unordered
Categorical (Nominal) and Count Outcomes
  Number of M step iterations                                    1
  M step convergence criterion                           0.100D-02
  Basis for M step termination                           ITERATION
  Maximum value for logit thresholds                            15
  Minimum value for logit thresholds                           -15
  Minimum expected cell size for chi-square              0.100D-01
Maximum number of iterations for H1                           2000
Convergence criterion for H1                             0.100D-03
Optimization algorithm                                         EMA
Integration Specifications
  Type                                                    STANDARD
  Number of integration points                                  15
  Dimensions of numerical integration                            2
  Adaptive quadrature                                           ON
Random Starts Specifications
  Number of initial stage random starts                        800
  Number of final stage optimizations                          200
  Number of initial stage iterations                            10
  Initial stage convergence criterion                    0.100D+01
  Random starts scale                                    0.500D+01
  Random seed for generating random starts                       0
Link                                                         LOGIT
Cholesky                                                        ON

Input data file(s)
  no_f2f_mm/data.dta
Input data format  FREE


SUMMARY OF DATA

     Number of missing data patterns            31
     Number of y missing data patterns           0
     Number of u missing data patterns          31


COVARIANCE COVERAGE OF DATA

Minimum covariance coverage value   0.100


     PROPORTION OF DATA PRESENT FOR U


           Covariance Coverage
              SCGHQD_5      SCGHQD_6      SCGHQD_7      SCGHQD_8      SCGHQD_1
              ________      ________      ________      ________      ________
 SCGHQD_5       0.506
 SCGHQD_6       0.393         0.588
 SCGHQD_7       0.370         0.467         0.674
 SCGHQD_8       0.354         0.456         0.556         0.676
 SCGHQD_1       0.322         0.411         0.483         0.532         0.642


UNIVARIATE PROPORTIONS AND COUNTS FOR CATEGORICAL VARIABLES

    SCGHQD_5
      Category 1    0.050           35.428
      Category 2    0.860          610.036
      Category 3    0.074           52.190
      Category 4    0.017           12.086
    SCGHQD_6
      Category 1    0.055           46.130
      Category 2    0.847          710.201
      Category 3    0.088           73.969
      Category 4    0.009            7.831
    SCGHQD_7
      Category 1    0.054           42.275
      Category 2    0.872          678.407
      Category 3    0.057           44.523
      Category 4    0.016           12.519
    SCGHQD_8
      Category 1    0.077           55.937
      Category 2    0.836          610.631
      Category 3    0.076           55.855
      Category 4    0.011            8.065
    SCGHQD_1
      Category 1    0.032           21.084
      Category 2    0.873          576.864
      Category 3    0.079           51.896
      Category 4    0.017           10.919


SAMPLE STATISTICS

RANDOM STARTS RESULTS RANKED FROM THE BEST TO THE WORST LOGLIKELIHOOD VALUES

Final stage loglikelihood values at local maxima, seeds, and initial stage start numbers:

           -2681.367  850545           357
           -2681.368  650371           14
           -2681.372  576220           115
           -2681.372  715561           125
           -2681.372  604861           800
           -2681.372  617243           237
           -2681.372  188640           451
           -2681.372  958107           790
           -2681.372  903633           553
           -2681.372  682718           733
           -2681.372  765392           382
           -2681.372  569338           755
           -2681.372  392751           480
           -2681.372  238906           430
           -2681.373  66276            217
           -2681.373  481835           57
           -2681.373  303834           798
           -2681.373  933578           506
           -2681.373  992389           77
           -2681.373  508482           446
           -2681.373  266340           683
           -2681.373  692169           308
           -2681.373  435287           623
           -2681.373  232559           136
           -2681.373  22075            659
           -2681.373  157351           579
           -2681.374  251641           784
           -2681.374  499150           216
           -2681.374  197223           332
           -2681.374  644297           340
           -2681.374  81117            305
           -2681.374  475420           71
           -2681.374  106561           686
           -2681.375  674171           195
           -2681.375  852283           616
           -2681.375  25127            107
           -2681.375  319144           176
           -2681.375  851945           18
           -2681.375  940533           764
           -2681.375  691041           590
           -2681.375  146900           391
           -2681.375  814975           129
           -2681.375  991329           182
           -2681.375  677720           681
           -2681.376  939021           8
           -2681.376  622860           259
           -2681.376  411615           171
           -2681.376  67009            564
           -2681.376  404426           344
           -2681.376  118438           601
           -2681.376  313407           132
           -2681.377  642909           251
           -2681.377  35191            703
           -2681.377  259507           53
           -2681.377  4091             548
           -2681.377  416463           467
           -2681.377  592219           119
           -2681.377  383902           673
           -2681.377  539389           544
           -2681.377  359578           458
           -2681.378  282464           283
           -2681.378  155622           507
           -2681.378  276102           599
           -2681.378  247912           537
           -2681.378  840031           276
           -2681.378  343926           624
           -2681.378  1548             384
           -2681.378  471040           403
           -2681.378  112586           494
           -2681.378  82357            339
           -2681.378  626891           32
           -2681.378  377584           630
           -2681.378  220454           288
           -2681.378  691234           250
           -2681.378  778953           635
           -2681.378  575700           100
           -2681.378  442072           625
           -2681.378  640833           434
           -2681.378  566739           575
           -2681.378  97300            640
           -2681.378  178181           753
           -2681.378  314757           345
           -2681.378  415502           194
           -2681.378  686482           215
           -2681.379  801065           393
           -2681.379  432148           30
           -2681.379  700349           401
           -2681.379  241197           747
           -2681.379  464179           106
           -2681.379  602032           648
           -2681.379  667250           318
           -2681.379  694303           282
           -2681.379  413564           535
           -2681.379  520865           763
           -2681.379  153053           378
           -2681.379  655497           376
           -2681.379  801717           364
           -2681.379  105435           265
           -2681.379  930323           267
           -2681.379  unperturbed      0
           -2681.379  215353           164
           -2681.379  584397           428
           -2681.379  379729           512
           -2681.379  327475           518
           -2681.379  822698           621
           -2681.379  569833           85
           -2681.379  488581           688
           -2681.379  376411           473
           -2681.379  625191           350
           -2681.379  876943           650
           -2681.379  329127           185
           -2681.379  923437           398
           -2681.380  804561           59
           -2681.380  226322           478
           -2681.380  396795           323
           -2681.380  878749           728
           -2681.380  631413           439
           -2681.380  792389           746
           -2681.380  138695           783
           -2681.380  793035           187
           -2681.380  483369           270
           -2681.380  939709           112
           -2681.380  749635           420
           -2681.380  967237           48
           -2681.380  73576            213
           -2681.380  963053           43
           -2681.380  637095           207
           -2681.380  371737           532
           -2681.380  965639           463
           -2681.380  405371           569
           -2681.380  638611           524
           -2681.380  835767           210
           -2681.380  695155           150
           -2681.380  391179           78
           -2681.380  130011           587
           -2681.380  315029           471
           -2681.380  699834           723
           -2681.380  749453           33
           -2681.381  92689            304
           -2681.381  204959           695
           -2681.381  898745           466
           -2681.381  647617           725
           -2681.381  117731           570
           -2681.381  871851           257
           -2681.381  341519           653
           -2681.381  88437            761
           -2681.381  798839           312
           -2681.381  320494           465
           -2681.381  484687           306
           -2681.381  529455           268
           -2681.381  192071           142
           -2681.381  27071            15
           -2681.381  360419           356
           -2681.381  378393           509
           -2681.381  266008           656
           -2681.381  995249           525
           -2681.381  354395           486
           -2681.381  512403           719
           -2681.381  738393           619
           -2681.381  793487           595
           -2681.381  915642           40
           -2681.381  699554           427
           -2681.381  970689           266
           -2681.381  348637           749
           -2681.381  399848           220
           -2681.381  603842           61
           -2681.382  358488           264
           -2681.382  190339           102
           -2681.384  519357           559
           -2681.386  641794           591
           -2681.388  775881           778
           -2681.391  318230           46
           -2681.395  891531           206
           -2681.396  879211           453
           -2681.397  68850            462
           -2681.398  599729           658
           -2681.399  137305           379
           -2681.401  402699           604
           -2681.401  335485           496
           -2681.401  167409           772
           -2681.401  821011           161
           -2681.402  987090           70
           -2681.402  576596           99
           -2681.405  964570           701
           -2681.405  263268           165
           -2681.406  953843           651
           -2681.406  294669           501
           -2681.408  595153           230
           -2681.410  802779           122
           -2681.410  810705           626
           -2681.411  165853           105
           -2681.412  670281           721
           -2681.412  244349           736
           -2681.412  284109           82
           -2681.413  496881           192
           -2681.413  246575           291
           -2681.413  77210            712
           -2681.413  887676           22
           -2681.413  875667           367
           -2681.414  736574           414



THE BEST LOGLIKELIHOOD VALUE HAS BEEN REPLICATED.  RERUN WITH AT LEAST TWICE THE
RANDOM STARTS TO CHECK THAT THE BEST LOGLIKELIHOOD IS STILL OBTAINED AND REPLICATED.


THE MODEL ESTIMATION TERMINATED NORMALLY



MODEL FIT INFORMATION

Number of Free Parameters                       13

Loglikelihood

          H0 Value                       -2681.367
          H0 Scaling Correction Factor      1.7631
            for MLR

Information Criteria

          Akaike (AIC)                    5388.734
          Bayesian (BIC)                  5453.785
          Sample-Size Adjusted BIC        5412.494
            (n* = (n + 2) / 24)

Chi-Square Test of Model Fit for the Binary and Ordered Categorical
(Ordinal) Outcomes**

          Pearson Chi-Square

          Value                           1324.684
          Degrees of Freedom                  2019
          P-Value                           1.0000

          Likelihood Ratio Chi-Square

          Value                            573.957
          Degrees of Freedom                  2019
          P-Value                           1.0000

** Of the 3124 cells in the latent class indicator table, 8
   were deleted in the calculation of chi-square due to extreme values.

Chi-Square Test for MCAR under the Unrestricted Latent Class Indicator Model

          Pearson Chi-Square

          Value                           1553.643
          Degrees of Freedom                  4139
          P-Value                           1.0000

          Likelihood Ratio Chi-Square

          Value                           1173.095
          Degrees of Freedom                  4139
          P-Value                           1.0000



FINAL CLASS COUNTS AND PROPORTIONS FOR THE LATENT CLASSES
BASED ON THE ESTIMATED MODEL

    Latent
   Classes

       1        562.00000          0.51045
       2        539.00000          0.48955


MODEL RESULTS

                                                    Two-Tailed
                    Estimate       S.E.  Est./S.E.    P-Value

Latent Class 1 (1)

 I        |
    SCGHQD_5           1.000      0.000    999.000    999.000
    SCGHQD_6           1.000      0.000    999.000    999.000
    SCGHQD_7           1.000      0.000    999.000    999.000
    SCGHQD_8           1.000      0.000    999.000    999.000
    SCGHQD_10          1.000      0.000    999.000    999.000

 S        |
    SCGHQD_5           0.000      0.000    999.000    999.000
    SCGHQD_6           1.000      0.000    999.000    999.000
    SCGHQD_7           2.000      0.000    999.000    999.000
    SCGHQD_8           3.000      0.000    999.000    999.000
    SCGHQD_10          5.000      0.000    999.000    999.000

 S        WITH
    I                 -0.064      0.263     -0.241      0.809

 Means
    I                 -0.083      0.270     -0.308      0.758
    S                  0.045      0.071      0.629      0.530

 Thresholds
    SCGHQD_5$1        -3.754      0.229    -16.367      0.000
    SCGHQD_5$2         3.101      0.202     15.376      0.000
    SCGHQD_5$3         5.339      0.328     16.285      0.000
    SCGHQD_6$1        -3.754      0.229    -16.367      0.000
    SCGHQD_6$2         3.101      0.202     15.376      0.000
    SCGHQD_6$3         5.339      0.328     16.285      0.000
    SCGHQD_7$1        -3.754      0.229    -16.367      0.000
    SCGHQD_7$2         3.101      0.202     15.376      0.000
    SCGHQD_7$3         5.339      0.328     16.285      0.000
    SCGHQD_8$1        -3.754      0.229    -16.367      0.000
    SCGHQD_8$2         3.101      0.202     15.376      0.000
    SCGHQD_8$3         5.339      0.328     16.285      0.000
    SCGHQD_1$1        -3.754      0.229    -16.367      0.000
    SCGHQD_1$2         3.101      0.202     15.376      0.000
    SCGHQD_1$3         5.339      0.328     16.285      0.000

 Variances
    I                  2.297      0.961      2.391      0.017
    S                  0.015      0.087      0.172      0.863

Latent Class 2 (2)

 I        |
    SCGHQD_5           1.000      0.000    999.000    999.000
    SCGHQD_6           1.000      0.000    999.000    999.000
    SCGHQD_7           1.000      0.000    999.000    999.000
    SCGHQD_8           1.000      0.000    999.000    999.000
    SCGHQD_10          1.000      0.000    999.000    999.000

 S        |
    SCGHQD_5           0.000      0.000    999.000    999.000
    SCGHQD_6           1.000      0.000    999.000    999.000
    SCGHQD_7           2.000      0.000    999.000    999.000
    SCGHQD_8           3.000      0.000    999.000    999.000
    SCGHQD_10          5.000      0.000    999.000    999.000

 S        WITH
    I                 -0.001      0.057     -0.020      0.984

 Means
    I                  0.000      0.000    999.000    999.000
    S                 -0.002      0.040     -0.045      0.964

 Thresholds
    SCGHQD_5$1        -3.754      0.229    -16.367      0.000
    SCGHQD_5$2         3.101      0.202     15.376      0.000
    SCGHQD_5$3         5.339      0.328     16.285      0.000
    SCGHQD_6$1        -3.754      0.229    -16.367      0.000
    SCGHQD_6$2         3.101      0.202     15.376      0.000
    SCGHQD_6$3         5.339      0.328     16.285      0.000
    SCGHQD_7$1        -3.754      0.229    -16.367      0.000
    SCGHQD_7$2         3.101      0.202     15.376      0.000
    SCGHQD_7$3         5.339      0.328     16.285      0.000
    SCGHQD_8$1        -3.754      0.229    -16.367      0.000
    SCGHQD_8$2         3.101      0.202     15.376      0.000
    SCGHQD_8$3         5.339      0.328     16.285      0.000
    SCGHQD_1$1        -3.754      0.229    -16.367      0.000
    SCGHQD_1$2         3.101      0.202     15.376      0.000
    SCGHQD_1$3         5.339      0.328     16.285      0.000

 Variances
    I                  2.391      0.531      4.505      0.000
    S                  0.000      0.000      0.578      0.563

Categorical Latent Variables

 Means
    C#1                0.042      0.076      0.549      0.583


QUALITY OF NUMERICAL RESULTS

     Condition Number for the Information Matrix              0.476E-04
       (ratio of smallest to largest eigenvalue)


RESULTS IN PROBABILITY SCALE

                    Estimate

Latent Class 1 (1)

 SCGHQD_5
    Category 1         0.058
    Category 2         0.857
    Category 3         0.072
    Category 4         0.013
 SCGHQD_6
    Category 1         0.055
    Category 2         0.860
    Category 3         0.073
    Category 4         0.013
 SCGHQD_7
    Category 1         0.051
    Category 2         0.862
    Category 3         0.074
    Category 4         0.013
 SCGHQD_8
    Category 1         0.049
    Category 2         0.862
    Category 3         0.076
    Category 4         0.013
 SCGHQD_10
    Category 1         0.045
    Category 2         0.860
    Category 3         0.081
    Category 4         0.014

Latent Class 2 (2)

 SCGHQD_5
    Category 1         0.056
    Category 2         0.852
    Category 3         0.078
    Category 4         0.014
 SCGHQD_6
    Category 1         0.056
    Category 2         0.852
    Category 3         0.078
    Category 4         0.014
 SCGHQD_7
    Category 1         0.056
    Category 2         0.852
    Category 3         0.078
    Category 4         0.014
 SCGHQD_8
    Category 1         0.056
    Category 2         0.852
    Category 3         0.078
    Category 4         0.014
 SCGHQD_10
    Category 1         0.056
    Category 2         0.852
    Category 3         0.078
    Category 4         0.014


STANDARDIZED MODEL RESULTS


STDYX Standardization

                                                    Two-Tailed
                    Estimate       S.E.  Est./S.E.    P-Value

Latent Class 1 (1)

 I        |
    SCGHQD_5           0.641      0.079      8.123      0.000
    SCGHQD_6           0.648      0.101      6.396      0.000
    SCGHQD_7           0.653      0.118      5.536      0.000
    SCGHQD_8           0.656      0.127      5.163      0.000
    SCGHQD_10          0.657      0.124      5.281      0.000

 S        |
    SCGHQD_5           0.000      0.000    999.000    999.000
    SCGHQD_6           0.052      0.151      0.347      0.729
    SCGHQD_7           0.105      0.306      0.344      0.731
    SCGHQD_8           0.158      0.462      0.343      0.731
    SCGHQD_10          0.265      0.761      0.347      0.728

 S        WITH
    I                 -0.344      0.506     -0.679      0.497

 Means
    I                 -0.055      0.182     -0.300      0.764
    S                  0.366      1.420      0.258      0.796

 Thresholds
    SCGHQD_5$1        -1.588      0.124    -12.835      0.000
    SCGHQD_5$2         1.312      0.109     12.083      0.000
    SCGHQD_5$3         2.259      0.204     11.071      0.000
    SCGHQD_6$1        -1.604      0.093    -17.312      0.000
    SCGHQD_6$2         1.325      0.084     15.686      0.000
    SCGHQD_6$3         2.282      0.156     14.667      0.000
    SCGHQD_7$1        -1.616      0.089    -18.221      0.000
    SCGHQD_7$2         1.335      0.081     16.403      0.000
    SCGHQD_7$3         2.299      0.141     16.348      0.000
    SCGHQD_8$1        -1.624      0.091    -17.763      0.000
    SCGHQD_8$2         1.342      0.084     16.051      0.000
    SCGHQD_8$3         2.310      0.137     16.830      0.000
    SCGHQD_1$1        -1.627      0.105    -15.550      0.000
    SCGHQD_1$2         1.344      0.095     14.206      0.000
    SCGHQD_1$3         2.314      0.154     15.002      0.000

 Variances
    I                  1.000      0.000    999.000    999.000
    S                  1.000      0.000    999.000    999.000

Latent Class 2 (2)

 I        |
    SCGHQD_5           0.649      0.042     15.558      0.000
    SCGHQD_6           0.649      0.045     14.515      0.000
    SCGHQD_7           0.649      0.048     13.410      0.000
    SCGHQD_8           0.649      0.053     12.333      0.000
    SCGHQD_10          0.649      0.062     10.425      0.000

 S        |
    SCGHQD_5           0.000      0.000    999.000    999.000
    SCGHQD_6           0.003      0.002      1.169      0.242
    SCGHQD_7           0.005      0.005      1.159      0.246
    SCGHQD_8           0.008      0.007      1.150      0.250
    SCGHQD_10          0.014      0.012      1.131      0.258

 S        WITH
    I                 -0.114      5.567     -0.021      0.984

 Means
    I                  0.000      0.000    999.000    999.000
    S                 -0.280      6.158     -0.046      0.964

 Thresholds
    SCGHQD_5$1        -1.575      0.080    -19.581      0.000
    SCGHQD_5$2         1.301      0.080     16.352      0.000
    SCGHQD_5$3         2.240      0.116     19.241      0.000
    SCGHQD_6$1        -1.575      0.076    -20.847      0.000
    SCGHQD_6$2         1.301      0.077     16.949      0.000
    SCGHQD_6$3         2.240      0.110     20.292      0.000
    SCGHQD_7$1        -1.575      0.074    -21.350      0.000
    SCGHQD_7$2         1.302      0.076     17.093      0.000
    SCGHQD_7$3         2.241      0.109     20.603      0.000
    SCGHQD_8$1        -1.576      0.075    -20.914      0.000
    SCGHQD_8$2         1.302      0.078     16.751      0.000
    SCGHQD_8$3         2.241      0.112     20.069      0.000
    SCGHQD_1$1        -1.576      0.087    -18.047      0.000
    SCGHQD_1$2         1.302      0.087     14.999      0.000
    SCGHQD_1$3         2.242      0.129     17.314      0.000

 Variances
    I                  1.000      0.000    999.000    999.000
    S                  1.000      0.000    999.000    999.000


R-SQUARE

Class 1

    Observed                                        Two-Tailed
    Variable        Estimate       S.E.  Est./S.E.    P-Value

    SCGHQD_5           0.411      0.101      4.061      0.000
    SCGHQD_6           0.399      0.071      5.595      0.000
    SCGHQD_7           0.390      0.060      6.483      0.000
    SCGHQD_8           0.384      0.058      6.621      0.000
    SCGHQD_1           0.382      0.075      5.096      0.000

Class 2

    Observed                                        Two-Tailed
    Variable        Estimate       S.E.  Est./S.E.    P-Value

    SCGHQD_5           0.421      0.054      7.779      0.000
    SCGHQD_6           0.421      0.051      8.311      0.000
    SCGHQD_7           0.420      0.050      8.470      0.000
    SCGHQD_8           0.420      0.051      8.187      0.000
    SCGHQD_1           0.420      0.062      6.825      0.000


     Beginning Time:  12:01:29
        Ending Time:  12:05:57
       Elapsed Time:  00:04:28



MUTHEN & MUTHEN
3463 Stoner Ave.
Los Angeles, CA  90066

Tel: (310) 391-9971
Fax: (310) 391-8971
Web: www.StatModel.com
Support: Support@StatModel.com

Copyright (c) 1998-2021 Muthen & Muthen
