Mplus VERSION 8.7
MUTHEN & MUTHEN
11/08/2021  10:15 AM

INPUT INSTRUCTIONS

  TITLE: Your title goes here

   DATA: FILE = no_f2f_mm/data.dta;

   VARIABLE:

   NAMES = pidp gridmode mm hidp_5 hidp_6 hidp_7 hidp_8 hidp_9 hidp_10 indmode_5
       indmode_6 indmode_7 indmode_8 indmode_9 indmode_10 mode_type_all mode_type_no9
       mode_type_567 mode_type_7 all no9 p567 p7 switch_all switch_no9 switch_567
       switch_7 lkmove_5 xpmove_5 caruse_5 mobuse_5 netpuse_5 aidxhh_5 jbhas_5 j2has_5
       finnow_5 finfut_5 howlng_5 vote1_5 vote6_5 scsf1_5 scsf2a_5 scsf2b_5 scsf3a_5
       scsf3b_5 scsf4a_5 scsf4b_5 scsf5_5 scsf6a_5 scsf6b_5 scsf6c_5 scsf7_5 scghqa_5
       scghqb_5 scghqc_5 scghqd_5 scghqe_5 scghqf_5 scghqg_5 scghqh_5 scghqi_5
       scghqj_5 scghqk_5 scghql_5 lkmove_6 xpmove_6 caruse_6 mobuse_6 netpuse_6
       aidxhh_6 jbhas_6 j2has_6 finnow_6 finfut_6 howlng_6 vote1_6 vote6_6 scsf1_6
       scsf2a_6 scsf2b_6 scsf3a_6 scsf3b_6 scsf4a_6 scsf4b_6 scsf5_6 scsf6a_6 scsf6b_6
       scsf6c_6 scsf7_6 scghqa_6 scghqb_6 scghqc_6 scghqd_6 scghqe_6 scghqf_6 scghqg_6
       scghqh_6 scghqi_6 scghqj_6 scghqk_6 scghql_6 lkmove_7 xpmove_7 caruse_7
       mobuse_7 netpuse_7 smoker_7 aidxhh_7 jbhas_7 jbterm1_7 jbsemp_7 j2has_7
       fiyrdia_7 finnow_7 finfut_7 howlng_7 vote1_7 vote6_7 scsf2a_7 scsf2b_7 scsf3a_7
       scsf3b_7 scsf4a_7 scsf4b_7 scsf5_7 scsf6a_7 scsf6b_7 scsf6c_7 scsf7_7 scghqa_7
       scghqb_7 scghqc_7 scghqd_7 scghqe_7 scghqf_7 scghqg_7 scghqh_7 scghqi_7
       scghqj_7 scghqk_7 scghql_7 scsf1_7 lkmove_8 xpmove_8 caruse_8 mobuse_8
       netpuse_8 smoker_8 aidxhh_8 jbhas_8 jbterm1_8 jbsemp_8 j2has_8 fiyrdia_8
       finnow_8 finfut_8 scsf2a_8 scsf2b_8 scsf3a_8 scsf3b_8 scsf4a_8 scsf4b_8 scsf5_8
       scsf6a_8 scsf6b_8 scsf6c_8 scsf7_8 scghqa_8 scghqb_8 scghqc_8 scghqd_8 scghqe_8
       scghqf_8 scghqg_8 scghqh_8 scghqi_8 scghqj_8 scghqk_8 scghql_8 scsf1_8 mobuse_9
       netpuse_9 smoker_9 jbhas_9 jbterm1_9 jbsemp_9 j2has_9 fiyrdia_9 finnow_9
       finfut_9 lkmove_10 xpmove_10 mobuse_10 netpuse_10 smoker_10 aidxhh_10 jbhas_10
       jbterm1_10 jbsemp_10 j2has_10 fiyrdia_10 finnow_10 finfut_10 scsf1_10 scsf2a_10
       scsf2b_10 scsf3a_10 scsf3b_10 scsf4a_10 scsf4b_10 scsf5_10 scsf6a_10 scsf6b_10
       scsf6c_10 scsf7_10 scghqa_10 scghqb_10 scghqc_10 scghqd_10 scghqe_10 scghqf_10
       scghqg_10 scghqh_10 scghqi_10 scghqj_10 scghqk_10 scghql_10 edu agecat female
       partner sf1 longill london north urban refresh Higher A level GCSE Other age_35
       age_55 age_75 age_102 pred_all pred_no9 pred_p567 pred_p7 pred_all_w pred_no9_w
       pred_p567_w pred_p7_w;

   MISSING=.;

   USEVARIABLES ARE
   jbhas_5
   jbhas_6
   jbhas_7
   jbhas_8
   jbhas_9
   jbhas_10;

   CATEGORICAL ARE
   jbhas_5
   jbhas_6
   jbhas_7
   jbhas_8
   jbhas_9
   jbhas_10;
   CLASSES = c(2);

    KNOWNCLASS = c(all= 1 2);
  WEIGHT IS pred_all_w;

   ANALYSIS:


      TYPE = MIXTURE;

      ESTIMATOR = MLR;

      ALGORITHM = INTEGRATION;

      Processors = 8(starts);

      STARTS = 800 200;

   Model:


      %OVERALL%

  i s | jbhas_5@0 jbhas_6@1 jbhas_7@2 jbhas_8@3 jbhas_9@4 jbhas_10@5;
   %c#1%
  [s] ;
   s ;
   s WITH i ;
   i ;

   %c#2%
  [s] ;
   s ;
   s WITH i ;
   i ;

   OUTPUT: SAMPSTAT;

                                  STDYX;




*** WARNING
  One or more observations has a value of 0 for the WEIGHT variable.  Consider using the
  SUBPOPULATION option to restrict the analysis to observations with a positive weight.
*** WARNING
  Data set contains unknown or missing values for variable ALL.
  This variable is used to determine the KNOWNCLASS specification.
  Number of such cases:  892
*** WARNING
  Data set contains cases with missing on all variables.
  These cases were not included in the analysis.
  Number of cases with missing on all variables:  2
   3 WARNING(S) FOUND IN THE INPUT INSTRUCTIONS



Your title goes here

SUMMARY OF ANALYSIS

Number of groups                                                 1
Number of observations                                        1163

Number of dependent variables                                    6
Number of independent variables                                  0
Number of continuous latent variables                            2
Number of categorical latent variables                           1

Observed dependent variables

  Binary and ordered categorical (ordinal)
   JBHAS_5     JBHAS_6     JBHAS_7     JBHAS_8     JBHAS_9     JBHAS_10

Continuous latent variables
   I           S

Categorical latent variables
   C

  Knownclass            C

Variables with special functions

  Weight variable       PRED_ALL

Estimator                                                      MLR
Information matrix                                        OBSERVED
Optimization Specifications for the Quasi-Newton Algorithm for
Continuous Outcomes
  Maximum number of iterations                                 100
  Convergence criterion                                  0.100D-05
Optimization Specifications for the EM Algorithm
  Maximum number of iterations                                 500
  Convergence criteria
    Loglikelihood change                                 0.100D-02
    Relative loglikelihood change                        0.100D-05
    Derivative                                           0.100D-02
Optimization Specifications for the M step of the EM Algorithm for
Categorical Latent variables
  Number of M step iterations                                    1
  M step convergence criterion                           0.100D-02
  Basis for M step termination                           ITERATION
Optimization Specifications for the M step of the EM Algorithm for
Censored, Binary or Ordered Categorical (Ordinal), Unordered
Categorical (Nominal) and Count Outcomes
  Number of M step iterations                                    1
  M step convergence criterion                           0.100D-02
  Basis for M step termination                           ITERATION
  Maximum value for logit thresholds                            15
  Minimum value for logit thresholds                           -15
  Minimum expected cell size for chi-square              0.100D-01
Maximum number of iterations for H1                           2000
Convergence criterion for H1                             0.100D-03
Optimization algorithm                                         EMA
Integration Specifications
  Type                                                    STANDARD
  Number of integration points                                  15
  Dimensions of numerical integration                            2
  Adaptive quadrature                                           ON
Random Starts Specifications
  Number of initial stage random starts                        800
  Number of final stage optimizations                          200
  Number of initial stage iterations                            10
  Initial stage convergence criterion                    0.100D+01
  Random starts scale                                    0.500D+01
  Random seed for generating random starts                       0
Link                                                         LOGIT
Cholesky                                                        ON

Input data file(s)
  no_f2f_mm/data.dta
Input data format  FREE


SUMMARY OF DATA

     Number of missing data patterns            58
     Number of y missing data patterns           0
     Number of u missing data patterns          58


COVARIANCE COVERAGE OF DATA

Minimum covariance coverage value   0.100


     PROPORTION OF DATA PRESENT FOR U


           Covariance Coverage
              JBHAS_5       JBHAS_6       JBHAS_7       JBHAS_8       JBHAS_9
              ________      ________      ________      ________      ________
 JBHAS_5        0.654
 JBHAS_6        0.567         0.655
 JBHAS_7        0.482         0.515         0.674
 JBHAS_8        0.458         0.498         0.568         0.680
 JBHAS_9        0.444         0.477         0.545         0.593         0.671
 JBHAS_10       0.414         0.445         0.492         0.540         0.561


           Covariance Coverage
              JBHAS_10
              ________
 JBHAS_10       0.633


UNIVARIATE PROPORTIONS AND COUNTS FOR CATEGORICAL VARIABLES

    JBHAS_5
      Category 1    0.485          477.795
      Category 2    0.515          507.863
    JBHAS_6
      Category 1    0.469          461.643
      Category 2    0.531          522.416
    JBHAS_7
      Category 1    0.489          399.849
      Category 2    0.511          418.600
    JBHAS_8
      Category 1    0.503          394.622
      Category 2    0.497          390.109
    JBHAS_9
      Category 1    0.506          374.797
      Category 2    0.494          366.407
    JBHAS_10
      Category 1    0.479          328.413
      Category 2    0.521          357.416


SAMPLE STATISTICS

RANDOM STARTS RESULTS RANKED FROM THE BEST TO THE WORST LOGLIKELIHOOD VALUES

Final stage loglikelihood values at local maxima, seeds, and initial stage start numbers:

           -2840.619  722748           346
           -2840.632  383986           159
           -2840.643  506886           576
           -2840.666  284716           713
           -2840.695  286735           175
           -2840.700  685268           596
           -2840.706  55115            408
           -2840.708  12477            155
           -2840.712  284384           600
           -2840.714  100874           108
           -2840.715  638611           524
           -2840.716  856612           700
           -2840.720  7195             697
           -2840.720  172913           557
           -2840.720  608460           244
           -2840.722  588923           606
           -2840.724  35191            703
           -2840.724  278692           342
           -2840.725  140442           500
           -2840.726  220492           743
           -2840.726  120506           45
           -2840.726  360419           356
           -2840.727  569338           755
           -2840.728  88437            761
           -2840.728  392418           28
           -2840.728  461866           722
           -2840.728  848890           95
           -2840.728  178031           720
           -2840.731  948615           140
           -2840.731  317868           740
           -2840.731  202790           198
           -2840.732  17359            227
           -2840.732  247224           94
           -2840.732  478421           311
           -2840.733  879338           309
           -2840.733  298275           418
           -2840.734  404510           442
           -2840.737  686482           215
           -2840.737  518828           432
           -2840.737  846194           93
           -2840.737  579138           706
           -2840.738  312754           562
           -2840.738  723775           97
           -2840.739  344422           296
           -2840.739  972873           157
           -2840.740  891531           206
           -2840.741  535804           111
           -2840.741  70118            104
           -2840.742  848969           173
           -2840.742  851945           18
           -2840.743  82357            339
           -2840.744  97300            640
           -2840.744  800454           751
           -2840.745  326091           759
           -2840.745  602797           336
           -2840.746  267983           228
           -2840.746  699554           427
           -2840.747  499150           216
           -2840.748  497522           502
           -2840.748  856536           144
           -2840.748  438144           271
           -2840.750  871438           561
           -2840.750  847088           750
           -2840.750  610181           711
           -2840.754  211281           292
           -2840.755  830529           279
           -2840.755  246575           291
           -2840.755  580181           691
           -2840.756  576596           99
           -2840.758  319575           499
           -2840.758  62835            642
           -2840.758  276102           599
           -2840.761  366533           484
           -2840.761  131856           90
           -2840.761  913639           162
           -2840.762  252949           487
           -2840.767  383979           603
           -2840.769  923437           398
           -2840.770  89970            223
           -2840.770  207896           25
           -2840.771  473942           574
           -2840.771  556929           734
           -2840.771  213532           503
           -2840.771  738393           619
           -2840.772  80438            246
           -2840.772  939870           655
           -2840.773  576220           115
           -2840.776  696830           668
           -2840.776  898745           466
           -2840.782  933578           506
           -2840.785  417035           149
           -2840.790  765586           709
           -2840.791  547702           767
           -2840.792  858804           534
           -2840.792  514326           325
           -2840.793  960438           116
           -2840.793  995913           787
           -2840.794  853195           431
           -2840.795  802682           419
           -2840.796  575700           100
           -2840.798  371246           101
           -2840.798  443442           380
           -2840.799  999211           628
           -2840.801  642386           662
           -2840.802  783165           170
           -2840.803  921023           782
           -2840.804  783102           433
           -2840.804  836066           372
           -2840.804  285380           1
           -2840.805  404042           675
           -2840.810  383902           673
           -2840.810  425982           485
           -2840.810  597614           284
           -2840.816  754100           56
           -2840.817  435287           623
           -2840.817  848356           602
           -2840.817  507154           387
           -2840.820  455617           242
           -2840.820  692169           308
           -2840.821  319144           176
           -2840.822  355674           540
           -2840.825  109946           771
           -2840.825  746978           410
           -2840.825  534864           307
           -2840.826  997222           229
           -2840.826  926283           269
           -2840.826  645664           39
           -2840.829  327475           518
           -2840.829  838615           677
           -2840.831  573096           20
           -2840.832  371737           532
           -2840.835  887580           493
           -2840.835  995249           525
           -2840.836  691234           250
           -2840.837  862607           468
           -2840.837  432148           30
           -2840.839  903633           553
           -2840.840  312587           775
           -2840.847  51375            148
           -2840.847  279850           555
           -2840.849  107446           12
           -2840.855  778953           635
           -2840.857  792389           746
           -2840.858  860772           174
           -2840.858  972430           491
           -2840.860  971693           470
           -2840.863  350608           334
           -2840.863  14262            781
           -2840.864  345726           461
           -2840.865  36714            201
           -2840.865  762461           425
           -2840.866  343926           624
           -2840.866  576726           280
           -2840.866  341960           685
           -2840.867  282464           283
           -2840.870  582296           452
           -2840.871  699810           571
           -2840.872  106561           686
           -2840.873  138695           783
           -2840.875  562716           300
           -2840.876  210870           383
           -2840.876  418686           338
           -2840.876  273992           349
           -2840.878  314034           513
           -2840.878  539389           544
           -2840.878  917702           693
           -2840.879  479273           156
           -2840.882  298553           773
           -2840.882  963053           43
           -2840.882  742609           531
           -2840.883  57226            208
           -2840.883  297518           166
           -2840.883  342019           301
           -2840.884  700349           401
           -2840.885  596257           405
           -2840.885  626208           698
           -2840.886  878749           728
           -2840.886  414828           322
           -2840.889  68985            17
           -2840.892  246261           38
           -2840.894  93468            3
           -2840.896  848163           47
           -2840.899  626891           32
           -2840.900  566739           575
           -2840.903  939709           112
           -2840.903  303634           169
           -2840.903  836515           341
           -2840.903  79212            517
           -2840.904  173440           328
           -2840.904  377504           294
           -2840.905  264081           186
           -2840.906  775884           639
           -2840.906  782200           84
           -2840.907  749453           33
           -2840.908  188498           258
           -2840.908  392751           480
           -2840.912  237332           661
           -2840.914  153053           378
           -2841.045  92689            304
           -2841.134  900268           327



THE BEST LOGLIKELIHOOD VALUE HAS BEEN REPLICATED.  RERUN WITH AT LEAST TWICE THE
RANDOM STARTS TO CHECK THAT THE BEST LOGLIKELIHOOD IS STILL OBTAINED AND REPLICATED.


THE MODEL ESTIMATION TERMINATED NORMALLY



MODEL FIT INFORMATION

Number of Free Parameters                       11

Loglikelihood

          H0 Value                       -2840.619
          H0 Scaling Correction Factor      1.4622
            for MLR

Information Criteria

          Akaike (AIC)                    5703.237
          Bayesian (BIC)                  5758.883
          Sample-Size Adjusted BIC        5723.944
            (n* = (n + 2) / 24)

Chi-Square Test of Model Fit for the Binary and Ordered Categorical
(Ordinal) Outcomes

          Pearson Chi-Square

          Value                            309.310
          Degrees of Freedom                   116
          P-Value                           0.0000

          Likelihood Ratio Chi-Square

          Value                            155.774
          Degrees of Freedom                   116
          P-Value                           0.0081

Chi-Square Test for MCAR under the Unrestricted Latent Class Indicator Model

          Pearson Chi-Square

          Value                           1034.540
          Degrees of Freedom                  1125
          P-Value                           0.9742

          Likelihood Ratio Chi-Square

          Value                            627.771
          Degrees of Freedom                  1125
          P-Value                           1.0000



FINAL CLASS COUNTS AND PROPORTIONS FOR THE LATENT CLASSES
BASED ON THE ESTIMATED MODEL

    Latent
   Classes

       1        601.00000          0.51677
       2        562.00000          0.48323


MODEL RESULTS

                                                    Two-Tailed
                    Estimate       S.E.  Est./S.E.    P-Value

Latent Class 1 (1)

 I        |
    JBHAS_5            1.000      0.000    999.000    999.000
    JBHAS_6            1.000      0.000    999.000    999.000
    JBHAS_7            1.000      0.000    999.000    999.000
    JBHAS_8            1.000      0.000    999.000    999.000
    JBHAS_9            1.000      0.000    999.000    999.000
    JBHAS_10           1.000      0.000    999.000    999.000

 S        |
    JBHAS_5            0.000      0.000    999.000    999.000
    JBHAS_6            1.000      0.000    999.000    999.000
    JBHAS_7            2.000      0.000    999.000    999.000
    JBHAS_8            3.000      0.000    999.000    999.000
    JBHAS_9            4.000      0.000    999.000    999.000
    JBHAS_10           5.000      0.000    999.000    999.000

 S        WITH
    I                 -8.471      4.403     -1.924      0.054

 Means
    I                 -1.949      1.319     -1.477      0.140
    S                 -0.097      0.178     -0.544      0.586

 Thresholds
    JBHAS_5$1         -1.055      0.392     -2.691      0.007
    JBHAS_6$1         -1.055      0.392     -2.691      0.007
    JBHAS_7$1         -1.055      0.392     -2.691      0.007
    JBHAS_8$1         -1.055      0.392     -2.691      0.007
    JBHAS_9$1         -1.055      0.392     -2.691      0.007
    JBHAS_10$1        -1.055      0.392     -2.691      0.007

 Variances
    I                 97.273     31.172      3.121      0.002
    S                  2.016      0.697      2.893      0.004

Latent Class 2 (2)

 I        |
    JBHAS_5            1.000      0.000    999.000    999.000
    JBHAS_6            1.000      0.000    999.000    999.000
    JBHAS_7            1.000      0.000    999.000    999.000
    JBHAS_8            1.000      0.000    999.000    999.000
    JBHAS_9            1.000      0.000    999.000    999.000
    JBHAS_10           1.000      0.000    999.000    999.000

 S        |
    JBHAS_5            0.000      0.000    999.000    999.000
    JBHAS_6            1.000      0.000    999.000    999.000
    JBHAS_7            2.000      0.000    999.000    999.000
    JBHAS_8            3.000      0.000    999.000    999.000
    JBHAS_9            4.000      0.000    999.000    999.000
    JBHAS_10           5.000      0.000    999.000    999.000

 S        WITH
    I                 -1.713      1.590     -1.077      0.281

 Means
    I                  0.000      0.000    999.000    999.000
    S                 -0.131      0.092     -1.420      0.156

 Thresholds
    JBHAS_5$1         -1.055      0.392     -2.691      0.007
    JBHAS_6$1         -1.055      0.392     -2.691      0.007
    JBHAS_7$1         -1.055      0.392     -2.691      0.007
    JBHAS_8$1         -1.055      0.392     -2.691      0.007
    JBHAS_9$1         -1.055      0.392     -2.691      0.007
    JBHAS_10$1        -1.055      0.392     -2.691      0.007

 Variances
    I                 47.622     12.246      3.889      0.000
    S                  1.125      0.360      3.125      0.002

Categorical Latent Variables

 Means
    C#1                0.067      0.074      0.906      0.365


QUALITY OF NUMERICAL RESULTS

     Condition Number for the Information Matrix              0.146E-02
       (ratio of smallest to largest eigenvalue)


RESULTS IN PROBABILITY SCALE

                    Estimate

Latent Class 1 (1)

 JBHAS_5
    Category 1         0.536
    Category 2         0.464
 JBHAS_6
    Category 1         0.543
    Category 2         0.457
 JBHAS_7
    Category 1         0.550
    Category 2         0.450
 JBHAS_8
    Category 1         0.557
    Category 2         0.443
 JBHAS_9
    Category 1         0.563
    Category 2         0.437
 JBHAS_10
    Category 1         0.567
    Category 2         0.433

Latent Class 2 (2)

 JBHAS_5
    Category 1         0.441
    Category 2         0.559
 JBHAS_6
    Category 1         0.447
    Category 2         0.553
 JBHAS_7
    Category 1         0.455
    Category 2         0.545
 JBHAS_8
    Category 1         0.463
    Category 2         0.537
 JBHAS_9
    Category 1         0.472
    Category 2         0.528
 JBHAS_10
    Category 1         0.480
    Category 2         0.520


STANDARDIZED MODEL RESULTS


STDYX Standardization

                                                    Two-Tailed
                    Estimate       S.E.  Est./S.E.    P-Value

Latent Class 1 (1)

 I        |
    JBHAS_5            0.984      0.005    190.775      0.000
    JBHAS_6            1.066      0.033     32.754      0.000
    JBHAS_7            1.141      0.075     15.189      0.000
    JBHAS_8            1.197      0.129      9.247      0.000
    JBHAS_9            1.223      0.187      6.552      0.000
    JBHAS_10           1.212      0.233      5.201      0.000

 S        |
    JBHAS_5            0.000      0.000    999.000    999.000
    JBHAS_6            0.153      0.018      8.698      0.000
    JBHAS_7            0.328      0.040      8.190      0.000
    JBHAS_8            0.517      0.071      7.309      0.000
    JBHAS_9            0.704      0.111      6.323      0.000
    JBHAS_10           0.872      0.157      5.559      0.000

 S        WITH
    I                 -0.605      0.172     -3.509      0.000

 Means
    I                 -0.198      0.116     -1.707      0.088
    S                 -0.068      0.130     -0.525      0.600

 Thresholds
    JBHAS_5$1         -0.105      0.042     -2.483      0.013
    JBHAS_6$1         -0.114      0.045     -2.517      0.012
    JBHAS_7$1         -0.122      0.048     -2.547      0.011
    JBHAS_8$1         -0.128      0.050     -2.557      0.011
    JBHAS_9$1         -0.131      0.052     -2.536      0.011
    JBHAS_10$1        -0.130      0.052     -2.490      0.013

 Variances
    I                  1.000      0.000    999.000    999.000
    S                  1.000      0.000    999.000    999.000

Latent Class 2 (2)

 I        |
    JBHAS_5            0.967      0.008    120.362      0.000
    JBHAS_6            0.990      0.035     28.657      0.000
    JBHAS_7            0.990      0.068     14.483      0.000
    JBHAS_8            0.969      0.101      9.551      0.000
    JBHAS_9            0.929      0.128      7.269      0.000
    JBHAS_10           0.877      0.145      6.066      0.000

 S        |
    JBHAS_5            0.000      0.000    999.000    999.000
    JBHAS_6            0.152      0.022      7.003      0.000
    JBHAS_7            0.304      0.037      8.203      0.000
    JBHAS_8            0.447      0.046      9.659      0.000
    JBHAS_9            0.571      0.053     10.846      0.000
    JBHAS_10           0.674      0.060     11.319      0.000

 S        WITH
    I                 -0.234      0.202     -1.161      0.246

 Means
    I                  0.000      0.000    999.000    999.000
    S                 -0.124      0.088     -1.402      0.161

 Thresholds
    JBHAS_5$1         -0.148      0.056     -2.660      0.008
    JBHAS_6$1         -0.151      0.057     -2.654      0.008
    JBHAS_7$1         -0.151      0.058     -2.630      0.009
    JBHAS_8$1         -0.148      0.057     -2.587      0.010
    JBHAS_9$1         -0.142      0.056     -2.532      0.011
    JBHAS_10$1        -0.134      0.054     -2.479      0.013

 Variances
    I                  1.000      0.000    999.000    999.000
    S                  1.000      0.000    999.000    999.000


R-SQUARE

Class 1

    Observed                                        Two-Tailed
    Variable        Estimate       S.E.  Est./S.E.    P-Value

    JBHAS_5            0.967      0.010     95.387      0.000
    JBHAS_6            0.962      0.011     89.118      0.000
    JBHAS_7            0.956      0.011     85.775      0.000
    JBHAS_8            0.952      0.012     80.813      0.000
    JBHAS_9            0.949      0.013     71.355      0.000
    JBHAS_10           0.950      0.015     62.956      0.000

Class 2

    Observed                                        Two-Tailed
    Variable        Estimate       S.E.  Est./S.E.    P-Value

    JBHAS_5            0.935      0.016     60.181      0.000
    JBHAS_6            0.932      0.014     65.614      0.000
    JBHAS_7            0.932      0.013     71.580      0.000
    JBHAS_8            0.935      0.013     71.893      0.000
    JBHAS_9            0.940      0.014     68.435      0.000
    JBHAS_10           0.947      0.014     66.741      0.000


     Beginning Time:  10:15:19
        Ending Time:  10:17:47
       Elapsed Time:  00:02:28



MUTHEN & MUTHEN
3463 Stoner Ave.
Los Angeles, CA  90066

Tel: (310) 391-9971
Fax: (310) 391-8971
Web: www.StatModel.com
Support: Support@StatModel.com

Copyright (c) 1998-2021 Muthen & Muthen
