Mplus VERSION 8.7
MUTHEN & MUTHEN
11/08/2021  10:34 AM

INPUT INSTRUCTIONS

  TITLE: Your title goes here

   DATA: FILE = no_f2f_mm/data.dta;

   VARIABLE:

   NAMES = pidp gridmode mm hidp_5 hidp_6 hidp_7 hidp_8 hidp_9 hidp_10 indmode_5
       indmode_6 indmode_7 indmode_8 indmode_9 indmode_10 mode_type_all mode_type_no9
       mode_type_567 mode_type_7 all no9 p567 p7 switch_all switch_no9 switch_567
       switch_7 lkmove_5 xpmove_5 caruse_5 mobuse_5 netpuse_5 aidxhh_5 jbhas_5 j2has_5
       finnow_5 finfut_5 howlng_5 vote1_5 vote6_5 scsf1_5 scsf2a_5 scsf2b_5 scsf3a_5
       scsf3b_5 scsf4a_5 scsf4b_5 scsf5_5 scsf6a_5 scsf6b_5 scsf6c_5 scsf7_5 scghqa_5
       scghqb_5 scghqc_5 scghqd_5 scghqe_5 scghqf_5 scghqg_5 scghqh_5 scghqi_5
       scghqj_5 scghqk_5 scghql_5 lkmove_6 xpmove_6 caruse_6 mobuse_6 netpuse_6
       aidxhh_6 jbhas_6 j2has_6 finnow_6 finfut_6 howlng_6 vote1_6 vote6_6 scsf1_6
       scsf2a_6 scsf2b_6 scsf3a_6 scsf3b_6 scsf4a_6 scsf4b_6 scsf5_6 scsf6a_6 scsf6b_6
       scsf6c_6 scsf7_6 scghqa_6 scghqb_6 scghqc_6 scghqd_6 scghqe_6 scghqf_6 scghqg_6
       scghqh_6 scghqi_6 scghqj_6 scghqk_6 scghql_6 lkmove_7 xpmove_7 caruse_7
       mobuse_7 netpuse_7 smoker_7 aidxhh_7 jbhas_7 jbterm1_7 jbsemp_7 j2has_7
       fiyrdia_7 finnow_7 finfut_7 howlng_7 vote1_7 vote6_7 scsf2a_7 scsf2b_7 scsf3a_7
       scsf3b_7 scsf4a_7 scsf4b_7 scsf5_7 scsf6a_7 scsf6b_7 scsf6c_7 scsf7_7 scghqa_7
       scghqb_7 scghqc_7 scghqd_7 scghqe_7 scghqf_7 scghqg_7 scghqh_7 scghqi_7
       scghqj_7 scghqk_7 scghql_7 scsf1_7 lkmove_8 xpmove_8 caruse_8 mobuse_8
       netpuse_8 smoker_8 aidxhh_8 jbhas_8 jbterm1_8 jbsemp_8 j2has_8 fiyrdia_8
       finnow_8 finfut_8 scsf2a_8 scsf2b_8 scsf3a_8 scsf3b_8 scsf4a_8 scsf4b_8 scsf5_8
       scsf6a_8 scsf6b_8 scsf6c_8 scsf7_8 scghqa_8 scghqb_8 scghqc_8 scghqd_8 scghqe_8
       scghqf_8 scghqg_8 scghqh_8 scghqi_8 scghqj_8 scghqk_8 scghql_8 scsf1_8 mobuse_9
       netpuse_9 smoker_9 jbhas_9 jbterm1_9 jbsemp_9 j2has_9 fiyrdia_9 finnow_9
       finfut_9 lkmove_10 xpmove_10 mobuse_10 netpuse_10 smoker_10 aidxhh_10 jbhas_10
       jbterm1_10 jbsemp_10 j2has_10 fiyrdia_10 finnow_10 finfut_10 scsf1_10 scsf2a_10
       scsf2b_10 scsf3a_10 scsf3b_10 scsf4a_10 scsf4b_10 scsf5_10 scsf6a_10 scsf6b_10
       scsf6c_10 scsf7_10 scghqa_10 scghqb_10 scghqc_10 scghqd_10 scghqe_10 scghqf_10
       scghqg_10 scghqh_10 scghqi_10 scghqj_10 scghqk_10 scghql_10 edu agecat female
       partner sf1 longill london north urban refresh Higher A level GCSE Other age_35
       age_55 age_75 age_102 pred_all pred_no9 pred_p567 pred_p7 pred_all_w pred_no9_w
       pred_p567_w pred_p7_w;

   MISSING=.;

   USEVARIABLES ARE
   lkmove_5
   lkmove_6
   lkmove_7
   lkmove_8
   lkmove_10;

   CATEGORICAL ARE
   lkmove_5
   lkmove_6
   lkmove_7
   lkmove_8
   lkmove_10;
   CLASSES = c(2);

    KNOWNCLASS = c(no9= 1 2);
  WEIGHT IS pred_no9_w;

   ANALYSIS:


      TYPE = MIXTURE;

      ESTIMATOR = MLR;

      ALGORITHM = INTEGRATION;

      Processors = 8(starts);

      STARTS = 800 200;

   Model:


      %OVERALL%

  i s | lkmove_5@0 lkmove_6@1 lkmove_7@2 lkmove_8@3 lkmove_10@5;
   %c#1%
  [s] ;
   s ;
   s WITH i ;
   i ;

   %c#2%
  [s] ;
   s ;
   s WITH i ;
   i ;

   OUTPUT: SAMPSTAT;

                                  STDYX;




*** WARNING in VARIABLE command
  Note that only the first 8 characters of variable names are used in the output.
  Shorten variable names to avoid any confusion.
*** WARNING
  One or more observations has a value of 0 for the WEIGHT variable.  Consider using the
  SUBPOPULATION option to restrict the analysis to observations with a positive weight.
*** WARNING
  Data set contains unknown or missing values for variable NO9.
  This variable is used to determine the KNOWNCLASS specification.
  Number of such cases:  913
*** WARNING
  Data set contains cases with missing on all variables.
  These cases were not included in the analysis.
  Number of cases with missing on all variables:  3
   4 WARNING(S) FOUND IN THE INPUT INSTRUCTIONS



Your title goes here

SUMMARY OF ANALYSIS

Number of groups                                                 1
Number of observations                                        1141

Number of dependent variables                                    5
Number of independent variables                                  0
Number of continuous latent variables                            2
Number of categorical latent variables                           1

Observed dependent variables

  Binary and ordered categorical (ordinal)
   LKMOVE_5    LKMOVE_6    LKMOVE_7    LKMOVE_8    LKMOVE_1

Continuous latent variables
   I           S

Categorical latent variables
   C

  Knownclass            C

Variables with special functions

  Weight variable       PRED_NO9

Estimator                                                      MLR
Information matrix                                        OBSERVED
Optimization Specifications for the Quasi-Newton Algorithm for
Continuous Outcomes
  Maximum number of iterations                                 100
  Convergence criterion                                  0.100D-05
Optimization Specifications for the EM Algorithm
  Maximum number of iterations                                 500
  Convergence criteria
    Loglikelihood change                                 0.100D-02
    Relative loglikelihood change                        0.100D-05
    Derivative                                           0.100D-02
Optimization Specifications for the M step of the EM Algorithm for
Categorical Latent variables
  Number of M step iterations                                    1
  M step convergence criterion                           0.100D-02
  Basis for M step termination                           ITERATION
Optimization Specifications for the M step of the EM Algorithm for
Censored, Binary or Ordered Categorical (Ordinal), Unordered
Categorical (Nominal) and Count Outcomes
  Number of M step iterations                                    1
  M step convergence criterion                           0.100D-02
  Basis for M step termination                           ITERATION
  Maximum value for logit thresholds                            15
  Minimum value for logit thresholds                           -15
  Minimum expected cell size for chi-square              0.100D-01
Maximum number of iterations for H1                           2000
Convergence criterion for H1                             0.100D-03
Optimization algorithm                                         EMA
Integration Specifications
  Type                                                    STANDARD
  Number of integration points                                  15
  Dimensions of numerical integration                            2
  Adaptive quadrature                                           ON
Random Starts Specifications
  Number of initial stage random starts                        800
  Number of final stage optimizations                          200
  Number of initial stage iterations                            10
  Initial stage convergence criterion                    0.100D+01
  Random starts scale                                    0.500D+01
  Random seed for generating random starts                       0
Link                                                         LOGIT
Cholesky                                                        ON

Input data file(s)
  no_f2f_mm/data.dta
Input data format  FREE


SUMMARY OF DATA

     Number of missing data patterns            31
     Number of y missing data patterns           0
     Number of u missing data patterns          31


COVARIANCE COVERAGE OF DATA

Minimum covariance coverage value   0.100


     PROPORTION OF DATA PRESENT FOR U


           Covariance Coverage
              LKMOVE_5      LKMOVE_6      LKMOVE_7      LKMOVE_8      LKMOVE_1
              ________      ________      ________      ________      ________
 LKMOVE_5       0.640
 LKMOVE_6       0.547         0.645
 LKMOVE_7       0.469         0.511         0.668
 LKMOVE_8       0.438         0.481         0.552         0.663
 LKMOVE_1       0.397         0.435         0.479         0.523         0.622


UNIVARIATE PROPORTIONS AND COUNTS FOR CATEGORICAL VARIABLES

    LKMOVE_5
      Category 1    0.702          664.311
      Category 2    0.298          282.381
    LKMOVE_6
      Category 1    0.690          654.040
      Category 2    0.310          293.790
    LKMOVE_7
      Category 1    0.701          556.417
      Category 2    0.299          236.810
    LKMOVE_8
      Category 1    0.689          505.793
      Category 2    0.311          228.770
    LKMOVE_1
      Category 1    0.307          199.964
      Category 2    0.693          452.339


SAMPLE STATISTICS

RANDOM STARTS RESULTS RANKED FROM THE BEST TO THE WORST LOGLIKELIHOOD VALUES

Final stage loglikelihood values at local maxima, seeds, and initial stage start numbers:

           -2852.001  679832           302
           -2852.002  717754           180
           -2852.002  662718           460
           -2852.002  376411           473
           -2852.002  373505           88
           -2852.002  862607           468
           -2852.002  17896            592
           -2852.002  898745           466
           -2852.002  760850           739
           -2852.002  22874            588
           -2852.003  556929           734
           -2852.003  425982           485
           -2852.003  49293            707
           -2852.003  282464           283
           -2852.003  241197           747
           -2852.003  417035           149
           -2852.003  263221           447
           -2852.003  161421           519
           -2852.003  926283           269
           -2852.003  163110           584
           -2852.003  900268           327
           -2852.003  856612           700
           -2852.003  875667           367
           -2852.003  68985            17
           -2852.003  213189           605
           -2852.003  721392           768
           -2852.003  887580           493
           -2852.003  922042           492
           -2852.003  640833           434
           -2852.003  971693           470
           -2852.003  502532           445
           -2852.003  93468            3
           -2852.003  724519           333
           -2852.003  276102           599
           -2852.003  833196           715
           -2852.003  801717           364
           -2852.003  790452           303
           -2852.003  248742           556
           -2852.003  950604           172
           -2852.003  789985           67
           -2852.003  568405           233
           -2852.003  732596           320
           -2852.003  987090           70
           -2852.004  468036           131
           -2852.004  847088           750
           -2852.004  603842           61
           -2852.004  319575           499
           -2852.004  131856           90
           -2852.004  246575           291
           -2852.004  284109           82
           -2852.004  285380           1
           -2852.004  822698           621
           -2852.004  58507            793
           -2852.004  85462            51
           -2852.005  502495           724
           -2852.005  345070           114
           -2852.005  327140           678
           -2852.005  897782           545
           -2852.005  985387           381
           -2852.005  117391           710
           -2852.005  738393           619
           -2852.005  471398           74
           -2852.005  232559           136
           -2852.005  948615           140
           -2852.006  576220           115
           -2852.006  991329           182
           -2852.006  343926           624
           -2852.006  529496           343
           -2852.006  848356           602
           -2852.006  742688           594
           -2852.006  112586           494
           -2852.006  918558           412
           -2852.006  436460           89
           -2852.006  659832           754
           -2852.006  455617           242
           -2852.006  118421           139
           -2852.007  314034           513
           -2852.007  881886           608
           -2852.007  17359            227
           -2852.007  294669           501
           -2852.007  190339           102
           -2852.007  383986           159
           -2852.007  312587           775
           -2852.007  281462           285
           -2852.007  848890           95
           -2852.007  311214           64
           -2852.007  130011           587
           -2852.007  404042           675
           -2852.007  317640           437
           -2852.007  370466           41
           -2852.007  836066           372
           -2852.007  520177           262
           -2852.007  377584           630
           -2852.007  179022           687
           -2852.007  349562           359
           -2852.007  354208           196
           -2852.007  unperturbed      0
           -2852.007  673496           218
           -2852.007  484687           306
           -2852.008  668003           647
           -2852.008  821011           161
           -2852.008  486646           586
           -2852.008  404426           344
           -2852.008  863094           147
           -2852.008  435287           623
           -2852.008  123985           248
           -2852.008  617658           660
           -2852.008  462821           745
           -2852.008  788796           145
           -2852.008  355674           540
           -2852.008  802682           419
           -2852.008  794236           127
           -2852.008  766903           505
           -2852.008  580405           286
           -2852.008  170954           86
           -2852.008  12477            155
           -2852.008  422103           62
           -2852.008  378393           509
           -2852.008  65651            214
           -2852.008  858804           534
           -2852.008  629320           222
           -2852.008  342019           301
           -2852.008  279850           555
           -2852.008  970689           266
           -2852.008  488125           368
           -2852.008  856536           144
           -2852.008  576726           280
           -2852.008  379729           512
           -2852.008  696830           668
           -2852.008  529455           268
           -2852.008  373702           669
           -2852.008  106561           686
           -2852.008  831410           567
           -2852.008  391949           295
           -2852.008  910224           580
           -2852.008  80438            246
           -2852.008  303834           798
           -2852.008  823392           479
           -2852.008  940533           764
           -2852.008  109946           771
           -2852.008  402224           91
           -2852.008  456213           160
           -2852.008  784664           75
           -2852.008  89970            223
           -2852.008  340112           126
           -2852.008  177936           726
           -2852.008  536551           696
           -2852.008  414828           322
           -2852.008  626891           32
           -2852.008  415931           10
           -2852.008  631413           439
           -2852.008  917702           693
           -2852.008  710445           792
           -2852.008  383902           673
           -2852.008  81117            305
           -2852.008  549244           756
           -2852.008  351622           551
           -2852.008  263049           454
           -2852.008  471040           403
           -2852.008  232226           235
           -2852.008  127362           757
           -2852.008  464179           106
           -2852.008  741888           138
           -2852.008  641794           591
           -2852.008  699554           427
           -2852.008  824126           287
           -2852.008  476393           705
           -2852.008  997222           229
           -2852.008  253358           2
           -2852.008  714455           476
           -2852.008  520865           763
           -2852.009  88437            761
           -2852.009  579138           706
           -2852.009  506886           576
           -2852.009  871438           561
           -2852.009  836515           341
           -2852.009  939870           655
           -2852.009  748692           204
           -2852.009  625191           350
           -2852.009  100874           108
           -2852.009  666720           671
           -2852.009  278692           342
           -2852.009  610181           711
           -2852.009  945065           255
           -2852.009  107446           12
           -2852.009  777045           377
           -2852.009  268217           83
           -2852.009  278661           674
           -2852.009  860772           174
           -2852.009  443442           380
           -2852.009  582296           452
           -2852.009  704798           530
           -2852.009  871722           355
           -2852.009  92091            649
           -2852.009  416463           467
           -2852.009  805935           615
           -2852.009  923437           398
           -2852.009  692169           308
           -2852.009  741484           441
           -2852.009  170118           238



THE BEST LOGLIKELIHOOD VALUE HAS BEEN REPLICATED.  RERUN WITH AT LEAST TWICE THE
RANDOM STARTS TO CHECK THAT THE BEST LOGLIKELIHOOD IS STILL OBTAINED AND REPLICATED.


THE MODEL ESTIMATION TERMINATED NORMALLY



MODEL FIT INFORMATION

Number of Free Parameters                       11

Loglikelihood

          H0 Value                       -2852.001
          H0 Scaling Correction Factor      1.1737
            for MLR

Information Criteria

          Akaike (AIC)                    5726.003
          Bayesian (BIC)                  5781.439
          Sample-Size Adjusted BIC        5746.499
            (n* = (n + 2) / 24)

Chi-Square Test of Model Fit for the Binary and Ordered Categorical
(Ordinal) Outcomes

          Pearson Chi-Square

          Value                            286.608
          Degrees of Freedom                    52
          P-Value                           0.0000

          Likelihood Ratio Chi-Square

          Value                            196.364
          Degrees of Freedom                    52
          P-Value                           0.0000

Chi-Square Test for MCAR under the Unrestricted Latent Class Indicator Model

          Pearson Chi-Square

          Value                            431.927
          Degrees of Freedom                   359
          P-Value                           0.0049

          Likelihood Ratio Chi-Square

          Value                            333.909
          Degrees of Freedom                   359
          P-Value                           0.8249



FINAL CLASS COUNTS AND PROPORTIONS FOR THE LATENT CLASSES
BASED ON THE ESTIMATED MODEL

    Latent
   Classes

       1        599.00000          0.52498
       2        542.00000          0.47502


MODEL RESULTS

                                                    Two-Tailed
                    Estimate       S.E.  Est./S.E.    P-Value

Latent Class 1 (1)

 I        |
    LKMOVE_5           1.000      0.000    999.000    999.000
    LKMOVE_6           1.000      0.000    999.000    999.000
    LKMOVE_7           1.000      0.000    999.000    999.000
    LKMOVE_8           1.000      0.000    999.000    999.000
    LKMOVE_10          1.000      0.000    999.000    999.000

 S        |
    LKMOVE_5           0.000      0.000    999.000    999.000
    LKMOVE_6           1.000      0.000    999.000    999.000
    LKMOVE_7           2.000      0.000    999.000    999.000
    LKMOVE_8           3.000      0.000    999.000    999.000
    LKMOVE_10          5.000      0.000    999.000    999.000

 S        WITH
    I                 -6.704      1.641     -4.086      0.000

 Means
    I                 -0.487      0.664     -0.734      0.463
    S                  0.896      0.118      7.569      0.000

 Thresholds
    LKMOVE_5$1         3.071      0.453      6.779      0.000
    LKMOVE_6$1         3.071      0.453      6.779      0.000
    LKMOVE_7$1         3.071      0.453      6.779      0.000
    LKMOVE_8$1         3.071      0.453      6.779      0.000
    LKMOVE_1$1         3.071      0.453      6.779      0.000

 Variances
    I                 28.616      6.731      4.251      0.000
    S                  1.571      0.406      3.865      0.000

Latent Class 2 (2)

 I        |
    LKMOVE_5           1.000      0.000    999.000    999.000
    LKMOVE_6           1.000      0.000    999.000    999.000
    LKMOVE_7           1.000      0.000    999.000    999.000
    LKMOVE_8           1.000      0.000    999.000    999.000
    LKMOVE_10          1.000      0.000    999.000    999.000

 S        |
    LKMOVE_5           0.000      0.000    999.000    999.000
    LKMOVE_6           1.000      0.000    999.000    999.000
    LKMOVE_7           2.000      0.000    999.000    999.000
    LKMOVE_8           3.000      0.000    999.000    999.000
    LKMOVE_10          5.000      0.000    999.000    999.000

 S        WITH
    I                -10.557      1.949     -5.418      0.000

 Means
    I                  0.000      0.000    999.000    999.000
    S                  0.755      0.111      6.791      0.000

 Thresholds
    LKMOVE_5$1         3.071      0.453      6.779      0.000
    LKMOVE_6$1         3.071      0.453      6.779      0.000
    LKMOVE_7$1         3.071      0.453      6.779      0.000
    LKMOVE_8$1         3.071      0.453      6.779      0.000
    LKMOVE_1$1         3.071      0.453      6.779      0.000

 Variances
    I                 44.169      8.184      5.397      0.000
    S                  2.523      0.470      5.367      0.000

Categorical Latent Variables

 Means
    C#1                0.100      0.074      1.346      0.178


QUALITY OF NUMERICAL RESULTS

     Condition Number for the Information Matrix              0.757E-05
       (ratio of smallest to largest eigenvalue)


RESULTS IN PROBABILITY SCALE

                    Estimate

Latent Class 1 (1)

 LKMOVE_5
    Category 1         0.736
    Category 2         0.264
 LKMOVE_6
    Category 1         0.724
    Category 2         0.276
 LKMOVE_7
    Category 1         0.702
    Category 2         0.298
 LKMOVE_8
    Category 1         0.646
    Category 2         0.354
 LKMOVE_10
    Category 1         0.313
    Category 2         0.687

Latent Class 2 (2)

 LKMOVE_5
    Category 1         0.672
    Category 2         0.328
 LKMOVE_6
    Category 1         0.667
    Category 2         0.333
 LKMOVE_7
    Category 1         0.656
    Category 2         0.344
 LKMOVE_8
    Category 1         0.625
    Category 2         0.375
 LKMOVE_10
    Category 1         0.370
    Category 2         0.630


STANDARDIZED MODEL RESULTS


STDYX Standardization

                                                    Two-Tailed
                    Estimate       S.E.  Est./S.E.    P-Value

Latent Class 1 (1)

 I        |
    LKMOVE_5           0.947      0.011     82.462      0.000
    LKMOVE_6           1.194      0.027     43.759      0.000
    LKMOVE_7           1.586      0.070     22.685      0.000
    LKMOVE_8           2.218      0.181     12.223      0.000
    LKMOVE_10          2.632      0.254     10.370      0.000

 S        |
    LKMOVE_5           0.000      0.000    999.000    999.000
    LKMOVE_6           0.280      0.014     19.412      0.000
    LKMOVE_7           0.743      0.054     13.873      0.000
    LKMOVE_8           1.559      0.166      9.369      0.000
    LKMOVE_10          3.083      0.283     10.884      0.000

 S        WITH
    I                 -1.000      0.000  *********      0.000

 Means
    I                 -0.091      0.119     -0.767      0.443
    S                  0.715      0.077      9.266      0.000

 Thresholds
    LKMOVE_5$1         0.544      0.099      5.514      0.000
    LKMOVE_6$1         0.686      0.121      5.666      0.000
    LKMOVE_7$1         0.911      0.154      5.925      0.000
    LKMOVE_8$1         1.273      0.201      6.334      0.000
    LKMOVE_1$1         1.511      0.240      6.301      0.000

 Variances
    I                  1.000      0.000    999.000    999.000
    S                  1.000      0.000    999.000    999.000

Latent Class 2 (2)

 I        |
    LKMOVE_5           0.965      0.006    155.720      0.000
    LKMOVE_6           1.237      0.014     85.927      0.000
    LKMOVE_7           1.698      0.041     41.655      0.000
    LKMOVE_8           2.544      0.129     19.790      0.000
    LKMOVE_10          2.981      0.235     12.691      0.000

 S        |
    LKMOVE_5           0.000      0.000    999.000    999.000
    LKMOVE_6           0.296      0.008     35.244      0.000
    LKMOVE_7           0.812      0.033     24.904      0.000
    LKMOVE_8           1.824      0.116     15.742      0.000
    LKMOVE_10          3.562      0.240     14.846      0.000

 S        WITH
    I                 -1.000      0.000  *********      0.000

 Means
    I                  0.000      0.000    999.000    999.000
    S                  0.475      0.058      8.128      0.000

 Thresholds
    LKMOVE_5$1         0.446      0.054      8.252      0.000
    LKMOVE_6$1         0.572      0.069      8.234      0.000
    LKMOVE_7$1         0.785      0.096      8.139      0.000
    LKMOVE_8$1         1.175      0.152      7.730      0.000
    LKMOVE_1$1         1.377      0.193      7.138      0.000

 Variances
    I                  1.000      0.000    999.000    999.000
    S                  1.000      0.000    999.000    999.000


R-SQUARE

Class 1

    Observed                                        Two-Tailed
    Variable        Estimate       S.E.  Est./S.E.    P-Value

    LKMOVE_5           0.897      0.022     41.231      0.000
    LKMOVE_6           0.836      0.032     26.313      0.000
    LKMOVE_7           0.711      0.047     14.979      0.000
    LKMOVE_8           0.434      0.064      6.830      0.000
    LKMOVE_1           0.204      0.093      2.184      0.029

Class 2

    Observed                                        Two-Tailed
    Variable        Estimate       S.E.  Est./S.E.    P-Value

    LKMOVE_5           0.931      0.012     77.860      0.000
    LKMOVE_6           0.886      0.019     46.931      0.000
    LKMOVE_7           0.785      0.033     24.158      0.000
    LKMOVE_8           0.518      0.056      9.308      0.000
    LKMOVE_1           0.338      0.069      4.928      0.000


     Beginning Time:  10:34:11
        Ending Time:  10:36:54
       Elapsed Time:  00:02:43



MUTHEN & MUTHEN
3463 Stoner Ave.
Los Angeles, CA  90066

Tel: (310) 391-9971
Fax: (310) 391-8971
Web: www.StatModel.com
Support: Support@StatModel.com

Copyright (c) 1998-2021 Muthen & Muthen
