Mplus VERSION 8.7
MUTHEN & MUTHEN
11/08/2021  12:48 PM

INPUT INSTRUCTIONS

  TITLE: Your title goes here

   DATA: FILE = no_f2f_mm/data.dta;

   VARIABLE:

   NAMES = pidp gridmode mm hidp_5 hidp_6 hidp_7 hidp_8 hidp_9 hidp_10 indmode_5
       indmode_6 indmode_7 indmode_8 indmode_9 indmode_10 mode_type_all mode_type_no9
       mode_type_567 mode_type_7 all no9 p567 p7 switch_all switch_no9 switch_567
       switch_7 lkmove_5 xpmove_5 caruse_5 mobuse_5 netpuse_5 aidxhh_5 jbhas_5 j2has_5
       finnow_5 finfut_5 howlng_5 vote1_5 vote6_5 scsf1_5 scsf2a_5 scsf2b_5 scsf3a_5
       scsf3b_5 scsf4a_5 scsf4b_5 scsf5_5 scsf6a_5 scsf6b_5 scsf6c_5 scsf7_5 scghqa_5
       scghqb_5 scghqc_5 scghqd_5 scghqe_5 scghqf_5 scghqg_5 scghqh_5 scghqi_5
       scghqj_5 scghqk_5 scghql_5 lkmove_6 xpmove_6 caruse_6 mobuse_6 netpuse_6
       aidxhh_6 jbhas_6 j2has_6 finnow_6 finfut_6 howlng_6 vote1_6 vote6_6 scsf1_6
       scsf2a_6 scsf2b_6 scsf3a_6 scsf3b_6 scsf4a_6 scsf4b_6 scsf5_6 scsf6a_6 scsf6b_6
       scsf6c_6 scsf7_6 scghqa_6 scghqb_6 scghqc_6 scghqd_6 scghqe_6 scghqf_6 scghqg_6
       scghqh_6 scghqi_6 scghqj_6 scghqk_6 scghql_6 lkmove_7 xpmove_7 caruse_7
       mobuse_7 netpuse_7 smoker_7 aidxhh_7 jbhas_7 jbterm1_7 jbsemp_7 j2has_7
       fiyrdia_7 finnow_7 finfut_7 howlng_7 vote1_7 vote6_7 scsf2a_7 scsf2b_7 scsf3a_7
       scsf3b_7 scsf4a_7 scsf4b_7 scsf5_7 scsf6a_7 scsf6b_7 scsf6c_7 scsf7_7 scghqa_7
       scghqb_7 scghqc_7 scghqd_7 scghqe_7 scghqf_7 scghqg_7 scghqh_7 scghqi_7
       scghqj_7 scghqk_7 scghql_7 scsf1_7 lkmove_8 xpmove_8 caruse_8 mobuse_8
       netpuse_8 smoker_8 aidxhh_8 jbhas_8 jbterm1_8 jbsemp_8 j2has_8 fiyrdia_8
       finnow_8 finfut_8 scsf2a_8 scsf2b_8 scsf3a_8 scsf3b_8 scsf4a_8 scsf4b_8 scsf5_8
       scsf6a_8 scsf6b_8 scsf6c_8 scsf7_8 scghqa_8 scghqb_8 scghqc_8 scghqd_8 scghqe_8
       scghqf_8 scghqg_8 scghqh_8 scghqi_8 scghqj_8 scghqk_8 scghql_8 scsf1_8 mobuse_9
       netpuse_9 smoker_9 jbhas_9 jbterm1_9 jbsemp_9 j2has_9 fiyrdia_9 finnow_9
       finfut_9 lkmove_10 xpmove_10 mobuse_10 netpuse_10 smoker_10 aidxhh_10 jbhas_10
       jbterm1_10 jbsemp_10 j2has_10 fiyrdia_10 finnow_10 finfut_10 scsf1_10 scsf2a_10
       scsf2b_10 scsf3a_10 scsf3b_10 scsf4a_10 scsf4b_10 scsf5_10 scsf6a_10 scsf6b_10
       scsf6c_10 scsf7_10 scghqa_10 scghqb_10 scghqc_10 scghqd_10 scghqe_10 scghqf_10
       scghqg_10 scghqh_10 scghqi_10 scghqj_10 scghqk_10 scghql_10 edu agecat female
       partner sf1 longill london north urban refresh Higher A level GCSE Other age_35
       age_55 age_75 age_102 pred_all pred_no9 pred_p567 pred_p7 pred_all_w pred_no9_w
       pred_p567_w pred_p7_w;

   MISSING=.;

   USEVARIABLES ARE
   scghqf_5
   scghqf_6
   scghqf_7
   scghqf_8
   scghqf_10;

   CATEGORICAL ARE
   scghqf_5
   scghqf_6
   scghqf_7
   scghqf_8
   scghqf_10;
   CLASSES = c(2);

    KNOWNCLASS = c(no9= 1 2);
  WEIGHT IS pred_no9_w;

   ANALYSIS:


      TYPE = MIXTURE;

      ESTIMATOR = MLR;

      ALGORITHM = INTEGRATION;

      Processors = 8(starts);

      STARTS = 800 200;

   Model:


      %OVERALL%

  i s | scghqf_5@0 scghqf_6@1 scghqf_7@2 scghqf_8@3 scghqf_10@5;
   %c#1%
  [s] (a); s ;
   s WITH i ;
   i ;


   %c#2%
  [s] (a); s ;
   s WITH i ;
   i ;


   OUTPUT: SAMPSTAT;

                                  STDYX;




*** WARNING in VARIABLE command
  Note that only the first 8 characters of variable names are used in the output.
  Shorten variable names to avoid any confusion.
*** WARNING
  One or more observations has a value of 0 for the WEIGHT variable.  Consider using the
  SUBPOPULATION option to restrict the analysis to observations with a positive weight.
*** WARNING
  Data set contains unknown or missing values for variable NO9.
  This variable is used to determine the KNOWNCLASS specification.
  Number of such cases:  913
*** WARNING
  Data set contains cases with missing on all variables.
  These cases were not included in the analysis.
  Number of cases with missing on all variables:  42
   4 WARNING(S) FOUND IN THE INPUT INSTRUCTIONS



Your title goes here

SUMMARY OF ANALYSIS

Number of groups                                                 1
Number of observations                                        1102

Number of dependent variables                                    5
Number of independent variables                                  0
Number of continuous latent variables                            2
Number of categorical latent variables                           1

Observed dependent variables

  Binary and ordered categorical (ordinal)
   SCGHQF_5    SCGHQF_6    SCGHQF_7    SCGHQF_8    SCGHQF_1

Continuous latent variables
   I           S

Categorical latent variables
   C

  Knownclass            C

Variables with special functions

  Weight variable       PRED_NO9

Estimator                                                      MLR
Information matrix                                        OBSERVED
Optimization Specifications for the Quasi-Newton Algorithm for
Continuous Outcomes
  Maximum number of iterations                                 100
  Convergence criterion                                  0.100D-05
Optimization Specifications for the EM Algorithm
  Maximum number of iterations                                 500
  Convergence criteria
    Loglikelihood change                                 0.100D-02
    Relative loglikelihood change                        0.100D-05
    Derivative                                           0.100D-02
Optimization Specifications for the M step of the EM Algorithm for
Categorical Latent variables
  Number of M step iterations                                    1
  M step convergence criterion                           0.100D-02
  Basis for M step termination                           ITERATION
Optimization Specifications for the M step of the EM Algorithm for
Censored, Binary or Ordered Categorical (Ordinal), Unordered
Categorical (Nominal) and Count Outcomes
  Number of M step iterations                                    1
  M step convergence criterion                           0.100D-02
  Basis for M step termination                           ITERATION
  Maximum value for logit thresholds                            15
  Minimum value for logit thresholds                           -15
  Minimum expected cell size for chi-square              0.100D-01
Maximum number of iterations for H1                           2000
Convergence criterion for H1                             0.100D-03
Optimization algorithm                                         EMA
Integration Specifications
  Type                                                    STANDARD
  Number of integration points                                  15
  Dimensions of numerical integration                            2
  Adaptive quadrature                                           ON
Random Starts Specifications
  Number of initial stage random starts                        800
  Number of final stage optimizations                          200
  Number of initial stage iterations                            10
  Initial stage convergence criterion                    0.100D+01
  Random starts scale                                    0.500D+01
  Random seed for generating random starts                       0
Link                                                         LOGIT
Cholesky                                                        ON

Input data file(s)
  no_f2f_mm/data.dta
Input data format  FREE


SUMMARY OF DATA

     Number of missing data patterns            31
     Number of y missing data patterns           0
     Number of u missing data patterns          31


COVARIANCE COVERAGE OF DATA

Minimum covariance coverage value   0.100


     PROPORTION OF DATA PRESENT FOR U


           Covariance Coverage
              SCGHQF_5      SCGHQF_6      SCGHQF_7      SCGHQF_8      SCGHQF_1
              ________      ________      ________      ________      ________
 SCGHQF_5       0.505
 SCGHQF_6       0.394         0.587
 SCGHQF_7       0.369         0.466         0.673
 SCGHQF_8       0.354         0.455         0.554         0.673
 SCGHQF_1       0.322         0.412         0.484         0.531         0.643


UNIVARIATE PROPORTIONS AND COUNTS FOR CATEGORICAL VARIABLES

    SCGHQF_5
      Category 1    0.375          266.005
      Category 2    0.483          342.813
      Category 3    0.113           80.076
      Category 4    0.030           21.375
    SCGHQF_6
      Category 1    0.376          315.677
      Category 2    0.507          425.758
      Category 3    0.100           83.621
      Category 4    0.017           13.893
    SCGHQF_7
      Category 1    0.425          330.798
      Category 2    0.465          362.261
      Category 3    0.083           64.694
      Category 4    0.027           20.644
    SCGHQF_8
      Category 1    0.449          327.358
      Category 2    0.443          323.225
      Category 3    0.094           68.236
      Category 4    0.015           10.639
    SCGHQF_1
      Category 1    0.403          267.697
      Category 2    0.465          309.152
      Category 3    0.111           73.810
      Category 4    0.020           13.558


SAMPLE STATISTICS

RANDOM STARTS RESULTS RANKED FROM THE BEST TO THE WORST LOGLIKELIHOOD VALUES

Final stage loglikelihood values at local maxima, seeds, and initial stage start numbers:

           -4283.963  153053           378
           -4283.963  850840           232
           -4283.963  970689           266
           -4283.963  387701           275
           -4283.963  654136           167
           -4283.963  534864           307
           -4283.963  917702           693
           -4283.963  146900           391
           -4283.963  777045           377
           -4283.963  264901           634
           -4283.963  342019           301
           -4283.963  322790           636
           -4283.963  539389           544
           -4283.963  349360           464
           -4283.963  715255           523
           -4283.963  391949           295
           -4283.963  414828           322
           -4283.963  314034           513
           -4283.963  192191           629
           -4283.963  17896            592
           -4283.963  710445           792
           -4283.963  67009            564
           -4283.963  650354           577
           -4283.963  246575           291
           -4283.963  519357           559
           -4283.963  46502            714
           -4283.963  358488           264
           -4283.963  971693           470
           -4283.963  340112           126
           -4283.963  348637           749
           -4283.963  253358           2
           -4283.963  574942           558
           -4283.963  580539           786
           -4283.963  677062           680
           -4283.963  137305           379
           -4283.963  824956           607
           -4283.963  714997           399
           -4283.963  728038           177
           -4283.963  137377           397
           -4283.963  347515           24
           -4283.963  241197           747
           -4283.963  436460           89
           -4283.963  788796           145
           -4283.963  580181           691
           -4283.963  204959           695
           -4283.963  512403           719
           -4283.963  231281           542
           -4283.963  117587           572
           -4283.963  153394           429
           -4283.963  285380           1
           -4283.963  913639           162
           -4283.963  59674            240
           -4283.963  778953           635
           -4283.963  127362           757
           -4283.963  781489           627
           -4283.963  802682           419
           -4283.963  68985            17
           -4283.963  4091             548
           -4283.963  726035           191
           -4283.963  602797           336
           -4283.963  14262            781
           -4283.963  215353           164
           -4283.963  79212            517
           -4283.963  900631           774
           -4283.963  642386           662
           -4283.963  502495           724
           -4283.963  320494           465
           -4283.963  378393           509
           -4283.963  862607           468
           -4283.963  646573           741
           -4283.963  314757           345
           -4283.963  804561           59
           -4283.963  860029           760
           -4283.963  879211           453
           -4283.963  69413            472
           -4283.963  377584           630
           -4283.963  259507           53
           -4283.963  673496           218
           -4283.963  848890           95
           -4283.963  425982           485
           -4283.963  801065           393
           -4283.963  267983           228
           -4283.963  659773           663
           -4283.963  155622           507
           -4283.963  88437            761
           -4283.963  416250           390
           -4283.963  484406           421
           -4283.963  514326           325
           -4283.963  871438           561
           -4283.963  933578           506
           -4283.963  76451            211
           -4283.963  263221           447
           -4283.963  440841           118
           -4283.963  637095           207
           -4283.963  237332           661
           -4283.963  520865           763
           -4283.963  741484           441
           -4283.963  625191           350
           -4283.963  775881           778
           -4283.963  404510           442
           -4283.963  631413           439
           -4283.963  264081           186
           -4283.963  345974           622
           -4283.963  992389           77
           -4283.963  821011           161
           -4283.963  341519           653
           -4283.963  354208           196
           -4283.963  392418           28
           -4283.963  575700           100
           -4283.963  91231            727
           -4283.963  565819           65
           -4283.963  965639           463
           -4283.963  252949           487
           -4283.963  696773           80
           -4283.963  407168           44
           -4283.963  105435           265
           -4283.963  418686           338
           -4283.963  396795           323
           -4283.963  488125           368
           -4283.963  784664           75
           -4283.963  152496           123
           -4283.963  617243           237
           -4283.963  505244           582
           -4283.963  376411           473
           -4283.963  227563           63
           -4283.963  301180           236
           -4283.963  736574           414
           -4283.963  359578           458
           -4283.963  25127            107
           -4283.963  166851           638
           -4283.963  995875           547
           -4283.963  315029           471
           -4283.963  836515           341
           -4283.963  597614           284
           -4283.963  177936           726
           -4283.963  891531           206
           -4283.963  608849           224
           -4283.963  689529           516
           -4283.963  97300            640
           -4283.963  345070           114
           -4283.963  275475           413
           -4283.963  399848           220
           -4283.963  960438           116
           -4283.963  712531           631
           -4283.963  926283           269
           -4283.963  441191           361
           -4283.963  702492           718
           -4283.963  509733           130
           -4283.963  967237           48
           -4283.963  190339           102
           -4283.963  569833           85
           -4283.963  616917           261
           -4283.963  830392           35
           -4283.963  903633           553
           -4283.963  355254           796
           -4283.963  915107           54
           -4283.963  610181           711
           -4283.963  902278           21
           -4283.963  536551           696
           -4283.963  637345           19
           -4283.964  34346            330
           -4283.964  276102           599
           -4283.964  878749           728
           -4283.964  789985           67
           -4283.964  476393           705
           -4283.964  804104           566
           -4283.964  175199           247
           -4283.964  742609           531
           -4283.967  529455           268
           -4283.967  717754           180
           -4283.967  823392           479
           -4283.967  860772           174
           -4283.968  29591            633
           -4283.968  278661           674
           -4283.968  415502           194
           -4283.968  355674           540
           -4283.969  62835            642
           -4283.969  76337            76
           -4283.969  399380           436
           -4283.969  724519           333
           -4283.969  192071           142
           -4283.969  849670           347
           -4283.969  668003           647
           -4283.969  399508           415
           -4283.969  483369           270
           -4283.969  791396           243
           -4283.969  863094           147
           -4283.969  529496           343
           -4283.969  556929           734
           -4283.970  496881           192
           -4283.970  178181           753
           -4283.972  50887            389
           -4283.979  456213           160
           -4283.979  416463           467
           -4283.979  568405           233
           -4283.979  303834           798
           -4283.994  294669           501
           -4283.998  761633           50
           -4284.000  609185           181
           -4284.001  552272           654



THE BEST LOGLIKELIHOOD VALUE HAS BEEN REPLICATED.  RERUN WITH AT LEAST TWICE THE
RANDOM STARTS TO CHECK THAT THE BEST LOGLIKELIHOOD IS STILL OBTAINED AND REPLICATED.


THE MODEL ESTIMATION TERMINATED NORMALLY



MODEL FIT INFORMATION

Number of Free Parameters                       12

Loglikelihood

          H0 Value                       -4283.963
          H0 Scaling Correction Factor      1.8007
            for MLR

Information Criteria

          Akaike (AIC)                    8591.927
          Bayesian (BIC)                  8651.985
          Sample-Size Adjusted BIC        8613.870
            (n* = (n + 2) / 24)

Chi-Square Test of Model Fit for the Binary and Ordered Categorical
(Ordinal) Outcomes**

          Pearson Chi-Square

          Value                           2008.190
          Degrees of Freedom                  2027
          P-Value                           0.6128

          Likelihood Ratio Chi-Square

          Value                            656.457
          Degrees of Freedom                  2027
          P-Value                           1.0000

** Of the 3124 cells in the latent class indicator table, 4
   were deleted in the calculation of chi-square due to extreme values.

Chi-Square Test for MCAR under the Unrestricted Latent Class Indicator Model

          Pearson Chi-Square

          Value                           1723.519
          Degrees of Freedom                  4139
          P-Value                           1.0000

          Likelihood Ratio Chi-Square

          Value                           1285.401
          Degrees of Freedom                  4139
          P-Value                           1.0000



FINAL CLASS COUNTS AND PROPORTIONS FOR THE LATENT CLASSES
BASED ON THE ESTIMATED MODEL

    Latent
   Classes

       1        563.00000          0.51089
       2        539.00000          0.48911


MODEL RESULTS

                                                    Two-Tailed
                    Estimate       S.E.  Est./S.E.    P-Value

Latent Class 1 (1)

 I        |
    SCGHQF_5           1.000      0.000    999.000    999.000
    SCGHQF_6           1.000      0.000    999.000    999.000
    SCGHQF_7           1.000      0.000    999.000    999.000
    SCGHQF_8           1.000      0.000    999.000    999.000
    SCGHQF_10          1.000      0.000    999.000    999.000

 S        |
    SCGHQF_5           0.000      0.000    999.000    999.000
    SCGHQF_6           1.000      0.000    999.000    999.000
    SCGHQF_7           2.000      0.000    999.000    999.000
    SCGHQF_8           3.000      0.000    999.000    999.000
    SCGHQF_10          5.000      0.000    999.000    999.000

 S        WITH
    I                 -0.453      0.279     -1.626      0.104

 Means
    I                 -0.185      0.181     -1.025      0.305
    S                 -0.057      0.031     -1.874      0.061

 Thresholds
    SCGHQF_5$1        -0.815      0.130     -6.277      0.000
    SCGHQF_5$2         2.728      0.158     17.282      0.000
    SCGHQF_5$3         4.991      0.241     20.746      0.000
    SCGHQF_6$1        -0.815      0.130     -6.277      0.000
    SCGHQF_6$2         2.728      0.158     17.282      0.000
    SCGHQF_6$3         4.991      0.241     20.746      0.000
    SCGHQF_7$1        -0.815      0.130     -6.277      0.000
    SCGHQF_7$2         2.728      0.158     17.282      0.000
    SCGHQF_7$3         4.991      0.241     20.746      0.000
    SCGHQF_8$1        -0.815      0.130     -6.277      0.000
    SCGHQF_8$2         2.728      0.158     17.282      0.000
    SCGHQF_8$3         4.991      0.241     20.746      0.000
    SCGHQF_1$1        -0.815      0.130     -6.277      0.000
    SCGHQF_1$2         2.728      0.158     17.282      0.000
    SCGHQF_1$3         4.991      0.241     20.746      0.000

 Variances
    I                  4.164      1.186      3.510      0.000
    S                  0.170      0.097      1.760      0.078

Latent Class 2 (2)

 I        |
    SCGHQF_5           1.000      0.000    999.000    999.000
    SCGHQF_6           1.000      0.000    999.000    999.000
    SCGHQF_7           1.000      0.000    999.000    999.000
    SCGHQF_8           1.000      0.000    999.000    999.000
    SCGHQF_10          1.000      0.000    999.000    999.000

 S        |
    SCGHQF_5           0.000      0.000    999.000    999.000
    SCGHQF_6           1.000      0.000    999.000    999.000
    SCGHQF_7           2.000      0.000    999.000    999.000
    SCGHQF_8           3.000      0.000    999.000    999.000
    SCGHQF_10          5.000      0.000    999.000    999.000

 S        WITH
    I                  0.107      0.111      0.964      0.335

 Means
    I                  0.000      0.000    999.000    999.000
    S                 -0.057      0.031     -1.874      0.061

 Thresholds
    SCGHQF_5$1        -0.815      0.130     -6.277      0.000
    SCGHQF_5$2         2.728      0.158     17.282      0.000
    SCGHQF_5$3         4.991      0.241     20.746      0.000
    SCGHQF_6$1        -0.815      0.130     -6.277      0.000
    SCGHQF_6$2         2.728      0.158     17.282      0.000
    SCGHQF_6$3         4.991      0.241     20.746      0.000
    SCGHQF_7$1        -0.815      0.130     -6.277      0.000
    SCGHQF_7$2         2.728      0.158     17.282      0.000
    SCGHQF_7$3         4.991      0.241     20.746      0.000
    SCGHQF_8$1        -0.815      0.130     -6.277      0.000
    SCGHQF_8$2         2.728      0.158     17.282      0.000
    SCGHQF_8$3         4.991      0.241     20.746      0.000
    SCGHQF_1$1        -0.815      0.130     -6.277      0.000
    SCGHQF_1$2         2.728      0.158     17.282      0.000
    SCGHQF_1$3         4.991      0.241     20.746      0.000

 Variances
    I                  2.934      0.591      4.967      0.000
    S                  0.006      0.036      0.179      0.858

Categorical Latent Variables

 Means
    C#1                0.044      0.076      0.572      0.567


QUALITY OF NUMERICAL RESULTS

     Condition Number for the Information Matrix              0.288E-02
       (ratio of smallest to largest eigenvalue)


RESULTS IN PROBABILITY SCALE

                    Estimate

Latent Class 1 (1)

 SCGHQF_5
    Category 1         0.407
    Category 2         0.454
    Category 3         0.110
    Category 4         0.029
 SCGHQF_6
    Category 1         0.410
    Category 2         0.468
    Category 3         0.099
    Category 4         0.023
 SCGHQF_7
    Category 1         0.416
    Category 2         0.474
    Category 3         0.091
    Category 4         0.019
 SCGHQF_8
    Category 1         0.425
    Category 2         0.470
    Category 3         0.087
    Category 4         0.018
 SCGHQF_10
    Category 1         0.448
    Category 2         0.440
    Category 3         0.091
    Category 4         0.022

Latent Class 2 (2)

 SCGHQF_5
    Category 1         0.368
    Category 2         0.500
    Category 3         0.108
    Category 4         0.024
 SCGHQF_6
    Category 1         0.379
    Category 2         0.489
    Category 3         0.107
    Category 4         0.024
 SCGHQF_7
    Category 1         0.390
    Category 2         0.479
    Category 3         0.106
    Category 4         0.025
 SCGHQF_8
    Category 1         0.401
    Category 2         0.468
    Category 3         0.106
    Category 4         0.026
 SCGHQF_10
    Category 1         0.421
    Category 2         0.447
    Category 3         0.104
    Category 4         0.027


STANDARDIZED MODEL RESULTS


STDYX Standardization

                                                    Two-Tailed
                    Estimate       S.E.  Est./S.E.    P-Value

Latent Class 1 (1)

 I        |
    SCGHQF_5           0.747      0.047     15.906      0.000
    SCGHQF_6           0.787      0.068     11.509      0.000
    SCGHQF_7           0.812      0.089      9.086      0.000
    SCGHQF_8           0.815      0.104      7.809      0.000
    SCGHQF_10          0.762      0.116      6.581      0.000

 S        |
    SCGHQF_5           0.000      0.000    999.000    999.000
    SCGHQF_6           0.159      0.043      3.688      0.000
    SCGHQF_7           0.328      0.093      3.546      0.000
    SCGHQF_8           0.494      0.139      3.568      0.000
    SCGHQF_10          0.770      0.187      4.121      0.000

 S        WITH
    I                 -0.538      0.152     -3.536      0.000

 Means
    I                 -0.091      0.090     -1.009      0.313
    S                 -0.139      0.081     -1.725      0.085

 Thresholds
    SCGHQF_5$1        -0.299      0.052     -5.771      0.000
    SCGHQF_5$2         0.999      0.087     11.425      0.000
    SCGHQF_5$3         1.828      0.159     11.493      0.000
    SCGHQF_6$1        -0.315      0.052     -6.038      0.000
    SCGHQF_6$2         1.052      0.077     13.665      0.000
    SCGHQF_6$3         1.925      0.136     14.157      0.000
    SCGHQF_7$1        -0.324      0.052     -6.236      0.000
    SCGHQF_7$2         1.085      0.071     15.254      0.000
    SCGHQF_7$3         1.985      0.119     16.629      0.000
    SCGHQF_8$1        -0.326      0.051     -6.370      0.000
    SCGHQF_8$2         1.090      0.071     15.416      0.000
    SCGHQF_8$3         1.994      0.113     17.639      0.000
    SCGHQF_1$1        -0.304      0.049     -6.173      0.000
    SCGHQF_1$2         1.018      0.092     11.076      0.000
    SCGHQF_1$3         1.863      0.153     12.196      0.000

 Variances
    I                  1.000      0.000    999.000    999.000
    S                  1.000      0.000    999.000    999.000

Latent Class 2 (2)

 I        |
    SCGHQF_5           0.687      0.037     18.794      0.000
    SCGHQF_6           0.675      0.045     15.019      0.000
    SCGHQF_7           0.663      0.052     12.858      0.000
    SCGHQF_8           0.651      0.057     11.511      0.000
    SCGHQF_10          0.627      0.064      9.761      0.000

 S        |
    SCGHQF_5           0.000      0.000    999.000    999.000
    SCGHQF_6           0.031      0.087      0.360      0.719
    SCGHQF_7           0.062      0.172      0.360      0.719
    SCGHQF_8           0.091      0.253      0.360      0.719
    SCGHQF_10          0.146      0.404      0.363      0.717

 S        WITH
    I                  0.784      2.805      0.280      0.780

 Means
    I                  0.000      0.000    999.000    999.000
    S                 -0.716      2.006     -0.357      0.721

 Thresholds
    SCGHQF_5$1        -0.327      0.055     -5.978      0.000
    SCGHQF_5$2         1.093      0.062     17.699      0.000
    SCGHQF_5$3         2.000      0.099     20.203      0.000
    SCGHQF_6$1        -0.321      0.053     -6.107      0.000
    SCGHQF_6$2         1.074      0.056     19.097      0.000
    SCGHQF_6$3         1.966      0.087     22.645      0.000
    SCGHQF_7$1        -0.316      0.051     -6.190      0.000
    SCGHQF_7$2         1.055      0.056     18.865      0.000
    SCGHQF_7$3         1.931      0.085     22.657      0.000
    SCGHQF_8$1        -0.310      0.050     -6.242      0.000
    SCGHQF_8$2         1.037      0.059     17.619      0.000
    SCGHQF_8$3         1.896      0.090     20.978      0.000
    SCGHQF_1$1        -0.299      0.048     -6.221      0.000
    SCGHQF_1$2         0.999      0.072     13.844      0.000
    SCGHQF_1$3         1.827      0.116     15.713      0.000

 Variances
    I                  1.000      0.000    999.000    999.000
    S                  1.000      0.000    999.000    999.000


R-SQUARE

Class 1

    Observed                                        Two-Tailed
    Variable        Estimate       S.E.  Est./S.E.    P-Value

    SCGHQF_5           0.559      0.070      7.953      0.000
    SCGHQF_6           0.510      0.059      8.682      0.000
    SCGHQF_7           0.480      0.048      9.966      0.000
    SCGHQF_8           0.475      0.044     10.866      0.000
    SCGHQF_1           0.542      0.068      7.979      0.000

Class 2

    Observed                                        Two-Tailed
    Variable        Estimate       S.E.  Est./S.E.    P-Value

    SCGHQF_5           0.471      0.050      9.397      0.000
    SCGHQF_6           0.490      0.038     12.987      0.000
    SCGHQF_7           0.507      0.033     15.355      0.000
    SCGHQF_8           0.525      0.035     15.028      0.000
    SCGHQF_1           0.559      0.051     11.034      0.000


     Beginning Time:  12:48:42
        Ending Time:  12:53:03
       Elapsed Time:  00:04:21



MUTHEN & MUTHEN
3463 Stoner Ave.
Los Angeles, CA  90066

Tel: (310) 391-9971
Fax: (310) 391-8971
Web: www.StatModel.com
Support: Support@StatModel.com

Copyright (c) 1998-2021 Muthen & Muthen
