Mplus VERSION 8.7
MUTHEN & MUTHEN
11/08/2021   2:45 PM

INPUT INSTRUCTIONS

  TITLE: Your title goes here

   DATA: FILE = no_f2f_mm/data.dta;

   VARIABLE:

   NAMES = pidp gridmode mm hidp_5 hidp_6 hidp_7 hidp_8 hidp_9 hidp_10 indmode_5
       indmode_6 indmode_7 indmode_8 indmode_9 indmode_10 mode_type_all mode_type_no9
       mode_type_567 mode_type_7 all no9 p567 p7 switch_all switch_no9 switch_567
       switch_7 lkmove_5 xpmove_5 caruse_5 mobuse_5 netpuse_5 aidxhh_5 jbhas_5 j2has_5
       finnow_5 finfut_5 howlng_5 vote1_5 vote6_5 scsf1_5 scsf2a_5 scsf2b_5 scsf3a_5
       scsf3b_5 scsf4a_5 scsf4b_5 scsf5_5 scsf6a_5 scsf6b_5 scsf6c_5 scsf7_5 scghqa_5
       scghqb_5 scghqc_5 scghqd_5 scghqe_5 scghqf_5 scghqg_5 scghqh_5 scghqi_5
       scghqj_5 scghqk_5 scghql_5 lkmove_6 xpmove_6 caruse_6 mobuse_6 netpuse_6
       aidxhh_6 jbhas_6 j2has_6 finnow_6 finfut_6 howlng_6 vote1_6 vote6_6 scsf1_6
       scsf2a_6 scsf2b_6 scsf3a_6 scsf3b_6 scsf4a_6 scsf4b_6 scsf5_6 scsf6a_6 scsf6b_6
       scsf6c_6 scsf7_6 scghqa_6 scghqb_6 scghqc_6 scghqd_6 scghqe_6 scghqf_6 scghqg_6
       scghqh_6 scghqi_6 scghqj_6 scghqk_6 scghql_6 lkmove_7 xpmove_7 caruse_7
       mobuse_7 netpuse_7 smoker_7 aidxhh_7 jbhas_7 jbterm1_7 jbsemp_7 j2has_7
       fiyrdia_7 finnow_7 finfut_7 howlng_7 vote1_7 vote6_7 scsf2a_7 scsf2b_7 scsf3a_7
       scsf3b_7 scsf4a_7 scsf4b_7 scsf5_7 scsf6a_7 scsf6b_7 scsf6c_7 scsf7_7 scghqa_7
       scghqb_7 scghqc_7 scghqd_7 scghqe_7 scghqf_7 scghqg_7 scghqh_7 scghqi_7
       scghqj_7 scghqk_7 scghql_7 scsf1_7 lkmove_8 xpmove_8 caruse_8 mobuse_8
       netpuse_8 smoker_8 aidxhh_8 jbhas_8 jbterm1_8 jbsemp_8 j2has_8 fiyrdia_8
       finnow_8 finfut_8 scsf2a_8 scsf2b_8 scsf3a_8 scsf3b_8 scsf4a_8 scsf4b_8 scsf5_8
       scsf6a_8 scsf6b_8 scsf6c_8 scsf7_8 scghqa_8 scghqb_8 scghqc_8 scghqd_8 scghqe_8
       scghqf_8 scghqg_8 scghqh_8 scghqi_8 scghqj_8 scghqk_8 scghql_8 scsf1_8 mobuse_9
       netpuse_9 smoker_9 jbhas_9 jbterm1_9 jbsemp_9 j2has_9 fiyrdia_9 finnow_9
       finfut_9 lkmove_10 xpmove_10 mobuse_10 netpuse_10 smoker_10 aidxhh_10 jbhas_10
       jbterm1_10 jbsemp_10 j2has_10 fiyrdia_10 finnow_10 finfut_10 scsf1_10 scsf2a_10
       scsf2b_10 scsf3a_10 scsf3b_10 scsf4a_10 scsf4b_10 scsf5_10 scsf6a_10 scsf6b_10
       scsf6c_10 scsf7_10 scghqa_10 scghqb_10 scghqc_10 scghqd_10 scghqe_10 scghqf_10
       scghqg_10 scghqh_10 scghqi_10 scghqj_10 scghqk_10 scghql_10 edu agecat female
       partner sf1 longill london north urban refresh Higher A level GCSE Other age_35
       age_55 age_75 age_102 pred_all pred_no9 pred_p567 pred_p7 pred_all_w pred_no9_w
       pred_p567_w pred_p7_w;

   MISSING=.;

   USEVARIABLES ARE
   scsf1_5
   scsf1_6
   scsf1_7
   scsf1_8
   scsf1_10;
   CLASSES = c(2);

    KNOWNCLASS = c(no9= 1 2);
  WEIGHT IS pred_no9_w;

   ANALYSIS:


      TYPE = MIXTURE;

      ESTIMATOR = MLR;

      ALGORITHM = INTEGRATION;

      Processors = 8(starts);

      STARTS = 800 200;

   Model:


      %OVERALL%

  i s | scsf1_5@0 scsf1_6@1 scsf1_7@2 scsf1_8@3 scsf1_10@5;;

  scsf1_5 (a);
   scsf1_6 (a);
   scsf1_7 (a);
   scsf1_8 (a);
   scsf1_10 (a);

   %c#1%
  [s] (a); s ;
   s WITH i ;
   i ;


   %c#2%
  [s] (a); s ;
   s WITH i ;
   i ;


   OUTPUT: SAMPSTAT;

                                  STDYX;




*** WARNING
  One or more observations has a value of 0 for the WEIGHT variable.  Consider using the
  SUBPOPULATION option to restrict the analysis to observations with a positive weight.
*** WARNING
  Data set contains unknown or missing values for variable NO9.
  This variable is used to determine the KNOWNCLASS specification.
  Number of such cases:  913
*** WARNING
  Data set contains cases with missing on all variables.
  These cases were not included in the analysis.
  Number of cases with missing on all variables:  38
   3 WARNING(S) FOUND IN THE INPUT INSTRUCTIONS



Your title goes here

SUMMARY OF ANALYSIS

Number of groups                                                 1
Number of observations                                        1106

Number of dependent variables                                    5
Number of independent variables                                  0
Number of continuous latent variables                            2
Number of categorical latent variables                           1

Observed dependent variables

  Continuous
   SCSF1_5     SCSF1_6     SCSF1_7     SCSF1_8     SCSF1_10

Continuous latent variables
   I           S

Categorical latent variables
   C

  Knownclass            C

Variables with special functions

  Weight variable       PRED_NO9

Estimator                                                      MLR
Information matrix                                        OBSERVED
Optimization Specifications for the Quasi-Newton Algorithm for
Continuous Outcomes
  Maximum number of iterations                                 100
  Convergence criterion                                  0.100D-05
Optimization Specifications for the EM Algorithm
  Maximum number of iterations                                 500
  Convergence criteria
    Loglikelihood change                                 0.100D-02
    Relative loglikelihood change                        0.100D-05
    Derivative                                           0.100D-02
Optimization Specifications for the M step of the EM Algorithm for
Categorical Latent variables
  Number of M step iterations                                    1
  M step convergence criterion                           0.100D-02
  Basis for M step termination                           ITERATION
Optimization Specifications for the M step of the EM Algorithm for
Censored, Binary or Ordered Categorical (Ordinal), Unordered
Categorical (Nominal) and Count Outcomes
  Number of M step iterations                                    1
  M step convergence criterion                           0.100D-02
  Basis for M step termination                           ITERATION
  Maximum value for logit thresholds                            15
  Minimum value for logit thresholds                           -15
  Minimum expected cell size for chi-square              0.100D-01
Maximum number of iterations for H1                           2000
Convergence criterion for H1                             0.100D-03
Optimization algorithm                                         EMA
Integration Specifications
  Type                                                    STANDARD
  Number of integration points                                  15
  Dimensions of numerical integration                            0
  Adaptive quadrature                                           ON
Random Starts Specifications
  Number of initial stage random starts                        800
  Number of final stage optimizations                          200
  Number of initial stage iterations                            10
  Initial stage convergence criterion                    0.100D+01
  Random starts scale                                    0.500D+01
  Random seed for generating random starts                       0
Cholesky                                                       OFF

Input data file(s)
  no_f2f_mm/data.dta
Input data format  FREE


SUMMARY OF DATA

     Number of missing data patterns            31
     Number of y missing data patterns          31
     Number of u missing data patterns           0


COVARIANCE COVERAGE OF DATA

Minimum covariance coverage value   0.100


     PROPORTION OF DATA PRESENT FOR Y


           Covariance Coverage
              SCSF1_5       SCSF1_6       SCSF1_7       SCSF1_8       SCSF1_10
              ________      ________      ________      ________      ________
 SCSF1_5        0.504
 SCSF1_6        0.391         0.589
 SCSF1_7        0.368         0.467         0.672
 SCSF1_8        0.352         0.455         0.554         0.673
 SCSF1_10       0.320         0.412         0.484         0.532         0.642


SAMPLE STATISTICS


     ESTIMATED SAMPLE STATISTICS FOR CLASS 1


           Means
              SCSF1_5       SCSF1_6       SCSF1_7       SCSF1_8       SCSF1_10
              ________      ________      ________      ________      ________
                2.800         2.757         2.808         2.937         2.793


           Covariances
              SCSF1_5       SCSF1_6       SCSF1_7       SCSF1_8       SCSF1_10
              ________      ________      ________      ________      ________
 SCSF1_5        1.305
 SCSF1_6        0.971         1.265
 SCSF1_7        0.824         0.857         1.121
 SCSF1_8        0.780         0.879         0.893         1.227
 SCSF1_10       0.805         0.913         0.895         0.934         1.256


           Correlations
              SCSF1_5       SCSF1_6       SCSF1_7       SCSF1_8       SCSF1_10
              ________      ________      ________      ________      ________
 SCSF1_5        1.000
 SCSF1_6        0.756         1.000
 SCSF1_7        0.681         0.720         1.000
 SCSF1_8        0.617         0.706         0.761         1.000
 SCSF1_10       0.629         0.724         0.754         0.752         1.000


     ESTIMATED SAMPLE STATISTICS FOR CLASS 2


           Means
              SCSF1_5       SCSF1_6       SCSF1_7       SCSF1_8       SCSF1_10
              ________      ________      ________      ________      ________
                2.746         2.732         2.797         2.965         2.735


           Covariances
              SCSF1_5       SCSF1_6       SCSF1_7       SCSF1_8       SCSF1_10
              ________      ________      ________      ________      ________
 SCSF1_5        1.130
 SCSF1_6        0.861         1.070
 SCSF1_7        0.674         0.638         0.790
 SCSF1_8        0.721         0.708         0.605         0.927
 SCSF1_10       0.844         0.778         0.683         0.763         1.122


           Correlations
              SCSF1_5       SCSF1_6       SCSF1_7       SCSF1_8       SCSF1_10
              ________      ________      ________      ________      ________
 SCSF1_5        1.000
 SCSF1_6        0.783         1.000
 SCSF1_7        0.713         0.693         1.000
 SCSF1_8        0.704         0.711         0.707         1.000
 SCSF1_10       0.750         0.710         0.725         0.748         1.000


UNIVARIATE SAMPLE STATISTICS


     UNIVARIATE HIGHER-ORDER MOMENT DESCRIPTIVE STATISTICS

         Variable/         Mean/     Skewness/   Minimum/ % with                Percentiles
        Sample Size      Variance    Kurtosis    Maximum  Min/Max      20%/60%    40%/80%    Median

     SCSF1_5               2.738       0.314       1.000   13.82%       2.000      2.000      2.000
             557.000       1.174      -0.559       5.000    5.39%       3.000      3.000
     SCSF1_6               2.731       0.314       1.000   13.82%       2.000      2.000      2.000
             651.000       1.160      -0.546       5.000    4.45%       3.000      3.000
     SCSF1_7               2.779       0.117       1.000   10.50%       2.000      2.000      3.000
             743.000       0.935      -0.330       5.000    3.10%       3.000      3.000
     SCSF1_8               2.936       0.084       1.000    8.87%       2.000      3.000      3.000
             744.000       1.013      -0.468       5.000    4.57%       3.000      4.000
     SCSF1_10              2.694       0.305       1.000   15.77%       2.000      2.000      3.000
             710.000       1.155      -0.475       5.000    5.21%       3.000      3.000

RANDOM STARTS RESULTS RANKED FROM THE BEST TO THE WORST LOGLIKELIHOOD VALUES

Final stage loglikelihood values at local maxima, seeds, and initial stage start numbers:

           -5439.331  59674            240
           -5439.331  769907           457
           -5439.331  995875           547
           -5439.331  531546           702
           -5439.331  137305           379
           -5439.331  21345            199
           -5439.331  351807           617
           -5439.331  391179           78
           -5439.331  283492           435
           -5439.331  53621            483
           -5439.331  520177           262
           -5439.331  835767           210
           -5439.331  760878           249
           -5439.331  117587           572
           -5439.331  783110           72
           -5439.331  478341           731
           -5439.331  860102           495
           -5439.331  529455           268
           -5439.331  373505           88
           -5439.331  471040           403
           -5439.331  650371           14
           -5439.331  4091             548
           -5439.331  915642           40
           -5439.331  783165           170
           -5439.331  699834           723
           -5439.331  303834           798
           -5439.331  153394           429
           -5439.331  399380           436
           -5439.331  944186           541
           -5439.331  903633           553
           -5439.331  566687           597
           -5439.331  562716           300
           -5439.331  966014           37
           -5439.331  314757           345
           -5439.331  887676           22
           -5439.331  464179           106
           -5439.331  354395           486
           -5439.331  691234           250
           -5439.331  247912           537
           -5439.331  491970           563
           -5439.331  506886           576
           -5439.331  246575           291
           -5439.331  260953           589
           -5439.331  62835            642
           -5439.331  92091            649
           -5439.331  292884           103
           -5439.331  263221           447
           -5439.331  595153           230
           -5439.331  960438           116
           -5439.331  376411           473
           -5439.331  489927           520
           -5439.331  804104           566
           -5439.331  76337            76
           -5439.331  805935           615
           -5439.331  972873           157
           -5439.331  276696           676
           -5439.331  35191            703
           -5439.331  407168           44
           -5439.331  657994           788
           -5439.331  474357           789
           -5439.331  584397           428
           -5439.331  518828           432
           -5439.331  345726           461
           -5439.331  823392           479
           -5439.331  616917           261
           -5439.331  505244           582
           -5439.331  211281           292
           -5439.331  588923           606
           -5439.331  215353           164
           -5439.331  961454           665
           -5439.331  696830           668
           -5439.331  722748           346
           -5439.331  847088           750
           -5439.331  820977           776
           -5439.331  347515           24
           -5439.331  596257           405
           -5439.331  57226            208
           -5439.331  25127            107
           -5439.331  569131           26
           -5439.331  754100           56
           -5439.331  267983           228
           -5439.331  592219           119
           -5439.331  766903           505
           -5439.331  378393           509
           -5439.331  871851           257
           -5439.331  438144           271
           -5439.331  749453           33
           -5439.331  931874           141
           -5439.331  212934           568
           -5439.331  580405           286
           -5439.331  17896            592
           -5439.331  941525           609
           -5439.331  150531           154
           -5439.331  996231           310
           -5439.331  264901           634
           -5439.331  97300            640
           -5439.331  696773           80
           -5439.331  913639           162
           -5439.331  599729           658
           -5439.331  951709           348
           -5439.331  728038           177
           -5439.331  702492           718
           -5439.331  244349           736
           -5439.331  185071           370
           -5439.331  88437            761
           -5439.331  940533           764
           -5439.331  700349           401
           -5439.331  802682           419
           -5439.331  888905           444
           -5439.331  354624           448
           -5439.331  195353           225
           -5439.331  17359            227
           -5439.331  751054           117
           -5439.331  226322           478
           -5439.331  715561           125
           -5439.331  188498           258
           -5439.331  970689           266
           -5439.331  93468            3
           -5439.331  688839           273
           -5439.331  354559           73
           -5439.331  679832           302
           -5439.331  606576           151
           -5439.331  999211           628
           -5439.331  857799           315
           -5439.331  514326           325
           -5439.331  266008           656
           -5439.331  529496           343
           -5439.331  273992           349
           -5439.331  761302           744
           -5439.331  792389           746
           -5439.331  318177           748
           -5439.331  800454           751
           -5439.331  569338           755
           -5439.331  900631           774
           -5439.331  928287           197
           -5439.331  605565           404
           -5439.331  298275           418
           -5439.331  181293           212
           -5439.331  937885           426
           -5439.331  317640           437
           -5439.331  399848           220
           -5439.331  922042           492
           -5439.331  642909           251
           -5439.331  140849           515
           -5439.331  486622           522
           -5439.331  830292           527
           -5439.331  154575           539
           -5439.331  355674           540
           -5439.331  76974            16
           -5439.331  279850           555
           -5439.331  118421           139
           -5439.331  462953           7
           -5439.331  260601           36
           -5439.331  793487           595
           -5439.331  677720           681
           -5439.331  686384           690
           -5439.331  286735           175
           -5439.331  349562           359
           -5439.331  132336           362
           -5439.331  549244           756
           -5439.331  710445           792
           -5439.331  575700           100
           -5439.331  366706           29
           -5439.331  635245           121
           -5439.331  294669           501
           -5439.331  789985           67
           -5439.331  790452           303
           -5439.331  920593           611
           -5439.331  383986           159
           -5439.331  668003           647
           -5439.331  545108           667
           -5439.331  636396           168
           -5439.331  404042           675
           -5439.331  712702           684
           -5439.331  170954           86
           -5439.331  374219           353
           -5439.331  49293            707
           -5439.331  556929           734
           -5439.331  146900           391
           -5439.331  590834           785
           -5439.331  551639           55
           -5439.331  576220           115
           -5439.331  22089            143
           -5439.331  213189           605
           -5439.331  534864           307
           -5439.331  852283           616
           -5439.331  373815           618
           -5439.331  407108           366
           -5439.331  875667           367
           -5439.331  182524           373
           -5439.331  441191           361
           -5439.331  392766           331
           -5439.331  193847           354
           -5439.331  85114            385
           -5439.331  36714            201
           -5439.331  342019           301
           -5439.331  964570           701
           -5439.331  118438           601
           -5439.331  371246           101

Unperturbed starting value run did not converge or was rejected in the third stage.



THE BEST LOGLIKELIHOOD VALUE HAS BEEN REPLICATED.  RERUN WITH AT LEAST TWICE THE
RANDOM STARTS TO CHECK THAT THE BEST LOGLIKELIHOOD IS STILL OBTAINED AND REPLICATED.


THE MODEL ESTIMATION TERMINATED NORMALLY



MODEL FIT INFORMATION

Number of Free Parameters                       10

Loglikelihood

          H0 Value                       -5439.331
          H0 Scaling Correction Factor      1.6075
            for MLR

Information Criteria

          Akaike (AIC)                   10898.661
          Bayesian (BIC)                 10948.746
          Sample-Size Adjusted BIC       10916.984
            (n* = (n + 2) / 24)



FINAL CLASS COUNTS AND PROPORTIONS FOR THE LATENT CLASSES
BASED ON THE ESTIMATED MODEL

    Latent
   Classes

       1        564.00000          0.50995
       2        542.00000          0.49005


MODEL RESULTS

                                                    Two-Tailed
                    Estimate       S.E.  Est./S.E.    P-Value

Latent Class 1 (1)

 I        |
    SCSF1_5            1.000      0.000    999.000    999.000
    SCSF1_6            1.000      0.000    999.000    999.000
    SCSF1_7            1.000      0.000    999.000    999.000
    SCSF1_8            1.000      0.000    999.000    999.000
    SCSF1_10           1.000      0.000    999.000    999.000

 S        |
    SCSF1_5            0.000      0.000    999.000    999.000
    SCSF1_6            1.000      0.000    999.000    999.000
    SCSF1_7            2.000      0.000    999.000    999.000
    SCSF1_8            3.000      0.000    999.000    999.000
    SCSF1_10           5.000      0.000    999.000    999.000

 S        WITH
    I                 -0.115      0.025     -4.626      0.000

 Means
    I                  2.485      0.071     35.013      0.000
    S                  0.198      0.008     24.636      0.000

 Intercepts
    SCSF1_5            0.000      0.000    999.000    999.000
    SCSF1_6            0.000      0.000    999.000    999.000
    SCSF1_7            0.000      0.000    999.000    999.000
    SCSF1_8            0.000      0.000    999.000    999.000
    SCSF1_10           0.000      0.000    999.000    999.000

 Variances
    I                  1.159      0.105     11.062      0.000
    S                  0.064      0.009      7.210      0.000

 Residual Variances
    SCSF1_5            0.198      0.008     24.636      0.000
    SCSF1_6            0.198      0.008     24.636      0.000
    SCSF1_7            0.198      0.008     24.636      0.000
    SCSF1_8            0.198      0.008     24.636      0.000
    SCSF1_10           0.198      0.008     24.636      0.000

Latent Class 2 (2)

 I        |
    SCSF1_5            1.000      0.000    999.000    999.000
    SCSF1_6            1.000      0.000    999.000    999.000
    SCSF1_7            1.000      0.000    999.000    999.000
    SCSF1_8            1.000      0.000    999.000    999.000
    SCSF1_10           1.000      0.000    999.000    999.000

 S        |
    SCSF1_5            0.000      0.000    999.000    999.000
    SCSF1_6            1.000      0.000    999.000    999.000
    SCSF1_7            2.000      0.000    999.000    999.000
    SCSF1_8            3.000      0.000    999.000    999.000
    SCSF1_10           5.000      0.000    999.000    999.000

 S        WITH
    I                 -0.083      0.022     -3.766      0.000

 Means
    I                  2.434      0.070     34.928      0.000
    S                  0.198      0.008     24.636      0.000

 Intercepts
    SCSF1_5            0.000      0.000    999.000    999.000
    SCSF1_6            0.000      0.000    999.000    999.000
    SCSF1_7            0.000      0.000    999.000    999.000
    SCSF1_8            0.000      0.000    999.000    999.000
    SCSF1_10           0.000      0.000    999.000    999.000

 Variances
    I                  0.905      0.089     10.200      0.000
    S                  0.045      0.005      8.732      0.000

 Residual Variances
    SCSF1_5            0.198      0.008     24.636      0.000
    SCSF1_6            0.198      0.008     24.636      0.000
    SCSF1_7            0.198      0.008     24.636      0.000
    SCSF1_8            0.198      0.008     24.636      0.000
    SCSF1_10           0.198      0.008     24.636      0.000

Categorical Latent Variables

 Means
    C#1                0.040      0.076      0.523      0.601


QUALITY OF NUMERICAL RESULTS

     Condition Number for the Information Matrix              0.101E-02
       (ratio of smallest to largest eigenvalue)


STANDARDIZED MODEL RESULTS


STDYX Standardization

                                                    Two-Tailed
                    Estimate       S.E.  Est./S.E.    P-Value

Latent Class 1 (1)

 I        |
    SCSF1_5            0.924      0.007    131.803      0.000
    SCSF1_6            0.986      0.020     49.643      0.000
    SCSF1_7            1.003      0.038     26.671      0.000
    SCSF1_8            0.966      0.052     18.634      0.000
    SCSF1_10           0.802      0.060     13.280      0.000

 S        |
    SCSF1_5            0.000      0.000    999.000    999.000
    SCSF1_6            0.231      0.019     12.477      0.000
    SCSF1_7            0.470      0.038     12.529      0.000
    SCSF1_8            0.679      0.051     13.290      0.000
    SCSF1_10           0.940      0.057     16.452      0.000

 S        WITH
    I                 -0.422      0.069     -6.161      0.000

 Means
    I                  2.309      0.125     18.454      0.000
    S                  0.784      0.051     15.301      0.000

 Intercepts
    SCSF1_5            0.000      0.000    999.000    999.000
    SCSF1_6            0.000      0.000    999.000    999.000
    SCSF1_7            0.000      0.000    999.000    999.000
    SCSF1_8            0.000      0.000    999.000    999.000
    SCSF1_10           0.000      0.000    999.000    999.000

 Variances
    I                  1.000      0.000    999.000    999.000
    S                  1.000      0.000    999.000    999.000

 Residual Variances
    SCSF1_5            0.146      0.013     11.244      0.000
    SCSF1_6            0.166      0.014     12.059      0.000
    SCSF1_7            0.172      0.014     12.496      0.000
    SCSF1_8            0.159      0.013     11.982      0.000
    SCSF1_10           0.110      0.011      9.867      0.000

Latent Class 2 (2)

 I        |
    SCSF1_5            0.906      0.009    104.026      0.000
    SCSF1_6            0.960      0.023     41.848      0.000
    SCSF1_7            0.976      0.041     23.518      0.000
    SCSF1_8            0.946      0.055     17.078      0.000
    SCSF1_10           0.803      0.060     13.322      0.000

 S        |
    SCSF1_5            0.000      0.000    999.000    999.000
    SCSF1_6            0.215      0.013     16.331      0.000
    SCSF1_7            0.436      0.029     15.012      0.000
    SCSF1_8            0.635      0.045     14.220      0.000
    SCSF1_10           0.899      0.061     14.735      0.000

 S        WITH
    I                 -0.412      0.083     -4.932      0.000

 Means
    I                  2.559      0.158     16.213      0.000
    S                  0.929      0.047     19.914      0.000

 Intercepts
    SCSF1_5            0.000      0.000    999.000    999.000
    SCSF1_6            0.000      0.000    999.000    999.000
    SCSF1_7            0.000      0.000    999.000    999.000
    SCSF1_8            0.000      0.000    999.000    999.000
    SCSF1_10           0.000      0.000    999.000    999.000

 Variances
    I                  1.000      0.000    999.000    999.000
    S                  1.000      0.000    999.000    999.000

 Residual Variances
    SCSF1_5            0.179      0.016     11.370      0.000
    SCSF1_6            0.202      0.016     12.868      0.000
    SCSF1_7            0.208      0.016     12.987      0.000
    SCSF1_8            0.196      0.017     11.839      0.000
    SCSF1_10           0.141      0.013     10.522      0.000


R-SQUARE

Class 1

    Observed                                        Two-Tailed
    Variable        Estimate       S.E.  Est./S.E.    P-Value

    SCSF1_5            0.854      0.013     65.902      0.000
    SCSF1_6            0.834      0.014     60.572      0.000
    SCSF1_7            0.828      0.014     60.341      0.000
    SCSF1_8            0.841      0.013     63.241      0.000
    SCSF1_10           0.890      0.011     79.999      0.000

Class 2

    Observed                                        Two-Tailed
    Variable        Estimate       S.E.  Est./S.E.    P-Value

    SCSF1_5            0.821      0.016     52.013      0.000
    SCSF1_6            0.798      0.016     50.972      0.000
    SCSF1_7            0.792      0.016     49.422      0.000
    SCSF1_8            0.804      0.017     48.633      0.000
    SCSF1_10           0.859      0.013     64.033      0.000


     Beginning Time:  14:45:50
        Ending Time:  14:45:56
       Elapsed Time:  00:00:06



MUTHEN & MUTHEN
3463 Stoner Ave.
Los Angeles, CA  90066

Tel: (310) 391-9971
Fax: (310) 391-8971
Web: www.StatModel.com
Support: Support@StatModel.com

Copyright (c) 1998-2021 Muthen & Muthen
