Mplus VERSION 8.7
MUTHEN & MUTHEN
11/05/2021  10:15 AM

INPUT INSTRUCTIONS

  TITLE: Your title goes here

   DATA: FILE = flex_time/data.dta;

   VARIABLE:

   NAMES = pidp gridmode mm hidp_5 hidp_6 hidp_7 hidp_8 hidp_9 hidp_10 indmode_5
       indmode_6 indmode_7 indmode_8 indmode_9 indmode_10 mode_type_all mode_type_no9
       mode_type_567 mode_type_7 all no9 p567 p7 switch_all switch_no9 switch_567
       switch_7 lkmove_5 xpmove_5 caruse_5 mobuse_5 netpuse_5 aidxhh_5 jbhas_5 j2has_5
       finnow_5 finfut_5 howlng_5 vote1_5 vote6_5 scsf1_5 scsf2a_5 scsf2b_5 scsf3a_5
       scsf3b_5 scsf4a_5 scsf4b_5 scsf5_5 scsf6a_5 scsf6b_5 scsf6c_5 scsf7_5 scghqa_5
       scghqb_5 scghqc_5 scghqd_5 scghqe_5 scghqf_5 scghqg_5 scghqh_5 scghqi_5
       scghqj_5 scghqk_5 scghql_5 lkmove_6 xpmove_6 caruse_6 mobuse_6 netpuse_6
       aidxhh_6 jbhas_6 j2has_6 finnow_6 finfut_6 howlng_6 vote1_6 vote6_6 scsf1_6
       scsf2a_6 scsf2b_6 scsf3a_6 scsf3b_6 scsf4a_6 scsf4b_6 scsf5_6 scsf6a_6 scsf6b_6
       scsf6c_6 scsf7_6 scghqa_6 scghqb_6 scghqc_6 scghqd_6 scghqe_6 scghqf_6 scghqg_6
       scghqh_6 scghqi_6 scghqj_6 scghqk_6 scghql_6 lkmove_7 xpmove_7 caruse_7
       mobuse_7 netpuse_7 smoker_7 aidxhh_7 jbhas_7 jbterm1_7 jbsemp_7 j2has_7
       fiyrdia_7 finnow_7 finfut_7 howlng_7 vote1_7 vote6_7 scsf2a_7 scsf2b_7 scsf3a_7
       scsf3b_7 scsf4a_7 scsf4b_7 scsf5_7 scsf6a_7 scsf6b_7 scsf6c_7 scsf7_7 scghqa_7
       scghqb_7 scghqc_7 scghqd_7 scghqe_7 scghqf_7 scghqg_7 scghqh_7 scghqi_7
       scghqj_7 scghqk_7 scghql_7 scsf1_7 lkmove_8 xpmove_8 caruse_8 mobuse_8
       netpuse_8 smoker_8 aidxhh_8 jbhas_8 jbterm1_8 jbsemp_8 j2has_8 fiyrdia_8
       finnow_8 finfut_8 scsf2a_8 scsf2b_8 scsf3a_8 scsf3b_8 scsf4a_8 scsf4b_8 scsf5_8
       scsf6a_8 scsf6b_8 scsf6c_8 scsf7_8 scghqa_8 scghqb_8 scghqc_8 scghqd_8 scghqe_8
       scghqf_8 scghqg_8 scghqh_8 scghqi_8 scghqj_8 scghqk_8 scghql_8 scsf1_8 mobuse_9
       netpuse_9 smoker_9 jbhas_9 jbterm1_9 jbsemp_9 j2has_9 fiyrdia_9 finnow_9
       finfut_9 lkmove_10 xpmove_10 mobuse_10 netpuse_10 smoker_10 aidxhh_10 jbhas_10
       jbterm1_10 jbsemp_10 j2has_10 fiyrdia_10 finnow_10 finfut_10 scsf1_10 scsf2a_10
       scsf2b_10 scsf3a_10 scsf3b_10 scsf4a_10 scsf4b_10 scsf5_10 scsf6a_10 scsf6b_10
       scsf6c_10 scsf7_10 scghqa_10 scghqb_10 scghqc_10 scghqd_10 scghqe_10 scghqf_10
       scghqg_10 scghqh_10 scghqi_10 scghqj_10 scghqk_10 scghql_10 edu agecat female
       partner sf1 longill london north urban refresh Higher A level GCSE Other age_35
       age_55 age_75 age_102 pred_all pred_no9 pred_p567 pred_p7 pred_all_w pred_no9_w
       pred_p567_w pred_p7_w;

   MISSING=.;

   USEVARIABLES ARE
   scghqi_5
   scghqi_6
   scghqi_7
   scghqi_8
   scghqi_10;

   CATEGORICAL ARE
   scghqi_5
   scghqi_6
   scghqi_7
   scghqi_8
   scghqi_10;
   CLASSES = c(2);

    KNOWNCLASS = c(mm= 1 2);

   ANALYSIS:


      TYPE = MIXTURE;

      ESTIMATOR = MLR;

      ALGORITHM = INTEGRATION;

      Processors = 8(starts);

      STARTS = 800 200;

   Model:


      %OVERALL%

  i s | scghqi_5@0 scghqi_6 scghqi_7 scghqi_8 scghqi_10@1;
   %c#1%
  [s] (a);
   s (b);
   s WITH i ;
   i ;
  s BY scghqi_6 (j)
   scghqi_7 (k)
   scghqi_8 (l);

   %c#2%
  [s] (a);
   s (b);
   s WITH i ;
   i ;
  s BY scghqi_6 (j)
   scghqi_7 (k)
   scghqi_8 (l);

   OUTPUT: SAMPSTAT;

                                  STDYX;




*** WARNING in VARIABLE command
  Note that only the first 8 characters of variable names are used in the output.
  Shorten variable names to avoid any confusion.
*** WARNING
  Data set contains unknown or missing values for variable MM.
  This variable is used to determine the KNOWNCLASS specification.
  Number of such cases:  458
*** WARNING
  Data set contains cases with missing on all variables.
  These cases were not included in the analysis.
  Number of cases with missing on all variables:  165
   3 WARNING(S) FOUND IN THE INPUT INSTRUCTIONS



Your title goes here

SUMMARY OF ANALYSIS

Number of groups                                                 1
Number of observations                                        1434

Number of dependent variables                                    5
Number of independent variables                                  0
Number of continuous latent variables                            2
Number of categorical latent variables                           1

Observed dependent variables

  Binary and ordered categorical (ordinal)
   SCGHQI_5    SCGHQI_6    SCGHQI_7    SCGHQI_8    SCGHQI_1

Continuous latent variables
   I           S

Categorical latent variables
   C

  Knownclass            C


Estimator                                                      MLR
Information matrix                                        OBSERVED
Optimization Specifications for the Quasi-Newton Algorithm for
Continuous Outcomes
  Maximum number of iterations                                 100
  Convergence criterion                                  0.100D-05
Optimization Specifications for the EM Algorithm
  Maximum number of iterations                                 500
  Convergence criteria
    Loglikelihood change                                 0.100D-02
    Relative loglikelihood change                        0.100D-05
    Derivative                                           0.100D-02
Optimization Specifications for the M step of the EM Algorithm for
Categorical Latent variables
  Number of M step iterations                                    1
  M step convergence criterion                           0.100D-02
  Basis for M step termination                           ITERATION
Optimization Specifications for the M step of the EM Algorithm for
Censored, Binary or Ordered Categorical (Ordinal), Unordered
Categorical (Nominal) and Count Outcomes
  Number of M step iterations                                    1
  M step convergence criterion                           0.100D-02
  Basis for M step termination                           ITERATION
  Maximum value for logit thresholds                            15
  Minimum value for logit thresholds                           -15
  Minimum expected cell size for chi-square              0.100D-01
Maximum number of iterations for H1                           2000
Convergence criterion for H1                             0.100D-03
Optimization algorithm                                         EMA
Integration Specifications
  Type                                                    STANDARD
  Number of integration points                                  15
  Dimensions of numerical integration                            2
  Adaptive quadrature                                           ON
Random Starts Specifications
  Number of initial stage random starts                        800
  Number of final stage optimizations                          200
  Number of initial stage iterations                            10
  Initial stage convergence criterion                    0.100D+01
  Random starts scale                                    0.500D+01
  Random seed for generating random starts                       0
Link                                                         LOGIT
Cholesky                                                        ON

Input data file(s)
  flex_time/data.dta
Input data format  FREE


SUMMARY OF DATA

     Number of missing data patterns            31
     Number of y missing data patterns           0
     Number of u missing data patterns          31


COVARIANCE COVERAGE OF DATA

Minimum covariance coverage value   0.100


     PROPORTION OF DATA PRESENT FOR U


           Covariance Coverage
              SCGHQI_5      SCGHQI_6      SCGHQI_7      SCGHQI_8      SCGHQI_1
              ________      ________      ________      ________      ________
 SCGHQI_5       0.497
 SCGHQI_6       0.377         0.589
 SCGHQI_7       0.341         0.436         0.647
 SCGHQI_8       0.324         0.420         0.503         0.635
 SCGHQI_1       0.288         0.370         0.433         0.478         0.585


UNIVARIATE PROPORTIONS AND COUNTS FOR CATEGORICAL VARIABLES

    SCGHQI_5
      Category 1    0.365          260.000
      Category 2    0.443          316.000
      Category 3    0.151          108.000
      Category 4    0.041           29.000
    SCGHQI_6
      Category 1    0.346          292.000
      Category 2    0.431          364.000
      Category 3    0.197          166.000
      Category 4    0.026           22.000
    SCGHQI_7
      Category 1    0.408          379.000
      Category 2    0.438          406.000
      Category 3    0.120          111.000
      Category 4    0.034           32.000
    SCGHQI_8
      Category 1    0.421          383.000
      Category 2    0.410          373.000
      Category 3    0.138          126.000
      Category 4    0.031           28.000
    SCGHQI_1
      Category 1    0.368          309.000
      Category 2    0.437          367.000
      Category 3    0.143          120.000
      Category 4    0.051           43.000


SAMPLE STATISTICS

RANDOM STARTS RESULTS RANKED FROM THE BEST TO THE WORST LOGLIKELIHOOD VALUES

Final stage loglikelihood values at local maxima, seeds, and initial stage start numbers:

           -5358.470  749453           33
           -5358.472  544048           87
           -5358.517  124999           96
           -5358.526  840031           276
           -5358.533  7959             256
           -5358.534  192071           142
           -5358.691  486622           522
           -5358.772  830529           279
           -5358.779  582296           452
           -5358.795  22362            365
           -5358.812  392751           480
           -5358.824  190339           102
           -5358.836  958107           790
           -5358.913  138695           783
           -5358.943  371737           532
           -5358.946  12477            155
           -5358.987  569338           755
           -5359.048  529496           343
           -5359.079  484687           306
           -5359.187  699834           723
           -5359.260  188498           258
           -5359.270  636396           168
           -5359.288  937588           293
           -5359.288  278661           674
           -5359.303  264901           634
           -5359.311  565819           65
           -5359.317  478341           731
           -5359.326  485256           371
           -5359.459  568405           233
           -5360.024  282464           283
           -5360.113  824956           607

169 perturbed starting value run(s) did not converge or were rejected in the third stage.



THE BEST LOGLIKELIHOOD VALUE HAS BEEN REPLICATED.  RERUN WITH AT LEAST TWICE THE
RANDOM STARTS TO CHECK THAT THE BEST LOGLIKELIHOOD IS STILL OBTAINED AND REPLICATED.


THE MODEL ESTIMATION TERMINATED NORMALLY



MODEL FIT INFORMATION

Number of Free Parameters                       14

Loglikelihood

          H0 Value                       -5358.470
          H0 Scaling Correction Factor      0.9065
            for MLR

Information Criteria

          Akaike (AIC)                   10744.941
          Bayesian (BIC)                 10818.696
          Sample-Size Adjusted BIC       10774.223
            (n* = (n + 2) / 24)

Chi-Square Test of Model Fit for the Binary and Ordered Categorical
(Ordinal) Outcomes**

          Pearson Chi-Square

          Value                           2506.802
          Degrees of Freedom                  2028
          P-Value                           0.0000

          Likelihood Ratio Chi-Square

          Value                            673.807
          Degrees of Freedom                  2028
          P-Value                           1.0000

** Of the 3124 cells in the latent class indicator table, 3
   were deleted in the calculation of chi-square due to extreme values.

Chi-Square Test for MCAR under the Unrestricted Latent Class Indicator Model

          Pearson Chi-Square

          Value                           1547.882
          Degrees of Freedom                  4139
          P-Value                           1.0000

          Likelihood Ratio Chi-Square

          Value                           1156.613
          Degrees of Freedom                  4139
          P-Value                           1.0000



FINAL CLASS COUNTS AND PROPORTIONS FOR THE LATENT CLASSES
BASED ON THE ESTIMATED MODEL

    Latent
   Classes

       1        841.00000          0.58647
       2        593.00000          0.41353


MODEL RESULTS

                                                    Two-Tailed
                    Estimate       S.E.  Est./S.E.    P-Value

Latent Class 1 (1)

 I        |
    SCGHQI_5           1.000      0.000    999.000    999.000
    SCGHQI_6           1.000      0.000    999.000    999.000
    SCGHQI_7           1.000      0.000    999.000    999.000
    SCGHQI_8           1.000      0.000    999.000    999.000
    SCGHQI_10          1.000      0.000    999.000    999.000

 S        |
    SCGHQI_5           0.000      0.000    999.000    999.000
    SCGHQI_6          -0.341      1.121     -0.304      0.761
    SCGHQI_7           4.366      2.089      2.090      0.037
    SCGHQI_8           4.417      2.175      2.031      0.042
    SCGHQI_10          1.000      0.000    999.000    999.000

 S        WITH
    I                  0.028      0.068      0.412      0.681

 Means
    I                  0.113      0.126      0.895      0.371
    S                 -0.101      0.050     -2.025      0.043

 Thresholds
    SCGHQI_5$1        -0.888      0.113     -7.881      0.000
    SCGHQI_5$2         2.108      0.120     17.539      0.000
    SCGHQI_5$3         4.446      0.158     28.140      0.000
    SCGHQI_6$1        -0.888      0.113     -7.881      0.000
    SCGHQI_6$2         2.108      0.120     17.539      0.000
    SCGHQI_6$3         4.446      0.158     28.140      0.000
    SCGHQI_7$1        -0.888      0.113     -7.881      0.000
    SCGHQI_7$2         2.108      0.120     17.539      0.000
    SCGHQI_7$3         4.446      0.158     28.140      0.000
    SCGHQI_8$1        -0.888      0.113     -7.881      0.000
    SCGHQI_8$2         2.108      0.120     17.539      0.000
    SCGHQI_8$3         4.446      0.158     28.140      0.000
    SCGHQI_1$1        -0.888      0.113     -7.881      0.000
    SCGHQI_1$2         2.108      0.120     17.539      0.000
    SCGHQI_1$3         4.446      0.158     28.140      0.000

 Variances
    I                  3.597      0.409      8.801      0.000
    S                  0.002      0.003      0.736      0.462

Latent Class 2 (2)

 I        |
    SCGHQI_5           1.000      0.000    999.000    999.000
    SCGHQI_6           1.000      0.000    999.000    999.000
    SCGHQI_7           1.000      0.000    999.000    999.000
    SCGHQI_8           1.000      0.000    999.000    999.000
    SCGHQI_10          1.000      0.000    999.000    999.000

 S        |
    SCGHQI_5           0.000      0.000    999.000    999.000
    SCGHQI_6          -0.341      1.121     -0.304      0.761
    SCGHQI_7           4.366      2.089      2.090      0.037
    SCGHQI_8           4.417      2.175      2.031      0.042
    SCGHQI_10          1.000      0.000    999.000    999.000

 S        WITH
    I                  0.073      0.049      1.499      0.134

 Means
    I                  0.000      0.000    999.000    999.000
    S                 -0.101      0.050     -2.025      0.043

 Thresholds
    SCGHQI_5$1        -0.888      0.113     -7.881      0.000
    SCGHQI_5$2         2.108      0.120     17.539      0.000
    SCGHQI_5$3         4.446      0.158     28.140      0.000
    SCGHQI_6$1        -0.888      0.113     -7.881      0.000
    SCGHQI_6$2         2.108      0.120     17.539      0.000
    SCGHQI_6$3         4.446      0.158     28.140      0.000
    SCGHQI_7$1        -0.888      0.113     -7.881      0.000
    SCGHQI_7$2         2.108      0.120     17.539      0.000
    SCGHQI_7$3         4.446      0.158     28.140      0.000
    SCGHQI_8$1        -0.888      0.113     -7.881      0.000
    SCGHQI_8$2         2.108      0.120     17.539      0.000
    SCGHQI_8$3         4.446      0.158     28.140      0.000
    SCGHQI_1$1        -0.888      0.113     -7.881      0.000
    SCGHQI_1$2         2.108      0.120     17.539      0.000
    SCGHQI_1$3         4.446      0.158     28.140      0.000

 Variances
    I                  2.737      0.403      6.794      0.000
    S                  0.002      0.003      0.736      0.462

Categorical Latent Variables

 Means
    C#1                0.349      0.054      6.516      0.000


QUALITY OF NUMERICAL RESULTS

     Condition Number for the Information Matrix              0.144E-05
       (ratio of smallest to largest eigenvalue)


RESULTS IN PROBABILITY SCALE

                    Estimate

Latent Class 1 (1)

 SCGHQI_5
    Category 1         0.348
    Category 2         0.434
    Category 3         0.170
    Category 4         0.049
 SCGHQI_6
    Category 1         0.343
    Category 2         0.435
    Category 3         0.172
    Category 4         0.050
 SCGHQI_7
    Category 1         0.415
    Category 2         0.408
    Category 3         0.140
    Category 4         0.037
 SCGHQI_8
    Category 1         0.416
    Category 2         0.408
    Category 3         0.139
    Category 4         0.037
 SCGHQI_10
    Category 1         0.363
    Category 2         0.429
    Category 3         0.162
    Category 4         0.046

Latent Class 2 (2)

 SCGHQI_5
    Category 1         0.354
    Category 2         0.457
    Category 3         0.154
    Category 4         0.035
 SCGHQI_6
    Category 1         0.348
    Category 2         0.460
    Category 3         0.156
    Category 4         0.036
 SCGHQI_7
    Category 1         0.429
    Category 2         0.413
    Category 3         0.128
    Category 4         0.030
 SCGHQI_8
    Category 1         0.430
    Category 2         0.412
    Category 3         0.127
    Category 4         0.030
 SCGHQI_10
    Category 1         0.372
    Category 2         0.447
    Category 3         0.147
    Category 4         0.034


LATENT CLASS INDICATOR ODDS RATIOS FOR THE LATENT CLASSES

                                                95% C.I.
                    Estimate       S.E.  Lower 2.5% Upper 2.5%

Latent Class 1 Compared to Latent Class 2

 SCGHQI_5
    Category > 1       1.000      0.000      1.000      1.000
    Category > 2       1.000      0.000      1.000      1.000
    Category > 3       1.000      0.000      1.000      1.000
 SCGHQI_6
    Category > 1       1.000      0.000      1.000      1.000
    Category > 2       1.000      0.000      1.000      1.000
    Category > 3       1.000      0.000      1.000      1.000
 SCGHQI_7
    Category > 1       1.000      0.000      1.000      1.000
    Category > 2       1.000      0.000      1.000      1.000
    Category > 3       1.000      0.000      1.000      1.000
 SCGHQI_8
    Category > 1       1.000      0.000      1.000      1.000
    Category > 2       1.000      0.000      1.000      1.000
    Category > 3       1.000      0.000      1.000      1.000
 SCGHQI_1
    Category > 1       1.000      0.000      1.000      1.000
    Category > 2       1.000      0.000      1.000      1.000
    Category > 3       1.000      0.000      1.000      1.000


STANDARDIZED MODEL RESULTS


STDYX Standardization

                                                    Two-Tailed
                    Estimate       S.E.  Est./S.E.    P-Value

Latent Class 1 (1)

 I        |
    SCGHQI_5           0.723      0.020     36.845      0.000
    SCGHQI_6           0.724      0.018     39.648      0.000
    SCGHQI_7           0.708      0.042     16.847      0.000
    SCGHQI_8           0.708      0.042     16.881      0.000
    SCGHQI_10          0.720      0.024     30.205      0.000

 S        |
    SCGHQI_5           0.000      0.000    999.000    999.000
    SCGHQI_6          -0.006      0.017     -0.333      0.739
    SCGHQI_7           0.073      0.041      1.773      0.076
    SCGHQI_8           0.074      0.044      1.668      0.095
    SCGHQI_10          0.017      0.011      1.477      0.140

 S        WITH
    I                  0.330      0.861      0.383      0.702

 Means
    I                  0.060      0.067      0.892      0.373
    S                 -2.260      1.181     -1.914      0.056

 Thresholds
    SCGHQI_5$1        -0.338      0.042     -8.018      0.000
    SCGHQI_5$2         0.803      0.049     16.434      0.000
    SCGHQI_5$3         1.694      0.070     24.191      0.000
    SCGHQI_6$1        -0.339      0.042     -8.099      0.000
    SCGHQI_6$2         0.804      0.052     15.617      0.000
    SCGHQI_6$3         1.696      0.076     22.282      0.000
    SCGHQI_7$1        -0.332      0.043     -7.634      0.000
    SCGHQI_7$2         0.787      0.049     16.198      0.000
    SCGHQI_7$3         1.660      0.075     22.222      0.000
    SCGHQI_8$1        -0.331      0.043     -7.630      0.000
    SCGHQI_8$2         0.787      0.049     16.215      0.000
    SCGHQI_8$3         1.660      0.075     22.216      0.000
    SCGHQI_1$1        -0.337      0.042     -7.999      0.000
    SCGHQI_1$2         0.800      0.047     17.088      0.000
    SCGHQI_1$3         1.687      0.065     26.036      0.000

 Variances
    I                  1.000      0.000    999.000    999.000
    S                  1.000      0.000    999.000    999.000

Latent Class 2 (2)

 I        |
    SCGHQI_5           0.674      0.027     24.893      0.000
    SCGHQI_6           0.677      0.031     22.087      0.000
    SCGHQI_7           0.639      0.038     16.932      0.000
    SCGHQI_8           0.638      0.039     16.434      0.000
    SCGHQI_10          0.666      0.029     23.111      0.000

 S        |
    SCGHQI_5           0.000      0.000    999.000    999.000
    SCGHQI_6          -0.006      0.019     -0.334      0.739
    SCGHQI_7           0.075      0.041      1.835      0.067
    SCGHQI_8           0.076      0.044      1.729      0.084
    SCGHQI_10          0.018      0.012      1.468      0.142

 S        WITH
    I                  0.995      0.006    178.557      0.000

 Means
    I                  0.000      0.000    999.000    999.000
    S                 -2.260      1.181     -1.914      0.056

 Thresholds
    SCGHQI_5$1        -0.362      0.049     -7.402      0.000
    SCGHQI_5$2         0.859      0.046     18.743      0.000
    SCGHQI_5$3         1.811      0.067     27.009      0.000
    SCGHQI_6$1        -0.363      0.047     -7.655      0.000
    SCGHQI_6$2         0.862      0.049     17.648      0.000
    SCGHQI_6$3         1.818      0.071     25.554      0.000
    SCGHQI_7$1        -0.343      0.044     -7.762      0.000
    SCGHQI_7$2         0.814      0.049     16.749      0.000
    SCGHQI_7$3         1.717      0.073     23.397      0.000
    SCGHQI_8$1        -0.343      0.044     -7.746      0.000
    SCGHQI_8$2         0.813      0.049     16.599      0.000
    SCGHQI_8$3         1.716      0.075     22.910      0.000
    SCGHQI_1$1        -0.357      0.047     -7.526      0.000
    SCGHQI_1$2         0.848      0.046     18.508      0.000
    SCGHQI_1$3         1.789      0.066     27.136      0.000

 Variances
    I                  1.000      0.000    999.000    999.000
    S                  1.000      0.000    999.000    999.000


R-SQUARE

Class 1

    Observed                                        Two-Tailed
    Variable        Estimate       S.E.  Est./S.E.    P-Value

    SCGHQI_5           0.522      0.028     18.422      0.000
    SCGHQI_6           0.521      0.032     16.524      0.000
    SCGHQI_7           0.541      0.034     16.030      0.000
    SCGHQI_8           0.541      0.034     16.008      0.000
    SCGHQI_1           0.526      0.025     21.119      0.000

Class 2

    Observed                                        Two-Tailed
    Variable        Estimate       S.E.  Est./S.E.    P-Value

    SCGHQI_5           0.454      0.036     12.446      0.000
    SCGHQI_6           0.450      0.035     12.681      0.000
    SCGHQI_7           0.509      0.034     14.839      0.000
    SCGHQI_8           0.510      0.035     14.391      0.000
    SCGHQI_1           0.467      0.034     13.670      0.000


     Beginning Time:  10:15:33
        Ending Time:  10:32:50
       Elapsed Time:  00:17:17



MUTHEN & MUTHEN
3463 Stoner Ave.
Los Angeles, CA  90066

Tel: (310) 391-9971
Fax: (310) 391-8971
Web: www.StatModel.com
Support: Support@StatModel.com

Copyright (c) 1998-2021 Muthen & Muthen
