Mplus VERSION 8.7
MUTHEN & MUTHEN
11/04/2021   3:19 PM

INPUT INSTRUCTIONS

  TITLE: Your title goes here

   DATA: FILE = flex_time/data.dta;

   VARIABLE:

   NAMES = pidp gridmode mm hidp_5 hidp_6 hidp_7 hidp_8 hidp_9 hidp_10 indmode_5
       indmode_6 indmode_7 indmode_8 indmode_9 indmode_10 mode_type_all mode_type_no9
       mode_type_567 mode_type_7 all no9 p567 p7 switch_all switch_no9 switch_567
       switch_7 lkmove_5 xpmove_5 caruse_5 mobuse_5 netpuse_5 aidxhh_5 jbhas_5 j2has_5
       finnow_5 finfut_5 howlng_5 vote1_5 vote6_5 scsf1_5 scsf2a_5 scsf2b_5 scsf3a_5
       scsf3b_5 scsf4a_5 scsf4b_5 scsf5_5 scsf6a_5 scsf6b_5 scsf6c_5 scsf7_5 scghqa_5
       scghqb_5 scghqc_5 scghqd_5 scghqe_5 scghqf_5 scghqg_5 scghqh_5 scghqi_5
       scghqj_5 scghqk_5 scghql_5 lkmove_6 xpmove_6 caruse_6 mobuse_6 netpuse_6
       aidxhh_6 jbhas_6 j2has_6 finnow_6 finfut_6 howlng_6 vote1_6 vote6_6 scsf1_6
       scsf2a_6 scsf2b_6 scsf3a_6 scsf3b_6 scsf4a_6 scsf4b_6 scsf5_6 scsf6a_6 scsf6b_6
       scsf6c_6 scsf7_6 scghqa_6 scghqb_6 scghqc_6 scghqd_6 scghqe_6 scghqf_6 scghqg_6
       scghqh_6 scghqi_6 scghqj_6 scghqk_6 scghql_6 lkmove_7 xpmove_7 caruse_7
       mobuse_7 netpuse_7 smoker_7 aidxhh_7 jbhas_7 jbterm1_7 jbsemp_7 j2has_7
       fiyrdia_7 finnow_7 finfut_7 howlng_7 vote1_7 vote6_7 scsf2a_7 scsf2b_7 scsf3a_7
       scsf3b_7 scsf4a_7 scsf4b_7 scsf5_7 scsf6a_7 scsf6b_7 scsf6c_7 scsf7_7 scghqa_7
       scghqb_7 scghqc_7 scghqd_7 scghqe_7 scghqf_7 scghqg_7 scghqh_7 scghqi_7
       scghqj_7 scghqk_7 scghql_7 scsf1_7 lkmove_8 xpmove_8 caruse_8 mobuse_8
       netpuse_8 smoker_8 aidxhh_8 jbhas_8 jbterm1_8 jbsemp_8 j2has_8 fiyrdia_8
       finnow_8 finfut_8 scsf2a_8 scsf2b_8 scsf3a_8 scsf3b_8 scsf4a_8 scsf4b_8 scsf5_8
       scsf6a_8 scsf6b_8 scsf6c_8 scsf7_8 scghqa_8 scghqb_8 scghqc_8 scghqd_8 scghqe_8
       scghqf_8 scghqg_8 scghqh_8 scghqi_8 scghqj_8 scghqk_8 scghql_8 scsf1_8 mobuse_9
       netpuse_9 smoker_9 jbhas_9 jbterm1_9 jbsemp_9 j2has_9 fiyrdia_9 finnow_9
       finfut_9 lkmove_10 xpmove_10 mobuse_10 netpuse_10 smoker_10 aidxhh_10 jbhas_10
       jbterm1_10 jbsemp_10 j2has_10 fiyrdia_10 finnow_10 finfut_10 scsf1_10 scsf2a_10
       scsf2b_10 scsf3a_10 scsf3b_10 scsf4a_10 scsf4b_10 scsf5_10 scsf6a_10 scsf6b_10
       scsf6c_10 scsf7_10 scghqa_10 scghqb_10 scghqc_10 scghqd_10 scghqe_10 scghqf_10
       scghqg_10 scghqh_10 scghqi_10 scghqj_10 scghqk_10 scghql_10 edu agecat female
       partner sf1 longill london north urban refresh Higher A level GCSE Other age_35
       age_55 age_75 age_102 pred_all pred_no9 pred_p567 pred_p7 pred_all_w pred_no9_w
       pred_p567_w pred_p7_w;

   MISSING=.;

   USEVARIABLES ARE
   jbhas_5
   jbhas_6
   jbhas_7
   jbhas_8
   jbhas_9
   jbhas_10;

   CATEGORICAL ARE
   jbhas_5
   jbhas_6
   jbhas_7
   jbhas_8
   jbhas_9
   jbhas_10;
   CLASSES = c(2);

    KNOWNCLASS = c(mm= 1 2);

   ANALYSIS:


      TYPE = MIXTURE;

      ESTIMATOR = MLR;

      ALGORITHM = INTEGRATION;

      Processors = 8(starts);

      STARTS = 800 200;

   Model:


      %OVERALL%

  i s | jbhas_5@0 jbhas_6 jbhas_7 jbhas_8 jbhas_9 jbhas_10@1;
   %c#1%
  [s] (a); s ;
   s WITH i ;
   i ;


   %c#2%
  [s] (a); s ;
   s WITH i ;
   i ;


   OUTPUT: SAMPSTAT;

                                  STDYX;




*** WARNING
  Data set contains unknown or missing values for variable MM.
  This variable is used to determine the KNOWNCLASS specification.
  Number of such cases:  458
*** WARNING
  Data set contains cases with missing on all variables.
  These cases were not included in the analysis.
  Number of cases with missing on all variables:  4
   2 WARNING(S) FOUND IN THE INPUT INSTRUCTIONS



Your title goes here

SUMMARY OF ANALYSIS

Number of groups                                                 1
Number of observations                                        1595

Number of dependent variables                                    6
Number of independent variables                                  0
Number of continuous latent variables                            2
Number of categorical latent variables                           1

Observed dependent variables

  Binary and ordered categorical (ordinal)
   JBHAS_5     JBHAS_6     JBHAS_7     JBHAS_8     JBHAS_9     JBHAS_10

Continuous latent variables
   I           S

Categorical latent variables
   C

  Knownclass            C


Estimator                                                      MLR
Information matrix                                        OBSERVED
Optimization Specifications for the Quasi-Newton Algorithm for
Continuous Outcomes
  Maximum number of iterations                                 100
  Convergence criterion                                  0.100D-05
Optimization Specifications for the EM Algorithm
  Maximum number of iterations                                 500
  Convergence criteria
    Loglikelihood change                                 0.100D-02
    Relative loglikelihood change                        0.100D-05
    Derivative                                           0.100D-02
Optimization Specifications for the M step of the EM Algorithm for
Categorical Latent variables
  Number of M step iterations                                    1
  M step convergence criterion                           0.100D-02
  Basis for M step termination                           ITERATION
Optimization Specifications for the M step of the EM Algorithm for
Censored, Binary or Ordered Categorical (Ordinal), Unordered
Categorical (Nominal) and Count Outcomes
  Number of M step iterations                                    1
  M step convergence criterion                           0.100D-02
  Basis for M step termination                           ITERATION
  Maximum value for logit thresholds                            15
  Minimum value for logit thresholds                           -15
  Minimum expected cell size for chi-square              0.100D-01
Maximum number of iterations for H1                           2000
Convergence criterion for H1                             0.100D-03
Optimization algorithm                                         EMA
Integration Specifications
  Type                                                    STANDARD
  Number of integration points                                  15
  Dimensions of numerical integration                            2
  Adaptive quadrature                                           ON
Random Starts Specifications
  Number of initial stage random starts                        800
  Number of final stage optimizations                          200
  Number of initial stage iterations                            10
  Initial stage convergence criterion                    0.100D+01
  Random starts scale                                    0.500D+01
  Random seed for generating random starts                       0
Link                                                         LOGIT
Cholesky                                                        ON

Input data file(s)
  flex_time/data.dta
Input data format  FREE


SUMMARY OF DATA

     Number of missing data patterns            60
     Number of y missing data patterns           0
     Number of u missing data patterns          60


COVARIANCE COVERAGE OF DATA

Minimum covariance coverage value   0.100


     PROPORTION OF DATA PRESENT FOR U


           Covariance Coverage
              JBHAS_5       JBHAS_6       JBHAS_7       JBHAS_8       JBHAS_9
              ________      ________      ________      ________      ________
 JBHAS_5        0.669
 JBHAS_6        0.571         0.663
 JBHAS_7        0.455         0.484         0.631
 JBHAS_8        0.428         0.460         0.502         0.618
 JBHAS_9        0.405         0.433         0.468         0.517         0.592
 JBHAS_10       0.372         0.396         0.421         0.466         0.480


           Covariance Coverage
              JBHAS_10
              ________
 JBHAS_10       0.554


UNIVARIATE PROPORTIONS AND COUNTS FOR CATEGORICAL VARIABLES

    JBHAS_5
      Category 1    0.464          495.000
      Category 2    0.536          572.000
    JBHAS_6
      Category 1    0.442          467.000
      Category 2    0.558          590.000
    JBHAS_7
      Category 1    0.487          490.000
      Category 2    0.513          516.000
    JBHAS_8
      Category 1    0.481          474.000
      Category 2    0.519          512.000
    JBHAS_9
      Category 1    0.483          456.000
      Category 2    0.517          488.000
    JBHAS_10
      Category 1    0.455          402.000
      Category 2    0.545          482.000


SAMPLE STATISTICS

RANDOM STARTS RESULTS RANKED FROM THE BEST TO THE WORST LOGLIKELIHOOD VALUES

Final stage loglikelihood values at local maxima, seeds, and initial stage start numbers:

           -3689.931  529455           268
           -3689.946  374219           353
           -3689.951  801717           364
           -3689.964  848331           137
           -3689.971  888905           444
           -3689.977  686384           690
           -3689.986  124999           96
           -3689.993  964570           701
           -3689.998  131856           90
           -3690.009  303834           798
           -3690.019  863691           481
           -3690.021  650354           577
           -3690.023  821011           161
           -3690.026  246575           291
           -3690.032  291149           536
           -3690.034  17896            592
           -3690.038  638977           643
           -3690.038  824956           607
           -3690.045  778953           635
           -3690.045  285380           1
           -3690.051  875667           367
           -3690.060  373815           618
           -3690.062  604861           800
           -3690.063  165853           105
           -3690.063  292884           103
           -3690.066  399848           220
           -3690.068  667250           318
           -3690.068  153394           429
           -3690.069  425982           485
           -3690.071  279850           555
           -3690.071  545108           667
           -3690.072  263221           447
           -3690.072  59674            240
           -3690.076  415931           10
           -3690.077  642909           251
           -3690.077  263049           454
           -3690.078  178181           753
           -3690.078  696830           668
           -3690.080  117391           710
           -3690.080  36714            201
           -3690.083  341960           685
           -3690.083  436892           565
           -3690.085  168762           200
           -3690.086  383986           159
           -3690.088  933578           506
           -3690.088  937885           426
           -3690.088  930872           277
           -3690.091  349263           263
           -3690.092  853781           716
           -3690.092  645664           39
           -3690.094  266340           683
           -3690.096  714997           399
           -3690.098  327140           678
           -3690.099  351622           551
           -3690.101  702492           718
           -3690.101  609185           181
           -3690.103  539751           459
           -3690.103  704798           530
           -3690.103  112586           494
           -3690.106  383902           673
           -3690.107  76337            76
           -3690.108  846194           93
           -3690.109  856536           144
           -3690.110  369602           146
           -3690.112  940533           764
           -3690.112  307843           664
           -3690.115  783102           433
           -3690.115  662983           666
           -3690.115  621542           375
           -3690.116  170954           86
           -3690.116  991329           182
           -3690.117  314757           345
           -3690.117  195353           225
           -3690.117  794236           127
           -3690.117  717754           180
           -3690.117  654136           167
           -3690.117  587946           120
           -3690.117  521575           313
           -3690.118  259507           53
           -3690.118  416250           390
           -3690.118  605358           321
           -3690.118  459221           652
           -3690.118  802682           419
           -3690.118  372176           23
           -3690.118  97300            640
           -3690.118  127215           9
           -3690.118  569131           26
           -3690.118  308582           752
           -3690.118  407168           44
           -3690.118  810705           626
           -3690.118  608849           224
           -3690.119  804561           59
           -3690.119  351807           617
           -3690.119  281462           285
           -3690.119  unperturbed      0
           -3690.119  27071            15
           -3690.120  814975           129
           -3690.120  849670           347
           -3690.122  479273           156
           -3690.124  491970           563
           -3690.125  155622           507
           -3690.125  848969           173
           -3690.126  942358           644
           -3690.127  79945            395
           -3690.127  335485           496
           -3690.128  871722           355
           -3690.131  502157           799
           -3690.131  721392           768
           -3690.132  117731           570
           -3690.132  548673           732
           -3690.133  637095           207
           -3690.135  679832           302
           -3690.135  413564           535
           -3690.137  76451            211
           -3690.137  760850           739
           -3690.138  164305           128
           -3690.138  55115            408
           -3690.139  603842           61
           -3690.140  417035           149
           -3690.140  970689           266
           -3690.142  14262            781
           -3690.146  354395           486
           -3690.148  157351           579
           -3690.149  544048           87
           -3690.152  824126           287
           -3690.152  699810           571
           -3690.159  488581           688
           -3690.167  58507            793
           -3690.169  251680           794
           -3690.170  264935           281
           -3690.171  695155           150
           -3690.172  204959           695
           -3690.173  777045           377
           -3690.182  220492           743
           -3690.183  669639           699
           -3690.189  354208           196
           -3690.192  662718           460
           -3690.196  347222           533
           -3690.202  185071           370
           -3690.203  898745           466
           -3690.209  723035           538
           -3690.210  614009           317
           -3690.212  995875           547
           -3690.212  701525           239
           -3690.212  499150           216
           -3690.214  520865           763
           -3690.214  195763           358
           -3690.215  597614           284
           -3690.217  957392           79
           -3690.225  848890           95
           -3690.226  638577           769
           -3690.226  835767           210
           -3690.229  853195           431
           -3690.235  7959             256
           -3690.236  858804           534
           -3690.236  738393           619
           -3690.238  608460           244
           -3690.239  441191           361
           -3690.242  105435           265
           -3690.242  566687           597
           -3690.242  315029           471
           -3690.246  878749           728
           -3690.249  576596           99
           -3690.258  948615           140
           -3690.259  749453           33
           -3690.260  312587           775
           -3690.264  677062           680
           -3690.264  194143           510
           -3690.268  576726           280
           -3690.274  226322           478
           -3690.283  383979           603
           -3690.293  342019           301
           -3690.293  830292           527
           -3690.297  533738           11
           -3690.304  478421           311
           -3690.314  820977           776
           -3690.322  67009            564
           -3690.322  618760           489
           -3690.324  35191            703
           -3690.349  602797           336
           -3690.390  723775           97
           -3690.399  742688           594
           -3690.407  320494           465
           -3690.419  724519           333
           -3690.422  443442           380
           -3690.430  160326           546
           -3690.447  840078           203
           -3690.461  355254           796
           -3690.486  217130           443
           -3690.487  182524           373
           -3690.497  640833           434
           -3690.514  21345            199
           -3690.520  405371           569
           -3690.545  177936           726
           -3690.556  224950           455
           -3690.560  314084           81
           -3690.571  903369           134
           -3690.589  848356           602
           -3690.600  582296           452
           -3690.606  371246           101



THE BEST LOGLIKELIHOOD VALUE HAS BEEN REPLICATED.  RERUN WITH AT LEAST TWICE THE
RANDOM STARTS TO CHECK THAT THE BEST LOGLIKELIHOOD IS STILL OBTAINED AND REPLICATED.


THE MODEL ESTIMATION TERMINATED NORMALLY



MODEL FIT INFORMATION

Number of Free Parameters                       14

Loglikelihood

          H0 Value                       -3689.931
          H0 Scaling Correction Factor      1.0342
            for MLR

Information Criteria

          Akaike (AIC)                    7407.861
          Bayesian (BIC)                  7483.106
          Sample-Size Adjusted BIC        7438.631
            (n* = (n + 2) / 24)

Chi-Square Test of Model Fit for the Binary and Ordered Categorical
(Ordinal) Outcomes

          Pearson Chi-Square

          Value                            119.948
          Degrees of Freedom                   113
          P-Value                           0.3095

          Likelihood Ratio Chi-Square

          Value                            158.575
          Degrees of Freedom                   113
          P-Value                           0.0031

Chi-Square Test for MCAR under the Unrestricted Latent Class Indicator Model

          Pearson Chi-Square

          Value                           1052.417
          Degrees of Freedom                  1145
          P-Value                           0.9759

          Likelihood Ratio Chi-Square

          Value                            682.657
          Degrees of Freedom                  1145
          P-Value                           1.0000



FINAL CLASS COUNTS AND PROPORTIONS FOR THE LATENT CLASSES
BASED ON THE ESTIMATED MODEL

    Latent
   Classes

       1        919.00000          0.57618
       2        676.00000          0.42382


MODEL RESULTS

                                                    Two-Tailed
                    Estimate       S.E.  Est./S.E.    P-Value

Latent Class 1 (1)

 I        |
    JBHAS_5            1.000      0.000    999.000    999.000
    JBHAS_6            1.000      0.000    999.000    999.000
    JBHAS_7            1.000      0.000    999.000    999.000
    JBHAS_8            1.000      0.000    999.000    999.000
    JBHAS_9            1.000      0.000    999.000    999.000
    JBHAS_10           1.000      0.000    999.000    999.000

 S        |
    JBHAS_5            0.000      0.000    999.000    999.000
    JBHAS_6            0.067      0.068      0.974      0.330
    JBHAS_7            0.458      0.074      6.201      0.000
    JBHAS_8            0.679      0.067     10.095      0.000
    JBHAS_9            0.876      0.052     16.987      0.000
    JBHAS_10           1.000      0.000    999.000    999.000

 S        WITH
    I                -19.779     11.375     -1.739      0.082

 Means
    I                 -0.547      0.466     -1.172      0.241
    S                 -0.464      0.291     -1.594      0.111

 Thresholds
    JBHAS_5$1         -0.831      0.450     -1.845      0.065
    JBHAS_6$1         -0.831      0.450     -1.845      0.065
    JBHAS_7$1         -0.831      0.450     -1.845      0.065
    JBHAS_8$1         -0.831      0.450     -1.845      0.065
    JBHAS_9$1         -0.831      0.450     -1.845      0.065
    JBHAS_10$1        -0.831      0.450     -1.845      0.065

 Variances
    I                 57.771     14.986      3.855      0.000
    S                 18.742      6.787      2.762      0.006

Latent Class 2 (2)

 I        |
    JBHAS_5            1.000      0.000    999.000    999.000
    JBHAS_6            1.000      0.000    999.000    999.000
    JBHAS_7            1.000      0.000    999.000    999.000
    JBHAS_8            1.000      0.000    999.000    999.000
    JBHAS_9            1.000      0.000    999.000    999.000
    JBHAS_10           1.000      0.000    999.000    999.000

 S        |
    JBHAS_5            0.000      0.000    999.000    999.000
    JBHAS_6            0.067      0.068      0.974      0.330
    JBHAS_7            0.458      0.074      6.201      0.000
    JBHAS_8            0.679      0.067     10.095      0.000
    JBHAS_9            0.876      0.052     16.987      0.000
    JBHAS_10           1.000      0.000    999.000    999.000

 S        WITH
    I                -47.513     24.954     -1.904      0.057

 Means
    I                  0.000      0.000    999.000    999.000
    S                 -0.464      0.291     -1.594      0.111

 Thresholds
    JBHAS_5$1         -0.831      0.450     -1.845      0.065
    JBHAS_6$1         -0.831      0.450     -1.845      0.065
    JBHAS_7$1         -0.831      0.450     -1.845      0.065
    JBHAS_8$1         -0.831      0.450     -1.845      0.065
    JBHAS_9$1         -0.831      0.450     -1.845      0.065
    JBHAS_10$1        -0.831      0.450     -1.845      0.065

 Variances
    I                 83.128     29.512      2.817      0.005
    S                 48.575     19.970      2.432      0.015

Categorical Latent Variables

 Means
    C#1                0.307      0.051      6.061      0.000


QUALITY OF NUMERICAL RESULTS

     Condition Number for the Information Matrix              0.213E-03
       (ratio of smallest to largest eigenvalue)


RESULTS IN PROBABILITY SCALE

                    Estimate

Latent Class 1 (1)

 JBHAS_5
    Category 1         0.485
    Category 2         0.515
 JBHAS_6
    Category 1         0.487
    Category 2         0.513
 JBHAS_7
    Category 1         0.496
    Category 2         0.504
 JBHAS_8
    Category 1         0.502
    Category 2         0.498
 JBHAS_9
    Category 1         0.508
    Category 2         0.492
 JBHAS_10
    Category 1         0.511
    Category 2         0.489

Latent Class 2 (2)

 JBHAS_5
    Category 1         0.464
    Category 2         0.536
 JBHAS_6
    Category 1         0.464
    Category 2         0.536
 JBHAS_7
    Category 1         0.466
    Category 2         0.534
 JBHAS_8
    Category 1         0.469
    Category 2         0.531
 JBHAS_9
    Category 1         0.473
    Category 2         0.527
 JBHAS_10
    Category 1         0.477
    Category 2         0.523


STANDARDIZED MODEL RESULTS


STDYX Standardization

                                                    Two-Tailed
                    Estimate       S.E.  Est./S.E.    P-Value

Latent Class 1 (1)

 I        |
    JBHAS_5            0.973      0.007    143.102      0.000
    JBHAS_6            0.994      0.029     33.689      0.000
    JBHAS_7            1.110      0.091     12.139      0.000
    JBHAS_8            1.161      0.136      8.524      0.000
    JBHAS_9            1.190      0.175      6.799      0.000
    JBHAS_10           1.198      0.199      6.020      0.000

 S        |
    JBHAS_5            0.000      0.000    999.000    999.000
    JBHAS_6            0.038      0.041      0.915      0.360
    JBHAS_7            0.290      0.075      3.866      0.000
    JBHAS_8            0.449      0.106      4.227      0.000
    JBHAS_9            0.594      0.126      4.718      0.000
    JBHAS_10           0.682      0.143      4.769      0.000

 S        WITH
    I                 -0.601      0.192     -3.123      0.002

 Means
    I                 -0.072      0.062     -1.158      0.247
    S                 -0.107      0.070     -1.539      0.124

 Thresholds
    JBHAS_5$1         -0.106      0.059     -1.793      0.073
    JBHAS_6$1         -0.109      0.060     -1.813      0.070
    JBHAS_7$1         -0.121      0.066     -1.830      0.067
    JBHAS_8$1         -0.127      0.069     -1.836      0.066
    JBHAS_9$1         -0.130      0.071     -1.833      0.067
    JBHAS_10$1        -0.131      0.072     -1.829      0.067

 Variances
    I                  1.000      0.000    999.000    999.000
    S                  1.000      0.000    999.000    999.000

Latent Class 2 (2)

 I        |
    JBHAS_5            0.981      0.007    147.978      0.000
    JBHAS_6            1.017      0.047     21.647      0.000
    JBHAS_7            1.252      0.137      9.117      0.000
    JBHAS_8            1.370      0.213      6.431      0.000
    JBHAS_9            1.434      0.284      5.051      0.000
    JBHAS_10           1.442      0.322      4.479      0.000

 S        |
    JBHAS_5            0.000      0.000    999.000    999.000
    JBHAS_6            0.052      0.056      0.921      0.357
    JBHAS_7            0.438      0.121      3.630      0.000
    JBHAS_8            0.711      0.173      4.103      0.000
    JBHAS_9            0.961      0.231      4.164      0.000
    JBHAS_10           1.102      0.266      4.152      0.000

 S        WITH
    I                 -0.748      0.133     -5.620      0.000

 Means
    I                  0.000      0.000    999.000    999.000
    S                 -0.067      0.044     -1.523      0.128

 Thresholds
    JBHAS_5$1         -0.089      0.051     -1.742      0.081
    JBHAS_6$1         -0.093      0.052     -1.779      0.075
    JBHAS_7$1         -0.114      0.063     -1.804      0.071
    JBHAS_8$1         -0.125      0.069     -1.814      0.070
    JBHAS_9$1         -0.131      0.072     -1.812      0.070
    JBHAS_10$1        -0.131      0.073     -1.804      0.071

 Variances
    I                  1.000      0.000    999.000    999.000
    S                  1.000      0.000    999.000    999.000


R-SQUARE

Class 1

    Observed                                        Two-Tailed
    Variable        Estimate       S.E.  Est./S.E.    P-Value

    JBHAS_5            0.946      0.013     71.551      0.000
    JBHAS_6            0.944      0.013     75.393      0.000
    JBHAS_7            0.930      0.011     84.077      0.000
    JBHAS_8            0.923      0.012     77.627      0.000
    JBHAS_9            0.919      0.015     63.336      0.000
    JBHAS_10           0.918      0.017     55.141      0.000

Class 2

    Observed                                        Two-Tailed
    Variable        Estimate       S.E.  Est./S.E.    P-Value

    JBHAS_5            0.962      0.013     73.989      0.000
    JBHAS_6            0.959      0.012     77.434      0.000
    JBHAS_7            0.938      0.013     71.918      0.000
    JBHAS_8            0.926      0.015     63.270      0.000
    JBHAS_9            0.919      0.018     50.648      0.000
    JBHAS_10           0.918      0.021     43.758      0.000


     Beginning Time:  15:19:18
        Ending Time:  15:28:51
       Elapsed Time:  00:09:33



MUTHEN & MUTHEN
3463 Stoner Ave.
Los Angeles, CA  90066

Tel: (310) 391-9971
Fax: (310) 391-8971
Web: www.StatModel.com
Support: Support@StatModel.com

Copyright (c) 1998-2021 Muthen & Muthen
