Mplus VERSION 8.7
MUTHEN & MUTHEN
11/04/2021   9:56 AM

INPUT INSTRUCTIONS

  TITLE: Your title goes here

   DATA: FILE = flex_time/data.dta;

   VARIABLE:

   NAMES = pidp gridmode mm hidp_5 hidp_6 hidp_7 hidp_8 hidp_9 hidp_10 indmode_5
       indmode_6 indmode_7 indmode_8 indmode_9 indmode_10 mode_type_all mode_type_no9
       mode_type_567 mode_type_7 all no9 p567 p7 switch_all switch_no9 switch_567
       switch_7 lkmove_5 xpmove_5 caruse_5 mobuse_5 netpuse_5 aidxhh_5 jbhas_5 j2has_5
       finnow_5 finfut_5 howlng_5 vote1_5 vote6_5 scsf1_5 scsf2a_5 scsf2b_5 scsf3a_5
       scsf3b_5 scsf4a_5 scsf4b_5 scsf5_5 scsf6a_5 scsf6b_5 scsf6c_5 scsf7_5 scghqa_5
       scghqb_5 scghqc_5 scghqd_5 scghqe_5 scghqf_5 scghqg_5 scghqh_5 scghqi_5
       scghqj_5 scghqk_5 scghql_5 lkmove_6 xpmove_6 caruse_6 mobuse_6 netpuse_6
       aidxhh_6 jbhas_6 j2has_6 finnow_6 finfut_6 howlng_6 vote1_6 vote6_6 scsf1_6
       scsf2a_6 scsf2b_6 scsf3a_6 scsf3b_6 scsf4a_6 scsf4b_6 scsf5_6 scsf6a_6 scsf6b_6
       scsf6c_6 scsf7_6 scghqa_6 scghqb_6 scghqc_6 scghqd_6 scghqe_6 scghqf_6 scghqg_6
       scghqh_6 scghqi_6 scghqj_6 scghqk_6 scghql_6 lkmove_7 xpmove_7 caruse_7
       mobuse_7 netpuse_7 smoker_7 aidxhh_7 jbhas_7 jbterm1_7 jbsemp_7 j2has_7
       fiyrdia_7 finnow_7 finfut_7 howlng_7 vote1_7 vote6_7 scsf2a_7 scsf2b_7 scsf3a_7
       scsf3b_7 scsf4a_7 scsf4b_7 scsf5_7 scsf6a_7 scsf6b_7 scsf6c_7 scsf7_7 scghqa_7
       scghqb_7 scghqc_7 scghqd_7 scghqe_7 scghqf_7 scghqg_7 scghqh_7 scghqi_7
       scghqj_7 scghqk_7 scghql_7 scsf1_7 lkmove_8 xpmove_8 caruse_8 mobuse_8
       netpuse_8 smoker_8 aidxhh_8 jbhas_8 jbterm1_8 jbsemp_8 j2has_8 fiyrdia_8
       finnow_8 finfut_8 scsf2a_8 scsf2b_8 scsf3a_8 scsf3b_8 scsf4a_8 scsf4b_8 scsf5_8
       scsf6a_8 scsf6b_8 scsf6c_8 scsf7_8 scghqa_8 scghqb_8 scghqc_8 scghqd_8 scghqe_8
       scghqf_8 scghqg_8 scghqh_8 scghqi_8 scghqj_8 scghqk_8 scghql_8 scsf1_8 mobuse_9
       netpuse_9 smoker_9 jbhas_9 jbterm1_9 jbsemp_9 j2has_9 fiyrdia_9 finnow_9
       finfut_9 lkmove_10 xpmove_10 mobuse_10 netpuse_10 smoker_10 aidxhh_10 jbhas_10
       jbterm1_10 jbsemp_10 j2has_10 fiyrdia_10 finnow_10 finfut_10 scsf1_10 scsf2a_10
       scsf2b_10 scsf3a_10 scsf3b_10 scsf4a_10 scsf4b_10 scsf5_10 scsf6a_10 scsf6b_10
       scsf6c_10 scsf7_10 scghqa_10 scghqb_10 scghqc_10 scghqd_10 scghqe_10 scghqf_10
       scghqg_10 scghqh_10 scghqi_10 scghqj_10 scghqk_10 scghql_10 edu agecat female
       partner sf1 longill london north urban refresh Higher A level GCSE Other age_35
       age_55 age_75 age_102 pred_all pred_no9 pred_p567 pred_p7 pred_all_w pred_no9_w
       pred_p567_w pred_p7_w;

   MISSING=.;

   USEVARIABLES ARE
   aidxhh_5
   aidxhh_6
   aidxhh_7
   aidxhh_8
   aidxhh_10;

   CATEGORICAL ARE
   aidxhh_5
   aidxhh_6
   aidxhh_7
   aidxhh_8
   aidxhh_10;
   CLASSES = c(2);

    KNOWNCLASS = c(no9= 1 2);
  WEIGHT IS pred_no9_w;

   ANALYSIS:


      TYPE = MIXTURE;

      ESTIMATOR = MLR;

      ALGORITHM = INTEGRATION;

      Processors = 8(starts);

      STARTS = 800 200;

   Model:


      %OVERALL%

  i s | aidxhh_5@0 aidxhh_6 aidxhh_7 aidxhh_8 aidxhh_10@1;
   %c#1%
  [s] ;
   s ;
   s WITH i ;
   i ;

   %c#2%
  [s] ;
   s ;
   s WITH i ;
   i ;

   OUTPUT: SAMPSTAT;

                                  STDYX;




*** WARNING in VARIABLE command
  Note that only the first 8 characters of variable names are used in the output.
  Shorten variable names to avoid any confusion.
*** WARNING
  One or more observations has a value of 0 for the WEIGHT variable.  Consider using the
  SUBPOPULATION option to restrict the analysis to observations with a positive weight.
*** WARNING
  Data set contains unknown or missing values for variable NO9.
  This variable is used to determine the KNOWNCLASS specification.
  Number of such cases:  111
*** WARNING
  Data set contains cases with missing on all variables.
  These cases were not included in the analysis.
  Number of cases with missing on all variables:  1
   4 WARNING(S) FOUND IN THE INPUT INSTRUCTIONS



Your title goes here

SUMMARY OF ANALYSIS

Number of groups                                                 1
Number of observations                                        1945

Number of dependent variables                                    5
Number of independent variables                                  0
Number of continuous latent variables                            2
Number of categorical latent variables                           1

Observed dependent variables

  Binary and ordered categorical (ordinal)
   AIDXHH_5    AIDXHH_6    AIDXHH_7    AIDXHH_8    AIDXHH_1

Continuous latent variables
   I           S

Categorical latent variables
   C

  Knownclass            C

Variables with special functions

  Weight variable       PRED_NO9

Estimator                                                      MLR
Information matrix                                        OBSERVED
Optimization Specifications for the Quasi-Newton Algorithm for
Continuous Outcomes
  Maximum number of iterations                                 100
  Convergence criterion                                  0.100D-05
Optimization Specifications for the EM Algorithm
  Maximum number of iterations                                 500
  Convergence criteria
    Loglikelihood change                                 0.100D-02
    Relative loglikelihood change                        0.100D-05
    Derivative                                           0.100D-02
Optimization Specifications for the M step of the EM Algorithm for
Categorical Latent variables
  Number of M step iterations                                    1
  M step convergence criterion                           0.100D-02
  Basis for M step termination                           ITERATION
Optimization Specifications for the M step of the EM Algorithm for
Censored, Binary or Ordered Categorical (Ordinal), Unordered
Categorical (Nominal) and Count Outcomes
  Number of M step iterations                                    1
  M step convergence criterion                           0.100D-02
  Basis for M step termination                           ITERATION
  Maximum value for logit thresholds                            15
  Minimum value for logit thresholds                           -15
  Minimum expected cell size for chi-square              0.100D-01
Maximum number of iterations for H1                           2000
Convergence criterion for H1                             0.100D-03
Optimization algorithm                                         EMA
Integration Specifications
  Type                                                    STANDARD
  Number of integration points                                  15
  Dimensions of numerical integration                            2
  Adaptive quadrature                                           ON
Random Starts Specifications
  Number of initial stage random starts                        800
  Number of final stage optimizations                          200
  Number of initial stage iterations                            10
  Initial stage convergence criterion                    0.100D+01
  Random starts scale                                    0.500D+01
  Random seed for generating random starts                       0
Link                                                         LOGIT
Cholesky                                                        ON

Input data file(s)
  flex_time/data.dta
Input data format  FREE


SUMMARY OF DATA

     Number of missing data patterns            31
     Number of y missing data patterns           0
     Number of u missing data patterns          31


COVARIANCE COVERAGE OF DATA

Minimum covariance coverage value   0.100


     PROPORTION OF DATA PRESENT FOR U


           Covariance Coverage
              AIDXHH_5      AIDXHH_6      AIDXHH_7      AIDXHH_8      AIDXHH_1
              ________      ________      ________      ________      ________
 AIDXHH_5       0.511
 AIDXHH_6       0.432         0.511
 AIDXHH_7       0.358         0.388         0.601
 AIDXHH_8       0.329         0.360         0.485         0.571
 AIDXHH_1       0.290         0.316         0.406         0.431         0.638


UNIVARIATE PROPORTIONS AND COUNTS FOR CATEGORICAL VARIABLES

    AIDXHH_5
      Category 1    0.845         1377.723
      Category 2    0.155          252.231
    AIDXHH_6
      Category 1    0.887         1419.867
      Category 2    0.113          180.202
    AIDXHH_7
      Category 1    0.841         1073.769
      Category 2    0.159          203.083
    AIDXHH_8
      Category 1    0.873          993.082
      Category 2    0.127          144.270
    AIDXHH_1
      Category 1    0.902          872.363
      Category 2    0.098           94.421


SAMPLE STATISTICS

RANDOM STARTS RESULTS RANKED FROM THE BEST TO THE WORST LOGLIKELIHOOD VALUES

Final stage loglikelihood values at local maxima, seeds, and initial stage start numbers:

           -3195.467  67009            564
           -3195.467  742609           531
           -3195.467  166851           638
           -3195.468  849670           347
           -3195.468  704798           530
           -3195.468  468036           131
           -3195.468  696773           80
           -3195.468  25127            107
           -3195.468  399380           436
           -3195.468  659773           663
           -3195.468  170954           86
           -3195.468  900268           327
           -3195.468  917702           693
           -3195.468  963053           43
           -3195.468  505879           424
           -3195.468  871438           561
           -3195.468  961454           665
           -3195.468  252346           528
           -3195.468  584397           428
           -3195.468  349263           263
           -3195.468  182524           373
           -3195.468  858804           534
           -3195.468  569833           85
           -3195.468  404426           344
           -3195.468  519357           559
           -3195.468  314084           81
           -3195.468  177936           726
           -3195.468  673496           218
           -3195.468  824956           607
           -3195.468  210870           383
           -3195.468  710445           792
           -3195.468  763285           620
           -3195.468  278661           674
           -3195.468  72866            692
           -3195.468  626208           698
           -3195.468  303834           798
           -3195.468  14262            781
           -3195.468  848969           173
           -3195.468  285380           1
           -3195.468  348637           749
           -3195.468  7959             256
           -3195.468  565819           65
           -3195.468  778953           635
           -3195.468  238906           430
           -3195.468  281462           285
           -3195.468  374219           353
           -3195.468  752476           614
           -3195.468  835767           210
           -3195.468  264935           281
           -3195.468  62835            642
           -3195.468  840031           276
           -3195.468  863691           481
           -3195.468  805935           615
           -3195.468  907810           795
           -3195.468  485483           498
           -3195.468  15715            274
           -3195.468  391949           295
           -3195.468  871722           355
           -3195.468  903369           134
           -3195.468  216565           474
           -3195.468  279850           555
           -3195.468  502157           799
           -3195.468  856612           700
           -3195.468  606576           151
           -3195.468  860029           760
           -3195.468  49293            707
           -3195.468  461866           722
           -3195.468  405371           569
           -3195.468  416250           390
           -3195.468  798821           423
           -3195.468  154575           539
           -3195.468  307843           664
           -3195.469  246261           38
           -3195.469  471040           403
           -3195.469  414284           158
           -3195.469  728038           177
           -3195.469  137377           397
           -3195.469  160326           546
           -3195.469  717754           180
           -3195.469  741888           138
           -3195.469  809240           543
           -3195.469  804561           59
           -3195.469  746978           410
           -3195.469  267983           228
           -3195.469  408713           450
           -3195.469  926797           406
           -3195.469  670281           721
           -3195.469  347222           533
           -3195.469  246575           291
           -3195.469  297518           166
           -3195.469  760878           249
           -3195.469  783102           433
           -3195.469  791396           243
           -3195.469  298553           773
           -3195.469  383902           673
           -3195.469  3307             735
           -3195.469  168762           200
           -3195.469  372176           23
           -3195.469  887580           493
           -3195.469  848890           95
           -3195.469  440368           797
           -3195.469  937885           426
           -3195.469  821011           161
           -3195.469  539389           544
           -3195.469  701525           239
           -3195.469  552272           654
           -3195.469  848331           137
           -3195.469  618000           190
           -3195.469  922596           456
           -3195.469  830529           279
           -3195.469  109357           765
           -3195.469  260953           589
           -3195.469  84013            598
           -3195.469  165853           105
           -3195.469  371246           101
           -3195.469  526324           178
           -3195.469  192071           142
           -3195.469  999211           628
           -3195.469  340112           126
           -3195.469  484687           306
           -3195.469  441191           361
           -3195.469  775881           778
           -3195.469  455617           242
           -3195.469  264081           186
           -3195.469  413564           535
           -3195.469  unperturbed      0
           -3195.469  195873           6
           -3195.469  677062           680
           -3195.469  505244           582
           -3195.469  948615           140
           -3195.469  891531           206
           -3195.469  741484           441
           -3195.469  788796           145
           -3195.469  971853           402
           -3195.469  769907           457
           -3195.469  647617           725
           -3195.469  520865           763
           -3195.469  370466           41
           -3195.469  910224           580
           -3195.469  341960           685
           -3195.469  915107           54
           -3195.469  349562           359
           -3195.469  521575           313
           -3195.469  688839           273
           -3195.469  244349           736
           -3195.469  508482           446
           -3195.469  252949           487
           -3195.469  118438           601
           -3195.469  514326           325
           -3195.469  857799           315
           -3195.469  580539           786
           -3195.469  563002           360
           -3195.469  35191            703
           -3195.469  92689            304
           -3195.469  903420           5
           -3195.469  227563           63
           -3195.469  491970           563
           -3195.469  314757           345
           -3195.469  259507           53
           -3195.469  399671           13
           -3195.469  317640           437
           -3195.469  407108           366
           -3195.469  17896            592
           -3195.469  930872           277
           -3195.469  958107           790
           -3195.469  486622           522
           -3195.469  637345           19
           -3195.469  343926           624
           -3195.469  117391           710
           -3195.469  801065           393
           -3195.469  512403           719
           -3195.469  939021           8
           -3195.469  570782           193
           -3195.469  838615           677
           -3195.469  22874            588
           -3195.469  544048           87
           -3195.469  604861           800
           -3195.469  411615           171
           -3195.469  22362            365
           -3195.469  437181           135
           -3195.469  462228           298
           -3195.470  387701           275
           -3195.470  153053           378
           -3195.470  748692           204
           -3195.472  966014           37
           -3196.400  23012            352
           -3221.232  724519           333

13 perturbed starting value run(s) did not converge or were rejected in the third stage.



THE BEST LOGLIKELIHOOD VALUE HAS BEEN REPLICATED.  RERUN WITH AT LEAST TWICE THE
RANDOM STARTS TO CHECK THAT THE BEST LOGLIKELIHOOD IS STILL OBTAINED AND REPLICATED.


THE MODEL ESTIMATION TERMINATED NORMALLY



MODEL FIT INFORMATION

Number of Free Parameters                       14

Loglikelihood

          H0 Value                       -3195.467
          H0 Scaling Correction Factor      2.3342
            for MLR

Information Criteria

          Akaike (AIC)                    6418.935
          Bayesian (BIC)                  6496.957
          Sample-Size Adjusted BIC        6452.479
            (n* = (n + 2) / 24)

Chi-Square Test of Model Fit for the Binary and Ordered Categorical
(Ordinal) Outcomes

          Pearson Chi-Square

          Value                             70.155
          Degrees of Freedom                    49
          P-Value                           0.0253

          Likelihood Ratio Chi-Square

          Value                             57.811
          Degrees of Freedom                    49
          P-Value                           0.1819

Chi-Square Test for MCAR under the Unrestricted Latent Class Indicator Model

          Pearson Chi-Square

          Value                            371.714
          Degrees of Freedom                   359
          P-Value                           0.3107

          Likelihood Ratio Chi-Square

          Value                            270.177
          Degrees of Freedom                   359
          P-Value                           0.9998



FINAL CLASS COUNTS AND PROPORTIONS FOR THE LATENT CLASSES
BASED ON THE ESTIMATED MODEL

    Latent
   Classes

       1       1402.00000          0.72082
       2        543.00000          0.27918


MODEL RESULTS

                                                    Two-Tailed
                    Estimate       S.E.  Est./S.E.    P-Value

Latent Class 1 (1)

 I        |
    AIDXHH_5           1.000      0.000    999.000    999.000
    AIDXHH_6           1.000      0.000    999.000    999.000
    AIDXHH_7           1.000      0.000    999.000    999.000
    AIDXHH_8           1.000      0.000    999.000    999.000
    AIDXHH_10          1.000      0.000    999.000    999.000

 S        |
    AIDXHH_5           0.000      0.000    999.000    999.000
    AIDXHH_6           0.391      0.169      2.318      0.020
    AIDXHH_7           0.321      0.329      0.974      0.330
    AIDXHH_8           0.781      0.352      2.216      0.027
    AIDXHH_10          1.000      0.000    999.000    999.000

 S        WITH
    I                 -9.938      9.588     -1.036      0.300

 Means
    I                 -0.831      1.009     -0.824      0.410
    S                  0.968      1.953      0.496      0.620

 Thresholds
    AIDXHH_5$1         4.051      1.272      3.183      0.001
    AIDXHH_6$1         4.051      1.272      3.183      0.001
    AIDXHH_7$1         4.051      1.272      3.183      0.001
    AIDXHH_8$1         4.051      1.272      3.183      0.001
    AIDXHH_1$1         4.051      1.272      3.183      0.001

 Variances
    I                 16.714     11.089      1.507      0.132
    S                  9.009      7.782      1.158      0.247

Latent Class 2 (2)

 I        |
    AIDXHH_5           1.000      0.000    999.000    999.000
    AIDXHH_6           1.000      0.000    999.000    999.000
    AIDXHH_7           1.000      0.000    999.000    999.000
    AIDXHH_8           1.000      0.000    999.000    999.000
    AIDXHH_10          1.000      0.000    999.000    999.000

 S        |
    AIDXHH_5           0.000      0.000    999.000    999.000
    AIDXHH_6           0.391      0.169      2.318      0.020
    AIDXHH_7           0.321      0.329      0.974      0.330
    AIDXHH_8           0.781      0.352      2.216      0.027
    AIDXHH_10          1.000      0.000    999.000    999.000

 S        WITH
    I                 -8.704     13.873     -0.627      0.530

 Means
    I                  0.000      0.000    999.000    999.000
    S                 -1.414      2.597     -0.544      0.586

 Thresholds
    AIDXHH_5$1         4.051      1.272      3.183      0.001
    AIDXHH_6$1         4.051      1.272      3.183      0.001
    AIDXHH_7$1         4.051      1.272      3.183      0.001
    AIDXHH_8$1         4.051      1.272      3.183      0.001
    AIDXHH_1$1         4.051      1.272      3.183      0.001

 Variances
    I                 21.963     15.938      1.378      0.168
    S                 13.825      7.018      1.970      0.049

Categorical Latent Variables

 Means
    C#1                0.949      0.065     14.484      0.000


QUALITY OF NUMERICAL RESULTS

     Condition Number for the Information Matrix              0.473E-03
       (ratio of smallest to largest eigenvalue)


RESULTS IN PROBABILITY SCALE

                    Estimate

Latent Class 1 (1)

 AIDXHH_5
    Category 1         0.863
    Category 2         0.137
 AIDXHH_6
    Category 1         0.890
    Category 2         0.110
 AIDXHH_7
    Category 1         0.885
    Category 2         0.115
 AIDXHH_8
    Category 1         0.906
    Category 2         0.094
 AIDXHH_10
    Category 1         0.904
    Category 2         0.096

Latent Class 2 (2)

 AIDXHH_5
    Category 1         0.790
    Category 2         0.210
 AIDXHH_6
    Category 1         0.846
    Category 2         0.154
 AIDXHH_7
    Category 1         0.837
    Category 2         0.163
 AIDXHH_8
    Category 1         0.875
    Category 2         0.125
 AIDXHH_10
    Category 1         0.880
    Category 2         0.120


STANDARDIZED MODEL RESULTS


STDYX Standardization

                                                    Two-Tailed
                    Estimate       S.E.  Est./S.E.    P-Value

Latent Class 1 (1)

 I        |
    AIDXHH_5           0.914      0.050     18.330      0.000
    AIDXHH_6           1.108      0.255      4.348      0.000
    AIDXHH_7           1.072      0.308      3.476      0.001
    AIDXHH_8           1.294      0.514      2.519      0.012
    AIDXHH_10          1.352      0.529      2.558      0.011

 S        |
    AIDXHH_5           0.000      0.000    999.000    999.000
    AIDXHH_6           0.318      0.228      1.392      0.164
    AIDXHH_7           0.253      0.350      0.723      0.470
    AIDXHH_8           0.742      0.671      1.106      0.269
    AIDXHH_10          0.993      0.461      2.155      0.031

 S        WITH
    I                 -0.810      0.210     -3.862      0.000

 Means
    I                 -0.203      0.225     -0.902      0.367
    S                  0.323      0.537      0.601      0.548

 Thresholds
    AIDXHH_5$1         0.906      0.203      4.462      0.000
    AIDXHH_6$1         1.098      0.300      3.665      0.000
    AIDXHH_7$1         1.062      0.337      3.149      0.002
    AIDXHH_8$1         1.282      0.499      2.572      0.010
    AIDXHH_1$1         1.340      0.506      2.650      0.008

 Variances
    I                  1.000      0.000    999.000    999.000
    S                  1.000      0.000    999.000    999.000

Latent Class 2 (2)

 I        |
    AIDXHH_5           0.933      0.044     21.157      0.000
    AIDXHH_6           1.033      0.256      4.036      0.000
    AIDXHH_7           1.021      0.252      4.052      0.000
    AIDXHH_8           1.046      0.437      2.395      0.017
    AIDXHH_10          1.007      0.552      1.825      0.068

 S        |
    AIDXHH_5           0.000      0.000    999.000    999.000
    AIDXHH_6           0.320      0.158      2.033      0.042
    AIDXHH_7           0.260      0.282      0.921      0.357
    AIDXHH_8           0.648      0.402      1.611      0.107
    AIDXHH_10          0.799      0.283      2.821      0.005

 S        WITH
    I                 -0.499      0.553     -0.903      0.367

 Means
    I                  0.000      0.000    999.000    999.000
    S                 -0.380      0.739     -0.515      0.607

 Thresholds
    AIDXHH_5$1         0.806      0.069     11.740      0.000
    AIDXHH_6$1         0.893      0.186      4.794      0.000
    AIDXHH_7$1         0.882      0.182      4.852      0.000
    AIDXHH_8$1         0.904      0.338      2.676      0.007
    AIDXHH_1$1         0.870      0.437      1.991      0.047

 Variances
    I                  1.000      0.000    999.000    999.000
    S                  1.000      0.000    999.000    999.000


R-SQUARE

Class 1

    Observed                                        Two-Tailed
    Variable        Estimate       S.E.  Est./S.E.    P-Value

    AIDXHH_5           0.836      0.091      9.165      0.000
    AIDXHH_6           0.758      0.061     12.439      0.000
    AIDXHH_7           0.774      0.046     16.799      0.000
    AIDXHH_8           0.670      0.082      8.202      0.000
    AIDXHH_1           0.640      0.110      5.806      0.000

Class 2

    Observed                                        Two-Tailed
    Variable        Estimate       S.E.  Est./S.E.    P-Value

    AIDXHH_5           0.870      0.082     10.578      0.000
    AIDXHH_6           0.840      0.047     17.729      0.000
    AIDXHH_7           0.844      0.046     18.311      0.000
    AIDXHH_8           0.836      0.051     16.547      0.000
    AIDXHH_1           0.848      0.076     11.106      0.000


     Beginning Time:  09:56:55
        Ending Time:  10:02:43
       Elapsed Time:  00:05:48



MUTHEN & MUTHEN
3463 Stoner Ave.
Los Angeles, CA  90066

Tel: (310) 391-9971
Fax: (310) 391-8971
Web: www.StatModel.com
Support: Support@StatModel.com

Copyright (c) 1998-2021 Muthen & Muthen
