Mplus VERSION 8.7
MUTHEN & MUTHEN
11/05/2021   9:02 PM

INPUT INSTRUCTIONS

  TITLE: Your title goes here

   DATA: FILE = flex_time/data.dta;

   VARIABLE:

   NAMES = pidp gridmode mm hidp_5 hidp_6 hidp_7 hidp_8 hidp_9 hidp_10 indmode_5
       indmode_6 indmode_7 indmode_8 indmode_9 indmode_10 mode_type_all mode_type_no9
       mode_type_567 mode_type_7 all no9 p567 p7 switch_all switch_no9 switch_567
       switch_7 lkmove_5 xpmove_5 caruse_5 mobuse_5 netpuse_5 aidxhh_5 jbhas_5 j2has_5
       finnow_5 finfut_5 howlng_5 vote1_5 vote6_5 scsf1_5 scsf2a_5 scsf2b_5 scsf3a_5
       scsf3b_5 scsf4a_5 scsf4b_5 scsf5_5 scsf6a_5 scsf6b_5 scsf6c_5 scsf7_5 scghqa_5
       scghqb_5 scghqc_5 scghqd_5 scghqe_5 scghqf_5 scghqg_5 scghqh_5 scghqi_5
       scghqj_5 scghqk_5 scghql_5 lkmove_6 xpmove_6 caruse_6 mobuse_6 netpuse_6
       aidxhh_6 jbhas_6 j2has_6 finnow_6 finfut_6 howlng_6 vote1_6 vote6_6 scsf1_6
       scsf2a_6 scsf2b_6 scsf3a_6 scsf3b_6 scsf4a_6 scsf4b_6 scsf5_6 scsf6a_6 scsf6b_6
       scsf6c_6 scsf7_6 scghqa_6 scghqb_6 scghqc_6 scghqd_6 scghqe_6 scghqf_6 scghqg_6
       scghqh_6 scghqi_6 scghqj_6 scghqk_6 scghql_6 lkmove_7 xpmove_7 caruse_7
       mobuse_7 netpuse_7 smoker_7 aidxhh_7 jbhas_7 jbterm1_7 jbsemp_7 j2has_7
       fiyrdia_7 finnow_7 finfut_7 howlng_7 vote1_7 vote6_7 scsf2a_7 scsf2b_7 scsf3a_7
       scsf3b_7 scsf4a_7 scsf4b_7 scsf5_7 scsf6a_7 scsf6b_7 scsf6c_7 scsf7_7 scghqa_7
       scghqb_7 scghqc_7 scghqd_7 scghqe_7 scghqf_7 scghqg_7 scghqh_7 scghqi_7
       scghqj_7 scghqk_7 scghql_7 scsf1_7 lkmove_8 xpmove_8 caruse_8 mobuse_8
       netpuse_8 smoker_8 aidxhh_8 jbhas_8 jbterm1_8 jbsemp_8 j2has_8 fiyrdia_8
       finnow_8 finfut_8 scsf2a_8 scsf2b_8 scsf3a_8 scsf3b_8 scsf4a_8 scsf4b_8 scsf5_8
       scsf6a_8 scsf6b_8 scsf6c_8 scsf7_8 scghqa_8 scghqb_8 scghqc_8 scghqd_8 scghqe_8
       scghqf_8 scghqg_8 scghqh_8 scghqi_8 scghqj_8 scghqk_8 scghql_8 scsf1_8 mobuse_9
       netpuse_9 smoker_9 jbhas_9 jbterm1_9 jbsemp_9 j2has_9 fiyrdia_9 finnow_9
       finfut_9 lkmove_10 xpmove_10 mobuse_10 netpuse_10 smoker_10 aidxhh_10 jbhas_10
       jbterm1_10 jbsemp_10 j2has_10 fiyrdia_10 finnow_10 finfut_10 scsf1_10 scsf2a_10
       scsf2b_10 scsf3a_10 scsf3b_10 scsf4a_10 scsf4b_10 scsf5_10 scsf6a_10 scsf6b_10
       scsf6c_10 scsf7_10 scghqa_10 scghqb_10 scghqc_10 scghqd_10 scghqe_10 scghqf_10
       scghqg_10 scghqh_10 scghqi_10 scghqj_10 scghqk_10 scghql_10 edu agecat female
       partner sf1 longill london north urban refresh Higher A level GCSE Other age_35
       age_55 age_75 age_102 pred_all pred_no9 pred_p567 pred_p7 pred_all_w pred_no9_w
       pred_p567_w pred_p7_w;

   MISSING=.;

   USEVARIABLES ARE
   vote6_5
   vote6_6
   vote6_7;

   CATEGORICAL ARE
   vote6_5
   vote6_6
   vote6_7;
   CLASSES = c(2);

    KNOWNCLASS = c(mm= 1 2);

   ANALYSIS:


      TYPE = MIXTURE;

      ESTIMATOR = MLR;

      ALGORITHM = INTEGRATION;

      Processors = 8(starts);

      STARTS = 800 200;

   Model:


      %OVERALL%

  i s | vote6_5@0 vote6_6 vote6_7@1;
   %c#1%
  [s] ;
   s ;
   s WITH i ;
   i ;

   %c#2%
  [s] ;
   s ;
   s WITH i ;
   i ;

   OUTPUT: SAMPSTAT;

                                  STDYX;




*** WARNING
  Data set contains unknown or missing values for variable MM.
  This variable is used to determine the KNOWNCLASS specification.
  Number of such cases:  458
*** WARNING
  Data set contains cases with missing on all variables.
  These cases were not included in the analysis.
  Number of cases with missing on all variables:  259
   2 WARNING(S) FOUND IN THE INPUT INSTRUCTIONS



Your title goes here

SUMMARY OF ANALYSIS

Number of groups                                                 1
Number of observations                                        1340

Number of dependent variables                                    3
Number of independent variables                                  0
Number of continuous latent variables                            2
Number of categorical latent variables                           1

Observed dependent variables

  Binary and ordered categorical (ordinal)
   VOTE6_5     VOTE6_6     VOTE6_7

Continuous latent variables
   I           S

Categorical latent variables
   C

  Knownclass            C


Estimator                                                      MLR
Information matrix                                        OBSERVED
Optimization Specifications for the Quasi-Newton Algorithm for
Continuous Outcomes
  Maximum number of iterations                                 100
  Convergence criterion                                  0.100D-05
Optimization Specifications for the EM Algorithm
  Maximum number of iterations                                 500
  Convergence criteria
    Loglikelihood change                                 0.100D-02
    Relative loglikelihood change                        0.100D-05
    Derivative                                           0.100D-02
Optimization Specifications for the M step of the EM Algorithm for
Categorical Latent variables
  Number of M step iterations                                    1
  M step convergence criterion                           0.100D-02
  Basis for M step termination                           ITERATION
Optimization Specifications for the M step of the EM Algorithm for
Censored, Binary or Ordered Categorical (Ordinal), Unordered
Categorical (Nominal) and Count Outcomes
  Number of M step iterations                                    1
  M step convergence criterion                           0.100D-02
  Basis for M step termination                           ITERATION
  Maximum value for logit thresholds                            15
  Minimum value for logit thresholds                           -15
  Minimum expected cell size for chi-square              0.100D-01
Maximum number of iterations for H1                           2000
Convergence criterion for H1                             0.100D-03
Optimization algorithm                                         EMA
Integration Specifications
  Type                                                    STANDARD
  Number of integration points                                  15
  Dimensions of numerical integration                            2
  Adaptive quadrature                                           ON
Random Starts Specifications
  Number of initial stage random starts                        800
  Number of final stage optimizations                          200
  Number of initial stage iterations                            10
  Initial stage convergence criterion                    0.100D+01
  Random starts scale                                    0.500D+01
  Random seed for generating random starts                       0
Link                                                         LOGIT
Cholesky                                                        ON

Input data file(s)
  flex_time/data.dta
Input data format  FREE


SUMMARY OF DATA

     Number of missing data patterns             7
     Number of y missing data patterns           0
     Number of u missing data patterns           7


COVARIANCE COVERAGE OF DATA

Minimum covariance coverage value   0.100


     PROPORTION OF DATA PRESENT FOR U


           Covariance Coverage
              VOTE6_5       VOTE6_6       VOTE6_7
              ________      ________      ________
 VOTE6_5        0.739
 VOTE6_6        0.622         0.740
 VOTE6_7        0.514         0.557         0.728


UNIVARIATE PROPORTIONS AND COUNTS FOR CATEGORICAL VARIABLES

    VOTE6_5
      Category 1    0.087           86.000
      Category 2    0.375          371.000
      Category 3    0.290          287.000
      Category 4    0.248          246.000
    VOTE6_6
      Category 1    0.102          101.000
      Category 2    0.311          308.000
      Category 3    0.299          296.000
      Category 4    0.289          286.000
    VOTE6_7
      Category 1    0.101           99.000
      Category 2    0.363          354.000
      Category 3    0.319          311.000
      Category 4    0.217          212.000


SAMPLE STATISTICS

RANDOM STARTS RESULTS RANKED FROM THE BEST TO THE WORST LOGLIKELIHOOD VALUES

Final stage loglikelihood values at local maxima, seeds, and initial stage start numbers:

           -4080.359  752769           253
           -4080.359  286735           175
           -4080.360  350608           334
           -4080.360  4091             548
           -4080.361  79212            517
           -4080.361  422103           62
           -4080.363  805935           615
           -4080.364  404426           344
           -4080.364  765586           709
           -4080.364  27071            15
           -4080.364  860102           495
           -4080.365  741484           441
           -4080.365  355254           796
           -4080.365  695155           150
           -4080.365  311214           64
           -4080.365  670281           721
           -4080.365  978781           497
           -4080.365  910224           580
           -4080.365  213189           605
           -4080.365  835767           210
           -4080.366  944186           541
           -4080.366  259507           53
           -4080.366  562716           300
           -4080.366  417035           149
           -4080.366  347222           533
           -4080.366  36714            201
           -4080.366  217130           443
           -4080.366  377584           630
           -4080.366  775881           778
           -4080.366  340112           126
           -4080.366  130011           587
           -4080.367  783165           170
           -4080.367  850545           357
           -4080.367  728038           177
           -4080.367  915107           54
           -4080.367  392407           221
           -4080.367  766903           505
           -4080.368  411615           171
           -4080.368  677720           681
           -4080.368  848590           694
           -4080.369  939870           655
           -4080.370  354208           196
           -4080.370  512836           289
           -4080.371  849670           347
           -4080.371  898745           466
           -4080.371  618760           489
           -4080.371  89970            223
           -4080.371  821011           161
           -4080.372  459221           652
           -4080.372  605565           404
           -4080.372  502495           724
           -4080.372  830392           35
           -4080.372  667250           318
           -4080.372  118421           139
           -4080.372  124999           96
           -4080.373  85462            51
           -4080.373  965994           396
           -4080.373  587946           120
           -4080.373  88437            761
           -4080.374  967902           52
           -4080.375  971693           470
           -4080.375  375590           438
           -4080.375  556929           734
           -4080.375  17896            592
           -4080.376  970689           266
           -4080.376  669639           699
           -4080.376  618000           190
           -4080.376  335485           496
           -4080.376  308582           752
           -4080.377  491970           563
           -4080.377  456213           160
           -4080.377  85114            385
           -4080.377  804561           59
           -4080.377  567165           319
           -4080.377  303634           169
           -4080.377  638977           643
           -4080.377  373505           88
           -4080.377  117391           710
           -4080.377  721392           768
           -4080.377  43523            297
           -4080.378  440368           797
           -4080.378  871851           257
           -4080.378  462953           7
           -4080.378  312587           775
           -4080.379  374219           353
           -4080.379  264935           281
           -4080.379  211281           292
           -4080.379  263221           447
           -4080.379  266340           683
           -4080.379  113138           585
           -4080.379  73576            213
           -4080.380  801717           364
           -4080.380  646573           741
           -4080.380  481835           57
           -4080.380  534483           290
           -4080.380  677062           680
           -4080.381  625191           350
           -4080.381  216565           474
           -4080.381  241197           747
           -4080.381  232226           235
           -4080.381  391949           295
           -4080.381  320494           465
           -4080.381  314084           81
           -4080.381  772131           407
           -4080.381  383979           603
           -4080.381  407108           366
           -4080.381  631413           439
           -4080.381  383902           673
           -4080.381  370481           742
           -4080.381  284716           713
           -4080.381  392418           28
           -4080.381  154575           539
           -4080.381  584397           428
           -4080.381  279850           555
           -4080.381  830570           369
           -4080.381  629320           222
           -4080.382  217744           326
           -4080.382  566687           597
           -4080.382  404042           675
           -4080.382  824126           287
           -4080.382  314034           513
           -4080.382  355674           540
           -4080.382  536551           696
           -4080.382  348637           749
           -4080.382  349562           359
           -4080.382  987090           70
           -4080.382  72866            692
           -4080.382  158612           581
           -4080.382  778953           635
           -4080.382  520865           763
           -4080.382  127215           9
           -4080.382  195763           358
           -4080.382  850840           232
           -4080.382  961454           665
           -4080.382  193847           354
           -4080.383  606576           151
           -4080.383  863094           147
           -4080.383  822698           621
           -4080.383  752476           614
           -4080.383  973369           202
           -4080.383  939021           8
           -4080.383  798839           312
           -4080.383  314757           345
           -4080.383  784664           75
           -4080.383  164305           128
           -4080.383  604861           800
           -4080.383  848969           173
           -4080.383  195873           6
           -4080.383  933578           506
           -4080.383  138695           783
           -4080.383  614009           317
           -4080.383  715255           523
           -4080.383  860772           174
           -4080.383  922596           456
           -4080.383  437181           135
           -4080.383  35191            703
           -4080.383  178031           720
           -4080.383  673496           218
           -4080.383  163110           584
           -4080.383  563584           657
           -4080.383  399848           220
           -4080.383  106561           686
           -4080.383  802682           419
           -4080.383  529455           268
           -4080.383  971853           402
           -4080.384  659832           754
           -4080.384  692169           308
           -4080.384  754100           56
           -4080.384  602797           336
           -4080.384  379729           512
           -4080.384  991329           182
           -4080.384  484406           421
           -4080.384  552272           654
           -4080.384  434915           552
           -4080.384  903369           134
           -4080.384  650354           577
           -4080.384  407168           44
           -4080.384  155622           507
           -4080.384  920593           611
           -4080.384  951709           348
           -4080.384  820977           776
           -4080.384  566739           575
           -4080.384  700349           401
           -4080.384  505879           424
           -4080.718  923437           398
           -4080.727  848890           95
           -4080.744  22874            588
           -4080.770  972430           491
           -4080.829  462821           745
           -4081.008  349360           464
           -4082.751  246575           291
           -4082.751  17359            227
           -4082.752  732596           320
           -4082.752  68850            462
           -4082.752  285380           1
           -4082.752  637345           19
           -4082.795  322790           636

3 perturbed starting value run(s) did not converge or were rejected in the third stage.



THE BEST LOGLIKELIHOOD VALUE HAS BEEN REPLICATED.  RERUN WITH AT LEAST TWICE THE
RANDOM STARTS TO CHECK THAT THE BEST LOGLIKELIHOOD IS STILL OBTAINED AND REPLICATED.


THE MODEL ESTIMATION TERMINATED NORMALLY



MODEL FIT INFORMATION

Number of Free Parameters                       14

Loglikelihood

          H0 Value                       -4080.359
          H0 Scaling Correction Factor      0.9004
            for MLR

Information Criteria

          Akaike (AIC)                    8188.718
          Bayesian (BIC)                  8261.524
          Sample-Size Adjusted BIC        8217.052
            (n* = (n + 2) / 24)

Chi-Square Test of Model Fit for the Binary and Ordered Categorical
(Ordinal) Outcomes

          Pearson Chi-Square

          Value                            347.524
          Degrees of Freedom                   112
          P-Value                           0.0000

          Likelihood Ratio Chi-Square

          Value                            140.733
          Degrees of Freedom                   112
          P-Value                           0.0344

Chi-Square Test for MCAR under the Unrestricted Latent Class Indicator Model

          Pearson Chi-Square

          Value                            103.935
          Degrees of Freedom                   107
          P-Value                           0.5659

          Likelihood Ratio Chi-Square

          Value                            116.963
          Degrees of Freedom                   107
          P-Value                           0.2400



FINAL CLASS COUNTS AND PROPORTIONS FOR THE LATENT CLASSES
BASED ON THE ESTIMATED MODEL

    Latent
   Classes

       1        807.00000          0.60224
       2        533.00000          0.39776


MODEL RESULTS

                                                    Two-Tailed
                    Estimate       S.E.  Est./S.E.    P-Value

Latent Class 1 (1)

 I        |
    VOTE6_5            1.000      0.000    999.000    999.000
    VOTE6_6            1.000      0.000    999.000    999.000
    VOTE6_7            1.000      0.000    999.000    999.000

 S        |
    VOTE6_5            0.000      0.000    999.000    999.000
    VOTE6_6           -1.710      1.148     -1.490      0.136
    VOTE6_7            1.000      0.000    999.000    999.000

 S        WITH
    I                 -0.777      0.374     -2.080      0.038

 Means
    I                  0.385      0.246      1.564      0.118
    S                 -0.256      0.133     -1.920      0.055

 Thresholds
    VOTE6_5$1         -5.268      0.278    -18.928      0.000
    VOTE6_5$2         -0.391      0.197     -1.985      0.047
    VOTE6_5$3          2.946      0.219     13.422      0.000
    VOTE6_6$1         -5.268      0.278    -18.928      0.000
    VOTE6_6$2         -0.391      0.197     -1.985      0.047
    VOTE6_6$3          2.946      0.219     13.422      0.000
    VOTE6_7$1         -5.268      0.278    -18.928      0.000
    VOTE6_7$2         -0.391      0.197     -1.985      0.047
    VOTE6_7$3          2.946      0.219     13.422      0.000

 Variances
    I                 13.340      1.438      9.274      0.000
    S                  0.045      0.042      1.076      0.282

Latent Class 2 (2)

 I        |
    VOTE6_5            1.000      0.000    999.000    999.000
    VOTE6_6            1.000      0.000    999.000    999.000
    VOTE6_7            1.000      0.000    999.000    999.000

 S        |
    VOTE6_5            0.000      0.000    999.000    999.000
    VOTE6_6           -1.710      1.148     -1.490      0.136
    VOTE6_7            1.000      0.000    999.000    999.000

 S        WITH
    I                 -0.961      0.584     -1.646      0.100

 Means
    I                  0.000      0.000    999.000    999.000
    S                 -0.016      0.072     -0.218      0.828

 Thresholds
    VOTE6_5$1         -5.268      0.278    -18.928      0.000
    VOTE6_5$2         -0.391      0.197     -1.985      0.047
    VOTE6_5$3          2.946      0.219     13.422      0.000
    VOTE6_6$1         -5.268      0.278    -18.928      0.000
    VOTE6_6$2         -0.391      0.197     -1.985      0.047
    VOTE6_6$3          2.946      0.219     13.422      0.000
    VOTE6_7$1         -5.268      0.278    -18.928      0.000
    VOTE6_7$2         -0.391      0.197     -1.985      0.047
    VOTE6_7$3          2.946      0.219     13.422      0.000

 Variances
    I                 15.022      1.866      8.052      0.000
    S                  0.062      0.074      0.842      0.400

Categorical Latent Variables

 Means
    C#1                0.415      0.056      7.432      0.000


QUALITY OF NUMERICAL RESULTS

     Condition Number for the Information Matrix              0.474E-05
       (ratio of smallest to largest eigenvalue)


RESULTS IN PROBABILITY SCALE

                    Estimate

Latent Class 1 (1)

 VOTE6_5
    Category 1         0.082
    Category 2         0.342
    Category 3         0.312
    Category 4         0.264
 VOTE6_6
    Category 1         0.083
    Category 2         0.308
    Category 3         0.295
    Category 4         0.314
 VOTE6_7
    Category 1         0.082
    Category 2         0.364
    Category 3         0.320
    Category 4         0.233

Latent Class 2 (2)

 VOTE6_5
    Category 1         0.109
    Category 2         0.355
    Category 3         0.292
    Category 4         0.245
 VOTE6_6
    Category 1         0.128
    Category 2         0.336
    Category 3         0.271
    Category 4         0.265
 VOTE6_7
    Category 1         0.097
    Category 2         0.366
    Category 3         0.305
    Category 4         0.232


STANDARDIZED MODEL RESULTS


STDYX Standardization

                                                    Two-Tailed
                    Estimate       S.E.  Est./S.E.    P-Value

Latent Class 1 (1)

 I        |
    VOTE6_5            0.896      0.010     93.758      0.000
    VOTE6_6            0.829      0.034     24.557      0.000
    VOTE6_7            0.939      0.025     38.079      0.000

 S        |
    VOTE6_5            0.000      0.000    999.000    999.000
    VOTE6_6           -0.083      0.037     -2.217      0.027
    VOTE6_7            0.055      0.026      2.091      0.037

 S        WITH
    I                 -1.000      0.000  -5995.125      0.000

 Means
    I                  0.105      0.067      1.576      0.115
    S                 -1.202      0.451     -2.664      0.008

 Thresholds
    VOTE6_5$1         -1.292      0.064    -20.091      0.000
    VOTE6_5$2         -0.096      0.048     -1.982      0.047
    VOTE6_5$3          0.722      0.052     13.760      0.000
    VOTE6_6$1         -1.195      0.066    -18.212      0.000
    VOTE6_6$2         -0.089      0.045     -1.979      0.048
    VOTE6_6$3          0.668      0.051     13.225      0.000
    VOTE6_7$1         -1.355      0.069    -19.726      0.000
    VOTE6_7$2         -0.101      0.051     -1.978      0.048
    VOTE6_7$3          0.757      0.056     13.585      0.000

 Variances
    I                  1.000      0.000    999.000    999.000
    S                  1.000      0.000    999.000    999.000

Latent Class 2 (2)

 I        |
    VOTE6_5            0.906      0.010     89.639      0.000
    VOTE6_6            0.830      0.034     24.416      0.000
    VOTE6_7            0.956      0.034     27.745      0.000

 S        |
    VOTE6_5            0.000      0.000    999.000    999.000
    VOTE6_6           -0.091      0.037     -2.446      0.014
    VOTE6_7            0.061      0.037      1.644      0.100

 S        WITH
    I                 -0.995      0.063    -15.818      0.000

 Means
    I                  0.000      0.000    999.000    999.000
    S                 -0.063      0.292     -0.216      0.829

 Thresholds
    VOTE6_5$1         -1.231      0.066    -18.745      0.000
    VOTE6_5$2         -0.091      0.046     -1.989      0.047
    VOTE6_5$3          0.688      0.054     12.805      0.000
    VOTE6_6$1         -1.129      0.071    -15.991      0.000
    VOTE6_6$2         -0.084      0.042     -1.979      0.048
    VOTE6_6$3          0.631      0.053     11.877      0.000
    VOTE6_7$1         -1.299      0.071    -18.334      0.000
    VOTE6_7$2         -0.096      0.049     -1.987      0.047
    VOTE6_7$3          0.726      0.057     12.648      0.000

 Variances
    I                  1.000      0.000    999.000    999.000
    S                  1.000      0.000    999.000    999.000


R-SQUARE

Class 1

    Observed                                        Two-Tailed
    Variable        Estimate       S.E.  Est./S.E.    P-Value

    VOTE6_5            0.802      0.017     46.879      0.000
    VOTE6_6            0.831      0.016     50.728      0.000
    VOTE6_7            0.782      0.020     40.037      0.000

Class 2

    Observed                                        Two-Tailed
    Variable        Estimate       S.E.  Est./S.E.    P-Value

    VOTE6_5            0.820      0.018     44.820      0.000
    VOTE6_6            0.849      0.019     45.271      0.000
    VOTE6_7            0.800      0.020     39.202      0.000


     Beginning Time:  21:02:19
        Ending Time:  21:05:19
       Elapsed Time:  00:03:00



MUTHEN & MUTHEN
3463 Stoner Ave.
Los Angeles, CA  90066

Tel: (310) 391-9971
Fax: (310) 391-8971
Web: www.StatModel.com
Support: Support@StatModel.com

Copyright (c) 1998-2021 Muthen & Muthen
