Mplus VERSION 8.7
MUTHEN & MUTHEN
11/05/2021   8:23 PM

INPUT INSTRUCTIONS

  TITLE: Your title goes here

   DATA: FILE = flex_time/data.dta;

   VARIABLE:

   NAMES = pidp gridmode mm hidp_5 hidp_6 hidp_7 hidp_8 hidp_9 hidp_10 indmode_5
       indmode_6 indmode_7 indmode_8 indmode_9 indmode_10 mode_type_all mode_type_no9
       mode_type_567 mode_type_7 all no9 p567 p7 switch_all switch_no9 switch_567
       switch_7 lkmove_5 xpmove_5 caruse_5 mobuse_5 netpuse_5 aidxhh_5 jbhas_5 j2has_5
       finnow_5 finfut_5 howlng_5 vote1_5 vote6_5 scsf1_5 scsf2a_5 scsf2b_5 scsf3a_5
       scsf3b_5 scsf4a_5 scsf4b_5 scsf5_5 scsf6a_5 scsf6b_5 scsf6c_5 scsf7_5 scghqa_5
       scghqb_5 scghqc_5 scghqd_5 scghqe_5 scghqf_5 scghqg_5 scghqh_5 scghqi_5
       scghqj_5 scghqk_5 scghql_5 lkmove_6 xpmove_6 caruse_6 mobuse_6 netpuse_6
       aidxhh_6 jbhas_6 j2has_6 finnow_6 finfut_6 howlng_6 vote1_6 vote6_6 scsf1_6
       scsf2a_6 scsf2b_6 scsf3a_6 scsf3b_6 scsf4a_6 scsf4b_6 scsf5_6 scsf6a_6 scsf6b_6
       scsf6c_6 scsf7_6 scghqa_6 scghqb_6 scghqc_6 scghqd_6 scghqe_6 scghqf_6 scghqg_6
       scghqh_6 scghqi_6 scghqj_6 scghqk_6 scghql_6 lkmove_7 xpmove_7 caruse_7
       mobuse_7 netpuse_7 smoker_7 aidxhh_7 jbhas_7 jbterm1_7 jbsemp_7 j2has_7
       fiyrdia_7 finnow_7 finfut_7 howlng_7 vote1_7 vote6_7 scsf2a_7 scsf2b_7 scsf3a_7
       scsf3b_7 scsf4a_7 scsf4b_7 scsf5_7 scsf6a_7 scsf6b_7 scsf6c_7 scsf7_7 scghqa_7
       scghqb_7 scghqc_7 scghqd_7 scghqe_7 scghqf_7 scghqg_7 scghqh_7 scghqi_7
       scghqj_7 scghqk_7 scghql_7 scsf1_7 lkmove_8 xpmove_8 caruse_8 mobuse_8
       netpuse_8 smoker_8 aidxhh_8 jbhas_8 jbterm1_8 jbsemp_8 j2has_8 fiyrdia_8
       finnow_8 finfut_8 scsf2a_8 scsf2b_8 scsf3a_8 scsf3b_8 scsf4a_8 scsf4b_8 scsf5_8
       scsf6a_8 scsf6b_8 scsf6c_8 scsf7_8 scghqa_8 scghqb_8 scghqc_8 scghqd_8 scghqe_8
       scghqf_8 scghqg_8 scghqh_8 scghqi_8 scghqj_8 scghqk_8 scghql_8 scsf1_8 mobuse_9
       netpuse_9 smoker_9 jbhas_9 jbterm1_9 jbsemp_9 j2has_9 fiyrdia_9 finnow_9
       finfut_9 lkmove_10 xpmove_10 mobuse_10 netpuse_10 smoker_10 aidxhh_10 jbhas_10
       jbterm1_10 jbsemp_10 j2has_10 fiyrdia_10 finnow_10 finfut_10 scsf1_10 scsf2a_10
       scsf2b_10 scsf3a_10 scsf3b_10 scsf4a_10 scsf4b_10 scsf5_10 scsf6a_10 scsf6b_10
       scsf6c_10 scsf7_10 scghqa_10 scghqb_10 scghqc_10 scghqd_10 scghqe_10 scghqf_10
       scghqg_10 scghqh_10 scghqi_10 scghqj_10 scghqk_10 scghql_10 edu agecat female
       partner sf1 longill london north urban refresh Higher A level GCSE Other age_35
       age_55 age_75 age_102 pred_all pred_no9 pred_p567 pred_p7 pred_all_w pred_no9_w
       pred_p567_w pred_p7_w;

   MISSING=.;

   USEVARIABLES ARE
   scsf6c_5
   scsf6c_6
   scsf6c_7
   scsf6c_8
   scsf6c_10;
   CLASSES = c(2);

    KNOWNCLASS = c(mm= 1 2);

   ANALYSIS:


      TYPE = MIXTURE;

      ESTIMATOR = MLR;

      ALGORITHM = INTEGRATION;

      Processors = 8(starts);

      STARTS = 800 200;

   Model:


      %OVERALL%

  i s | scsf6c_5@0 scsf6c_6 scsf6c_7 scsf6c_8 scsf6c_10@1;;

  scsf6c_5 (a);
   scsf6c_6 (a);
   scsf6c_7 (a);
   scsf6c_8 (a);
   scsf6c_10 (a);

   %c#1%
  [s] ;
   s ;
   s WITH i ;
   i ;

   %c#2%
  [s] ;
   s ;
   s WITH i ;
   i ;

   OUTPUT: SAMPSTAT;

                                  STDYX;




*** WARNING in VARIABLE command
  Note that only the first 8 characters of variable names are used in the output.
  Shorten variable names to avoid any confusion.
*** WARNING
  Data set contains unknown or missing values for variable MM.
  This variable is used to determine the KNOWNCLASS specification.
  Number of such cases:  458
*** WARNING
  Data set contains cases with missing on all variables.
  These cases were not included in the analysis.
  Number of cases with missing on all variables:  170
   3 WARNING(S) FOUND IN THE INPUT INSTRUCTIONS



Your title goes here

SUMMARY OF ANALYSIS

Number of groups                                                 1
Number of observations                                        1429

Number of dependent variables                                    5
Number of independent variables                                  0
Number of continuous latent variables                            2
Number of categorical latent variables                           1

Observed dependent variables

  Continuous
   SCSF6C_5    SCSF6C_6    SCSF6C_7    SCSF6C_8    SCSF6C_10

Continuous latent variables
   I           S

Categorical latent variables
   C

  Knownclass            C


Estimator                                                      MLR
Information matrix                                        OBSERVED
Optimization Specifications for the Quasi-Newton Algorithm for
Continuous Outcomes
  Maximum number of iterations                                 100
  Convergence criterion                                  0.100D-05
Optimization Specifications for the EM Algorithm
  Maximum number of iterations                                 500
  Convergence criteria
    Loglikelihood change                                 0.100D-02
    Relative loglikelihood change                        0.100D-05
    Derivative                                           0.100D-02
Optimization Specifications for the M step of the EM Algorithm for
Categorical Latent variables
  Number of M step iterations                                    1
  M step convergence criterion                           0.100D-02
  Basis for M step termination                           ITERATION
Optimization Specifications for the M step of the EM Algorithm for
Censored, Binary or Ordered Categorical (Ordinal), Unordered
Categorical (Nominal) and Count Outcomes
  Number of M step iterations                                    1
  M step convergence criterion                           0.100D-02
  Basis for M step termination                           ITERATION
  Maximum value for logit thresholds                            15
  Minimum value for logit thresholds                           -15
  Minimum expected cell size for chi-square              0.100D-01
Maximum number of iterations for H1                           2000
Convergence criterion for H1                             0.100D-03
Optimization algorithm                                         EMA
Integration Specifications
  Type                                                    STANDARD
  Number of integration points                                  15
  Dimensions of numerical integration                            0
  Adaptive quadrature                                           ON
Random Starts Specifications
  Number of initial stage random starts                        800
  Number of final stage optimizations                          200
  Number of initial stage iterations                            10
  Initial stage convergence criterion                    0.100D+01
  Random starts scale                                    0.500D+01
  Random seed for generating random starts                       0
Cholesky                                                       OFF

Input data file(s)
  flex_time/data.dta
Input data format  FREE


SUMMARY OF DATA

     Number of missing data patterns            31
     Number of y missing data patterns          31
     Number of u missing data patterns           0


COVARIANCE COVERAGE OF DATA

Minimum covariance coverage value   0.100


     PROPORTION OF DATA PRESENT FOR Y


           Covariance Coverage
              SCSF6C_5      SCSF6C_6      SCSF6C_7      SCSF6C_8      SCSF6C_1
              ________      ________      ________      ________      ________
 SCSF6C_5       0.497
 SCSF6C_6       0.375         0.589
 SCSF6C_7       0.343         0.438         0.651
 SCSF6C_8       0.328         0.423         0.509         0.641
 SCSF6C_1       0.286         0.368         0.430         0.474         0.577


SAMPLE STATISTICS


     ESTIMATED SAMPLE STATISTICS FOR CLASS 1


           Means
              SCSF6C_5      SCSF6C_6      SCSF6C_7      SCSF6C_8      SCSF6C_1
              ________      ________      ________      ________      ________
                3.958         3.884         4.085         4.050         3.947


           Covariances
              SCSF6C_5      SCSF6C_6      SCSF6C_7      SCSF6C_8      SCSF6C_1
              ________      ________      ________      ________      ________
 SCSF6C_5       0.964
 SCSF6C_6       0.455         1.009
 SCSF6C_7       0.469         0.495         0.829
 SCSF6C_8       0.420         0.449         0.465         0.920
 SCSF6C_1       0.544         0.448         0.448         0.499         1.127


           Correlations
              SCSF6C_5      SCSF6C_6      SCSF6C_7      SCSF6C_8      SCSF6C_1
              ________      ________      ________      ________      ________
 SCSF6C_5       1.000
 SCSF6C_6       0.461         1.000
 SCSF6C_7       0.524         0.542         1.000
 SCSF6C_8       0.446         0.466         0.533         1.000
 SCSF6C_1       0.522         0.420         0.463         0.490         1.000


     ESTIMATED SAMPLE STATISTICS FOR CLASS 2


           Means
              SCSF6C_5      SCSF6C_6      SCSF6C_7      SCSF6C_8      SCSF6C_1
              ________      ________      ________      ________      ________
                3.985         4.003         4.138         4.176         3.894


           Covariances
              SCSF6C_5      SCSF6C_6      SCSF6C_7      SCSF6C_8      SCSF6C_1
              ________      ________      ________      ________      ________
 SCSF6C_5       1.029
 SCSF6C_6       0.542         0.953
 SCSF6C_7       0.413         0.372         0.928
 SCSF6C_8       0.566         0.529         0.496         0.907
 SCSF6C_1       0.410         0.445         0.522         0.512         1.233


           Correlations
              SCSF6C_5      SCSF6C_6      SCSF6C_7      SCSF6C_8      SCSF6C_1
              ________      ________      ________      ________      ________
 SCSF6C_5       1.000
 SCSF6C_6       0.547         1.000
 SCSF6C_7       0.422         0.395         1.000
 SCSF6C_8       0.586         0.569         0.541         1.000
 SCSF6C_1       0.364         0.411         0.488         0.485         1.000


UNIVARIATE SAMPLE STATISTICS


     UNIVARIATE HIGHER-ORDER MOMENT DESCRIPTIVE STATISTICS

         Variable/         Mean/     Skewness/   Minimum/ % with                Percentiles
        Sample Size      Variance    Kurtosis    Maximum  Min/Max      20%/60%    40%/80%    Median

     SCSF6C_5              4.008      -0.739       1.000    1.69%       3.000      4.000      4.000
             710.000       0.949       0.011       5.000   38.45%       4.000      5.000
     SCSF6C_6              3.957      -0.660       1.000    1.43%       3.000      4.000      4.000
             842.000       0.977      -0.233       5.000   36.22%       4.000      5.000
     SCSF6C_7              4.124      -0.926       1.000    1.18%       3.000      4.000      4.000
             930.000       0.861       0.413       5.000   42.15%       5.000      5.000
     SCSF6C_8              4.118      -0.967       1.000    1.53%       3.000      4.000      4.000
             916.000       0.912       0.468       5.000   43.12%       5.000      5.000
     SCSF6C_10             3.937      -0.817       1.000    2.91%       3.000      4.000      4.000
             824.000       1.171      -0.102       5.000   38.59%       4.000      5.000

RANDOM STARTS RESULTS RANKED FROM THE BEST TO THE WORST LOGLIKELIHOOD VALUES

Final stage loglikelihood values at local maxima, seeds, and initial stage start numbers:

           -6412.202  669639           699
           -6412.202  931874           141
           -6412.202  760850           739
           -6412.202  496710           386
           -6412.202  863691           481
           -6412.202  691234           250
           -6412.202  163110           584
           -6412.202  284716           713
           -6412.202  856536           144
           -6412.202  458181           189
           -6412.202  741888           138
           -6412.202  340112           126
           -6412.202  662983           666
           -6412.202  488125           368
           -6412.202  314757           345
           -6412.202  355254           796
           -6412.202  685268           596
           -6412.202  659773           663
           -6412.202  14262            781
           -6412.202  137377           397
           -6412.202  616917           261
           -6412.202  810705           626
           -6412.202  505879           424
           -6412.202  781190           219
           -6412.202  512836           289
           -6412.202  679832           302
           -6412.202  15715            274
           -6412.202  860772           174
           -6412.202  801065           393
           -6412.202  345974           622
           -6412.202  391949           295
           -6412.202  851945           18
           -6412.202  391179           78
           -6412.202  62835            642
           -6412.202  314084           81
           -6412.202  809240           543
           -6412.202  281462           285
           -6412.202  852283           616
           -6412.202  942358           644
           -6412.202  626891           32
           -6412.202  863094           147
           -6412.202  402699           604
           -6412.202  928287           197
           -6412.202  68985            17
           -6412.202  220492           743
           -6412.202  937225           394
           -6412.202  468036           131
           -6412.202  691041           590
           -6412.202  957392           79
           -6412.202  283492           435
           -6412.202  392407           221
           -6412.202  848331           137
           -6412.202  341519           653
           -6412.202  726035           191
           -6412.202  820977           776
           -6412.202  327475           518
           -6412.202  545140           278
           -6412.202  29591            633
           -6412.202  399671           13
           -6412.202  997222           229
           -6412.202  378393           509
           -6412.202  93468            3
           -6412.202  152496           123
           -6412.202  784664           75
           -6412.202  791285           416
           -6412.202  153394           429
           -6412.202  945065           255
           -6412.202  694303           282
           -6412.202  514326           325
           -6412.202  833196           715
           -6412.202  170118           238
           -6412.202  787985           482
           -6412.202  311214           64
           -6412.202  882750           646
           -6412.202  965994           396
           -6412.202  224950           455
           -6412.202  944186           541
           -6412.202  574942           558
           -6412.202  373505           88
           -6412.202  1548             384
           -6412.202  887580           493
           -6412.202  992389           77
           -6412.202  294811           637
           -6412.202  991329           182
           -6412.202  76451            211
           -6412.202  303634           169
           -6412.202  534193           689
           -6412.202  461866           722
           -6412.202  85462            51
           -6412.202  723035           538
           -6412.202  404042           675
           -6412.202  765586           709
           -6412.202  370481           742
           -6412.202  195353           225
           -6412.202  374219           353
           -6412.202  3307             735
           -6412.202  167409           772
           -6412.202  714997           399
           -6412.202  100874           108
           -6412.202  930323           267
           -6412.202  903633           553
           -6412.202  668003           647
           -6412.202  182524           373
           -6412.202  251680           794
           -6412.202  7195             697
           -6412.202  92564            583
           -6412.202  118438           601
           -6412.202  231400           738
           -6412.202  792389           746
           -6412.202  891531           206
           -6412.202  207896           25
           -6412.202  252949           487
           -6412.202  568859           49
           -6412.202  939709           112
           -6412.202  823392           479
           -6412.202  231281           542
           -6412.202  192191           629
           -6412.202  654136           167
           -6412.202  137305           379
           -6412.202  178475           231
           -6412.202  804561           59
           -6412.202  284384           600
           -6412.202  644297           340
           -6412.202  349562           359
           -6412.202  609185           181
           -6412.202  303834           798
           -6412.202  298275           418
           -6412.202  941525           609
           -6412.202  484687           306
           -6412.202  92091            649
           -6412.202  432148           30
           -6412.202  689529           516
           -6412.202  172913           557
           -6412.202  793487           595
           -6412.202  614009           317
           -6412.202  762461           425
           -6412.202  881886           608
           -6412.202  602797           336
           -6412.202  395754           388
           -6412.202  268896           124
           -6412.202  291112           645
           -6412.202  848969           173
           -6412.202  951709           348
           -6412.202  107446           12
           -6412.202  609089           241
           -6412.202  608460           244
           -6412.202  347222           533
           -6412.202  669634           335
           -6412.202  405079           68
           -6412.202  383902           673
           -6412.202  682718           733
           -6412.202  178181           753
           -6412.202  879211           453
           -6412.202  291149           536
           -6412.202  396795           323
           -6412.202  636396           168
           -6412.202  425982           485
           -6412.202  814975           129
           -6412.202  467339           66
           -6412.202  12477            155
           -6412.202  264901           634
           -6412.202  667250           318
           -6412.202  284109           82
           -6412.202  526324           178
           -6412.202  177936           726
           -6412.202  462821           745
           -6412.202  570908           98
           -6412.202  263049           454
           -6412.202  745972           521
           -6412.202  783110           72
           -6412.202  170954           86
           -6412.202  855760           593
           -6412.202  121425           511
           -6412.202  312587           775
           -6412.202  736574           414
           -6412.202  404510           442
           -6412.202  958107           790
           -6412.202  154575           539
           -6412.202  220454           288
           -6412.202  605161           409
           -6412.202  618760           489
           -6412.202  647617           725
           -6412.202  193569           440
           -6412.202  566687           597
           -6412.202  640833           434
           -6412.202  112586           494
           -6412.202  358074           560
           -6412.202  58507            793
           -6412.202  30098            209
           -6412.202  238906           430
           -6412.202  59674            240
           -6412.202  840031           276
           -6412.202  860102           495
           -6412.202  294669           501
           -6412.202  unperturbed      0
           -6412.202  371246           101
           -6412.202  36714            201
           -6412.202  700349           401
           -6412.202  342019           301
           -6412.202  964570           701



THE BEST LOGLIKELIHOOD VALUE HAS BEEN REPLICATED.  RERUN WITH AT LEAST TWICE THE
RANDOM STARTS TO CHECK THAT THE BEST LOGLIKELIHOOD IS STILL OBTAINED AND REPLICATED.


THE MODEL ESTIMATION TERMINATED NORMALLY

     WARNING:  THE LATENT VARIABLE COVARIANCE MATRIX (PSI) IS NOT POSITIVE
     DEFINITE.  THIS COULD INDICATE A NEGATIVE VARIANCE/RESIDUAL VARIANCE FOR A
     LATENT VARIABLE, A CORRELATION GREATER OR EQUAL TO ONE BETWEEN TWO LATENT
     VARIABLES, OR A LINEAR DEPENDENCY AMONG MORE THAN TWO LATENT VARIABLES.
     CHECK THE TECH4 OUTPUT FOR MORE INFORMATION.



MODEL FIT INFORMATION

Number of Free Parameters                       15

Loglikelihood

          H0 Value                       -6412.202
          H0 Scaling Correction Factor      1.5360
            for MLR

Information Criteria

          Akaike (AIC)                   12854.403
          Bayesian (BIC)                 12933.374
          Sample-Size Adjusted BIC       12885.724
            (n* = (n + 2) / 24)



FINAL CLASS COUNTS AND PROPORTIONS FOR THE LATENT CLASSES
BASED ON THE ESTIMATED MODEL

    Latent
   Classes

       1        841.00000          0.58852
       2        588.00000          0.41148


MODEL RESULTS

                                                    Two-Tailed
                    Estimate       S.E.  Est./S.E.    P-Value

Latent Class 1 (1)

 I        |
    SCSF6C_5           1.000      0.000    999.000    999.000
    SCSF6C_6           1.000      0.000    999.000    999.000
    SCSF6C_7           1.000      0.000    999.000    999.000
    SCSF6C_8           1.000      0.000    999.000    999.000
    SCSF6C_10          1.000      0.000    999.000    999.000

 S        |
    SCSF6C_5           0.000      0.000    999.000    999.000
    SCSF6C_6           0.446      0.845      0.528      0.597
    SCSF6C_7          -1.524      2.294     -0.664      0.506
    SCSF6C_8          -1.348      1.804     -0.747      0.455
    SCSF6C_10          1.000      0.000    999.000    999.000

 S        WITH
    I                  0.026      0.040      0.643      0.520

 Means
    I                  3.963      0.043     92.362      0.000
    S                 -0.067      0.059     -1.142      0.253

 Intercepts
    SCSF6C_5           0.000      0.000    999.000    999.000
    SCSF6C_6           0.000      0.000    999.000    999.000
    SCSF6C_7           0.000      0.000    999.000    999.000
    SCSF6C_8           0.000      0.000    999.000    999.000
    SCSF6C_10          0.000      0.000    999.000    999.000

 Variances
    I                  0.487      0.040     12.315      0.000
    S                 -0.001      0.023     -0.037      0.971

 Residual Variances
    SCSF6C_5           0.498      0.033     15.197      0.000
    SCSF6C_6           0.498      0.033     15.197      0.000
    SCSF6C_7           0.498      0.033     15.197      0.000
    SCSF6C_8           0.498      0.033     15.197      0.000
    SCSF6C_10          0.498      0.033     15.197      0.000

Latent Class 2 (2)

 I        |
    SCSF6C_5           1.000      0.000    999.000    999.000
    SCSF6C_6           1.000      0.000    999.000    999.000
    SCSF6C_7           1.000      0.000    999.000    999.000
    SCSF6C_8           1.000      0.000    999.000    999.000
    SCSF6C_10          1.000      0.000    999.000    999.000

 S        |
    SCSF6C_5           0.000      0.000    999.000    999.000
    SCSF6C_6           0.446      0.845      0.528      0.597
    SCSF6C_7          -1.524      2.294     -0.664      0.506
    SCSF6C_8          -1.348      1.804     -0.747      0.455
    SCSF6C_10          1.000      0.000    999.000    999.000

 S        WITH
    I                  0.040      0.049      0.806      0.420

 Means
    I                  4.007      0.063     63.748      0.000
    S                 -0.104      0.116     -0.890      0.373

 Intercepts
    SCSF6C_5           0.000      0.000    999.000    999.000
    SCSF6C_6           0.000      0.000    999.000    999.000
    SCSF6C_7           0.000      0.000    999.000    999.000
    SCSF6C_8           0.000      0.000    999.000    999.000
    SCSF6C_10          0.000      0.000    999.000    999.000

 Variances
    I                  0.528      0.063      8.332      0.000
    S                  0.016      0.052      0.304      0.761

 Residual Variances
    SCSF6C_5           0.498      0.033     15.197      0.000
    SCSF6C_6           0.498      0.033     15.197      0.000
    SCSF6C_7           0.498      0.033     15.197      0.000
    SCSF6C_8           0.498      0.033     15.197      0.000
    SCSF6C_10          0.498      0.033     15.197      0.000

Categorical Latent Variables

 Means
    C#1                0.358      0.054      6.657      0.000


QUALITY OF NUMERICAL RESULTS

     Condition Number for the Information Matrix              0.320E-04
       (ratio of smallest to largest eigenvalue)


STANDARDIZED MODEL RESULTS


STDYX Standardization

                                                    Two-Tailed
                    Estimate       S.E.  Est./S.E.    P-Value

Latent Class 1 (1)

 I        |
    SCSF6C_5           0.703      0.020     35.878      0.000
    SCSF6C_6           0.695      0.024     28.977      0.000
    SCSF6C_7           0.734      0.029     25.709      0.000
    SCSF6C_8           0.730      0.026     28.249      0.000
    SCSF6C_10          0.686      0.033     20.862      0.000

 S        |
    SCSF6C_5         999.000    999.000    999.000    999.000
    SCSF6C_6         999.000    999.000    999.000    999.000
    SCSF6C_7         999.000    999.000    999.000    999.000
    SCSF6C_8         999.000    999.000    999.000    999.000
    SCSF6C_10        999.000    999.000    999.000    999.000

 S        WITH
    I                999.000    999.000    999.000    999.000

 Means
    I                  5.679      0.268     21.193      0.000
    S                999.000    999.000    999.000    999.000

 Intercepts
    SCSF6C_5           0.000      0.000    999.000    999.000
    SCSF6C_6           0.000      0.000    999.000    999.000
    SCSF6C_7           0.000      0.000    999.000    999.000
    SCSF6C_8           0.000      0.000    999.000    999.000
    SCSF6C_10          0.000      0.000    999.000    999.000

 Variances
    I                  1.000      0.000    999.000    999.000
    S                999.000    999.000    999.000    999.000

 Residual Variances
    SCSF6C_5           0.506      0.028     18.343      0.000
    SCSF6C_6           0.494      0.027     18.262      0.000
    SCSF6C_7           0.551      0.052     10.503      0.000
    SCSF6C_8           0.545      0.036     15.062      0.000
    SCSF6C_10          0.481      0.061      7.883      0.000

Latent Class 2 (2)

 I        |
    SCSF6C_5           0.717      0.024     30.464      0.000
    SCSF6C_6           0.704      0.034     20.832      0.000
    SCSF6C_7           0.749      0.040     18.587      0.000
    SCSF6C_8           0.747      0.039     19.150      0.000
    SCSF6C_10          0.686      0.051     13.327      0.000

 S        |
    SCSF6C_5           0.000      0.000    999.000    999.000
    SCSF6C_6           0.054      0.074      0.731      0.465
    SCSF6C_7          -0.197      0.112     -1.766      0.077
    SCSF6C_8          -0.174      0.110     -1.578      0.115
    SCSF6C_10          0.118      0.189      0.625      0.532

 S        WITH
    I                  0.438      0.268      1.632      0.103

 Means
    I                  5.516      0.397     13.909      0.000
    S                 -0.827      0.571     -1.447      0.148

 Intercepts
    SCSF6C_5           0.000      0.000    999.000    999.000
    SCSF6C_6           0.000      0.000    999.000    999.000
    SCSF6C_7           0.000      0.000    999.000    999.000
    SCSF6C_8           0.000      0.000    999.000    999.000
    SCSF6C_10          0.000      0.000    999.000    999.000

 Variances
    I                  1.000      0.000    999.000    999.000
    S                  1.000      0.000    999.000    999.000

 Residual Variances
    SCSF6C_5           0.486      0.034     14.374      0.000
    SCSF6C_6           0.468      0.031     15.219      0.000
    SCSF6C_7           0.529      0.046     11.593      0.000
    SCSF6C_8           0.526      0.040     13.174      0.000
    SCSF6C_10          0.444      0.068      6.491      0.000


R-SQUARE

Class 1

    Observed                                        Two-Tailed
    Variable        Estimate       S.E.  Est./S.E.    P-Value

    SCSF6C_5           0.494      0.028     17.939      0.000
    SCSF6C_6           0.506      0.027     18.701      0.000
    SCSF6C_7           0.449      0.052      8.564      0.000
    SCSF6C_8           0.455      0.036     12.571      0.000
    SCSF6C_1           0.519      0.061      8.515      0.000

Class 2

    Observed                                        Two-Tailed
    Variable        Estimate       S.E.  Est./S.E.    P-Value

    SCSF6C_5           0.514      0.034     15.232      0.000
    SCSF6C_6           0.532      0.031     17.311      0.000
    SCSF6C_7           0.471      0.046     10.306      0.000
    SCSF6C_8           0.474      0.040     11.873      0.000
    SCSF6C_1           0.556      0.068      8.122      0.000


     Beginning Time:  20:23:48
        Ending Time:  20:23:56
       Elapsed Time:  00:00:08



MUTHEN & MUTHEN
3463 Stoner Ave.
Los Angeles, CA  90066

Tel: (310) 391-9971
Fax: (310) 391-8971
Web: www.StatModel.com
Support: Support@StatModel.com

Copyright (c) 1998-2021 Muthen & Muthen
