Mplus VERSION 8.7
MUTHEN & MUTHEN
11/05/2021   9:49 PM

INPUT INSTRUCTIONS

  TITLE: Your title goes here

   DATA: FILE = flex_time/data.dta;

   VARIABLE:

   NAMES = pidp gridmode mm hidp_5 hidp_6 hidp_7 hidp_8 hidp_9 hidp_10 indmode_5
       indmode_6 indmode_7 indmode_8 indmode_9 indmode_10 mode_type_all mode_type_no9
       mode_type_567 mode_type_7 all no9 p567 p7 switch_all switch_no9 switch_567
       switch_7 lkmove_5 xpmove_5 caruse_5 mobuse_5 netpuse_5 aidxhh_5 jbhas_5 j2has_5
       finnow_5 finfut_5 howlng_5 vote1_5 vote6_5 scsf1_5 scsf2a_5 scsf2b_5 scsf3a_5
       scsf3b_5 scsf4a_5 scsf4b_5 scsf5_5 scsf6a_5 scsf6b_5 scsf6c_5 scsf7_5 scghqa_5
       scghqb_5 scghqc_5 scghqd_5 scghqe_5 scghqf_5 scghqg_5 scghqh_5 scghqi_5
       scghqj_5 scghqk_5 scghql_5 lkmove_6 xpmove_6 caruse_6 mobuse_6 netpuse_6
       aidxhh_6 jbhas_6 j2has_6 finnow_6 finfut_6 howlng_6 vote1_6 vote6_6 scsf1_6
       scsf2a_6 scsf2b_6 scsf3a_6 scsf3b_6 scsf4a_6 scsf4b_6 scsf5_6 scsf6a_6 scsf6b_6
       scsf6c_6 scsf7_6 scghqa_6 scghqb_6 scghqc_6 scghqd_6 scghqe_6 scghqf_6 scghqg_6
       scghqh_6 scghqi_6 scghqj_6 scghqk_6 scghql_6 lkmove_7 xpmove_7 caruse_7
       mobuse_7 netpuse_7 smoker_7 aidxhh_7 jbhas_7 jbterm1_7 jbsemp_7 j2has_7
       fiyrdia_7 finnow_7 finfut_7 howlng_7 vote1_7 vote6_7 scsf2a_7 scsf2b_7 scsf3a_7
       scsf3b_7 scsf4a_7 scsf4b_7 scsf5_7 scsf6a_7 scsf6b_7 scsf6c_7 scsf7_7 scghqa_7
       scghqb_7 scghqc_7 scghqd_7 scghqe_7 scghqf_7 scghqg_7 scghqh_7 scghqi_7
       scghqj_7 scghqk_7 scghql_7 scsf1_7 lkmove_8 xpmove_8 caruse_8 mobuse_8
       netpuse_8 smoker_8 aidxhh_8 jbhas_8 jbterm1_8 jbsemp_8 j2has_8 fiyrdia_8
       finnow_8 finfut_8 scsf2a_8 scsf2b_8 scsf3a_8 scsf3b_8 scsf4a_8 scsf4b_8 scsf5_8
       scsf6a_8 scsf6b_8 scsf6c_8 scsf7_8 scghqa_8 scghqb_8 scghqc_8 scghqd_8 scghqe_8
       scghqf_8 scghqg_8 scghqh_8 scghqi_8 scghqj_8 scghqk_8 scghql_8 scsf1_8 mobuse_9
       netpuse_9 smoker_9 jbhas_9 jbterm1_9 jbsemp_9 j2has_9 fiyrdia_9 finnow_9
       finfut_9 lkmove_10 xpmove_10 mobuse_10 netpuse_10 smoker_10 aidxhh_10 jbhas_10
       jbterm1_10 jbsemp_10 j2has_10 fiyrdia_10 finnow_10 finfut_10 scsf1_10 scsf2a_10
       scsf2b_10 scsf3a_10 scsf3b_10 scsf4a_10 scsf4b_10 scsf5_10 scsf6a_10 scsf6b_10
       scsf6c_10 scsf7_10 scghqa_10 scghqb_10 scghqc_10 scghqd_10 scghqe_10 scghqf_10
       scghqg_10 scghqh_10 scghqi_10 scghqj_10 scghqk_10 scghql_10 edu agecat female
       partner sf1 longill london north urban refresh Higher A level GCSE Other age_35
       age_55 age_75 age_102 pred_all pred_no9 pred_p567 pred_p7 pred_all_w pred_no9_w
       pred_p567_w pred_p7_w;

   MISSING=.;

   USEVARIABLES ARE
   xpmove_5
   xpmove_6
   xpmove_7
   xpmove_8
   xpmove_10;

   CATEGORICAL ARE
   xpmove_5
   xpmove_6
   xpmove_7
   xpmove_8
   xpmove_10;
   CLASSES = c(2);

    KNOWNCLASS = c(mm= 1 2);

   ANALYSIS:


      TYPE = MIXTURE;

      ESTIMATOR = MLR;

      ALGORITHM = INTEGRATION;

      Processors = 8(starts);

      STARTS = 800 200;

   Model:


      %OVERALL%

  i s | xpmove_5@0 xpmove_6 xpmove_7 xpmove_8 xpmove_10@1;
   %c#1%
  [s] (a);
   s (b);
   s WITH i ;
   i ;

   %c#2%
  [s] (a);
   s (b);
   s WITH i ;
   i ;

   OUTPUT: SAMPSTAT;

                                  STDYX;




*** WARNING in VARIABLE command
  Note that only the first 8 characters of variable names are used in the output.
  Shorten variable names to avoid any confusion.
*** WARNING
  Data set contains unknown or missing values for variable MM.
  This variable is used to determine the KNOWNCLASS specification.
  Number of such cases:  458
*** WARNING
  Data set contains cases with missing on all variables.
  These cases were not included in the analysis.
  Number of cases with missing on all variables:  99
   3 WARNING(S) FOUND IN THE INPUT INSTRUCTIONS



Your title goes here

SUMMARY OF ANALYSIS

Number of groups                                                 1
Number of observations                                        1500

Number of dependent variables                                    5
Number of independent variables                                  0
Number of continuous latent variables                            2
Number of categorical latent variables                           1

Observed dependent variables

  Binary and ordered categorical (ordinal)
   XPMOVE_5    XPMOVE_6    XPMOVE_7    XPMOVE_8    XPMOVE_1

Continuous latent variables
   I           S

Categorical latent variables
   C

  Knownclass            C


Estimator                                                      MLR
Information matrix                                        OBSERVED
Optimization Specifications for the Quasi-Newton Algorithm for
Continuous Outcomes
  Maximum number of iterations                                 100
  Convergence criterion                                  0.100D-05
Optimization Specifications for the EM Algorithm
  Maximum number of iterations                                 500
  Convergence criteria
    Loglikelihood change                                 0.100D-02
    Relative loglikelihood change                        0.100D-05
    Derivative                                           0.100D-02
Optimization Specifications for the M step of the EM Algorithm for
Categorical Latent variables
  Number of M step iterations                                    1
  M step convergence criterion                           0.100D-02
  Basis for M step termination                           ITERATION
Optimization Specifications for the M step of the EM Algorithm for
Censored, Binary or Ordered Categorical (Ordinal), Unordered
Categorical (Nominal) and Count Outcomes
  Number of M step iterations                                    1
  M step convergence criterion                           0.100D-02
  Basis for M step termination                           ITERATION
  Maximum value for logit thresholds                            15
  Minimum value for logit thresholds                           -15
  Minimum expected cell size for chi-square              0.100D-01
Maximum number of iterations for H1                           2000
Convergence criterion for H1                             0.100D-03
Optimization algorithm                                         EMA
Integration Specifications
  Type                                                    STANDARD
  Number of integration points                                  15
  Dimensions of numerical integration                            2
  Adaptive quadrature                                           ON
Random Starts Specifications
  Number of initial stage random starts                        800
  Number of final stage optimizations                          200
  Number of initial stage iterations                            10
  Initial stage convergence criterion                    0.100D+01
  Random starts scale                                    0.500D+01
  Random seed for generating random starts                       0
Link                                                         LOGIT
Cholesky                                                        ON

Input data file(s)
  flex_time/data.dta
Input data format  FREE


SUMMARY OF DATA

     Number of missing data patterns            31
     Number of y missing data patterns           0
     Number of u missing data patterns          31


COVARIANCE COVERAGE OF DATA

Minimum covariance coverage value   0.100


     PROPORTION OF DATA PRESENT FOR U


           Covariance Coverage
              XPMOVE_5      XPMOVE_6      XPMOVE_7      XPMOVE_8      XPMOVE_1
              ________      ________      ________      ________      ________
 XPMOVE_5       0.662
 XPMOVE_6       0.559         0.663
 XPMOVE_7       0.451         0.491         0.639
 XPMOVE_8       0.417         0.456         0.495         0.607
 XPMOVE_1       0.369         0.401         0.421         0.456         0.557


UNIVARIATE PROPORTIONS AND COUNTS FOR CATEGORICAL VARIABLES

    XPMOVE_5
      Category 1    0.884          878.000
      Category 2    0.116          115.000
    XPMOVE_6
      Category 1    0.879          875.000
      Category 2    0.121          120.000
    XPMOVE_7
      Category 1    0.883          847.000
      Category 2    0.117          112.000
    XPMOVE_8
      Category 1    0.894          814.000
      Category 2    0.106           97.000
    XPMOVE_1
      Category 1    0.895          747.000
      Category 2    0.105           88.000


SAMPLE STATISTICS

RANDOM STARTS RESULTS RANKED FROM THE BEST TO THE WORST LOGLIKELIHOOD VALUES

Final stage loglikelihood values at local maxima, seeds, and initial stage start numbers:

           -2596.304  781489           627
           -2596.304  918558           412
           -2596.304  488125           368
           -2596.304  466971           109
           -2596.304  291149           536
           -2596.304  281462           285
           -2596.304  982520           737
           -2596.304  570908           98
           -2596.304  688839           273
           -2596.304  178181           753
           -2596.304  804561           59
           -2596.304  752476           614
           -2596.304  626208           698
           -2596.304  458181           189
           -2596.304  606576           151
           -2596.305  860029           760
           -2596.305  195353           225
           -2599.064  341041           34
           -2599.090  970689           266
           -2599.171  610181           711
           -2599.187  370481           742
           -2599.190  732596           320
           -2599.205  677720           681
           -2599.206  91231            727

Unperturbed starting value run did not converge or was rejected in the third stage.

175 perturbed starting value run(s) did not converge or were rejected in the third stage.



THE BEST LOGLIKELIHOOD VALUE HAS BEEN REPLICATED.  RERUN WITH AT LEAST TWICE THE
RANDOM STARTS TO CHECK THAT THE BEST LOGLIKELIHOOD IS STILL OBTAINED AND REPLICATED.


THE MODEL ESTIMATION TERMINATED NORMALLY



MODEL FIT INFORMATION

Number of Free Parameters                       12

Loglikelihood

          H0 Value                       -2596.304
          H0 Scaling Correction Factor      1.0301
            for MLR

Information Criteria

          Akaike (AIC)                    5216.608
          Bayesian (BIC)                  5280.367
          Sample-Size Adjusted BIC        5242.246
            (n* = (n + 2) / 24)

Chi-Square Test of Model Fit for the Binary and Ordered Categorical
(Ordinal) Outcomes

          Pearson Chi-Square

          Value                             85.971
          Degrees of Freedom                    51
          P-Value                           0.0016

          Likelihood Ratio Chi-Square

          Value                             54.785
          Degrees of Freedom                    51
          P-Value                           0.3330

Chi-Square Test for MCAR under the Unrestricted Latent Class Indicator Model

          Pearson Chi-Square

          Value                            416.431
          Degrees of Freedom                   359
          P-Value                           0.0195

          Likelihood Ratio Chi-Square

          Value                            339.760
          Degrees of Freedom                   359
          P-Value                           0.7600



FINAL CLASS COUNTS AND PROPORTIONS FOR THE LATENT CLASSES
BASED ON THE ESTIMATED MODEL

    Latent
   Classes

       1        876.00000          0.58400
       2        624.00000          0.41600


MODEL RESULTS

                                                    Two-Tailed
                    Estimate       S.E.  Est./S.E.    P-Value

Latent Class 1 (1)

 I        |
    XPMOVE_5           1.000      0.000    999.000    999.000
    XPMOVE_6           1.000      0.000    999.000    999.000
    XPMOVE_7           1.000      0.000    999.000    999.000
    XPMOVE_8           1.000      0.000    999.000    999.000
    XPMOVE_10          1.000      0.000    999.000    999.000

 S        |
    XPMOVE_5           0.000      0.000    999.000    999.000
    XPMOVE_6           0.070      0.196      0.358      0.720
    XPMOVE_7           0.804      0.215      3.743      0.000
    XPMOVE_8           0.896      0.162      5.542      0.000
    XPMOVE_10          1.000      0.000    999.000    999.000

 S        WITH
    I                 -3.150      1.252     -2.515      0.012

 Means
    I                  0.670      0.275      2.434      0.015
    S                  0.381      0.332      1.145      0.252

 Thresholds
    XPMOVE_5$1         3.696      0.334     11.051      0.000
    XPMOVE_6$1         3.696      0.334     11.051      0.000
    XPMOVE_7$1         3.696      0.334     11.051      0.000
    XPMOVE_8$1         3.696      0.334     11.051      0.000
    XPMOVE_1$1         3.696      0.334     11.051      0.000

 Variances
    I                  4.782      1.287      3.717      0.000
    S                  4.007      1.541      2.600      0.009

Latent Class 2 (2)

 I        |
    XPMOVE_5           1.000      0.000    999.000    999.000
    XPMOVE_6           1.000      0.000    999.000    999.000
    XPMOVE_7           1.000      0.000    999.000    999.000
    XPMOVE_8           1.000      0.000    999.000    999.000
    XPMOVE_10          1.000      0.000    999.000    999.000

 S        |
    XPMOVE_5           0.000      0.000    999.000    999.000
    XPMOVE_6           0.070      0.196      0.358      0.720
    XPMOVE_7           0.804      0.215      3.743      0.000
    XPMOVE_8           0.896      0.162      5.542      0.000
    XPMOVE_10          1.000      0.000    999.000    999.000

 S        WITH
    I                 -2.472      1.354     -1.826      0.068

 Means
    I                  0.000      0.000    999.000    999.000
    S                  0.381      0.332      1.145      0.252

 Thresholds
    XPMOVE_5$1         3.696      0.334     11.051      0.000
    XPMOVE_6$1         3.696      0.334     11.051      0.000
    XPMOVE_7$1         3.696      0.334     11.051      0.000
    XPMOVE_8$1         3.696      0.334     11.051      0.000
    XPMOVE_1$1         3.696      0.334     11.051      0.000

 Variances
    I                  5.215      1.618      3.222      0.001
    S                  4.007      1.541      2.600      0.009

Categorical Latent Variables

 Means
    C#1                0.339      0.052      6.476      0.000


QUALITY OF NUMERICAL RESULTS

     Condition Number for the Information Matrix              0.415E-03
       (ratio of smallest to largest eigenvalue)


RESULTS IN PROBABILITY SCALE

                    Estimate

Latent Class 1 (1)

 XPMOVE_5
    Category 1         0.860
    Category 2         0.140
 XPMOVE_6
    Category 1         0.864
    Category 2         0.136
 XPMOVE_7
    Category 1         0.881
    Category 2         0.119
 XPMOVE_8
    Category 1         0.877
    Category 2         0.123
 XPMOVE_10
    Category 1         0.870
    Category 2         0.130

Latent Class 2 (2)

 XPMOVE_5
    Category 1         0.900
    Category 2         0.100
 XPMOVE_6
    Category 1         0.902
    Category 2         0.098
 XPMOVE_7
    Category 1         0.901
    Category 2         0.099
 XPMOVE_8
    Category 1         0.896
    Category 2         0.104
 XPMOVE_10
    Category 1         0.889
    Category 2         0.111


LATENT CLASS INDICATOR ODDS RATIOS FOR THE LATENT CLASSES

                                                95% C.I.
                    Estimate       S.E.  Lower 2.5% Upper 2.5%

Latent Class 1 Compared to Latent Class 2

 XPMOVE_5
    Category > 1       1.000      0.000      1.000      1.000
 XPMOVE_6
    Category > 1       1.000      0.000      1.000      1.000
 XPMOVE_7
    Category > 1       1.000      0.000      1.000      1.000
 XPMOVE_8
    Category > 1       1.000      0.000      1.000      1.000
 XPMOVE_1
    Category > 1       1.000      0.000      1.000      1.000


STANDARDIZED MODEL RESULTS


STDYX Standardization

                                                    Two-Tailed
                    Estimate       S.E.  Est./S.E.    P-Value

Latent Class 1 (1)

 I        |
    XPMOVE_5           0.770      0.042     18.240      0.000
    XPMOVE_6           0.791      0.085      9.270      0.000
    XPMOVE_7           0.924      0.123      7.541      0.000
    XPMOVE_8           0.921      0.127      7.238      0.000
    XPMOVE_10          0.910      0.133      6.825      0.000

 S        |
    XPMOVE_5           0.000      0.000    999.000    999.000
    XPMOVE_6           0.051      0.147      0.344      0.731
    XPMOVE_7           0.680      0.209      3.254      0.001
    XPMOVE_8           0.755      0.161      4.683      0.000
    XPMOVE_10          0.833      0.150      5.568      0.000

 S        WITH
    I                 -0.720      0.104     -6.900      0.000

 Means
    I                  0.306      0.137      2.243      0.025
    S                  0.190      0.158      1.205      0.228

 Thresholds
    XPMOVE_5$1         1.301      0.102     12.778      0.000
    XPMOVE_6$1         1.336      0.130     10.307      0.000
    XPMOVE_7$1         1.562      0.165      9.475      0.000
    XPMOVE_8$1         1.556      0.172      9.025      0.000
    XPMOVE_1$1         1.537      0.178      8.621      0.000

 Variances
    I                  1.000      0.000    999.000    999.000
    S                  1.000      0.000    999.000    999.000

Latent Class 2 (2)

 I        |
    XPMOVE_5           0.783      0.047     16.660      0.000
    XPMOVE_6           0.799      0.068     11.728      0.000
    XPMOVE_7           0.856      0.129      6.649      0.000
    XPMOVE_8           0.846      0.131      6.468      0.000
    XPMOVE_10          0.830      0.131      6.326      0.000

 S        |
    XPMOVE_5           0.000      0.000    999.000    999.000
    XPMOVE_6           0.049      0.143      0.344      0.731
    XPMOVE_7           0.603      0.182      3.312      0.001
    XPMOVE_8           0.664      0.143      4.632      0.000
    XPMOVE_10          0.728      0.136      5.367      0.000

 S        WITH
    I                 -0.541      0.167     -3.241      0.001

 Means
    I                  0.000      0.000    999.000    999.000
    S                  0.190      0.158      1.205      0.228

 Thresholds
    XPMOVE_5$1         1.267      0.081     15.554      0.000
    XPMOVE_6$1         1.292      0.109     11.821      0.000
    XPMOVE_7$1         1.385      0.121     11.401      0.000
    XPMOVE_8$1         1.369      0.127     10.801      0.000
    XPMOVE_1$1         1.343      0.132     10.199      0.000

 Variances
    I                  1.000      0.000    999.000    999.000
    S                  1.000      0.000    999.000    999.000


R-SQUARE

Class 1

    Observed                                        Two-Tailed
    Variable        Estimate       S.E.  Est./S.E.    P-Value

    XPMOVE_5           0.592      0.065      9.120      0.000
    XPMOVE_6           0.570      0.076      7.536      0.000
    XPMOVE_7           0.412      0.059      7.020      0.000
    XPMOVE_8           0.417      0.066      6.294      0.000
    XPMOVE_1           0.431      0.073      5.933      0.000

Class 2

    Observed                                        Two-Tailed
    Variable        Estimate       S.E.  Est./S.E.    P-Value

    XPMOVE_5           0.613      0.074      8.330      0.000
    XPMOVE_6           0.598      0.083      7.186      0.000
    XPMOVE_7           0.538      0.074      7.306      0.000
    XPMOVE_8           0.549      0.074      7.458      0.000
    XPMOVE_1           0.565      0.074      7.678      0.000


     Beginning Time:  21:49:49
        Ending Time:  21:53:07
       Elapsed Time:  00:03:18



MUTHEN & MUTHEN
3463 Stoner Ave.
Los Angeles, CA  90066

Tel: (310) 391-9971
Fax: (310) 391-8971
Web: www.StatModel.com
Support: Support@StatModel.com

Copyright (c) 1998-2021 Muthen & Muthen
