Mplus VERSION 8.7
MUTHEN & MUTHEN
11/04/2021   9:01 PM

INPUT INSTRUCTIONS

  TITLE: Your title goes here

   DATA: FILE = flex_time/data.dta;

   VARIABLE:

   NAMES = pidp gridmode mm hidp_5 hidp_6 hidp_7 hidp_8 hidp_9 hidp_10 indmode_5
       indmode_6 indmode_7 indmode_8 indmode_9 indmode_10 mode_type_all mode_type_no9
       mode_type_567 mode_type_7 all no9 p567 p7 switch_all switch_no9 switch_567
       switch_7 lkmove_5 xpmove_5 caruse_5 mobuse_5 netpuse_5 aidxhh_5 jbhas_5 j2has_5
       finnow_5 finfut_5 howlng_5 vote1_5 vote6_5 scsf1_5 scsf2a_5 scsf2b_5 scsf3a_5
       scsf3b_5 scsf4a_5 scsf4b_5 scsf5_5 scsf6a_5 scsf6b_5 scsf6c_5 scsf7_5 scghqa_5
       scghqb_5 scghqc_5 scghqd_5 scghqe_5 scghqf_5 scghqg_5 scghqh_5 scghqi_5
       scghqj_5 scghqk_5 scghql_5 lkmove_6 xpmove_6 caruse_6 mobuse_6 netpuse_6
       aidxhh_6 jbhas_6 j2has_6 finnow_6 finfut_6 howlng_6 vote1_6 vote6_6 scsf1_6
       scsf2a_6 scsf2b_6 scsf3a_6 scsf3b_6 scsf4a_6 scsf4b_6 scsf5_6 scsf6a_6 scsf6b_6
       scsf6c_6 scsf7_6 scghqa_6 scghqb_6 scghqc_6 scghqd_6 scghqe_6 scghqf_6 scghqg_6
       scghqh_6 scghqi_6 scghqj_6 scghqk_6 scghql_6 lkmove_7 xpmove_7 caruse_7
       mobuse_7 netpuse_7 smoker_7 aidxhh_7 jbhas_7 jbterm1_7 jbsemp_7 j2has_7
       fiyrdia_7 finnow_7 finfut_7 howlng_7 vote1_7 vote6_7 scsf2a_7 scsf2b_7 scsf3a_7
       scsf3b_7 scsf4a_7 scsf4b_7 scsf5_7 scsf6a_7 scsf6b_7 scsf6c_7 scsf7_7 scghqa_7
       scghqb_7 scghqc_7 scghqd_7 scghqe_7 scghqf_7 scghqg_7 scghqh_7 scghqi_7
       scghqj_7 scghqk_7 scghql_7 scsf1_7 lkmove_8 xpmove_8 caruse_8 mobuse_8
       netpuse_8 smoker_8 aidxhh_8 jbhas_8 jbterm1_8 jbsemp_8 j2has_8 fiyrdia_8
       finnow_8 finfut_8 scsf2a_8 scsf2b_8 scsf3a_8 scsf3b_8 scsf4a_8 scsf4b_8 scsf5_8
       scsf6a_8 scsf6b_8 scsf6c_8 scsf7_8 scghqa_8 scghqb_8 scghqc_8 scghqd_8 scghqe_8
       scghqf_8 scghqg_8 scghqh_8 scghqi_8 scghqj_8 scghqk_8 scghql_8 scsf1_8 mobuse_9
       netpuse_9 smoker_9 jbhas_9 jbterm1_9 jbsemp_9 j2has_9 fiyrdia_9 finnow_9
       finfut_9 lkmove_10 xpmove_10 mobuse_10 netpuse_10 smoker_10 aidxhh_10 jbhas_10
       jbterm1_10 jbsemp_10 j2has_10 fiyrdia_10 finnow_10 finfut_10 scsf1_10 scsf2a_10
       scsf2b_10 scsf3a_10 scsf3b_10 scsf4a_10 scsf4b_10 scsf5_10 scsf6a_10 scsf6b_10
       scsf6c_10 scsf7_10 scghqa_10 scghqb_10 scghqc_10 scghqd_10 scghqe_10 scghqf_10
       scghqg_10 scghqh_10 scghqi_10 scghqj_10 scghqk_10 scghql_10 edu agecat female
       partner sf1 longill london north urban refresh Higher A level GCSE Other age_35
       age_55 age_75 age_102 pred_all pred_no9 pred_p567 pred_p7 pred_all_w pred_no9_w
       pred_p567_w pred_p7_w;

   MISSING=.;

   USEVARIABLES ARE
   scghqb_5
   scghqb_6
   scghqb_7
   scghqb_8
   scghqb_10;

   CATEGORICAL ARE
   scghqb_5
   scghqb_6
   scghqb_7
   scghqb_8
   scghqb_10;
   CLASSES = c(2);

    KNOWNCLASS = c(mm= 1 2);

   ANALYSIS:


      TYPE = MIXTURE;

      ESTIMATOR = MLR;

      ALGORITHM = INTEGRATION;

      Processors = 8(starts);

      STARTS = 800 200;

   Model:


      %OVERALL%

  i s | scghqb_5@0 scghqb_6 scghqb_7 scghqb_8 scghqb_10@1;
   %c#1%
  [s] (a); s ;
   s WITH i ;
   i ;


   %c#2%
  [s] (a); s ;
   s WITH i ;
   i ;


   OUTPUT: SAMPSTAT;

                                  STDYX;




*** WARNING in VARIABLE command
  Note that only the first 8 characters of variable names are used in the output.
  Shorten variable names to avoid any confusion.
*** WARNING
  Data set contains unknown or missing values for variable MM.
  This variable is used to determine the KNOWNCLASS specification.
  Number of such cases:  458
*** WARNING
  Data set contains cases with missing on all variables.
  These cases were not included in the analysis.
  Number of cases with missing on all variables:  165
   3 WARNING(S) FOUND IN THE INPUT INSTRUCTIONS



Your title goes here

SUMMARY OF ANALYSIS

Number of groups                                                 1
Number of observations                                        1434

Number of dependent variables                                    5
Number of independent variables                                  0
Number of continuous latent variables                            2
Number of categorical latent variables                           1

Observed dependent variables

  Binary and ordered categorical (ordinal)
   SCGHQB_5    SCGHQB_6    SCGHQB_7    SCGHQB_8    SCGHQB_1

Continuous latent variables
   I           S

Categorical latent variables
   C

  Knownclass            C


Estimator                                                      MLR
Information matrix                                        OBSERVED
Optimization Specifications for the Quasi-Newton Algorithm for
Continuous Outcomes
  Maximum number of iterations                                 100
  Convergence criterion                                  0.100D-05
Optimization Specifications for the EM Algorithm
  Maximum number of iterations                                 500
  Convergence criteria
    Loglikelihood change                                 0.100D-02
    Relative loglikelihood change                        0.100D-05
    Derivative                                           0.100D-02
Optimization Specifications for the M step of the EM Algorithm for
Categorical Latent variables
  Number of M step iterations                                    1
  M step convergence criterion                           0.100D-02
  Basis for M step termination                           ITERATION
Optimization Specifications for the M step of the EM Algorithm for
Censored, Binary or Ordered Categorical (Ordinal), Unordered
Categorical (Nominal) and Count Outcomes
  Number of M step iterations                                    1
  M step convergence criterion                           0.100D-02
  Basis for M step termination                           ITERATION
  Maximum value for logit thresholds                            15
  Minimum value for logit thresholds                           -15
  Minimum expected cell size for chi-square              0.100D-01
Maximum number of iterations for H1                           2000
Convergence criterion for H1                             0.100D-03
Optimization algorithm                                         EMA
Integration Specifications
  Type                                                    STANDARD
  Number of integration points                                  15
  Dimensions of numerical integration                            2
  Adaptive quadrature                                           ON
Random Starts Specifications
  Number of initial stage random starts                        800
  Number of final stage optimizations                          200
  Number of initial stage iterations                            10
  Initial stage convergence criterion                    0.100D+01
  Random starts scale                                    0.500D+01
  Random seed for generating random starts                       0
Link                                                         LOGIT
Cholesky                                                        ON

Input data file(s)
  flex_time/data.dta
Input data format  FREE


SUMMARY OF DATA

     Number of missing data patterns            31
     Number of y missing data patterns           0
     Number of u missing data patterns          31


COVARIANCE COVERAGE OF DATA

Minimum covariance coverage value   0.100


     PROPORTION OF DATA PRESENT FOR U


           Covariance Coverage
              SCGHQB_5      SCGHQB_6      SCGHQB_7      SCGHQB_8      SCGHQB_1
              ________      ________      ________      ________      ________
 SCGHQB_5       0.497
 SCGHQB_6       0.376         0.589
 SCGHQB_7       0.340         0.435         0.646
 SCGHQB_8       0.324         0.420         0.503         0.635
 SCGHQB_1       0.288         0.370         0.433         0.479         0.586


UNIVARIATE PROPORTIONS AND COUNTS FOR CATEGORICAL VARIABLES

    SCGHQB_5
      Category 1    0.371          264.000
      Category 2    0.452          322.000
      Category 3    0.132           94.000
      Category 4    0.045           32.000
    SCGHQB_6
      Category 1    0.364          307.000
      Category 2    0.464          392.000
      Category 3    0.140          118.000
      Category 4    0.032           27.000
    SCGHQB_7
      Category 1    0.378          350.000
      Category 2    0.474          439.000
      Category 3    0.112          104.000
      Category 4    0.037           34.000
    SCGHQB_8
      Category 1    0.412          375.000
      Category 2    0.462          421.000
      Category 3    0.093           85.000
      Category 4    0.033           30.000
    SCGHQB_1
      Category 1    0.379          318.000
      Category 2    0.452          380.000
      Category 3    0.133          112.000
      Category 4    0.036           30.000


SAMPLE STATISTICS

RANDOM STARTS RESULTS RANKED FROM THE BEST TO THE WORST LOGLIKELIHOOD VALUES

Final stage loglikelihood values at local maxima, seeds, and initial stage start numbers:

           -5177.575  937885           426
           -5177.575  783165           170
           -5177.575  392407           221
           -5177.575  903420           5
           -5177.575  863094           147
           -5177.575  209031           632
           -5177.575  279850           555
           -5177.575  266340           683
           -5177.575  576596           99
           -5177.575  414284           158
           -5177.575  298553           773
           -5177.575  414828           322
           -5177.575  915107           54
           -5177.575  616917           261
           -5177.575  746978           410
           -5177.575  303834           798
           -5177.575  281558           184
           -5177.575  754100           56
           -5177.575  407168           44
           -5177.575  354208           196
           -5177.575  484687           306
           -5177.575  437181           135
           -5177.575  348637           749
           -5177.575  520865           763
           -5177.575  285380           1
           -5177.575  486646           586
           -5177.575  602032           648
           -5177.575  635245           121
           -5177.575  695155           150
           -5177.575  276696           676
           -5177.575  73576            213
           -5177.575  900631           774
           -5177.575  638611           524
           -5177.575  456213           160
           -5177.575  991329           182
           -5177.575  237332           661
           -5177.575  404510           442
           -5177.575  783102           433
           -5177.575  67009            564
           -5177.575  351807           617
           -5177.575  802779           122
           -5177.575  978781           497
           -5177.575  617658           660
           -5177.575  957392           79
           -5177.575  474357           789
           -5177.575  810705           626
           -5177.575  298275           418
           -5177.575  505879           424
           -5177.575  520177           262
           -5177.575  782821           272
           -5177.575  25127            107
           -5177.575  963053           43
           -5177.575  345974           622
           -5177.575  568859           49
           -5177.575  22075            659
           -5177.575  107446           12
           -5177.575  210870           383
           -5177.575  349562           359
           -5177.575  481835           57
           -5177.575  70118            104
           -5177.575  951709           348
           -5177.576  4091             548
           -5177.576  436892           565
           -5177.576  850840           232
           -5177.576  967237           48
           -5177.576  910224           580
           -5177.576  79945            395
           -5177.576  117391           710
           -5177.576  830292           527
           -5177.576  502495           724
           -5177.576  710445           792
           -5177.576  805935           615
           -5177.576  769907           457
           -5177.576  471438           252
           -5177.576  76451            211
           -5177.576  700349           401
           -5177.576  922042           492
           -5177.576  21132            351
           -5177.576  953843           651
           -5177.576  411615           171
           -5177.576  97158            205
           -5177.576  351622           551
           -5177.576  350608           334
           -5177.576  937588           293
           -5177.576  533738           11
           -5177.576  717754           180
           -5177.576  714997           399
           -5177.576  728038           177
           -5177.576  303634           169
           -5177.576  609185           181
           -5177.576  314084           81
           -5177.576  55115            408
           -5177.576  17896            592
           -5177.576  109357           765
           -5177.576  163110           584
           -5177.577  399848           220
           -5177.577  760531           550
           -5177.577  329127           185
           -5177.577  471040           403
           -5177.577  644297           340
           -5177.577  631413           439
           -5177.577  736574           414
           -5177.577  35191            703
           -5177.577  801717           364
           -5177.577  127215           9
           -5177.577  268896           124
           -5177.577  940533           764
           -5177.577  215353           164
           -5177.577  377584           630
           -5177.577  314757           345
           -5177.577  85114            385
           -5177.577  373815           618
           -5177.577  939021           8
           -5177.577  677720           681
           -5177.577  777045           377
           -5177.577  545140           278
           -5177.577  605358           321
           -5177.577  106561           686
           -5177.577  604861           800
           -5177.577  462228           298
           -5177.577  888905           444
           -5177.577  506886           576
           -5177.577  72866            692
           -5177.577  699810           571
           -5177.577  113138           585
           -5177.577  484406           421
           -5177.577  467339           66
           -5177.577  688839           273
           -5177.577  405371           569
           -5177.577  926797           406
           -5177.577  696830           668
           -5177.577  179022           687
           -5177.577  576220           115
           -5177.577  496881           192
           -5177.577  647617           725
           -5177.577  34346            330
           -5177.577  562716           300
           -5177.577  580539           786
           -5177.577  137377           397
           -5177.577  416250           390
           -5177.577  848890           95
           -5177.577  117731           570
           -5177.577  373505           88
           -5177.577  871851           257
           -5177.577  312587           775
           -5183.587  284716           713
           -5183.602  640833           434
           -5183.616  65651            214
           -5183.696  502532           445
           -5183.696  692169           308
           -5183.698  92091            649
           -5183.699  715255           523
           -5183.709  112586           494
           -5183.713  958107           790
           -5183.737  918558           412
           -5183.864  195873           6
           -5183.870  939870           655
           -5183.977  655497           376

42 perturbed starting value run(s) did not converge or were rejected in the third stage.



THE BEST LOGLIKELIHOOD VALUE HAS BEEN REPLICATED.  RERUN WITH AT LEAST TWICE THE
RANDOM STARTS TO CHECK THAT THE BEST LOGLIKELIHOOD IS STILL OBTAINED AND REPLICATED.


THE MODEL ESTIMATION TERMINATED NORMALLY



MODEL FIT INFORMATION

Number of Free Parameters                       15

Loglikelihood

          H0 Value                       -5177.575
          H0 Scaling Correction Factor      1.1946
            for MLR

Information Criteria

          Akaike (AIC)                   10385.149
          Bayesian (BIC)                 10464.173
          Sample-Size Adjusted BIC       10416.523
            (n* = (n + 2) / 24)

Chi-Square Test of Model Fit for the Binary and Ordered Categorical
(Ordinal) Outcomes**

          Pearson Chi-Square

          Value                           2025.078
          Degrees of Freedom                  2016
          P-Value                           0.4391

          Likelihood Ratio Chi-Square

          Value                            533.413
          Degrees of Freedom                  2016
          P-Value                           1.0000

** Of the 3124 cells in the latent class indicator table, 8
   were deleted in the calculation of chi-square due to extreme values.

Chi-Square Test for MCAR under the Unrestricted Latent Class Indicator Model

          Pearson Chi-Square

          Value                           1408.853
          Degrees of Freedom                  4139
          P-Value                           1.0000

          Likelihood Ratio Chi-Square

          Value                            996.722
          Degrees of Freedom                  4139
          P-Value                           1.0000



FINAL CLASS COUNTS AND PROPORTIONS FOR THE LATENT CLASSES
BASED ON THE ESTIMATED MODEL

    Latent
   Classes

       1        842.00000          0.58717
       2        592.00000          0.41283


MODEL RESULTS

                                                    Two-Tailed
                    Estimate       S.E.  Est./S.E.    P-Value

Latent Class 1 (1)

 I        |
    SCGHQB_5           1.000      0.000    999.000    999.000
    SCGHQB_6           1.000      0.000    999.000    999.000
    SCGHQB_7           1.000      0.000    999.000    999.000
    SCGHQB_8           1.000      0.000    999.000    999.000
    SCGHQB_10          1.000      0.000    999.000    999.000

 S        |
    SCGHQB_5           0.000      0.000    999.000    999.000
    SCGHQB_6          -0.091      0.177     -0.510      0.610
    SCGHQB_7           0.542      0.201      2.702      0.007
    SCGHQB_8           0.400      0.230      1.742      0.082
    SCGHQB_10          1.000      0.000    999.000    999.000

 S        WITH
    I                 -0.783      0.556     -1.407      0.159

 Means
    I                  0.299      0.142      2.105      0.035
    S                 -0.105      0.148     -0.710      0.478

 Thresholds
    SCGHQB_5$1        -0.695      0.131     -5.315      0.000
    SCGHQB_5$2         2.900      0.162     17.956      0.000
    SCGHQB_5$3         5.128      0.209     24.557      0.000
    SCGHQB_6$1        -0.695      0.131     -5.315      0.000
    SCGHQB_6$2         2.900      0.162     17.956      0.000
    SCGHQB_6$3         5.128      0.209     24.557      0.000
    SCGHQB_7$1        -0.695      0.131     -5.315      0.000
    SCGHQB_7$2         2.900      0.162     17.956      0.000
    SCGHQB_7$3         5.128      0.209     24.557      0.000
    SCGHQB_8$1        -0.695      0.131     -5.315      0.000
    SCGHQB_8$2         2.900      0.162     17.956      0.000
    SCGHQB_8$3         5.128      0.209     24.557      0.000
    SCGHQB_1$1        -0.695      0.131     -5.315      0.000
    SCGHQB_1$2         2.900      0.162     17.956      0.000
    SCGHQB_1$3         5.128      0.209     24.557      0.000

 Variances
    I                  5.089      0.629      8.094      0.000
    S                  0.837      0.757      1.106      0.269

Latent Class 2 (2)

 I        |
    SCGHQB_5           1.000      0.000    999.000    999.000
    SCGHQB_6           1.000      0.000    999.000    999.000
    SCGHQB_7           1.000      0.000    999.000    999.000
    SCGHQB_8           1.000      0.000    999.000    999.000
    SCGHQB_10          1.000      0.000    999.000    999.000

 S        |
    SCGHQB_5           0.000      0.000    999.000    999.000
    SCGHQB_6          -0.091      0.177     -0.510      0.610
    SCGHQB_7           0.542      0.201      2.702      0.007
    SCGHQB_8           0.400      0.230      1.742      0.082
    SCGHQB_10          1.000      0.000    999.000    999.000

 S        WITH
    I                 -1.959      1.215     -1.613      0.107

 Means
    I                  0.000      0.000    999.000    999.000
    S                 -0.105      0.148     -0.710      0.478

 Thresholds
    SCGHQB_5$1        -0.695      0.131     -5.315      0.000
    SCGHQB_5$2         2.900      0.162     17.956      0.000
    SCGHQB_5$3         5.128      0.209     24.557      0.000
    SCGHQB_6$1        -0.695      0.131     -5.315      0.000
    SCGHQB_6$2         2.900      0.162     17.956      0.000
    SCGHQB_6$3         5.128      0.209     24.557      0.000
    SCGHQB_7$1        -0.695      0.131     -5.315      0.000
    SCGHQB_7$2         2.900      0.162     17.956      0.000
    SCGHQB_7$3         5.128      0.209     24.557      0.000
    SCGHQB_8$1        -0.695      0.131     -5.315      0.000
    SCGHQB_8$2         2.900      0.162     17.956      0.000
    SCGHQB_8$3         5.128      0.209     24.557      0.000
    SCGHQB_1$1        -0.695      0.131     -5.315      0.000
    SCGHQB_1$2         2.900      0.162     17.956      0.000
    SCGHQB_1$3         5.128      0.209     24.557      0.000

 Variances
    I                  4.655      0.918      5.073      0.000
    S                  5.092      1.963      2.593      0.010

Categorical Latent Variables

 Means
    C#1                0.352      0.054      6.568      0.000


QUALITY OF NUMERICAL RESULTS

     Condition Number for the Information Matrix              0.693E-02
       (ratio of smallest to largest eigenvalue)


RESULTS IN PROBABILITY SCALE

                    Estimate

Latent Class 1 (1)

 SCGHQB_5
    Category 1         0.363
    Category 2         0.456
    Category 3         0.134
    Category 4         0.047
 SCGHQB_6
    Category 1         0.363
    Category 2         0.453
    Category 3         0.135
    Category 4         0.049
 SCGHQB_7
    Category 1         0.366
    Category 2         0.468
    Category 3         0.127
    Category 4         0.040
 SCGHQB_8
    Category 1         0.365
    Category 2         0.466
    Category 3         0.128
    Category 4         0.041
 SCGHQB_10
    Category 1         0.371
    Category 2         0.469
    Category 3         0.123
    Category 4         0.037

Latent Class 2 (2)

 SCGHQB_5
    Category 1         0.401
    Category 2         0.451
    Category 3         0.114
    Category 4         0.035
 SCGHQB_6
    Category 1         0.402
    Category 2         0.443
    Category 3         0.117
    Category 4         0.038
 SCGHQB_7
    Category 1         0.405
    Category 2         0.462
    Category 3         0.105
    Category 4         0.028
 SCGHQB_8
    Category 1         0.402
    Category 2         0.466
    Category 3         0.105
    Category 4         0.027
 SCGHQB_10
    Category 1         0.421
    Category 2         0.422
    Category 3         0.116
    Category 4         0.041


STANDARDIZED MODEL RESULTS


STDYX Standardization

                                                    Two-Tailed
                    Estimate       S.E.  Est./S.E.    P-Value

Latent Class 1 (1)

 I        |
    SCGHQB_5           0.779      0.019     41.229      0.000
    SCGHQB_6           0.772      0.024     31.541      0.000
    SCGHQB_7           0.809      0.040     20.310      0.000
    SCGHQB_8           0.803      0.037     21.728      0.000
    SCGHQB_10          0.816      0.052     15.538      0.000

 S        |
    SCGHQB_5           0.000      0.000    999.000    999.000
    SCGHQB_6          -0.028      0.053     -0.537      0.591
    SCGHQB_7           0.178      0.097      1.830      0.067
    SCGHQB_8           0.130      0.096      1.359      0.174
    SCGHQB_10          0.331      0.144      2.299      0.022

 S        WITH
    I                 -0.379      0.180     -2.108      0.035

 Means
    I                  0.133      0.064      2.079      0.038
    S                 -0.115      0.171     -0.675      0.500

 Thresholds
    SCGHQB_5$1        -0.240      0.045     -5.370      0.000
    SCGHQB_5$2         1.002      0.059     16.844      0.000
    SCGHQB_5$3         1.772      0.083     21.337      0.000
    SCGHQB_6$1        -0.238      0.045     -5.291      0.000
    SCGHQB_6$2         0.993      0.056     17.747      0.000
    SCGHQB_6$3         1.756      0.077     22.808      0.000
    SCGHQB_7$1        -0.249      0.047     -5.314      0.000
    SCGHQB_7$2         1.040      0.055     18.880      0.000
    SCGHQB_7$3         1.839      0.071     26.023      0.000
    SCGHQB_8$1        -0.247      0.047     -5.231      0.000
    SCGHQB_8$2         1.033      0.052     19.949      0.000
    SCGHQB_8$3         1.826      0.066     27.596      0.000
    SCGHQB_1$1        -0.251      0.047     -5.300      0.000
    SCGHQB_1$2         1.049      0.065     16.247      0.000
    SCGHQB_1$3         1.854      0.090     20.501      0.000

 Variances
    I                  1.000      0.000    999.000    999.000
    S                  1.000      0.000    999.000    999.000

Latent Class 2 (2)

 I        |
    SCGHQB_5           0.765      0.031     24.501      0.000
    SCGHQB_6           0.747      0.054     13.892      0.000
    SCGHQB_7           0.798      0.071     11.184      0.000
    SCGHQB_8           0.804      0.065     12.297      0.000
    SCGHQB_10          0.714      0.077      9.247      0.000

 S        |
    SCGHQB_5           0.000      0.000    999.000    999.000
    SCGHQB_6          -0.071      0.132     -0.538      0.591
    SCGHQB_7           0.452      0.186      2.439      0.015
    SCGHQB_8           0.337      0.202      1.668      0.095
    SCGHQB_10          0.747      0.129      5.795      0.000

 S        WITH
    I                 -0.402      0.158     -2.546      0.011

 Means
    I                  0.000      0.000    999.000    999.000
    S                 -0.047      0.067     -0.694      0.487

 Thresholds
    SCGHQB_5$1        -0.246      0.048     -5.124      0.000
    SCGHQB_5$2         1.029      0.070     14.710      0.000
    SCGHQB_5$3         1.819      0.108     16.847      0.000
    SCGHQB_6$1        -0.241      0.049     -4.958      0.000
    SCGHQB_6$2         1.004      0.058     17.365      0.000
    SCGHQB_6$3         1.776      0.087     20.454      0.000
    SCGHQB_7$1        -0.257      0.050     -5.137      0.000
    SCGHQB_7$2         1.072      0.057     18.935      0.000
    SCGHQB_7$3         1.896      0.077     24.474      0.000
    SCGHQB_8$1        -0.259      0.051     -5.111      0.000
    SCGHQB_8$2         1.081      0.053     20.334      0.000
    SCGHQB_8$3         1.912      0.071     26.977      0.000
    SCGHQB_1$1        -0.230      0.049     -4.707      0.000
    SCGHQB_1$2         0.960      0.055     17.460      0.000
    SCGHQB_1$3         1.698      0.087     19.582      0.000

 Variances
    I                  1.000      0.000    999.000    999.000
    S                  1.000      0.000    999.000    999.000


R-SQUARE

Class 1

    Observed                                        Two-Tailed
    Variable        Estimate       S.E.  Est./S.E.    P-Value

    SCGHQB_5           0.607      0.029     20.614      0.000
    SCGHQB_6           0.614      0.029     21.353      0.000
    SCGHQB_7           0.577      0.027     21.644      0.000
    SCGHQB_8           0.583      0.026     22.462      0.000
    SCGHQB_1           0.570      0.040     14.119      0.000

Class 2

    Observed                                        Two-Tailed
    Variable        Estimate       S.E.  Est./S.E.    P-Value

    SCGHQB_5           0.586      0.048     12.250      0.000
    SCGHQB_6           0.606      0.043     14.189      0.000
    SCGHQB_7           0.550      0.033     16.845      0.000
    SCGHQB_8           0.543      0.032     16.951      0.000
    SCGHQB_1           0.639      0.044     14.522      0.000


     Beginning Time:  21:01:28
        Ending Time:  21:20:22
       Elapsed Time:  00:18:54



MUTHEN & MUTHEN
3463 Stoner Ave.
Los Angeles, CA  90066

Tel: (310) 391-9971
Fax: (310) 391-8971
Web: www.StatModel.com
Support: Support@StatModel.com

Copyright (c) 1998-2021 Muthen & Muthen
