Mplus VERSION 8.7
MUTHEN & MUTHEN
11/04/2021   6:56 PM

INPUT INSTRUCTIONS

  TITLE: Your title goes here

   DATA: FILE = flex_time/data.dta;

   VARIABLE:

   NAMES = pidp gridmode mm hidp_5 hidp_6 hidp_7 hidp_8 hidp_9 hidp_10 indmode_5
       indmode_6 indmode_7 indmode_8 indmode_9 indmode_10 mode_type_all mode_type_no9
       mode_type_567 mode_type_7 all no9 p567 p7 switch_all switch_no9 switch_567
       switch_7 lkmove_5 xpmove_5 caruse_5 mobuse_5 netpuse_5 aidxhh_5 jbhas_5 j2has_5
       finnow_5 finfut_5 howlng_5 vote1_5 vote6_5 scsf1_5 scsf2a_5 scsf2b_5 scsf3a_5
       scsf3b_5 scsf4a_5 scsf4b_5 scsf5_5 scsf6a_5 scsf6b_5 scsf6c_5 scsf7_5 scghqa_5
       scghqb_5 scghqc_5 scghqd_5 scghqe_5 scghqf_5 scghqg_5 scghqh_5 scghqi_5
       scghqj_5 scghqk_5 scghql_5 lkmove_6 xpmove_6 caruse_6 mobuse_6 netpuse_6
       aidxhh_6 jbhas_6 j2has_6 finnow_6 finfut_6 howlng_6 vote1_6 vote6_6 scsf1_6
       scsf2a_6 scsf2b_6 scsf3a_6 scsf3b_6 scsf4a_6 scsf4b_6 scsf5_6 scsf6a_6 scsf6b_6
       scsf6c_6 scsf7_6 scghqa_6 scghqb_6 scghqc_6 scghqd_6 scghqe_6 scghqf_6 scghqg_6
       scghqh_6 scghqi_6 scghqj_6 scghqk_6 scghql_6 lkmove_7 xpmove_7 caruse_7
       mobuse_7 netpuse_7 smoker_7 aidxhh_7 jbhas_7 jbterm1_7 jbsemp_7 j2has_7
       fiyrdia_7 finnow_7 finfut_7 howlng_7 vote1_7 vote6_7 scsf2a_7 scsf2b_7 scsf3a_7
       scsf3b_7 scsf4a_7 scsf4b_7 scsf5_7 scsf6a_7 scsf6b_7 scsf6c_7 scsf7_7 scghqa_7
       scghqb_7 scghqc_7 scghqd_7 scghqe_7 scghqf_7 scghqg_7 scghqh_7 scghqi_7
       scghqj_7 scghqk_7 scghql_7 scsf1_7 lkmove_8 xpmove_8 caruse_8 mobuse_8
       netpuse_8 smoker_8 aidxhh_8 jbhas_8 jbterm1_8 jbsemp_8 j2has_8 fiyrdia_8
       finnow_8 finfut_8 scsf2a_8 scsf2b_8 scsf3a_8 scsf3b_8 scsf4a_8 scsf4b_8 scsf5_8
       scsf6a_8 scsf6b_8 scsf6c_8 scsf7_8 scghqa_8 scghqb_8 scghqc_8 scghqd_8 scghqe_8
       scghqf_8 scghqg_8 scghqh_8 scghqi_8 scghqj_8 scghqk_8 scghql_8 scsf1_8 mobuse_9
       netpuse_9 smoker_9 jbhas_9 jbterm1_9 jbsemp_9 j2has_9 fiyrdia_9 finnow_9
       finfut_9 lkmove_10 xpmove_10 mobuse_10 netpuse_10 smoker_10 aidxhh_10 jbhas_10
       jbterm1_10 jbsemp_10 j2has_10 fiyrdia_10 finnow_10 finfut_10 scsf1_10 scsf2a_10
       scsf2b_10 scsf3a_10 scsf3b_10 scsf4a_10 scsf4b_10 scsf5_10 scsf6a_10 scsf6b_10
       scsf6c_10 scsf7_10 scghqa_10 scghqb_10 scghqc_10 scghqd_10 scghqe_10 scghqf_10
       scghqg_10 scghqh_10 scghqi_10 scghqj_10 scghqk_10 scghql_10 edu agecat female
       partner sf1 longill london north urban refresh Higher A level GCSE Other age_35
       age_55 age_75 age_102 pred_all pred_no9 pred_p567 pred_p7 pred_all_w pred_no9_w
       pred_p567_w pred_p7_w;

   MISSING=.;

   USEVARIABLES ARE
   scghqa_5
   scghqa_6
   scghqa_7
   scghqa_8
   scghqa_10;

   CATEGORICAL ARE
   scghqa_5
   scghqa_6
   scghqa_7
   scghqa_8
   scghqa_10;
   CLASSES = c(2);

    KNOWNCLASS = c(mm= 1 2);

   ANALYSIS:


      TYPE = MIXTURE;

      ESTIMATOR = MLR;

      ALGORITHM = INTEGRATION;

      Processors = 8(starts);

      STARTS = 800 200;

   Model:


      %OVERALL%

  i s | scghqa_5@0 scghqa_6 scghqa_7 scghqa_8 scghqa_10@1;
   %c#1%
  [s] ;
   s ;
   s WITH i ;
   i ;

   %c#2%
  [s] ;
   s ;
   s WITH i ;
   i ;

   OUTPUT: SAMPSTAT;

                                  STDYX;




*** WARNING in VARIABLE command
  Note that only the first 8 characters of variable names are used in the output.
  Shorten variable names to avoid any confusion.
*** WARNING
  Data set contains unknown or missing values for variable MM.
  This variable is used to determine the KNOWNCLASS specification.
  Number of such cases:  458
*** WARNING
  Data set contains cases with missing on all variables.
  These cases were not included in the analysis.
  Number of cases with missing on all variables:  165
   3 WARNING(S) FOUND IN THE INPUT INSTRUCTIONS



Your title goes here

SUMMARY OF ANALYSIS

Number of groups                                                 1
Number of observations                                        1434

Number of dependent variables                                    5
Number of independent variables                                  0
Number of continuous latent variables                            2
Number of categorical latent variables                           1

Observed dependent variables

  Binary and ordered categorical (ordinal)
   SCGHQA_5    SCGHQA_6    SCGHQA_7    SCGHQA_8    SCGHQA_1

Continuous latent variables
   I           S

Categorical latent variables
   C

  Knownclass            C


Estimator                                                      MLR
Information matrix                                        OBSERVED
Optimization Specifications for the Quasi-Newton Algorithm for
Continuous Outcomes
  Maximum number of iterations                                 100
  Convergence criterion                                  0.100D-05
Optimization Specifications for the EM Algorithm
  Maximum number of iterations                                 500
  Convergence criteria
    Loglikelihood change                                 0.100D-02
    Relative loglikelihood change                        0.100D-05
    Derivative                                           0.100D-02
Optimization Specifications for the M step of the EM Algorithm for
Categorical Latent variables
  Number of M step iterations                                    1
  M step convergence criterion                           0.100D-02
  Basis for M step termination                           ITERATION
Optimization Specifications for the M step of the EM Algorithm for
Censored, Binary or Ordered Categorical (Ordinal), Unordered
Categorical (Nominal) and Count Outcomes
  Number of M step iterations                                    1
  M step convergence criterion                           0.100D-02
  Basis for M step termination                           ITERATION
  Maximum value for logit thresholds                            15
  Minimum value for logit thresholds                           -15
  Minimum expected cell size for chi-square              0.100D-01
Maximum number of iterations for H1                           2000
Convergence criterion for H1                             0.100D-03
Optimization algorithm                                         EMA
Integration Specifications
  Type                                                    STANDARD
  Number of integration points                                  15
  Dimensions of numerical integration                            2
  Adaptive quadrature                                           ON
Random Starts Specifications
  Number of initial stage random starts                        800
  Number of final stage optimizations                          200
  Number of initial stage iterations                            10
  Initial stage convergence criterion                    0.100D+01
  Random starts scale                                    0.500D+01
  Random seed for generating random starts                       0
Link                                                         LOGIT
Cholesky                                                        ON

Input data file(s)
  flex_time/data.dta
Input data format  FREE


SUMMARY OF DATA

     Number of missing data patterns            31
     Number of y missing data patterns           0
     Number of u missing data patterns          31


COVARIANCE COVERAGE OF DATA

Minimum covariance coverage value   0.100


     PROPORTION OF DATA PRESENT FOR U


           Covariance Coverage
              SCGHQA_5      SCGHQA_6      SCGHQA_7      SCGHQA_8      SCGHQA_1
              ________      ________      ________      ________      ________
 SCGHQA_5       0.496
 SCGHQA_6       0.376         0.589
 SCGHQA_7       0.340         0.436         0.646
 SCGHQA_8       0.323         0.420         0.501         0.634
 SCGHQA_1       0.287         0.370         0.433         0.478         0.586


UNIVARIATE PROPORTIONS AND COUNTS FOR CATEGORICAL VARIABLES

    SCGHQA_5
      Category 1    0.025           18.000
      Category 2    0.821          584.000
      Category 3    0.139           99.000
      Category 4    0.014           10.000
    SCGHQA_6
      Category 1    0.027           23.000
      Category 2    0.809          684.000
      Category 3    0.144          122.000
      Category 4    0.019           16.000
    SCGHQA_7
      Category 1    0.027           25.000
      Category 2    0.818          758.000
      Category 3    0.133          123.000
      Category 4    0.023           21.000
    SCGHQA_8
      Category 1    0.030           27.000
      Category 2    0.814          740.000
      Category 3    0.135          123.000
      Category 4    0.021           19.000
    SCGHQA_1
      Category 1    0.052           44.000
      Category 2    0.792          665.000
      Category 3    0.137          115.000
      Category 4    0.019           16.000


SAMPLE STATISTICS

RANDOM STARTS RESULTS RANKED FROM THE BEST TO THE WORST LOGLIKELIHOOD VALUES

Final stage loglikelihood values at local maxima, seeds, and initial stage start numbers:

           -3549.833  418686           338
           -3549.833  53621            483
           -3549.833  458181           189
           -3549.833  903369           134
           -3549.833  210870           383
           -3549.833  307843           664
           -3549.833  317640           437
           -3549.833  366706           29
           -3549.833  195353           225
           -3549.834  407108           366
           -3549.834  383986           159
           -3549.834  809240           543
           -3549.834  329127           185
           -3549.834  97300            640
           -3549.834  109357           765
           -3549.834  782821           272
           -3549.834  999211           628
           -3549.834  547702           767
           -3549.834  638977           643
           -3549.834  848890           95
           -3549.834  568405           233
           -3549.835  576596           99
           -3549.835  552272           654
           -3549.835  373505           88
           -3549.835  529455           268
           -3549.835  566739           575
           -3549.835  714997           399
           -3549.835  848356           602
           -3549.835  879338           309
           -3549.835  891531           206
           -3549.835  130011           587
           -3549.835  871851           257
           -3549.835  631413           439
           -3549.835  462228           298
           -3549.836  153053           378
           -3549.836  455617           242
           -3549.836  232559           136
           -3549.836  327475           518
           -3549.836  127362           757
           -3549.836  635245           121
           -3549.836  387701           275
           -3549.836  259507           53
           -3549.836  723035           538
           -3549.836  317868           740
           -3549.836  995913           787
           -3549.836  529496           343
           -3549.836  62835            642
           -3549.836  761633           50
           -3549.836  264081           186
           -3549.837  508482           446
           -3549.837  443917           60
           -3549.837  580539           786
           -3549.837  166851           638
           -3549.837  637345           19
           -3549.837  485483           498
           -3549.837  499150           216
           -3549.837  848163           47
           -3549.837  971853           402
           -3549.837  846194           93
           -3549.837  282464           283
           -3549.837  928287           197
           -3549.837  860772           174
           -3549.837  314757           345
           -3549.837  192071           142
           -3549.837  853781           716
           -3549.837  216565           474
           -3549.838  275475           413
           -3549.838  780698           337
           -3549.838  701525           239
           -3549.838  150531           154
           -3549.838  375590           438
           -3549.838  153394           429
           -3549.838  65651            214
           -3549.838  50887            389
           -3549.838  804561           59
           -3549.838  505244           582
           -3549.838  875667           367
           -3549.838  298275           418
           -3549.838  84013            598
           -3549.838  473942           574
           -3549.838  434915           552
           -3549.838  838615           677
           -3549.839  70118            104
           -3549.839  655497           376
           -3549.839  715255           523
           -3549.839  355254           796
           -3549.839  669634           335
           -3549.839  641794           591
           -3549.839  321390           133
           -3549.840  629320           222
           -3549.840  72662            729
           -3549.840  621542           375
           -3549.840  824126           287
           -3549.840  117391           710
           -3549.840  579138           706
           -3549.840  793035           187
           -3549.840  318177           748
           -3549.840  939021           8
           -3549.840  267983           228
           -3549.840  965639           463
           -3549.840  852283           616
           -3549.840  297518           166
           -3549.841  876943           650
           -3549.841  326091           759
           -3549.841  666720           671
           -3549.841  425982           485
           -3549.841  614009           317
           -3549.841  93468            3
           -3549.841  341519           653
           -3549.841  665121           417
           -3549.841  937885           426
           -3549.841  677720           681
           -3549.841  964570           701
           -3549.842  58507            793
           -3549.842  534483           290
           -3549.842  794236           127
           -3549.842  422103           62
           -3549.842  195873           6
           -3549.842  303834           798
           -3549.842  900631           774
           -3549.842  488125           368
           -3549.842  481835           57
           -3549.842  120506           45
           -3549.842  618760           489
           -3549.842  696830           668
           -3549.842  608849           224
           -3549.842  137377           397
           -3549.842  238906           430
           -3549.842  351622           551
           -3549.842  953843           651
           -3549.842  278661           674
           -3549.842  857799           315
           -3549.842  507218           613
           -3549.843  456213           160
           -3549.843  798839           312
           -3549.843  520865           763
           -3549.843  127215           9
           -3549.843  163110           584
           -3549.843  777045           377
           -3549.843  562716           300
           -3549.843  46502            714
           -3549.843  154575           539
           -3549.843  642909           251
           -3549.844  354208           196
           -3549.844  264901           634
           -3549.844  407168           44
           -3549.844  863094           147
           -3549.844  783110           72
           -3549.845  97158            205
           -3549.845  608496           4
           -3549.846  699834           723
           -3549.846  939709           112
           -3549.846  68850            462
           -3549.846  920593           611
           -3549.847  190339           102
           -3549.848  746978           410
           -3549.848  415502           194
           -3549.848  224950           455
           -3549.850  279850           555
           -3549.850  292884           103
           -3549.851  92091            649
           -3549.852  212934           568
           -3549.852  502532           445
           -3549.853  606576           151
           -3549.853  276696           676
           -3549.854  72866            692
           -3549.854  688839           273
           -3549.854  644297           340
           -3549.855  284384           600
           -3549.856  801065           393
           -3549.856  404510           442
           -3549.856  260953           589
           -3549.858  284716           713
           -3549.858  373815           618
           -3549.858  609185           181
           -3549.859  790452           303
           -3549.859  17896            592
           -3549.859  804660           260
           -3549.859  626891           32
           -3549.860  992389           77
           -3549.860  335485           496
           -3549.860  545140           278
           -3549.860  724519           333
           -3549.861  831410           567
           -3549.862  800454           751
           -3549.862  194143           510
           -3549.864  358074           560
           -3549.866  341960           685
           -3549.866  77210            712
           -3549.866  829540           324
           -3549.866  160326           546
           -3549.866  549244           756
           -3549.867  461866           722
           -3549.897  486646           586
           -3549.948  331681           549
           -3550.080  608460           244

4 perturbed starting value run(s) did not converge or were rejected in the third stage.



THE BEST LOGLIKELIHOOD VALUE HAS BEEN REPLICATED.  RERUN WITH AT LEAST TWICE THE
RANDOM STARTS TO CHECK THAT THE BEST LOGLIKELIHOOD IS STILL OBTAINED AND REPLICATED.


THE MODEL ESTIMATION TERMINATED NORMALLY



MODEL FIT INFORMATION

Number of Free Parameters                       16

Loglikelihood

          H0 Value                       -3549.833
          H0 Scaling Correction Factor      1.2015
            for MLR

Information Criteria

          Akaike (AIC)                    7131.666
          Bayesian (BIC)                  7215.957
          Sample-Size Adjusted BIC        7165.131
            (n* = (n + 2) / 24)

Chi-Square Test of Model Fit for the Binary and Ordered Categorical
(Ordinal) Outcomes**

          Pearson Chi-Square

          Value                           1067.541
          Degrees of Freedom                  2010
          P-Value                           1.0000

          Likelihood Ratio Chi-Square

          Value                            250.050
          Degrees of Freedom                  2010
          P-Value                           1.0000

** Of the 3124 cells in the latent class indicator table, 8
   were deleted in the calculation of chi-square due to extreme values.

Chi-Square Test for MCAR under the Unrestricted Latent Class Indicator Model

          Pearson Chi-Square

          Value                            924.063
          Degrees of Freedom                  4139
          P-Value                           1.0000

          Likelihood Ratio Chi-Square

          Value                            646.435
          Degrees of Freedom                  4139
          P-Value                           1.0000



FINAL CLASS COUNTS AND PROPORTIONS FOR THE LATENT CLASSES
BASED ON THE ESTIMATED MODEL

    Latent
   Classes

       1        842.00000          0.58717
       2        592.00000          0.41283


MODEL RESULTS

                                                    Two-Tailed
                    Estimate       S.E.  Est./S.E.    P-Value

Latent Class 1 (1)

 I        |
    SCGHQA_5           1.000      0.000    999.000    999.000
    SCGHQA_6           1.000      0.000    999.000    999.000
    SCGHQA_7           1.000      0.000    999.000    999.000
    SCGHQA_8           1.000      0.000    999.000    999.000
    SCGHQA_10          1.000      0.000    999.000    999.000

 S        |
    SCGHQA_5           0.000      0.000    999.000    999.000
    SCGHQA_6           0.002      0.329      0.006      0.995
    SCGHQA_7          -0.193      0.369     -0.523      0.601
    SCGHQA_8           0.386      0.344      1.122      0.262
    SCGHQA_10          1.000      0.000    999.000    999.000

 S        WITH
    I                  0.485      0.349      1.390      0.165

 Means
    I                  0.175      0.139      1.259      0.208
    S                 -0.309      0.160     -1.932      0.053

 Thresholds
    SCGHQA_5$1        -4.187      0.217    -19.330      0.000
    SCGHQA_5$2         2.262      0.141     16.019      0.000
    SCGHQA_5$3         4.878      0.211     23.149      0.000
    SCGHQA_6$1        -4.187      0.217    -19.330      0.000
    SCGHQA_6$2         2.262      0.141     16.019      0.000
    SCGHQA_6$3         4.878      0.211     23.149      0.000
    SCGHQA_7$1        -4.187      0.217    -19.330      0.000
    SCGHQA_7$2         2.262      0.141     16.019      0.000
    SCGHQA_7$3         4.878      0.211     23.149      0.000
    SCGHQA_8$1        -4.187      0.217    -19.330      0.000
    SCGHQA_8$2         2.262      0.141     16.019      0.000
    SCGHQA_8$3         4.878      0.211     23.149      0.000
    SCGHQA_1$1        -4.187      0.217    -19.330      0.000
    SCGHQA_1$2         2.262      0.141     16.019      0.000
    SCGHQA_1$3         4.878      0.211     23.149      0.000

 Variances
    I                  1.518      0.373      4.065      0.000
    S                  0.326      0.952      0.343      0.732

Latent Class 2 (2)

 I        |
    SCGHQA_5           1.000      0.000    999.000    999.000
    SCGHQA_6           1.000      0.000    999.000    999.000
    SCGHQA_7           1.000      0.000    999.000    999.000
    SCGHQA_8           1.000      0.000    999.000    999.000
    SCGHQA_10          1.000      0.000    999.000    999.000

 S        |
    SCGHQA_5           0.000      0.000    999.000    999.000
    SCGHQA_6           0.002      0.329      0.006      0.995
    SCGHQA_7          -0.193      0.369     -0.523      0.601
    SCGHQA_8           0.386      0.344      1.122      0.262
    SCGHQA_10          1.000      0.000    999.000    999.000

 S        WITH
    I                 -0.576      0.776     -0.742      0.458

 Means
    I                  0.000      0.000    999.000    999.000
    S                 -0.158      0.259     -0.610      0.542

 Thresholds
    SCGHQA_5$1        -4.187      0.217    -19.330      0.000
    SCGHQA_5$2         2.262      0.141     16.019      0.000
    SCGHQA_5$3         4.878      0.211     23.149      0.000
    SCGHQA_6$1        -4.187      0.217    -19.330      0.000
    SCGHQA_6$2         2.262      0.141     16.019      0.000
    SCGHQA_6$3         4.878      0.211     23.149      0.000
    SCGHQA_7$1        -4.187      0.217    -19.330      0.000
    SCGHQA_7$2         2.262      0.141     16.019      0.000
    SCGHQA_7$3         4.878      0.211     23.149      0.000
    SCGHQA_8$1        -4.187      0.217    -19.330      0.000
    SCGHQA_8$2         2.262      0.141     16.019      0.000
    SCGHQA_8$3         4.878      0.211     23.149      0.000
    SCGHQA_1$1        -4.187      0.217    -19.330      0.000
    SCGHQA_1$2         2.262      0.141     16.019      0.000
    SCGHQA_1$3         4.878      0.211     23.149      0.000

 Variances
    I                  1.957      0.496      3.942      0.000
    S                  2.015      1.628      1.238      0.216

Categorical Latent Variables

 Means
    C#1                0.352      0.054      6.568      0.000


QUALITY OF NUMERICAL RESULTS

     Condition Number for the Information Matrix              0.185E-02
       (ratio of smallest to largest eigenvalue)


RESULTS IN PROBABILITY SCALE

                    Estimate

Latent Class 1 (1)

 SCGHQA_5
    Category 1         0.025
    Category 2         0.814
    Category 3         0.143
    Category 4         0.018
 SCGHQA_6
    Category 1         0.025
    Category 2         0.814
    Category 3         0.143
    Category 4         0.018
 SCGHQA_7
    Category 1         0.022
    Category 2         0.815
    Category 3         0.145
    Category 4         0.018
 SCGHQA_8
    Category 1         0.032
    Category 2         0.808
    Category 3         0.140
    Category 4         0.019
 SCGHQA_10
    Category 1         0.050
    Category 2         0.790
    Category 3         0.138
    Category 4         0.022

Latent Class 2 (2)

 SCGHQA_5
    Category 1         0.034
    Category 2         0.812
    Category 3         0.136
    Category 4         0.018
 SCGHQA_6
    Category 1         0.034
    Category 2         0.812
    Category 3         0.136
    Category 4         0.018
 SCGHQA_7
    Category 1         0.037
    Category 2         0.799
    Category 3         0.143
    Category 4         0.021
 SCGHQA_8
    Category 1         0.034
    Category 2         0.822
    Category 3         0.128
    Category 4         0.016
 SCGHQA_10
    Category 1         0.051
    Category 2         0.792
    Category 3         0.136
    Category 4         0.022


STANDARDIZED MODEL RESULTS


STDYX Standardization

                                                    Two-Tailed
                    Estimate       S.E.  Est./S.E.    P-Value

Latent Class 1 (1)

 I        |
    SCGHQA_5           0.562      0.047     11.883      0.000
    SCGHQA_6           0.562      0.059      9.537      0.000
    SCGHQA_7           0.572      0.056     10.283      0.000
    SCGHQA_8           0.539      0.062      8.632      0.000
    SCGHQA_10          0.499      0.058      8.556      0.000

 S        |
    SCGHQA_5           0.000      0.000    999.000    999.000
    SCGHQA_6           0.001      0.086      0.006      0.995
    SCGHQA_7          -0.051      0.069     -0.741      0.459
    SCGHQA_8           0.096      0.157      0.613      0.540
    SCGHQA_10          0.231      0.328      0.705      0.481

 S        WITH
    I                  0.690      1.414      0.488      0.626

 Means
    I                  0.142      0.116      1.228      0.220
    S                 -0.542      0.720     -0.752      0.452

 Thresholds
    SCGHQA_5$1        -1.909      0.102    -18.660      0.000
    SCGHQA_5$2         1.031      0.057     17.954      0.000
    SCGHQA_5$3         2.225      0.090     24.696      0.000
    SCGHQA_6$1        -1.909      0.078    -24.360      0.000
    SCGHQA_6$2         1.031      0.070     14.809      0.000
    SCGHQA_6$3         2.224      0.101     22.019      0.000
    SCGHQA_7$1        -1.945      0.092    -21.130      0.000
    SCGHQA_7$2         1.051      0.081     12.991      0.000
    SCGHQA_7$3         2.266      0.133     17.103      0.000
    SCGHQA_8$1        -1.830      0.107    -17.173      0.000
    SCGHQA_8$2         0.989      0.060     16.593      0.000
    SCGHQA_8$3         2.133      0.099     21.560      0.000
    SCGHQA_1$1        -1.694      0.081    -20.975      0.000
    SCGHQA_1$2         0.915      0.071     12.892      0.000
    SCGHQA_1$3         1.974      0.117     16.893      0.000

 Variances
    I                  1.000      0.000    999.000    999.000
    S                  1.000      0.000    999.000    999.000

Latent Class 2 (2)

 I        |
    SCGHQA_5           0.611      0.049     12.574      0.000
    SCGHQA_6           0.611      0.062      9.784      0.000
    SCGHQA_7           0.594      0.064      9.286      0.000
    SCGHQA_8           0.619      0.067      9.243      0.000
    SCGHQA_10          0.566      0.067      8.479      0.000

 S        |
    SCGHQA_5           0.000      0.000    999.000    999.000
    SCGHQA_6           0.001      0.204      0.006      0.995
    SCGHQA_7          -0.116      0.190     -0.611      0.541
    SCGHQA_8           0.243      0.263      0.922      0.356
    SCGHQA_10          0.574      0.209      2.743      0.006

 S        WITH
    I                 -0.290      0.267     -1.085      0.278

 Means
    I                  0.000      0.000    999.000    999.000
    S                 -0.111      0.169     -0.660      0.509

 Thresholds
    SCGHQA_5$1        -1.828      0.073    -25.011      0.000
    SCGHQA_5$2         0.987      0.073     13.531      0.000
    SCGHQA_5$3         2.130      0.112     18.974      0.000
    SCGHQA_6$1        -1.828      0.088    -20.757      0.000
    SCGHQA_6$2         0.988      0.057     17.378      0.000
    SCGHQA_6$3         2.130      0.089     23.910      0.000
    SCGHQA_7$1        -1.778      0.110    -16.188      0.000
    SCGHQA_7$2         0.961      0.061     15.823      0.000
    SCGHQA_7$3         2.072      0.103     20.096      0.000
    SCGHQA_8$1        -1.853      0.087    -21.278      0.000
    SCGHQA_8$2         1.001      0.060     16.705      0.000
    SCGHQA_8$3         2.160      0.090     23.884      0.000
    SCGHQA_1$1        -1.694      0.101    -16.814      0.000
    SCGHQA_1$2         0.915      0.070     13.042      0.000
    SCGHQA_1$3         1.974      0.123     16.049      0.000

 Variances
    I                  1.000      0.000    999.000    999.000
    S                  1.000      0.000    999.000    999.000


R-SQUARE

Class 1

    Observed                                        Two-Tailed
    Variable        Estimate       S.E.  Est./S.E.    P-Value

    SCGHQA_5           0.316      0.053      5.941      0.000
    SCGHQA_6           0.316      0.050      6.353      0.000
    SCGHQA_7           0.290      0.083      3.494      0.000
    SCGHQA_8           0.371      0.052      7.083      0.000
    SCGHQA_1           0.461      0.063      7.295      0.000

Class 2

    Observed                                        Two-Tailed
    Variable        Estimate       S.E.  Est./S.E.    P-Value

    SCGHQA_5           0.373      0.059      6.287      0.000
    SCGHQA_6           0.373      0.054      6.883      0.000
    SCGHQA_7           0.407      0.058      6.960      0.000
    SCGHQA_8           0.355      0.045      7.947      0.000
    SCGHQA_1           0.462      0.071      6.545      0.000


     Beginning Time:  18:56:11
        Ending Time:  19:07:17
       Elapsed Time:  00:11:06



MUTHEN & MUTHEN
3463 Stoner Ave.
Los Angeles, CA  90066

Tel: (310) 391-9971
Fax: (310) 391-8971
Web: www.StatModel.com
Support: Support@StatModel.com

Copyright (c) 1998-2021 Muthen & Muthen
