Mplus VERSION 8.7
MUTHEN & MUTHEN
11/05/2021   9:37 PM

INPUT INSTRUCTIONS

  TITLE: Your title goes here

   DATA: FILE = flex_time/data.dta;

   VARIABLE:

   NAMES = pidp gridmode mm hidp_5 hidp_6 hidp_7 hidp_8 hidp_9 hidp_10 indmode_5
       indmode_6 indmode_7 indmode_8 indmode_9 indmode_10 mode_type_all mode_type_no9
       mode_type_567 mode_type_7 all no9 p567 p7 switch_all switch_no9 switch_567
       switch_7 lkmove_5 xpmove_5 caruse_5 mobuse_5 netpuse_5 aidxhh_5 jbhas_5 j2has_5
       finnow_5 finfut_5 howlng_5 vote1_5 vote6_5 scsf1_5 scsf2a_5 scsf2b_5 scsf3a_5
       scsf3b_5 scsf4a_5 scsf4b_5 scsf5_5 scsf6a_5 scsf6b_5 scsf6c_5 scsf7_5 scghqa_5
       scghqb_5 scghqc_5 scghqd_5 scghqe_5 scghqf_5 scghqg_5 scghqh_5 scghqi_5
       scghqj_5 scghqk_5 scghql_5 lkmove_6 xpmove_6 caruse_6 mobuse_6 netpuse_6
       aidxhh_6 jbhas_6 j2has_6 finnow_6 finfut_6 howlng_6 vote1_6 vote6_6 scsf1_6
       scsf2a_6 scsf2b_6 scsf3a_6 scsf3b_6 scsf4a_6 scsf4b_6 scsf5_6 scsf6a_6 scsf6b_6
       scsf6c_6 scsf7_6 scghqa_6 scghqb_6 scghqc_6 scghqd_6 scghqe_6 scghqf_6 scghqg_6
       scghqh_6 scghqi_6 scghqj_6 scghqk_6 scghql_6 lkmove_7 xpmove_7 caruse_7
       mobuse_7 netpuse_7 smoker_7 aidxhh_7 jbhas_7 jbterm1_7 jbsemp_7 j2has_7
       fiyrdia_7 finnow_7 finfut_7 howlng_7 vote1_7 vote6_7 scsf2a_7 scsf2b_7 scsf3a_7
       scsf3b_7 scsf4a_7 scsf4b_7 scsf5_7 scsf6a_7 scsf6b_7 scsf6c_7 scsf7_7 scghqa_7
       scghqb_7 scghqc_7 scghqd_7 scghqe_7 scghqf_7 scghqg_7 scghqh_7 scghqi_7
       scghqj_7 scghqk_7 scghql_7 scsf1_7 lkmove_8 xpmove_8 caruse_8 mobuse_8
       netpuse_8 smoker_8 aidxhh_8 jbhas_8 jbterm1_8 jbsemp_8 j2has_8 fiyrdia_8
       finnow_8 finfut_8 scsf2a_8 scsf2b_8 scsf3a_8 scsf3b_8 scsf4a_8 scsf4b_8 scsf5_8
       scsf6a_8 scsf6b_8 scsf6c_8 scsf7_8 scghqa_8 scghqb_8 scghqc_8 scghqd_8 scghqe_8
       scghqf_8 scghqg_8 scghqh_8 scghqi_8 scghqj_8 scghqk_8 scghql_8 scsf1_8 mobuse_9
       netpuse_9 smoker_9 jbhas_9 jbterm1_9 jbsemp_9 j2has_9 fiyrdia_9 finnow_9
       finfut_9 lkmove_10 xpmove_10 mobuse_10 netpuse_10 smoker_10 aidxhh_10 jbhas_10
       jbterm1_10 jbsemp_10 j2has_10 fiyrdia_10 finnow_10 finfut_10 scsf1_10 scsf2a_10
       scsf2b_10 scsf3a_10 scsf3b_10 scsf4a_10 scsf4b_10 scsf5_10 scsf6a_10 scsf6b_10
       scsf6c_10 scsf7_10 scghqa_10 scghqb_10 scghqc_10 scghqd_10 scghqe_10 scghqf_10
       scghqg_10 scghqh_10 scghqi_10 scghqj_10 scghqk_10 scghql_10 edu agecat female
       partner sf1 longill london north urban refresh Higher A level GCSE Other age_35
       age_55 age_75 age_102 pred_all pred_no9 pred_p567 pred_p7 pred_all_w pred_no9_w
       pred_p567_w pred_p7_w;

   MISSING=.;

   USEVARIABLES ARE
   xpmove_5
   xpmove_6
   xpmove_7
   xpmove_8
   xpmove_10;

   CATEGORICAL ARE
   xpmove_5
   xpmove_6
   xpmove_7
   xpmove_8
   xpmove_10;
   CLASSES = c(2);

    KNOWNCLASS = c(mm= 1 2);

   ANALYSIS:


      TYPE = MIXTURE;

      ESTIMATOR = MLR;

      ALGORITHM = INTEGRATION;

      Processors = 8(starts);

      STARTS = 800 200;

   Model:


      %OVERALL%

  i s | xpmove_5@0 xpmove_6 xpmove_7 xpmove_8 xpmove_10@1;
   %c#1%
  [s] (a);
   s (b);
   s WITH i (c);
   i (d);
  s BY xpmove_6 (j)
   xpmove_7 (k)
   xpmove_8 (l);

   %c#2%
  [s] (a);
   s (b);
   s WITH i (c);
   i (d);
  s BY xpmove_6 (j)
   xpmove_7 (k)
   xpmove_8 (l);

   OUTPUT: SAMPSTAT;

                                  STDYX;




*** WARNING in VARIABLE command
  Note that only the first 8 characters of variable names are used in the output.
  Shorten variable names to avoid any confusion.
*** WARNING
  Data set contains unknown or missing values for variable MM.
  This variable is used to determine the KNOWNCLASS specification.
  Number of such cases:  458
*** WARNING
  Data set contains cases with missing on all variables.
  These cases were not included in the analysis.
  Number of cases with missing on all variables:  99
   3 WARNING(S) FOUND IN THE INPUT INSTRUCTIONS



Your title goes here

SUMMARY OF ANALYSIS

Number of groups                                                 1
Number of observations                                        1500

Number of dependent variables                                    5
Number of independent variables                                  0
Number of continuous latent variables                            2
Number of categorical latent variables                           1

Observed dependent variables

  Binary and ordered categorical (ordinal)
   XPMOVE_5    XPMOVE_6    XPMOVE_7    XPMOVE_8    XPMOVE_1

Continuous latent variables
   I           S

Categorical latent variables
   C

  Knownclass            C


Estimator                                                      MLR
Information matrix                                        OBSERVED
Optimization Specifications for the Quasi-Newton Algorithm for
Continuous Outcomes
  Maximum number of iterations                                 100
  Convergence criterion                                  0.100D-05
Optimization Specifications for the EM Algorithm
  Maximum number of iterations                                 500
  Convergence criteria
    Loglikelihood change                                 0.100D-02
    Relative loglikelihood change                        0.100D-05
    Derivative                                           0.100D-02
Optimization Specifications for the M step of the EM Algorithm for
Categorical Latent variables
  Number of M step iterations                                    1
  M step convergence criterion                           0.100D-02
  Basis for M step termination                           ITERATION
Optimization Specifications for the M step of the EM Algorithm for
Censored, Binary or Ordered Categorical (Ordinal), Unordered
Categorical (Nominal) and Count Outcomes
  Number of M step iterations                                    1
  M step convergence criterion                           0.100D-02
  Basis for M step termination                           ITERATION
  Maximum value for logit thresholds                            15
  Minimum value for logit thresholds                           -15
  Minimum expected cell size for chi-square              0.100D-01
Maximum number of iterations for H1                           2000
Convergence criterion for H1                             0.100D-03
Optimization algorithm                                         EMA
Integration Specifications
  Type                                                    STANDARD
  Number of integration points                                  15
  Dimensions of numerical integration                            2
  Adaptive quadrature                                           ON
Random Starts Specifications
  Number of initial stage random starts                        800
  Number of final stage optimizations                          200
  Number of initial stage iterations                            10
  Initial stage convergence criterion                    0.100D+01
  Random starts scale                                    0.500D+01
  Random seed for generating random starts                       0
Link                                                         LOGIT
Cholesky                                                        ON

Input data file(s)
  flex_time/data.dta
Input data format  FREE


SUMMARY OF DATA

     Number of missing data patterns            31
     Number of y missing data patterns           0
     Number of u missing data patterns          31


COVARIANCE COVERAGE OF DATA

Minimum covariance coverage value   0.100


     PROPORTION OF DATA PRESENT FOR U


           Covariance Coverage
              XPMOVE_5      XPMOVE_6      XPMOVE_7      XPMOVE_8      XPMOVE_1
              ________      ________      ________      ________      ________
 XPMOVE_5       0.662
 XPMOVE_6       0.559         0.663
 XPMOVE_7       0.451         0.491         0.639
 XPMOVE_8       0.417         0.456         0.495         0.607
 XPMOVE_1       0.369         0.401         0.421         0.456         0.557


UNIVARIATE PROPORTIONS AND COUNTS FOR CATEGORICAL VARIABLES

    XPMOVE_5
      Category 1    0.884          878.000
      Category 2    0.116          115.000
    XPMOVE_6
      Category 1    0.879          875.000
      Category 2    0.121          120.000
    XPMOVE_7
      Category 1    0.883          847.000
      Category 2    0.117          112.000
    XPMOVE_8
      Category 1    0.894          814.000
      Category 2    0.106           97.000
    XPMOVE_1
      Category 1    0.895          747.000
      Category 2    0.105           88.000


SAMPLE STATISTICS

RANDOM STARTS RESULTS RANKED FROM THE BEST TO THE WORST LOGLIKELIHOOD VALUES

Final stage loglikelihood values at local maxima, seeds, and initial stage start numbers:

           -2597.587  210870           383
           -2597.587  320494           465
           -2597.587  315029           471
           -2597.587  790059           469
           -2597.587  327140           678
           -2597.587  584397           428
           -2597.587  440368           797
           -2597.587  355674           540
           -2597.587  667250           318
           -2597.587  897782           545
           -2597.587  840078           203
           -2597.587  741888           138
           -2597.587  966014           37
           -2597.587  659832           754
           -2597.587  721392           768
           -2597.587  43523            297
           -2597.587  227563           63
           -2597.587  14262            781
           -2597.587  576726           280
           -2597.587  850545           357
           -2597.587  468036           131
           -2597.587  645664           39
           -2597.587  710445           792
           -2597.587  175199           247
           -2597.587  341519           653
           -2597.587  481835           57
           -2597.587  948615           140
           -2597.587  519357           559
           -2597.587  373815           618
           -2597.587  804660           260
           -2597.587  913639           162
           -2597.587  318230           46
           -2597.587  696830           668
           -2597.587  856536           144
           -2597.587  657994           788
           -2597.587  266340           683
           -2597.587  59674            240
           -2597.587  760531           550
           -2597.587  512836           289
           -2597.587  34346            330
           -2597.587  996231           310
           -2597.587  562716           300
           -2597.587  801717           364
           -2597.587  879211           453
           -2597.587  72866            692
           -2597.587  170954           86
           -2597.587  117731           570
           -2597.587  965994           396
           -2597.587  404042           675
           -2597.587  436460           89
           -2597.587  232226           235
           -2597.587  760878           249
           -2597.587  804561           59
           -2597.587  659773           663
           -2597.587  947714           573
           -2597.587  939021           8
           -2597.587  551340           766
           -2597.587  605358           321
           -2597.587  888905           444
           -2597.587  638977           643
           -2597.587  849670           347
           -2597.587  251680           794
           -2597.587  496881           192
           -2597.587  351807           617
           -2597.587  654136           167
           -2597.587  163110           584
           -2597.587  926762           704
           -2597.587  192191           629
           -2597.587  999211           628
           -2597.587  276102           599
           -2597.587  754100           56
           -2597.587  118421           139
           -2597.587  673496           218
           -2597.587  922596           456
           -2597.587  618000           190
           -2597.587  349263           263
           -2597.587  647617           725
           -2597.587  566739           575
           -2597.587  794236           127
           -2597.587  848969           173
           -2597.587  696773           80
           -2597.587  606576           151
           -2597.587  88437            761
           -2597.587  604861           800
           -2597.587  505244           582
           -2597.587  93468            3
           -2597.587  677062           680
           -2597.587  314034           513
           -2597.587  157351           579
           -2597.587  440841           118
           -2597.587  15715            274
           -2597.587  692169           308
           -2597.587  508482           446
           -2597.587  92689            304
           -2597.587  443442           380
           -2597.588  471040           403
           -2597.588  285380           1
           -2597.588  544048           87
           -2597.588  616917           261
           -2597.588  798821           423
           -2597.588  838615           677
           -2597.588  489927           520
           -2597.588  742609           531
           -2597.588  552272           654
           -2597.588  7195             697
           -2597.588  246261           38
           -2597.588  259507           53
           -2597.588  340112           126
           -2597.588  106561           686
           -2597.588  358488           264
           -2597.588  137305           379
           -2597.588  505879           424
           -2597.588  728038           177
           -2597.588  414828           322
           -2597.588  775881           778
           -2597.588  188640           451
           -2597.588  887580           493
           -2599.298  137377           397
           -2599.298  566687           597
           -2599.298  347515           24
           -2599.298  631413           439
           -2599.298  782821           272
           -2599.298  195353           225
           -2599.300  830570           369
           -2599.300  153942           31
           -2599.300  268896           124
           -2599.300  526324           178
           -2599.300  580539           786
           -2599.300  354395           486
           -2599.301  370481           742
           -2599.301  473942           574
           -2599.301  483369           270
           -2599.301  349360           464
           -2599.302  298553           773
           -2599.302  160326           546
           -2599.303  626891           32
           -2599.304  51375            148
           -2599.304  217130           443
           -2599.304  117391           710
           -2599.305  991329           182
           -2599.305  335485           496
           -2599.306  267983           228
           -2599.307  282464           283
           -2599.308  360419           356
           -2599.309  314757           345
           -2599.311  252346           528
           -2599.313  195873           6
           -2599.313  978781           497
           -2599.314  603842           61
           -2599.314  79212            517
           -2599.314  375590           438
           -2599.314  484406           421
           -2599.314  939709           112
           -2599.314  92091            649
           -2599.314  437181           135
           -2599.314  506886           576
           -2599.314  49293            707
           -2599.314  701525           239
           -2599.314  910224           580
           -2599.314  876943           650
           -2599.314  343926           624
           -2599.315  284384           600
           -2600.113  724519           333
           -2600.114  373505           88
           -2600.114  829540           324
           -2600.114  84013            598
           -2600.114  622860           259
           -2600.114  264901           634
           -2600.114  788796           145
           -2600.115  722748           346
           -2600.115  608496           4
           -2600.116  662718           460
           -2600.117  120506           45
           -2600.118  900631           774
           -2600.119  126371           526
           -2600.119  383979           603
           -2600.120  107446           12
           -2600.120  263049           454
           -2600.121  860772           174
           -2600.138  455617           242
           -2600.142  614535           449
           -2600.147  438144           271
           -2600.156  879338           309
           -2600.164  547702           767
           -2600.172  940533           764
           -2600.479  327475           518
           -2601.022  298275           418
           -2601.043  209031           632

12 perturbed starting value run(s) did not converge or were rejected in the third stage.



THE BEST LOGLIKELIHOOD VALUE HAS BEEN REPLICATED.  RERUN WITH AT LEAST TWICE THE
RANDOM STARTS TO CHECK THAT THE BEST LOGLIKELIHOOD IS STILL OBTAINED AND REPLICATED.


THE MODEL ESTIMATION TERMINATED NORMALLY



MODEL FIT INFORMATION

Number of Free Parameters                       10

Loglikelihood

          H0 Value                       -2597.587
          H0 Scaling Correction Factor      1.0419
            for MLR

Information Criteria

          Akaike (AIC)                    5215.174
          Bayesian (BIC)                  5268.306
          Sample-Size Adjusted BIC        5236.539
            (n* = (n + 2) / 24)

Chi-Square Test of Model Fit for the Binary and Ordered Categorical
(Ordinal) Outcomes

          Pearson Chi-Square

          Value                             86.792
          Degrees of Freedom                    53
          P-Value                           0.0023

          Likelihood Ratio Chi-Square

          Value                             57.349
          Degrees of Freedom                    53
          P-Value                           0.3171

Chi-Square Test for MCAR under the Unrestricted Latent Class Indicator Model

          Pearson Chi-Square

          Value                            416.431
          Degrees of Freedom                   359
          P-Value                           0.0195

          Likelihood Ratio Chi-Square

          Value                            339.760
          Degrees of Freedom                   359
          P-Value                           0.7600



FINAL CLASS COUNTS AND PROPORTIONS FOR THE LATENT CLASSES
BASED ON THE ESTIMATED MODEL

    Latent
   Classes

       1        876.00000          0.58400
       2        624.00000          0.41600


MODEL RESULTS

                                                    Two-Tailed
                    Estimate       S.E.  Est./S.E.    P-Value

Latent Class 1 (1)

 I        |
    XPMOVE_5           1.000      0.000    999.000    999.000
    XPMOVE_6           1.000      0.000    999.000    999.000
    XPMOVE_7           1.000      0.000    999.000    999.000
    XPMOVE_8           1.000      0.000    999.000    999.000
    XPMOVE_10          1.000      0.000    999.000    999.000

 S        |
    XPMOVE_5           0.000      0.000    999.000    999.000
    XPMOVE_6           0.064      0.180      0.358      0.721
    XPMOVE_7           0.780      0.218      3.573      0.000
    XPMOVE_8           0.882      0.158      5.590      0.000
    XPMOVE_10          1.000      0.000    999.000    999.000

 S        WITH
    I                 -2.945      1.264     -2.330      0.020

 Means
    I                  0.401      0.165      2.434      0.015
    S                  0.365      0.339      1.076      0.282

 Thresholds
    XPMOVE_5$1         3.488      0.282     12.379      0.000
    XPMOVE_6$1         3.488      0.282     12.379      0.000
    XPMOVE_7$1         3.488      0.282     12.379      0.000
    XPMOVE_8$1         3.488      0.282     12.379      0.000
    XPMOVE_1$1         3.488      0.282     12.379      0.000

 Variances
    I                  4.851      1.251      3.879      0.000
    S                  4.136      1.567      2.640      0.008

Latent Class 2 (2)

 I        |
    XPMOVE_5           1.000      0.000    999.000    999.000
    XPMOVE_6           1.000      0.000    999.000    999.000
    XPMOVE_7           1.000      0.000    999.000    999.000
    XPMOVE_8           1.000      0.000    999.000    999.000
    XPMOVE_10          1.000      0.000    999.000    999.000

 S        |
    XPMOVE_5           0.000      0.000    999.000    999.000
    XPMOVE_6           0.064      0.180      0.358      0.721
    XPMOVE_7           0.780      0.218      3.573      0.000
    XPMOVE_8           0.882      0.158      5.590      0.000
    XPMOVE_10          1.000      0.000    999.000    999.000

 S        WITH
    I                 -2.945      1.264     -2.330      0.020

 Means
    I                  0.000      0.000    999.000    999.000
    S                  0.365      0.339      1.076      0.282

 Thresholds
    XPMOVE_5$1         3.488      0.282     12.379      0.000
    XPMOVE_6$1         3.488      0.282     12.379      0.000
    XPMOVE_7$1         3.488      0.282     12.379      0.000
    XPMOVE_8$1         3.488      0.282     12.379      0.000
    XPMOVE_1$1         3.488      0.282     12.379      0.000

 Variances
    I                  4.851      1.251      3.879      0.000
    S                  4.136      1.567      2.640      0.008

Categorical Latent Variables

 Means
    C#1                0.339      0.052      6.475      0.000


QUALITY OF NUMERICAL RESULTS

     Condition Number for the Information Matrix              0.573E-02
       (ratio of smallest to largest eigenvalue)


RESULTS IN PROBABILITY SCALE

                    Estimate

Latent Class 1 (1)

 XPMOVE_5
    Category 1         0.863
    Category 2         0.137
 XPMOVE_6
    Category 1         0.867
    Category 2         0.133
 XPMOVE_7
    Category 1         0.877
    Category 2         0.123
 XPMOVE_8
    Category 1         0.872
    Category 2         0.128
 XPMOVE_10
    Category 1         0.864
    Category 2         0.136

Latent Class 2 (2)

 XPMOVE_5
    Category 1         0.892
    Category 2         0.108
 XPMOVE_6
    Category 1         0.896
    Category 2         0.104
 XPMOVE_7
    Category 1         0.907
    Category 2         0.093
 XPMOVE_8
    Category 1         0.903
    Category 2         0.097
 XPMOVE_10
    Category 1         0.896
    Category 2         0.104


STANDARDIZED MODEL RESULTS


STDYX Standardization

                                                    Two-Tailed
                    Estimate       S.E.  Est./S.E.    P-Value

Latent Class 1 (1)

 I        |
    XPMOVE_5           0.772      0.040     19.195      0.000
    XPMOVE_6           0.790      0.076     10.370      0.000
    XPMOVE_7           0.895      0.114      7.847      0.000
    XPMOVE_8           0.887      0.118      7.518      0.000
    XPMOVE_10          0.872      0.122      7.137      0.000

 S        |
    XPMOVE_5           0.000      0.000    999.000    999.000
    XPMOVE_6           0.047      0.137      0.343      0.731
    XPMOVE_7           0.644      0.214      3.019      0.003
    XPMOVE_8           0.723      0.157      4.600      0.000
    XPMOVE_10          0.805      0.140      5.731      0.000

 S        WITH
    I                 -0.658      0.115     -5.727      0.000

 Means
    I                  0.182      0.080      2.279      0.023
    S                  0.179      0.158      1.132      0.258

 Thresholds
    XPMOVE_5$1         1.223      0.060     20.247      0.000
    XPMOVE_6$1         1.251      0.091     13.702      0.000
    XPMOVE_7$1         1.417      0.119     11.940      0.000
    XPMOVE_8$1         1.405      0.127     11.078      0.000
    XPMOVE_1$1         1.380      0.135     10.189      0.000

 Variances
    I                  1.000      0.000    999.000    999.000
    S                  1.000      0.000    999.000    999.000

Latent Class 2 (2)

 I        |
    XPMOVE_5           0.772      0.040     19.195      0.000
    XPMOVE_6           0.790      0.076     10.370      0.000
    XPMOVE_7           0.895      0.114      7.847      0.000
    XPMOVE_8           0.887      0.118      7.518      0.000
    XPMOVE_10          0.872      0.122      7.137      0.000

 S        |
    XPMOVE_5           0.000      0.000    999.000    999.000
    XPMOVE_6           0.047      0.137      0.343      0.731
    XPMOVE_7           0.644      0.214      3.019      0.003
    XPMOVE_8           0.723      0.157      4.600      0.000
    XPMOVE_10          0.805      0.140      5.731      0.000

 S        WITH
    I                 -0.658      0.115     -5.727      0.000

 Means
    I                  0.000      0.000    999.000    999.000
    S                  0.179      0.158      1.132      0.258

 Thresholds
    XPMOVE_5$1         1.223      0.060     20.247      0.000
    XPMOVE_6$1         1.251      0.091     13.702      0.000
    XPMOVE_7$1         1.417      0.119     11.940      0.000
    XPMOVE_8$1         1.405      0.127     11.078      0.000
    XPMOVE_1$1         1.380      0.135     10.189      0.000

 Variances
    I                  1.000      0.000    999.000    999.000
    S                  1.000      0.000    999.000    999.000


R-SQUARE

Class 1

    Observed                                        Two-Tailed
    Variable        Estimate       S.E.  Est./S.E.    P-Value

    XPMOVE_5           0.596      0.062      9.597      0.000
    XPMOVE_6           0.577      0.068      8.525      0.000
    XPMOVE_7           0.457      0.053      8.634      0.000
    XPMOVE_8           0.466      0.058      7.977      0.000
    XPMOVE_1           0.485      0.063      7.711      0.000

Class 2

    Observed                                        Two-Tailed
    Variable        Estimate       S.E.  Est./S.E.    P-Value

    XPMOVE_5           0.596      0.062      9.597      0.000
    XPMOVE_6           0.577      0.068      8.525      0.000
    XPMOVE_7           0.457      0.053      8.634      0.000
    XPMOVE_8           0.466      0.058      7.977      0.000
    XPMOVE_1           0.485      0.063      7.711      0.000

Available post-processing tools

  Latent class indicator odds ratios

     Beginning Time:  21:37:37
        Ending Time:  21:41:32
       Elapsed Time:  00:03:55



MUTHEN & MUTHEN
3463 Stoner Ave.
Los Angeles, CA  90066

Tel: (310) 391-9971
Fax: (310) 391-8971
Web: www.StatModel.com
Support: Support@StatModel.com

Copyright (c) 1998-2021 Muthen & Muthen
