Mplus VERSION 8.7
MUTHEN & MUTHEN
11/04/2021   1:29 PM

INPUT INSTRUCTIONS

  TITLE: Your title goes here

   DATA: FILE = flex_time/data.dta;

   VARIABLE:

   NAMES = pidp gridmode mm hidp_5 hidp_6 hidp_7 hidp_8 hidp_9 hidp_10 indmode_5
       indmode_6 indmode_7 indmode_8 indmode_9 indmode_10 mode_type_all mode_type_no9
       mode_type_567 mode_type_7 all no9 p567 p7 switch_all switch_no9 switch_567
       switch_7 lkmove_5 xpmove_5 caruse_5 mobuse_5 netpuse_5 aidxhh_5 jbhas_5 j2has_5
       finnow_5 finfut_5 howlng_5 vote1_5 vote6_5 scsf1_5 scsf2a_5 scsf2b_5 scsf3a_5
       scsf3b_5 scsf4a_5 scsf4b_5 scsf5_5 scsf6a_5 scsf6b_5 scsf6c_5 scsf7_5 scghqa_5
       scghqb_5 scghqc_5 scghqd_5 scghqe_5 scghqf_5 scghqg_5 scghqh_5 scghqi_5
       scghqj_5 scghqk_5 scghql_5 lkmove_6 xpmove_6 caruse_6 mobuse_6 netpuse_6
       aidxhh_6 jbhas_6 j2has_6 finnow_6 finfut_6 howlng_6 vote1_6 vote6_6 scsf1_6
       scsf2a_6 scsf2b_6 scsf3a_6 scsf3b_6 scsf4a_6 scsf4b_6 scsf5_6 scsf6a_6 scsf6b_6
       scsf6c_6 scsf7_6 scghqa_6 scghqb_6 scghqc_6 scghqd_6 scghqe_6 scghqf_6 scghqg_6
       scghqh_6 scghqi_6 scghqj_6 scghqk_6 scghql_6 lkmove_7 xpmove_7 caruse_7
       mobuse_7 netpuse_7 smoker_7 aidxhh_7 jbhas_7 jbterm1_7 jbsemp_7 j2has_7
       fiyrdia_7 finnow_7 finfut_7 howlng_7 vote1_7 vote6_7 scsf2a_7 scsf2b_7 scsf3a_7
       scsf3b_7 scsf4a_7 scsf4b_7 scsf5_7 scsf6a_7 scsf6b_7 scsf6c_7 scsf7_7 scghqa_7
       scghqb_7 scghqc_7 scghqd_7 scghqe_7 scghqf_7 scghqg_7 scghqh_7 scghqi_7
       scghqj_7 scghqk_7 scghql_7 scsf1_7 lkmove_8 xpmove_8 caruse_8 mobuse_8
       netpuse_8 smoker_8 aidxhh_8 jbhas_8 jbterm1_8 jbsemp_8 j2has_8 fiyrdia_8
       finnow_8 finfut_8 scsf2a_8 scsf2b_8 scsf3a_8 scsf3b_8 scsf4a_8 scsf4b_8 scsf5_8
       scsf6a_8 scsf6b_8 scsf6c_8 scsf7_8 scghqa_8 scghqb_8 scghqc_8 scghqd_8 scghqe_8
       scghqf_8 scghqg_8 scghqh_8 scghqi_8 scghqj_8 scghqk_8 scghql_8 scsf1_8 mobuse_9
       netpuse_9 smoker_9 jbhas_9 jbterm1_9 jbsemp_9 j2has_9 fiyrdia_9 finnow_9
       finfut_9 lkmove_10 xpmove_10 mobuse_10 netpuse_10 smoker_10 aidxhh_10 jbhas_10
       jbterm1_10 jbsemp_10 j2has_10 fiyrdia_10 finnow_10 finfut_10 scsf1_10 scsf2a_10
       scsf2b_10 scsf3a_10 scsf3b_10 scsf4a_10 scsf4b_10 scsf5_10 scsf6a_10 scsf6b_10
       scsf6c_10 scsf7_10 scghqa_10 scghqb_10 scghqc_10 scghqd_10 scghqe_10 scghqf_10
       scghqg_10 scghqh_10 scghqi_10 scghqj_10 scghqk_10 scghql_10 edu agecat female
       partner sf1 longill london north urban refresh Higher A level GCSE Other age_35
       age_55 age_75 age_102 pred_all pred_no9 pred_p567 pred_p7 pred_all_w pred_no9_w
       pred_p567_w pred_p7_w;

   MISSING=.;

   USEVARIABLES ARE
   j2has_5
   j2has_6
   j2has_7
   j2has_8
   j2has_9
   j2has_10;

   CATEGORICAL ARE
   j2has_5
   j2has_6
   j2has_7
   j2has_8
   j2has_9
   j2has_10;
   CLASSES = c(2);

    KNOWNCLASS = c(all= 1 2);
  WEIGHT IS pred_all_w;

   ANALYSIS:


      TYPE = MIXTURE;

      ESTIMATOR = MLR;

      ALGORITHM = INTEGRATION;

      Processors = 8(starts);

      STARTS = 800 200;

   Model:


      %OVERALL%

  i s | j2has_5@0 j2has_6 j2has_7 j2has_8 j2has_9 j2has_10@1;
   %c#1%
  [s] ;
   s ;
   s WITH i ;
   i ;

   %c#2%
  [s] ;
   s ;
   s WITH i ;
   i ;

   OUTPUT: SAMPSTAT;

                                  STDYX;




*** WARNING
  One or more observations has a value of 0 for the WEIGHT variable.  Consider using the
  SUBPOPULATION option to restrict the analysis to observations with a positive weight.
*** WARNING
  Data set contains unknown or missing values for variable ALL.
  This variable is used to determine the KNOWNCLASS specification.
  Number of such cases:  91
*** WARNING
  Data set contains cases with missing on all variables.
  These cases were not included in the analysis.
  Number of cases with missing on all variables:  3
   3 WARNING(S) FOUND IN THE INPUT INSTRUCTIONS



Your title goes here

SUMMARY OF ANALYSIS

Number of groups                                                 1
Number of observations                                        1963

Number of dependent variables                                    6
Number of independent variables                                  0
Number of continuous latent variables                            2
Number of categorical latent variables                           1

Observed dependent variables

  Binary and ordered categorical (ordinal)
   J2HAS_5     J2HAS_6     J2HAS_7     J2HAS_8     J2HAS_9     J2HAS_10

Continuous latent variables
   I           S

Categorical latent variables
   C

  Knownclass            C

Variables with special functions

  Weight variable       PRED_ALL

Estimator                                                      MLR
Information matrix                                        OBSERVED
Optimization Specifications for the Quasi-Newton Algorithm for
Continuous Outcomes
  Maximum number of iterations                                 100
  Convergence criterion                                  0.100D-05
Optimization Specifications for the EM Algorithm
  Maximum number of iterations                                 500
  Convergence criteria
    Loglikelihood change                                 0.100D-02
    Relative loglikelihood change                        0.100D-05
    Derivative                                           0.100D-02
Optimization Specifications for the M step of the EM Algorithm for
Categorical Latent variables
  Number of M step iterations                                    1
  M step convergence criterion                           0.100D-02
  Basis for M step termination                           ITERATION
Optimization Specifications for the M step of the EM Algorithm for
Censored, Binary or Ordered Categorical (Ordinal), Unordered
Categorical (Nominal) and Count Outcomes
  Number of M step iterations                                    1
  M step convergence criterion                           0.100D-02
  Basis for M step termination                           ITERATION
  Maximum value for logit thresholds                            15
  Minimum value for logit thresholds                           -15
  Minimum expected cell size for chi-square              0.100D-01
Maximum number of iterations for H1                           2000
Convergence criterion for H1                             0.100D-03
Optimization algorithm                                         EMA
Integration Specifications
  Type                                                    STANDARD
  Number of integration points                                  15
  Dimensions of numerical integration                            2
  Adaptive quadrature                                           ON
Random Starts Specifications
  Number of initial stage random starts                        800
  Number of final stage optimizations                          200
  Number of initial stage iterations                            10
  Initial stage convergence criterion                    0.100D+01
  Random starts scale                                    0.500D+01
  Random seed for generating random starts                       0
Link                                                         LOGIT
Cholesky                                                        ON

Input data file(s)
  flex_time/data.dta
Input data format  FREE


SUMMARY OF DATA

     Number of missing data patterns            61
     Number of y missing data patterns           0
     Number of u missing data patterns          61


COVARIANCE COVERAGE OF DATA

Minimum covariance coverage value   0.100


     PROPORTION OF DATA PRESENT FOR U


           Covariance Coverage
              J2HAS_5       J2HAS_6       J2HAS_7       J2HAS_8       J2HAS_9
              ________      ________      ________      ________      ________
 J2HAS_5        0.504
 J2HAS_6        0.426         0.505
 J2HAS_7        0.349         0.380         0.591
 J2HAS_8        0.323         0.356         0.477         0.564
 J2HAS_9        0.304         0.334         0.445         0.473         0.542
 J2HAS_10       0.285         0.311         0.398         0.425         0.437


           Covariance Coverage
              J2HAS_10
              ________
 J2HAS_10       0.630


UNIVARIATE PROPORTIONS AND COUNTS FOR CATEGORICAL VARIABLES

    J2HAS_5
      Category 1    0.946         1540.968
      Category 2    0.054           87.675
    J2HAS_6
      Category 1    0.956         1530.078
      Category 2    0.044           69.907
    J2HAS_7
      Category 1    0.959         1216.652
      Category 2    0.041           51.710
    J2HAS_8
      Category 1    0.954         1085.472
      Category 2    0.046           51.843
    J2HAS_9
      Category 1    0.949         1002.514
      Category 2    0.051           54.104
    J2HAS_10
      Category 1    0.966          927.534
      Category 2    0.034           32.567


SAMPLE STATISTICS

RANDOM STARTS RESULTS RANKED FROM THE BEST TO THE WORST LOGLIKELIHOOD VALUES

Final stage loglikelihood values at local maxima, seeds, and initial stage start numbers:

           -2339.991  760531           550
           -2339.991  440368           797
           -2339.991  694303           282
           -2339.991  354624           448
           -2339.991  520865           763
           -2339.991  117391           710
           -2339.991  438144           271
           -2339.991  263049           454
           -2339.991  900631           774
           -2339.991  314084           81
           -2339.991  860029           760
           -2339.991  778953           635
           -2339.991  792389           746
           -2339.991  232226           235
           -2339.991  921023           782
           -2339.991  343926           624
           -2339.991  647617           725
           -2339.991  521575           313
           -2339.991  318230           46
           -2339.991  891347           504
           -2339.991  939709           112
           -2339.991  728038           177
           -2339.991  84013            598
           -2339.991  43523            297
           -2339.991  913639           162
           -2339.991  518828           432
           -2339.991  903633           553
           -2339.991  848163           47
           -2339.991  284109           82
           -2339.991  970689           266
           -2339.991  790452           303
           -2339.991  963053           43
           -2339.991  55115            408
           -2339.991  918558           412
           -2339.991  650371           14
           -2339.991  715255           523
           -2339.991  341041           34
           -2339.991  282464           283
           -2339.991  279850           555
           -2339.991  605358           321
           -2339.991  373505           88
           -2339.991  790059           469
           -2339.991  264935           281
           -2339.991  166851           638
           -2339.991  659773           663
           -2339.991  259507           53
           -2339.991  194143           510
           -2339.991  602032           648
           -2339.991  315029           471
           -2339.991  674171           195
           -2339.991  138695           783
           -2339.991  609185           181
           -2339.991  484501           163
           -2339.991  631413           439
           -2339.991  666720           671
           -2339.991  507218           613
           -2339.991  466971           109
           -2339.991  879211           453
           -2339.991  642386           662
           -2339.991  192071           142
           -2339.991  848331           137
           -2339.991  871438           561
           -2339.991  971693           470
           -2339.991  566687           597
           -2339.991  7195             697
           -2339.991  372176           23
           -2339.991  686384           690
           -2339.991  926762           704
           -2339.992  996231           310
           -2339.992  742609           531
           -2339.992  688839           273
           -2339.992  679832           302
           -2339.992  677062           680
           -2339.992  340112           126
           -2339.992  46437            153
           -2339.992  89970            223
           -2339.992  220454           288
           -2339.992  809240           543
           -2339.992  926797           406
           -2339.992  22874            588
           -2339.992  227563           63
           -2339.992  741888           138
           -2339.992  638577           769
           -2339.992  127362           757
           -2339.992  859432           770
           -2339.992  210870           383
           -2339.992  535063           329
           -2339.992  565819           65
           -2339.992  354395           486
           -2339.992  168762           200
           -2339.992  937885           426
           -2339.992  863094           147
           -2339.992  238906           430
           -2339.992  696773           80
           -2339.992  802682           419
           -2339.992  856612           700
           -2339.992  178031           720
           -2339.992  947714           573
           -2339.992  391949           295
           -2339.992  307843           664
           -2339.992  638977           643
           -2339.992  379729           512
           -2339.992  502157           799
           -2339.992  610181           711
           -2339.992  79212            517
           -2339.992  801065           393
           -2339.992  291149           536
           -2339.992  644297           340
           -2339.992  21132            351
           -2339.992  625191           350
           -2339.992  303834           798
           -2339.992  642909           251
           -2339.992  364676           27
           -2339.992  891531           206
           -2339.992  341960           685
           -2339.992  220492           743
           -2339.992  614009           317
           -2339.992  308582           752
           -2339.992  160326           546
           -2339.992  830570           369
           -2339.992  195353           225
           -2339.992  213532           503
           -2339.992  749453           33
           -2339.992  264081           186
           -2339.992  7959             256
           -2339.992  599729           658
           -2339.992  395754           388
           -2339.992  696830           668
           -2339.992  unperturbed      0
           -2339.992  399848           220
           -2339.992  14262            781
           -2339.992  879338           309
           -2339.992  640833           434
           -2339.992  794236           127
           -2339.992  499150           216
           -2339.992  266340           683
           -2339.992  721392           768
           -2339.992  335485           496
           -2339.992  915107           54
           -2339.992  966014           37
           -2339.992  629320           222
           -2339.992  824126           287
           -2339.992  939870           655
           -2339.992  752769           253
           -2339.992  373815           618
           -2339.992  829540           324
           -2339.992  341519           653
           -2339.992  846194           93
           -2339.992  862607           468
           -2339.992  669639           699
           -2339.992  686482           215
           -2339.992  562716           300
           -2339.992  284716           713
           -2339.992  276696           676
           -2339.992  375590           438
           -2339.992  563002           360
           -2339.992  441191           361
           -2339.992  193569           440
           -2339.992  434915           552
           -2339.992  853781           716
           -2339.992  267983           228
           -2339.993  783110           72
           -2339.993  978781           497
           -2339.993  354208           196
           -2339.993  12477            155
           -2339.993  25127            107
           -2339.993  371246           101
           -2339.993  850545           357
           -2339.994  982520           737
           -2339.994  370957           554
           -2339.994  496881           192
           -2339.995  190339           102
           -2339.995  802256           477
           -2339.995  17896            592
           -2339.995  506886           576
           -2339.996  939021           8
           -2339.996  848356           602
           -2339.996  35191            703
           -2339.996  153053           378
           -2349.997  951709           348
           -2351.285  910224           580
           -2351.285  931874           141
           -2351.288  349562           359
           -2351.288  137377           397
           -2351.289  761633           50
           -2351.294  723035           538
           -2351.294  987090           70
           -2351.301  638611           524
           -2351.308  669634           335
           -2351.319  216565           474
           -2352.253  311214           64
           -2354.856  856536           144
           -2355.070  539751           459
           -2356.047  437181           135

6 perturbed starting value run(s) did not converge or were rejected in the third stage.



THE BEST LOGLIKELIHOOD VALUE HAS BEEN REPLICATED.  RERUN WITH AT LEAST TWICE THE
RANDOM STARTS TO CHECK THAT THE BEST LOGLIKELIHOOD IS STILL OBTAINED AND REPLICATED.


THE MODEL ESTIMATION TERMINATED NORMALLY



MODEL FIT INFORMATION

Number of Free Parameters                       15

Loglikelihood

          H0 Value                       -2339.991
          H0 Scaling Correction Factor      1.5225
            for MLR

Information Criteria

          Akaike (AIC)                    4709.982
          Bayesian (BIC)                  4793.715
          Sample-Size Adjusted BIC        4746.060
            (n* = (n + 2) / 24)

Chi-Square Test of Model Fit for the Binary and Ordered Categorical
(Ordinal) Outcomes

          Pearson Chi-Square

          Value                            172.325
          Degrees of Freedom                   112
          P-Value                           0.0002

          Likelihood Ratio Chi-Square

          Value                             86.160
          Degrees of Freedom                   112
          P-Value                           0.9668

Chi-Square Test for MCAR under the Unrestricted Latent Class Indicator Model

          Pearson Chi-Square

          Value                            865.462
          Degrees of Freedom                  1159
          P-Value                           1.0000

          Likelihood Ratio Chi-Square

          Value                            468.500
          Degrees of Freedom                  1159
          P-Value                           1.0000



FINAL CLASS COUNTS AND PROPORTIONS FOR THE LATENT CLASSES
BASED ON THE ESTIMATED MODEL

    Latent
   Classes

       1       1401.00000          0.71370
       2        562.00000          0.28630


MODEL RESULTS

                                                    Two-Tailed
                    Estimate       S.E.  Est./S.E.    P-Value

Latent Class 1 (1)

 I        |
    J2HAS_5            1.000      0.000    999.000    999.000
    J2HAS_6            1.000      0.000    999.000    999.000
    J2HAS_7            1.000      0.000    999.000    999.000
    J2HAS_8            1.000      0.000    999.000    999.000
    J2HAS_9            1.000      0.000    999.000    999.000
    J2HAS_10           1.000      0.000    999.000    999.000

 S        |
    J2HAS_5            0.000      0.000    999.000    999.000
    J2HAS_6            0.177      0.150      1.185      0.236
    J2HAS_7            0.427      0.199      2.147      0.032
    J2HAS_8            1.022      0.350      2.921      0.003
    J2HAS_9            1.530      0.465      3.286      0.001
    J2HAS_10           1.000      0.000    999.000    999.000

 S        WITH
    I                 -2.781      3.688     -0.754      0.451

 Means
    I                 -1.248      1.081     -1.155      0.248
    S                 -1.069      1.670     -0.640      0.522

 Thresholds
    J2HAS_5$1          4.654      0.650      7.160      0.000
    J2HAS_6$1          4.654      0.650      7.160      0.000
    J2HAS_7$1          4.654      0.650      7.160      0.000
    J2HAS_8$1          4.654      0.650      7.160      0.000
    J2HAS_9$1          4.654      0.650      7.160      0.000
    J2HAS_10$1         4.654      0.650      7.160      0.000

 Variances
    I                  8.296      3.821      2.171      0.030
    S                  6.975      4.118      1.694      0.090

Latent Class 2 (2)

 I        |
    J2HAS_5            1.000      0.000    999.000    999.000
    J2HAS_6            1.000      0.000    999.000    999.000
    J2HAS_7            1.000      0.000    999.000    999.000
    J2HAS_8            1.000      0.000    999.000    999.000
    J2HAS_9            1.000      0.000    999.000    999.000
    J2HAS_10           1.000      0.000    999.000    999.000

 S        |
    J2HAS_5            0.000      0.000    999.000    999.000
    J2HAS_6            0.177      0.150      1.185      0.236
    J2HAS_7            0.427      0.199      2.147      0.032
    J2HAS_8            1.022      0.350      2.921      0.003
    J2HAS_9            1.530      0.465      3.286      0.001
    J2HAS_10           1.000      0.000    999.000    999.000

 S        WITH
    I                  0.956      2.021      0.473      0.636

 Means
    I                  0.000      0.000    999.000    999.000
    S                 -1.715      0.911     -1.883      0.060

 Thresholds
    J2HAS_5$1          4.654      0.650      7.160      0.000
    J2HAS_6$1          4.654      0.650      7.160      0.000
    J2HAS_7$1          4.654      0.650      7.160      0.000
    J2HAS_8$1          4.654      0.650      7.160      0.000
    J2HAS_9$1          4.654      0.650      7.160      0.000
    J2HAS_10$1         4.654      0.650      7.160      0.000

 Variances
    I                  8.726      3.239      2.694      0.007
    S                  3.265      1.941      1.682      0.093

Categorical Latent Variables

 Means
    C#1                0.913      0.066     13.898      0.000


QUALITY OF NUMERICAL RESULTS

     Condition Number for the Information Matrix              0.736E-03
       (ratio of smallest to largest eigenvalue)


RESULTS IN PROBABILITY SCALE

                    Estimate

Latent Class 1 (1)

 J2HAS_5
    Category 1         0.959
    Category 2         0.041
 J2HAS_6
    Category 1         0.968
    Category 2         0.032
 J2HAS_7
    Category 1         0.975
    Category 2         0.025
 J2HAS_8
    Category 1         0.973
    Category 2         0.027
 J2HAS_9
    Category 1         0.957
    Category 2         0.043
 J2HAS_10
    Category 1         0.973
    Category 2         0.027

Latent Class 2 (2)

 J2HAS_5
    Category 1         0.911
    Category 2         0.089
 J2HAS_6
    Category 1         0.921
    Category 2         0.079
 J2HAS_7
    Category 1         0.930
    Category 2         0.070
 J2HAS_8
    Category 1         0.938
    Category 2         0.062
 J2HAS_9
    Category 1         0.937
    Category 2         0.063
 J2HAS_10
    Category 1         0.938
    Category 2         0.062


STANDARDIZED MODEL RESULTS


STDYX Standardization

                                                    Two-Tailed
                    Estimate       S.E.  Est./S.E.    P-Value

Latent Class 1 (1)

 I        |
    J2HAS_5            0.846      0.055     15.293      0.000
    J2HAS_6            0.876      0.104      8.437      0.000
    J2HAS_7            0.890      0.159      5.613      0.000
    J2HAS_8            0.793      0.240      3.309      0.001
    J2HAS_9            0.654      0.313      2.086      0.037
    J2HAS_10           0.799      0.255      3.129      0.002

 S        |
    J2HAS_5            0.000      0.000    999.000    999.000
    J2HAS_6            0.142      0.120      1.191      0.234
    J2HAS_7            0.349      0.157      2.219      0.026
    J2HAS_8            0.743      0.212      3.499      0.000
    J2HAS_9            0.917      0.144      6.352      0.000
    J2HAS_10           0.733      0.194      3.774      0.000

 S        WITH
    I                 -0.366      0.377     -0.971      0.332

 Means
    I                 -0.433      0.306     -1.418      0.156
    S                 -0.405      0.632     -0.641      0.522

 Thresholds
    J2HAS_5$1          1.367      0.266      5.133      0.000
    J2HAS_6$1          1.415      0.242      5.850      0.000
    J2HAS_7$1          1.437      0.242      5.941      0.000
    J2HAS_8$1          1.282      0.288      4.446      0.000
    J2HAS_9$1          1.057      0.394      2.682      0.007
    J2HAS_10$1         1.291      0.307      4.211      0.000

 Variances
    I                  1.000      0.000    999.000    999.000
    S                  1.000      0.000    999.000    999.000

Latent Class 2 (2)

 I        |
    J2HAS_5            0.852      0.043     19.679      0.000
    J2HAS_6            0.837      0.062     13.532      0.000
    J2HAS_7            0.806      0.091      8.866      0.000
    J2HAS_8            0.709      0.143      4.941      0.000
    J2HAS_9            0.622      0.178      3.485      0.000
    J2HAS_10           0.712      0.134      5.320      0.000

 S        |
    J2HAS_5            0.000      0.000    999.000    999.000
    J2HAS_6            0.091      0.080      1.133      0.257
    J2HAS_7            0.211      0.106      1.979      0.048
    J2HAS_8            0.443      0.149      2.977      0.003
    J2HAS_9            0.582      0.103      5.654      0.000
    J2HAS_10           0.436      0.105      4.142      0.000

 S        WITH
    I                  0.179      0.400      0.448      0.654

 Means
    I                  0.000      0.000    999.000    999.000
    S                 -0.949      0.444     -2.136      0.033

 Thresholds
    J2HAS_5$1          1.343      0.079     17.048      0.000
    J2HAS_6$1          1.319      0.093     14.204      0.000
    J2HAS_7$1          1.270      0.119     10.650      0.000
    J2HAS_8$1          1.116      0.197      5.680      0.000
    J2HAS_9$1          0.979      0.253      3.869      0.000
    J2HAS_10$1         1.122      0.186      6.035      0.000

 Variances
    I                  1.000      0.000    999.000    999.000
    S                  1.000      0.000    999.000    999.000


R-SQUARE

Class 1

    Observed                                        Two-Tailed
    Variable        Estimate       S.E.  Est./S.E.    P-Value

    J2HAS_5            0.716      0.094      7.646      0.000
    J2HAS_6            0.696      0.075      9.256      0.000
    J2HAS_7            0.686      0.062     11.032      0.000
    J2HAS_8            0.751      0.082      9.183      0.000
    J2HAS_9            0.830      0.107      7.790      0.000
    J2HAS_10           0.747      0.089      8.398      0.000

Class 2

    Observed                                        Two-Tailed
    Variable        Estimate       S.E.  Est./S.E.    P-Value

    J2HAS_5            0.726      0.074      9.840      0.000
    J2HAS_6            0.736      0.064     11.589      0.000
    J2HAS_7            0.755      0.054     14.031      0.000
    J2HAS_8            0.811      0.055     14.685      0.000
    J2HAS_9            0.854      0.058     14.744      0.000
    J2HAS_10           0.809      0.050     16.336      0.000


     Beginning Time:  13:29:11
        Ending Time:  13:36:01
       Elapsed Time:  00:06:50



MUTHEN & MUTHEN
3463 Stoner Ave.
Los Angeles, CA  90066

Tel: (310) 391-9971
Fax: (310) 391-8971
Web: www.StatModel.com
Support: Support@StatModel.com

Copyright (c) 1998-2021 Muthen & Muthen
