Mplus VERSION 8.7
MUTHEN & MUTHEN
11/04/2021  11:06 PM

INPUT INSTRUCTIONS

  TITLE: Your title goes here

   DATA: FILE = flex_time/data.dta;

   VARIABLE:

   NAMES = pidp gridmode mm hidp_5 hidp_6 hidp_7 hidp_8 hidp_9 hidp_10 indmode_5
       indmode_6 indmode_7 indmode_8 indmode_9 indmode_10 mode_type_all mode_type_no9
       mode_type_567 mode_type_7 all no9 p567 p7 switch_all switch_no9 switch_567
       switch_7 lkmove_5 xpmove_5 caruse_5 mobuse_5 netpuse_5 aidxhh_5 jbhas_5 j2has_5
       finnow_5 finfut_5 howlng_5 vote1_5 vote6_5 scsf1_5 scsf2a_5 scsf2b_5 scsf3a_5
       scsf3b_5 scsf4a_5 scsf4b_5 scsf5_5 scsf6a_5 scsf6b_5 scsf6c_5 scsf7_5 scghqa_5
       scghqb_5 scghqc_5 scghqd_5 scghqe_5 scghqf_5 scghqg_5 scghqh_5 scghqi_5
       scghqj_5 scghqk_5 scghql_5 lkmove_6 xpmove_6 caruse_6 mobuse_6 netpuse_6
       aidxhh_6 jbhas_6 j2has_6 finnow_6 finfut_6 howlng_6 vote1_6 vote6_6 scsf1_6
       scsf2a_6 scsf2b_6 scsf3a_6 scsf3b_6 scsf4a_6 scsf4b_6 scsf5_6 scsf6a_6 scsf6b_6
       scsf6c_6 scsf7_6 scghqa_6 scghqb_6 scghqc_6 scghqd_6 scghqe_6 scghqf_6 scghqg_6
       scghqh_6 scghqi_6 scghqj_6 scghqk_6 scghql_6 lkmove_7 xpmove_7 caruse_7
       mobuse_7 netpuse_7 smoker_7 aidxhh_7 jbhas_7 jbterm1_7 jbsemp_7 j2has_7
       fiyrdia_7 finnow_7 finfut_7 howlng_7 vote1_7 vote6_7 scsf2a_7 scsf2b_7 scsf3a_7
       scsf3b_7 scsf4a_7 scsf4b_7 scsf5_7 scsf6a_7 scsf6b_7 scsf6c_7 scsf7_7 scghqa_7
       scghqb_7 scghqc_7 scghqd_7 scghqe_7 scghqf_7 scghqg_7 scghqh_7 scghqi_7
       scghqj_7 scghqk_7 scghql_7 scsf1_7 lkmove_8 xpmove_8 caruse_8 mobuse_8
       netpuse_8 smoker_8 aidxhh_8 jbhas_8 jbterm1_8 jbsemp_8 j2has_8 fiyrdia_8
       finnow_8 finfut_8 scsf2a_8 scsf2b_8 scsf3a_8 scsf3b_8 scsf4a_8 scsf4b_8 scsf5_8
       scsf6a_8 scsf6b_8 scsf6c_8 scsf7_8 scghqa_8 scghqb_8 scghqc_8 scghqd_8 scghqe_8
       scghqf_8 scghqg_8 scghqh_8 scghqi_8 scghqj_8 scghqk_8 scghql_8 scsf1_8 mobuse_9
       netpuse_9 smoker_9 jbhas_9 jbterm1_9 jbsemp_9 j2has_9 fiyrdia_9 finnow_9
       finfut_9 lkmove_10 xpmove_10 mobuse_10 netpuse_10 smoker_10 aidxhh_10 jbhas_10
       jbterm1_10 jbsemp_10 j2has_10 fiyrdia_10 finnow_10 finfut_10 scsf1_10 scsf2a_10
       scsf2b_10 scsf3a_10 scsf3b_10 scsf4a_10 scsf4b_10 scsf5_10 scsf6a_10 scsf6b_10
       scsf6c_10 scsf7_10 scghqa_10 scghqb_10 scghqc_10 scghqd_10 scghqe_10 scghqf_10
       scghqg_10 scghqh_10 scghqi_10 scghqj_10 scghqk_10 scghql_10 edu agecat female
       partner sf1 longill london north urban refresh Higher A level GCSE Other age_35
       age_55 age_75 age_102 pred_all pred_no9 pred_p567 pred_p7 pred_all_w pred_no9_w
       pred_p567_w pred_p7_w;

   MISSING=.;

   USEVARIABLES ARE
   scghqc_5
   scghqc_6
   scghqc_7
   scghqc_8
   scghqc_10;

   CATEGORICAL ARE
   scghqc_5
   scghqc_6
   scghqc_7
   scghqc_8
   scghqc_10;
   CLASSES = c(2);

    KNOWNCLASS = c(mm= 1 2);

   ANALYSIS:


      TYPE = MIXTURE;

      ESTIMATOR = MLR;

      ALGORITHM = INTEGRATION;

      Processors = 8(starts);

      STARTS = 800 200;

   Model:


      %OVERALL%

  i s | scghqc_5@0 scghqc_6 scghqc_7 scghqc_8 scghqc_10@1;
   %c#1%
  [s] (a);
   s (b);
   s WITH i (c);
   i (d);
  s BY scghqc_6 (j)
   scghqc_7 (k)
   scghqc_8 (l);

   %c#2%
  [s] (a);
   s (b);
   s WITH i (c);
   i (d);
  s BY scghqc_6 (j)
   scghqc_7 (k)
   scghqc_8 (l);

   OUTPUT: SAMPSTAT;

                                  STDYX;




*** WARNING in VARIABLE command
  Note that only the first 8 characters of variable names are used in the output.
  Shorten variable names to avoid any confusion.
*** WARNING
  Data set contains unknown or missing values for variable MM.
  This variable is used to determine the KNOWNCLASS specification.
  Number of such cases:  458
*** WARNING
  Data set contains cases with missing on all variables.
  These cases were not included in the analysis.
  Number of cases with missing on all variables:  168
   3 WARNING(S) FOUND IN THE INPUT INSTRUCTIONS



Your title goes here

SUMMARY OF ANALYSIS

Number of groups                                                 1
Number of observations                                        1431

Number of dependent variables                                    5
Number of independent variables                                  0
Number of continuous latent variables                            2
Number of categorical latent variables                           1

Observed dependent variables

  Binary and ordered categorical (ordinal)
   SCGHQC_5    SCGHQC_6    SCGHQC_7    SCGHQC_8    SCGHQC_1

Continuous latent variables
   I           S

Categorical latent variables
   C

  Knownclass            C


Estimator                                                      MLR
Information matrix                                        OBSERVED
Optimization Specifications for the Quasi-Newton Algorithm for
Continuous Outcomes
  Maximum number of iterations                                 100
  Convergence criterion                                  0.100D-05
Optimization Specifications for the EM Algorithm
  Maximum number of iterations                                 500
  Convergence criteria
    Loglikelihood change                                 0.100D-02
    Relative loglikelihood change                        0.100D-05
    Derivative                                           0.100D-02
Optimization Specifications for the M step of the EM Algorithm for
Categorical Latent variables
  Number of M step iterations                                    1
  M step convergence criterion                           0.100D-02
  Basis for M step termination                           ITERATION
Optimization Specifications for the M step of the EM Algorithm for
Censored, Binary or Ordered Categorical (Ordinal), Unordered
Categorical (Nominal) and Count Outcomes
  Number of M step iterations                                    1
  M step convergence criterion                           0.100D-02
  Basis for M step termination                           ITERATION
  Maximum value for logit thresholds                            15
  Minimum value for logit thresholds                           -15
  Minimum expected cell size for chi-square              0.100D-01
Maximum number of iterations for H1                           2000
Convergence criterion for H1                             0.100D-03
Optimization algorithm                                         EMA
Integration Specifications
  Type                                                    STANDARD
  Number of integration points                                  15
  Dimensions of numerical integration                            2
  Adaptive quadrature                                           ON
Random Starts Specifications
  Number of initial stage random starts                        800
  Number of final stage optimizations                          200
  Number of initial stage iterations                            10
  Initial stage convergence criterion                    0.100D+01
  Random starts scale                                    0.500D+01
  Random seed for generating random starts                       0
Link                                                         LOGIT
Cholesky                                                        ON

Input data file(s)
  flex_time/data.dta
Input data format  FREE


SUMMARY OF DATA

     Number of missing data patterns            31
     Number of y missing data patterns           0
     Number of u missing data patterns          31


COVARIANCE COVERAGE OF DATA

Minimum covariance coverage value   0.100


     PROPORTION OF DATA PRESENT FOR U


           Covariance Coverage
              SCGHQC_5      SCGHQC_6      SCGHQC_7      SCGHQC_8      SCGHQC_1
              ________      ________      ________      ________      ________
 SCGHQC_5       0.496
 SCGHQC_6       0.375         0.587
 SCGHQC_7       0.340         0.434         0.646
 SCGHQC_8       0.324         0.419         0.502         0.635
 SCGHQC_1       0.287         0.369         0.433         0.479         0.586


UNIVARIATE PROPORTIONS AND COUNTS FOR CATEGORICAL VARIABLES

    SCGHQC_5
      Category 1    0.069           49.000
      Category 2    0.779          553.000
      Category 3    0.106           75.000
      Category 4    0.046           33.000
    SCGHQC_6
      Category 1    0.076           64.000
      Category 2    0.780          655.000
      Category 3    0.115           97.000
      Category 4    0.029           24.000
    SCGHQC_7
      Category 1    0.084           78.000
      Category 2    0.784          725.000
      Category 3    0.096           89.000
      Category 4    0.036           33.000
    SCGHQC_8
      Category 1    0.094           85.000
      Category 2    0.782          711.000
      Category 3    0.098           89.000
      Category 4    0.026           24.000
    SCGHQC_1
      Category 1    0.086           72.000
      Category 2    0.765          642.000
      Category 3    0.111           93.000
      Category 4    0.038           32.000


SAMPLE STATISTICS

RANDOM STARTS RESULTS RANKED FROM THE BEST TO THE WORST LOGLIKELIHOOD VALUES

Final stage loglikelihood values at local maxima, seeds, and initial stage start numbers:

           -4024.327  848890           95
           -4024.327  127362           757
           -4024.327  79945            395
           -4024.327  701525           239
           -4024.327  341519           653
           -4024.327  580539           786
           -4024.327  824956           607
           -4024.327  461866           722
           -4024.327  830570           369
           -4024.328  185071           370
           -4024.328  4091             548
           -4024.328  898745           466
           -4024.328  741888           138
           -4024.328  178031           720
           -4024.328  213189           605
           -4024.328  848590           694
           -4024.328  298553           773
           -4024.328  396795           323
           -4024.328  25127            107
           -4024.328  829540           324
           -4024.328  268896           124
           -4024.328  232226           235
           -4024.328  879338           309
           -4024.328  unperturbed      0
           -4024.328  732596           320
           -4024.328  341960           685
           -4024.328  792389           746
           -4024.328  726035           191
           -4024.328  686482           215
           -4024.328  804561           59
           -4024.328  14262            781
           -4024.328  224950           455
           -4024.328  710445           792
           -4024.328  603842           61
           -4024.328  435287           623
           -4024.328  399380           436
           -4024.329  351807           617
           -4024.329  188640           451
           -4024.329  260953           589
           -4024.329  497522           502
           -4024.329  763285           620
           -4024.329  939021           8
           -4024.329  848163           47
           -4024.329  860029           760
           -4024.329  329127           185
           -4024.329  160326           546
           -4024.329  629320           222
           -4024.329  569833           85
           -4024.329  481835           57
           -4024.329  820977           776
           -4024.329  544048           87
           -4024.330  696773           80
           -4024.330  217130           443
           -4024.330  335485           496
           -4024.330  616917           261
           -4024.330  312587           775
           -4024.330  100874           108
           -4024.330  566739           575
           -4024.330  314084           81
           -4024.330  590834           785
           -4024.331  209031           632
           -4024.331  602032           648
           -4024.331  130011           587
           -4024.332  375590           438
           -4024.332  303834           798
           -4024.332  126371           526
           -4024.333  478421           311
           -4024.333  22075            659
           -4024.334  319575           499
           -4024.335  562716           300
           -4024.335  383979           603
           -4024.337  738393           619
           -4024.337  871722           355
           -4024.337  742609           531
           -4024.337  685657           69
           -4024.338  879211           453
           -4024.339  51375            148
           -4024.339  264901           634
           -4024.340  483369           270
           -4024.341  79212            517
           -4024.341  395754           388
           -4024.342  399671           13
           -4024.343  533738           11
           -4024.343  318177           748
           -4024.344  416463           467
           -4024.344  473942           574
           -4024.345  900631           774
           -4024.346  967237           48
           -4024.346  644297           340
           -4024.346  714997           399
           -4024.346  951709           348
           -4024.346  442072           625
           -4024.348  17359            227
           -4024.348  953843           651
           -4024.349  371246           101
           -4024.350  462228           298
           -4024.351  231400           738
           -4024.352  802779           122
           -4024.352  777045           377
           -4024.353  73576            213
           -4024.354  84013            598
           -4024.354  407168           44
           -4024.354  688839           273
           -4024.354  403801           762
           -4024.355  723035           538
           -4024.357  259507           53
           -4024.357  264081           186
           -4024.359  978781           497
           -4024.360  193847           354
           -4024.361  751054           117
           -4024.361  411615           171
           -4024.361  443442           380
           -4024.365  850840           232
           -4024.365  940533           764
           -4024.366  805935           615
           -4024.368  392407           221
           -4024.368  297518           166
           -4024.371  965639           463
           -4024.374  58507            793
           -4024.387  188498           258
           -4024.387  617658           660
           -4024.395  366706           29
           -4024.398  345974           622
           -4024.398  354395           486
           -4024.400  529455           268
           -4024.401  282464           283
           -4024.404  413564           535
           -4024.407  937885           426
           -4024.413  284384           600
           -4024.414  915107           54
           -4024.415  284716           713
           -4024.422  351622           551
           -4024.423  387701           275
           -4024.425  314757           345
           -4024.427  798821           423
           -4024.429  238906           430
           -4024.429  486646           586
           -4024.718  192071           142
           -4024.718  761633           50
           -4024.718  195763           358
           -4024.718  291149           536
           -4024.719  215353           164
           -4024.719  638611           524
           -4024.719  964570           701
           -4024.719  170118           238
           -4024.719  579995           183
           -4024.720  715255           523
           -4024.720  455617           242
           -4024.720  488125           368
           -4024.721  113138           585
           -4024.721  93468            3
           -4024.722  520865           763
           -4024.722  526324           178
           -4024.723  614535           449
           -4024.723  662718           460
           -4024.723  570908           98
           -4024.724  608496           4
           -4024.724  602797           336
           -4024.724  507218           613
           -4024.725  7195             697
           -4024.725  793487           595
           -4024.725  120506           45
           -4024.726  918558           412
           -4024.726  545140           278
           -4024.726  266340           683
           -4024.726  863094           147
           -4024.726  793035           187
           -4024.726  62835            642
           -4024.726  920593           611
           -4024.727  534483           290
           -4024.727  722748           346
           -4024.727  195353           225
           -4024.727  788796           145
           -4024.727  922042           492
           -4024.727  626891           32
           -4024.727  281558           184
           -4024.727  92091            649
           -4024.727  77210            712
           -4024.727  836066           372
           -4024.727  456213           160
           -4024.727  635245           121
           -4024.727  549244           756
           -4024.727  327475           518
           -4024.728  502532           445
           -4024.728  801065           393
           -4024.728  971853           402
           -4024.728  640833           434
           -4024.728  724519           333
           -4024.728  358074           560
           -4024.728  783165           170
           -4024.732  404510           442
           -4024.750  933578           506
           -4028.427  279850           555

7 perturbed starting value run(s) did not converge or were rejected in the third stage.



THE BEST LOGLIKELIHOOD VALUE HAS BEEN REPLICATED.  RERUN WITH AT LEAST TWICE THE
RANDOM STARTS TO CHECK THAT THE BEST LOGLIKELIHOOD IS STILL OBTAINED AND REPLICATED.


THE MODEL ESTIMATION TERMINATED NORMALLY



MODEL FIT INFORMATION

Number of Free Parameters                       12

Loglikelihood

          H0 Value                       -4024.327
          H0 Scaling Correction Factor      1.0216
            for MLR

Information Criteria

          Akaike (AIC)                    8072.655
          Bayesian (BIC)                  8135.848
          Sample-Size Adjusted BIC        8097.728
            (n* = (n + 2) / 24)

Chi-Square Test of Model Fit for the Binary and Ordered Categorical
(Ordinal) Outcomes**

          Pearson Chi-Square

          Value                           1805.329
          Degrees of Freedom                  2014
          P-Value                           0.9997

          Likelihood Ratio Chi-Square

          Value                            389.078
          Degrees of Freedom                  2014
          P-Value                           1.0000

** Of the 3124 cells in the latent class indicator table, 11
   were deleted in the calculation of chi-square due to extreme values.

Chi-Square Test for MCAR under the Unrestricted Latent Class Indicator Model

          Pearson Chi-Square

          Value                           1271.673
          Degrees of Freedom                  4139
          P-Value                           1.0000

          Likelihood Ratio Chi-Square

          Value                            813.522
          Degrees of Freedom                  4139
          P-Value                           1.0000



FINAL CLASS COUNTS AND PROPORTIONS FOR THE LATENT CLASSES
BASED ON THE ESTIMATED MODEL

    Latent
   Classes

       1        839.00000          0.58630
       2        592.00000          0.41370


MODEL RESULTS

                                                    Two-Tailed
                    Estimate       S.E.  Est./S.E.    P-Value

Latent Class 1 (1)

 I        |
    SCGHQC_5           1.000      0.000    999.000    999.000
    SCGHQC_6           1.000      0.000    999.000    999.000
    SCGHQC_7           1.000      0.000    999.000    999.000
    SCGHQC_8           1.000      0.000    999.000    999.000
    SCGHQC_10          1.000      0.000    999.000    999.000

 S        |
    SCGHQC_5           0.000      0.000    999.000    999.000
    SCGHQC_6           1.541      1.856      0.830      0.406
    SCGHQC_7           2.202      2.032      1.084      0.279
    SCGHQC_8           3.283      3.299      0.995      0.320
    SCGHQC_10          1.000      0.000    999.000    999.000

 S        WITH
    I                 -0.060      0.083     -0.729      0.466

 Means
    I                 -0.032      0.114     -0.285      0.776
    S                 -0.109      0.134     -0.811      0.418

 Thresholds
    SCGHQC_5$1        -3.308      0.160    -20.649      0.000
    SCGHQC_5$2         2.168      0.147     14.796      0.000
    SCGHQC_5$3         3.971      0.183     21.759      0.000
    SCGHQC_6$1        -3.308      0.160    -20.649      0.000
    SCGHQC_6$2         2.168      0.147     14.796      0.000
    SCGHQC_6$3         3.971      0.183     21.759      0.000
    SCGHQC_7$1        -3.308      0.160    -20.649      0.000
    SCGHQC_7$2         2.168      0.147     14.796      0.000
    SCGHQC_7$3         3.971      0.183     21.759      0.000
    SCGHQC_8$1        -3.308      0.160    -20.649      0.000
    SCGHQC_8$2         2.168      0.147     14.796      0.000
    SCGHQC_8$3         3.971      0.183     21.759      0.000
    SCGHQC_1$1        -3.308      0.160    -20.649      0.000
    SCGHQC_1$2         2.168      0.147     14.796      0.000
    SCGHQC_1$3         3.971      0.183     21.759      0.000

 Variances
    I                  2.133      0.397      5.379      0.000
    S                  0.002      0.004      0.380      0.704

Latent Class 2 (2)

 I        |
    SCGHQC_5           1.000      0.000    999.000    999.000
    SCGHQC_6           1.000      0.000    999.000    999.000
    SCGHQC_7           1.000      0.000    999.000    999.000
    SCGHQC_8           1.000      0.000    999.000    999.000
    SCGHQC_10          1.000      0.000    999.000    999.000

 S        |
    SCGHQC_5           0.000      0.000    999.000    999.000
    SCGHQC_6           1.541      1.856      0.830      0.406
    SCGHQC_7           2.202      2.032      1.084      0.279
    SCGHQC_8           3.283      3.299      0.995      0.320
    SCGHQC_10          1.000      0.000    999.000    999.000

 S        WITH
    I                 -0.060      0.083     -0.729      0.466

 Means
    I                  0.000      0.000    999.000    999.000
    S                 -0.109      0.134     -0.811      0.418

 Thresholds
    SCGHQC_5$1        -3.308      0.160    -20.649      0.000
    SCGHQC_5$2         2.168      0.147     14.796      0.000
    SCGHQC_5$3         3.971      0.183     21.759      0.000
    SCGHQC_6$1        -3.308      0.160    -20.649      0.000
    SCGHQC_6$2         2.168      0.147     14.796      0.000
    SCGHQC_6$3         3.971      0.183     21.759      0.000
    SCGHQC_7$1        -3.308      0.160    -20.649      0.000
    SCGHQC_7$2         2.168      0.147     14.796      0.000
    SCGHQC_7$3         3.971      0.183     21.759      0.000
    SCGHQC_8$1        -3.308      0.160    -20.649      0.000
    SCGHQC_8$2         2.168      0.147     14.796      0.000
    SCGHQC_8$3         3.971      0.183     21.759      0.000
    SCGHQC_1$1        -3.308      0.160    -20.649      0.000
    SCGHQC_1$2         2.168      0.147     14.796      0.000
    SCGHQC_1$3         3.971      0.183     21.759      0.000

 Variances
    I                  2.133      0.397      5.379      0.000
    S                  0.002      0.004      0.380      0.704

Categorical Latent Variables

 Means
    C#1                0.349      0.054      6.496      0.000


QUALITY OF NUMERICAL RESULTS

     Condition Number for the Information Matrix              0.239E-06
       (ratio of smallest to largest eigenvalue)


RESULTS IN PROBABILITY SCALE

                    Estimate

Latent Class 1 (1)

 SCGHQC_5
    Category 1         0.076
    Category 2         0.759
    Category 3         0.123
    Category 4         0.042
 SCGHQC_6
    Category 1         0.083
    Category 2         0.774
    Category 3         0.109
    Category 4         0.034
 SCGHQC_7
    Category 1         0.086
    Category 2         0.780
    Category 3         0.103
    Category 4         0.032
 SCGHQC_8
    Category 1         0.092
    Category 2         0.788
    Category 3         0.093
    Category 4         0.027
 SCGHQC_10
    Category 1         0.081
    Category 2         0.769
    Category 3         0.113
    Category 4         0.037

Latent Class 2 (2)

 SCGHQC_5
    Category 1         0.074
    Category 2         0.757
    Category 3         0.125
    Category 4         0.043
 SCGHQC_6
    Category 1         0.081
    Category 2         0.773
    Category 3         0.111
    Category 4         0.035
 SCGHQC_7
    Category 1         0.084
    Category 2         0.779
    Category 3         0.105
    Category 4         0.032
 SCGHQC_8
    Category 1         0.089
    Category 2         0.787
    Category 3         0.095
    Category 4         0.028
 SCGHQC_10
    Category 1         0.079
    Category 2         0.768
    Category 3         0.116
    Category 4         0.038


STANDARDIZED MODEL RESULTS


STDYX Standardization

                                                    Two-Tailed
                    Estimate       S.E.  Est./S.E.    P-Value

Latent Class 1 (1)

 I        |
    SCGHQC_5           0.627      0.035     17.732      0.000
    SCGHQC_6           0.638      0.052     12.282      0.000
    SCGHQC_7           0.643      0.052     12.345      0.000
    SCGHQC_8           0.650      0.062     10.406      0.000
    SCGHQC_10          0.634      0.042     15.186      0.000

 S        |
    SCGHQC_5           0.000      0.000    999.000    999.000
    SCGHQC_6           0.028      0.049      0.564      0.573
    SCGHQC_7           0.040      0.049      0.815      0.415
    SCGHQC_8           0.060      0.079      0.767      0.443
    SCGHQC_10          0.018      0.023      0.763      0.446

 S        WITH
    I                 -1.000      0.002   -590.938      0.000

 Means
    I                 -0.022      0.078     -0.284      0.777
    S                 -2.639      3.857     -0.684      0.494

 Thresholds
    SCGHQC_5$1        -1.421      0.076    -18.642      0.000
    SCGHQC_5$2         0.931      0.059     15.715      0.000
    SCGHQC_5$3         1.705      0.075     22.626      0.000
    SCGHQC_6$1        -1.445      0.063    -22.959      0.000
    SCGHQC_6$2         0.947      0.060     15.722      0.000
    SCGHQC_6$3         1.735      0.073     23.683      0.000
    SCGHQC_7$1        -1.456      0.065    -22.529      0.000
    SCGHQC_7$2         0.954      0.060     15.905      0.000
    SCGHQC_7$3         1.747      0.073     24.060      0.000
    SCGHQC_8$1        -1.473      0.063    -23.291      0.000
    SCGHQC_8$2         0.965      0.070     13.866      0.000
    SCGHQC_8$3         1.768      0.091     19.369      0.000
    SCGHQC_1$1        -1.437      0.075    -19.269      0.000
    SCGHQC_1$2         0.941      0.055     17.205      0.000
    SCGHQC_1$3         1.724      0.066     26.190      0.000

 Variances
    I                  1.000      0.000    999.000    999.000
    S                  1.000      0.000    999.000    999.000

Latent Class 2 (2)

 I        |
    SCGHQC_5           0.627      0.035     17.732      0.000
    SCGHQC_6           0.638      0.052     12.282      0.000
    SCGHQC_7           0.643      0.052     12.345      0.000
    SCGHQC_8           0.650      0.062     10.406      0.000
    SCGHQC_10          0.634      0.042     15.186      0.000

 S        |
    SCGHQC_5           0.000      0.000    999.000    999.000
    SCGHQC_6           0.028      0.049      0.564      0.573
    SCGHQC_7           0.040      0.049      0.815      0.415
    SCGHQC_8           0.060      0.079      0.767      0.443
    SCGHQC_10          0.018      0.023      0.763      0.446

 S        WITH
    I                 -1.000      0.002   -590.938      0.000

 Means
    I                  0.000      0.000    999.000    999.000
    S                 -2.639      3.857     -0.684      0.494

 Thresholds
    SCGHQC_5$1        -1.421      0.076    -18.642      0.000
    SCGHQC_5$2         0.931      0.059     15.715      0.000
    SCGHQC_5$3         1.705      0.075     22.626      0.000
    SCGHQC_6$1        -1.445      0.063    -22.959      0.000
    SCGHQC_6$2         0.947      0.060     15.722      0.000
    SCGHQC_6$3         1.735      0.073     23.683      0.000
    SCGHQC_7$1        -1.456      0.065    -22.529      0.000
    SCGHQC_7$2         0.954      0.060     15.905      0.000
    SCGHQC_7$3         1.747      0.073     24.060      0.000
    SCGHQC_8$1        -1.473      0.063    -23.291      0.000
    SCGHQC_8$2         0.965      0.070     13.866      0.000
    SCGHQC_8$3         1.768      0.091     19.369      0.000
    SCGHQC_1$1        -1.437      0.075    -19.269      0.000
    SCGHQC_1$2         0.941      0.055     17.205      0.000
    SCGHQC_1$3         1.724      0.066     26.190      0.000

 Variances
    I                  1.000      0.000    999.000    999.000
    S                  1.000      0.000    999.000    999.000


R-SQUARE

Class 1

    Observed                                        Two-Tailed
    Variable        Estimate       S.E.  Est./S.E.    P-Value

    SCGHQC_5           0.393      0.044      8.866      0.000
    SCGHQC_6           0.372      0.031     12.016      0.000
    SCGHQC_7           0.363      0.032     11.494      0.000
    SCGHQC_8           0.348      0.040      8.633      0.000
    SCGHQC_1           0.380      0.038      9.976      0.000

Class 2

    Observed                                        Two-Tailed
    Variable        Estimate       S.E.  Est./S.E.    P-Value

    SCGHQC_5           0.393      0.044      8.866      0.000
    SCGHQC_6           0.372      0.031     12.016      0.000
    SCGHQC_7           0.363      0.032     11.494      0.000
    SCGHQC_8           0.348      0.040      8.633      0.000
    SCGHQC_1           0.380      0.038      9.976      0.000

Available post-processing tools

  Latent class indicator odds ratios

     Beginning Time:  23:06:55
        Ending Time:  23:16:10
       Elapsed Time:  00:09:15



MUTHEN & MUTHEN
3463 Stoner Ave.
Los Angeles, CA  90066

Tel: (310) 391-9971
Fax: (310) 391-8971
Web: www.StatModel.com
Support: Support@StatModel.com

Copyright (c) 1998-2021 Muthen & Muthen
