Mplus VERSION 8.7
MUTHEN & MUTHEN
11/04/2021  10:12 AM

INPUT INSTRUCTIONS

  TITLE: Your title goes here

   DATA: FILE = flex_time/data.dta;

   VARIABLE:

   NAMES = pidp gridmode mm hidp_5 hidp_6 hidp_7 hidp_8 hidp_9 hidp_10 indmode_5
       indmode_6 indmode_7 indmode_8 indmode_9 indmode_10 mode_type_all mode_type_no9
       mode_type_567 mode_type_7 all no9 p567 p7 switch_all switch_no9 switch_567
       switch_7 lkmove_5 xpmove_5 caruse_5 mobuse_5 netpuse_5 aidxhh_5 jbhas_5 j2has_5
       finnow_5 finfut_5 howlng_5 vote1_5 vote6_5 scsf1_5 scsf2a_5 scsf2b_5 scsf3a_5
       scsf3b_5 scsf4a_5 scsf4b_5 scsf5_5 scsf6a_5 scsf6b_5 scsf6c_5 scsf7_5 scghqa_5
       scghqb_5 scghqc_5 scghqd_5 scghqe_5 scghqf_5 scghqg_5 scghqh_5 scghqi_5
       scghqj_5 scghqk_5 scghql_5 lkmove_6 xpmove_6 caruse_6 mobuse_6 netpuse_6
       aidxhh_6 jbhas_6 j2has_6 finnow_6 finfut_6 howlng_6 vote1_6 vote6_6 scsf1_6
       scsf2a_6 scsf2b_6 scsf3a_6 scsf3b_6 scsf4a_6 scsf4b_6 scsf5_6 scsf6a_6 scsf6b_6
       scsf6c_6 scsf7_6 scghqa_6 scghqb_6 scghqc_6 scghqd_6 scghqe_6 scghqf_6 scghqg_6
       scghqh_6 scghqi_6 scghqj_6 scghqk_6 scghql_6 lkmove_7 xpmove_7 caruse_7
       mobuse_7 netpuse_7 smoker_7 aidxhh_7 jbhas_7 jbterm1_7 jbsemp_7 j2has_7
       fiyrdia_7 finnow_7 finfut_7 howlng_7 vote1_7 vote6_7 scsf2a_7 scsf2b_7 scsf3a_7
       scsf3b_7 scsf4a_7 scsf4b_7 scsf5_7 scsf6a_7 scsf6b_7 scsf6c_7 scsf7_7 scghqa_7
       scghqb_7 scghqc_7 scghqd_7 scghqe_7 scghqf_7 scghqg_7 scghqh_7 scghqi_7
       scghqj_7 scghqk_7 scghql_7 scsf1_7 lkmove_8 xpmove_8 caruse_8 mobuse_8
       netpuse_8 smoker_8 aidxhh_8 jbhas_8 jbterm1_8 jbsemp_8 j2has_8 fiyrdia_8
       finnow_8 finfut_8 scsf2a_8 scsf2b_8 scsf3a_8 scsf3b_8 scsf4a_8 scsf4b_8 scsf5_8
       scsf6a_8 scsf6b_8 scsf6c_8 scsf7_8 scghqa_8 scghqb_8 scghqc_8 scghqd_8 scghqe_8
       scghqf_8 scghqg_8 scghqh_8 scghqi_8 scghqj_8 scghqk_8 scghql_8 scsf1_8 mobuse_9
       netpuse_9 smoker_9 jbhas_9 jbterm1_9 jbsemp_9 j2has_9 fiyrdia_9 finnow_9
       finfut_9 lkmove_10 xpmove_10 mobuse_10 netpuse_10 smoker_10 aidxhh_10 jbhas_10
       jbterm1_10 jbsemp_10 j2has_10 fiyrdia_10 finnow_10 finfut_10 scsf1_10 scsf2a_10
       scsf2b_10 scsf3a_10 scsf3b_10 scsf4a_10 scsf4b_10 scsf5_10 scsf6a_10 scsf6b_10
       scsf6c_10 scsf7_10 scghqa_10 scghqb_10 scghqc_10 scghqd_10 scghqe_10 scghqf_10
       scghqg_10 scghqh_10 scghqi_10 scghqj_10 scghqk_10 scghql_10 edu agecat female
       partner sf1 longill london north urban refresh Higher A level GCSE Other age_35
       age_55 age_75 age_102 pred_all pred_no9 pred_p567 pred_p7 pred_all_w pred_no9_w
       pred_p567_w pred_p7_w;

   MISSING=.;

   USEVARIABLES ARE
   aidxhh_5
   aidxhh_6
   aidxhh_7
   aidxhh_8
   aidxhh_10;

   CATEGORICAL ARE
   aidxhh_5
   aidxhh_6
   aidxhh_7
   aidxhh_8
   aidxhh_10;
   CLASSES = c(2);

    KNOWNCLASS = c(no9= 1 2);
  WEIGHT IS pred_no9_w;

   ANALYSIS:


      TYPE = MIXTURE;

      ESTIMATOR = MLR;

      ALGORITHM = INTEGRATION;

      Processors = 8(starts);

      STARTS = 800 200;

   Model:


      %OVERALL%

  i s | aidxhh_5@0 aidxhh_6 aidxhh_7 aidxhh_8 aidxhh_10@1;
   %c#1%
  [s] (a);
   s (b);
   s WITH i ;
   i ;
  s BY aidxhh_6 (j)
   aidxhh_7 (k)
   aidxhh_8 (l);

   %c#2%
  [s] (a);
   s (b);
   s WITH i ;
   i ;
  s BY aidxhh_6 (j)
   aidxhh_7 (k)
   aidxhh_8 (l);

   OUTPUT: SAMPSTAT;

                                  STDYX;




*** WARNING in VARIABLE command
  Note that only the first 8 characters of variable names are used in the output.
  Shorten variable names to avoid any confusion.
*** WARNING
  One or more observations has a value of 0 for the WEIGHT variable.  Consider using the
  SUBPOPULATION option to restrict the analysis to observations with a positive weight.
*** WARNING
  Data set contains unknown or missing values for variable NO9.
  This variable is used to determine the KNOWNCLASS specification.
  Number of such cases:  111
*** WARNING
  Data set contains cases with missing on all variables.
  These cases were not included in the analysis.
  Number of cases with missing on all variables:  1
   4 WARNING(S) FOUND IN THE INPUT INSTRUCTIONS



Your title goes here

SUMMARY OF ANALYSIS

Number of groups                                                 1
Number of observations                                        1945

Number of dependent variables                                    5
Number of independent variables                                  0
Number of continuous latent variables                            2
Number of categorical latent variables                           1

Observed dependent variables

  Binary and ordered categorical (ordinal)
   AIDXHH_5    AIDXHH_6    AIDXHH_7    AIDXHH_8    AIDXHH_1

Continuous latent variables
   I           S

Categorical latent variables
   C

  Knownclass            C

Variables with special functions

  Weight variable       PRED_NO9

Estimator                                                      MLR
Information matrix                                        OBSERVED
Optimization Specifications for the Quasi-Newton Algorithm for
Continuous Outcomes
  Maximum number of iterations                                 100
  Convergence criterion                                  0.100D-05
Optimization Specifications for the EM Algorithm
  Maximum number of iterations                                 500
  Convergence criteria
    Loglikelihood change                                 0.100D-02
    Relative loglikelihood change                        0.100D-05
    Derivative                                           0.100D-02
Optimization Specifications for the M step of the EM Algorithm for
Categorical Latent variables
  Number of M step iterations                                    1
  M step convergence criterion                           0.100D-02
  Basis for M step termination                           ITERATION
Optimization Specifications for the M step of the EM Algorithm for
Censored, Binary or Ordered Categorical (Ordinal), Unordered
Categorical (Nominal) and Count Outcomes
  Number of M step iterations                                    1
  M step convergence criterion                           0.100D-02
  Basis for M step termination                           ITERATION
  Maximum value for logit thresholds                            15
  Minimum value for logit thresholds                           -15
  Minimum expected cell size for chi-square              0.100D-01
Maximum number of iterations for H1                           2000
Convergence criterion for H1                             0.100D-03
Optimization algorithm                                         EMA
Integration Specifications
  Type                                                    STANDARD
  Number of integration points                                  15
  Dimensions of numerical integration                            2
  Adaptive quadrature                                           ON
Random Starts Specifications
  Number of initial stage random starts                        800
  Number of final stage optimizations                          200
  Number of initial stage iterations                            10
  Initial stage convergence criterion                    0.100D+01
  Random starts scale                                    0.500D+01
  Random seed for generating random starts                       0
Link                                                         LOGIT
Cholesky                                                        ON

Input data file(s)
  flex_time/data.dta
Input data format  FREE


SUMMARY OF DATA

     Number of missing data patterns            31
     Number of y missing data patterns           0
     Number of u missing data patterns          31


COVARIANCE COVERAGE OF DATA

Minimum covariance coverage value   0.100


     PROPORTION OF DATA PRESENT FOR U


           Covariance Coverage
              AIDXHH_5      AIDXHH_6      AIDXHH_7      AIDXHH_8      AIDXHH_1
              ________      ________      ________      ________      ________
 AIDXHH_5       0.511
 AIDXHH_6       0.432         0.511
 AIDXHH_7       0.358         0.388         0.601
 AIDXHH_8       0.329         0.360         0.485         0.571
 AIDXHH_1       0.290         0.316         0.406         0.431         0.638


UNIVARIATE PROPORTIONS AND COUNTS FOR CATEGORICAL VARIABLES

    AIDXHH_5
      Category 1    0.845         1377.723
      Category 2    0.155          252.231
    AIDXHH_6
      Category 1    0.887         1419.867
      Category 2    0.113          180.202
    AIDXHH_7
      Category 1    0.841         1073.769
      Category 2    0.159          203.083
    AIDXHH_8
      Category 1    0.873          993.082
      Category 2    0.127          144.270
    AIDXHH_1
      Category 1    0.902          872.363
      Category 2    0.098           94.421


SAMPLE STATISTICS

RANDOM STARTS RESULTS RANKED FROM THE BEST TO THE WORST LOGLIKELIHOOD VALUES

Final stage loglikelihood values at local maxima, seeds, and initial stage start numbers:

           -3198.876  458181           189
           -3198.876  570908           98
           -3198.877  891347           504
           -3198.877  967902           52
           -3198.877  359578           458
           -3198.877  742688           594
           -3198.877  970689           266
           -3198.877  677720           681
           -3198.877  603842           61
           -3198.877  370481           742
           -3198.877  164305           128
           -3198.877  79212            517
           -3198.878  375590           438
           -3198.878  566739           575
           -3198.878  467339           66
           -3198.878  437181           135
           -3198.878  53621            483
           -3198.878  91231            727
           -3198.878  860102           495
           -3198.878  677062           680
           -3198.878  195873           6
           -3198.878  347515           24
           -3198.878  781489           627
           -3198.878  514326           325
           -3198.879  638577           769
           -3198.879  195353           225
           -3198.879  341041           34
           -3198.879  76337            76
           -3198.879  531546           702
           -3198.880  22089            143
           -3198.881  604861           800
           -3198.882  621542           375
           -3198.882  97158            205
           -3198.882  158612           581
           -3198.882  150531           154
           -3198.884  732596           320
           -3198.884  273992           349
           -3198.885  473942           574
           -3198.887  349360           464
           -3198.887  333082           578
           -3198.887  610181           711
           -3198.887  268896           124
           -3198.888  849670           347
           -3198.889  373702           669
           -3198.891  224950           455
           -3198.892  539751           459
           -3198.894  752769           253
           -3198.894  570782           193
           -3198.894  797594           234
           -3198.895  871851           257
           -3198.896  193569           440
           -3198.896  996231           310
           -3198.901  484406           421
           -3198.901  292884           103
           -3198.901  414284           158
           -3198.904  392418           28
           -3198.904  978781           497
           -3198.905  506886           576
           -3198.905  284384           600
           -3198.907  652266           490
           -3198.907  717754           180
           -3198.909  761302           744
           -3198.909  820977           776
           -3198.910  922596           456
           -3198.910  863094           147
           -3198.910  387701           275
           -3198.911  947714           573
           -3198.912  985387           381
           -3198.918  248742           556
           -3198.920  856536           144
           -3198.920  166851           638
           -3198.921  860772           174
           -3198.922  674171           195
           -3198.923  567165           319
           -3198.924  631413           439
           -3198.926  858804           534
           -3198.927  614009           317
           -3198.930  575700           100
           -3198.930  434915           552
           -3198.931  855760           593
           -3198.931  260601           36
           -3198.932  354559           73
           -3198.933  876943           650
           -3198.933  605161           409
           -3198.933  526324           178
           -3198.934  121425           511
           -3198.934  442072           625
           -3198.934  862607           468
           -3198.936  220492           743
           -3198.937  926283           269
           -3198.938  140849           515
           -3198.939  459221           652
           -3198.940  43523            297
           -3198.945  276102           599
           -3198.945  399508           415
           -3198.945  830570           369
           -3198.947  931874           141
           -3198.948  462821           745
           -3198.948  317868           740
           -3198.949  736574           414
           -3198.950  626208           698
           -3198.950  805935           615
           -3198.951  945065           255
           -3198.951  402699           604
           -3198.954  782821           272
           -3198.954  647617           725
           -3198.955  614535           449
           -3198.957  62835            642
           -3198.961  1548             384
           -3198.961  775881           778
           -3198.966  276696           676
           -3198.967  21132            351
           -3198.968  790059           469
           -3198.969  987090           70
           -3198.970  751153           110
           -3198.970  284716           713
           -3198.971  642909           251
           -3198.973  850545           357
           -3198.975  417035           149
           -3198.977  529455           268
           -3198.979  951709           348
           -3198.982  436460           89
           -3198.991  597614           284
           -3198.998  926762           704
           -3199.018  314757           345

75 perturbed starting value run(s) did not converge or were rejected in the third stage.



THE BEST LOGLIKELIHOOD VALUE HAS BEEN REPLICATED.  RERUN WITH AT LEAST TWICE THE
RANDOM STARTS TO CHECK THAT THE BEST LOGLIKELIHOOD IS STILL OBTAINED AND REPLICATED.


THE MODEL ESTIMATION TERMINATED NORMALLY



MODEL FIT INFORMATION

Number of Free Parameters                       12

Loglikelihood

          H0 Value                       -3198.876
          H0 Scaling Correction Factor      2.3268
            for MLR

Information Criteria

          Akaike (AIC)                    6421.752
          Bayesian (BIC)                  6488.629
          Sample-Size Adjusted BIC        6450.504
            (n* = (n + 2) / 24)

Chi-Square Test of Model Fit for the Binary and Ordered Categorical
(Ordinal) Outcomes

          Pearson Chi-Square

          Value                             67.383
          Degrees of Freedom                    51
          P-Value                           0.0618

          Likelihood Ratio Chi-Square

          Value                             61.950
          Degrees of Freedom                    51
          P-Value                           0.1401

Chi-Square Test for MCAR under the Unrestricted Latent Class Indicator Model

          Pearson Chi-Square

          Value                            371.714
          Degrees of Freedom                   359
          P-Value                           0.3107

          Likelihood Ratio Chi-Square

          Value                            270.177
          Degrees of Freedom                   359
          P-Value                           0.9998



FINAL CLASS COUNTS AND PROPORTIONS FOR THE LATENT CLASSES
BASED ON THE ESTIMATED MODEL

    Latent
   Classes

       1       1402.00000          0.72082
       2        543.00000          0.27918


MODEL RESULTS

                                                    Two-Tailed
                    Estimate       S.E.  Est./S.E.    P-Value

Latent Class 1 (1)

 I        |
    AIDXHH_5           1.000      0.000    999.000    999.000
    AIDXHH_6           1.000      0.000    999.000    999.000
    AIDXHH_7           1.000      0.000    999.000    999.000
    AIDXHH_8           1.000      0.000    999.000    999.000
    AIDXHH_10          1.000      0.000    999.000    999.000

 S        |
    AIDXHH_5           0.000      0.000    999.000    999.000
    AIDXHH_6           0.327      0.107      3.050      0.002
    AIDXHH_7           0.220      0.245      0.896      0.371
    AIDXHH_8           0.724      0.336      2.151      0.032
    AIDXHH_10          1.000      0.000    999.000    999.000

 S        WITH
    I                 -6.420      4.565     -1.406      0.160

 Means
    I                 -0.236      0.480     -0.492      0.623
    S                 -0.328      1.262     -0.260      0.795

 Thresholds
    AIDXHH_5$1         4.178      0.618      6.761      0.000
    AIDXHH_6$1         4.178      0.618      6.761      0.000
    AIDXHH_7$1         4.178      0.618      6.761      0.000
    AIDXHH_8$1         4.178      0.618      6.761      0.000
    AIDXHH_1$1         4.178      0.618      6.761      0.000

 Variances
    I                 13.495      5.097      2.648      0.008
    S                  8.881      3.983      2.230      0.026

Latent Class 2 (2)

 I        |
    AIDXHH_5           1.000      0.000    999.000    999.000
    AIDXHH_6           1.000      0.000    999.000    999.000
    AIDXHH_7           1.000      0.000    999.000    999.000
    AIDXHH_8           1.000      0.000    999.000    999.000
    AIDXHH_10          1.000      0.000    999.000    999.000

 S        |
    AIDXHH_5           0.000      0.000    999.000    999.000
    AIDXHH_6           0.327      0.107      3.050      0.002
    AIDXHH_7           0.220      0.245      0.896      0.371
    AIDXHH_8           0.724      0.336      2.151      0.032
    AIDXHH_10          1.000      0.000    999.000    999.000

 S        WITH
    I                 -8.710      6.003     -1.451      0.147

 Means
    I                  0.000      0.000    999.000    999.000
    S                 -0.328      1.262     -0.260      0.795

 Thresholds
    AIDXHH_5$1         4.178      0.618      6.761      0.000
    AIDXHH_6$1         4.178      0.618      6.761      0.000
    AIDXHH_7$1         4.178      0.618      6.761      0.000
    AIDXHH_8$1         4.178      0.618      6.761      0.000
    AIDXHH_1$1         4.178      0.618      6.761      0.000

 Variances
    I                 19.880      7.039      2.824      0.005
    S                  8.881      3.983      2.230      0.026

Categorical Latent Variables

 Means
    C#1                0.949      0.065     14.484      0.000


QUALITY OF NUMERICAL RESULTS

     Condition Number for the Information Matrix              0.994E-03
       (ratio of smallest to largest eigenvalue)


RESULTS IN PROBABILITY SCALE

                    Estimate

Latent Class 1 (1)

 AIDXHH_5
    Category 1         0.860
    Category 2         0.140
 AIDXHH_6
    Category 1         0.891
    Category 2         0.109
 AIDXHH_7
    Category 1         0.882
    Category 2         0.118
 AIDXHH_8
    Category 1         0.910
    Category 2         0.090
 AIDXHH_10
    Category 1         0.908
    Category 2         0.092

Latent Class 2 (2)

 AIDXHH_5
    Category 1         0.808
    Category 2         0.192
 AIDXHH_6
    Category 1         0.842
    Category 2         0.158
 AIDXHH_7
    Category 1         0.831
    Category 2         0.169
 AIDXHH_8
    Category 1         0.872
    Category 2         0.128
 AIDXHH_10
    Category 1         0.881
    Category 2         0.119


LATENT CLASS INDICATOR ODDS RATIOS FOR THE LATENT CLASSES

                                                95% C.I.
                    Estimate       S.E.  Lower 2.5% Upper 2.5%

Latent Class 1 Compared to Latent Class 2

 AIDXHH_5
    Category > 1       1.000      0.000      1.000      1.000
 AIDXHH_6
    Category > 1       1.000      0.000      1.000      1.000
 AIDXHH_7
    Category > 1       1.000      0.000      1.000      1.000
 AIDXHH_8
    Category > 1       1.000      0.000      1.000      1.000
 AIDXHH_1
    Category > 1       1.000      0.000      1.000      1.000


STANDARDIZED MODEL RESULTS


STDYX Standardization

                                                    Two-Tailed
                    Estimate       S.E.  Est./S.E.    P-Value

Latent Class 1 (1)

 I        |
    AIDXHH_5           0.897      0.033     27.016      0.000
    AIDXHH_6           0.999      0.120      8.295      0.000
    AIDXHH_7           0.968      0.141      6.873      0.000
    AIDXHH_8           1.054      0.206      5.119      0.000
    AIDXHH_10          1.026      0.256      4.006      0.000

 S        |
    AIDXHH_5           0.000      0.000    999.000    999.000
    AIDXHH_6           0.265      0.113      2.341      0.019
    AIDXHH_7           0.172      0.219      0.786      0.432
    AIDXHH_8           0.619      0.382      1.621      0.105
    AIDXHH_10          0.832      0.196      4.242      0.000

 S        WITH
    I                 -0.586      0.236     -2.489      0.013

 Means
    I                 -0.064      0.126     -0.508      0.611
    S                 -0.110      0.435     -0.253      0.800

 Thresholds
    AIDXHH_5$1         1.020      0.115      8.869      0.000
    AIDXHH_6$1         1.136      0.152      7.457      0.000
    AIDXHH_7$1         1.101      0.161      6.852      0.000
    AIDXHH_8$1         1.199      0.228      5.263      0.000
    AIDXHH_1$1         1.167      0.276      4.227      0.000

 Variances
    I                  1.000      0.000    999.000    999.000
    S                  1.000      0.000    999.000    999.000

Latent Class 2 (2)

 I        |
    AIDXHH_5           0.926      0.023     39.785      0.000
    AIDXHH_6           1.039      0.115      9.020      0.000
    AIDXHH_7           1.003      0.140      7.169      0.000
    AIDXHH_8           1.143      0.263      4.344      0.000
    AIDXHH_10          1.166      0.305      3.824      0.000

 S        |
    AIDXHH_5           0.000      0.000    999.000    999.000
    AIDXHH_6           0.227      0.100      2.281      0.023
    AIDXHH_7           0.147      0.189      0.780      0.435
    AIDXHH_8           0.553      0.373      1.484      0.138
    AIDXHH_10          0.779      0.215      3.626      0.000

 S        WITH
    I                 -0.655      0.252     -2.597      0.009

 Means
    I                  0.000      0.000    999.000    999.000
    S                 -0.110      0.435     -0.253      0.800

 Thresholds
    AIDXHH_5$1         0.868      0.065     13.310      0.000
    AIDXHH_6$1         0.973      0.102      9.538      0.000
    AIDXHH_7$1         0.940      0.117      8.027      0.000
    AIDXHH_8$1         1.071      0.226      4.748      0.000
    AIDXHH_1$1         1.092      0.265      4.127      0.000

 Variances
    I                  1.000      0.000    999.000    999.000
    S                  1.000      0.000    999.000    999.000


R-SQUARE

Class 1

    Observed                                        Two-Tailed
    Variable        Estimate       S.E.  Est./S.E.    P-Value

    AIDXHH_5           0.804      0.060     13.508      0.000
    AIDXHH_6           0.757      0.045     16.738      0.000
    AIDXHH_7           0.771      0.037     20.767      0.000
    AIDXHH_8           0.729      0.055     13.217      0.000
    AIDXHH_1           0.744      0.073     10.133      0.000

Class 2

    Observed                                        Two-Tailed
    Variable        Estimate       S.E.  Est./S.E.    P-Value

    AIDXHH_5           0.858      0.043     19.892      0.000
    AIDXHH_6           0.821      0.034     23.944      0.000
    AIDXHH_7           0.834      0.029     29.039      0.000
    AIDXHH_8           0.784      0.050     15.593      0.000
    AIDXHH_1           0.775      0.068     11.387      0.000


     Beginning Time:  10:12:54
        Ending Time:  10:16:15
       Elapsed Time:  00:03:21



MUTHEN & MUTHEN
3463 Stoner Ave.
Los Angeles, CA  90066

Tel: (310) 391-9971
Fax: (310) 391-8971
Web: www.StatModel.com
Support: Support@StatModel.com

Copyright (c) 1998-2021 Muthen & Muthen
