Mplus VERSION 8.7
MUTHEN & MUTHEN
11/08/2021   8:11 AM

INPUT INSTRUCTIONS

  TITLE: Your title goes here

   DATA: FILE = flex_time/data.dta;

   VARIABLE:

   NAMES = pidp gridmode mm hidp_5 hidp_6 hidp_7 hidp_8 hidp_9 hidp_10 indmode_5
       indmode_6 indmode_7 indmode_8 indmode_9 indmode_10 mode_type_all mode_type_no9
       mode_type_567 mode_type_7 all no9 p567 p7 switch_all switch_no9 switch_567
       switch_7 lkmove_5 xpmove_5 caruse_5 mobuse_5 netpuse_5 aidxhh_5 jbhas_5 j2has_5
       finnow_5 finfut_5 howlng_5 vote1_5 vote6_5 scsf1_5 scsf2a_5 scsf2b_5 scsf3a_5
       scsf3b_5 scsf4a_5 scsf4b_5 scsf5_5 scsf6a_5 scsf6b_5 scsf6c_5 scsf7_5 scghqa_5
       scghqb_5 scghqc_5 scghqd_5 scghqe_5 scghqf_5 scghqg_5 scghqh_5 scghqi_5
       scghqj_5 scghqk_5 scghql_5 lkmove_6 xpmove_6 caruse_6 mobuse_6 netpuse_6
       aidxhh_6 jbhas_6 j2has_6 finnow_6 finfut_6 howlng_6 vote1_6 vote6_6 scsf1_6
       scsf2a_6 scsf2b_6 scsf3a_6 scsf3b_6 scsf4a_6 scsf4b_6 scsf5_6 scsf6a_6 scsf6b_6
       scsf6c_6 scsf7_6 scghqa_6 scghqb_6 scghqc_6 scghqd_6 scghqe_6 scghqf_6 scghqg_6
       scghqh_6 scghqi_6 scghqj_6 scghqk_6 scghql_6 lkmove_7 xpmove_7 caruse_7
       mobuse_7 netpuse_7 smoker_7 aidxhh_7 jbhas_7 jbterm1_7 jbsemp_7 j2has_7
       fiyrdia_7 finnow_7 finfut_7 howlng_7 vote1_7 vote6_7 scsf2a_7 scsf2b_7 scsf3a_7
       scsf3b_7 scsf4a_7 scsf4b_7 scsf5_7 scsf6a_7 scsf6b_7 scsf6c_7 scsf7_7 scghqa_7
       scghqb_7 scghqc_7 scghqd_7 scghqe_7 scghqf_7 scghqg_7 scghqh_7 scghqi_7
       scghqj_7 scghqk_7 scghql_7 scsf1_7 lkmove_8 xpmove_8 caruse_8 mobuse_8
       netpuse_8 smoker_8 aidxhh_8 jbhas_8 jbterm1_8 jbsemp_8 j2has_8 fiyrdia_8
       finnow_8 finfut_8 scsf2a_8 scsf2b_8 scsf3a_8 scsf3b_8 scsf4a_8 scsf4b_8 scsf5_8
       scsf6a_8 scsf6b_8 scsf6c_8 scsf7_8 scghqa_8 scghqb_8 scghqc_8 scghqd_8 scghqe_8
       scghqf_8 scghqg_8 scghqh_8 scghqi_8 scghqj_8 scghqk_8 scghql_8 scsf1_8 mobuse_9
       netpuse_9 smoker_9 jbhas_9 jbterm1_9 jbsemp_9 j2has_9 fiyrdia_9 finnow_9
       finfut_9 lkmove_10 xpmove_10 mobuse_10 netpuse_10 smoker_10 aidxhh_10 jbhas_10
       jbterm1_10 jbsemp_10 j2has_10 fiyrdia_10 finnow_10 finfut_10 scsf1_10 scsf2a_10
       scsf2b_10 scsf3a_10 scsf3b_10 scsf4a_10 scsf4b_10 scsf5_10 scsf6a_10 scsf6b_10
       scsf6c_10 scsf7_10 scghqa_10 scghqb_10 scghqc_10 scghqd_10 scghqe_10 scghqf_10
       scghqg_10 scghqh_10 scghqi_10 scghqj_10 scghqk_10 scghql_10 edu agecat female
       partner sf1 longill london north urban refresh Higher A level GCSE Other age_35
       age_55 age_75 age_102 pred_all pred_no9 pred_p567 pred_p7 pred_all_w pred_no9_w
       pred_p567_w pred_p7_w;

   MISSING=.;

   USEVARIABLES ARE
   vote1_5
   vote1_6
   vote1_7;

   CATEGORICAL ARE
   vote1_5
   vote1_6
   vote1_7;
   CLASSES = c(2);

    KNOWNCLASS = c(mm= 1 2);

   ANALYSIS:


      TYPE = MIXTURE;

      ESTIMATOR = MLR;

      ALGORITHM = INTEGRATION;

      Processors = 8(starts);

      STARTS = 2000 800;

   Model:


      %OVERALL%

  i s | vote1_5@0 vote1_6 vote1_7@1;
   %c#1%
  [s] ;
   s ;
   s WITH i ;
   i ;

   %c#2%
  [s] ;
   s ;
   s WITH i ;
   i ;

   OUTPUT: SAMPSTAT;

                                  STDYX;




*** WARNING
  Data set contains unknown or missing values for variable MM.
  This variable is used to determine the KNOWNCLASS specification.
  Number of such cases:  458
*** WARNING
  Data set contains cases with missing on all variables.
  These cases were not included in the analysis.
  Number of cases with missing on all variables:  262
   2 WARNING(S) FOUND IN THE INPUT INSTRUCTIONS



Your title goes here

SUMMARY OF ANALYSIS

Number of groups                                                 1
Number of observations                                        1337

Number of dependent variables                                    3
Number of independent variables                                  0
Number of continuous latent variables                            2
Number of categorical latent variables                           1

Observed dependent variables

  Binary and ordered categorical (ordinal)
   VOTE1_5     VOTE1_6     VOTE1_7

Continuous latent variables
   I           S

Categorical latent variables
   C

  Knownclass            C


Estimator                                                      MLR
Information matrix                                        OBSERVED
Optimization Specifications for the Quasi-Newton Algorithm for
Continuous Outcomes
  Maximum number of iterations                                 100
  Convergence criterion                                  0.100D-05
Optimization Specifications for the EM Algorithm
  Maximum number of iterations                                 500
  Convergence criteria
    Loglikelihood change                                 0.100D-02
    Relative loglikelihood change                        0.100D-05
    Derivative                                           0.100D-02
Optimization Specifications for the M step of the EM Algorithm for
Categorical Latent variables
  Number of M step iterations                                    1
  M step convergence criterion                           0.100D-02
  Basis for M step termination                           ITERATION
Optimization Specifications for the M step of the EM Algorithm for
Censored, Binary or Ordered Categorical (Ordinal), Unordered
Categorical (Nominal) and Count Outcomes
  Number of M step iterations                                    1
  M step convergence criterion                           0.100D-02
  Basis for M step termination                           ITERATION
  Maximum value for logit thresholds                            15
  Minimum value for logit thresholds                           -15
  Minimum expected cell size for chi-square              0.100D-01
Maximum number of iterations for H1                           2000
Convergence criterion for H1                             0.100D-03
Optimization algorithm                                         EMA
Integration Specifications
  Type                                                    STANDARD
  Number of integration points                                  15
  Dimensions of numerical integration                            2
  Adaptive quadrature                                           ON
Random Starts Specifications
  Number of initial stage random starts                       2000
  Number of final stage optimizations                          800
  Number of initial stage iterations                            10
  Initial stage convergence criterion                    0.100D+01
  Random starts scale                                    0.500D+01
  Random seed for generating random starts                       0
Link                                                         LOGIT
Cholesky                                                        ON

Input data file(s)
  flex_time/data.dta
Input data format  FREE


SUMMARY OF DATA

     Number of missing data patterns             7
     Number of y missing data patterns           0
     Number of u missing data patterns           7


COVARIANCE COVERAGE OF DATA

Minimum covariance coverage value   0.100


     PROPORTION OF DATA PRESENT FOR U


           Covariance Coverage
              VOTE1_5       VOTE1_6       VOTE1_7
              ________      ________      ________
 VOTE1_5        0.738
 VOTE1_6        0.622         0.739
 VOTE1_7        0.512         0.555         0.727


UNIVARIATE PROPORTIONS AND COUNTS FOR CATEGORICAL VARIABLES

    VOTE1_5
      Category 1    0.681          672.000
      Category 2    0.319          315.000
    VOTE1_6
      Category 1    0.725          716.000
      Category 2    0.275          272.000
    VOTE1_7
      Category 1    0.687          668.000
      Category 2    0.313          304.000


SAMPLE STATISTICS

RANDOM STARTS RESULTS RANKED FROM THE BEST TO THE WORST LOGLIKELIHOOD VALUES

Final stage loglikelihood values at local maxima, seeds, and initial stage start numbers:

           -2459.342  783102           433
           -2459.342  778338           1401
           -2459.344  234114           1312
           -2459.346  153053           378
           -2459.353  990197           1055
           -2459.718  738551           1214
           -2459.742  770182           1015
           -2459.755  4737             1662
           -2459.768  939709           112
           -2459.770  unperturbed      0
           -2459.771  107446           12
           -2459.788  154044           1581
           -2459.798  178659           1637
           -2459.806  928287           197
           -2459.841  17359            227
           -2459.859  134413           1290
           -2459.861  219602           1247
           -2459.868  929823           1205
           -2459.875  128920           1632
           -2459.879  400937           1152
           -2459.925  185331           1162
           -2459.937  206099           363
           -2459.947  373702           669
           -2459.962  301180           236
           -2459.967  168648           1788
           -2459.971  365050           1835
           -2459.972  586619           1837
           -2459.975  346838           1170
           -2460.000  268217           83
           -2460.002  657746           1455
           -2460.028  327475           518
           -2460.031  538669           1334
           -2460.070  366872           1169
           -2460.091  944186           541
           -2460.093  512820           1071
           -2460.239  610181           711
           -2460.241  643311           888
           -2460.266  701526           1057
           -2460.285  300697           820
           -2460.319  546909           1769
           -2460.321  638032           1706
           -2460.340  62835            642
           -2460.350  232015           1313
           -2460.363  410793           1134
           -2460.370  519119           1753
           -2460.374  980970           894
           -2460.377  858804           534
           -2460.378  96941            890
           -2460.378  920593           611
           -2460.382  810241           1634
           -2460.383  971853           402
           -2460.383  213189           605
           -2460.385  643910           1957
           -2460.386  526077           1903
           -2460.386  39756            857
           -2460.388  27071            15
           -2460.389  318742           1812
           -2460.389  674171           195
           -2460.390  257136           1774
           -2460.390  264935           281
           -2460.390  197621           1172
           -2460.390  484406           421
           -2460.391  129198           1928
           -2460.391  269910           1861
           -2460.391  89970            223
           -2460.392  508613           1494
           -2460.392  180889           920
           -2460.392  440368           797
           -2460.394  529455           268
           -2460.395  370481           742
           -2460.395  602797           336
           -2460.396  415769           1149
           -2460.396  525403           1184
           -2460.396  604861           800
           -2460.398  65952            933
           -2460.398  452606           1675
           -2460.398  216091           1670
           -2460.400  617658           660
           -2460.402  679448           937
           -2460.403  923803           1002
           -2460.403  967237           48
           -2460.403  568534           961
           -2460.409  677720           681
           -2460.410  458181           189
           -2460.793  366706           29
           -2460.939  586870           1538
           -2460.965  723775           97
           -2461.060  502203           1322
           -2461.116  27352            1516
           -2461.119  971119           1358
           -2461.163  824956           607
           -2461.230  121425           511
           -2461.231  714455           476
           -2461.477  536082           1539
           -2461.600  100054           1225
           -2461.634  961454           665
           -2461.634  937068           982
           -2461.635  294948           1999
           -2461.637  291884           1621
           -2461.637  150818           1050
           -2461.639  703313           1415
           -2461.639  387016           1035
           -2461.640  58507            793
           -2461.640  476393           705
           -2461.641  719798           1678
           -2461.641  690608           1800
           -2461.643  778953           635
           -2461.644  661290           1376
           -2461.644  480649           1900
           -2461.645  178031           720
           -2461.646  22518            1680
           -2461.647  798839           312
           -2461.648  662524           1414
           -2461.651  420298           1222
           -2461.653  848969           173
           -2461.653  843555           952
           -2461.655  117116           1909
           -2461.655  818852           1650
           -2461.659  290837           1828
           -2461.662  138695           783
           -2461.664  427363           1966
           -2461.664  125727           899
           -2461.666  350608           334
           -2461.666  217415           1240
           -2461.666  137654           1084
           -2461.666  653391           1195
           -2461.669  17730            1698
           -2461.670  269874           1756
           -2461.670  678813           1881
           -2461.670  747551           1190
           -2461.671  262922           1914
           -2461.672  453915           975
           -2461.677  200463           1826
           -2461.677  527050           948
           -2461.680  175820           1040
           -2461.681  990504           827
           -2461.681  263221           447
           -2461.683  392407           221
           -2461.685  364895           1590
           -2461.686  891347           504
           -2461.688  985387           381
           -2461.690  256781           1448
           -2461.692  425982           485
           -2461.692  199639           1094
           -2461.693  573367           986
           -2461.695  626789           1304
           -2461.698  170768           1464
           -2461.701  65562            1395
           -2461.702  160041           1384
           -2461.707  35191            703
           -2461.709  600202           1115
           -2461.710  877272           1406
           -2461.710  473942           574
           -2461.712  425140           1378
           -2461.716  371737           532
           -2461.718  603765           1006
           -2461.720  752292           1750
           -2461.720  158157           1183
           -2461.721  289739           1348
           -2461.722  847855           1701
           -2461.723  259758           1054
           -2461.727  762690           1732
           -2461.727  694303           282
           -2461.731  471398           74
           -2461.732  830367           1351
           -2461.734  887580           493
           -2461.735  492040           1503
           -2461.740  865890           1571
           -2461.742  88388            1527
           -2461.748  284384           600
           -2461.759  295033           1052
           -2461.759  761302           744
           -2461.771  782821           272
           -2461.779  576726           280
           -2461.790  928085           1946
           -2461.793  922596           456
           -2461.794  604441           1026
           -2461.797  387701           275
           -2461.800  115028           1718
           -2461.809  628997           1188
           -2461.810  802256           477
           -2461.815  337381           1397
           -2461.818  612092           1409
           -2461.822  931558           898
           -2461.828  634782           979
           -2461.831  293820           1279
           -2461.862  426364           1325
           -2461.865  369684           1309
           -2461.873  60038            1064
           -2461.879  471438           252
           -2461.880  836066           372
           -2461.890  392418           28
           -2461.891  700349           401
           -2461.902  209031           632
           -2461.913  939021           8
           -2461.931  910224           580
           -2461.934  520865           763
           -2461.940  571757           1268
           -2461.941  805935           615
           -2461.942  341960           685
           -2461.942  455410           999
           -2461.942  241197           747
           -2461.942  667250           318
           -2461.942  313278           1887
           -2461.944  77210            712
           -2461.945  85462            51
           -2461.945  265218           924
           -2461.946  79890            1413
           -2461.947  860102           495
           -2461.947  217403           1028
           -2461.948  44340            1189
           -2461.950  182461           1346
           -2461.950  338766           1131
           -2461.952  510491           1275
           -2461.952  97223            1146
           -2461.953  584397           428
           -2461.956  465160           862
           -2461.956  840078           203
           -2461.961  98068            998
           -2461.971  807534           850
           -2461.972  598245           1655
           -2461.997  835767           210
           -2461.998  263049           454
           -2462.006  313407           132
           -2462.012  387401           1482
           -2462.031  30098            209
           -2462.064  195407           1278
           -2462.065  509060           1548
           -2462.105  356194           1393
           -2462.119  526324           178
           -2462.159  863094           147
           -2462.191  406935           958
           -2462.247  397522           1311
           -2462.256  287107           864
           -2462.267  168762           200
           -2462.291  704798           530
           -2462.319  534864           307
           -2462.336  638611           524
           -2462.345  699810           571
           -2462.356  492814           1746
           -2462.364  595153           230
           -2462.365  942358           644
           -2462.367  548493           1201
           -2462.376  12050            1540
           -2462.391  655497           376
           -2462.392  94610            884
           -2462.412  494663           1498
           -2462.420  76930            1767
           -2462.444  791396           243
           -2462.483  256197           1923
           -2462.490  642386           662
           -2462.525  760599           832
           -2462.566  414284           158
           -2462.724  84013            598
           -2462.765  970728           1371
           -2462.765  301717           823
           -2462.766  684993           1148
           -2462.769  75168            1160
           -2462.770  913926           1381
           -2462.862  712638           1827
           -2463.506  881886           608
           -2463.725  63231            935
           -2465.553  790297           1883
           -2465.595  810594           845
           -2465.627  559773           1440
           -2465.634  828340           1559
           -2465.644  566943           1023
           -2465.650  208230           1710
           -2465.914  812408           1705
           -2465.918  61710            1327
           -2465.931  794236           127
           -2465.933  597614           284
           -2465.939  921206           1277
           -2465.943  227786           1964
           -2465.953  896153           1265
           -2465.957  741484           441

524 perturbed starting value run(s) did not converge or were rejected in the third stage.



THE BEST LOGLIKELIHOOD VALUE HAS BEEN REPLICATED.  RERUN WITH AT LEAST TWICE THE
RANDOM STARTS TO CHECK THAT THE BEST LOGLIKELIHOOD IS STILL OBTAINED AND REPLICATED.

     THE STANDARD ERRORS OF THE MODEL PARAMETER ESTIMATES MAY NOT BE
     TRUSTWORTHY FOR SOME PARAMETERS DUE TO A NON-POSITIVE DEFINITE
     FIRST-ORDER DERIVATIVE PRODUCT MATRIX.  THIS MAY BE DUE TO THE STARTING
     VALUES BUT MAY ALSO BE AN INDICATION OF MODEL NONIDENTIFICATION.  THE
     CONDITION NUMBER IS       0.642D-12.  PROBLEM INVOLVING THE FOLLOWING PARAMETER:
     Parameter 1, %C#1%: S BY VOTE1_6 (equality/label)

     THE MODEL ESTIMATION DID NOT TERMINATE NORMALLY DUE TO A NON-POSITIVE
     DEFINITE FISHER INFORMATION MATRIX.  THIS MAY BE DUE TO THE STARTING VALUES
     BUT MAY ALSO BE AN INDICATION OF MODEL NONIDENTIFICATION.  THE CONDITION
     NUMBER IS       0.642D-12.

     THE STANDARD ERRORS OF THE MODEL PARAMETER ESTIMATES COULD NOT BE
     COMPUTED.  THIS IS OFTEN DUE TO THE STARTING VALUES BUT MAY ALSO BE
     AN INDICATION OF MODEL NONIDENTIFICATION.  CHANGE YOUR MODEL AND/OR
     STARTING VALUES.  PROBLEM INVOLVING THE FOLLOWING PARAMETER:
     Parameter 1, %C#1%: S BY VOTE1_6 (equality/label)






FINAL CLASS COUNTS AND PROPORTIONS FOR THE LATENT CLASSES
BASED ON THE ESTIMATED MODEL

    Latent
   Classes

       1        807.00000          0.60359
       2        530.00000          0.39641


MODEL RESULTS

                    Estimate

Latent Class 1 (1)

 I        |
    VOTE1_5            1.000
    VOTE1_6            1.000
    VOTE1_7            1.000

 S        |
    VOTE1_5            0.000
    VOTE1_6        *********
    VOTE1_7            1.000

 S        WITH
    I                 -1.802

 Means
    I                 -0.522
    S                  0.424

 Thresholds
    VOTE1_5$1          1.347
    VOTE1_6$1          1.347
    VOTE1_7$1          1.347

 Variances
    I                  9.226
    S                  0.440

Latent Class 2 (2)

 I        |
    VOTE1_5            1.000
    VOTE1_6            1.000
    VOTE1_7            1.000

 S        |
    VOTE1_5            0.000
    VOTE1_6        *********
    VOTE1_7            1.000

 S        WITH
    I                  0.000

 Means
    I                  0.000
    S                  0.000

 Thresholds
    VOTE1_5$1          1.347
    VOTE1_6$1          1.347
    VOTE1_7$1          1.347

 Variances
    I                  4.669
    S                  0.000

Categorical Latent Variables

 Means
    C#1                0.420


MODEL COMMAND WITH FINAL ESTIMATES USED AS STARTING VALUES

     %OVERALL%

     i s | vote1_5@0 vote1_6 vote1_7@1;

     [ c#1*0.42045 ];

     %C#1%

     s BY vote1_6*-488055.21875 (1);

     s WITH i*-1.80216;

     [ i*-0.52196 ];
     [ s*0.42380 ];

     [ vote1_5$1*1.34653 ] (11);
     [ vote1_6$1*1.34653 ] (11);
     [ vote1_7$1*1.34653 ] (11);

     i*9.22601;
     s*0.44003;

     %C#2%

     s BY vote1_6*-488055.21875 (1);

     s WITH i*-0.00008;

     [ i@0 ];
     [ s*0.00003 ];

     [ vote1_5$1*1.34653 ] (11);
     [ vote1_6$1*1.34653 ] (11);
     [ vote1_7$1*1.34653 ] (11);

     i*4.66899;
     s*0.00000;



DIAGRAM INFORMATION

  Mplus diagrams are currently not available for Mixture analysis.
  No diagram output was produced.


     Beginning Time:  08:11:37
        Ending Time:  08:15:28
       Elapsed Time:  00:03:51



MUTHEN & MUTHEN
3463 Stoner Ave.
Los Angeles, CA  90066

Tel: (310) 391-9971
Fax: (310) 391-8971
Web: www.StatModel.com
Support: Support@StatModel.com

Copyright (c) 1998-2021 Muthen & Muthen
