Mplus VERSION 8.7
MUTHEN & MUTHEN
11/05/2021   4:06 PM

INPUT INSTRUCTIONS

  TITLE: Your title goes here

   DATA: FILE = flex_time/data.dta;

   VARIABLE:

   NAMES = pidp gridmode mm hidp_5 hidp_6 hidp_7 hidp_8 hidp_9 hidp_10 indmode_5
       indmode_6 indmode_7 indmode_8 indmode_9 indmode_10 mode_type_all mode_type_no9
       mode_type_567 mode_type_7 all no9 p567 p7 switch_all switch_no9 switch_567
       switch_7 lkmove_5 xpmove_5 caruse_5 mobuse_5 netpuse_5 aidxhh_5 jbhas_5 j2has_5
       finnow_5 finfut_5 howlng_5 vote1_5 vote6_5 scsf1_5 scsf2a_5 scsf2b_5 scsf3a_5
       scsf3b_5 scsf4a_5 scsf4b_5 scsf5_5 scsf6a_5 scsf6b_5 scsf6c_5 scsf7_5 scghqa_5
       scghqb_5 scghqc_5 scghqd_5 scghqe_5 scghqf_5 scghqg_5 scghqh_5 scghqi_5
       scghqj_5 scghqk_5 scghql_5 lkmove_6 xpmove_6 caruse_6 mobuse_6 netpuse_6
       aidxhh_6 jbhas_6 j2has_6 finnow_6 finfut_6 howlng_6 vote1_6 vote6_6 scsf1_6
       scsf2a_6 scsf2b_6 scsf3a_6 scsf3b_6 scsf4a_6 scsf4b_6 scsf5_6 scsf6a_6 scsf6b_6
       scsf6c_6 scsf7_6 scghqa_6 scghqb_6 scghqc_6 scghqd_6 scghqe_6 scghqf_6 scghqg_6
       scghqh_6 scghqi_6 scghqj_6 scghqk_6 scghql_6 lkmove_7 xpmove_7 caruse_7
       mobuse_7 netpuse_7 smoker_7 aidxhh_7 jbhas_7 jbterm1_7 jbsemp_7 j2has_7
       fiyrdia_7 finnow_7 finfut_7 howlng_7 vote1_7 vote6_7 scsf2a_7 scsf2b_7 scsf3a_7
       scsf3b_7 scsf4a_7 scsf4b_7 scsf5_7 scsf6a_7 scsf6b_7 scsf6c_7 scsf7_7 scghqa_7
       scghqb_7 scghqc_7 scghqd_7 scghqe_7 scghqf_7 scghqg_7 scghqh_7 scghqi_7
       scghqj_7 scghqk_7 scghql_7 scsf1_7 lkmove_8 xpmove_8 caruse_8 mobuse_8
       netpuse_8 smoker_8 aidxhh_8 jbhas_8 jbterm1_8 jbsemp_8 j2has_8 fiyrdia_8
       finnow_8 finfut_8 scsf2a_8 scsf2b_8 scsf3a_8 scsf3b_8 scsf4a_8 scsf4b_8 scsf5_8
       scsf6a_8 scsf6b_8 scsf6c_8 scsf7_8 scghqa_8 scghqb_8 scghqc_8 scghqd_8 scghqe_8
       scghqf_8 scghqg_8 scghqh_8 scghqi_8 scghqj_8 scghqk_8 scghql_8 scsf1_8 mobuse_9
       netpuse_9 smoker_9 jbhas_9 jbterm1_9 jbsemp_9 j2has_9 fiyrdia_9 finnow_9
       finfut_9 lkmove_10 xpmove_10 mobuse_10 netpuse_10 smoker_10 aidxhh_10 jbhas_10
       jbterm1_10 jbsemp_10 j2has_10 fiyrdia_10 finnow_10 finfut_10 scsf1_10 scsf2a_10
       scsf2b_10 scsf3a_10 scsf3b_10 scsf4a_10 scsf4b_10 scsf5_10 scsf6a_10 scsf6b_10
       scsf6c_10 scsf7_10 scghqa_10 scghqb_10 scghqc_10 scghqd_10 scghqe_10 scghqf_10
       scghqg_10 scghqh_10 scghqi_10 scghqj_10 scghqk_10 scghql_10 edu agecat female
       partner sf1 longill london north urban refresh Higher A level GCSE Other age_35
       age_55 age_75 age_102 pred_all pred_no9 pred_p567 pred_p7 pred_all_w pred_no9_w
       pred_p567_w pred_p7_w;

   MISSING=.;

   USEVARIABLES ARE
   scghql_5
   scghql_6
   scghql_7
   scghql_8
   scghql_10;

   CATEGORICAL ARE
   scghql_5
   scghql_6
   scghql_7
   scghql_8
   scghql_10;
   CLASSES = c(2);

    KNOWNCLASS = c(mm= 1 2);

   ANALYSIS:


      TYPE = MIXTURE;

      ESTIMATOR = MLR;

      ALGORITHM = INTEGRATION;

      Processors = 8(starts);

      STARTS = 800 200;

   Model:


      %OVERALL%

  i s | scghql_5@0 scghql_6 scghql_7 scghql_8 scghql_10@1;
   %c#1%
  [s] ;
   s ;
   s WITH i ;
   i ;

   %c#2%
  [s] ;
   s ;
   s WITH i ;
   i ;

   OUTPUT: SAMPSTAT;

                                  STDYX;




*** WARNING in VARIABLE command
  Note that only the first 8 characters of variable names are used in the output.
  Shorten variable names to avoid any confusion.
*** WARNING
  Data set contains unknown or missing values for variable MM.
  This variable is used to determine the KNOWNCLASS specification.
  Number of such cases:  458
*** WARNING
  Data set contains cases with missing on all variables.
  These cases were not included in the analysis.
  Number of cases with missing on all variables:  165
   3 WARNING(S) FOUND IN THE INPUT INSTRUCTIONS



Your title goes here

SUMMARY OF ANALYSIS

Number of groups                                                 1
Number of observations                                        1434

Number of dependent variables                                    5
Number of independent variables                                  0
Number of continuous latent variables                            2
Number of categorical latent variables                           1

Observed dependent variables

  Binary and ordered categorical (ordinal)
   SCGHQL_5    SCGHQL_6    SCGHQL_7    SCGHQL_8    SCGHQL_1

Continuous latent variables
   I           S

Categorical latent variables
   C

  Knownclass            C


Estimator                                                      MLR
Information matrix                                        OBSERVED
Optimization Specifications for the Quasi-Newton Algorithm for
Continuous Outcomes
  Maximum number of iterations                                 100
  Convergence criterion                                  0.100D-05
Optimization Specifications for the EM Algorithm
  Maximum number of iterations                                 500
  Convergence criteria
    Loglikelihood change                                 0.100D-02
    Relative loglikelihood change                        0.100D-05
    Derivative                                           0.100D-02
Optimization Specifications for the M step of the EM Algorithm for
Categorical Latent variables
  Number of M step iterations                                    1
  M step convergence criterion                           0.100D-02
  Basis for M step termination                           ITERATION
Optimization Specifications for the M step of the EM Algorithm for
Censored, Binary or Ordered Categorical (Ordinal), Unordered
Categorical (Nominal) and Count Outcomes
  Number of M step iterations                                    1
  M step convergence criterion                           0.100D-02
  Basis for M step termination                           ITERATION
  Maximum value for logit thresholds                            15
  Minimum value for logit thresholds                           -15
  Minimum expected cell size for chi-square              0.100D-01
Maximum number of iterations for H1                           2000
Convergence criterion for H1                             0.100D-03
Optimization algorithm                                         EMA
Integration Specifications
  Type                                                    STANDARD
  Number of integration points                                  15
  Dimensions of numerical integration                            2
  Adaptive quadrature                                           ON
Random Starts Specifications
  Number of initial stage random starts                        800
  Number of final stage optimizations                          200
  Number of initial stage iterations                            10
  Initial stage convergence criterion                    0.100D+01
  Random starts scale                                    0.500D+01
  Random seed for generating random starts                       0
Link                                                         LOGIT
Cholesky                                                        ON

Input data file(s)
  flex_time/data.dta
Input data format  FREE


SUMMARY OF DATA

     Number of missing data patterns            31
     Number of y missing data patterns           0
     Number of u missing data patterns          31


COVARIANCE COVERAGE OF DATA

Minimum covariance coverage value   0.100


     PROPORTION OF DATA PRESENT FOR U


           Covariance Coverage
              SCGHQL_5      SCGHQL_6      SCGHQL_7      SCGHQL_8      SCGHQL_1
              ________      ________      ________      ________      ________
 SCGHQL_5       0.496
 SCGHQL_6       0.375         0.589
 SCGHQL_7       0.340         0.434         0.645
 SCGHQL_8       0.322         0.419         0.501         0.634
 SCGHQL_1       0.287         0.370         0.433         0.478         0.585


UNIVARIATE PROPORTIONS AND COUNTS FOR CATEGORICAL VARIABLES

    SCGHQL_5
      Category 1    0.091           65.000
      Category 2    0.783          557.000
      Category 3    0.098           70.000
      Category 4    0.027           19.000
    SCGHQL_6
      Category 1    0.072           61.000
      Category 2    0.783          662.000
      Category 3    0.125          106.000
      Category 4    0.019           16.000
    SCGHQL_7
      Category 1    0.097           90.000
      Category 2    0.788          729.000
      Category 3    0.093           86.000
      Category 4    0.022           20.000
    SCGHQL_8
      Category 1    0.105           95.000
      Category 2    0.789          717.000
      Category 3    0.084           76.000
      Category 4    0.023           21.000
    SCGHQL_1
      Category 1    0.086           72.000
      Category 2    0.770          646.000
      Category 3    0.114           96.000
      Category 4    0.030           25.000


SAMPLE STATISTICS

RANDOM STARTS RESULTS RANKED FROM THE BEST TO THE WORST LOGLIKELIHOOD VALUES

Final stage loglikelihood values at local maxima, seeds, and initial stage start numbers:

           -3952.640  635245           121
           -3952.640  937588           293
           -3952.641  281558           184
           -3952.642  327475           518
           -3952.642  456213           160
           -3952.643  724519           333
           -3952.643  549244           756
           -3952.644  461866           722
           -3952.644  640833           434
           -3952.644  580405           286
           -3952.644  217130           443
           -3952.644  194143           510
           -3952.644  93468            3
           -3952.644  622860           259
           -3952.644  383979           603
           -3952.645  279850           555
           -3952.645  502532           445
           -3952.645  655497           376
           -3952.646  329127           185
           -3952.646  526324           178
           -3952.646  790452           303
           -3952.646  195353           225
           -3952.646  415502           194
           -3952.646  120506           45
           -3952.646  793035           187
           -3952.647  996231           310
           -3952.647  582296           452
           -3952.647  283492           435
           -3952.647  473942           574
           -3952.647  109357           765
           -3952.647  686384           690
           -3952.647  846194           93
           -3952.647  933578           506
           -3952.647  576596           99
           -3952.647  358074           560
           -3952.647  496703           758
           -3952.647  84013            598
           -3952.647  856536           144
           -3952.647  267983           228
           -3952.647  802682           419
           -3952.647  291149           536
           -3952.647  922596           456
           -3952.647  65651            214
           -3952.647  784664           75
           -3952.647  475420           71
           -3952.647  704798           530
           -3952.647  824126           287
           -3952.647  903420           5
           -3952.647  950604           172
           -3952.647  876943           650
           -3952.647  153394           429
           -3952.647  507218           613
           -3952.647  284716           713
           -3952.647  486622           522
           -3952.647  150531           154
           -3952.647  614535           449
           -3952.647  264901           634
           -3952.647  939709           112
           -3952.647  958107           790
           -3952.647  488125           368
           -3952.647  366706           29
           -3952.647  282464           283
           -3952.647  728038           177
           -3952.647  264081           186
           -3952.647  317868           740
           -3952.647  485256           371
           -3952.647  383986           159
           -3952.647  474357           789
           -3952.647  761633           50
           -3952.647  576220           115
           -3952.647  512403           719
           -3952.647  404510           442
           -3952.647  802256           477
           -3952.648  212934           568
           -3952.648  455617           242
           -3952.648  46502            714
           -3952.648  263049           454
           -3952.648  875667           367
           -3952.648  121425           511
           -3952.648  608849           224
           -3952.648  545140           278
           -3952.648  596257           405
           -3952.648  188498           258
           -3952.648  965639           463
           -3952.648  85114            385
           -3952.648  857799           315
           -3952.648  918558           412
           -3952.648  118438           601
           -3952.648  798839           312
           -3952.648  679832           302
           -3952.648  539389           544
           -3952.648  821011           161
           -3952.648  92091            649
           -3952.648  146900           391
           -3952.648  879338           309
           -3952.648  652266           490
           -3952.648  192071           142
           -3952.648  822698           621
           -3952.648  508482           446
           -3952.648  928287           197
           -3952.661  520865           763
           -3952.669  669639           699
           -3952.763  215353           164
           -3952.798  231400           738
           -3952.798  666720           671
           -3952.798  606576           151
           -3952.799  580539           786
           -3952.799  574942           558
           -3952.799  829540           324
           -3952.799  547702           767
           -3952.799  unperturbed      0
           -3952.800  937885           426
           -3952.800  4091             548
           -3952.800  178475           231
           -3952.800  318177           748
           -3952.800  17359            227
           -3952.800  62835            642
           -3952.800  777045           377
           -3952.800  562716           300
           -3952.800  529455           268
           -3952.800  714997           399
           -3952.800  765392           382
           -3952.800  688839           273
           -3952.800  967237           48
           -3952.800  70118            104
           -3952.800  971853           402
           -3952.800  373505           88
           -3952.801  801717           364
           -3952.801  804660           260
           -3952.801  443917           60
           -3952.801  247224           94
           -3952.801  848356           602
           -3952.801  926797           406
           -3952.801  438144           271
           -3952.801  373815           618
           -3952.801  915107           54
           -3952.801  800454           751
           -3952.801  953843           651
           -3952.801  160326           546
           -3952.801  345974           622
           -3952.801  351622           551
           -3952.801  761302           744
           -3952.801  392407           221
           -3952.801  860772           174
           -3952.801  608460           244
           -3952.802  644297           340
           -3952.802  922042           492
           -3952.802  73576            213
           -3952.802  732596           320
           -3952.802  801065           393
           -3952.911  486646           586
           -3952.911  712702           684
           -3952.936  775881           778
           -3957.919  224950           455

46 perturbed starting value run(s) did not converge or were rejected in the third stage.



THE BEST LOGLIKELIHOOD VALUE HAS BEEN REPLICATED.  RERUN WITH AT LEAST TWICE THE
RANDOM STARTS TO CHECK THAT THE BEST LOGLIKELIHOOD IS STILL OBTAINED AND REPLICATED.


THE MODEL ESTIMATION TERMINATED NORMALLY



MODEL FIT INFORMATION

Number of Free Parameters                       16

Loglikelihood

          H0 Value                       -3952.640
          H0 Scaling Correction Factor      0.9670
            for MLR

Information Criteria

          Akaike (AIC)                    7937.280
          Bayesian (BIC)                  8021.571
          Sample-Size Adjusted BIC        7970.745
            (n* = (n + 2) / 24)

Chi-Square Test of Model Fit for the Binary and Ordered Categorical
(Ordinal) Outcomes**

          Pearson Chi-Square

          Value                           1740.329
          Degrees of Freedom                  2008
          P-Value                           1.0000

          Likelihood Ratio Chi-Square

          Value                            359.093
          Degrees of Freedom                  2008
          P-Value                           1.0000

** Of the 3124 cells in the latent class indicator table, 8
   were deleted in the calculation of chi-square due to extreme values.

Chi-Square Test for MCAR under the Unrestricted Latent Class Indicator Model

          Pearson Chi-Square

          Value                           1074.638
          Degrees of Freedom                  4139
          P-Value                           1.0000

          Likelihood Ratio Chi-Square

          Value                            748.376
          Degrees of Freedom                  4139
          P-Value                           1.0000



FINAL CLASS COUNTS AND PROPORTIONS FOR THE LATENT CLASSES
BASED ON THE ESTIMATED MODEL

    Latent
   Classes

       1        841.00000          0.58647
       2        593.00000          0.41353


MODEL RESULTS

                                                    Two-Tailed
                    Estimate       S.E.  Est./S.E.    P-Value

Latent Class 1 (1)

 I        |
    SCGHQL_5           1.000      0.000    999.000    999.000
    SCGHQL_6           1.000      0.000    999.000    999.000
    SCGHQL_7           1.000      0.000    999.000    999.000
    SCGHQL_8           1.000      0.000    999.000    999.000
    SCGHQL_10          1.000      0.000    999.000    999.000

 S        |
    SCGHQL_5           0.000      0.000    999.000    999.000
    SCGHQL_6           1.475      2.251      0.655      0.512
    SCGHQL_7          -2.479      4.944     -0.501      0.616
    SCGHQL_8          -3.355      6.231     -0.539      0.590
    SCGHQL_10          1.000      0.000    999.000    999.000

 S        WITH
    I                  0.041      0.080      0.510      0.610

 Means
    I                  0.144      0.122      1.180      0.238
    S                  0.066      0.110      0.599      0.549

 Thresholds
    SCGHQL_5$1        -2.888      0.169    -17.118      0.000
    SCGHQL_5$2         2.509      0.152     16.491      0.000
    SCGHQL_5$3         4.579      0.198     23.164      0.000
    SCGHQL_6$1        -2.888      0.169    -17.118      0.000
    SCGHQL_6$2         2.509      0.152     16.491      0.000
    SCGHQL_6$3         4.579      0.198     23.164      0.000
    SCGHQL_7$1        -2.888      0.169    -17.118      0.000
    SCGHQL_7$2         2.509      0.152     16.491      0.000
    SCGHQL_7$3         4.579      0.198     23.164      0.000
    SCGHQL_8$1        -2.888      0.169    -17.118      0.000
    SCGHQL_8$2         2.509      0.152     16.491      0.000
    SCGHQL_8$3         4.579      0.198     23.164      0.000
    SCGHQL_1$1        -2.888      0.169    -17.118      0.000
    SCGHQL_1$2         2.509      0.152     16.491      0.000
    SCGHQL_1$3         4.579      0.198     23.164      0.000

 Variances
    I                  1.838      0.316      5.816      0.000
    S                  0.001      0.004      0.255      0.799

Latent Class 2 (2)

 I        |
    SCGHQL_5           1.000      0.000    999.000    999.000
    SCGHQL_6           1.000      0.000    999.000    999.000
    SCGHQL_7           1.000      0.000    999.000    999.000
    SCGHQL_8           1.000      0.000    999.000    999.000
    SCGHQL_10          1.000      0.000    999.000    999.000

 S        |
    SCGHQL_5           0.000      0.000    999.000    999.000
    SCGHQL_6           1.475      2.251      0.655      0.512
    SCGHQL_7          -2.479      4.944     -0.501      0.616
    SCGHQL_8          -3.355      6.231     -0.539      0.590
    SCGHQL_10          1.000      0.000    999.000    999.000

 S        WITH
    I                 -0.075      0.100     -0.756      0.449

 Means
    I                  0.000      0.000    999.000    999.000
    S                  0.087      0.139      0.624      0.533

 Thresholds
    SCGHQL_5$1        -2.888      0.169    -17.118      0.000
    SCGHQL_5$2         2.509      0.152     16.491      0.000
    SCGHQL_5$3         4.579      0.198     23.164      0.000
    SCGHQL_6$1        -2.888      0.169    -17.118      0.000
    SCGHQL_6$2         2.509      0.152     16.491      0.000
    SCGHQL_6$3         4.579      0.198     23.164      0.000
    SCGHQL_7$1        -2.888      0.169    -17.118      0.000
    SCGHQL_7$2         2.509      0.152     16.491      0.000
    SCGHQL_7$3         4.579      0.198     23.164      0.000
    SCGHQL_8$1        -2.888      0.169    -17.118      0.000
    SCGHQL_8$2         2.509      0.152     16.491      0.000
    SCGHQL_8$3         4.579      0.198     23.164      0.000
    SCGHQL_1$1        -2.888      0.169    -17.118      0.000
    SCGHQL_1$2         2.509      0.152     16.491      0.000
    SCGHQL_1$3         4.579      0.198     23.164      0.000

 Variances
    I                  1.556      0.352      4.426      0.000
    S                  0.004      0.009      0.392      0.695

Categorical Latent Variables

 Means
    C#1                0.349      0.054      6.516      0.000


QUALITY OF NUMERICAL RESULTS

     Condition Number for the Information Matrix              0.712E-06
       (ratio of smallest to largest eigenvalue)


RESULTS IN PROBABILITY SCALE

                    Estimate

Latent Class 1 (1)

 SCGHQL_5
    Category 1         0.086
    Category 2         0.774
    Category 3         0.114
    Category 4         0.026
 SCGHQL_6
    Category 1         0.082
    Category 2         0.765
    Category 3         0.123
    Category 4         0.030
 SCGHQL_7
    Category 1         0.093
    Category 2         0.787
    Category 3         0.099
    Category 4         0.021
 SCGHQL_8
    Category 1         0.095
    Category 2         0.791
    Category 3         0.094
    Category 4         0.019
 SCGHQL_10
    Category 1         0.083
    Category 2         0.768
    Category 3         0.120
    Category 4         0.029

Latent Class 2 (2)

 SCGHQL_5
    Category 1         0.089
    Category 2         0.791
    Category 3         0.099
    Category 4         0.021
 SCGHQL_6
    Category 1         0.076
    Category 2         0.798
    Category 3         0.104
    Category 4         0.021
 SCGHQL_7
    Category 1         0.115
    Category 2         0.774
    Category 3         0.091
    Category 4         0.020
 SCGHQL_8
    Category 1         0.125
    Category 2         0.766
    Category 3         0.089
    Category 4         0.020
 SCGHQL_10
    Category 1         0.080
    Category 2         0.796
    Category 3         0.103
    Category 4         0.021


STANDARDIZED MODEL RESULTS


STDYX Standardization

                                                    Two-Tailed
                    Estimate       S.E.  Est./S.E.    P-Value

Latent Class 1 (1)

 I        |
    SCGHQL_5           0.599      0.033     18.132      0.000
    SCGHQL_6           0.592      0.035     16.914      0.000
    SCGHQL_7           0.611      0.043     14.207      0.000
    SCGHQL_8           0.615      0.046     13.411      0.000
    SCGHQL_10          0.594      0.034     17.347      0.000

 S        |
    SCGHQL_5           0.000      0.000    999.000    999.000
    SCGHQL_6           0.019      0.022      0.891      0.373
    SCGHQL_7          -0.034      0.046     -0.734      0.463
    SCGHQL_8          -0.046      0.058     -0.795      0.427
    SCGHQL_10          0.013      0.026      0.513      0.608

 S        WITH
    I                  1.000      0.000   2562.559      0.000

 Means
    I                  0.106      0.091      1.163      0.245
    S                  2.186      2.749      0.795      0.427

 Thresholds
    SCGHQL_5$1        -1.275      0.059    -21.674      0.000
    SCGHQL_5$2         1.108      0.074     14.961      0.000
    SCGHQL_5$3         2.022      0.101     19.965      0.000
    SCGHQL_6$1        -1.260      0.068    -18.651      0.000
    SCGHQL_6$2         1.095      0.067     16.262      0.000
    SCGHQL_6$3         1.998      0.091     21.902      0.000
    SCGHQL_7$1        -1.300      0.077    -16.982      0.000
    SCGHQL_7$2         1.130      0.063     17.874      0.000
    SCGHQL_7$3         2.062      0.087     23.807      0.000
    SCGHQL_8$1        -1.309      0.080    -16.395      0.000
    SCGHQL_8$2         1.138      0.066     17.244      0.000
    SCGHQL_8$3         2.076      0.093     22.279      0.000
    SCGHQL_1$1        -1.265      0.068    -18.655      0.000
    SCGHQL_1$2         1.099      0.071     15.479      0.000
    SCGHQL_1$3         2.006      0.099     20.320      0.000

 Variances
    I                  1.000      0.000    999.000    999.000
    S                  1.000      0.000    999.000    999.000

Latent Class 2 (2)

 I        |
    SCGHQL_5           0.567      0.043     13.038      0.000
    SCGHQL_6           0.580      0.052     11.137      0.000
    SCGHQL_7           0.545      0.056      9.765      0.000
    SCGHQL_8           0.537      0.057      9.440      0.000
    SCGHQL_10          0.575      0.050     11.488      0.000

 S        |
    SCGHQL_5           0.000      0.000    999.000    999.000
    SCGHQL_6           0.041      0.053      0.779      0.436
    SCGHQL_7          -0.065      0.068     -0.967      0.333
    SCGHQL_8          -0.087      0.075     -1.166      0.244
    SCGHQL_10          0.028      0.036      0.781      0.435

 S        WITH
    I                 -0.999      0.003   -361.035      0.000

 Means
    I                  0.000      0.000    999.000    999.000
    S                  1.432      1.044      1.371      0.170

 Thresholds
    SCGHQL_5$1        -1.312      0.093    -14.131      0.000
    SCGHQL_5$2         1.140      0.055     20.561      0.000
    SCGHQL_5$3         2.080      0.076     27.213      0.000
    SCGHQL_6$1        -1.342      0.083    -16.119      0.000
    SCGHQL_6$2         1.166      0.073     15.891      0.000
    SCGHQL_6$3         2.127      0.104     20.514      0.000
    SCGHQL_7$1        -1.261      0.065    -19.549      0.000
    SCGHQL_7$2         1.096      0.081     13.602      0.000
    SCGHQL_7$3         2.000      0.115     17.430      0.000
    SCGHQL_8$1        -1.244      0.068    -18.349      0.000
    SCGHQL_8$2         1.081      0.083     13.057      0.000
    SCGHQL_8$3         1.972      0.121     16.353      0.000
    SCGHQL_1$1        -1.332      0.082    -16.183      0.000
    SCGHQL_1$2         1.158      0.065     17.696      0.000
    SCGHQL_1$3         2.112      0.088     24.018      0.000

 Variances
    I                  1.000      0.000    999.000    999.000
    S                  1.000      0.000    999.000    999.000


R-SQUARE

Class 1

    Observed                                        Two-Tailed
    Variable        Estimate       S.E.  Est./S.E.    P-Value

    SCGHQL_5           0.358      0.040      9.066      0.000
    SCGHQL_6           0.373      0.039      9.555      0.000
    SCGHQL_7           0.333      0.041      8.027      0.000
    SCGHQL_8           0.324      0.047      6.922      0.000
    SCGHQL_1           0.369      0.043      8.507      0.000

Class 2

    Observed                                        Two-Tailed
    Variable        Estimate       S.E.  Est./S.E.    P-Value

    SCGHQL_5           0.321      0.049      6.519      0.000
    SCGHQL_6           0.290      0.055      5.301      0.000
    SCGHQL_7           0.372      0.052      7.190      0.000
    SCGHQL_8           0.390      0.057      6.870      0.000
    SCGHQL_1           0.300      0.046      6.497      0.000


     Beginning Time:  16:06:35
        Ending Time:  16:18:45
       Elapsed Time:  00:12:10



MUTHEN & MUTHEN
3463 Stoner Ave.
Los Angeles, CA  90066

Tel: (310) 391-9971
Fax: (310) 391-8971
Web: www.StatModel.com
Support: Support@StatModel.com

Copyright (c) 1998-2021 Muthen & Muthen
