Mplus VERSION 8.7
MUTHEN & MUTHEN
11/05/2021   8:25 PM

INPUT INSTRUCTIONS

  TITLE: Your title goes here

   DATA: FILE = flex_time/data.dta;

   VARIABLE:

   NAMES = pidp gridmode mm hidp_5 hidp_6 hidp_7 hidp_8 hidp_9 hidp_10 indmode_5
       indmode_6 indmode_7 indmode_8 indmode_9 indmode_10 mode_type_all mode_type_no9
       mode_type_567 mode_type_7 all no9 p567 p7 switch_all switch_no9 switch_567
       switch_7 lkmove_5 xpmove_5 caruse_5 mobuse_5 netpuse_5 aidxhh_5 jbhas_5 j2has_5
       finnow_5 finfut_5 howlng_5 vote1_5 vote6_5 scsf1_5 scsf2a_5 scsf2b_5 scsf3a_5
       scsf3b_5 scsf4a_5 scsf4b_5 scsf5_5 scsf6a_5 scsf6b_5 scsf6c_5 scsf7_5 scghqa_5
       scghqb_5 scghqc_5 scghqd_5 scghqe_5 scghqf_5 scghqg_5 scghqh_5 scghqi_5
       scghqj_5 scghqk_5 scghql_5 lkmove_6 xpmove_6 caruse_6 mobuse_6 netpuse_6
       aidxhh_6 jbhas_6 j2has_6 finnow_6 finfut_6 howlng_6 vote1_6 vote6_6 scsf1_6
       scsf2a_6 scsf2b_6 scsf3a_6 scsf3b_6 scsf4a_6 scsf4b_6 scsf5_6 scsf6a_6 scsf6b_6
       scsf6c_6 scsf7_6 scghqa_6 scghqb_6 scghqc_6 scghqd_6 scghqe_6 scghqf_6 scghqg_6
       scghqh_6 scghqi_6 scghqj_6 scghqk_6 scghql_6 lkmove_7 xpmove_7 caruse_7
       mobuse_7 netpuse_7 smoker_7 aidxhh_7 jbhas_7 jbterm1_7 jbsemp_7 j2has_7
       fiyrdia_7 finnow_7 finfut_7 howlng_7 vote1_7 vote6_7 scsf2a_7 scsf2b_7 scsf3a_7
       scsf3b_7 scsf4a_7 scsf4b_7 scsf5_7 scsf6a_7 scsf6b_7 scsf6c_7 scsf7_7 scghqa_7
       scghqb_7 scghqc_7 scghqd_7 scghqe_7 scghqf_7 scghqg_7 scghqh_7 scghqi_7
       scghqj_7 scghqk_7 scghql_7 scsf1_7 lkmove_8 xpmove_8 caruse_8 mobuse_8
       netpuse_8 smoker_8 aidxhh_8 jbhas_8 jbterm1_8 jbsemp_8 j2has_8 fiyrdia_8
       finnow_8 finfut_8 scsf2a_8 scsf2b_8 scsf3a_8 scsf3b_8 scsf4a_8 scsf4b_8 scsf5_8
       scsf6a_8 scsf6b_8 scsf6c_8 scsf7_8 scghqa_8 scghqb_8 scghqc_8 scghqd_8 scghqe_8
       scghqf_8 scghqg_8 scghqh_8 scghqi_8 scghqj_8 scghqk_8 scghql_8 scsf1_8 mobuse_9
       netpuse_9 smoker_9 jbhas_9 jbterm1_9 jbsemp_9 j2has_9 fiyrdia_9 finnow_9
       finfut_9 lkmove_10 xpmove_10 mobuse_10 netpuse_10 smoker_10 aidxhh_10 jbhas_10
       jbterm1_10 jbsemp_10 j2has_10 fiyrdia_10 finnow_10 finfut_10 scsf1_10 scsf2a_10
       scsf2b_10 scsf3a_10 scsf3b_10 scsf4a_10 scsf4b_10 scsf5_10 scsf6a_10 scsf6b_10
       scsf6c_10 scsf7_10 scghqa_10 scghqb_10 scghqc_10 scghqd_10 scghqe_10 scghqf_10
       scghqg_10 scghqh_10 scghqi_10 scghqj_10 scghqk_10 scghql_10 edu agecat female
       partner sf1 longill london north urban refresh Higher A level GCSE Other age_35
       age_55 age_75 age_102 pred_all pred_no9 pred_p567 pred_p7 pred_all_w pred_no9_w
       pred_p567_w pred_p7_w;

   MISSING=.;

   USEVARIABLES ARE
   scsf7_5
   scsf7_6
   scsf7_7
   scsf7_8
   scsf7_10;
   CLASSES = c(2);

    KNOWNCLASS = c(no9= 1 2);
  WEIGHT IS pred_no9_w;

   ANALYSIS:


      TYPE = MIXTURE;

      ESTIMATOR = MLR;

      ALGORITHM = INTEGRATION;

      Processors = 8(starts);

      STARTS = 800 200;

   Model:


      %OVERALL%

  i s | scsf7_5@0 scsf7_6 scsf7_7 scsf7_8 scsf7_10@1;;

  scsf7_5 (a);
   scsf7_6 (a);
   scsf7_7 (a);
   scsf7_8 (a);
   scsf7_10 (a);

   %c#1%
  [s] ;
   s ;
   s WITH i ;
   i ;

   %c#2%
  [s] ;
   s ;
   s WITH i ;
   i ;

   OUTPUT: SAMPSTAT;

                                  STDYX;




*** WARNING
  One or more observations has a value of 0 for the WEIGHT variable.  Consider using the
  SUBPOPULATION option to restrict the analysis to observations with a positive weight.
*** WARNING
  Data set contains unknown or missing values for variable NO9.
  This variable is used to determine the KNOWNCLASS specification.
  Number of such cases:  111
*** WARNING
  Data set contains cases with missing on all variables.
  These cases were not included in the analysis.
  Number of cases with missing on all variables:  101
   3 WARNING(S) FOUND IN THE INPUT INSTRUCTIONS



Your title goes here

SUMMARY OF ANALYSIS

Number of groups                                                 1
Number of observations                                        1845

Number of dependent variables                                    5
Number of independent variables                                  0
Number of continuous latent variables                            2
Number of categorical latent variables                           1

Observed dependent variables

  Continuous
   SCSF7_5     SCSF7_6     SCSF7_7     SCSF7_8     SCSF7_10

Continuous latent variables
   I           S

Categorical latent variables
   C

  Knownclass            C

Variables with special functions

  Weight variable       PRED_NO9

Estimator                                                      MLR
Information matrix                                        OBSERVED
Optimization Specifications for the Quasi-Newton Algorithm for
Continuous Outcomes
  Maximum number of iterations                                 100
  Convergence criterion                                  0.100D-05
Optimization Specifications for the EM Algorithm
  Maximum number of iterations                                 500
  Convergence criteria
    Loglikelihood change                                 0.100D-02
    Relative loglikelihood change                        0.100D-05
    Derivative                                           0.100D-02
Optimization Specifications for the M step of the EM Algorithm for
Categorical Latent variables
  Number of M step iterations                                    1
  M step convergence criterion                           0.100D-02
  Basis for M step termination                           ITERATION
Optimization Specifications for the M step of the EM Algorithm for
Censored, Binary or Ordered Categorical (Ordinal), Unordered
Categorical (Nominal) and Count Outcomes
  Number of M step iterations                                    1
  M step convergence criterion                           0.100D-02
  Basis for M step termination                           ITERATION
  Maximum value for logit thresholds                            15
  Minimum value for logit thresholds                           -15
  Minimum expected cell size for chi-square              0.100D-01
Maximum number of iterations for H1                           2000
Convergence criterion for H1                             0.100D-03
Optimization algorithm                                         EMA
Integration Specifications
  Type                                                    STANDARD
  Number of integration points                                  15
  Dimensions of numerical integration                            0
  Adaptive quadrature                                           ON
Random Starts Specifications
  Number of initial stage random starts                        800
  Number of final stage optimizations                          200
  Number of initial stage iterations                            10
  Initial stage convergence criterion                    0.100D+01
  Random starts scale                                    0.500D+01
  Random seed for generating random starts                       0
Cholesky                                                       OFF

Input data file(s)
  flex_time/data.dta
Input data format  FREE


SUMMARY OF DATA

     Number of missing data patterns            31
     Number of y missing data patterns          31
     Number of u missing data patterns           0


COVARIANCE COVERAGE OF DATA

Minimum covariance coverage value   0.100


     PROPORTION OF DATA PRESENT FOR Y


           Covariance Coverage
              SCSF7_5       SCSF7_6       SCSF7_7       SCSF7_8       SCSF7_10
              ________      ________      ________      ________      ________
 SCSF7_5        0.386
 SCSF7_6        0.292         0.456
 SCSF7_7        0.266         0.338         0.598
 SCSF7_8        0.254         0.327         0.477         0.583
 SCSF7_10       0.224         0.287         0.403         0.435         0.648


SAMPLE STATISTICS


     ESTIMATED SAMPLE STATISTICS FOR CLASS 1


           Means
              SCSF7_5       SCSF7_6       SCSF7_7       SCSF7_8       SCSF7_10
              ________      ________      ________      ________      ________
                4.084         4.136         4.224         4.180         4.030


           Covariances
              SCSF7_5       SCSF7_6       SCSF7_7       SCSF7_8       SCSF7_10
              ________      ________      ________      ________      ________
 SCSF7_5        1.480
 SCSF7_6        0.859         1.478
 SCSF7_7        0.710         0.796         1.133
 SCSF7_8        0.898         0.841         0.760         1.354
 SCSF7_10       0.785         0.691         0.700         0.769         1.483


           Correlations
              SCSF7_5       SCSF7_6       SCSF7_7       SCSF7_8       SCSF7_10
              ________      ________      ________      ________      ________
 SCSF7_5        1.000
 SCSF7_6        0.581         1.000
 SCSF7_7        0.548         0.615         1.000
 SCSF7_8        0.635         0.594         0.614         1.000
 SCSF7_10       0.530         0.466         0.540         0.543         1.000


     ESTIMATED SAMPLE STATISTICS FOR CLASS 2


           Means
              SCSF7_5       SCSF7_6       SCSF7_7       SCSF7_8       SCSF7_10
              ________      ________      ________      ________      ________
                4.306         4.200         4.449         4.397         4.234


           Covariances
              SCSF7_5       SCSF7_6       SCSF7_7       SCSF7_8       SCSF7_10
              ________      ________      ________      ________      ________
 SCSF7_5        0.971
 SCSF7_6        0.589         1.237
 SCSF7_7        0.434         0.471         0.751
 SCSF7_8        0.448         0.477         0.450         0.919
 SCSF7_10       0.560         0.719         0.523         0.541         1.177


           Correlations
              SCSF7_5       SCSF7_6       SCSF7_7       SCSF7_8       SCSF7_10
              ________      ________      ________      ________      ________
 SCSF7_5        1.000
 SCSF7_6        0.538         1.000
 SCSF7_7        0.508         0.489         1.000
 SCSF7_8        0.474         0.447         0.541         1.000
 SCSF7_10       0.523         0.596         0.556         0.520         1.000


UNIVARIATE SAMPLE STATISTICS


     UNIVARIATE HIGHER-ORDER MOMENT DESCRIPTIVE STATISTICS

         Variable/         Mean/     Skewness/   Minimum/ % with                Percentiles
        Sample Size      Variance    Kurtosis    Maximum  Min/Max      20%/60%    40%/80%    Median

     SCSF7_5               4.187      -1.321       1.000    2.81%       4.000      5.000      5.000
             712.000       1.281       0.810       5.000   61.66%       5.000      5.000
     SCSF7_6               4.145      -1.222       1.000    2.73%       3.000      5.000      5.000
             842.000       1.426       0.385       5.000   61.05%       5.000      5.000
     SCSF7_7               4.382      -1.499       1.000    1.18%       4.000      5.000      5.000
            1103.000       0.930       1.477       5.000   64.10%       5.000      5.000
     SCSF7_8               4.297      -1.473       1.000    2.51%       4.000      5.000      5.000
            1076.000       1.155       1.284       5.000   65.06%       5.000      5.000
     SCSF7_10              4.177      -1.198       1.000    2.93%       3.000      5.000      5.000
            1196.000       1.329       0.294       5.000   60.12%       5.000      5.000

RANDOM STARTS RESULTS RANKED FROM THE BEST TO THE WORST LOGLIKELIHOOD VALUES

Final stage loglikelihood values at local maxima, seeds, and initial stage start numbers:

           -8942.830  710445           792
           -8942.830  345974           622
           -8942.830  263049           454
           -8942.830  281462           285
           -8942.830  830570           369
           -8942.830  25127            107
           -8942.830  903633           553
           -8942.830  617658           660
           -8942.830  404042           675
           -8942.830  238906           430
           -8942.830  266008           656
           -8942.830  669634           335
           -8942.830  282464           283
           -8942.830  407108           366
           -8942.830  682718           733
           -8942.830  848163           47
           -8942.830  107446           12
           -8942.830  997222           229
           -8942.830  7959             256
           -8942.830  830392           35
           -8942.830  82357            339
           -8942.830  49293            707
           -8942.830  441191           361
           -8942.830  402224           91
           -8942.830  568859           49
           -8942.830  802682           419
           -8942.830  967902           52
           -8942.830  392418           28
           -8942.830  220454           288
           -8942.830  113138           585
           -8942.830  588923           606
           -8942.830  264901           634
           -8942.830  913639           162
           -8942.830  352277           42
           -8942.830  529496           343
           -8942.830  848590           694
           -8942.830  626208           698
           -8942.830  964570           701
           -8942.830  496881           192
           -8942.830  251641           784
           -8942.830  995913           787
           -8942.830  570908           98
           -8942.830  746978           410
           -8942.830  798821           423
           -8942.830  937885           426
           -8942.830  879211           453
           -8942.830  349360           464
           -8942.830  850840           232
           -8942.830  170118           238
           -8942.830  319575           499
           -8942.830  231281           542
           -8942.830  856536           144
           -8942.830  937588           293
           -8942.830  417035           149
           -8942.830  351807           617
           -8942.830  992389           77
           -8942.830  391179           78
           -8942.830  605358           321
           -8942.830  939870           655
           -8942.830  780698           337
           -8942.830  404426           344
           -8942.830  72866            692
           -8942.830  117391           710
           -8942.830  610181           711
           -8942.830  717754           180
           -8942.830  22362            365
           -8942.830  836066           372
           -8942.830  241197           747
           -8942.830  88437            761
           -8942.830  403801           762
           -8942.830  580539           786
           -8942.830  595153           230
           -8942.830  440841           118
           -8942.830  863691           481
           -8942.830  603842           61
           -8942.830  378393           509
           -8942.830  342019           301
           -8942.830  521575           313
           -8942.830  341519           653
           -8942.830  848969           173
           -8942.830  531546           702
           -8942.830  478341           731
           -8942.830  415931           10
           -8942.830  800454           751
           -8942.830  659832           754
           -8942.830  109946           771
           -8942.830  58507            793
           -8942.830  298275           418
           -8942.830  508482           446
           -8942.830  582296           452
           -8942.830  802256           477
           -8942.830  252949           487
           -8942.830  313407           132
           -8942.830  331681           549
           -8942.830  749453           33
           -8942.830  830529           279
           -8942.830  333082           578
           -8942.830  15270            610
           -8942.830  127215           9
           -8942.830  545108           667
           -8942.830  950604           172
           -8942.830  536551           696
           -8942.830  544048           87
           -8942.830  728038           177
           -8942.830  476498           179
           -8942.830  647617           725
           -8942.830  556929           734
           -8942.830  50887            389
           -8942.830  605565           404
           -8942.830  366533           484
           -8942.830  608460           244
           -8942.830  156536           245
           -8942.830  650371           14
           -8942.830  327475           518
           -8942.830  311214           64
           -8942.830  489927           520
           -8942.830  715255           523
           -8942.830  438144           271
           -8942.830  434915           552
           -8942.830  506886           576
           -8942.830  788796           145
           -8942.830  193042           316
           -8942.830  383986           159
           -8942.830  291112           645
           -8942.830  383902           673
           -8942.830  179022           687
           -8942.830  686384           690
           -8942.830  917702           693
           -8942.830  871722           355
           -8942.830  72662            729
           -8942.830  848890           95
           -8942.830  590834           785
           -8942.830  502157           799
           -8942.830  61587            400
           -8942.830  596257           405
           -8942.830  85734            411
           -8942.830  30098            209
           -8942.830  178475           231
           -8942.830  481835           57
           -8942.830  701525           239
           -8942.830  787985           482
           -8942.830  335485           496
           -8942.830  978781           497
           -8942.830  140849           515
           -8942.830  79212            517
           -8942.830  161421           519
           -8942.830  926283           269
           -8942.830  688839           273
           -8942.830  212934           568
           -8942.830  790452           303
           -8942.830  824956           607
           -8942.830  343926           624
           -8942.830  535063           329
           -8942.830  237332           661
           -8942.830  580181           691
           -8942.830  476393           705
           -8942.830  579138           706
           -8942.830  579995           183
           -8942.830  621542           375
           -8942.830  561664           392
           -8942.830  372176           23
           -8942.830  354208           196
           -8942.830  928287           197
           -8942.830  700349           401
           -8942.830  575700           100
           -8942.830  891531           206
           -8942.830  399508           415
           -8942.830  464179           106
           -8942.830  783102           433
           -8942.830  392407           221
           -8942.830  89970            223
           -8942.830  939709           112
           -8942.830  175199           247
           -8942.830  123985           248
           -8942.830  471438           252
           -8942.830  291149           536
           -8942.830  897782           545
           -8942.830  789985           67
           -8942.830  793487           595
           -8942.830  996231           310
           -8942.830  654136           167
           -8942.830  618000           190
           -8942.830  965994           396
           -8942.830  70118            104
           -8942.830  466971           109
           -8942.830  399671           13
           -8942.830  539389           544
           -8942.830  848331           137
           -8942.830  163110           584
           -8942.830  84013            598
           -8942.830  857799           315
           -8942.830  173440           328
           -8942.830  973369           202
           -8942.830  486622           522
           -8942.830  405371           569
           -8942.830  641794           591
           -8942.830  118438           601
           -8942.830  497522           502
           -8942.830  371246           101
           -8942.830  unperturbed      0



THE BEST LOGLIKELIHOOD VALUE HAS BEEN REPLICATED.  RERUN WITH AT LEAST TWICE THE
RANDOM STARTS TO CHECK THAT THE BEST LOGLIKELIHOOD IS STILL OBTAINED AND REPLICATED.


THE MODEL ESTIMATION TERMINATED NORMALLY

     WARNING:  THE LATENT VARIABLE COVARIANCE MATRIX (PSI) IS NOT POSITIVE
     DEFINITE.  THIS COULD INDICATE A NEGATIVE VARIANCE/RESIDUAL VARIANCE FOR A
     LATENT VARIABLE, A CORRELATION GREATER OR EQUAL TO ONE BETWEEN TWO LATENT
     VARIABLES, OR A LINEAR DEPENDENCY AMONG MORE THAN TWO LATENT VARIABLES.
     CHECK THE TECH4 OUTPUT FOR MORE INFORMATION.



MODEL FIT INFORMATION

Number of Free Parameters                       15

Loglikelihood

          H0 Value                       -8942.830
          H0 Scaling Correction Factor      3.9965
            for MLR

Information Criteria

          Akaike (AIC)                   17915.661
          Bayesian (BIC)                 17998.464
          Sample-Size Adjusted BIC       17950.810
            (n* = (n + 2) / 24)



FINAL CLASS COUNTS AND PROPORTIONS FOR THE LATENT CLASSES
BASED ON THE ESTIMATED MODEL

    Latent
   Classes

       1       1304.00000          0.70678
       2        541.00000          0.29322


MODEL RESULTS

                                                    Two-Tailed
                    Estimate       S.E.  Est./S.E.    P-Value

Latent Class 1 (1)

 I        |
    SCSF7_5            1.000      0.000    999.000    999.000
    SCSF7_6            1.000      0.000    999.000    999.000
    SCSF7_7            1.000      0.000    999.000    999.000
    SCSF7_8            1.000      0.000    999.000    999.000
    SCSF7_10           1.000      0.000    999.000    999.000

 S        |
    SCSF7_5            0.000      0.000    999.000    999.000
    SCSF7_6            0.700      1.270      0.551      0.582
    SCSF7_7           -4.283      6.581     -0.651      0.515
    SCSF7_8           -0.348      2.906     -0.120      0.905
    SCSF7_10           1.000      0.000    999.000    999.000

 S        WITH
    I                  0.019      0.034      0.555      0.579

 Means
    I                  4.115      0.059     69.818      0.000
    S                 -0.027      0.045     -0.611      0.541

 Intercepts
    SCSF7_5            0.000      0.000    999.000    999.000
    SCSF7_6            0.000      0.000    999.000    999.000
    SCSF7_7            0.000      0.000    999.000    999.000
    SCSF7_8            0.000      0.000    999.000    999.000
    SCSF7_10           0.000      0.000    999.000    999.000

 Variances
    I                  0.827      0.101      8.175      0.000
    S                 -0.005      0.011     -0.457      0.648

 Residual Variances
    SCSF7_5            0.588      0.065      9.092      0.000
    SCSF7_6            0.588      0.065      9.092      0.000
    SCSF7_7            0.588      0.065      9.092      0.000
    SCSF7_8            0.588      0.065      9.092      0.000
    SCSF7_10           0.588      0.065      9.092      0.000

Latent Class 2 (2)

 I        |
    SCSF7_5            1.000      0.000    999.000    999.000
    SCSF7_6            1.000      0.000    999.000    999.000
    SCSF7_7            1.000      0.000    999.000    999.000
    SCSF7_8            1.000      0.000    999.000    999.000
    SCSF7_10           1.000      0.000    999.000    999.000

 S        |
    SCSF7_5            0.000      0.000    999.000    999.000
    SCSF7_6            0.700      1.270      0.551      0.582
    SCSF7_7           -4.283      6.581     -0.651      0.515
    SCSF7_8           -0.348      2.906     -0.120      0.905
    SCSF7_10           1.000      0.000    999.000    999.000

 S        WITH
    I                  0.025      0.061      0.409      0.683

 Means
    I                  4.292      0.059     73.327      0.000
    S                 -0.041      0.073     -0.566      0.572

 Intercepts
    SCSF7_5            0.000      0.000    999.000    999.000
    SCSF7_6            0.000      0.000    999.000    999.000
    SCSF7_7            0.000      0.000    999.000    999.000
    SCSF7_8            0.000      0.000    999.000    999.000
    SCSF7_10           0.000      0.000    999.000    999.000

 Variances
    I                  0.528      0.093      5.650      0.000
    S                 -0.008      0.017     -0.500      0.617

 Residual Variances
    SCSF7_5            0.588      0.065      9.092      0.000
    SCSF7_6            0.588      0.065      9.092      0.000
    SCSF7_7            0.588      0.065      9.092      0.000
    SCSF7_8            0.588      0.065      9.092      0.000
    SCSF7_10           0.588      0.065      9.092      0.000

Categorical Latent Variables

 Means
    C#1                0.880      0.066     13.230      0.000


QUALITY OF NUMERICAL RESULTS

     Condition Number for the Information Matrix              0.928E-05
       (ratio of smallest to largest eigenvalue)


STANDARDIZED MODEL RESULTS


STDYX Standardization

                                                    Two-Tailed
                    Estimate       S.E.  Est./S.E.    P-Value

Latent Class 1 (1)

 I        |
    SCSF7_5            0.765      0.030     25.681      0.000
    SCSF7_6            0.758      0.029     25.774      0.000
    SCSF7_7            0.843      0.042     19.854      0.000
    SCSF7_8            0.768      0.061     12.690      0.000
    SCSF7_10           0.756      0.027     28.117      0.000

 S        |
    SCSF7_5          999.000    999.000    999.000    999.000
    SCSF7_6          999.000    999.000    999.000    999.000
    SCSF7_7          999.000    999.000    999.000    999.000
    SCSF7_8          999.000    999.000    999.000    999.000
    SCSF7_10         999.000    999.000    999.000    999.000

 S        WITH
    I                999.000    999.000    999.000    999.000

 Means
    I                  4.526      0.330     13.731      0.000
    S                999.000    999.000    999.000    999.000

 Intercepts
    SCSF7_5            0.000      0.000    999.000    999.000
    SCSF7_6            0.000      0.000    999.000    999.000
    SCSF7_7            0.000      0.000    999.000    999.000
    SCSF7_8            0.000      0.000    999.000    999.000
    SCSF7_10           0.000      0.000    999.000    999.000

 Variances
    I                  1.000      0.000    999.000    999.000
    S                999.000    999.000    999.000    999.000

 Residual Variances
    SCSF7_5            0.415      0.046      9.126      0.000
    SCSF7_6            0.409      0.052      7.855      0.000
    SCSF7_7            0.505      0.094      5.366      0.000
    SCSF7_8            0.419      0.033     12.702      0.000
    SCSF7_10           0.406      0.054      7.505      0.000

Latent Class 2 (2)

 I        |
    SCSF7_5            0.688      0.046     15.105      0.000
    SCSF7_6            0.679      0.043     15.751      0.000
    SCSF7_7            0.841      0.059     14.166      0.000
    SCSF7_8            0.694      0.099      6.989      0.000
    SCSF7_10           0.676      0.036     18.519      0.000

 S        |
    SCSF7_5          999.000    999.000    999.000    999.000
    SCSF7_6          999.000    999.000    999.000    999.000
    SCSF7_7          999.000    999.000    999.000    999.000
    SCSF7_8          999.000    999.000    999.000    999.000
    SCSF7_10         999.000    999.000    999.000    999.000

 S        WITH
    I                999.000    999.000    999.000    999.000

 Means
    I                  5.905      0.592      9.974      0.000
    S                999.000    999.000    999.000    999.000

 Intercepts
    SCSF7_5            0.000      0.000    999.000    999.000
    SCSF7_6            0.000      0.000    999.000    999.000
    SCSF7_7            0.000      0.000    999.000    999.000
    SCSF7_8            0.000      0.000    999.000    999.000
    SCSF7_10           0.000      0.000    999.000    999.000

 Variances
    I                  1.000      0.000    999.000    999.000
    S                999.000    999.000    999.000    999.000

 Residual Variances
    SCSF7_5            0.527      0.063      8.400      0.000
    SCSF7_6            0.512      0.091      5.615      0.000
    SCSF7_7            0.787      0.161      4.887      0.000
    SCSF7_8            0.535      0.055      9.671      0.000
    SCSF7_10           0.508      0.098      5.179      0.000


R-SQUARE

Class 1

    Observed                                        Two-Tailed
    Variable        Estimate       S.E.  Est./S.E.    P-Value

    SCSF7_5            0.585      0.046     12.840      0.000
    SCSF7_6            0.591      0.052     11.367      0.000
    SCSF7_7            0.495      0.094      5.252      0.000
    SCSF7_8            0.581      0.033     17.578      0.000
    SCSF7_10           0.594      0.054     10.971      0.000

Class 2

    Observed                                        Two-Tailed
    Variable        Estimate       S.E.  Est./S.E.    P-Value

    SCSF7_5            0.473      0.063      7.553      0.000
    SCSF7_6            0.488      0.091      5.342      0.000
    SCSF7_7            0.213      0.161      1.324      0.185
    SCSF7_8            0.465      0.055      8.393      0.000
    SCSF7_10           0.492      0.098      5.021      0.000


     Beginning Time:  20:25:43
        Ending Time:  20:25:52
       Elapsed Time:  00:00:09



MUTHEN & MUTHEN
3463 Stoner Ave.
Los Angeles, CA  90066

Tel: (310) 391-9971
Fax: (310) 391-8971
Web: www.StatModel.com
Support: Support@StatModel.com

Copyright (c) 1998-2021 Muthen & Muthen
