Mplus VERSION 8.7
MUTHEN & MUTHEN
11/04/2021   4:00 PM

INPUT INSTRUCTIONS

  TITLE: Your title goes here

   DATA: FILE = flex_time/data.dta;

   VARIABLE:

   NAMES = pidp gridmode mm hidp_5 hidp_6 hidp_7 hidp_8 hidp_9 hidp_10 indmode_5
       indmode_6 indmode_7 indmode_8 indmode_9 indmode_10 mode_type_all mode_type_no9
       mode_type_567 mode_type_7 all no9 p567 p7 switch_all switch_no9 switch_567
       switch_7 lkmove_5 xpmove_5 caruse_5 mobuse_5 netpuse_5 aidxhh_5 jbhas_5 j2has_5
       finnow_5 finfut_5 howlng_5 vote1_5 vote6_5 scsf1_5 scsf2a_5 scsf2b_5 scsf3a_5
       scsf3b_5 scsf4a_5 scsf4b_5 scsf5_5 scsf6a_5 scsf6b_5 scsf6c_5 scsf7_5 scghqa_5
       scghqb_5 scghqc_5 scghqd_5 scghqe_5 scghqf_5 scghqg_5 scghqh_5 scghqi_5
       scghqj_5 scghqk_5 scghql_5 lkmove_6 xpmove_6 caruse_6 mobuse_6 netpuse_6
       aidxhh_6 jbhas_6 j2has_6 finnow_6 finfut_6 howlng_6 vote1_6 vote6_6 scsf1_6
       scsf2a_6 scsf2b_6 scsf3a_6 scsf3b_6 scsf4a_6 scsf4b_6 scsf5_6 scsf6a_6 scsf6b_6
       scsf6c_6 scsf7_6 scghqa_6 scghqb_6 scghqc_6 scghqd_6 scghqe_6 scghqf_6 scghqg_6
       scghqh_6 scghqi_6 scghqj_6 scghqk_6 scghql_6 lkmove_7 xpmove_7 caruse_7
       mobuse_7 netpuse_7 smoker_7 aidxhh_7 jbhas_7 jbterm1_7 jbsemp_7 j2has_7
       fiyrdia_7 finnow_7 finfut_7 howlng_7 vote1_7 vote6_7 scsf2a_7 scsf2b_7 scsf3a_7
       scsf3b_7 scsf4a_7 scsf4b_7 scsf5_7 scsf6a_7 scsf6b_7 scsf6c_7 scsf7_7 scghqa_7
       scghqb_7 scghqc_7 scghqd_7 scghqe_7 scghqf_7 scghqg_7 scghqh_7 scghqi_7
       scghqj_7 scghqk_7 scghql_7 scsf1_7 lkmove_8 xpmove_8 caruse_8 mobuse_8
       netpuse_8 smoker_8 aidxhh_8 jbhas_8 jbterm1_8 jbsemp_8 j2has_8 fiyrdia_8
       finnow_8 finfut_8 scsf2a_8 scsf2b_8 scsf3a_8 scsf3b_8 scsf4a_8 scsf4b_8 scsf5_8
       scsf6a_8 scsf6b_8 scsf6c_8 scsf7_8 scghqa_8 scghqb_8 scghqc_8 scghqd_8 scghqe_8
       scghqf_8 scghqg_8 scghqh_8 scghqi_8 scghqj_8 scghqk_8 scghql_8 scsf1_8 mobuse_9
       netpuse_9 smoker_9 jbhas_9 jbterm1_9 jbsemp_9 j2has_9 fiyrdia_9 finnow_9
       finfut_9 lkmove_10 xpmove_10 mobuse_10 netpuse_10 smoker_10 aidxhh_10 jbhas_10
       jbterm1_10 jbsemp_10 j2has_10 fiyrdia_10 finnow_10 finfut_10 scsf1_10 scsf2a_10
       scsf2b_10 scsf3a_10 scsf3b_10 scsf4a_10 scsf4b_10 scsf5_10 scsf6a_10 scsf6b_10
       scsf6c_10 scsf7_10 scghqa_10 scghqb_10 scghqc_10 scghqd_10 scghqe_10 scghqf_10
       scghqg_10 scghqh_10 scghqi_10 scghqj_10 scghqk_10 scghql_10 edu agecat female
       partner sf1 longill london north urban refresh Higher A level GCSE Other age_35
       age_55 age_75 age_102 pred_all pred_no9 pred_p567 pred_p7 pred_all_w pred_no9_w
       pred_p567_w pred_p7_w;

   MISSING=.;

   USEVARIABLES ARE
   jbsemp_7
   jbsemp_8
   jbsemp_9
   jbsemp_10;

   CATEGORICAL ARE
   jbsemp_7
   jbsemp_8
   jbsemp_9
   jbsemp_10;
   CLASSES = c(2);

    KNOWNCLASS = c(mm= 1 2);

   ANALYSIS:


      TYPE = MIXTURE;

      ESTIMATOR = MLR;

      ALGORITHM = INTEGRATION;

      Processors = 8(starts);

      STARTS = 800 200;

   Model:


      %OVERALL%

  i s | jbsemp_7@0 jbsemp_8 jbsemp_9 jbsemp_10@1;
   %c#1%
  [s] (a);
   s (b);
   s WITH i ;
   i ;
  s BY jbsemp_8 (j)
   jbsemp_9 (k);

   %c#2%
  [s] (a);
   s (b);
   s WITH i ;
   i ;
  s BY jbsemp_8 (j)
   jbsemp_9 (k);

   OUTPUT: SAMPSTAT;

                                  STDYX;




*** WARNING in VARIABLE command
  Note that only the first 8 characters of variable names are used in the output.
  Shorten variable names to avoid any confusion.
*** WARNING
  Data set contains unknown or missing values for variable MM.
  This variable is used to determine the KNOWNCLASS specification.
  Number of such cases:  458
*** WARNING
  Data set contains cases with missing on all variables.
  These cases were not included in the analysis.
  Number of cases with missing on all variables:  783
   3 WARNING(S) FOUND IN THE INPUT INSTRUCTIONS



Your title goes here

SUMMARY OF ANALYSIS

Number of groups                                                 1
Number of observations                                         816

Number of dependent variables                                    4
Number of independent variables                                  0
Number of continuous latent variables                            2
Number of categorical latent variables                           1

Observed dependent variables

  Binary and ordered categorical (ordinal)
   JBSEMP_7    JBSEMP_8    JBSEMP_9    JBSEMP_1

Continuous latent variables
   I           S

Categorical latent variables
   C

  Knownclass            C


Estimator                                                      MLR
Information matrix                                        OBSERVED
Optimization Specifications for the Quasi-Newton Algorithm for
Continuous Outcomes
  Maximum number of iterations                                 100
  Convergence criterion                                  0.100D-05
Optimization Specifications for the EM Algorithm
  Maximum number of iterations                                 500
  Convergence criteria
    Loglikelihood change                                 0.100D-02
    Relative loglikelihood change                        0.100D-05
    Derivative                                           0.100D-02
Optimization Specifications for the M step of the EM Algorithm for
Categorical Latent variables
  Number of M step iterations                                    1
  M step convergence criterion                           0.100D-02
  Basis for M step termination                           ITERATION
Optimization Specifications for the M step of the EM Algorithm for
Censored, Binary or Ordered Categorical (Ordinal), Unordered
Categorical (Nominal) and Count Outcomes
  Number of M step iterations                                    1
  M step convergence criterion                           0.100D-02
  Basis for M step termination                           ITERATION
  Maximum value for logit thresholds                            15
  Minimum value for logit thresholds                           -15
  Minimum expected cell size for chi-square              0.100D-01
Maximum number of iterations for H1                           2000
Convergence criterion for H1                             0.100D-03
Optimization algorithm                                         EMA
Integration Specifications
  Type                                                    STANDARD
  Number of integration points                                  15
  Dimensions of numerical integration                            2
  Adaptive quadrature                                           ON
Random Starts Specifications
  Number of initial stage random starts                        800
  Number of final stage optimizations                          200
  Number of initial stage iterations                            10
  Initial stage convergence criterion                    0.100D+01
  Random starts scale                                    0.500D+01
  Random seed for generating random starts                       0
Link                                                         LOGIT
Cholesky                                                        ON

Input data file(s)
  flex_time/data.dta
Input data format  FREE


SUMMARY OF DATA

     Number of missing data patterns            15
     Number of y missing data patterns           0
     Number of u missing data patterns          15


COVARIANCE COVERAGE OF DATA

Minimum covariance coverage value   0.100


     PROPORTION OF DATA PRESENT FOR U


           Covariance Coverage
              JBSEMP_7      JBSEMP_8      JBSEMP_9      JBSEMP_1
              ________      ________      ________      ________
 JBSEMP_7       0.680
 JBSEMP_8       0.500         0.658
 JBSEMP_9       0.449         0.502         0.637
 JBSEMP_1       0.406         0.455         0.485         0.616


UNIVARIATE PROPORTIONS AND COUNTS FOR CATEGORICAL VARIABLES

    JBSEMP_7
      Category 1    0.133           74.000
      Category 2    0.867          481.000
    JBSEMP_8
      Category 1    0.143           77.000
      Category 2    0.857          460.000
    JBSEMP_9
      Category 1    0.148           77.000
      Category 2    0.852          443.000
    JBSEMP_1
      Category 1    0.129           65.000
      Category 2    0.871          438.000


SAMPLE STATISTICS

RANDOM STARTS RESULTS RANKED FROM THE BEST TO THE WORST LOGLIKELIHOOD VALUES

Final stage loglikelihood values at local maxima, seeds, and initial stage start numbers:

            -981.266  765392           382
            -982.091  621542           375
            -982.532  213189           605
            -983.828  667250           318
            -983.833  848590           694
            -983.995  657994           788
            -984.134  947714           573
            -984.656  820977           776
            -985.218  59674            240
            -985.509  152496           123
            -988.839  944186           541
            -988.914  752769           253
           -1285.249  926762           704

Unperturbed starting value run did not converge or was rejected in the third stage.

186 perturbed starting value run(s) did not converge or were rejected in the third stage.



THE BEST LOGLIKELIHOOD VALUE HAS BEEN REPLICATED.  RERUN WITH AT LEAST TWICE THE
RANDOM STARTS TO CHECK THAT THE BEST LOGLIKELIHOOD IS STILL OBTAINED AND REPLICATED.

     ONE OR MORE PARAMETERS WERE FIXED TO AVOID SINGULARITY OF THE
     INFORMATION MATRIX. THE SINGULARITY IS MOST LIKELY BECAUSE THE
     MODEL IS NOT IDENTIFIED, OR BECAUSE OF EMPTY CELLS IN THE JOINT
     DISTRIBUTION OF THE CATEGORICAL VARIABLES IN THE MODEL.
     THE FOLLOWING PARAMETERS WERE FIXED:
     Parameter 10, %C#1%: [ JBSEMP_7$1 ] (equality/label)


THE MODEL ESTIMATION TERMINATED NORMALLY



MODEL FIT INFORMATION

Number of Free Parameters                       11

Loglikelihood

          H0 Value                        -981.266
          H0 Scaling Correction Factor      0.8638
            for MLR

Information Criteria

          Akaike (AIC)                    1984.532
          Bayesian (BIC)                  2036.281
          Sample-Size Adjusted BIC        2001.349
            (n* = (n + 2) / 24)

Chi-Square Test of Model Fit for the Binary and Ordered Categorical
(Ordinal) Outcomes

          Pearson Chi-Square

          Value                             27.334
          Degrees of Freedom                    20
          P-Value                           0.1261

          Likelihood Ratio Chi-Square

          Value                             14.253
          Degrees of Freedom                    20
          P-Value                           0.8174

Chi-Square Test for MCAR under the Unrestricted Latent Class Indicator Model

          Pearson Chi-Square

          Value                             80.187
          Degrees of Freedom                    99
          P-Value                           0.9169

          Likelihood Ratio Chi-Square

          Value                             63.825
          Degrees of Freedom                    99
          P-Value                           0.9977



FINAL CLASS COUNTS AND PROPORTIONS FOR THE LATENT CLASSES
BASED ON THE ESTIMATED MODEL

    Latent
   Classes

       1        464.00000          0.56863
       2        352.00000          0.43137


MODEL RESULTS

                                                    Two-Tailed
                    Estimate       S.E.  Est./S.E.    P-Value

Latent Class 1 (1)

 I        |
    JBSEMP_7           1.000      0.000    999.000    999.000
    JBSEMP_8           1.000      0.000    999.000    999.000
    JBSEMP_9           1.000      0.000    999.000    999.000
    JBSEMP_10          1.000      0.000    999.000    999.000

 S        |
    JBSEMP_7           0.000      0.000    999.000    999.000
    JBSEMP_8           0.892      0.158      5.644      0.000
    JBSEMP_9           0.937      0.082     11.495      0.000
    JBSEMP_10          1.000      0.000    999.000    999.000

 S        WITH
    I               -236.566     93.332     -2.535      0.011

 Means
    I                 19.900      7.449      2.672      0.008
    S                 -4.736      1.125     -4.209      0.000

 Thresholds
    JBSEMP_7$1       -18.906      0.000    999.000    999.000
    JBSEMP_8$1       -18.906      0.000    999.000    999.000
    JBSEMP_9$1       -18.906      0.000    999.000    999.000
    JBSEMP_1$1       -18.906      0.000    999.000    999.000

 Variances
    I               1330.589    488.249      2.725      0.006
    S                111.466     15.259      7.305      0.000

Latent Class 2 (2)

 I        |
    JBSEMP_7           1.000      0.000    999.000    999.000
    JBSEMP_8           1.000      0.000    999.000    999.000
    JBSEMP_9           1.000      0.000    999.000    999.000
    JBSEMP_10          1.000      0.000    999.000    999.000

 S        |
    JBSEMP_7           0.000      0.000    999.000    999.000
    JBSEMP_8           0.892      0.158      5.644      0.000
    JBSEMP_9           0.937      0.082     11.495      0.000
    JBSEMP_10          1.000      0.000    999.000    999.000

 S        WITH
    I               -230.739     29.230     -7.894      0.000

 Means
    I                  0.000      0.000    999.000    999.000
    S                 -4.736      1.125     -4.209      0.000

 Thresholds
    JBSEMP_7$1       -18.906      0.000    999.000    999.000
    JBSEMP_8$1       -18.906      0.000    999.000    999.000
    JBSEMP_9$1       -18.906      0.000    999.000    999.000
    JBSEMP_1$1       -18.906      0.000    999.000    999.000

 Variances
    I                494.947     67.641      7.317      0.000
    S                111.466     15.259      7.305      0.000

Categorical Latent Variables

 Means
    C#1                0.276      0.071      3.908      0.000


QUALITY OF NUMERICAL RESULTS

     Condition Number for the Information Matrix              0.534E-04
       (ratio of smallest to largest eigenvalue)


RESULTS IN PROBABILITY SCALE

                    Estimate

Latent Class 1 (1)

 JBSEMP_7
    Category 1         0.144
    Category 2         0.856
 JBSEMP_8
    Category 1         0.137
    Category 2         0.863
 JBSEMP_9
    Category 1         0.137
    Category 2         0.863
 JBSEMP_10
    Category 1         0.137
    Category 2         0.863

Latent Class 2 (2)

 JBSEMP_7
    Category 1         0.198
    Category 2         0.802
 JBSEMP_8
    Category 1         0.134
    Category 2         0.866
 JBSEMP_9
    Category 1         0.129
    Category 2         0.871
 JBSEMP_10
    Category 1         0.122
    Category 2         0.878


LATENT CLASS INDICATOR ODDS RATIOS FOR THE LATENT CLASSES

                                                95% C.I.
                    Estimate       S.E.  Lower 2.5% Upper 2.5%

Latent Class 1 Compared to Latent Class 2

 JBSEMP_7
    Category > 1       1.000      0.000      1.000      1.000
 JBSEMP_8
    Category > 1       1.000      0.000      1.000      1.000
 JBSEMP_9
    Category > 1       1.000      0.000      1.000      1.000
 JBSEMP_1
    Category > 1       1.000      0.000      1.000      1.000


STANDARDIZED MODEL RESULTS


STDYX Standardization

                                                    Two-Tailed
                    Estimate       S.E.  Est./S.E.    P-Value

Latent Class 1 (1)

 I        |
    JBSEMP_7           0.999      0.000   2209.889      0.000
    JBSEMP_8           1.153      0.108     10.650      0.000
    JBSEMP_9           1.160      0.104     11.140      0.000
    JBSEMP_10          1.170      0.104     11.209      0.000

 S        |
    JBSEMP_7           0.000      0.000    999.000    999.000
    JBSEMP_8           0.298      0.093      3.201      0.001
    JBSEMP_9           0.315      0.082      3.848      0.000
    JBSEMP_10          0.339      0.073      4.616      0.000

 S        WITH
    I                 -0.614      0.216     -2.849      0.004

 Means
    I                  0.546      0.119      4.600      0.000
    S                 -0.449      0.110     -4.079      0.000

 Thresholds
    JBSEMP_7$1        -0.518      0.095     -5.464      0.000
    JBSEMP_8$1        -0.598      0.135     -4.418      0.000
    JBSEMP_9$1        -0.601      0.137     -4.390      0.000
    JBSEMP_1$1        -0.606      0.138     -4.406      0.000

 Variances
    I                  1.000      0.000    999.000    999.000
    S                  1.000      0.000    999.000    999.000

Latent Class 2 (2)

 I        |
    JBSEMP_7           0.997      0.000   2216.352      0.000
    JBSEMP_8           1.680      0.207      8.122      0.000
    JBSEMP_9           1.739      0.118     14.691      0.000
    JBSEMP_10          1.827      0.070     26.173      0.000

 S        |
    JBSEMP_7           0.000      0.000    999.000    999.000
    JBSEMP_8           0.711      0.213      3.344      0.001
    JBSEMP_9           0.773      0.121      6.404      0.000
    JBSEMP_10          0.867      0.077     11.305      0.000

 S        WITH
    I                 -0.982      0.008   -127.684      0.000

 Means
    I                  0.000      0.000    999.000    999.000
    S                 -0.449      0.110     -4.079      0.000

 Thresholds
    JBSEMP_7$1        -0.847      0.057    -14.732      0.000
    JBSEMP_8$1        -1.428      0.209     -6.838      0.000
    JBSEMP_9$1        -1.478      0.159     -9.293      0.000
    JBSEMP_1$1        -1.553      0.138    -11.265      0.000

 Variances
    I                  1.000      0.000    999.000    999.000
    S                  1.000      0.000    999.000    999.000


R-SQUARE

Class 1

    Observed                                        Two-Tailed
    Variable        Estimate       S.E.  Est./S.E.    P-Value

    JBSEMP_7           0.998      0.001   1104.944      0.000
    JBSEMP_8           0.997      0.001    669.612      0.000
    JBSEMP_9           0.997      0.002    657.304      0.000
    JBSEMP_1           0.997      0.002    648.864      0.000

Class 2

    Observed                                        Two-Tailed
    Variable        Estimate       S.E.  Est./S.E.    P-Value

    JBSEMP_7           0.993      0.001   1108.176      0.000
    JBSEMP_8           0.981      0.005    178.803      0.000
    JBSEMP_9           0.980      0.004    226.609      0.000
    JBSEMP_1           0.978      0.004    248.145      0.000


     Beginning Time:  16:00:47
        Ending Time:  16:03:34
       Elapsed Time:  00:02:47



MUTHEN & MUTHEN
3463 Stoner Ave.
Los Angeles, CA  90066

Tel: (310) 391-9971
Fax: (310) 391-8971
Web: www.StatModel.com
Support: Support@StatModel.com

Copyright (c) 1998-2021 Muthen & Muthen
