Mplus VERSION 8.7
MUTHEN & MUTHEN
11/05/2021   6:36 PM

INPUT INSTRUCTIONS

  TITLE: Your title goes here

   DATA: FILE = flex_time/data.dta;

   VARIABLE:

   NAMES = pidp gridmode mm hidp_5 hidp_6 hidp_7 hidp_8 hidp_9 hidp_10 indmode_5
       indmode_6 indmode_7 indmode_8 indmode_9 indmode_10 mode_type_all mode_type_no9
       mode_type_567 mode_type_7 all no9 p567 p7 switch_all switch_no9 switch_567
       switch_7 lkmove_5 xpmove_5 caruse_5 mobuse_5 netpuse_5 aidxhh_5 jbhas_5 j2has_5
       finnow_5 finfut_5 howlng_5 vote1_5 vote6_5 scsf1_5 scsf2a_5 scsf2b_5 scsf3a_5
       scsf3b_5 scsf4a_5 scsf4b_5 scsf5_5 scsf6a_5 scsf6b_5 scsf6c_5 scsf7_5 scghqa_5
       scghqb_5 scghqc_5 scghqd_5 scghqe_5 scghqf_5 scghqg_5 scghqh_5 scghqi_5
       scghqj_5 scghqk_5 scghql_5 lkmove_6 xpmove_6 caruse_6 mobuse_6 netpuse_6
       aidxhh_6 jbhas_6 j2has_6 finnow_6 finfut_6 howlng_6 vote1_6 vote6_6 scsf1_6
       scsf2a_6 scsf2b_6 scsf3a_6 scsf3b_6 scsf4a_6 scsf4b_6 scsf5_6 scsf6a_6 scsf6b_6
       scsf6c_6 scsf7_6 scghqa_6 scghqb_6 scghqc_6 scghqd_6 scghqe_6 scghqf_6 scghqg_6
       scghqh_6 scghqi_6 scghqj_6 scghqk_6 scghql_6 lkmove_7 xpmove_7 caruse_7
       mobuse_7 netpuse_7 smoker_7 aidxhh_7 jbhas_7 jbterm1_7 jbsemp_7 j2has_7
       fiyrdia_7 finnow_7 finfut_7 howlng_7 vote1_7 vote6_7 scsf2a_7 scsf2b_7 scsf3a_7
       scsf3b_7 scsf4a_7 scsf4b_7 scsf5_7 scsf6a_7 scsf6b_7 scsf6c_7 scsf7_7 scghqa_7
       scghqb_7 scghqc_7 scghqd_7 scghqe_7 scghqf_7 scghqg_7 scghqh_7 scghqi_7
       scghqj_7 scghqk_7 scghql_7 scsf1_7 lkmove_8 xpmove_8 caruse_8 mobuse_8
       netpuse_8 smoker_8 aidxhh_8 jbhas_8 jbterm1_8 jbsemp_8 j2has_8 fiyrdia_8
       finnow_8 finfut_8 scsf2a_8 scsf2b_8 scsf3a_8 scsf3b_8 scsf4a_8 scsf4b_8 scsf5_8
       scsf6a_8 scsf6b_8 scsf6c_8 scsf7_8 scghqa_8 scghqb_8 scghqc_8 scghqd_8 scghqe_8
       scghqf_8 scghqg_8 scghqh_8 scghqi_8 scghqj_8 scghqk_8 scghql_8 scsf1_8 mobuse_9
       netpuse_9 smoker_9 jbhas_9 jbterm1_9 jbsemp_9 j2has_9 fiyrdia_9 finnow_9
       finfut_9 lkmove_10 xpmove_10 mobuse_10 netpuse_10 smoker_10 aidxhh_10 jbhas_10
       jbterm1_10 jbsemp_10 j2has_10 fiyrdia_10 finnow_10 finfut_10 scsf1_10 scsf2a_10
       scsf2b_10 scsf3a_10 scsf3b_10 scsf4a_10 scsf4b_10 scsf5_10 scsf6a_10 scsf6b_10
       scsf6c_10 scsf7_10 scghqa_10 scghqb_10 scghqc_10 scghqd_10 scghqe_10 scghqf_10
       scghqg_10 scghqh_10 scghqi_10 scghqj_10 scghqk_10 scghql_10 edu agecat female
       partner sf1 longill london north urban refresh Higher A level GCSE Other age_35
       age_55 age_75 age_102 pred_all pred_no9 pred_p567 pred_p7 pred_all_w pred_no9_w
       pred_p567_w pred_p7_w;

   MISSING=.;

   USEVARIABLES ARE
   scsf2a_5
   scsf2a_6
   scsf2a_7
   scsf2a_8
   scsf2a_10;

   CATEGORICAL ARE
   scsf2a_5
   scsf2a_6
   scsf2a_7
   scsf2a_8
   scsf2a_10;
   CLASSES = c(2);

    KNOWNCLASS = c(no9= 1 2);
  WEIGHT IS pred_no9_w;

   ANALYSIS:


      TYPE = MIXTURE;

      ESTIMATOR = MLR;

      ALGORITHM = INTEGRATION;

      Processors = 8(starts);

      STARTS = 800 200;

   Model:


      %OVERALL%

  i s | scsf2a_5@0 scsf2a_6 scsf2a_7 scsf2a_8 scsf2a_10@1;
   %c#1%
  [s] (a);
   s (b);
   s WITH i (c);
   i (d);
  s BY scsf2a_6 (j)
   scsf2a_7 (k)
   scsf2a_8 (l);

   %c#2%
  [s] (a);
   s (b);
   s WITH i (c);
   i (d);
  s BY scsf2a_6 (j)
   scsf2a_7 (k)
   scsf2a_8 (l);

   OUTPUT: SAMPSTAT;

                                  STDYX;




*** WARNING in VARIABLE command
  Note that only the first 8 characters of variable names are used in the output.
  Shorten variable names to avoid any confusion.
*** WARNING
  One or more observations has a value of 0 for the WEIGHT variable.  Consider using the
  SUBPOPULATION option to restrict the analysis to observations with a positive weight.
*** WARNING
  Data set contains unknown or missing values for variable NO9.
  This variable is used to determine the KNOWNCLASS specification.
  Number of such cases:  111
*** WARNING
  Data set contains cases with missing on all variables.
  These cases were not included in the analysis.
  Number of cases with missing on all variables:  105
   4 WARNING(S) FOUND IN THE INPUT INSTRUCTIONS



Your title goes here

SUMMARY OF ANALYSIS

Number of groups                                                 1
Number of observations                                        1841

Number of dependent variables                                    5
Number of independent variables                                  0
Number of continuous latent variables                            2
Number of categorical latent variables                           1

Observed dependent variables

  Binary and ordered categorical (ordinal)
   SCSF2A_5    SCSF2A_6    SCSF2A_7    SCSF2A_8    SCSF2A_1

Continuous latent variables
   I           S

Categorical latent variables
   C

  Knownclass            C

Variables with special functions

  Weight variable       PRED_NO9

Estimator                                                      MLR
Information matrix                                        OBSERVED
Optimization Specifications for the Quasi-Newton Algorithm for
Continuous Outcomes
  Maximum number of iterations                                 100
  Convergence criterion                                  0.100D-05
Optimization Specifications for the EM Algorithm
  Maximum number of iterations                                 500
  Convergence criteria
    Loglikelihood change                                 0.100D-02
    Relative loglikelihood change                        0.100D-05
    Derivative                                           0.100D-02
Optimization Specifications for the M step of the EM Algorithm for
Categorical Latent variables
  Number of M step iterations                                    1
  M step convergence criterion                           0.100D-02
  Basis for M step termination                           ITERATION
Optimization Specifications for the M step of the EM Algorithm for
Censored, Binary or Ordered Categorical (Ordinal), Unordered
Categorical (Nominal) and Count Outcomes
  Number of M step iterations                                    1
  M step convergence criterion                           0.100D-02
  Basis for M step termination                           ITERATION
  Maximum value for logit thresholds                            15
  Minimum value for logit thresholds                           -15
  Minimum expected cell size for chi-square              0.100D-01
Maximum number of iterations for H1                           2000
Convergence criterion for H1                             0.100D-03
Optimization algorithm                                         EMA
Integration Specifications
  Type                                                    STANDARD
  Number of integration points                                  15
  Dimensions of numerical integration                            2
  Adaptive quadrature                                           ON
Random Starts Specifications
  Number of initial stage random starts                        800
  Number of final stage optimizations                          200
  Number of initial stage iterations                            10
  Initial stage convergence criterion                    0.100D+01
  Random starts scale                                    0.500D+01
  Random seed for generating random starts                       0
Link                                                         LOGIT
Cholesky                                                        ON

Input data file(s)
  flex_time/data.dta
Input data format  FREE


SUMMARY OF DATA

     Number of missing data patterns            31
     Number of y missing data patterns           0
     Number of u missing data patterns          31


COVARIANCE COVERAGE OF DATA

Minimum covariance coverage value   0.100


     PROPORTION OF DATA PRESENT FOR U


           Covariance Coverage
              SCSF2A_5      SCSF2A_6      SCSF2A_7      SCSF2A_8      SCSF2A_1
              ________      ________      ________      ________      ________
 SCSF2A_5       0.386
 SCSF2A_6       0.291         0.460
 SCSF2A_7       0.266         0.341         0.599
 SCSF2A_8       0.254         0.329         0.478         0.585
 SCSF2A_1       0.221         0.286         0.397         0.429         0.637


UNIVARIATE PROPORTIONS AND COUNTS FOR CATEGORICAL VARIABLES

    SCSF2A_5
      Category 1    0.119          129.590
      Category 2    0.200          218.396
      Category 3    0.682          745.348
    SCSF2A_6
      Category 1    0.134          182.408
      Category 2    0.216          294.308
      Category 3    0.650          883.842
    SCSF2A_7
      Category 1    0.090          106.267
      Category 2    0.226          267.237
      Category 3    0.684          810.251
    SCSF2A_8
      Category 1    0.116          128.644
      Category 2    0.238          263.826
      Category 3    0.646          716.336
    SCSF2A_1
      Category 1    0.106          100.691
      Category 2    0.201          191.136
      Category 3    0.693          659.519


SAMPLE STATISTICS

RANDOM STARTS RESULTS RANKED FROM THE BEST TO THE WORST LOGLIKELIHOOD VALUES

Final stage loglikelihood values at local maxima, seeds, and initial stage start numbers:

           -5053.143  312587           775
           -5053.144  422103           62
           -5053.145  761302           744
           -5053.146  804660           260
           -5053.146  278661           674
           -5053.146  595153           230
           -5053.147  473942           574
           -5053.147  805935           615
           -5053.147  710445           792
           -5053.147  100874           108
           -5053.147  644297           340
           -5053.147  830292           527
           -5053.148  57226            208
           -5053.148  576726           280
           -5053.148  988761           475
           -5053.148  939709           112
           -5053.148  948615           140
           -5053.148  746978           410
           -5053.148  903369           134
           -5053.148  303834           798
           -5053.148  178475           231
           -5053.148  650371           14
           -5053.148  51375            148
           -5053.148  318230           46
           -5053.148  879338           309
           -5053.149  478421           311
           -5053.149  127362           757
           -5053.149  443917           60
           -5053.149  341519           653
           -5053.149  609185           181
           -5053.149  775881           778
           -5053.149  860029           760
           -5053.149  392407           221
           -5053.149  418686           338
           -5053.149  580181           691
           -5053.149  898745           466
           -5053.149  298553           773
           -5053.149  403801           762
           -5053.149  489927           520
           -5053.149  769907           457
           -5053.149  297518           166
           -5053.149  298275           418
           -5053.149  326091           759
           -5053.149  576596           99
           -5053.149  821011           161
           -5053.149  481835           57
           -5053.149  36714            201
           -5053.149  474357           789
           -5053.149  604861           800
           -5053.149  602032           648
           -5053.149  314757           345
           -5053.149  603842           61
           -5053.149  863691           481
           -5053.150  unperturbed      0
           -5053.150  691234           250
           -5053.150  629320           222
           -5053.150  579138           706
           -5053.150  329127           185
           -5053.150  260953           589
           -5053.150  913639           162
           -5053.150  25127            107
           -5053.150  434915           552
           -5053.150  92689            304
           -5053.151  978781           497
           -5053.152  383902           673
           -5053.152  820977           776
           -5053.153  638977           643
           -5053.154  502495           724
           -5053.155  172913           557
           -5053.156  685657           69
           -5053.156  405371           569
           -5053.159  411615           171
           -5053.161  625191           350
           -5053.166  246575           291
           -5053.166  742688           594
           -5053.167  617658           660
           -5053.168  645664           39
           -5053.191  153053           378
           -5053.191  587946           120
           -5053.191  700349           401
           -5053.191  347222           533
           -5053.192  849670           347
           -5053.192  170118           238
           -5053.192  43523            297
           -5053.192  282464           283
           -5053.192  321390           133
           -5053.192  579995           183
           -5053.192  348637           749
           -5053.192  967237           48
           -5053.192  965994           396
           -5053.192  670281           721
           -5053.192  876943           650
           -5053.192  631413           439
           -5053.193  267983           228
           -5053.193  860102           495
           -5053.193  848356           602
           -5053.193  519357           559
           -5053.193  958107           790
           -5053.193  937885           426
           -5053.193  436892           565
           -5053.193  127215           9
           -5053.193  507218           613
           -5053.193  425982           485
           -5053.193  212934           568
           -5053.194  534483           290
           -5053.194  106561           686
           -5053.194  641794           591
           -5053.194  27071            15
           -5053.194  692169           308
           -5053.194  699810           571
           -5053.195  496881           192
           -5053.195  996231           310
           -5053.195  21132            351
           -5053.195  496703           758
           -5053.195  284109           82
           -5053.195  373815           618
           -5053.195  137377           397
           -5053.196  783110           72
           -5053.196  459221           652
           -5053.196  568859           49
           -5053.197  22874            588
           -5053.197  810705           626
           -5053.198  105435           265
           -5053.199  991329           182
           -5053.199  391949           295
           -5053.200  137305           379
           -5053.200  917702           693
           -5053.201  926797           406
           -5053.201  253358           2
           -5053.201  35191            703
           -5053.202  850545           357
           -5053.207  824126           287
           -5053.208  82357            339
           -5053.208  508482           446
           -5053.210  350608           334
           -5053.210  371246           101
           -5053.211  804561           59
           -5053.232  193847           354
           -5053.433  506886           576
           -5053.433  22075            659
           -5053.433  529455           268
           -5053.434  79212            517
           -5053.435  4091             548
           -5053.436  268896           124
           -5053.436  483369           270
           -5053.437  341960           685
           -5053.437  160326           546
           -5053.437  732596           320
           -5053.440  354208           196
           -5053.442  93468            3
           -5053.444  790452           303
           -5053.444  335485           496
           -5053.444  848163           47
           -5053.444  217130           443
           -5053.445  688839           273
           -5053.445  749453           33
           -5053.445  276696           676
           -5053.445  366706           29
           -5053.445  520865           763
           -5053.445  117391           710
           -5053.445  17359            227
           -5053.445  887676           22
           -5053.445  130011           587
           -5053.446  568405           233
           -5053.446  580539           786
           -5053.446  722748           346
           -5053.446  58507            793
           -5053.616  662718           460
           -5053.617  224950           455
           -5053.617  502532           445
           -5053.617  264901           634
           -5053.617  939870           655
           -5053.617  635245           121
           -5053.618  793035           187
           -5053.618  84013            598
           -5053.618  327475           518
           -5053.618  194143           510
           -5053.619  263049           454
           -5053.619  761633           50
           -5053.619  580405           286
           -5053.619  640833           434
           -5053.620  168762           200
           -5053.620  358074           560
           -5053.620  383979           603
           -5053.620  922042           492
           -5053.620  715561           125
           -5053.623  279850           555
           -5053.659  373505           88
           -5053.668  918558           412
           -5053.715  860772           174
           -5053.760  655497           376
           -5053.859  677720           681
           -5054.159  375590           438

7 perturbed starting value run(s) did not converge or were rejected in the third stage.



THE BEST LOGLIKELIHOOD VALUE HAS BEEN REPLICATED.  RERUN WITH AT LEAST TWICE THE
RANDOM STARTS TO CHECK THAT THE BEST LOGLIKELIHOOD IS STILL OBTAINED AND REPLICATED.


THE MODEL ESTIMATION TERMINATED NORMALLY



MODEL FIT INFORMATION

Number of Free Parameters                       11

Loglikelihood

          H0 Value                       -5053.143
          H0 Scaling Correction Factor      2.9874
            for MLR

Information Criteria

          Akaike (AIC)                   10128.286
          Bayesian (BIC)                 10188.985
          Sample-Size Adjusted BIC       10154.038
            (n* = (n + 2) / 24)

Chi-Square Test of Model Fit for the Binary and Ordered Categorical
(Ordinal) Outcomes

          Pearson Chi-Square

          Value                            846.537
          Degrees of Freedom                   474
          P-Value                           0.0000

          Likelihood Ratio Chi-Square

          Value                            332.024
          Degrees of Freedom                   474
          P-Value                           1.0000

Chi-Square Test for MCAR under the Unrestricted Latent Class Indicator Model

          Pearson Chi-Square

          Value                           1076.424
          Degrees of Freedom                  1499
          P-Value                           1.0000

          Likelihood Ratio Chi-Square

          Value                            780.308
          Degrees of Freedom                  1499
          P-Value                           1.0000



FINAL CLASS COUNTS AND PROPORTIONS FOR THE LATENT CLASSES
BASED ON THE ESTIMATED MODEL

    Latent
   Classes

       1       1301.00000          0.70668
       2        540.00000          0.29332


MODEL RESULTS

                                                    Two-Tailed
                    Estimate       S.E.  Est./S.E.    P-Value

Latent Class 1 (1)

 I        |
    SCSF2A_5           1.000      0.000    999.000    999.000
    SCSF2A_6           1.000      0.000    999.000    999.000
    SCSF2A_7           1.000      0.000    999.000    999.000
    SCSF2A_8           1.000      0.000    999.000    999.000
    SCSF2A_10          1.000      0.000    999.000    999.000

 S        |
    SCSF2A_5           0.000      0.000    999.000    999.000
    SCSF2A_6           0.205      0.791      0.260      0.795
    SCSF2A_7           0.457      0.344      1.326      0.185
    SCSF2A_8           0.968      0.687      1.409      0.159
    SCSF2A_10          1.000      0.000    999.000    999.000

 S        WITH
    I                 -2.156      2.014     -1.071      0.284

 Means
    I                 -1.264      0.299     -4.228      0.000
    S                 -0.346      0.401     -0.862      0.389

 Thresholds
    SCSF2A_5$1        -5.351      0.417    -12.831      0.000
    SCSF2A_5$2        -2.532      0.363     -6.968      0.000
    SCSF2A_6$1        -5.351      0.417    -12.831      0.000
    SCSF2A_6$2        -2.532      0.363     -6.968      0.000
    SCSF2A_7$1        -5.351      0.417    -12.831      0.000
    SCSF2A_7$2        -2.532      0.363     -6.968      0.000
    SCSF2A_8$1        -5.351      0.417    -12.831      0.000
    SCSF2A_8$2        -2.532      0.363     -6.968      0.000
    SCSF2A_1$1        -5.351      0.417    -12.831      0.000
    SCSF2A_1$2        -2.532      0.363     -6.968      0.000

 Variances
    I                 12.364      2.827      4.373      0.000
    S                  1.701      2.321      0.733      0.464

Latent Class 2 (2)

 I        |
    SCSF2A_5           1.000      0.000    999.000    999.000
    SCSF2A_6           1.000      0.000    999.000    999.000
    SCSF2A_7           1.000      0.000    999.000    999.000
    SCSF2A_8           1.000      0.000    999.000    999.000
    SCSF2A_10          1.000      0.000    999.000    999.000

 S        |
    SCSF2A_5           0.000      0.000    999.000    999.000
    SCSF2A_6           0.205      0.791      0.260      0.795
    SCSF2A_7           0.457      0.344      1.326      0.185
    SCSF2A_8           0.968      0.687      1.409      0.159
    SCSF2A_10          1.000      0.000    999.000    999.000

 S        WITH
    I                 -2.156      2.014     -1.071      0.284

 Means
    I                  0.000      0.000    999.000    999.000
    S                 -0.346      0.401     -0.862      0.389

 Thresholds
    SCSF2A_5$1        -5.351      0.417    -12.831      0.000
    SCSF2A_5$2        -2.532      0.363     -6.968      0.000
    SCSF2A_6$1        -5.351      0.417    -12.831      0.000
    SCSF2A_6$2        -2.532      0.363     -6.968      0.000
    SCSF2A_7$1        -5.351      0.417    -12.831      0.000
    SCSF2A_7$2        -2.532      0.363     -6.968      0.000
    SCSF2A_8$1        -5.351      0.417    -12.831      0.000
    SCSF2A_8$2        -2.532      0.363     -6.968      0.000
    SCSF2A_1$1        -5.351      0.417    -12.831      0.000
    SCSF2A_1$2        -2.532      0.363     -6.968      0.000

 Variances
    I                 12.364      2.827      4.373      0.000
    S                  1.701      2.321      0.733      0.464

Categorical Latent Variables

 Means
    C#1                0.879      0.066     13.228      0.000


QUALITY OF NUMERICAL RESULTS

     Condition Number for the Information Matrix              0.674E-02
       (ratio of smallest to largest eigenvalue)


RESULTS IN PROBABILITY SCALE

                    Estimate

Latent Class 1 (1)

 SCSF2A_5
    Category 1         0.150
    Category 2         0.224
    Category 3         0.626
 SCSF2A_6
    Category 1         0.148
    Category 2         0.230
    Category 3         0.623
 SCSF2A_7
    Category 1         0.146
    Category 2         0.237
    Category 3         0.617
 SCSF2A_8
    Category 1         0.148
    Category 2         0.249
    Category 3         0.603
 SCSF2A_10
    Category 1         0.149
    Category 2         0.250
    Category 3         0.602

Latent Class 2 (2)

 SCSF2A_5
    Category 1         0.088
    Category 2         0.172
    Category 3         0.740
 SCSF2A_6
    Category 1         0.085
    Category 2         0.176
    Category 3         0.740
 SCSF2A_7
    Category 1         0.082
    Category 2         0.180
    Category 3         0.738
 SCSF2A_8
    Category 1         0.082
    Category 2         0.188
    Category 3         0.730
 SCSF2A_10
    Category 1         0.082
    Category 2         0.189
    Category 3         0.729


STANDARDIZED MODEL RESULTS


STDYX Standardization

                                                    Two-Tailed
                    Estimate       S.E.  Est./S.E.    P-Value

Latent Class 1 (1)

 I        |
    SCSF2A_5           0.889      0.021     41.617      0.000
    SCSF2A_6           0.913      0.110      8.275      0.000
    SCSF2A_7           0.938      0.081     11.532      0.000
    SCSF2A_8           0.972      0.115      8.467      0.000
    SCSF2A_10          0.974      0.108      8.990      0.000

 S        |
    SCSF2A_5           0.000      0.000    999.000    999.000
    SCSF2A_6           0.070      0.272      0.255      0.798
    SCSF2A_7           0.159      0.148      1.075      0.282
    SCSF2A_8           0.349      0.190      1.837      0.066
    SCSF2A_10          0.361      0.239      1.509      0.131

 S        WITH
    I                 -0.470      0.259     -1.812      0.070

 Means
    I                 -0.359      0.095     -3.794      0.000
    S                 -0.265      0.382     -0.695      0.487

 Thresholds
    SCSF2A_5$1        -1.353      0.089    -15.255      0.000
    SCSF2A_5$2        -0.640      0.075     -8.556      0.000
    SCSF2A_6$1        -1.389      0.157     -8.837      0.000
    SCSF2A_6$2        -0.657      0.121     -5.447      0.000
    SCSF2A_7$1        -1.428      0.098    -14.529      0.000
    SCSF2A_7$2        -0.676      0.095     -7.142      0.000
    SCSF2A_8$1        -1.480      0.142    -10.455      0.000
    SCSF2A_8$2        -0.700      0.117     -5.977      0.000
    SCSF2A_1$1        -1.482      0.124    -11.998      0.000
    SCSF2A_1$2        -0.701      0.107     -6.523      0.000

 Variances
    I                  1.000      0.000    999.000    999.000
    S                  1.000      0.000    999.000    999.000

Latent Class 2 (2)

 I        |
    SCSF2A_5           0.889      0.021     41.617      0.000
    SCSF2A_6           0.913      0.110      8.275      0.000
    SCSF2A_7           0.938      0.081     11.532      0.000
    SCSF2A_8           0.972      0.115      8.467      0.000
    SCSF2A_10          0.974      0.108      8.990      0.000

 S        |
    SCSF2A_5           0.000      0.000    999.000    999.000
    SCSF2A_6           0.070      0.272      0.255      0.798
    SCSF2A_7           0.159      0.148      1.075      0.282
    SCSF2A_8           0.349      0.190      1.837      0.066
    SCSF2A_10          0.361      0.239      1.509      0.131

 S        WITH
    I                 -0.470      0.259     -1.812      0.070

 Means
    I                  0.000      0.000    999.000    999.000
    S                 -0.265      0.382     -0.695      0.487

 Thresholds
    SCSF2A_5$1        -1.353      0.089    -15.255      0.000
    SCSF2A_5$2        -0.640      0.075     -8.556      0.000
    SCSF2A_6$1        -1.389      0.157     -8.837      0.000
    SCSF2A_6$2        -0.657      0.121     -5.447      0.000
    SCSF2A_7$1        -1.428      0.098    -14.529      0.000
    SCSF2A_7$2        -0.676      0.095     -7.142      0.000
    SCSF2A_8$1        -1.480      0.142    -10.455      0.000
    SCSF2A_8$2        -0.700      0.117     -5.977      0.000
    SCSF2A_1$1        -1.482      0.124    -11.998      0.000
    SCSF2A_1$2        -0.701      0.107     -6.523      0.000

 Variances
    I                  1.000      0.000    999.000    999.000
    S                  1.000      0.000    999.000    999.000


R-SQUARE

Class 1

    Observed                                        Two-Tailed
    Variable        Estimate       S.E.  Est./S.E.    P-Value

    SCSF2A_5           0.790      0.038     20.809      0.000
    SCSF2A_6           0.778      0.041     18.941      0.000
    SCSF2A_7           0.766      0.027     27.876      0.000
    SCSF2A_8           0.748      0.040     18.894      0.000
    SCSF2A_1           0.748      0.036     20.772      0.000

Class 2

    Observed                                        Two-Tailed
    Variable        Estimate       S.E.  Est./S.E.    P-Value

    SCSF2A_5           0.790      0.038     20.809      0.000
    SCSF2A_6           0.778      0.041     18.941      0.000
    SCSF2A_7           0.766      0.027     27.876      0.000
    SCSF2A_8           0.748      0.040     18.894      0.000
    SCSF2A_1           0.748      0.036     20.772      0.000

Available post-processing tools

  Latent class indicator odds ratios

     Beginning Time:  18:36:48
        Ending Time:  18:43:21
       Elapsed Time:  00:06:33



MUTHEN & MUTHEN
3463 Stoner Ave.
Los Angeles, CA  90066

Tel: (310) 391-9971
Fax: (310) 391-8971
Web: www.StatModel.com
Support: Support@StatModel.com

Copyright (c) 1998-2021 Muthen & Muthen
