Mplus VERSION 8.7
MUTHEN & MUTHEN
11/04/2021   5:52 PM

INPUT INSTRUCTIONS

  TITLE: Your title goes here

   DATA: FILE = flex_time/data.dta;

   VARIABLE:

   NAMES = pidp gridmode mm hidp_5 hidp_6 hidp_7 hidp_8 hidp_9 hidp_10 indmode_5
       indmode_6 indmode_7 indmode_8 indmode_9 indmode_10 mode_type_all mode_type_no9
       mode_type_567 mode_type_7 all no9 p567 p7 switch_all switch_no9 switch_567
       switch_7 lkmove_5 xpmove_5 caruse_5 mobuse_5 netpuse_5 aidxhh_5 jbhas_5 j2has_5
       finnow_5 finfut_5 howlng_5 vote1_5 vote6_5 scsf1_5 scsf2a_5 scsf2b_5 scsf3a_5
       scsf3b_5 scsf4a_5 scsf4b_5 scsf5_5 scsf6a_5 scsf6b_5 scsf6c_5 scsf7_5 scghqa_5
       scghqb_5 scghqc_5 scghqd_5 scghqe_5 scghqf_5 scghqg_5 scghqh_5 scghqi_5
       scghqj_5 scghqk_5 scghql_5 lkmove_6 xpmove_6 caruse_6 mobuse_6 netpuse_6
       aidxhh_6 jbhas_6 j2has_6 finnow_6 finfut_6 howlng_6 vote1_6 vote6_6 scsf1_6
       scsf2a_6 scsf2b_6 scsf3a_6 scsf3b_6 scsf4a_6 scsf4b_6 scsf5_6 scsf6a_6 scsf6b_6
       scsf6c_6 scsf7_6 scghqa_6 scghqb_6 scghqc_6 scghqd_6 scghqe_6 scghqf_6 scghqg_6
       scghqh_6 scghqi_6 scghqj_6 scghqk_6 scghql_6 lkmove_7 xpmove_7 caruse_7
       mobuse_7 netpuse_7 smoker_7 aidxhh_7 jbhas_7 jbterm1_7 jbsemp_7 j2has_7
       fiyrdia_7 finnow_7 finfut_7 howlng_7 vote1_7 vote6_7 scsf2a_7 scsf2b_7 scsf3a_7
       scsf3b_7 scsf4a_7 scsf4b_7 scsf5_7 scsf6a_7 scsf6b_7 scsf6c_7 scsf7_7 scghqa_7
       scghqb_7 scghqc_7 scghqd_7 scghqe_7 scghqf_7 scghqg_7 scghqh_7 scghqi_7
       scghqj_7 scghqk_7 scghql_7 scsf1_7 lkmove_8 xpmove_8 caruse_8 mobuse_8
       netpuse_8 smoker_8 aidxhh_8 jbhas_8 jbterm1_8 jbsemp_8 j2has_8 fiyrdia_8
       finnow_8 finfut_8 scsf2a_8 scsf2b_8 scsf3a_8 scsf3b_8 scsf4a_8 scsf4b_8 scsf5_8
       scsf6a_8 scsf6b_8 scsf6c_8 scsf7_8 scghqa_8 scghqb_8 scghqc_8 scghqd_8 scghqe_8
       scghqf_8 scghqg_8 scghqh_8 scghqi_8 scghqj_8 scghqk_8 scghql_8 scsf1_8 mobuse_9
       netpuse_9 smoker_9 jbhas_9 jbterm1_9 jbsemp_9 j2has_9 fiyrdia_9 finnow_9
       finfut_9 lkmove_10 xpmove_10 mobuse_10 netpuse_10 smoker_10 aidxhh_10 jbhas_10
       jbterm1_10 jbsemp_10 j2has_10 fiyrdia_10 finnow_10 finfut_10 scsf1_10 scsf2a_10
       scsf2b_10 scsf3a_10 scsf3b_10 scsf4a_10 scsf4b_10 scsf5_10 scsf6a_10 scsf6b_10
       scsf6c_10 scsf7_10 scghqa_10 scghqb_10 scghqc_10 scghqd_10 scghqe_10 scghqf_10
       scghqg_10 scghqh_10 scghqi_10 scghqj_10 scghqk_10 scghql_10 edu agecat female
       partner sf1 longill london north urban refresh Higher A level GCSE Other age_35
       age_55 age_75 age_102 pred_all pred_no9 pred_p567 pred_p7 pred_all_w pred_no9_w
       pred_p567_w pred_p7_w;

   MISSING=.;

   USEVARIABLES ARE
   lkmove_5
   lkmove_6
   lkmove_7
   lkmove_8
   lkmove_10;

   CATEGORICAL ARE
   lkmove_5
   lkmove_6
   lkmove_7
   lkmove_8
   lkmove_10;
   CLASSES = c(2);

    KNOWNCLASS = c(no9= 1 2);
  WEIGHT IS pred_no9_w;

   ANALYSIS:


      TYPE = MIXTURE;

      ESTIMATOR = MLR;

      ALGORITHM = INTEGRATION;

      Processors = 8(starts);

      STARTS = 800 200;

   Model:


      %OVERALL%

  i s | lkmove_5@0 lkmove_6 lkmove_7 lkmove_8 lkmove_10@1;
   %c#1%
  [s] (a);
   s (b);
   s WITH i ;
   i ;

   %c#2%
  [s] (a);
   s (b);
   s WITH i ;
   i ;

   OUTPUT: SAMPSTAT;

                                  STDYX;




*** WARNING in VARIABLE command
  Note that only the first 8 characters of variable names are used in the output.
  Shorten variable names to avoid any confusion.
*** WARNING
  One or more observations has a value of 0 for the WEIGHT variable.  Consider using the
  SUBPOPULATION option to restrict the analysis to observations with a positive weight.
*** WARNING
  Data set contains unknown or missing values for variable NO9.
  This variable is used to determine the KNOWNCLASS specification.
  Number of such cases:  111
*** WARNING
  Data set contains cases with missing on all variables.
  These cases were not included in the analysis.
  Number of cases with missing on all variables:  14
   4 WARNING(S) FOUND IN THE INPUT INSTRUCTIONS



Your title goes here

SUMMARY OF ANALYSIS

Number of groups                                                 1
Number of observations                                        1932

Number of dependent variables                                    5
Number of independent variables                                  0
Number of continuous latent variables                            2
Number of categorical latent variables                           1

Observed dependent variables

  Binary and ordered categorical (ordinal)
   LKMOVE_5    LKMOVE_6    LKMOVE_7    LKMOVE_8    LKMOVE_1

Continuous latent variables
   I           S

Categorical latent variables
   C

  Knownclass            C

Variables with special functions

  Weight variable       PRED_NO9

Estimator                                                      MLR
Information matrix                                        OBSERVED
Optimization Specifications for the Quasi-Newton Algorithm for
Continuous Outcomes
  Maximum number of iterations                                 100
  Convergence criterion                                  0.100D-05
Optimization Specifications for the EM Algorithm
  Maximum number of iterations                                 500
  Convergence criteria
    Loglikelihood change                                 0.100D-02
    Relative loglikelihood change                        0.100D-05
    Derivative                                           0.100D-02
Optimization Specifications for the M step of the EM Algorithm for
Categorical Latent variables
  Number of M step iterations                                    1
  M step convergence criterion                           0.100D-02
  Basis for M step termination                           ITERATION
Optimization Specifications for the M step of the EM Algorithm for
Censored, Binary or Ordered Categorical (Ordinal), Unordered
Categorical (Nominal) and Count Outcomes
  Number of M step iterations                                    1
  M step convergence criterion                           0.100D-02
  Basis for M step termination                           ITERATION
  Maximum value for logit thresholds                            15
  Minimum value for logit thresholds                           -15
  Minimum expected cell size for chi-square              0.100D-01
Maximum number of iterations for H1                           2000
Convergence criterion for H1                             0.100D-03
Optimization algorithm                                         EMA
Integration Specifications
  Type                                                    STANDARD
  Number of integration points                                  15
  Dimensions of numerical integration                            2
  Adaptive quadrature                                           ON
Random Starts Specifications
  Number of initial stage random starts                        800
  Number of final stage optimizations                          200
  Number of initial stage iterations                            10
  Initial stage convergence criterion                    0.100D+01
  Random starts scale                                    0.500D+01
  Random seed for generating random starts                       0
Link                                                         LOGIT
Cholesky                                                        ON

Input data file(s)
  flex_time/data.dta
Input data format  FREE


SUMMARY OF DATA

     Number of missing data patterns            31
     Number of y missing data patterns           0
     Number of u missing data patterns          31


COVARIANCE COVERAGE OF DATA

Minimum covariance coverage value   0.100


     PROPORTION OF DATA PRESENT FOR U


           Covariance Coverage
              LKMOVE_5      LKMOVE_6      LKMOVE_7      LKMOVE_8      LKMOVE_1
              ________      ________      ________      ________      ________
 LKMOVE_5       0.514
 LKMOVE_6       0.433         0.513
 LKMOVE_7       0.358         0.387         0.599
 LKMOVE_8       0.328         0.359         0.481         0.569
 LKMOVE_1       0.290         0.315         0.404         0.430         0.635


UNIVARIATE PROPORTIONS AND COUNTS FOR CATEGORICAL VARIABLES

    LKMOVE_5
      Category 1    0.719         1163.109
      Category 2    0.281          455.475
    LKMOVE_6
      Category 1    0.701         1111.957
      Category 2    0.299          473.858
    LKMOVE_7
      Category 1    0.715          903.039
      Category 2    0.285          359.130
    LKMOVE_8
      Category 1    0.704          787.772
      Category 2    0.296          331.120
    LKMOVE_1
      Category 1    0.317          303.890
      Category 2    0.683          654.202


SAMPLE STATISTICS

RANDOM STARTS RESULTS RANKED FROM THE BEST TO THE WORST LOGLIKELIHOOD VALUES

Final stage loglikelihood values at local maxima, seeds, and initial stage start numbers:

           -4324.746  534193           689
           -4324.786  944186           541
           -4324.829  761302           744
           -4324.845  985387           381
           -4324.858  78862            529
           -4324.872  298275           418
           -4324.940  395754           388
           -4324.998  835767           210
           -4325.472  471438           252

Unperturbed starting value run did not converge or was rejected in the third stage.

190 perturbed starting value run(s) did not converge or were rejected in the third stage.



THE BEST LOGLIKELIHOOD VALUE HAS BEEN REPLICATED.  RERUN WITH AT LEAST TWICE THE
RANDOM STARTS TO CHECK THAT THE BEST LOGLIKELIHOOD IS STILL OBTAINED AND REPLICATED.


THE MODEL ESTIMATION TERMINATED NORMALLY



MODEL FIT INFORMATION

Number of Free Parameters                       12

Loglikelihood

          H0 Value                       -4324.746
          H0 Scaling Correction Factor      1.3417
            for MLR

Information Criteria

          Akaike (AIC)                    8673.492
          Bayesian (BIC)                  8740.288
          Sample-Size Adjusted BIC        8702.164
            (n* = (n + 2) / 24)

Chi-Square Test of Model Fit for the Binary and Ordered Categorical
(Ordinal) Outcomes

          Pearson Chi-Square

          Value                            101.808
          Degrees of Freedom                    51
          P-Value                           0.0000

          Likelihood Ratio Chi-Square

          Value                            101.342
          Degrees of Freedom                    51
          P-Value                           0.0000

Chi-Square Test for MCAR under the Unrestricted Latent Class Indicator Model

          Pearson Chi-Square

          Value                            500.060
          Degrees of Freedom                   359
          P-Value                           0.0000

          Likelihood Ratio Chi-Square

          Value                            369.435
          Degrees of Freedom                   359
          P-Value                           0.3407



FINAL CLASS COUNTS AND PROPORTIONS FOR THE LATENT CLASSES
BASED ON THE ESTIMATED MODEL

    Latent
   Classes

       1       1390.00000          0.71946
       2        542.00000          0.28054


MODEL RESULTS

                                                    Two-Tailed
                    Estimate       S.E.  Est./S.E.    P-Value

Latent Class 1 (1)

 I        |
    LKMOVE_5           1.000      0.000    999.000    999.000
    LKMOVE_6           1.000      0.000    999.000    999.000
    LKMOVE_7           1.000      0.000    999.000    999.000
    LKMOVE_8           1.000      0.000    999.000    999.000
    LKMOVE_10          1.000      0.000    999.000    999.000

 S        |
    LKMOVE_5           0.000      0.000    999.000    999.000
    LKMOVE_6          -1.026      0.315     -3.253      0.001
    LKMOVE_7          -2.370      1.513     -1.566      0.117
    LKMOVE_8           0.018      0.076      0.232      0.816
    LKMOVE_10          1.000      0.000    999.000    999.000

 S        WITH
    I                 -8.054      1.286     -6.264      0.000

 Means
    I                 -0.397      0.117     -3.406      0.001
    S                  2.073      0.212      9.759      0.000

 Thresholds
    LKMOVE_5$1         1.063      0.136      7.807      0.000
    LKMOVE_6$1         1.063      0.136      7.807      0.000
    LKMOVE_7$1         1.063      0.136      7.807      0.000
    LKMOVE_8$1         1.063      0.136      7.807      0.000
    LKMOVE_1$1         1.063      0.136      7.807      0.000

 Variances
    I                  5.038      0.942      5.347      0.000
    S                 12.876      1.910      6.743      0.000

Latent Class 2 (2)

 I        |
    LKMOVE_5           1.000      0.000    999.000    999.000
    LKMOVE_6           1.000      0.000    999.000    999.000
    LKMOVE_7           1.000      0.000    999.000    999.000
    LKMOVE_8           1.000      0.000    999.000    999.000
    LKMOVE_10          1.000      0.000    999.000    999.000

 S        |
    LKMOVE_5           0.000      0.000    999.000    999.000
    LKMOVE_6          -1.026      0.315     -3.253      0.001
    LKMOVE_7          -2.370      1.513     -1.566      0.117
    LKMOVE_8           0.018      0.076      0.232      0.816
    LKMOVE_10          1.000      0.000    999.000    999.000

 S        WITH
    I                 -8.048      1.329     -6.056      0.000

 Means
    I                  0.000      0.000    999.000    999.000
    S                  2.073      0.212      9.759      0.000

 Thresholds
    LKMOVE_5$1         1.063      0.136      7.807      0.000
    LKMOVE_6$1         1.063      0.136      7.807      0.000
    LKMOVE_7$1         1.063      0.136      7.807      0.000
    LKMOVE_8$1         1.063      0.136      7.807      0.000
    LKMOVE_1$1         1.063      0.136      7.807      0.000

 Variances
    I                  5.031      1.019      4.936      0.000
    S                 12.876      1.910      6.743      0.000

Categorical Latent Variables

 Means
    C#1                0.942      0.066     14.370      0.000


QUALITY OF NUMERICAL RESULTS

     Condition Number for the Information Matrix              0.964E-07
       (ratio of smallest to largest eigenvalue)


RESULTS IN PROBABILITY SCALE

                    Estimate

Latent Class 1 (1)

 LKMOVE_5
    Category 1         0.697
    Category 2         0.303
 LKMOVE_6
    Category 1         0.719
    Category 2         0.281
 LKMOVE_7
    Category 1         0.721
    Category 2         0.279
 LKMOVE_8
    Category 1         0.695
    Category 2         0.305
 LKMOVE_10
    Category 1         0.388
    Category 2         0.612

Latent Class 2 (2)

 LKMOVE_5
    Category 1         0.646
    Category 2         0.354
 LKMOVE_6
    Category 1         0.697
    Category 2         0.303
 LKMOVE_7
    Category 1         0.708
    Category 2         0.292
 LKMOVE_8
    Category 1         0.644
    Category 2         0.356
 LKMOVE_10
    Category 1         0.320
    Category 2         0.680


LATENT CLASS INDICATOR ODDS RATIOS FOR THE LATENT CLASSES

                                                95% C.I.
                    Estimate       S.E.  Lower 2.5% Upper 2.5%

Latent Class 1 Compared to Latent Class 2

 LKMOVE_5
    Category > 1       1.000      0.000      1.000      1.000
 LKMOVE_6
    Category > 1       1.000      0.000      1.000      1.000
 LKMOVE_7
    Category > 1       1.000      0.000      1.000      1.000
 LKMOVE_8
    Category > 1       1.000      0.000      1.000      1.000
 LKMOVE_1
    Category > 1       1.000      0.000      1.000      1.000


STANDARDIZED MODEL RESULTS


STDYX Standardization

                                                    Two-Tailed
                    Estimate       S.E.  Est./S.E.    P-Value

Latent Class 1 (1)

 I        |
    LKMOVE_5           0.778      0.029     27.069      0.000
    LKMOVE_6           0.362      0.066      5.511      0.000
    LKMOVE_7           0.206      0.104      1.981      0.048
    LKMOVE_8           0.791      0.078     10.173      0.000
    LKMOVE_10          0.994      0.100      9.928      0.000

 S        |
    LKMOVE_5           0.000      0.000    999.000    999.000
    LKMOVE_6          -0.594      0.079     -7.483      0.000
    LKMOVE_7          -0.780      0.117     -6.676      0.000
    LKMOVE_8           0.022      0.098      0.228      0.820
    LKMOVE_10          1.590      0.093     17.057      0.000

 S        WITH
    I                 -1.000      0.000  *********      0.000

 Means
    I                 -0.177      0.051     -3.496      0.000
    S                  0.578      0.042     13.725      0.000

 Thresholds
    LKMOVE_5$1         0.368      0.039      9.420      0.000
    LKMOVE_6$1         0.172      0.032      5.391      0.000
    LKMOVE_7$1         0.097      0.052      1.859      0.063
    LKMOVE_8$1         0.375      0.056      6.655      0.000
    LKMOVE_1$1         0.471      0.059      7.986      0.000

 Variances
    I                  1.000      0.000    999.000    999.000
    S                  1.000      0.000    999.000    999.000

Latent Class 2 (2)

 I        |
    LKMOVE_5           0.778      0.031     24.969      0.000
    LKMOVE_6           0.362      0.064      5.625      0.000
    LKMOVE_7           0.206      0.104      1.975      0.048
    LKMOVE_8           0.791      0.081      9.754      0.000
    LKMOVE_10          0.993      0.116      8.582      0.000

 S        |
    LKMOVE_5           0.000      0.000    999.000    999.000
    LKMOVE_6          -0.594      0.078     -7.618      0.000
    LKMOVE_7          -0.780      0.117     -6.664      0.000
    LKMOVE_8           0.022      0.098      0.228      0.819
    LKMOVE_10          1.589      0.100     15.870      0.000

 S        WITH
    I                 -1.000      0.000  *********      0.000

 Means
    I                  0.000      0.000    999.000    999.000
    S                  0.578      0.042     13.725      0.000

 Thresholds
    LKMOVE_5$1         0.368      0.036     10.178      0.000
    LKMOVE_6$1         0.172      0.032      5.391      0.000
    LKMOVE_7$1         0.098      0.052      1.861      0.063
    LKMOVE_8$1         0.375      0.053      7.068      0.000
    LKMOVE_1$1         0.471      0.063      7.416      0.000

 Variances
    I                  1.000      0.000    999.000    999.000
    S                  1.000      0.000    999.000    999.000


R-SQUARE

Class 1

    Observed                                        Two-Tailed
    Variable        Estimate       S.E.  Est./S.E.    P-Value

    LKMOVE_5           0.605      0.045     13.534      0.000
    LKMOVE_6           0.914      0.029     31.063      0.000
    LKMOVE_7           0.972      0.026     37.655      0.000
    LKMOVE_8           0.591      0.054     10.905      0.000
    LKMOVE_1           0.354      0.053      6.681      0.000

Class 2

    Observed                                        Two-Tailed
    Variable        Estimate       S.E.  Est./S.E.    P-Value

    LKMOVE_5           0.605      0.048     12.485      0.000
    LKMOVE_6           0.914      0.030     30.411      0.000
    LKMOVE_7           0.972      0.026     37.643      0.000
    LKMOVE_8           0.591      0.052     11.403      0.000
    LKMOVE_1           0.355      0.059      6.047      0.000


     Beginning Time:  17:52:17
        Ending Time:  18:03:49
       Elapsed Time:  00:11:32



MUTHEN & MUTHEN
3463 Stoner Ave.
Los Angeles, CA  90066

Tel: (310) 391-9971
Fax: (310) 391-8971
Web: www.StatModel.com
Support: Support@StatModel.com

Copyright (c) 1998-2021 Muthen & Muthen
