Mplus VERSION 8.7
MUTHEN & MUTHEN
11/05/2021   5:08 PM

INPUT INSTRUCTIONS

  TITLE: Your title goes here

   DATA: FILE = flex_time/data.dta;

   VARIABLE:

   NAMES = pidp gridmode mm hidp_5 hidp_6 hidp_7 hidp_8 hidp_9 hidp_10 indmode_5
       indmode_6 indmode_7 indmode_8 indmode_9 indmode_10 mode_type_all mode_type_no9
       mode_type_567 mode_type_7 all no9 p567 p7 switch_all switch_no9 switch_567
       switch_7 lkmove_5 xpmove_5 caruse_5 mobuse_5 netpuse_5 aidxhh_5 jbhas_5 j2has_5
       finnow_5 finfut_5 howlng_5 vote1_5 vote6_5 scsf1_5 scsf2a_5 scsf2b_5 scsf3a_5
       scsf3b_5 scsf4a_5 scsf4b_5 scsf5_5 scsf6a_5 scsf6b_5 scsf6c_5 scsf7_5 scghqa_5
       scghqb_5 scghqc_5 scghqd_5 scghqe_5 scghqf_5 scghqg_5 scghqh_5 scghqi_5
       scghqj_5 scghqk_5 scghql_5 lkmove_6 xpmove_6 caruse_6 mobuse_6 netpuse_6
       aidxhh_6 jbhas_6 j2has_6 finnow_6 finfut_6 howlng_6 vote1_6 vote6_6 scsf1_6
       scsf2a_6 scsf2b_6 scsf3a_6 scsf3b_6 scsf4a_6 scsf4b_6 scsf5_6 scsf6a_6 scsf6b_6
       scsf6c_6 scsf7_6 scghqa_6 scghqb_6 scghqc_6 scghqd_6 scghqe_6 scghqf_6 scghqg_6
       scghqh_6 scghqi_6 scghqj_6 scghqk_6 scghql_6 lkmove_7 xpmove_7 caruse_7
       mobuse_7 netpuse_7 smoker_7 aidxhh_7 jbhas_7 jbterm1_7 jbsemp_7 j2has_7
       fiyrdia_7 finnow_7 finfut_7 howlng_7 vote1_7 vote6_7 scsf2a_7 scsf2b_7 scsf3a_7
       scsf3b_7 scsf4a_7 scsf4b_7 scsf5_7 scsf6a_7 scsf6b_7 scsf6c_7 scsf7_7 scghqa_7
       scghqb_7 scghqc_7 scghqd_7 scghqe_7 scghqf_7 scghqg_7 scghqh_7 scghqi_7
       scghqj_7 scghqk_7 scghql_7 scsf1_7 lkmove_8 xpmove_8 caruse_8 mobuse_8
       netpuse_8 smoker_8 aidxhh_8 jbhas_8 jbterm1_8 jbsemp_8 j2has_8 fiyrdia_8
       finnow_8 finfut_8 scsf2a_8 scsf2b_8 scsf3a_8 scsf3b_8 scsf4a_8 scsf4b_8 scsf5_8
       scsf6a_8 scsf6b_8 scsf6c_8 scsf7_8 scghqa_8 scghqb_8 scghqc_8 scghqd_8 scghqe_8
       scghqf_8 scghqg_8 scghqh_8 scghqi_8 scghqj_8 scghqk_8 scghql_8 scsf1_8 mobuse_9
       netpuse_9 smoker_9 jbhas_9 jbterm1_9 jbsemp_9 j2has_9 fiyrdia_9 finnow_9
       finfut_9 lkmove_10 xpmove_10 mobuse_10 netpuse_10 smoker_10 aidxhh_10 jbhas_10
       jbterm1_10 jbsemp_10 j2has_10 fiyrdia_10 finnow_10 finfut_10 scsf1_10 scsf2a_10
       scsf2b_10 scsf3a_10 scsf3b_10 scsf4a_10 scsf4b_10 scsf5_10 scsf6a_10 scsf6b_10
       scsf6c_10 scsf7_10 scghqa_10 scghqb_10 scghqc_10 scghqd_10 scghqe_10 scghqf_10
       scghqg_10 scghqh_10 scghqi_10 scghqj_10 scghqk_10 scghql_10 edu agecat female
       partner sf1 longill london north urban refresh Higher A level GCSE Other age_35
       age_55 age_75 age_102 pred_all pred_no9 pred_p567 pred_p7 pred_all_w pred_no9_w
       pred_p567_w pred_p7_w;

   MISSING=.;

   USEVARIABLES ARE
   scghql_5
   scghql_6
   scghql_7
   scghql_8
   scghql_10;

   CATEGORICAL ARE
   scghql_5
   scghql_6
   scghql_7
   scghql_8
   scghql_10;
   CLASSES = c(2);

    KNOWNCLASS = c(no9= 1 2);
  WEIGHT IS pred_no9_w;

   ANALYSIS:


      TYPE = MIXTURE;

      ESTIMATOR = MLR;

      ALGORITHM = INTEGRATION;

      Processors = 8(starts);

      STARTS = 800 200;

   Model:


      %OVERALL%

  i s | scghql_5@0 scghql_6 scghql_7 scghql_8 scghql_10@1;
   %c#1%
  [s] (a);
   s (b);
   s WITH i (c);
   i (d);
  s BY scghql_6 (j)
   scghql_7 (k)
   scghql_8 (l);

   %c#2%
  [s] (a);
   s (b);
   s WITH i (c);
   i (d);
  s BY scghql_6 (j)
   scghql_7 (k)
   scghql_8 (l);

   OUTPUT: SAMPSTAT;

                                  STDYX;




*** WARNING in VARIABLE command
  Note that only the first 8 characters of variable names are used in the output.
  Shorten variable names to avoid any confusion.
*** WARNING
  One or more observations has a value of 0 for the WEIGHT variable.  Consider using the
  SUBPOPULATION option to restrict the analysis to observations with a positive weight.
*** WARNING
  Data set contains unknown or missing values for variable NO9.
  This variable is used to determine the KNOWNCLASS specification.
  Number of such cases:  111
*** WARNING
  Data set contains cases with missing on all variables.
  These cases were not included in the analysis.
  Number of cases with missing on all variables:  100
   4 WARNING(S) FOUND IN THE INPUT INSTRUCTIONS



Your title goes here

SUMMARY OF ANALYSIS

Number of groups                                                 1
Number of observations                                        1846

Number of dependent variables                                    5
Number of independent variables                                  0
Number of continuous latent variables                            2
Number of categorical latent variables                           1

Observed dependent variables

  Binary and ordered categorical (ordinal)
   SCGHQL_5    SCGHQL_6    SCGHQL_7    SCGHQL_8    SCGHQL_1

Continuous latent variables
   I           S

Categorical latent variables
   C

  Knownclass            C

Variables with special functions

  Weight variable       PRED_NO9

Estimator                                                      MLR
Information matrix                                        OBSERVED
Optimization Specifications for the Quasi-Newton Algorithm for
Continuous Outcomes
  Maximum number of iterations                                 100
  Convergence criterion                                  0.100D-05
Optimization Specifications for the EM Algorithm
  Maximum number of iterations                                 500
  Convergence criteria
    Loglikelihood change                                 0.100D-02
    Relative loglikelihood change                        0.100D-05
    Derivative                                           0.100D-02
Optimization Specifications for the M step of the EM Algorithm for
Categorical Latent variables
  Number of M step iterations                                    1
  M step convergence criterion                           0.100D-02
  Basis for M step termination                           ITERATION
Optimization Specifications for the M step of the EM Algorithm for
Censored, Binary or Ordered Categorical (Ordinal), Unordered
Categorical (Nominal) and Count Outcomes
  Number of M step iterations                                    1
  M step convergence criterion                           0.100D-02
  Basis for M step termination                           ITERATION
  Maximum value for logit thresholds                            15
  Minimum value for logit thresholds                           -15
  Minimum expected cell size for chi-square              0.100D-01
Maximum number of iterations for H1                           2000
Convergence criterion for H1                             0.100D-03
Optimization algorithm                                         EMA
Integration Specifications
  Type                                                    STANDARD
  Number of integration points                                  15
  Dimensions of numerical integration                            2
  Adaptive quadrature                                           ON
Random Starts Specifications
  Number of initial stage random starts                        800
  Number of final stage optimizations                          200
  Number of initial stage iterations                            10
  Initial stage convergence criterion                    0.100D+01
  Random starts scale                                    0.500D+01
  Random seed for generating random starts                       0
Link                                                         LOGIT
Cholesky                                                        ON

Input data file(s)
  flex_time/data.dta
Input data format  FREE


SUMMARY OF DATA

     Number of missing data patterns            31
     Number of y missing data patterns           0
     Number of u missing data patterns          31


COVARIANCE COVERAGE OF DATA

Minimum covariance coverage value   0.100


     PROPORTION OF DATA PRESENT FOR U


           Covariance Coverage
              SCGHQL_5      SCGHQL_6      SCGHQL_7      SCGHQL_8      SCGHQL_1
              ________      ________      ________      ________      ________
 SCGHQL_5       0.385
 SCGHQL_6       0.291         0.458
 SCGHQL_7       0.264         0.337         0.593
 SCGHQL_8       0.250         0.326         0.470         0.580
 SCGHQL_1       0.223         0.288         0.400         0.434         0.648


UNIVARIATE PROPORTIONS AND COUNTS FOR CATEGORICAL VARIABLES

    SCGHQL_5
      Category 1    0.079           86.546
      Category 2    0.784          861.557
      Category 3    0.104          114.443
      Category 4    0.034           37.055
    SCGHQL_6
      Category 1    0.072           98.183
      Category 2    0.786         1072.254
      Category 3    0.118          160.852
      Category 4    0.024           32.100
    SCGHQL_7
      Category 1    0.085          100.765
      Category 2    0.804          948.827
      Category 3    0.089          104.522
      Category 4    0.022           25.835
    SCGHQL_8
      Category 1    0.100          110.134
      Category 2    0.804          887.269
      Category 3    0.075           82.323
      Category 4    0.022           23.910
    SCGHQL_1
      Category 1    0.073           70.732
      Category 2    0.786          759.679
      Category 3    0.113          108.898
      Category 4    0.029           27.642


SAMPLE STATISTICS

RANDOM STARTS RESULTS RANKED FROM THE BEST TO THE WORST LOGLIKELIHOOD VALUES

Final stage loglikelihood values at local maxima, seeds, and initial stage start numbers:

           -5030.224  549244           756
           -5030.224  77210            712
           -5030.224  635245           121
           -5030.224  486646           586
           -5030.224  92091            649
           -5030.224  640833           434
           -5030.224  724519           333
           -5030.224  224950           455
           -5030.224  281558           184
           -5030.224  937588           293
           -5030.224  881886           608
           -5030.224  329127           185
           -5030.224  194143           510
           -5030.224  268896           124
           -5030.224  830570           369
           -5030.224  655497           376
           -5030.224  848163           47
           -5030.224  801065           393
           -5030.225  971853           402
           -5030.225  626891           32
           -5030.225  863094           147
           -5030.225  790452           303
           -5030.225  327475           518
           -5030.226  195873           6
           -5030.226  484406           421
           -5030.227  788796           145
           -5030.227  358074           560
           -5030.228  126371           526
           -5030.228  502532           445
           -5030.228  195353           225
           -5030.229  79212            517
           -5030.229  722748           346
           -5030.230  7195             697
           -5030.230  373815           618
           -5030.230  178475           231
           -5030.230  793035           187
           -5030.230  579138           706
           -5030.230  483369           270
           -5030.230  846194           93
           -5030.231  691234           250
           -5030.231  614535           449
           -5030.231  922042           492
           -5030.231  455617           242
           -5030.231  576220           115
           -5030.231  321390           133
           -5030.231  814975           129
           -5030.231  297518           166
           -5030.231  35191            703
           -5030.231  146900           391
           -5030.231  488125           368
           -5030.231  587946           120
           -5030.231  127362           757
           -5030.231  552272           654
           -5030.231  263049           454
           -5030.231  120506           45
           -5030.231  163110           584
           -5030.231  215353           164
           -5030.231  715255           523
           -5030.231  320494           465
           -5030.231  3307             735
           -5030.231  574942           558
           -5030.231  93468            3
           -5030.231  284384           600
           -5030.231  798821           423
           -5030.231  662718           460
           -5030.231  638611           524
           -5030.231  568859           49
           -5030.231  22362            365
           -5030.231  40340            188
           -5030.231  508482           446
           -5030.231  251641           784
           -5030.231  192071           142
           -5030.231  217130           443
           -5030.231  383979           603
           -5030.231  602797           336
           -5030.231  848890           95
           -5030.231  276102           599
           -5030.231  355254           796
           -5030.231  897782           545
           -5030.231  118438           601
           -5030.231  579995           183
           -5030.231  294811           637
           -5030.231  178031           720
           -5030.231  958107           790
           -5030.231  685657           69
           -5030.231  805935           615
           -5030.231  374219           353
           -5030.231  266340           683
           -5030.231  314084           81
           -5030.231  350608           334
           -5030.231  920593           611
           -5030.231  188498           258
           -5030.231  282464           283
           -5030.231  939709           112
           -5030.231  343926           624
           -5030.231  62835            642
           -5030.231  105435           265
           -5030.231  349360           464
           -5030.231  112586           494
           -5030.231  736574           414
           -5030.231  520865           763
           -5030.231  903420           5
           -5030.231  761633           50
           -5030.231  84013            598
           -5030.231  291149           536
           -5030.231  505879           424
           -5030.367  160326           546
           -5030.375  732596           320
           -5030.375  714997           399
           -5030.377  335485           496
           -5030.381  644297           340
           -5030.383  547702           767
           -5030.384  967237           48
           -5030.384  478421           311
           -5030.386  209031           632
           -5030.387  761302           744
           -5030.387  489927           520
           -5030.387  375590           438
           -5030.388  65651            214
           -5030.388  926283           269
           -5030.388  829540           324
           -5030.389  366706           29
           -5030.390  168762           200
           -5030.390  726035           191
           -5030.390  341960           685
           -5030.391  848590           694
           -5030.392  392407           221
           -5030.392  4091             548
           -5030.392  399671           13
           -5030.393  232226           235
           -5030.394  312587           775
           -5030.394  456213           160
           -5030.394  461866           722
           -5030.395  836066           372
           -5030.395  777045           377
           -5030.396  622860           259
           -5030.399  850840           232
           -5030.399  51375            148
           -5030.400  964570           701
           -5030.400  953843           651
           -5030.401  79945            395
           -5030.402  395754           388
           -5030.402  645664           39
           -5030.403  403801           762
           -5030.405  405371           569
           -5030.405  848331           137
           -5030.406  853195           431
           -5030.407  617658           660
           -5030.407  900631           774
           -5030.408  996231           310
           -5030.409  957392           79
           -5030.410  608496           4
           -5030.410  820977           776
           -5030.411  918558           412
           -5030.411  616917           261
           -5030.415  210870           383
           -5030.415  533738           11
           -5030.417  481835           57
           -5030.420  738393           619
           -5030.423  688839           273
           -5030.424  710445           792
           -5030.426  72866            692
           -5030.426  unperturbed      0
           -5030.426  562716           300
           -5030.427  442072           625
           -5030.430  413564           535
           -5030.431  314757           345
           -5030.442  473942           574
           -5030.443  17359            227
           -5030.445  231400           738
           -5030.445  696773           80
           -5030.446  345974           622
           -5030.451  526324           178
           -5030.452  298275           418
           -5030.452  407108           366
           -5030.457  802779           122
           -5030.458  879211           453
           -5030.458  529455           268
           -5030.461  58507            793
           -5030.461  915107           54
           -5030.464  284716           713
           -5030.467  746978           410
           -5030.481  608849           224
           -5030.482  264901           634
           -5030.483  407168           44
           -5030.484  701525           239
           -5030.485  940533           764
           -5030.490  699554           427
           -5030.504  267983           228
           -5030.511  73576            213
           -5030.515  354208           196
           -5030.532  580539           786
           -5030.548  130011           587
           -5030.549  387701           275
           -5030.561  603842           61
           -5030.570  341519           653
           -5030.573  566739           575
           -5030.626  910224           580

2 perturbed starting value run(s) did not converge or were rejected in the third stage.



THE BEST LOGLIKELIHOOD VALUE HAS BEEN REPLICATED.  RERUN WITH AT LEAST TWICE THE
RANDOM STARTS TO CHECK THAT THE BEST LOGLIKELIHOOD IS STILL OBTAINED AND REPLICATED.


THE MODEL ESTIMATION TERMINATED NORMALLY



MODEL FIT INFORMATION

Number of Free Parameters                       12

Loglikelihood

          H0 Value                       -5030.224
          H0 Scaling Correction Factor      1.8684
            for MLR

Information Criteria

          Akaike (AIC)                   10084.447
          Bayesian (BIC)                 10150.697
          Sample-Size Adjusted BIC       10112.573
            (n* = (n + 2) / 24)

Chi-Square Test of Model Fit for the Binary and Ordered Categorical
(Ordinal) Outcomes**

          Pearson Chi-Square

          Value                           1881.950
          Degrees of Freedom                  2015
          P-Value                           0.9835

          Likelihood Ratio Chi-Square

          Value                            647.148
          Degrees of Freedom                  2015
          P-Value                           1.0000

** Of the 3124 cells in the latent class indicator table, 9
   were deleted in the calculation of chi-square due to extreme values.

Chi-Square Test for MCAR under the Unrestricted Latent Class Indicator Model

          Pearson Chi-Square

          Value                           1711.693
          Degrees of Freedom                  4139
          P-Value                           1.0000

          Likelihood Ratio Chi-Square

          Value                           1354.331
          Degrees of Freedom                  4139
          P-Value                           1.0000



FINAL CLASS COUNTS AND PROPORTIONS FOR THE LATENT CLASSES
BASED ON THE ESTIMATED MODEL

    Latent
   Classes

       1       1306.00000          0.70748
       2        540.00000          0.29252


MODEL RESULTS

                                                    Two-Tailed
                    Estimate       S.E.  Est./S.E.    P-Value

Latent Class 1 (1)

 I        |
    SCGHQL_5           1.000      0.000    999.000    999.000
    SCGHQL_6           1.000      0.000    999.000    999.000
    SCGHQL_7           1.000      0.000    999.000    999.000
    SCGHQL_8           1.000      0.000    999.000    999.000
    SCGHQL_10          1.000      0.000    999.000    999.000

 S        |
    SCGHQL_5           0.000      0.000    999.000    999.000
    SCGHQL_6           0.954      2.472      0.386      0.699
    SCGHQL_7          -3.714      9.810     -0.379      0.705
    SCGHQL_8          -7.044     17.091     -0.412      0.680
    SCGHQL_10          1.000      0.000    999.000    999.000

 S        WITH
    I                  0.012      0.035      0.338      0.736

 Means
    I                 -0.080      0.128     -0.627      0.531
    S                  0.055      0.121      0.452      0.652

 Thresholds
    SCGHQL_5$1        -3.216      0.169    -19.077      0.000
    SCGHQL_5$2         2.333      0.149     15.617      0.000
    SCGHQL_5$3         4.326      0.207     20.937      0.000
    SCGHQL_6$1        -3.216      0.169    -19.077      0.000
    SCGHQL_6$2         2.333      0.149     15.617      0.000
    SCGHQL_6$3         4.326      0.207     20.937      0.000
    SCGHQL_7$1        -3.216      0.169    -19.077      0.000
    SCGHQL_7$2         2.333      0.149     15.617      0.000
    SCGHQL_7$3         4.326      0.207     20.937      0.000
    SCGHQL_8$1        -3.216      0.169    -19.077      0.000
    SCGHQL_8$2         2.333      0.149     15.617      0.000
    SCGHQL_8$3         4.326      0.207     20.937      0.000
    SCGHQL_1$1        -3.216      0.169    -19.077      0.000
    SCGHQL_1$2         2.333      0.149     15.617      0.000
    SCGHQL_1$3         4.326      0.207     20.937      0.000

 Variances
    I                  1.805      0.318      5.669      0.000
    S                  0.000      0.000      0.169      0.865

Latent Class 2 (2)

 I        |
    SCGHQL_5           1.000      0.000    999.000    999.000
    SCGHQL_6           1.000      0.000    999.000    999.000
    SCGHQL_7           1.000      0.000    999.000    999.000
    SCGHQL_8           1.000      0.000    999.000    999.000
    SCGHQL_10          1.000      0.000    999.000    999.000

 S        |
    SCGHQL_5           0.000      0.000    999.000    999.000
    SCGHQL_6           0.954      2.472      0.386      0.699
    SCGHQL_7          -3.714      9.810     -0.379      0.705
    SCGHQL_8          -7.044     17.091     -0.412      0.680
    SCGHQL_10          1.000      0.000    999.000    999.000

 S        WITH
    I                  0.012      0.035      0.338      0.736

 Means
    I                  0.000      0.000    999.000    999.000
    S                  0.055      0.121      0.452      0.652

 Thresholds
    SCGHQL_5$1        -3.216      0.169    -19.077      0.000
    SCGHQL_5$2         2.333      0.149     15.617      0.000
    SCGHQL_5$3         4.326      0.207     20.937      0.000
    SCGHQL_6$1        -3.216      0.169    -19.077      0.000
    SCGHQL_6$2         2.333      0.149     15.617      0.000
    SCGHQL_6$3         4.326      0.207     20.937      0.000
    SCGHQL_7$1        -3.216      0.169    -19.077      0.000
    SCGHQL_7$2         2.333      0.149     15.617      0.000
    SCGHQL_7$3         4.326      0.207     20.937      0.000
    SCGHQL_8$1        -3.216      0.169    -19.077      0.000
    SCGHQL_8$2         2.333      0.149     15.617      0.000
    SCGHQL_8$3         4.326      0.207     20.937      0.000
    SCGHQL_1$1        -3.216      0.169    -19.077      0.000
    SCGHQL_1$2         2.333      0.149     15.617      0.000
    SCGHQL_1$3         4.326      0.207     20.937      0.000

 Variances
    I                  1.805      0.318      5.669      0.000
    S                  0.000      0.000      0.169      0.865

Categorical Latent Variables

 Means
    C#1                0.883      0.067     13.270      0.000


QUALITY OF NUMERICAL RESULTS

     Condition Number for the Information Matrix              0.193E-06
       (ratio of smallest to largest eigenvalue)


RESULTS IN PROBABILITY SCALE

                    Estimate

Latent Class 1 (1)

 SCGHQL_5
    Category 1         0.078
    Category 2         0.787
    Category 3         0.108
    Category 4         0.027
 SCGHQL_6
    Category 1         0.076
    Category 2         0.784
    Category 3         0.112
    Category 4         0.028
 SCGHQL_7
    Category 1         0.090
    Category 2         0.796
    Category 3         0.093
    Category 4         0.021
 SCGHQL_8
    Category 1         0.102
    Category 2         0.800
    Category 3         0.081
    Category 4         0.017
 SCGHQL_10
    Category 1         0.076
    Category 2         0.784
    Category 3         0.113
    Category 4         0.028

Latent Class 2 (2)

 SCGHQL_5
    Category 1         0.073
    Category 2         0.784
    Category 3         0.114
    Category 4         0.029
 SCGHQL_6
    Category 1         0.071
    Category 2         0.781
    Category 3         0.118
    Category 4         0.030
 SCGHQL_7
    Category 1         0.084
    Category 2         0.794
    Category 3         0.098
    Category 4         0.023
 SCGHQL_8
    Category 1         0.095
    Category 2         0.800
    Category 3         0.085
    Category 4         0.019
 SCGHQL_10
    Category 1         0.071
    Category 2         0.780
    Category 3         0.119
    Category 4         0.030


STANDARDIZED MODEL RESULTS


STDYX Standardization

                                                    Two-Tailed
                    Estimate       S.E.  Est./S.E.    P-Value

Latent Class 1 (1)

 I        |
    SCGHQL_5           0.595      0.034     17.558      0.000
    SCGHQL_6           0.594      0.034     17.403      0.000
    SCGHQL_7           0.600      0.038     15.719      0.000
    SCGHQL_8           0.605      0.044     13.766      0.000
    SCGHQL_10          0.594      0.034     17.658      0.000

 S        |
    SCGHQL_5           0.000      0.000    999.000    999.000
    SCGHQL_6           0.004      0.011      0.325      0.745
    SCGHQL_7          -0.014      0.027     -0.542      0.588
    SCGHQL_8          -0.028      0.052     -0.528      0.597
    SCGHQL_10          0.004      0.011      0.340      0.734

 S        WITH
    I                  1.000      0.001   1411.794      0.000

 Means
    I                 -0.060      0.096     -0.621      0.535
    S                  6.245     11.391      0.548      0.584

 Thresholds
    SCGHQL_5$1        -1.425      0.061    -23.367      0.000
    SCGHQL_5$2         1.034      0.063     16.372      0.000
    SCGHQL_5$3         1.917      0.096     20.061      0.000
    SCGHQL_6$1        -1.422      0.066    -21.446      0.000
    SCGHQL_6$2         1.032      0.060     17.167      0.000
    SCGHQL_6$3         1.913      0.091     20.906      0.000
    SCGHQL_7$1        -1.437      0.065    -22.125      0.000
    SCGHQL_7$2         1.043      0.060     17.237      0.000
    SCGHQL_7$3         1.933      0.089     21.681      0.000
    SCGHQL_8$1        -1.448      0.071    -20.289      0.000
    SCGHQL_8$2         1.051      0.065     16.209      0.000
    SCGHQL_8$3         1.948      0.096     20.209      0.000
    SCGHQL_1$1        -1.421      0.066    -21.642      0.000
    SCGHQL_1$2         1.031      0.061     16.837      0.000
    SCGHQL_1$3         1.912      0.094     20.388      0.000

 Variances
    I                  1.000      0.000    999.000    999.000
    S                  1.000      0.000    999.000    999.000

Latent Class 2 (2)

 I        |
    SCGHQL_5           0.595      0.034     17.558      0.000
    SCGHQL_6           0.594      0.034     17.403      0.000
    SCGHQL_7           0.600      0.038     15.719      0.000
    SCGHQL_8           0.605      0.044     13.766      0.000
    SCGHQL_10          0.594      0.034     17.658      0.000

 S        |
    SCGHQL_5           0.000      0.000    999.000    999.000
    SCGHQL_6           0.004      0.011      0.325      0.745
    SCGHQL_7          -0.014      0.027     -0.542      0.588
    SCGHQL_8          -0.028      0.052     -0.528      0.597
    SCGHQL_10          0.004      0.011      0.340      0.734

 S        WITH
    I                  1.000      0.001   1411.794      0.000

 Means
    I                  0.000      0.000    999.000    999.000
    S                  6.245     11.391      0.548      0.584

 Thresholds
    SCGHQL_5$1        -1.425      0.061    -23.367      0.000
    SCGHQL_5$2         1.034      0.063     16.372      0.000
    SCGHQL_5$3         1.917      0.096     20.061      0.000
    SCGHQL_6$1        -1.422      0.066    -21.446      0.000
    SCGHQL_6$2         1.032      0.060     17.167      0.000
    SCGHQL_6$3         1.913      0.091     20.906      0.000
    SCGHQL_7$1        -1.437      0.065    -22.125      0.000
    SCGHQL_7$2         1.043      0.060     17.237      0.000
    SCGHQL_7$3         1.933      0.089     21.681      0.000
    SCGHQL_8$1        -1.448      0.071    -20.289      0.000
    SCGHQL_8$2         1.051      0.065     16.209      0.000
    SCGHQL_8$3         1.948      0.096     20.209      0.000
    SCGHQL_1$1        -1.421      0.066    -21.642      0.000
    SCGHQL_1$2         1.031      0.061     16.837      0.000
    SCGHQL_1$3         1.912      0.094     20.388      0.000

 Variances
    I                  1.000      0.000    999.000    999.000
    S                  1.000      0.000    999.000    999.000


R-SQUARE

Class 1

    Observed                                        Two-Tailed
    Variable        Estimate       S.E.  Est./S.E.    P-Value

    SCGHQL_5           0.354      0.040      8.779      0.000
    SCGHQL_6           0.357      0.041      8.714      0.000
    SCGHQL_7           0.343      0.040      8.630      0.000
    SCGHQL_8           0.333      0.047      7.032      0.000
    SCGHQL_1           0.357      0.042      8.503      0.000

Class 2

    Observed                                        Two-Tailed
    Variable        Estimate       S.E.  Est./S.E.    P-Value

    SCGHQL_5           0.354      0.040      8.779      0.000
    SCGHQL_6           0.357      0.041      8.714      0.000
    SCGHQL_7           0.343      0.040      8.630      0.000
    SCGHQL_8           0.333      0.047      7.032      0.000
    SCGHQL_1           0.357      0.042      8.503      0.000

Available post-processing tools

  Latent class indicator odds ratios

     Beginning Time:  17:08:45
        Ending Time:  17:17:33
       Elapsed Time:  00:08:48



MUTHEN & MUTHEN
3463 Stoner Ave.
Los Angeles, CA  90066

Tel: (310) 391-9971
Fax: (310) 391-8971
Web: www.StatModel.com
Support: Support@StatModel.com

Copyright (c) 1998-2021 Muthen & Muthen
