Mplus VERSION 8.7
MUTHEN & MUTHEN
11/04/2021   8:12 PM

INPUT INSTRUCTIONS

  TITLE: Your title goes here

   DATA: FILE = flex_time/data.dta;

   VARIABLE:

   NAMES = pidp gridmode mm hidp_5 hidp_6 hidp_7 hidp_8 hidp_9 hidp_10 indmode_5
       indmode_6 indmode_7 indmode_8 indmode_9 indmode_10 mode_type_all mode_type_no9
       mode_type_567 mode_type_7 all no9 p567 p7 switch_all switch_no9 switch_567
       switch_7 lkmove_5 xpmove_5 caruse_5 mobuse_5 netpuse_5 aidxhh_5 jbhas_5 j2has_5
       finnow_5 finfut_5 howlng_5 vote1_5 vote6_5 scsf1_5 scsf2a_5 scsf2b_5 scsf3a_5
       scsf3b_5 scsf4a_5 scsf4b_5 scsf5_5 scsf6a_5 scsf6b_5 scsf6c_5 scsf7_5 scghqa_5
       scghqb_5 scghqc_5 scghqd_5 scghqe_5 scghqf_5 scghqg_5 scghqh_5 scghqi_5
       scghqj_5 scghqk_5 scghql_5 lkmove_6 xpmove_6 caruse_6 mobuse_6 netpuse_6
       aidxhh_6 jbhas_6 j2has_6 finnow_6 finfut_6 howlng_6 vote1_6 vote6_6 scsf1_6
       scsf2a_6 scsf2b_6 scsf3a_6 scsf3b_6 scsf4a_6 scsf4b_6 scsf5_6 scsf6a_6 scsf6b_6
       scsf6c_6 scsf7_6 scghqa_6 scghqb_6 scghqc_6 scghqd_6 scghqe_6 scghqf_6 scghqg_6
       scghqh_6 scghqi_6 scghqj_6 scghqk_6 scghql_6 lkmove_7 xpmove_7 caruse_7
       mobuse_7 netpuse_7 smoker_7 aidxhh_7 jbhas_7 jbterm1_7 jbsemp_7 j2has_7
       fiyrdia_7 finnow_7 finfut_7 howlng_7 vote1_7 vote6_7 scsf2a_7 scsf2b_7 scsf3a_7
       scsf3b_7 scsf4a_7 scsf4b_7 scsf5_7 scsf6a_7 scsf6b_7 scsf6c_7 scsf7_7 scghqa_7
       scghqb_7 scghqc_7 scghqd_7 scghqe_7 scghqf_7 scghqg_7 scghqh_7 scghqi_7
       scghqj_7 scghqk_7 scghql_7 scsf1_7 lkmove_8 xpmove_8 caruse_8 mobuse_8
       netpuse_8 smoker_8 aidxhh_8 jbhas_8 jbterm1_8 jbsemp_8 j2has_8 fiyrdia_8
       finnow_8 finfut_8 scsf2a_8 scsf2b_8 scsf3a_8 scsf3b_8 scsf4a_8 scsf4b_8 scsf5_8
       scsf6a_8 scsf6b_8 scsf6c_8 scsf7_8 scghqa_8 scghqb_8 scghqc_8 scghqd_8 scghqe_8
       scghqf_8 scghqg_8 scghqh_8 scghqi_8 scghqj_8 scghqk_8 scghql_8 scsf1_8 mobuse_9
       netpuse_9 smoker_9 jbhas_9 jbterm1_9 jbsemp_9 j2has_9 fiyrdia_9 finnow_9
       finfut_9 lkmove_10 xpmove_10 mobuse_10 netpuse_10 smoker_10 aidxhh_10 jbhas_10
       jbterm1_10 jbsemp_10 j2has_10 fiyrdia_10 finnow_10 finfut_10 scsf1_10 scsf2a_10
       scsf2b_10 scsf3a_10 scsf3b_10 scsf4a_10 scsf4b_10 scsf5_10 scsf6a_10 scsf6b_10
       scsf6c_10 scsf7_10 scghqa_10 scghqb_10 scghqc_10 scghqd_10 scghqe_10 scghqf_10
       scghqg_10 scghqh_10 scghqi_10 scghqj_10 scghqk_10 scghql_10 edu agecat female
       partner sf1 longill london north urban refresh Higher A level GCSE Other age_35
       age_55 age_75 age_102 pred_all pred_no9 pred_p567 pred_p7 pred_all_w pred_no9_w
       pred_p567_w pred_p7_w;

   MISSING=.;

   USEVARIABLES ARE
   scghqa_5
   scghqa_6
   scghqa_7
   scghqa_8
   scghqa_10;

   CATEGORICAL ARE
   scghqa_5
   scghqa_6
   scghqa_7
   scghqa_8
   scghqa_10;
   CLASSES = c(2);

    KNOWNCLASS = c(no9= 1 2);
  WEIGHT IS pred_no9_w;

   ANALYSIS:


      TYPE = MIXTURE;

      ESTIMATOR = MLR;

      ALGORITHM = INTEGRATION;

      Processors = 8(starts);

      STARTS = 800 200;

   Model:


      %OVERALL%

  i s | scghqa_5@0 scghqa_6 scghqa_7 scghqa_8 scghqa_10@1;
   %c#1%
  [s] (a);
   s (b);
   s WITH i ;
   i ;
  s BY scghqa_6 (j)
   scghqa_7 (k)
   scghqa_8 (l);

   %c#2%
  [s] (a);
   s (b);
   s WITH i ;
   i ;
  s BY scghqa_6 (j)
   scghqa_7 (k)
   scghqa_8 (l);

   OUTPUT: SAMPSTAT;

                                  STDYX;




*** WARNING in VARIABLE command
  Note that only the first 8 characters of variable names are used in the output.
  Shorten variable names to avoid any confusion.
*** WARNING
  One or more observations has a value of 0 for the WEIGHT variable.  Consider using the
  SUBPOPULATION option to restrict the analysis to observations with a positive weight.
*** WARNING
  Data set contains unknown or missing values for variable NO9.
  This variable is used to determine the KNOWNCLASS specification.
  Number of such cases:  111
*** WARNING
  Data set contains cases with missing on all variables.
  These cases were not included in the analysis.
  Number of cases with missing on all variables:  100
   4 WARNING(S) FOUND IN THE INPUT INSTRUCTIONS



Your title goes here

SUMMARY OF ANALYSIS

Number of groups                                                 1
Number of observations                                        1846

Number of dependent variables                                    5
Number of independent variables                                  0
Number of continuous latent variables                            2
Number of categorical latent variables                           1

Observed dependent variables

  Binary and ordered categorical (ordinal)
   SCGHQA_5    SCGHQA_6    SCGHQA_7    SCGHQA_8    SCGHQA_1

Continuous latent variables
   I           S

Categorical latent variables
   C

  Knownclass            C

Variables with special functions

  Weight variable       PRED_NO9

Estimator                                                      MLR
Information matrix                                        OBSERVED
Optimization Specifications for the Quasi-Newton Algorithm for
Continuous Outcomes
  Maximum number of iterations                                 100
  Convergence criterion                                  0.100D-05
Optimization Specifications for the EM Algorithm
  Maximum number of iterations                                 500
  Convergence criteria
    Loglikelihood change                                 0.100D-02
    Relative loglikelihood change                        0.100D-05
    Derivative                                           0.100D-02
Optimization Specifications for the M step of the EM Algorithm for
Categorical Latent variables
  Number of M step iterations                                    1
  M step convergence criterion                           0.100D-02
  Basis for M step termination                           ITERATION
Optimization Specifications for the M step of the EM Algorithm for
Censored, Binary or Ordered Categorical (Ordinal), Unordered
Categorical (Nominal) and Count Outcomes
  Number of M step iterations                                    1
  M step convergence criterion                           0.100D-02
  Basis for M step termination                           ITERATION
  Maximum value for logit thresholds                            15
  Minimum value for logit thresholds                           -15
  Minimum expected cell size for chi-square              0.100D-01
Maximum number of iterations for H1                           2000
Convergence criterion for H1                             0.100D-03
Optimization algorithm                                         EMA
Integration Specifications
  Type                                                    STANDARD
  Number of integration points                                  15
  Dimensions of numerical integration                            2
  Adaptive quadrature                                           ON
Random Starts Specifications
  Number of initial stage random starts                        800
  Number of final stage optimizations                          200
  Number of initial stage iterations                            10
  Initial stage convergence criterion                    0.100D+01
  Random starts scale                                    0.500D+01
  Random seed for generating random starts                       0
Link                                                         LOGIT
Cholesky                                                        ON

Input data file(s)
  flex_time/data.dta
Input data format  FREE


SUMMARY OF DATA

     Number of missing data patterns            31
     Number of y missing data patterns           0
     Number of u missing data patterns          31


COVARIANCE COVERAGE OF DATA

Minimum covariance coverage value   0.100


     PROPORTION OF DATA PRESENT FOR U


           Covariance Coverage
              SCGHQA_5      SCGHQA_6      SCGHQA_7      SCGHQA_8      SCGHQA_1
              ________      ________      ________      ________      ________
 SCGHQA_5       0.385
 SCGHQA_6       0.292         0.458
 SCGHQA_7       0.264         0.339         0.594
 SCGHQA_8       0.251         0.326         0.470         0.579
 SCGHQA_1       0.223         0.288         0.400         0.433         0.649


UNIVARIATE PROPORTIONS AND COUNTS FOR CATEGORICAL VARIABLES

    SCGHQA_5
      Category 1    0.022           23.933
      Category 2    0.794          872.162
      Category 3    0.160          176.151
      Category 4    0.024           25.977
    SCGHQA_6
      Category 1    0.025           33.614
      Category 2    0.803         1097.723
      Category 3    0.148          202.078
      Category 4    0.024           33.459
    SCGHQA_7
      Category 1    0.028           33.741
      Category 2    0.827          980.556
      Category 3    0.123          146.085
      Category 4    0.022           25.798
    SCGHQA_8
      Category 1    0.026           29.195
      Category 2    0.807          893.845
      Category 3    0.144          159.764
      Category 4    0.022           24.226
    SCGHQA_1
      Category 1    0.036           35.076
      Category 2    0.796          772.336
      Category 3    0.149          144.435
      Category 4    0.019           17.957


SAMPLE STATISTICS

RANDOM STARTS RESULTS RANKED FROM THE BEST TO THE WORST LOGLIKELIHOOD VALUES

Final stage loglikelihood values at local maxima, seeds, and initial stage start numbers:

           -4649.957  860102           495
           -4649.996  373702           669
           -4650.006  173440           328
           -4650.050  970689           266
           -4650.065  403801           762
           -4650.075  458181           189
           -4650.151  682718           733
           -4650.178  195873           6
           -4650.245  232559           136
           -4650.246  732596           320
           -4650.276  35191            703
           -4650.277  260601           36
           -4650.278  138695           783
           -4650.281  604861           800
           -4650.283  53621            483
           -4650.285  158612           581
           -4650.285  609089           241
           -4650.288  531546           702
           -4650.294  669639           699
           -4650.308  626208           698
           -4650.323  467339           66
           -4650.324  375590           438
           -4650.331  22089            143
           -4650.364  781489           627
           -4650.366  195353           225
           -4650.378  216565           474
           -4650.407  891347           504
           -4650.414  333082           578
           -4650.424  978781           497
           -4650.432  603842           61
           -4650.433  638577           769
           -4650.454  566739           575
           -4650.482  849670           347
           -4650.493  341041           34
           -4650.494  967902           52
           -4650.496  51375            148
           -4650.498  193569           440
           -4650.498  677720           681
           -4650.501  570908           98
           -4650.504  224950           455
           -4650.515  97158            205
           -4650.520  724519           333
           -4650.557  195763           358
           -4650.565  602032           648
           -4650.608  754100           56

Unperturbed starting value run did not converge or was rejected in the third stage.

154 perturbed starting value run(s) did not converge or were rejected in the third stage.



THE BEST LOGLIKELIHOOD VALUE HAS BEEN REPLICATED.  RERUN WITH AT LEAST TWICE THE
RANDOM STARTS TO CHECK THAT THE BEST LOGLIKELIHOOD IS STILL OBTAINED AND REPLICATED.


THE MODEL ESTIMATION TERMINATED NORMALLY



MODEL FIT INFORMATION

Number of Free Parameters                       14

Loglikelihood

          H0 Value                       -4649.957
          H0 Scaling Correction Factor      2.0326
            for MLR

Information Criteria

          Akaike (AIC)                    9327.914
          Bayesian (BIC)                  9405.205
          Sample-Size Adjusted BIC        9360.727
            (n* = (n + 2) / 24)

Chi-Square Test of Model Fit for the Binary and Ordered Categorical
(Ordinal) Outcomes**

          Pearson Chi-Square

          Value                           1371.957
          Degrees of Freedom                  2018
          P-Value                           1.0000

          Likelihood Ratio Chi-Square

          Value                            567.279
          Degrees of Freedom                  2018
          P-Value                           1.0000

** Of the 3124 cells in the latent class indicator table, 6
   were deleted in the calculation of chi-square due to extreme values.

Chi-Square Test for MCAR under the Unrestricted Latent Class Indicator Model

          Pearson Chi-Square

          Value                           1580.456
          Degrees of Freedom                  4139
          P-Value                           1.0000

          Likelihood Ratio Chi-Square

          Value                           1217.401
          Degrees of Freedom                  4139
          P-Value                           1.0000



FINAL CLASS COUNTS AND PROPORTIONS FOR THE LATENT CLASSES
BASED ON THE ESTIMATED MODEL

    Latent
   Classes

       1       1306.00000          0.70748
       2        540.00000          0.29252


MODEL RESULTS

                                                    Two-Tailed
                    Estimate       S.E.  Est./S.E.    P-Value

Latent Class 1 (1)

 I        |
    SCGHQA_5           1.000      0.000    999.000    999.000
    SCGHQA_6           1.000      0.000    999.000    999.000
    SCGHQA_7           1.000      0.000    999.000    999.000
    SCGHQA_8           1.000      0.000    999.000    999.000
    SCGHQA_10          1.000      0.000    999.000    999.000

 S        |
    SCGHQA_5           0.000      0.000    999.000    999.000
    SCGHQA_6           0.602      0.706      0.852      0.394
    SCGHQA_7           0.899      0.646      1.392      0.164
    SCGHQA_8           0.548      0.538      1.018      0.309
    SCGHQA_10          1.000      0.000    999.000    999.000

 S        WITH
    I                 -0.186      0.478     -0.390      0.696

 Means
    I                  0.029      0.128      0.229      0.819
    S                 -0.263      0.221     -1.186      0.236

 Thresholds
    SCGHQA_5$1        -4.369      0.230    -19.036      0.000
    SCGHQA_5$2         1.873      0.180     10.398      0.000
    SCGHQA_5$3         4.349      0.253     17.222      0.000
    SCGHQA_6$1        -4.369      0.230    -19.036      0.000
    SCGHQA_6$2         1.873      0.180     10.398      0.000
    SCGHQA_6$3         4.349      0.253     17.222      0.000
    SCGHQA_7$1        -4.369      0.230    -19.036      0.000
    SCGHQA_7$2         1.873      0.180     10.398      0.000
    SCGHQA_7$3         4.349      0.253     17.222      0.000
    SCGHQA_8$1        -4.369      0.230    -19.036      0.000
    SCGHQA_8$2         1.873      0.180     10.398      0.000
    SCGHQA_8$3         4.349      0.253     17.222      0.000
    SCGHQA_1$1        -4.369      0.230    -19.036      0.000
    SCGHQA_1$2         1.873      0.180     10.398      0.000
    SCGHQA_1$3         4.349      0.253     17.222      0.000

 Variances
    I                  1.754      0.706      2.483      0.013
    S                  0.054      0.077      0.693      0.488

Latent Class 2 (2)

 I        |
    SCGHQA_5           1.000      0.000    999.000    999.000
    SCGHQA_6           1.000      0.000    999.000    999.000
    SCGHQA_7           1.000      0.000    999.000    999.000
    SCGHQA_8           1.000      0.000    999.000    999.000
    SCGHQA_10          1.000      0.000    999.000    999.000

 S        |
    SCGHQA_5           0.000      0.000    999.000    999.000
    SCGHQA_6           0.602      0.706      0.852      0.394
    SCGHQA_7           0.899      0.646      1.392      0.164
    SCGHQA_8           0.548      0.538      1.018      0.309
    SCGHQA_10          1.000      0.000    999.000    999.000

 S        WITH
    I                  0.235      0.163      1.442      0.149

 Means
    I                  0.000      0.000    999.000    999.000
    S                 -0.263      0.221     -1.186      0.236

 Thresholds
    SCGHQA_5$1        -4.369      0.230    -19.036      0.000
    SCGHQA_5$2         1.873      0.180     10.398      0.000
    SCGHQA_5$3         4.349      0.253     17.222      0.000
    SCGHQA_6$1        -4.369      0.230    -19.036      0.000
    SCGHQA_6$2         1.873      0.180     10.398      0.000
    SCGHQA_6$3         4.349      0.253     17.222      0.000
    SCGHQA_7$1        -4.369      0.230    -19.036      0.000
    SCGHQA_7$2         1.873      0.180     10.398      0.000
    SCGHQA_7$3         4.349      0.253     17.222      0.000
    SCGHQA_8$1        -4.369      0.230    -19.036      0.000
    SCGHQA_8$2         1.873      0.180     10.398      0.000
    SCGHQA_8$3         4.349      0.253     17.222      0.000
    SCGHQA_1$1        -4.369      0.230    -19.036      0.000
    SCGHQA_1$2         1.873      0.180     10.398      0.000
    SCGHQA_1$3         4.349      0.253     17.222      0.000

 Variances
    I                  1.032      0.290      3.562      0.000
    S                  0.054      0.077      0.693      0.488

Categorical Latent Variables

 Means
    C#1                0.883      0.067     13.270      0.000


QUALITY OF NUMERICAL RESULTS

     Condition Number for the Information Matrix              0.109E-04
       (ratio of smallest to largest eigenvalue)


RESULTS IN PROBABILITY SCALE

                    Estimate

Latent Class 1 (1)

 SCGHQA_5
    Category 1         0.026
    Category 2         0.777
    Category 3         0.168
    Category 4         0.028
 SCGHQA_6
    Category 1         0.028
    Category 2         0.800
    Category 3         0.149
    Category 4         0.023
 SCGHQA_7
    Category 1         0.029
    Category 2         0.811
    Category 3         0.140
    Category 4         0.020
 SCGHQA_8
    Category 1         0.028
    Category 2         0.798
    Category 3         0.151
    Category 4         0.023
 SCGHQA_10
    Category 1         0.029
    Category 2         0.814
    Category 3         0.137
    Category 4         0.019

Latent Class 2 (2)

 SCGHQA_5
    Category 1         0.020
    Category 2         0.808
    Category 3         0.151
    Category 4         0.020
 SCGHQA_6
    Category 1         0.026
    Category 2         0.811
    Category 3         0.142
    Category 4         0.020
 SCGHQA_7
    Category 1         0.030
    Category 2         0.812
    Category 3         0.138
    Category 4         0.020
 SCGHQA_8
    Category 1         0.026
    Category 2         0.811
    Category 3         0.143
    Category 4         0.020
 SCGHQA_10
    Category 1         0.032
    Category 2         0.812
    Category 3         0.137
    Category 4         0.020


LATENT CLASS INDICATOR ODDS RATIOS FOR THE LATENT CLASSES

                                                95% C.I.
                    Estimate       S.E.  Lower 2.5% Upper 2.5%

Latent Class 1 Compared to Latent Class 2

 SCGHQA_5
    Category > 1       1.000      0.000      1.000      1.000
    Category > 2       1.000      0.000      1.000      1.000
    Category > 3       1.000      0.000      1.000      1.000
 SCGHQA_6
    Category > 1       1.000      0.000      1.000      1.000
    Category > 2       1.000      0.000      1.000      1.000
    Category > 3       1.000      0.000      1.000      1.000
 SCGHQA_7
    Category > 1       1.000      0.000      1.000      1.000
    Category > 2       1.000      0.000      1.000      1.000
    Category > 3       1.000      0.000      1.000      1.000
 SCGHQA_8
    Category > 1       1.000      0.000      1.000      1.000
    Category > 2       1.000      0.000      1.000      1.000
    Category > 3       1.000      0.000      1.000      1.000
 SCGHQA_1
    Category > 1       1.000      0.000      1.000      1.000
    Category > 2       1.000      0.000      1.000      1.000
    Category > 3       1.000      0.000      1.000      1.000


STANDARDIZED MODEL RESULTS


STDYX Standardization

                                                    Two-Tailed
                    Estimate       S.E.  Est./S.E.    P-Value

Latent Class 1 (1)

 I        |
    SCGHQA_5           0.590      0.077      7.614      0.000
    SCGHQA_6           0.602      0.120      5.016      0.000
    SCGHQA_7           0.608      0.129      4.723      0.000
    SCGHQA_8           0.601      0.104      5.763      0.000
    SCGHQA_10          0.609      0.134      4.550      0.000

 S        |
    SCGHQA_5           0.000      0.000    999.000    999.000
    SCGHQA_6           0.063      0.095      0.670      0.503
    SCGHQA_7           0.096      0.045      2.132      0.033
    SCGHQA_8           0.058      0.062      0.925      0.355
    SCGHQA_10          0.106      0.077      1.383      0.167

 S        WITH
    I                 -0.608      1.390     -0.438      0.662

 Means
    I                  0.022      0.096      0.230      0.818
    S                 -1.135      1.375     -0.826      0.409

 Thresholds
    SCGHQA_5$1        -1.945      0.170    -11.420      0.000
    SCGHQA_5$2         0.834      0.074     11.292      0.000
    SCGHQA_5$3         1.937      0.136     14.274      0.000
    SCGHQA_6$1        -1.986      0.083    -23.819      0.000
    SCGHQA_6$2         0.851      0.086      9.948      0.000
    SCGHQA_6$3         1.977      0.119     16.571      0.000
    SCGHQA_7$1        -2.004      0.096    -20.848      0.000
    SCGHQA_7$2         0.859      0.089      9.688      0.000
    SCGHQA_7$3         1.995      0.130     15.359      0.000
    SCGHQA_8$1        -1.983      0.115    -17.314      0.000
    SCGHQA_8$2         0.850      0.070     12.113      0.000
    SCGHQA_8$3         1.974      0.098     20.225      0.000
    SCGHQA_1$1        -2.010      0.088    -22.784      0.000
    SCGHQA_1$2         0.862      0.097      8.837      0.000
    SCGHQA_1$3         2.001      0.146     13.672      0.000

 Variances
    I                  1.000      0.000    999.000    999.000
    S                  1.000      0.000    999.000    999.000

Latent Class 2 (2)

 I        |
    SCGHQA_5           0.489      0.052      9.359      0.000
    SCGHQA_6           0.472      0.065      7.300      0.000
    SCGHQA_7           0.464      0.054      8.538      0.000
    SCGHQA_8           0.474      0.058      8.115      0.000
    SCGHQA_10          0.462      0.057      8.082      0.000

 S        |
    SCGHQA_5           0.000      0.000    999.000    999.000
    SCGHQA_6           0.065      0.094      0.691      0.489
    SCGHQA_7           0.095      0.043      2.232      0.026
    SCGHQA_8           0.059      0.062      0.950      0.342
    SCGHQA_10          0.105      0.073      1.449      0.147

 S        WITH
    I                  0.998      0.002    420.649      0.000

 Means
    I                  0.000      0.000    999.000    999.000
    S                 -1.135      1.375     -0.826      0.409

 Thresholds
    SCGHQA_5$1        -2.102      0.111    -18.865      0.000
    SCGHQA_5$2         0.901      0.087     10.346      0.000
    SCGHQA_5$3         2.092      0.123     17.020      0.000
    SCGHQA_6$1        -2.032      0.140    -14.462      0.000
    SCGHQA_6$2         0.871      0.069     12.551      0.000
    SCGHQA_6$3         2.023      0.105     19.177      0.000
    SCGHQA_7$1        -1.997      0.101    -19.856      0.000
    SCGHQA_7$2         0.856      0.082     10.390      0.000
    SCGHQA_7$3         1.988      0.116     17.205      0.000
    SCGHQA_8$1        -2.038      0.086    -23.577      0.000
    SCGHQA_8$2         0.874      0.092      9.451      0.000
    SCGHQA_8$3         2.029      0.131     15.456      0.000
    SCGHQA_1$1        -1.985      0.122    -16.203      0.000
    SCGHQA_1$2         0.851      0.073     11.713      0.000
    SCGHQA_1$3         1.976      0.103     19.158      0.000

 Variances
    I                  1.000      0.000    999.000    999.000
    S                  1.000      0.000    999.000    999.000


R-SQUARE

Class 1

    Observed                                        Two-Tailed
    Variable        Estimate       S.E.  Est./S.E.    P-Value

    SCGHQA_5           0.348      0.091      3.807      0.000
    SCGHQA_6           0.320      0.049      6.504      0.000
    SCGHQA_7           0.308      0.064      4.790      0.000
    SCGHQA_8           0.322      0.053      6.141      0.000
    SCGHQA_1           0.304      0.065      4.689      0.000

Class 2

    Observed                                        Two-Tailed
    Variable        Estimate       S.E.  Est./S.E.    P-Value

    SCGHQA_5           0.239      0.051      4.680      0.000
    SCGHQA_6           0.289      0.066      4.348      0.000
    SCGHQA_7           0.313      0.045      6.884      0.000
    SCGHQA_8           0.284      0.053      5.365      0.000
    SCGHQA_1           0.321      0.064      4.998      0.000


     Beginning Time:  20:12:43
        Ending Time:  20:20:19
       Elapsed Time:  00:07:36



MUTHEN & MUTHEN
3463 Stoner Ave.
Los Angeles, CA  90066

Tel: (310) 391-9971
Fax: (310) 391-8971
Web: www.StatModel.com
Support: Support@StatModel.com

Copyright (c) 1998-2021 Muthen & Muthen
