Mplus VERSION 8.7
MUTHEN & MUTHEN
11/05/2021   9:25 AM

INPUT INSTRUCTIONS

  TITLE: Your title goes here

   DATA: FILE = flex_time/data.dta;

   VARIABLE:

   NAMES = pidp gridmode mm hidp_5 hidp_6 hidp_7 hidp_8 hidp_9 hidp_10 indmode_5
       indmode_6 indmode_7 indmode_8 indmode_9 indmode_10 mode_type_all mode_type_no9
       mode_type_567 mode_type_7 all no9 p567 p7 switch_all switch_no9 switch_567
       switch_7 lkmove_5 xpmove_5 caruse_5 mobuse_5 netpuse_5 aidxhh_5 jbhas_5 j2has_5
       finnow_5 finfut_5 howlng_5 vote1_5 vote6_5 scsf1_5 scsf2a_5 scsf2b_5 scsf3a_5
       scsf3b_5 scsf4a_5 scsf4b_5 scsf5_5 scsf6a_5 scsf6b_5 scsf6c_5 scsf7_5 scghqa_5
       scghqb_5 scghqc_5 scghqd_5 scghqe_5 scghqf_5 scghqg_5 scghqh_5 scghqi_5
       scghqj_5 scghqk_5 scghql_5 lkmove_6 xpmove_6 caruse_6 mobuse_6 netpuse_6
       aidxhh_6 jbhas_6 j2has_6 finnow_6 finfut_6 howlng_6 vote1_6 vote6_6 scsf1_6
       scsf2a_6 scsf2b_6 scsf3a_6 scsf3b_6 scsf4a_6 scsf4b_6 scsf5_6 scsf6a_6 scsf6b_6
       scsf6c_6 scsf7_6 scghqa_6 scghqb_6 scghqc_6 scghqd_6 scghqe_6 scghqf_6 scghqg_6
       scghqh_6 scghqi_6 scghqj_6 scghqk_6 scghql_6 lkmove_7 xpmove_7 caruse_7
       mobuse_7 netpuse_7 smoker_7 aidxhh_7 jbhas_7 jbterm1_7 jbsemp_7 j2has_7
       fiyrdia_7 finnow_7 finfut_7 howlng_7 vote1_7 vote6_7 scsf2a_7 scsf2b_7 scsf3a_7
       scsf3b_7 scsf4a_7 scsf4b_7 scsf5_7 scsf6a_7 scsf6b_7 scsf6c_7 scsf7_7 scghqa_7
       scghqb_7 scghqc_7 scghqd_7 scghqe_7 scghqf_7 scghqg_7 scghqh_7 scghqi_7
       scghqj_7 scghqk_7 scghql_7 scsf1_7 lkmove_8 xpmove_8 caruse_8 mobuse_8
       netpuse_8 smoker_8 aidxhh_8 jbhas_8 jbterm1_8 jbsemp_8 j2has_8 fiyrdia_8
       finnow_8 finfut_8 scsf2a_8 scsf2b_8 scsf3a_8 scsf3b_8 scsf4a_8 scsf4b_8 scsf5_8
       scsf6a_8 scsf6b_8 scsf6c_8 scsf7_8 scghqa_8 scghqb_8 scghqc_8 scghqd_8 scghqe_8
       scghqf_8 scghqg_8 scghqh_8 scghqi_8 scghqj_8 scghqk_8 scghql_8 scsf1_8 mobuse_9
       netpuse_9 smoker_9 jbhas_9 jbterm1_9 jbsemp_9 j2has_9 fiyrdia_9 finnow_9
       finfut_9 lkmove_10 xpmove_10 mobuse_10 netpuse_10 smoker_10 aidxhh_10 jbhas_10
       jbterm1_10 jbsemp_10 j2has_10 fiyrdia_10 finnow_10 finfut_10 scsf1_10 scsf2a_10
       scsf2b_10 scsf3a_10 scsf3b_10 scsf4a_10 scsf4b_10 scsf5_10 scsf6a_10 scsf6b_10
       scsf6c_10 scsf7_10 scghqa_10 scghqb_10 scghqc_10 scghqd_10 scghqe_10 scghqf_10
       scghqg_10 scghqh_10 scghqi_10 scghqj_10 scghqk_10 scghql_10 edu agecat female
       partner sf1 longill london north urban refresh Higher A level GCSE Other age_35
       age_55 age_75 age_102 pred_all pred_no9 pred_p567 pred_p7 pred_all_w pred_no9_w
       pred_p567_w pred_p7_w;

   MISSING=.;

   USEVARIABLES ARE
   scghqi_5
   scghqi_6
   scghqi_7
   scghqi_8
   scghqi_10;

   CATEGORICAL ARE
   scghqi_5
   scghqi_6
   scghqi_7
   scghqi_8
   scghqi_10;
   CLASSES = c(2);

    KNOWNCLASS = c(mm= 1 2);

   ANALYSIS:


      TYPE = MIXTURE;

      ESTIMATOR = MLR;

      ALGORITHM = INTEGRATION;

      Processors = 8(starts);

      STARTS = 800 200;

   Model:


      %OVERALL%

  i s | scghqi_5@0 scghqi_6 scghqi_7 scghqi_8 scghqi_10@1;
   %c#1%
  [s] ;
   s ;
   s WITH i ;
   i ;

   %c#2%
  [s] ;
   s ;
   s WITH i ;
   i ;

   OUTPUT: SAMPSTAT;

                                  STDYX;




*** WARNING in VARIABLE command
  Note that only the first 8 characters of variable names are used in the output.
  Shorten variable names to avoid any confusion.
*** WARNING
  Data set contains unknown or missing values for variable MM.
  This variable is used to determine the KNOWNCLASS specification.
  Number of such cases:  458
*** WARNING
  Data set contains cases with missing on all variables.
  These cases were not included in the analysis.
  Number of cases with missing on all variables:  165
   3 WARNING(S) FOUND IN THE INPUT INSTRUCTIONS



Your title goes here

SUMMARY OF ANALYSIS

Number of groups                                                 1
Number of observations                                        1434

Number of dependent variables                                    5
Number of independent variables                                  0
Number of continuous latent variables                            2
Number of categorical latent variables                           1

Observed dependent variables

  Binary and ordered categorical (ordinal)
   SCGHQI_5    SCGHQI_6    SCGHQI_7    SCGHQI_8    SCGHQI_1

Continuous latent variables
   I           S

Categorical latent variables
   C

  Knownclass            C


Estimator                                                      MLR
Information matrix                                        OBSERVED
Optimization Specifications for the Quasi-Newton Algorithm for
Continuous Outcomes
  Maximum number of iterations                                 100
  Convergence criterion                                  0.100D-05
Optimization Specifications for the EM Algorithm
  Maximum number of iterations                                 500
  Convergence criteria
    Loglikelihood change                                 0.100D-02
    Relative loglikelihood change                        0.100D-05
    Derivative                                           0.100D-02
Optimization Specifications for the M step of the EM Algorithm for
Categorical Latent variables
  Number of M step iterations                                    1
  M step convergence criterion                           0.100D-02
  Basis for M step termination                           ITERATION
Optimization Specifications for the M step of the EM Algorithm for
Censored, Binary or Ordered Categorical (Ordinal), Unordered
Categorical (Nominal) and Count Outcomes
  Number of M step iterations                                    1
  M step convergence criterion                           0.100D-02
  Basis for M step termination                           ITERATION
  Maximum value for logit thresholds                            15
  Minimum value for logit thresholds                           -15
  Minimum expected cell size for chi-square              0.100D-01
Maximum number of iterations for H1                           2000
Convergence criterion for H1                             0.100D-03
Optimization algorithm                                         EMA
Integration Specifications
  Type                                                    STANDARD
  Number of integration points                                  15
  Dimensions of numerical integration                            2
  Adaptive quadrature                                           ON
Random Starts Specifications
  Number of initial stage random starts                        800
  Number of final stage optimizations                          200
  Number of initial stage iterations                            10
  Initial stage convergence criterion                    0.100D+01
  Random starts scale                                    0.500D+01
  Random seed for generating random starts                       0
Link                                                         LOGIT
Cholesky                                                        ON

Input data file(s)
  flex_time/data.dta
Input data format  FREE


SUMMARY OF DATA

     Number of missing data patterns            31
     Number of y missing data patterns           0
     Number of u missing data patterns          31


COVARIANCE COVERAGE OF DATA

Minimum covariance coverage value   0.100


     PROPORTION OF DATA PRESENT FOR U


           Covariance Coverage
              SCGHQI_5      SCGHQI_6      SCGHQI_7      SCGHQI_8      SCGHQI_1
              ________      ________      ________      ________      ________
 SCGHQI_5       0.497
 SCGHQI_6       0.377         0.589
 SCGHQI_7       0.341         0.436         0.647
 SCGHQI_8       0.324         0.420         0.503         0.635
 SCGHQI_1       0.288         0.370         0.433         0.478         0.585


UNIVARIATE PROPORTIONS AND COUNTS FOR CATEGORICAL VARIABLES

    SCGHQI_5
      Category 1    0.365          260.000
      Category 2    0.443          316.000
      Category 3    0.151          108.000
      Category 4    0.041           29.000
    SCGHQI_6
      Category 1    0.346          292.000
      Category 2    0.431          364.000
      Category 3    0.197          166.000
      Category 4    0.026           22.000
    SCGHQI_7
      Category 1    0.408          379.000
      Category 2    0.438          406.000
      Category 3    0.120          111.000
      Category 4    0.034           32.000
    SCGHQI_8
      Category 1    0.421          383.000
      Category 2    0.410          373.000
      Category 3    0.138          126.000
      Category 4    0.031           28.000
    SCGHQI_1
      Category 1    0.368          309.000
      Category 2    0.437          367.000
      Category 3    0.143          120.000
      Category 4    0.051           43.000


SAMPLE STATISTICS

RANDOM STARTS RESULTS RANKED FROM THE BEST TO THE WORST LOGLIKELIHOOD VALUES

Final stage loglikelihood values at local maxima, seeds, and initial stage start numbers:

           -5357.769  62835            642
           -5357.769  327475           518
           -5357.769  937588           293
           -5357.769  635245           121
           -5357.770  939870           655
           -5357.770  903420           5
           -5357.771  281558           184
           -5357.771  790452           303
           -5357.771  237332           661
           -5357.771  154575           539
           -5357.771  65651            214
           -5357.772  610181           711
           -5357.772  800454           751
           -5357.772  732596           320
           -5357.772  793035           187
           -5357.773  443917           60
           -5357.773  562716           300
           -5357.775  717754           180
           -5357.775  488125           368
           -5357.777  404510           442
           -5357.779  971853           402
           -5357.780  354208           196
           -5357.781  798839           312
           -5357.781  836066           372
           -5357.782  298275           418
           -5357.782  455617           242
           -5357.782  415502           194
           -5357.782  686384           690
           -5357.782  456213           160
           -5357.782  922042           492
           -5357.782  512403           719
           -5357.783  724519           333
           -5357.783  215353           164
           -5357.783  194143           510
           -5357.784  276102           599
           -5357.784  838615           677
           -5357.784  520865           763
           -5357.785  863094           147
           -5357.786  857799           315
           -5357.787  130011           587
           -5357.787  137377           397
           -5357.788  399671           13
           -5357.788  112586           494
           -5357.789  391179           78
           -5357.789  414828           322
           -5357.789  475420           71
           -5357.790  252949           487
           -5357.791  485256           371
           -5357.791  73576            213
           -5357.792  926797           406
           -5357.792  204959           695
           -5357.792  576220           115
           -5357.792  370481           742
           -5357.793  930872           277
           -5357.793  856536           144
           -5357.794  958107           790
           -5357.794  486646           586
           -5357.794  688839           273
           -5357.795  92091            649
           -5357.795  641794           591
           -5357.797  741484           441
           -5357.798  549244           756
           -5357.798  596257           405
           -5357.801  655497           376
           -5357.801  481835           57
           -5357.805  640833           434
           -5357.806  992389           77
           -5357.806  951709           348
           -5357.807  937225           394
           -5357.807  761633           50
           -5357.812  351622           551
           -5357.812  496703           758
           -5357.815  168762           200
           -5357.815  181293           212
           -5357.816  121425           511
           -5357.816  978781           497
           -5357.816  117391           710
           -5357.818  622860           259
           -5357.819  7195             697
           -5357.823  282464           283
           -5357.825  146900           391
           -5357.831  793487           595
           -5357.833  738393           619
           -5357.835  614535           449
           -5357.840  846194           93
           -5357.842  644297           340
           -5357.843  900631           774
           -5357.846  97300            640
           -5357.850  371246           101
           -5357.851  58507            793
           -5357.851  659773           663
           -5357.851  547702           767
           -5357.857  284716           713
           -5357.858  777045           377
           -5357.863  965639           463
           -5357.864  606576           151
           -5357.867  805935           615
           -5357.869  608460           244
           -5357.875  696830           668
           -5357.875  383979           603
           -5357.877  318177           748
           -5357.878  150531           154
           -5357.883  438144           271
           -5357.918  437181           135
           -5358.645  358074           560
           -5359.206  915107           54
           -5362.926  920593           611
           -5362.926  910224           580
           -5362.926  107446           12
           -5362.926  937885           426
           -5362.926  871851           257
           -5362.926  192071           142
           -5362.926  106561           686
           -5362.926  348637           749
           -5362.926  545140           278
           -5362.927  618760           489
           -5362.927  349562           359
           -5362.927  783110           72
           -5362.927  533738           11
           -5362.927  85462            51
           -5362.927  17896            592
           -5362.927  279850           555
           -5362.927  804561           59
           -5362.927  407168           44
           -5362.928  373505           88
           -5362.928  616917           261
           -5362.929  350608           334
           -5362.929  72866            692
           -5362.930  163110           584
           -5362.930  502157           799
           -5362.930  534483           290
           -5362.930  953843           651
           -5362.932  231281           542
           -5362.933  351807           617
           -5362.933  604861           800
           -5362.935  399848           220
           -5362.935  647617           725
           -5362.937  631413           439
           -5362.937  88437            761
           -5362.938  810705           626
           -5362.939  840078           203
           -5362.940  113138           585
           -5362.941  137305           379
           -5362.942  109357           765
           -5362.944  939021           8
           -5362.945  608849           224
           -5362.948  195873           6
           -5362.952  692169           308
           -5362.954  614009           317
           -5362.961  570782           193
           -5362.962  674171           195
           -5362.965  760531           550
           -5362.967  802682           419
           -5362.974  117731           570
           -5363.020  922596           456
           -5363.045  699834           723
           -5363.059  848890           95
           -5363.064  700349           401

Unperturbed starting value run did not converge or was rejected in the third stage.

41 perturbed starting value run(s) did not converge or were rejected in the third stage.



THE BEST LOGLIKELIHOOD VALUE HAS BEEN REPLICATED.  RERUN WITH AT LEAST TWICE THE
RANDOM STARTS TO CHECK THAT THE BEST LOGLIKELIHOOD IS STILL OBTAINED AND REPLICATED.


THE MODEL ESTIMATION TERMINATED NORMALLY



MODEL FIT INFORMATION

Number of Free Parameters                       16

Loglikelihood

          H0 Value                       -5357.769
          H0 Scaling Correction Factor      0.8471
            for MLR

Information Criteria

          Akaike (AIC)                   10747.538
          Bayesian (BIC)                 10831.829
          Sample-Size Adjusted BIC       10781.003
            (n* = (n + 2) / 24)

Chi-Square Test of Model Fit for the Binary and Ordered Categorical
(Ordinal) Outcomes**

          Pearson Chi-Square

          Value                           2506.470
          Degrees of Freedom                  2026
          P-Value                           0.0000

          Likelihood Ratio Chi-Square

          Value                            672.908
          Degrees of Freedom                  2026
          P-Value                           1.0000

** Of the 3124 cells in the latent class indicator table, 3
   were deleted in the calculation of chi-square due to extreme values.

Chi-Square Test for MCAR under the Unrestricted Latent Class Indicator Model

          Pearson Chi-Square

          Value                           1547.882
          Degrees of Freedom                  4139
          P-Value                           1.0000

          Likelihood Ratio Chi-Square

          Value                           1156.613
          Degrees of Freedom                  4139
          P-Value                           1.0000



FINAL CLASS COUNTS AND PROPORTIONS FOR THE LATENT CLASSES
BASED ON THE ESTIMATED MODEL

    Latent
   Classes

       1        841.00000          0.58647
       2        593.00000          0.41353


MODEL RESULTS

                                                    Two-Tailed
                    Estimate       S.E.  Est./S.E.    P-Value

Latent Class 1 (1)

 I        |
    SCGHQI_5           1.000      0.000    999.000    999.000
    SCGHQI_6           1.000      0.000    999.000    999.000
    SCGHQI_7           1.000      0.000    999.000    999.000
    SCGHQI_8           1.000      0.000    999.000    999.000
    SCGHQI_10          1.000      0.000    999.000    999.000

 S        |
    SCGHQI_5           0.000      0.000    999.000    999.000
    SCGHQI_6           5.195      7.958      0.653      0.514
    SCGHQI_7         -23.759     11.155     -2.130      0.033
    SCGHQI_8         -24.331     11.103     -2.191      0.028
    SCGHQI_10          1.000      0.000    999.000    999.000

 S        WITH
    I                 -0.004      0.009     -0.399      0.690

 Means
    I                  0.103      0.136      0.761      0.447
    S                  0.015      0.006      2.308      0.021

 Thresholds
    SCGHQI_5$1        -0.837      0.123     -6.812      0.000
    SCGHQI_5$2         2.157      0.132     16.302      0.000
    SCGHQI_5$3         4.494      0.169     26.568      0.000
    SCGHQI_6$1        -0.837      0.123     -6.812      0.000
    SCGHQI_6$2         2.157      0.132     16.302      0.000
    SCGHQI_6$3         4.494      0.169     26.568      0.000
    SCGHQI_7$1        -0.837      0.123     -6.812      0.000
    SCGHQI_7$2         2.157      0.132     16.302      0.000
    SCGHQI_7$3         4.494      0.169     26.568      0.000
    SCGHQI_8$1        -0.837      0.123     -6.812      0.000
    SCGHQI_8$2         2.157      0.132     16.302      0.000
    SCGHQI_8$3         4.494      0.169     26.568      0.000
    SCGHQI_1$1        -0.837      0.123     -6.812      0.000
    SCGHQI_1$2         2.157      0.132     16.302      0.000
    SCGHQI_1$3         4.494      0.169     26.568      0.000

 Variances
    I                  3.631      0.372      9.756      0.000
    S                  0.000      0.000      0.200      0.842

Latent Class 2 (2)

 I        |
    SCGHQI_5           1.000      0.000    999.000    999.000
    SCGHQI_6           1.000      0.000    999.000    999.000
    SCGHQI_7           1.000      0.000    999.000    999.000
    SCGHQI_8           1.000      0.000    999.000    999.000
    SCGHQI_10          1.000      0.000    999.000    999.000

 S        |
    SCGHQI_5           0.000      0.000    999.000    999.000
    SCGHQI_6           5.195      7.958      0.653      0.514
    SCGHQI_7         -23.759     11.155     -2.130      0.033
    SCGHQI_8         -24.331     11.103     -2.191      0.028
    SCGHQI_10          1.000      0.000    999.000    999.000

 S        WITH
    I                 -0.015      0.012     -1.255      0.210

 Means
    I                  0.000      0.000    999.000    999.000
    S                  0.018      0.010      1.875      0.061

 Thresholds
    SCGHQI_5$1        -0.837      0.123     -6.812      0.000
    SCGHQI_5$2         2.157      0.132     16.302      0.000
    SCGHQI_5$3         4.494      0.169     26.568      0.000
    SCGHQI_6$1        -0.837      0.123     -6.812      0.000
    SCGHQI_6$2         2.157      0.132     16.302      0.000
    SCGHQI_6$3         4.494      0.169     26.568      0.000
    SCGHQI_7$1        -0.837      0.123     -6.812      0.000
    SCGHQI_7$2         2.157      0.132     16.302      0.000
    SCGHQI_7$3         4.494      0.169     26.568      0.000
    SCGHQI_8$1        -0.837      0.123     -6.812      0.000
    SCGHQI_8$2         2.157      0.132     16.302      0.000
    SCGHQI_8$3         4.494      0.169     26.568      0.000
    SCGHQI_1$1        -0.837      0.123     -6.812      0.000
    SCGHQI_1$2         2.157      0.132     16.302      0.000
    SCGHQI_1$3         4.494      0.169     26.568      0.000

 Variances
    I                  2.803      0.438      6.392      0.000
    S                  0.000      0.000      0.603      0.547

Categorical Latent Variables

 Means
    C#1                0.349      0.054      6.516      0.000


QUALITY OF NUMERICAL RESULTS

     Condition Number for the Information Matrix              0.151E-09
       (ratio of smallest to largest eigenvalue)


RESULTS IN PROBABILITY SCALE

                    Estimate

Latent Class 1 (1)

 SCGHQI_5
    Category 1         0.357
    Category 2         0.431
    Category 3         0.165
    Category 4         0.047
 SCGHQI_6
    Category 1         0.345
    Category 2         0.434
    Category 3         0.171
    Category 4         0.049
 SCGHQI_7
    Category 1         0.411
    Category 2         0.411
    Category 3         0.141
    Category 4         0.037
 SCGHQI_8
    Category 1         0.412
    Category 2         0.410
    Category 3         0.140
    Category 4         0.037
 SCGHQI_10
    Category 1         0.355
    Category 2         0.432
    Category 3         0.167
    Category 4         0.047

Latent Class 2 (2)

 SCGHQI_5
    Category 1         0.363
    Category 2         0.452
    Category 3         0.150
    Category 4         0.034
 SCGHQI_6
    Category 1         0.346
    Category 2         0.462
    Category 3         0.156
    Category 4         0.036
 SCGHQI_7
    Category 1         0.436
    Category 2         0.407
    Category 3         0.126
    Category 4         0.030
 SCGHQI_8
    Category 1         0.438
    Category 2         0.406
    Category 3         0.126
    Category 4         0.030
 SCGHQI_10
    Category 1         0.360
    Category 2         0.454
    Category 3         0.151
    Category 4         0.035


STANDARDIZED MODEL RESULTS


STDYX Standardization

                                                    Two-Tailed
                    Estimate       S.E.  Est./S.E.    P-Value

Latent Class 1 (1)

 I        |
    SCGHQI_5           0.724      0.018     41.043      0.000
    SCGHQI_6           0.726      0.017     42.191      0.000
    SCGHQI_7           0.715      0.031     22.802      0.000
    SCGHQI_8           0.715      0.032     22.677      0.000
    SCGHQI_10          0.725      0.017     41.635      0.000

 S        |
    SCGHQI_5           0.000      0.000    999.000    999.000
    SCGHQI_6           0.004      0.013      0.300      0.764
    SCGHQI_7          -0.017      0.041     -0.420      0.675
    SCGHQI_8          -0.017      0.041     -0.426      0.670
    SCGHQI_10          0.001      0.002      0.398      0.690

 S        WITH
    I                 -0.996      0.020    -49.606      0.000

 Means
    I                  0.054      0.072      0.757      0.449
    S                  7.829     18.562      0.422      0.673

 Thresholds
    SCGHQI_5$1        -0.318      0.046     -6.912      0.000
    SCGHQI_5$2         0.820      0.052     15.733      0.000
    SCGHQI_5$3         1.708      0.071     24.204      0.000
    SCGHQI_6$1        -0.319      0.045     -7.049      0.000
    SCGHQI_6$2         0.822      0.056     14.675      0.000
    SCGHQI_6$3         1.713      0.079     21.691      0.000
    SCGHQI_7$1        -0.314      0.048     -6.559      0.000
    SCGHQI_7$2         0.810      0.050     16.306      0.000
    SCGHQI_7$3         1.687      0.071     23.726      0.000
    SCGHQI_8$1        -0.314      0.048     -6.568      0.000
    SCGHQI_8$2         0.810      0.050     16.209      0.000
    SCGHQI_8$3         1.687      0.072     23.520      0.000
    SCGHQI_1$1        -0.318      0.046     -6.922      0.000
    SCGHQI_1$2         0.820      0.052     15.630      0.000
    SCGHQI_1$3         1.709      0.071     23.941      0.000

 Variances
    I                  1.000      0.000    999.000    999.000
    S                  1.000      0.000    999.000    999.000

Latent Class 2 (2)

 I        |
    SCGHQI_5           0.678      0.029     23.676      0.000
    SCGHQI_6           0.687      0.033     20.975      0.000
    SCGHQI_7           0.640      0.048     13.366      0.000
    SCGHQI_8           0.639      0.049     12.939      0.000
    SCGHQI_10          0.680      0.028     24.146      0.000

 S        |
    SCGHQI_5           0.000      0.000    999.000    999.000
    SCGHQI_6           0.019      0.023      0.814      0.416
    SCGHQI_7          -0.081      0.059     -1.360      0.174
    SCGHQI_8          -0.083      0.063     -1.312      0.189
    SCGHQI_10          0.004      0.003      1.180      0.238

 S        WITH
    I                 -0.995      0.053    -18.876      0.000

 Means
    I                  0.000      0.000    999.000    999.000
    S                  2.024      1.268      1.596      0.110

 Thresholds
    SCGHQI_5$1        -0.339      0.054     -6.313      0.000
    SCGHQI_5$2         0.874      0.048     18.197      0.000
    SCGHQI_5$3         1.821      0.068     26.600      0.000
    SCGHQI_6$1        -0.344      0.052     -6.559      0.000
    SCGHQI_6$2         0.885      0.054     16.260      0.000
    SCGHQI_6$3         1.844      0.079     23.350      0.000
    SCGHQI_7$1        -0.320      0.047     -6.858      0.000
    SCGHQI_7$2         0.825      0.059     14.036      0.000
    SCGHQI_7$3         1.718      0.090     19.186      0.000
    SCGHQI_8$1        -0.320      0.046     -6.943      0.000
    SCGHQI_8$2         0.824      0.061     13.501      0.000
    SCGHQI_8$3         1.716      0.094     18.241      0.000
    SCGHQI_1$1        -0.340      0.054     -6.285      0.000
    SCGHQI_1$2         0.876      0.048     18.198      0.000
    SCGHQI_1$3         1.825      0.069     26.345      0.000

 Variances
    I                  1.000      0.000    999.000    999.000
    S                  1.000      0.000    999.000    999.000


R-SQUARE

Class 1

    Observed                                        Two-Tailed
    Variable        Estimate       S.E.  Est./S.E.    P-Value

    SCGHQI_5           0.525      0.026     20.522      0.000
    SCGHQI_6           0.522      0.029     17.892      0.000
    SCGHQI_7           0.536      0.032     16.964      0.000
    SCGHQI_8           0.537      0.032     16.861      0.000
    SCGHQI_1           0.524      0.026     20.174      0.000

Class 2

    Observed                                        Two-Tailed
    Variable        Estimate       S.E.  Est./S.E.    P-Value

    SCGHQI_5           0.460      0.039     11.838      0.000
    SCGHQI_6           0.446      0.040     11.095      0.000
    SCGHQI_7           0.519      0.039     13.240      0.000
    SCGHQI_8           0.520      0.041     12.723      0.000
    SCGHQI_1           0.457      0.040     11.426      0.000


     Beginning Time:  09:25:04
        Ending Time:  09:43:05
       Elapsed Time:  00:18:01



MUTHEN & MUTHEN
3463 Stoner Ave.
Los Angeles, CA  90066

Tel: (310) 391-9971
Fax: (310) 391-8971
Web: www.StatModel.com
Support: Support@StatModel.com

Copyright (c) 1998-2021 Muthen & Muthen
