Mplus VERSION 8.7
MUTHEN & MUTHEN
11/05/2021   1:09 PM

INPUT INSTRUCTIONS

  TITLE: Your title goes here

   DATA: FILE = flex_time/data.dta;

   VARIABLE:

   NAMES = pidp gridmode mm hidp_5 hidp_6 hidp_7 hidp_8 hidp_9 hidp_10 indmode_5
       indmode_6 indmode_7 indmode_8 indmode_9 indmode_10 mode_type_all mode_type_no9
       mode_type_567 mode_type_7 all no9 p567 p7 switch_all switch_no9 switch_567
       switch_7 lkmove_5 xpmove_5 caruse_5 mobuse_5 netpuse_5 aidxhh_5 jbhas_5 j2has_5
       finnow_5 finfut_5 howlng_5 vote1_5 vote6_5 scsf1_5 scsf2a_5 scsf2b_5 scsf3a_5
       scsf3b_5 scsf4a_5 scsf4b_5 scsf5_5 scsf6a_5 scsf6b_5 scsf6c_5 scsf7_5 scghqa_5
       scghqb_5 scghqc_5 scghqd_5 scghqe_5 scghqf_5 scghqg_5 scghqh_5 scghqi_5
       scghqj_5 scghqk_5 scghql_5 lkmove_6 xpmove_6 caruse_6 mobuse_6 netpuse_6
       aidxhh_6 jbhas_6 j2has_6 finnow_6 finfut_6 howlng_6 vote1_6 vote6_6 scsf1_6
       scsf2a_6 scsf2b_6 scsf3a_6 scsf3b_6 scsf4a_6 scsf4b_6 scsf5_6 scsf6a_6 scsf6b_6
       scsf6c_6 scsf7_6 scghqa_6 scghqb_6 scghqc_6 scghqd_6 scghqe_6 scghqf_6 scghqg_6
       scghqh_6 scghqi_6 scghqj_6 scghqk_6 scghql_6 lkmove_7 xpmove_7 caruse_7
       mobuse_7 netpuse_7 smoker_7 aidxhh_7 jbhas_7 jbterm1_7 jbsemp_7 j2has_7
       fiyrdia_7 finnow_7 finfut_7 howlng_7 vote1_7 vote6_7 scsf2a_7 scsf2b_7 scsf3a_7
       scsf3b_7 scsf4a_7 scsf4b_7 scsf5_7 scsf6a_7 scsf6b_7 scsf6c_7 scsf7_7 scghqa_7
       scghqb_7 scghqc_7 scghqd_7 scghqe_7 scghqf_7 scghqg_7 scghqh_7 scghqi_7
       scghqj_7 scghqk_7 scghql_7 scsf1_7 lkmove_8 xpmove_8 caruse_8 mobuse_8
       netpuse_8 smoker_8 aidxhh_8 jbhas_8 jbterm1_8 jbsemp_8 j2has_8 fiyrdia_8
       finnow_8 finfut_8 scsf2a_8 scsf2b_8 scsf3a_8 scsf3b_8 scsf4a_8 scsf4b_8 scsf5_8
       scsf6a_8 scsf6b_8 scsf6c_8 scsf7_8 scghqa_8 scghqb_8 scghqc_8 scghqd_8 scghqe_8
       scghqf_8 scghqg_8 scghqh_8 scghqi_8 scghqj_8 scghqk_8 scghql_8 scsf1_8 mobuse_9
       netpuse_9 smoker_9 jbhas_9 jbterm1_9 jbsemp_9 j2has_9 fiyrdia_9 finnow_9
       finfut_9 lkmove_10 xpmove_10 mobuse_10 netpuse_10 smoker_10 aidxhh_10 jbhas_10
       jbterm1_10 jbsemp_10 j2has_10 fiyrdia_10 finnow_10 finfut_10 scsf1_10 scsf2a_10
       scsf2b_10 scsf3a_10 scsf3b_10 scsf4a_10 scsf4b_10 scsf5_10 scsf6a_10 scsf6b_10
       scsf6c_10 scsf7_10 scghqa_10 scghqb_10 scghqc_10 scghqd_10 scghqe_10 scghqf_10
       scghqg_10 scghqh_10 scghqi_10 scghqj_10 scghqk_10 scghql_10 edu agecat female
       partner sf1 longill london north urban refresh Higher A level GCSE Other age_35
       age_55 age_75 age_102 pred_all pred_no9 pred_p567 pred_p7 pred_all_w pred_no9_w
       pred_p567_w pred_p7_w;

   MISSING=.;

   USEVARIABLES ARE
   scghqj_5
   scghqj_6
   scghqj_7
   scghqj_8
   scghqj_10;

   CATEGORICAL ARE
   scghqj_5
   scghqj_6
   scghqj_7
   scghqj_8
   scghqj_10;
   CLASSES = c(2);

    KNOWNCLASS = c(mm= 1 2);

   ANALYSIS:


      TYPE = MIXTURE;

      ESTIMATOR = MLR;

      ALGORITHM = INTEGRATION;

      Processors = 8(starts);

      STARTS = 800 200;

   Model:


      %OVERALL%

  i s | scghqj_5@0 scghqj_6 scghqj_7 scghqj_8 scghqj_10@1;
   %c#1%
  [s] (a);
   s (b);
   s WITH i ;
   i ;

   %c#2%
  [s] (a);
   s (b);
   s WITH i ;
   i ;

   OUTPUT: SAMPSTAT;

                                  STDYX;




*** WARNING in VARIABLE command
  Note that only the first 8 characters of variable names are used in the output.
  Shorten variable names to avoid any confusion.
*** WARNING
  Data set contains unknown or missing values for variable MM.
  This variable is used to determine the KNOWNCLASS specification.
  Number of such cases:  458
*** WARNING
  Data set contains cases with missing on all variables.
  These cases were not included in the analysis.
  Number of cases with missing on all variables:  164
   3 WARNING(S) FOUND IN THE INPUT INSTRUCTIONS



Your title goes here

SUMMARY OF ANALYSIS

Number of groups                                                 1
Number of observations                                        1435

Number of dependent variables                                    5
Number of independent variables                                  0
Number of continuous latent variables                            2
Number of categorical latent variables                           1

Observed dependent variables

  Binary and ordered categorical (ordinal)
   SCGHQJ_5    SCGHQJ_6    SCGHQJ_7    SCGHQJ_8    SCGHQJ_1

Continuous latent variables
   I           S

Categorical latent variables
   C

  Knownclass            C


Estimator                                                      MLR
Information matrix                                        OBSERVED
Optimization Specifications for the Quasi-Newton Algorithm for
Continuous Outcomes
  Maximum number of iterations                                 100
  Convergence criterion                                  0.100D-05
Optimization Specifications for the EM Algorithm
  Maximum number of iterations                                 500
  Convergence criteria
    Loglikelihood change                                 0.100D-02
    Relative loglikelihood change                        0.100D-05
    Derivative                                           0.100D-02
Optimization Specifications for the M step of the EM Algorithm for
Categorical Latent variables
  Number of M step iterations                                    1
  M step convergence criterion                           0.100D-02
  Basis for M step termination                           ITERATION
Optimization Specifications for the M step of the EM Algorithm for
Censored, Binary or Ordered Categorical (Ordinal), Unordered
Categorical (Nominal) and Count Outcomes
  Number of M step iterations                                    1
  M step convergence criterion                           0.100D-02
  Basis for M step termination                           ITERATION
  Maximum value for logit thresholds                            15
  Minimum value for logit thresholds                           -15
  Minimum expected cell size for chi-square              0.100D-01
Maximum number of iterations for H1                           2000
Convergence criterion for H1                             0.100D-03
Optimization algorithm                                         EMA
Integration Specifications
  Type                                                    STANDARD
  Number of integration points                                  15
  Dimensions of numerical integration                            2
  Adaptive quadrature                                           ON
Random Starts Specifications
  Number of initial stage random starts                        800
  Number of final stage optimizations                          200
  Number of initial stage iterations                            10
  Initial stage convergence criterion                    0.100D+01
  Random starts scale                                    0.500D+01
  Random seed for generating random starts                       0
Link                                                         LOGIT
Cholesky                                                        ON

Input data file(s)
  flex_time/data.dta
Input data format  FREE


SUMMARY OF DATA

     Number of missing data patterns            31
     Number of y missing data patterns           0
     Number of u missing data patterns          31


COVARIANCE COVERAGE OF DATA

Minimum covariance coverage value   0.100


     PROPORTION OF DATA PRESENT FOR U


           Covariance Coverage
              SCGHQJ_5      SCGHQJ_6      SCGHQJ_7      SCGHQJ_8      SCGHQJ_1
              ________      ________      ________      ________      ________
 SCGHQJ_5       0.497
 SCGHQJ_6       0.376         0.589
 SCGHQJ_7       0.341         0.436         0.647
 SCGHQJ_8       0.323         0.419         0.502         0.633
 SCGHQJ_1       0.288         0.370         0.433         0.478         0.585


UNIVARIATE PROPORTIONS AND COUNTS FOR CATEGORICAL VARIABLES

    SCGHQJ_5
      Category 1    0.436          311.000
      Category 2    0.415          296.000
      Category 3    0.114           81.000
      Category 4    0.035           25.000
    SCGHQJ_6
      Category 1    0.413          349.000
      Category 2    0.424          358.000
      Category 3    0.135          114.000
      Category 4    0.028           24.000
    SCGHQJ_7
      Category 1    0.490          455.000
      Category 2    0.383          355.000
      Category 3    0.096           89.000
      Category 4    0.031           29.000
    SCGHQJ_8
      Category 1    0.480          436.000
      Category 2    0.382          347.000
      Category 3    0.112          102.000
      Category 4    0.026           24.000
    SCGHQJ_1
      Category 1    0.435          365.000
      Category 2    0.421          354.000
      Category 3    0.101           85.000
      Category 4    0.043           36.000


SAMPLE STATISTICS

RANDOM STARTS RESULTS RANKED FROM THE BEST TO THE WORST LOGLIKELIHOOD VALUES

Final stage loglikelihood values at local maxima, seeds, and initial stage start numbers:

           -5117.228  599729           658
           -5117.242  67009            564
           -5117.260  995913           787
           -5117.319  509733           130
           -5117.338  846194           93
           -5117.360  475420           71
           -5117.360  662983           666
           -5117.404  298553           773
           -5117.416  798821           423
           -5117.418  462953           7
           -5117.419  788796           145
           -5117.481  443442           380
           -5117.534  349263           263
           -5117.559  314034           513
           -5117.617  7959             256
           -5117.643  399671           13
           -5117.667  391179           78
           -5117.733  485483           498
           -5117.738  655497           376
           -5117.768  312754           562
           -5117.777  496703           758
           -5117.778  507218           613
           -5117.805  488125           368
           -5117.836  188498           258
           -5117.859  146900           391
           -5117.964  377504           294
           -5118.040  204959           695
           -5118.058  118438           601
           -5118.131  251641           784
           -5118.371  848331           137
           -5125.237  668003           647

169 perturbed starting value run(s) did not converge or were rejected in the third stage.



THE BEST LOGLIKELIHOOD VALUE HAS BEEN REPLICATED.  RERUN WITH AT LEAST TWICE THE
RANDOM STARTS TO CHECK THAT THE BEST LOGLIKELIHOOD IS STILL OBTAINED AND REPLICATED.

     ONE OR MORE PARAMETERS WERE FIXED TO AVOID SINGULARITY OF THE
     INFORMATION MATRIX. THE SINGULARITY IS MOST LIKELY BECAUSE THE
     MODEL IS NOT IDENTIFIED, OR BECAUSE OF EMPTY CELLS IN THE JOINT
     DISTRIBUTION OF THE CATEGORICAL VARIABLES IN THE MODEL.
     THE FOLLOWING PARAMETERS WERE FIXED:
     Parameter 3, %C#1%: S BY SCGHQJ_8 (equality/label)


THE MODEL ESTIMATION TERMINATED NORMALLY



MODEL FIT INFORMATION

Number of Free Parameters                       14

Loglikelihood

          H0 Value                       -5117.228
          H0 Scaling Correction Factor      0.8779
            for MLR

Information Criteria

          Akaike (AIC)                   10262.456
          Bayesian (BIC)                 10336.220
          Sample-Size Adjusted BIC       10291.747
            (n* = (n + 2) / 24)

Chi-Square Test of Model Fit for the Binary and Ordered Categorical
(Ordinal) Outcomes**

          Pearson Chi-Square

          Value                           2010.541
          Degrees of Freedom                  2017
          P-Value                           0.5370

          Likelihood Ratio Chi-Square

          Value                            483.737
          Degrees of Freedom                  2017
          P-Value                           1.0000

** Of the 3124 cells in the latent class indicator table, 12
   were deleted in the calculation of chi-square due to extreme values.

Chi-Square Test for MCAR under the Unrestricted Latent Class Indicator Model

          Pearson Chi-Square

          Value                           1499.579
          Degrees of Freedom                  4139
          P-Value                           1.0000

          Likelihood Ratio Chi-Square

          Value                           1055.753
          Degrees of Freedom                  4139
          P-Value                           1.0000



FINAL CLASS COUNTS AND PROPORTIONS FOR THE LATENT CLASSES
BASED ON THE ESTIMATED MODEL

    Latent
   Classes

       1        842.00000          0.58676
       2        593.00000          0.41324


MODEL RESULTS

                                                    Two-Tailed
                    Estimate       S.E.  Est./S.E.    P-Value

Latent Class 1 (1)

 I        |
    SCGHQJ_5           1.000      0.000    999.000    999.000
    SCGHQJ_6           1.000      0.000    999.000    999.000
    SCGHQJ_7           1.000      0.000    999.000    999.000
    SCGHQJ_8           1.000      0.000    999.000    999.000
    SCGHQJ_10          1.000      0.000    999.000    999.000

 S        |
    SCGHQJ_5           0.000      0.000    999.000    999.000
    SCGHQJ_6          -1.930      3.310     -0.583      0.560
    SCGHQJ_7          12.052      4.034      2.987      0.003
    SCGHQJ_8           9.754      0.000    999.000    999.000
    SCGHQJ_10          1.000      0.000    999.000    999.000

 S        WITH
    I                  0.000      0.025      0.008      0.994

 Means
    I                  0.191      0.136      1.403      0.161
    S                 -0.032      0.012     -2.811      0.005

 Thresholds
    SCGHQJ_5$1        -0.345      0.120     -2.882      0.004
    SCGHQJ_5$2         2.758      0.138     19.915      0.000
    SCGHQJ_5$3         4.861      0.172     28.218      0.000
    SCGHQJ_6$1        -0.345      0.120     -2.882      0.004
    SCGHQJ_6$2         2.758      0.138     19.915      0.000
    SCGHQJ_6$3         4.861      0.172     28.218      0.000
    SCGHQJ_7$1        -0.345      0.120     -2.882      0.004
    SCGHQJ_7$2         2.758      0.138     19.915      0.000
    SCGHQJ_7$3         4.861      0.172     28.218      0.000
    SCGHQJ_8$1        -0.345      0.120     -2.882      0.004
    SCGHQJ_8$2         2.758      0.138     19.915      0.000
    SCGHQJ_8$3         4.861      0.172     28.218      0.000
    SCGHQJ_1$1        -0.345      0.120     -2.882      0.004
    SCGHQJ_1$2         2.758      0.138     19.915      0.000
    SCGHQJ_1$3         4.861      0.172     28.218      0.000

 Variances
    I                  4.067      0.436      9.337      0.000
    S                  0.001      0.001      0.863      0.388

Latent Class 2 (2)

 I        |
    SCGHQJ_5           1.000      0.000    999.000    999.000
    SCGHQJ_6           1.000      0.000    999.000    999.000
    SCGHQJ_7           1.000      0.000    999.000    999.000
    SCGHQJ_8           1.000      0.000    999.000    999.000
    SCGHQJ_10          1.000      0.000    999.000    999.000

 S        |
    SCGHQJ_5           0.000      0.000    999.000    999.000
    SCGHQJ_6          -1.930      3.310     -0.583      0.560
    SCGHQJ_7          12.052      4.034      2.987      0.003
    SCGHQJ_8           9.754      0.000    999.000    999.000
    SCGHQJ_10          1.000      0.000    999.000    999.000

 S        WITH
    I                  0.050      0.027      1.834      0.067

 Means
    I                  0.000      0.000    999.000    999.000
    S                 -0.032      0.012     -2.811      0.005

 Thresholds
    SCGHQJ_5$1        -0.345      0.120     -2.882      0.004
    SCGHQJ_5$2         2.758      0.138     19.915      0.000
    SCGHQJ_5$3         4.861      0.172     28.218      0.000
    SCGHQJ_6$1        -0.345      0.120     -2.882      0.004
    SCGHQJ_6$2         2.758      0.138     19.915      0.000
    SCGHQJ_6$3         4.861      0.172     28.218      0.000
    SCGHQJ_7$1        -0.345      0.120     -2.882      0.004
    SCGHQJ_7$2         2.758      0.138     19.915      0.000
    SCGHQJ_7$3         4.861      0.172     28.218      0.000
    SCGHQJ_8$1        -0.345      0.120     -2.882      0.004
    SCGHQJ_8$2         2.758      0.138     19.915      0.000
    SCGHQJ_8$3         4.861      0.172     28.218      0.000
    SCGHQJ_1$1        -0.345      0.120     -2.882      0.004
    SCGHQJ_1$2         2.758      0.138     19.915      0.000
    SCGHQJ_1$3         4.861      0.172     28.218      0.000

 Variances
    I                  3.309      0.502      6.586      0.000
    S                  0.001      0.001      0.863      0.388

Categorical Latent Variables

 Means
    C#1                0.351      0.054      6.540      0.000


QUALITY OF NUMERICAL RESULTS

     Condition Number for the Information Matrix              0.314E-05
       (ratio of smallest to largest eigenvalue)


RESULTS IN PROBABILITY SCALE

                    Estimate

Latent Class 1 (1)

 SCGHQJ_5
    Category 1         0.420
    Category 2         0.413
    Category 3         0.125
    Category 4         0.042
 SCGHQJ_6
    Category 1         0.411
    Category 2         0.416
    Category 3         0.129
    Category 4         0.044
 SCGHQJ_7
    Category 1         0.478
    Category 2         0.386
    Category 3         0.104
    Category 4         0.032
 SCGHQJ_8
    Category 1         0.467
    Category 2         0.392
    Category 3         0.108
    Category 4         0.034
 SCGHQJ_10
    Category 1         0.425
    Category 2         0.411
    Category 3         0.124
    Category 4         0.041

Latent Class 2 (2)

 SCGHQJ_5
    Category 1         0.445
    Category 2         0.418
    Category 3         0.107
    Category 4         0.030
 SCGHQJ_6
    Category 1         0.434
    Category 2         0.427
    Category 3         0.109
    Category 4         0.029
 SCGHQJ_7
    Category 1         0.506
    Category 2         0.365
    Category 3         0.097
    Category 4         0.031
 SCGHQJ_8
    Category 1         0.496
    Category 2         0.374
    Category 3         0.099
    Category 4         0.031
 SCGHQJ_10
    Category 1         0.450
    Category 2         0.413
    Category 3         0.106
    Category 4         0.030


LATENT CLASS INDICATOR ODDS RATIOS FOR THE LATENT CLASSES

                                                95% C.I.
                    Estimate       S.E.  Lower 2.5% Upper 2.5%

Latent Class 1 Compared to Latent Class 2

 SCGHQJ_5
    Category > 1       1.000      0.000      1.000      1.000
    Category > 2       1.000      0.000      1.000      1.000
    Category > 3       1.000      0.000      1.000      1.000
 SCGHQJ_6
    Category > 1       1.000      0.000      1.000      1.000
    Category > 2       1.000      0.000      1.000      1.000
    Category > 3       1.000      0.000      1.000      1.000
 SCGHQJ_7
    Category > 1       1.000      0.000      1.000      1.000
    Category > 2       1.000      0.000      1.000      1.000
    Category > 3       1.000      0.000      1.000      1.000
 SCGHQJ_8
    Category > 1       1.000      0.000      1.000      1.000
    Category > 2       1.000      0.000      1.000      1.000
    Category > 3       1.000      0.000      1.000      1.000
 SCGHQJ_1
    Category > 1       1.000      0.000      1.000      1.000
    Category > 2       1.000      0.000      1.000      1.000
    Category > 3       1.000      0.000      1.000      1.000


STANDARDIZED MODEL RESULTS


STDYX Standardization

                                                    Two-Tailed
                    Estimate       S.E.  Est./S.E.    P-Value

Latent Class 1 (1)

 I        |
    SCGHQJ_5           0.744      0.018     41.762      0.000
    SCGHQJ_6           0.743      0.016     45.309      0.000
    SCGHQJ_7           0.737      0.041     17.897      0.000
    SCGHQJ_8           0.740      0.036     20.824      0.000
    SCGHQJ_10          0.743      0.019     39.170      0.000

 S        |
    SCGHQJ_5           0.000      0.000    999.000    999.000
    SCGHQJ_6          -0.020      0.029     -0.697      0.486
    SCGHQJ_7           0.125      0.069      1.794      0.073
    SCGHQJ_8           0.101      0.058      1.745      0.081
    SCGHQJ_10          0.010      0.006      1.732      0.083

 S        WITH
    I                  0.003      0.436      0.008      0.994

 Means
    I                  0.095      0.068      1.391      0.164
    S                 -1.144      0.552     -2.070      0.038

 Thresholds
    SCGHQJ_5$1        -0.127      0.044     -2.885      0.004
    SCGHQJ_5$2         1.017      0.052     19.541      0.000
    SCGHQJ_5$3         1.792      0.071     25.349      0.000
    SCGHQJ_6$1        -0.127      0.044     -2.877      0.004
    SCGHQJ_6$2         1.017      0.053     19.060      0.000
    SCGHQJ_6$3         1.792      0.074     24.168      0.000
    SCGHQJ_7$1        -0.126      0.043     -2.923      0.003
    SCGHQJ_7$2         1.009      0.063     16.103      0.000
    SCGHQJ_7$3         1.777      0.091     19.501      0.000
    SCGHQJ_8$1        -0.127      0.043     -2.919      0.004
    SCGHQJ_8$2         1.011      0.058     17.389      0.000
    SCGHQJ_8$3         1.782      0.082     21.740      0.000
    SCGHQJ_1$1        -0.127      0.044     -2.888      0.004
    SCGHQJ_1$2         1.017      0.052     19.698      0.000
    SCGHQJ_1$3         1.792      0.070     25.773      0.000

 Variances
    I                  1.000      0.000    999.000    999.000
    S                  1.000      0.000    999.000    999.000

Latent Class 2 (2)

 I        |
    SCGHQJ_5           0.708      0.027     26.421      0.000
    SCGHQJ_6           0.719      0.035     20.518      0.000
    SCGHQJ_7           0.646      0.051     12.585      0.000
    SCGHQJ_8           0.657      0.046     14.285      0.000
    SCGHQJ_10          0.703      0.028     24.872      0.000

 S        |
    SCGHQJ_5           0.000      0.000    999.000    999.000
    SCGHQJ_6          -0.022      0.031     -0.691      0.489
    SCGHQJ_7           0.121      0.065      1.864      0.062
    SCGHQJ_8           0.100      0.055      1.798      0.072
    SCGHQJ_10          0.011      0.006      1.682      0.093

 S        WITH
    I                  0.976      0.057     17.010      0.000

 Means
    I                  0.000      0.000    999.000    999.000
    S                 -1.144      0.552     -2.070      0.038

 Thresholds
    SCGHQJ_5$1        -0.134      0.048     -2.778      0.005
    SCGHQJ_5$2         1.074      0.051     21.245      0.000
    SCGHQJ_5$3         1.892      0.071     26.519      0.000
    SCGHQJ_6$1        -0.136      0.048     -2.839      0.005
    SCGHQJ_6$2         1.090      0.058     18.723      0.000
    SCGHQJ_6$3         1.920      0.082     23.417      0.000
    SCGHQJ_7$1        -0.123      0.043     -2.875      0.004
    SCGHQJ_7$2         0.980      0.059     16.484      0.000
    SCGHQJ_7$3         1.727      0.087     19.738      0.000
    SCGHQJ_8$1        -0.125      0.043     -2.874      0.004
    SCGHQJ_8$2         0.997      0.056     17.954      0.000
    SCGHQJ_8$3         1.757      0.079     22.253      0.000
    SCGHQJ_1$1        -0.133      0.048     -2.789      0.005
    SCGHQJ_1$2         1.066      0.049     21.633      0.000
    SCGHQJ_1$3         1.878      0.068     27.585      0.000

 Variances
    I                  1.000      0.000    999.000    999.000
    S                  1.000      0.000    999.000    999.000


R-SQUARE

Class 1

    Observed                                        Two-Tailed
    Variable        Estimate       S.E.  Est./S.E.    P-Value

    SCGHQJ_5           0.553      0.026     20.881      0.000
    SCGHQJ_6           0.553      0.029     18.817      0.000
    SCGHQJ_7           0.560      0.036     15.761      0.000
    SCGHQJ_8           0.558      0.030     18.310      0.000
    SCGHQJ_1           0.553      0.025     21.793      0.000

Class 2

    Observed                                        Two-Tailed
    Variable        Estimate       S.E.  Est./S.E.    P-Value

    SCGHQJ_5           0.501      0.038     13.210      0.000
    SCGHQJ_6           0.487      0.039     12.573      0.000
    SCGHQJ_7           0.585      0.039     15.179      0.000
    SCGHQJ_8           0.570      0.035     16.273      0.000
    SCGHQJ_1           0.509      0.035     14.357      0.000


     Beginning Time:  13:09:57
        Ending Time:  13:20:58
       Elapsed Time:  00:11:01



MUTHEN & MUTHEN
3463 Stoner Ave.
Los Angeles, CA  90066

Tel: (310) 391-9971
Fax: (310) 391-8971
Web: www.StatModel.com
Support: Support@StatModel.com

Copyright (c) 1998-2021 Muthen & Muthen
