Mplus VERSION 8.3
MUTHEN & MUTHEN
02/29/2020   5:23 AM

INPUT INSTRUCTIONS

  TITLE: Your title goes here

   DATA: FILE = data.dta;

   VARIABLE:

   NAMES = pidp gridmode mm hidp_5 hidp_6 hidp_7 hidp_8 hidp_9 hidp_10 indmode_5
       indmode_6 indmode_7 indmode_8 indmode_9 indmode_10 mode_type_all mode_type_no9
       mode_type_567 mode_type_7 all no9 p567 p7 switch_all switch_no9 switch_567
       switch_7 lkmove_5 xpmove_5 caruse_5 mobuse_5 netpuse_5 aidxhh_5 jbhas_5 j2has_5
       finnow_5 finfut_5 howlng_5 vote1_5 vote6_5 scsf1_5 scsf2a_5 scsf2b_5 scsf3a_5
       scsf3b_5 scsf4a_5 scsf4b_5 scsf5_5 scsf6a_5 scsf6b_5 scsf6c_5 scsf7_5 scghqa_5
       scghqb_5 scghqc_5 scghqd_5 scghqe_5 scghqf_5 scghqg_5 scghqh_5 scghqi_5
       scghqj_5 scghqk_5 scghql_5 lkmove_6 xpmove_6 caruse_6 mobuse_6 netpuse_6
       aidxhh_6 jbhas_6 j2has_6 finnow_6 finfut_6 howlng_6 vote1_6 vote6_6 scsf1_6
       scsf2a_6 scsf2b_6 scsf3a_6 scsf3b_6 scsf4a_6 scsf4b_6 scsf5_6 scsf6a_6 scsf6b_6
       scsf6c_6 scsf7_6 scghqa_6 scghqb_6 scghqc_6 scghqd_6 scghqe_6 scghqf_6 scghqg_6
       scghqh_6 scghqi_6 scghqj_6 scghqk_6 scghql_6 lkmove_7 xpmove_7 caruse_7
       mobuse_7 netpuse_7 smoker_7 aidxhh_7 jbhas_7 jbterm1_7 jbsemp_7 j2has_7
       fiyrdia_7 finnow_7 finfut_7 howlng_7 vote1_7 vote6_7 scsf2a_7 scsf2b_7 scsf3a_7
       scsf3b_7 scsf4a_7 scsf4b_7 scsf5_7 scsf6a_7 scsf6b_7 scsf6c_7 scsf7_7 scghqa_7
       scghqb_7 scghqc_7 scghqd_7 scghqe_7 scghqf_7 scghqg_7 scghqh_7 scghqi_7
       scghqj_7 scghqk_7 scghql_7 scsf1_7 lkmove_8 xpmove_8 caruse_8 mobuse_8
       netpuse_8 smoker_8 aidxhh_8 jbhas_8 jbterm1_8 jbsemp_8 j2has_8 fiyrdia_8
       finnow_8 finfut_8 scsf2a_8 scsf2b_8 scsf3a_8 scsf3b_8 scsf4a_8 scsf4b_8 scsf5_8
       scsf6a_8 scsf6b_8 scsf6c_8 scsf7_8 scghqa_8 scghqb_8 scghqc_8 scghqd_8 scghqe_8
       scghqf_8 scghqg_8 scghqh_8 scghqi_8 scghqj_8 scghqk_8 scghql_8 scsf1_8 mobuse_9
       netpuse_9 smoker_9 jbhas_9 jbterm1_9 jbsemp_9 j2has_9 fiyrdia_9 finnow_9
       finfut_9 lkmove_10 xpmove_10 mobuse_10 netpuse_10 smoker_10 aidxhh_10 jbhas_10
       jbterm1_10 jbsemp_10 j2has_10 fiyrdia_10 finnow_10 finfut_10 scsf1_10 scsf2a_10
       scsf2b_10 scsf3a_10 scsf3b_10 scsf4a_10 scsf4b_10 scsf5_10 scsf6a_10 scsf6b_10
       scsf6c_10 scsf7_10 scghqa_10 scghqb_10 scghqc_10 scghqd_10 scghqe_10 scghqf_10
       scghqg_10 scghqh_10 scghqi_10 scghqj_10 scghqk_10 scghql_10 edu agecat female
       partner sf1 longill london north urban refresh Higher A level GCSE Other age_35
       age_55 age_75 age_102 pred_all pred_no9 pred_p567 pred_p7 pred_all_w pred_no9_w
       pred_p567_w pred_p7_w;

   MISSING=.;

   USEVARIABLES ARE
   scsf6b_5
   scsf6b_6
   scsf6b_7
   scsf6b_8
   scsf6b_10;
   CLASSES = c(2);

    KNOWNCLASS = c(mm= 1 2);

   ANALYSIS:


      TYPE = MIXTURE;

      ESTIMATOR = MLR;

      ALGORITHM = INTEGRATION;

      Processors = 8(starts);

      STARTS = 400 100;

   Model:


      %OVERALL%

  i s | scsf6b_5@0 scsf6b_6@1 scsf6b_7@2 scsf6b_8@3 scsf6b_10@5;

   %c#1%
  [s] (a);
   s (b);
   s WITH i (c);
   i (d);

   %c#2%
  [s] (a);
   s (b);
   s WITH i (c);
   i (d);

   OUTPUT: SAMPSTAT;

                                  STDYX;




*** WARNING in VARIABLE command
  Note that only the first 8 characters of variable names are used in the output.
  Shorten variable names to avoid any confusion.
*** WARNING
  Data set contains unknown or missing values for variable MM.
  This variable is used to determine the KNOWNCLASS specification.
  Number of such cases:  458
*** WARNING
  Data set contains cases with missing on all variables.
  These cases were not included in the analysis.
  Number of cases with missing on all variables:  171
   3 WARNING(S) FOUND IN THE INPUT INSTRUCTIONS



Your title goes here

SUMMARY OF ANALYSIS

Number of groups                                                 1
Number of observations                                        1428

Number of dependent variables                                    5
Number of independent variables                                  0
Number of continuous latent variables                            2
Number of categorical latent variables                           1

Observed dependent variables

  Continuous
   SCSF6B_5    SCSF6B_6    SCSF6B_7    SCSF6B_8    SCSF6B_10

Continuous latent variables
   I           S

Categorical latent variables
   C

  Knownclass            C


Estimator                                                      MLR
Information matrix                                        OBSERVED
Optimization Specifications for the Quasi-Newton Algorithm for
Continuous Outcomes
  Maximum number of iterations                                 100
  Convergence criterion                                  0.100D-05
Optimization Specifications for the EM Algorithm
  Maximum number of iterations                                 500
  Convergence criteria
    Loglikelihood change                                 0.100D-02
    Relative loglikelihood change                        0.100D-05
    Derivative                                           0.100D-02
Optimization Specifications for the M step of the EM Algorithm for
Categorical Latent variables
  Number of M step iterations                                    1
  M step convergence criterion                           0.100D-02
  Basis for M step termination                           ITERATION
Optimization Specifications for the M step of the EM Algorithm for
Censored, Binary or Ordered Categorical (Ordinal), Unordered
Categorical (Nominal) and Count Outcomes
  Number of M step iterations                                    1
  M step convergence criterion                           0.100D-02
  Basis for M step termination                           ITERATION
  Maximum value for logit thresholds                            15
  Minimum value for logit thresholds                           -15
  Minimum expected cell size for chi-square              0.100D-01
Maximum number of iterations for H1                           2000
Convergence criterion for H1                             0.100D-03
Optimization algorithm                                         EMA
Integration Specifications
  Type                                                    STANDARD
  Number of integration points                                  15
  Dimensions of numerical integration                            0
  Adaptive quadrature                                           ON
Random Starts Specifications
  Number of initial stage random starts                        400
  Number of final stage optimizations                          100
  Number of initial stage iterations                            10
  Initial stage convergence criterion                    0.100D+01
  Random starts scale                                    0.500D+01
  Random seed for generating random starts                       0
Cholesky                                                       OFF

Input data file(s)
  data.dta
Input data format  FREE


SUMMARY OF DATA

     Number of missing data patterns            31
     Number of y missing data patterns          31
     Number of u missing data patterns           0


COVARIANCE COVERAGE OF DATA

Minimum covariance coverage value   0.100


     PROPORTION OF DATA PRESENT FOR Y


           Covariance Coverage
              SCSF6B_5      SCSF6B_6      SCSF6B_7      SCSF6B_8      SCSF6B_1
              ________      ________      ________      ________      ________
 SCSF6B_5       0.496
 SCSF6B_6       0.375         0.590
 SCSF6B_7       0.343         0.438         0.651
 SCSF6B_8       0.328         0.423         0.510         0.641
 SCSF6B_1       0.285         0.368         0.430         0.475         0.576


SAMPLE STATISTICS


     ESTIMATED SAMPLE STATISTICS FOR CLASS 1


           Means
              SCSF6B_5      SCSF6B_6      SCSF6B_7      SCSF6B_8      SCSF6B_1
              ________      ________      ________      ________      ________
                2.776         2.860         2.740         2.810         2.840


           Covariances
              SCSF6B_5      SCSF6B_6      SCSF6B_7      SCSF6B_8      SCSF6B_1
              ________      ________      ________      ________      ________
 SCSF6B_5       0.928
 SCSF6B_6       0.520         0.939
 SCSF6B_7       0.444         0.431         0.853
 SCSF6B_8       0.428         0.482         0.450         0.823
 SCSF6B_1       0.436         0.477         0.426         0.489         0.981


           Correlations
              SCSF6B_5      SCSF6B_6      SCSF6B_7      SCSF6B_8      SCSF6B_1
              ________      ________      ________      ________      ________
 SCSF6B_5       1.000
 SCSF6B_6       0.557         1.000
 SCSF6B_7       0.499         0.481         1.000
 SCSF6B_8       0.490         0.549         0.537         1.000
 SCSF6B_1       0.457         0.497         0.465         0.544         1.000


     ESTIMATED SAMPLE STATISTICS FOR CLASS 2


           Means
              SCSF6B_5      SCSF6B_6      SCSF6B_7      SCSF6B_8      SCSF6B_1
              ________      ________      ________      ________      ________
                2.718         2.656         2.668         2.776         2.776


           Covariances
              SCSF6B_5      SCSF6B_6      SCSF6B_7      SCSF6B_8      SCSF6B_1
              ________      ________      ________      ________      ________
 SCSF6B_5       0.965
 SCSF6B_6       0.710         1.021
 SCSF6B_7       0.503         0.527         0.873
 SCSF6B_8       0.546         0.534         0.500         0.904
 SCSF6B_1       0.477         0.454         0.426         0.457         1.017


           Correlations
              SCSF6B_5      SCSF6B_6      SCSF6B_7      SCSF6B_8      SCSF6B_1
              ________      ________      ________      ________      ________
 SCSF6B_5       1.000
 SCSF6B_6       0.716         1.000
 SCSF6B_7       0.548         0.558         1.000
 SCSF6B_8       0.585         0.556         0.563         1.000
 SCSF6B_1       0.481         0.446         0.452         0.476         1.000


UNIVARIATE SAMPLE STATISTICS


     UNIVARIATE HIGHER-ORDER MOMENT DESCRIPTIVE STATISTICS

         Variable/         Mean/     Skewness/   Minimum/ % with                Percentiles
        Sample Size      Variance    Kurtosis    Maximum  Min/Max      20%/60%    40%/80%    Median

     SCSF6B_5              2.759       0.700       1.000    3.67%       2.000      2.000      3.000
             709.000       0.914      -0.035       5.000    6.63%       3.000      3.000
     SCSF6B_6              2.789       0.550       1.000    4.87%       2.000      2.000      3.000
             842.000       0.979      -0.281       5.000    6.77%       3.000      4.000
     SCSF6B_7              2.708       0.684       1.000    3.98%       2.000      2.000      3.000
             930.000       0.852       0.021       5.000    4.95%       3.000      3.000
     SCSF6B_8              2.793       0.720       1.000    1.97%       2.000      2.000      3.000
             916.000       0.837      -0.073       5.000    5.79%       3.000      4.000
     SCSF6B_10             2.800       0.528       1.000    5.10%       2.000      2.000      3.000
             823.000       0.989      -0.277       5.000    7.05%       3.000      4.000

RANDOM STARTS RESULTS RANKED FROM THE BEST TO THE WORST LOGLIKELIHOOD VALUES

Final stage loglikelihood values at local maxima, seeds, and initial stage start numbers:

           -6196.700  642909           251
           -6196.700  618000           190
           -6196.700  570908           98
           -6196.700  751054           117
           -6196.700  673496           218
           -6196.700  724519           333
           -6196.700  374219           353
           -6196.700  937588           293
           -6196.700  851945           18
           -6196.700  432148           30
           -6196.700  468036           131
           -6196.700  534483           290
           -6196.700  391179           78
           -6196.700  781190           219
           -6196.700  551639           55
           -6196.700  170954           86
           -6196.700  761633           50
           -6196.700  373505           88
           -6196.700  887676           22
           -6196.700  694303           282
           -6196.700  529496           343
           -6196.700  195353           225
           -6196.700  840031           276
           -6196.700  253358           2
           -6196.700  345070           114
           -6196.700  836066           372
           -6196.700  471398           74
           -6196.700  352277           42
           -6196.700  318230           46
           -6196.700  366706           29
           -6196.700  152496           123
           -6196.700  462953           7
           -6196.700  349263           263
           -6196.700  863094           147
           -6196.700  456213           160
           -6196.700  392407           221
           -6196.700  405079           68
           -6196.700  46437            153
           -6196.700  285380           1
           -6196.700  467339           66
           -6196.700  576726           280
           -6196.700  782200           84
           -6196.700  377504           294
           -6196.700  728038           177
           -6196.700  436460           89
           -6196.700  61587            400
           -6196.700  49221            254
           -6196.700  644297           340
           -6196.700  629320           222
           -6196.700  89970            223
           -6196.700  440841           118
           -6196.700  220454           288
           -6196.700  146900           391
           -6196.700  751153           110
           -6196.700  931874           141
           -6196.700  512836           289
           -6196.700  534864           307
           -6196.700  127215           9
           -6196.700  985387           381
           -6196.700  754100           56
           -6196.700  153942           31
           -6196.700  614009           317
           -6196.700  292884           103
           -6196.700  950604           172
           -6196.700  937225           394
           -6196.700  455617           242
           -6196.700  802779           122
           -6196.700  987090           70
           -6196.700  371246           101
           -6196.700  741888           138
           -6196.700  81117            305
           -6196.700  654136           167
           -6196.700  100874           108
           -6196.700  278692           342
           -6196.700  496881           192
           -6196.700  996231           310
           -6196.700  479273           156
           -6196.700  484501           163
           -6196.700  602797           336
           -6196.700  50887            389
           -6196.700  606576           151
           -6196.700  264081           186
           -6196.700  301180           236
           -6196.700  636396           168
           -6196.700  319144           176
           -6196.700  79945            395
           -6196.700  232226           235
           -6196.700  830529           279
           -6196.700  521575           313
           -6196.700  801065           393
           -6196.700  137377           397
           -6196.700  608849           224
           -6196.700  396795           323
           -6196.700  830570           369
           -6196.700  85462            51
           -6196.700  73576            213
           -6196.700  342019           301
           -6196.700  unperturbed      0
           -6196.700  36714            201
           -6196.700  21132            351



THE BEST LOGLIKELIHOOD VALUE HAS BEEN REPLICATED.  RERUN WITH AT LEAST TWICE THE
RANDOM STARTS TO CHECK THAT THE BEST LOGLIKELIHOOD IS STILL OBTAINED AND REPLICATED.


THE MODEL ESTIMATION TERMINATED NORMALLY



MODEL FIT INFORMATION

Number of Free Parameters                       12

Loglikelihood

          H0 Value                       -6196.700
          H0 Scaling Correction Factor      1.3543
            for MLR

Information Criteria

          Akaike (AIC)                   12417.400
          Bayesian (BIC)                 12480.568
          Sample-Size Adjusted BIC       12442.448
            (n* = (n + 2) / 24)



FINAL CLASS COUNTS AND PROPORTIONS FOR THE LATENT CLASSES
BASED ON THE ESTIMATED MODEL

    Latent
   Classes

       1        841.00000          0.58894
       2        587.00000          0.41106


MODEL RESULTS

                                                    Two-Tailed
                    Estimate       S.E.  Est./S.E.    P-Value

Latent Class 1 (1)

 I        |
    SCSF6B_5           1.000      0.000    999.000    999.000
    SCSF6B_6           1.000      0.000    999.000    999.000
    SCSF6B_7           1.000      0.000    999.000    999.000
    SCSF6B_8           1.000      0.000    999.000    999.000
    SCSF6B_10          1.000      0.000    999.000    999.000

 S        |
    SCSF6B_5           0.000      0.000    999.000    999.000
    SCSF6B_6           1.000      0.000    999.000    999.000
    SCSF6B_7           2.000      0.000    999.000    999.000
    SCSF6B_8           3.000      0.000    999.000    999.000
    SCSF6B_10          5.000      0.000    999.000    999.000

 S        WITH
    I                 -0.028      0.012     -2.292      0.022

 Means
    I                  2.779      0.032     87.572      0.000
    S                  0.012      0.007      1.593      0.111

 Intercepts
    SCSF6B_5           0.000      0.000    999.000    999.000
    SCSF6B_6           0.000      0.000    999.000    999.000
    SCSF6B_7           0.000      0.000    999.000    999.000
    SCSF6B_8           0.000      0.000    999.000    999.000
    SCSF6B_10          0.000      0.000    999.000    999.000

 Variances
    I                  0.563      0.049     11.567      0.000
    S                  0.009      0.004      2.026      0.043

 Residual Variances
    SCSF6B_5           0.378      0.043      8.750      0.000
    SCSF6B_6           0.427      0.041     10.398      0.000
    SCSF6B_7           0.422      0.037     11.546      0.000
    SCSF6B_8           0.376      0.031     12.247      0.000
    SCSF6B_10          0.492      0.059      8.345      0.000

Latent Class 2 (2)

 I        |
    SCSF6B_5           1.000      0.000    999.000    999.000
    SCSF6B_6           1.000      0.000    999.000    999.000
    SCSF6B_7           1.000      0.000    999.000    999.000
    SCSF6B_8           1.000      0.000    999.000    999.000
    SCSF6B_10          1.000      0.000    999.000    999.000

 S        |
    SCSF6B_5           0.000      0.000    999.000    999.000
    SCSF6B_6           1.000      0.000    999.000    999.000
    SCSF6B_7           2.000      0.000    999.000    999.000
    SCSF6B_8           3.000      0.000    999.000    999.000
    SCSF6B_10          5.000      0.000    999.000    999.000

 S        WITH
    I                 -0.028      0.012     -2.292      0.022

 Means
    I                  2.693      0.040     67.611      0.000
    S                  0.012      0.007      1.593      0.111

 Intercepts
    SCSF6B_5           0.000      0.000    999.000    999.000
    SCSF6B_6           0.000      0.000    999.000    999.000
    SCSF6B_7           0.000      0.000    999.000    999.000
    SCSF6B_8           0.000      0.000    999.000    999.000
    SCSF6B_10          0.000      0.000    999.000    999.000

 Variances
    I                  0.563      0.049     11.567      0.000
    S                  0.009      0.004      2.026      0.043

 Residual Variances
    SCSF6B_5           0.378      0.043      8.750      0.000
    SCSF6B_6           0.427      0.041     10.398      0.000
    SCSF6B_7           0.422      0.037     11.546      0.000
    SCSF6B_8           0.376      0.031     12.247      0.000
    SCSF6B_10          0.492      0.059      8.345      0.000

Categorical Latent Variables

 Means
    C#1                0.360      0.054      6.685      0.000


STANDARDIZED MODEL RESULTS


STDYX Standardization

                                                    Two-Tailed
                    Estimate       S.E.  Est./S.E.    P-Value

Latent Class 1 (1)

 I        |
    SCSF6B_5           0.774      0.027     28.554      0.000
    SCSF6B_6           0.773      0.031     24.639      0.000
    SCSF6B_7           0.788      0.033     23.826      0.000
    SCSF6B_8           0.815      0.035     23.318      0.000
    SCSF6B_10          0.754      0.036     21.039      0.000

 S        |
    SCSF6B_5           0.000      0.000    999.000    999.000
    SCSF6B_6           0.095      0.023      4.073      0.000
    SCSF6B_7           0.194      0.048      4.031      0.000
    SCSF6B_8           0.301      0.074      4.073      0.000
    SCSF6B_10          0.464      0.115      4.032      0.000

 S        WITH
    I                 -0.403      0.096     -4.213      0.000

 Means
    I                  3.705      0.158     23.475      0.000
    S                  0.127      0.084      1.511      0.131

 Intercepts
    SCSF6B_5           0.000      0.000    999.000    999.000
    SCSF6B_6           0.000      0.000    999.000    999.000
    SCSF6B_7           0.000      0.000    999.000    999.000
    SCSF6B_8           0.000      0.000    999.000    999.000
    SCSF6B_10          0.000      0.000    999.000    999.000

 Variances
    I                  1.000      0.000    999.000    999.000
    S                  1.000      0.000    999.000    999.000

 Residual Variances
    SCSF6B_5           0.402      0.042      9.582      0.000
    SCSF6B_6           0.453      0.033     13.630      0.000
    SCSF6B_7           0.465      0.027     17.223      0.000
    SCSF6B_8           0.443      0.027     16.346      0.000
    SCSF6B_10          0.498      0.052      9.494      0.000

Latent Class 2 (2)

 I        |
    SCSF6B_5           0.774      0.027     28.554      0.000
    SCSF6B_6           0.773      0.031     24.639      0.000
    SCSF6B_7           0.788      0.033     23.826      0.000
    SCSF6B_8           0.815      0.035     23.318      0.000
    SCSF6B_10          0.754      0.036     21.039      0.000

 S        |
    SCSF6B_5           0.000      0.000    999.000    999.000
    SCSF6B_6           0.095      0.023      4.073      0.000
    SCSF6B_7           0.194      0.048      4.031      0.000
    SCSF6B_8           0.301      0.074      4.073      0.000
    SCSF6B_10          0.464      0.115      4.032      0.000

 S        WITH
    I                 -0.403      0.096     -4.213      0.000

 Means
    I                  3.591      0.152     23.600      0.000
    S                  0.127      0.084      1.511      0.131

 Intercepts
    SCSF6B_5           0.000      0.000    999.000    999.000
    SCSF6B_6           0.000      0.000    999.000    999.000
    SCSF6B_7           0.000      0.000    999.000    999.000
    SCSF6B_8           0.000      0.000    999.000    999.000
    SCSF6B_10          0.000      0.000    999.000    999.000

 Variances
    I                  1.000      0.000    999.000    999.000
    S                  1.000      0.000    999.000    999.000

 Residual Variances
    SCSF6B_5           0.402      0.042      9.582      0.000
    SCSF6B_6           0.453      0.033     13.630      0.000
    SCSF6B_7           0.465      0.027     17.223      0.000
    SCSF6B_8           0.443      0.027     16.346      0.000
    SCSF6B_10          0.498      0.052      9.494      0.000


R-SQUARE

Class 1

    Observed                                        Two-Tailed
    Variable        Estimate       S.E.  Est./S.E.    P-Value

    SCSF6B_5           0.598      0.042     14.277      0.000
    SCSF6B_6           0.547      0.033     16.453      0.000
    SCSF6B_7           0.535      0.027     19.800      0.000
    SCSF6B_8           0.557      0.027     20.541      0.000
    SCSF6B_1           0.502      0.052      9.585      0.000

Class 2

    Observed                                        Two-Tailed
    Variable        Estimate       S.E.  Est./S.E.    P-Value

    SCSF6B_5           0.598      0.042     14.277      0.000
    SCSF6B_6           0.547      0.033     16.453      0.000
    SCSF6B_7           0.535      0.027     19.800      0.000
    SCSF6B_8           0.557      0.027     20.541      0.000
    SCSF6B_1           0.502      0.052      9.585      0.000


QUALITY OF NUMERICAL RESULTS

     Condition Number for the Information Matrix              0.217E-02
       (ratio of smallest to largest eigenvalue)


     Beginning Time:  05:23:14
        Ending Time:  05:23:28
       Elapsed Time:  00:00:14



MUTHEN & MUTHEN
3463 Stoner Ave.
Los Angeles, CA  90066

Tel: (310) 391-9971
Fax: (310) 391-8971
Web: www.StatModel.com
Support: Support@StatModel.com

Copyright (c) 1998-2019 Muthen & Muthen
