Mplus VERSION 8.3
MUTHEN & MUTHEN
02/28/2020   6:05 PM

INPUT INSTRUCTIONS

  TITLE: Your title goes here

   DATA: FILE = data.dta;

   VARIABLE:

   NAMES = pidp gridmode mm hidp_5 hidp_6 hidp_7 hidp_8 hidp_9 hidp_10 indmode_5
       indmode_6 indmode_7 indmode_8 indmode_9 indmode_10 mode_type_all mode_type_no9
       mode_type_567 mode_type_7 all no9 p567 p7 switch_all switch_no9 switch_567
       switch_7 lkmove_5 xpmove_5 caruse_5 mobuse_5 netpuse_5 aidxhh_5 jbhas_5 j2has_5
       finnow_5 finfut_5 howlng_5 vote1_5 vote6_5 scsf1_5 scsf2a_5 scsf2b_5 scsf3a_5
       scsf3b_5 scsf4a_5 scsf4b_5 scsf5_5 scsf6a_5 scsf6b_5 scsf6c_5 scsf7_5 scghqa_5
       scghqb_5 scghqc_5 scghqd_5 scghqe_5 scghqf_5 scghqg_5 scghqh_5 scghqi_5
       scghqj_5 scghqk_5 scghql_5 lkmove_6 xpmove_6 caruse_6 mobuse_6 netpuse_6
       aidxhh_6 jbhas_6 j2has_6 finnow_6 finfut_6 howlng_6 vote1_6 vote6_6 scsf1_6
       scsf2a_6 scsf2b_6 scsf3a_6 scsf3b_6 scsf4a_6 scsf4b_6 scsf5_6 scsf6a_6 scsf6b_6
       scsf6c_6 scsf7_6 scghqa_6 scghqb_6 scghqc_6 scghqd_6 scghqe_6 scghqf_6 scghqg_6
       scghqh_6 scghqi_6 scghqj_6 scghqk_6 scghql_6 lkmove_7 xpmove_7 caruse_7
       mobuse_7 netpuse_7 smoker_7 aidxhh_7 jbhas_7 jbterm1_7 jbsemp_7 j2has_7
       fiyrdia_7 finnow_7 finfut_7 howlng_7 vote1_7 vote6_7 scsf2a_7 scsf2b_7 scsf3a_7
       scsf3b_7 scsf4a_7 scsf4b_7 scsf5_7 scsf6a_7 scsf6b_7 scsf6c_7 scsf7_7 scghqa_7
       scghqb_7 scghqc_7 scghqd_7 scghqe_7 scghqf_7 scghqg_7 scghqh_7 scghqi_7
       scghqj_7 scghqk_7 scghql_7 scsf1_7 lkmove_8 xpmove_8 caruse_8 mobuse_8
       netpuse_8 smoker_8 aidxhh_8 jbhas_8 jbterm1_8 jbsemp_8 j2has_8 fiyrdia_8
       finnow_8 finfut_8 scsf2a_8 scsf2b_8 scsf3a_8 scsf3b_8 scsf4a_8 scsf4b_8 scsf5_8
       scsf6a_8 scsf6b_8 scsf6c_8 scsf7_8 scghqa_8 scghqb_8 scghqc_8 scghqd_8 scghqe_8
       scghqf_8 scghqg_8 scghqh_8 scghqi_8 scghqj_8 scghqk_8 scghql_8 scsf1_8 mobuse_9
       netpuse_9 smoker_9 jbhas_9 jbterm1_9 jbsemp_9 j2has_9 fiyrdia_9 finnow_9
       finfut_9 lkmove_10 xpmove_10 mobuse_10 netpuse_10 smoker_10 aidxhh_10 jbhas_10
       jbterm1_10 jbsemp_10 j2has_10 fiyrdia_10 finnow_10 finfut_10 scsf1_10 scsf2a_10
       scsf2b_10 scsf3a_10 scsf3b_10 scsf4a_10 scsf4b_10 scsf5_10 scsf6a_10 scsf6b_10
       scsf6c_10 scsf7_10 scghqa_10 scghqb_10 scghqc_10 scghqd_10 scghqe_10 scghqf_10
       scghqg_10 scghqh_10 scghqi_10 scghqj_10 scghqk_10 scghql_10 edu agecat female
       partner sf1 longill london north urban refresh Higher A level GCSE Other age_35
       age_55 age_75 age_102 pred_all pred_no9 pred_p567 pred_p7 pred_all_w pred_no9_w
       pred_p567_w pred_p7_w;

   MISSING=.;

   USEVARIABLES ARE
   finfut_5
   finfut_6
   finfut_7
   finfut_8
   finfut_9
   finfut_10;

   CATEGORICAL ARE
   finfut_5
   finfut_6
   finfut_7
   finfut_8
   finfut_9
   finfut_10;
   CLASSES = c(2);

    KNOWNCLASS = c(all= 1 2);
  WEIGHT IS pred_all_w;

   ANALYSIS:


      TYPE = MIXTURE;

      ESTIMATOR = MLR;

      ALGORITHM = INTEGRATION;

      Processors = 8(starts);

      STARTS = 400 100;

   Model:


      %OVERALL%

  i s | finfut_5@0 finfut_6@1 finfut_7@2 finfut_8@3 finfut_9@4 finfut_10@5;

   %c#1%
  [s] ;
   s ;
   s WITH i ;
   i ;

   %c#2%
  [s] ;
   s ;
   s WITH i ;
   i ;

   OUTPUT: SAMPSTAT;

                                  STDYX;




*** WARNING in VARIABLE command
  Note that only the first 8 characters of variable names are used in the output.
  Shorten variable names to avoid any confusion.
*** WARNING
  Data set contains unknown or missing values for variable ALL.
  This variable is used to determine the KNOWNCLASS specification.
  Number of such cases:  91
*** WARNING
  Data set contains cases with missing on all variables.
  These cases were not included in the analysis.
  Number of cases with missing on all variables:  20
   3 WARNING(S) FOUND IN THE INPUT INSTRUCTIONS



Your title goes here

SUMMARY OF ANALYSIS

Number of groups                                                 1
Number of observations                                        1946

Number of dependent variables                                    6
Number of independent variables                                  0
Number of continuous latent variables                            2
Number of categorical latent variables                           1

Observed dependent variables

  Binary and ordered categorical (ordinal)
   FINFUT_5    FINFUT_6    FINFUT_7    FINFUT_8    FINFUT_9    FINFUT_1

Continuous latent variables
   I           S

Categorical latent variables
   C

  Knownclass            C

Variables with special functions

  Weight variable       PRED_ALL

Estimator                                                      MLR
Information matrix                                        OBSERVED
Optimization Specifications for the Quasi-Newton Algorithm for
Continuous Outcomes
  Maximum number of iterations                                 100
  Convergence criterion                                  0.100D-05
Optimization Specifications for the EM Algorithm
  Maximum number of iterations                                 500
  Convergence criteria
    Loglikelihood change                                 0.100D-02
    Relative loglikelihood change                        0.100D-05
    Derivative                                           0.100D-02
Optimization Specifications for the M step of the EM Algorithm for
Categorical Latent variables
  Number of M step iterations                                    1
  M step convergence criterion                           0.100D-02
  Basis for M step termination                           ITERATION
Optimization Specifications for the M step of the EM Algorithm for
Censored, Binary or Ordered Categorical (Ordinal), Unordered
Categorical (Nominal) and Count Outcomes
  Number of M step iterations                                    1
  M step convergence criterion                           0.100D-02
  Basis for M step termination                           ITERATION
  Maximum value for logit thresholds                            15
  Minimum value for logit thresholds                           -15
  Minimum expected cell size for chi-square              0.100D-01
Maximum number of iterations for H1                           2000
Convergence criterion for H1                             0.100D-03
Optimization algorithm                                         EMA
Integration Specifications
  Type                                                    STANDARD
  Number of integration points                                  15
  Dimensions of numerical integration                            2
  Adaptive quadrature                                           ON
Random Starts Specifications
  Number of initial stage random starts                        400
  Number of final stage optimizations                          100
  Number of initial stage iterations                            10
  Initial stage convergence criterion                    0.100D+01
  Random starts scale                                    0.500D+01
  Random seed for generating random starts                       0
Link                                                         LOGIT
Cholesky                                                        ON

Input data file(s)
  data.dta
Input data format  FREE


SUMMARY OF DATA

     Number of missing data patterns            61
     Number of y missing data patterns           0
     Number of u missing data patterns          61


COVARIANCE COVERAGE OF DATA

Minimum covariance coverage value   0.100


     PROPORTION OF DATA PRESENT FOR U


           Covariance Coverage
              FINFUT_5      FINFUT_6      FINFUT_7      FINFUT_8      FINFUT_9
              ________      ________      ________      ________      ________
 FINFUT_5       0.501
 FINFUT_6       0.420         0.506
 FINFUT_7       0.345         0.378         0.587
 FINFUT_8       0.319         0.354         0.471         0.562
 FINFUT_9       0.300         0.331         0.437         0.466         0.538
 FINFUT_1       0.284         0.310         0.392         0.422         0.433


           Covariance Coverage
              FINFUT_1
              ________
 FINFUT_1       0.625


UNIVARIATE PROPORTIONS AND COUNTS FOR CATEGORICAL VARIABLES

    FINFUT_5
      Category 1    0.149          238.908
      Category 2    0.631         1010.922
      Category 3    0.220          352.268
    FINFUT_6
      Category 1    0.154          245.441
      Category 2    0.635         1009.076
      Category 3    0.210          334.479
    FINFUT_7
      Category 1    0.157          197.366
      Category 2    0.687          863.431
      Category 3    0.156          196.360
    FINFUT_8
      Category 1    0.176          202.150
      Category 2    0.692          792.956
      Category 3    0.132          151.546
    FINFUT_9
      Category 1    0.152          160.928
      Category 2    0.698          739.558
      Category 3    0.150          159.026
    FINFUT_1
      Category 1    0.164          159.737
      Category 2    0.675          657.074
      Category 3    0.161          156.960


SAMPLE STATISTICS

RANDOM STARTS RESULTS RANKED FROM THE BEST TO THE WORST LOGLIKELIHOOD VALUES

Final stage loglikelihood values at local maxima, seeds, and initial stage start numbers:

           -7262.019  17359            227
           -7262.019  696773           80
           -7262.019  644297           340
           -7262.019  478421           311
           -7262.019  475420           71
           -7262.019  900268           327
           -7262.019  396795           323
           -7262.019  804660           260
           -7262.019  127215           9
           -7262.019  863094           147
           -7262.019  997222           229
           -7262.019  563002           360
           -7262.019  260601           36
           -7262.019  484687           306
           -7262.019  576596           99
           -7262.019  313407           132
           -7262.019  12477            155
           -7262.019  66276            217
           -7262.019  777045           377
           -7262.019  399848           220
           -7262.019  372176           23
           -7262.019  131856           90
           -7262.019  59674            240
           -7262.019  168762           200
           -7262.019  902278           21
           -7262.019  70118            104
           -7262.019  723775           97
           -7262.019  568405           233
           -7262.019  483369           270
           -7262.019  765392           382
           -7262.019  404426           344
           -7262.019  797594           234
           -7262.019  836066           372
           -7262.019  926283           269
           -7262.019  717754           180
           -7262.019  605358           321
           -7262.019  193847           354
           -7262.019  751054           117
           -7262.019  960438           116
           -7262.019  329127           185
           -7262.019  801065           393
           -7262.019  303634           169
           -7262.019  284109           82
           -7262.019  629320           222
           -7262.019  875667           367
           -7262.019  939709           112
           -7262.019  903420           5
           -7262.019  992389           77
           -7262.019  68985            17
           -7262.019  220454           288
           -7262.019  25127            107
           -7262.019  788796           145
           -7262.019  830392           35
           -7262.019  674171           195
           -7262.019  85114            385
           -7262.019  182524           373
           -7262.019  645664           39
           -7262.019  939021           8
           -7262.019  848969           173
           -7262.019  931874           141
           -7262.019  848163           47
           -7262.019  405079           68
           -7262.019  215353           164
           -7262.019  754100           56
           -7262.019  374219           353
           -7262.019  349263           263
           -7262.019  40340            188
           -7262.019  354208           196
           -7262.019  311214           64
           -7262.019  202790           198
           -7262.019  34346            330
           -7262.019  120506           45
           -7262.019  789985           67
           -7262.019  514326           325
           -7262.019  576220           115
           -7262.019  970689           266
           -7262.019  438144           271
           -7262.019  637095           207
           -7262.019  unperturbed      0
           -7262.019  358488           264
           -7262.019  570782           193
           -7262.019  246575           291
           -7262.019  529455           268
           -7262.019  595153           230
           -7262.019  945065           255
           -7262.019  625191           350
           -7262.019  951709           348
           -7262.019  626891           32
           -7262.019  562716           300
           -7262.019  455617           242
           -7262.026  496881           192
           -7262.027  783110           72
           -7262.028  798839           312
           -7262.029  801717           364
           -7262.029  561664           392
           -7262.029  802779           122
           -7262.828  609089           241
           -7262.841  22089            143
           -7262.842  948615           140
           -7262.843  422103           62



THE BEST LOGLIKELIHOOD VALUE HAS BEEN REPLICATED.  RERUN WITH AT LEAST TWICE THE
RANDOM STARTS TO CHECK THAT THE BEST LOGLIKELIHOOD IS STILL OBTAINED AND REPLICATED.


THE MODEL ESTIMATION TERMINATED NORMALLY



MODEL FIT INFORMATION

Number of Free Parameters                       12

Loglikelihood

          H0 Value                       -7262.019
          H0 Scaling Correction Factor      1.9851
            for MLR

Information Criteria

          Akaike (AIC)                   14548.038
          Bayesian (BIC)                 14614.921
          Sample-Size Adjusted BIC       14576.796
            (n* = (n + 2) / 24)

Chi-Square Test of Model Fit for the Binary and Ordered Categorical
(Ordinal) Outcomes**

          Pearson Chi-Square

          Value                           2698.442
          Degrees of Freedom                  1413
          P-Value                           0.0000

          Likelihood Ratio Chi-Square

          Value                            916.493
          Degrees of Freedom                  1413
          P-Value                           1.0000

** Of the 3987 cells in the latent class indicator table, 16
   were deleted in the calculation of chi-square due to extreme values.

Chi-Square Test for MCAR under the Unrestricted Latent Class Indicator Model

          Pearson Chi-Square

          Value                           3693.889
          Degrees of Freedom                  6395
          P-Value                           1.0000

          Likelihood Ratio Chi-Square

          Value                           2394.139
          Degrees of Freedom                  6395
          P-Value                           1.0000



FINAL CLASS COUNTS AND PROPORTIONS FOR THE LATENT CLASSES
BASED ON THE ESTIMATED MODEL

    Latent
   Classes

       1       1281.78979          0.65868
       2        664.21021          0.34132


MODEL RESULTS

                                                    Two-Tailed
                    Estimate       S.E.  Est./S.E.    P-Value

Latent Class 1 (1)

 I        |
    FINFUT_5           1.000      0.000    999.000    999.000
    FINFUT_6           1.000      0.000    999.000    999.000
    FINFUT_7           1.000      0.000    999.000    999.000
    FINFUT_8           1.000      0.000    999.000    999.000
    FINFUT_9           1.000      0.000    999.000    999.000
    FINFUT_10          1.000      0.000    999.000    999.000

 S        |
    FINFUT_5           0.000      0.000    999.000    999.000
    FINFUT_6           1.000      0.000    999.000    999.000
    FINFUT_7           2.000      0.000    999.000    999.000
    FINFUT_8           3.000      0.000    999.000    999.000
    FINFUT_9           4.000      0.000    999.000    999.000
    FINFUT_10          5.000      0.000    999.000    999.000

 S        WITH
    I                 -0.111      0.107     -1.037      0.300

 Means
    I                 -0.387      0.176     -2.201      0.028
    S                 -0.045      0.031     -1.433      0.152

 Thresholds
    FINFUT_5$1        -2.839      0.161    -17.600      0.000
    FINFUT_5$2         1.871      0.153     12.225      0.000
    FINFUT_6$1        -2.839      0.161    -17.600      0.000
    FINFUT_6$2         1.871      0.153     12.225      0.000
    FINFUT_7$1        -2.839      0.161    -17.600      0.000
    FINFUT_7$2         1.871      0.153     12.225      0.000
    FINFUT_8$1        -2.839      0.161    -17.600      0.000
    FINFUT_8$2         1.871      0.153     12.225      0.000
    FINFUT_9$1        -2.839      0.161    -17.600      0.000
    FINFUT_9$2         1.871      0.153     12.225      0.000
    FINFUT_1$1        -2.839      0.161    -17.600      0.000
    FINFUT_1$2         1.871      0.153     12.225      0.000

 Variances
    I                  3.176      0.502      6.329      0.000
    S                  0.029      0.037      0.790      0.429

Latent Class 2 (2)

 I        |
    FINFUT_5           1.000      0.000    999.000    999.000
    FINFUT_6           1.000      0.000    999.000    999.000
    FINFUT_7           1.000      0.000    999.000    999.000
    FINFUT_8           1.000      0.000    999.000    999.000
    FINFUT_9           1.000      0.000    999.000    999.000
    FINFUT_10          1.000      0.000    999.000    999.000

 S        |
    FINFUT_5           0.000      0.000    999.000    999.000
    FINFUT_6           1.000      0.000    999.000    999.000
    FINFUT_7           2.000      0.000    999.000    999.000
    FINFUT_8           3.000      0.000    999.000    999.000
    FINFUT_9           4.000      0.000    999.000    999.000
    FINFUT_10          5.000      0.000    999.000    999.000

 S        WITH
    I                 -0.472      0.146     -3.225      0.001

 Means
    I                  0.000      0.000    999.000    999.000
    S                 -0.175      0.036     -4.903      0.000

 Thresholds
    FINFUT_5$1        -2.839      0.161    -17.600      0.000
    FINFUT_5$2         1.871      0.153     12.225      0.000
    FINFUT_6$1        -2.839      0.161    -17.600      0.000
    FINFUT_6$2         1.871      0.153     12.225      0.000
    FINFUT_7$1        -2.839      0.161    -17.600      0.000
    FINFUT_7$2         1.871      0.153     12.225      0.000
    FINFUT_8$1        -2.839      0.161    -17.600      0.000
    FINFUT_8$2         1.871      0.153     12.225      0.000
    FINFUT_9$1        -2.839      0.161    -17.600      0.000
    FINFUT_9$2         1.871      0.153     12.225      0.000
    FINFUT_1$1        -2.839      0.161    -17.600      0.000
    FINFUT_1$2         1.871      0.153     12.225      0.000

 Variances
    I                  4.524      0.698      6.481      0.000
    S                  0.127      0.044      2.874      0.004

Categorical Latent Variables

 Means
    C#1                0.657      0.067      9.775      0.000


STANDARDIZED MODEL RESULTS


STDYX Standardization

                                                    Two-Tailed
                    Estimate       S.E.  Est./S.E.    P-Value

Latent Class 1 (1)

 I        |
    FINFUT_5           0.701      0.028     24.878      0.000
    FINFUT_6           0.712      0.036     19.684      0.000
    FINFUT_7           0.719      0.043     16.765      0.000
    FINFUT_8           0.724      0.048     15.178      0.000
    FINFUT_9           0.725      0.051     14.254      0.000
    FINFUT_10          0.722      0.054     13.467      0.000

 S        |
    FINFUT_5           0.000      0.000    999.000    999.000
    FINFUT_6           0.068      0.043      1.601      0.109
    FINFUT_7           0.138      0.087      1.588      0.112
    FINFUT_8           0.209      0.132      1.589      0.112
    FINFUT_9           0.279      0.174      1.605      0.108
    FINFUT_10          0.347      0.212      1.637      0.102

 S        WITH
    I                 -0.364      0.181     -2.016      0.044

 Means
    I                 -0.217      0.101     -2.142      0.032
    S                 -0.261      0.214     -1.221      0.222

 Thresholds
    FINFUT_5$1        -1.117      0.067    -16.760      0.000
    FINFUT_5$2         0.736      0.061     12.120      0.000
    FINFUT_6$1        -1.134      0.064    -17.628      0.000
    FINFUT_6$2         0.747      0.060     12.398      0.000
    FINFUT_7$1        -1.146      0.064    -17.788      0.000
    FINFUT_7$2         0.755      0.061     12.432      0.000
    FINFUT_8$1        -1.153      0.066    -17.595      0.000
    FINFUT_8$2         0.760      0.061     12.364      0.000
    FINFUT_9$1        -1.155      0.068    -17.022      0.000
    FINFUT_9$2         0.761      0.062     12.177      0.000
    FINFUT_1$1        -1.151      0.073    -15.712      0.000
    FINFUT_1$2         0.758      0.065     11.701      0.000

 Variances
    I                  1.000      0.000    999.000    999.000
    S                  1.000      0.000    999.000    999.000

Latent Class 2 (2)

 I        |
    FINFUT_5           0.761      0.025     30.785      0.000
    FINFUT_6           0.804      0.035     22.919      0.000
    FINFUT_7           0.839      0.046     18.172      0.000
    FINFUT_8           0.860      0.055     15.502      0.000
    FINFUT_9           0.863      0.062     13.981      0.000
    FINFUT_10          0.850      0.065     12.977      0.000

 S        |
    FINFUT_5           0.000      0.000    999.000    999.000
    FINFUT_6           0.135      0.022      6.156      0.000
    FINFUT_7           0.281      0.048      5.886      0.000
    FINFUT_8           0.432      0.074      5.809      0.000
    FINFUT_9           0.579      0.097      5.946      0.000
    FINFUT_10          0.712      0.113      6.311      0.000

 S        WITH
    I                 -0.623      0.080     -7.815      0.000

 Means
    I                  0.000      0.000    999.000    999.000
    S                 -0.490      0.128     -3.819      0.000

 Thresholds
    FINFUT_5$1        -1.016      0.064    -15.956      0.000
    FINFUT_5$2         0.669      0.058     11.502      0.000
    FINFUT_6$1        -1.074      0.063    -17.104      0.000
    FINFUT_6$2         0.707      0.060     11.878      0.000
    FINFUT_7$1        -1.120      0.064    -17.620      0.000
    FINFUT_7$2         0.738      0.061     12.022      0.000
    FINFUT_8$1        -1.147      0.065    -17.560      0.000
    FINFUT_8$2         0.756      0.063     11.992      0.000
    FINFUT_9$1        -1.153      0.068    -16.976      0.000
    FINFUT_9$2         0.759      0.064     11.806      0.000
    FINFUT_1$1        -1.134      0.072    -15.723      0.000
    FINFUT_1$2         0.747      0.066     11.378      0.000

 Variances
    I                  1.000      0.000    999.000    999.000
    S                  1.000      0.000    999.000    999.000


R-SQUARE

Class 1

    Observed                                        Two-Tailed
    Variable        Estimate       S.E.  Est./S.E.    P-Value

    FINFUT_5           0.491      0.039     12.439      0.000
    FINFUT_6           0.476      0.032     14.708      0.000
    FINFUT_7           0.464      0.030     15.621      0.000
    FINFUT_8           0.457      0.031     14.788      0.000
    FINFUT_9           0.456      0.036     12.565      0.000
    FINFUT_1           0.460      0.047      9.779      0.000

Class 2

    Observed                                        Two-Tailed
    Variable        Estimate       S.E.  Est./S.E.    P-Value

    FINFUT_5           0.579      0.038     15.393      0.000
    FINFUT_6           0.530      0.034     15.562      0.000
    FINFUT_7           0.489      0.032     15.154      0.000
    FINFUT_8           0.463      0.034     13.741      0.000
    FINFUT_9           0.458      0.039     11.808      0.000
    FINFUT_1           0.475      0.047     10.062      0.000


QUALITY OF NUMERICAL RESULTS

     Condition Number for the Information Matrix              0.498E-02
       (ratio of smallest to largest eigenvalue)


     Beginning Time:  18:05:07
        Ending Time:  18:09:32
       Elapsed Time:  00:04:25



MUTHEN & MUTHEN
3463 Stoner Ave.
Los Angeles, CA  90066

Tel: (310) 391-9971
Fax: (310) 391-8971
Web: www.StatModel.com
Support: Support@StatModel.com

Copyright (c) 1998-2019 Muthen & Muthen
