Mplus VERSION 8.3
MUTHEN & MUTHEN
06/22/2020  11:03 AM

INPUT INSTRUCTIONS

  TITLE: Your title goes here

   DATA: FILE = data.dta;

   VARIABLE:

   NAMES = pidp gridmode mm hidp_5 hidp_6 hidp_7 hidp_8 hidp_9 hidp_10 indmode_5
       indmode_6 indmode_7 indmode_8 indmode_9 indmode_10 mode_type_all mode_type_no9
       mode_type_567 mode_type_7 all no9 p567 p7 switch_all switch_no9 switch_567
       switch_7 lkmove_5 xpmove_5 caruse_5 mobuse_5 netpuse_5 aidxhh_5 jbhas_5 j2has_5
       finnow_5 finfut_5 howlng_5 vote1_5 vote6_5 scsf1_5 scsf2a_5 scsf2b_5 scsf3a_5
       scsf3b_5 scsf4a_5 scsf4b_5 scsf5_5 scsf6a_5 scsf6b_5 scsf6c_5 scsf7_5 scghqa_5
       scghqb_5 scghqc_5 scghqd_5 scghqe_5 scghqf_5 scghqg_5 scghqh_5 scghqi_5
       scghqj_5 scghqk_5 scghql_5 lkmove_6 xpmove_6 caruse_6 mobuse_6 netpuse_6
       aidxhh_6 jbhas_6 j2has_6 finnow_6 finfut_6 howlng_6 vote1_6 vote6_6 scsf1_6
       scsf2a_6 scsf2b_6 scsf3a_6 scsf3b_6 scsf4a_6 scsf4b_6 scsf5_6 scsf6a_6 scsf6b_6
       scsf6c_6 scsf7_6 scghqa_6 scghqb_6 scghqc_6 scghqd_6 scghqe_6 scghqf_6 scghqg_6
       scghqh_6 scghqi_6 scghqj_6 scghqk_6 scghql_6 lkmove_7 xpmove_7 caruse_7
       mobuse_7 netpuse_7 smoker_7 aidxhh_7 jbhas_7 jbterm1_7 jbsemp_7 j2has_7
       fiyrdia_7 finnow_7 finfut_7 howlng_7 vote1_7 vote6_7 scsf2a_7 scsf2b_7 scsf3a_7
       scsf3b_7 scsf4a_7 scsf4b_7 scsf5_7 scsf6a_7 scsf6b_7 scsf6c_7 scsf7_7 scghqa_7
       scghqb_7 scghqc_7 scghqd_7 scghqe_7 scghqf_7 scghqg_7 scghqh_7 scghqi_7
       scghqj_7 scghqk_7 scghql_7 scsf1_7 lkmove_8 xpmove_8 caruse_8 mobuse_8
       netpuse_8 smoker_8 aidxhh_8 jbhas_8 jbterm1_8 jbsemp_8 j2has_8 fiyrdia_8
       finnow_8 finfut_8 scsf2a_8 scsf2b_8 scsf3a_8 scsf3b_8 scsf4a_8 scsf4b_8 scsf5_8
       scsf6a_8 scsf6b_8 scsf6c_8 scsf7_8 scghqa_8 scghqb_8 scghqc_8 scghqd_8 scghqe_8
       scghqf_8 scghqg_8 scghqh_8 scghqi_8 scghqj_8 scghqk_8 scghql_8 scsf1_8 mobuse_9
       netpuse_9 smoker_9 jbhas_9 jbterm1_9 jbsemp_9 j2has_9 fiyrdia_9 finnow_9
       finfut_9 lkmove_10 xpmove_10 mobuse_10 netpuse_10 smoker_10 aidxhh_10 jbhas_10
       jbterm1_10 jbsemp_10 j2has_10 fiyrdia_10 finnow_10 finfut_10 scsf1_10 scsf2a_10
       scsf2b_10 scsf3a_10 scsf3b_10 scsf4a_10 scsf4b_10 scsf5_10 scsf6a_10 scsf6b_10
       scsf6c_10 scsf7_10 scghqa_10 scghqb_10 scghqc_10 scghqd_10 scghqe_10 scghqf_10
       scghqg_10 scghqh_10 scghqi_10 scghqj_10 scghqk_10 scghql_10 edu agecat female
       partner sf1 longill london north urban refresh Higher A level GCSE Other age_35
       age_55 age_75 age_102 pred_all pred_no9 pred_p567 pred_p7 pred_all_w pred_no9_w
       pred_p567_w pred_p7_w;

   MISSING=.;

   USEVARIABLES ARE
   mobuse_5
   mobuse_6
   mobuse_7
   mobuse_8
   mobuse_9
   mobuse_10;

   CATEGORICAL ARE
   mobuse_5
   mobuse_6
   mobuse_7
   mobuse_8
   mobuse_9
   mobuse_10;
   CLASSES = c(2);

    KNOWNCLASS = c(mm= 1 2);

   ANALYSIS:


      TYPE = MIXTURE;

      ESTIMATOR = MLR;

      ALGORITHM = INTEGRATION;

      Processors = 8(starts);

      STARTS = 800 200;

   Model:


      %OVERALL%

  i s | mobuse_5@0 mobuse_6@1 mobuse_7@2 mobuse_8@3 mobuse_9@4 mobuse_10@5;

   %c#1%
  [s] (a); s ;
   s WITH i ;
   i@0 ;
   [i@0];


   %c#2%
  [s] (a); s ;
   s WITH i ;
   i@0 ;
   [i@0];


   OUTPUT: SAMPSTAT;

                                  STDYX;




*** WARNING in VARIABLE command
  Note that only the first 8 characters of variable names are used in the output.
  Shorten variable names to avoid any confusion.
*** WARNING in MODEL command
  All continuous latent variable covariances involving I have been fixed to 0
  because the variance of I is fixed at 0.
*** WARNING in MODEL command
  All continuous latent variable covariances involving I have been fixed to 0
  because the variance of I is fixed at 0.
*** WARNING
  Data set contains unknown or missing values for variable MM.
  This variable is used to determine the KNOWNCLASS specification.
  Number of such cases:  458
*** WARNING
  Data set contains cases with missing on all variables.
  These cases were not included in the analysis.
  Number of cases with missing on all variables:  3
   5 WARNING(S) FOUND IN THE INPUT INSTRUCTIONS



Your title goes here

SUMMARY OF ANALYSIS

Number of groups                                                 1
Number of observations                                        1596

Number of dependent variables                                    6
Number of independent variables                                  0
Number of continuous latent variables                            2
Number of categorical latent variables                           1

Observed dependent variables

  Binary and ordered categorical (ordinal)
   MOBUSE_5    MOBUSE_6    MOBUSE_7    MOBUSE_8    MOBUSE_9    MOBUSE_1

Continuous latent variables
   I           S

Categorical latent variables
   C

  Knownclass            C


Estimator                                                      MLR
Information matrix                                        OBSERVED
Optimization Specifications for the Quasi-Newton Algorithm for
Continuous Outcomes
  Maximum number of iterations                                 100
  Convergence criterion                                  0.100D-05
Optimization Specifications for the EM Algorithm
  Maximum number of iterations                                 500
  Convergence criteria
    Loglikelihood change                                 0.100D-02
    Relative loglikelihood change                        0.100D-05
    Derivative                                           0.100D-02
Optimization Specifications for the M step of the EM Algorithm for
Categorical Latent variables
  Number of M step iterations                                    1
  M step convergence criterion                           0.100D-02
  Basis for M step termination                           ITERATION
Optimization Specifications for the M step of the EM Algorithm for
Censored, Binary or Ordered Categorical (Ordinal), Unordered
Categorical (Nominal) and Count Outcomes
  Number of M step iterations                                    1
  M step convergence criterion                           0.100D-02
  Basis for M step termination                           ITERATION
  Maximum value for logit thresholds                            15
  Minimum value for logit thresholds                           -15
  Minimum expected cell size for chi-square              0.100D-01
Maximum number of iterations for H1                           2000
Convergence criterion for H1                             0.100D-03
Optimization algorithm                                         EMA
Integration Specifications
  Type                                                    STANDARD
  Number of integration points                                  15
  Dimensions of numerical integration                            1
  Adaptive quadrature                                           ON
Random Starts Specifications
  Number of initial stage random starts                        800
  Number of final stage optimizations                          200
  Number of initial stage iterations                            10
  Initial stage convergence criterion                    0.100D+01
  Random starts scale                                    0.500D+01
  Random seed for generating random starts                       0
Link                                                         LOGIT
Cholesky                                                        ON

Input data file(s)
  data.dta
Input data format  FREE


SUMMARY OF DATA

     Number of missing data patterns            60
     Number of y missing data patterns           0
     Number of u missing data patterns          60


COVARIANCE COVERAGE OF DATA

Minimum covariance coverage value   0.100


     PROPORTION OF DATA PRESENT FOR U


           Covariance Coverage
              MOBUSE_5      MOBUSE_6      MOBUSE_7      MOBUSE_8      MOBUSE_9
              ________      ________      ________      ________      ________
 MOBUSE_5       0.670
 MOBUSE_6       0.572         0.666
 MOBUSE_7       0.458         0.489         0.633
 MOBUSE_8       0.430         0.463         0.506         0.620
 MOBUSE_9       0.405         0.434         0.470         0.517         0.591
 MOBUSE_1       0.373         0.398         0.424         0.467         0.481


           Covariance Coverage
              MOBUSE_1
              ________
 MOBUSE_1       0.555


UNIVARIATE PROPORTIONS AND COUNTS FOR CATEGORICAL VARIABLES

    MOBUSE_5
      Category 1    0.083           89.000
      Category 2    0.917          980.000
    MOBUSE_6
      Category 1    0.076           81.000
      Category 2    0.924          982.000
    MOBUSE_7
      Category 1    0.054           55.000
      Category 2    0.946          956.000
    MOBUSE_8
      Category 1    0.046           45.000
      Category 2    0.954          944.000
    MOBUSE_9
      Category 1    0.048           45.000
      Category 2    0.952          898.000
    MOBUSE_1
      Category 1    0.043           38.000
      Category 2    0.957          848.000


SAMPLE STATISTICS

RANDOM STARTS RESULTS RANKED FROM THE BEST TO THE WORST LOGLIKELIHOOD VALUES

Final stage loglikelihood values at local maxima, seeds, and initial stage start numbers:

           -2150.398  810705           626
           -2150.487  918558           412
           -2150.496  327475           518
           -2150.497  749635           420
           -2150.498  783165           170
           -2150.500  161421           519
           -2150.500  92091            649
           -2150.500  278692           342
           -2150.501  614009           317
           -2150.501  573096           20
           -2150.501  370481           742
           -2150.501  220492           743
           -2150.504  185071           370
           -2150.504  415931           10
           -2150.504  437181           135
           -2150.505  995249           525
           -2150.505  489927           520
           -2150.506  247224           94
           -2150.507  476498           179
           -2150.508  520177           262
           -2150.508  760878           249
           -2150.508  392766           331
           -2150.508  440368           797
           -2150.508  61587            400
           -2150.509  263049           454
           -2150.509  402224           91
           -2150.509  878749           728
           -2150.509  590834           785
           -2150.509  995913           787
           -2150.509  760850           739
           -2150.510  820977           776
           -2150.510  648555           113
           -2150.510  57226            208
           -2150.510  791396           243
           -2150.510  443917           60
           -2150.510  802779           122
           -2150.510  662718           460
           -2150.510  722748           346
           -2150.510  496881           192
           -2150.511  686384           690
           -2150.511  130011           587
           -2150.511  783110           72
           -2150.511  475420           71
           -2150.511  405371           569
           -2150.511  582296           452
           -2150.511  677062           680
           -2150.511  55115            408
           -2150.511  609185           181
           -2150.511  778953           635
           -2150.511  691234           250
           -2150.511  155622           507
           -2150.512  823392           479
           -2150.512  97300            640
           -2150.512  939870           655
           -2150.512  745972           521
           -2150.512  413564           535
           -2150.512  953843           651
           -2150.512  608496           4
           -2150.513  173440           328
           -2150.513  860772           174
           -2150.513  614535           449
           -2150.513  997222           229
           -2150.513  462228           298
           -2150.513  150531           154
           -2150.513  127215           9
           -2150.513  692169           308
           -2150.513  69413            472
           -2150.513  568859           49
           -2150.514  742609           531
           -2150.514  22874            588
           -2150.514  857799           315
           -2150.514  440841           118
           -2150.514  29591            633
           -2150.514  534483           290
           -2150.514  471040           403
           -2150.514  592219           119
           -2150.514  485256           371
           -2150.514  312754           562
           -2150.515  772131           407
           -2150.515  848969           173
           -2150.515  360419           356
           -2150.515  749453           33
           -2150.515  638977           643
           -2150.515  903633           553
           -2150.515  260953           589
           -2150.515  92689            304
           -2150.515  414828           322
           -2150.515  188640           451
           -2150.516  193847           354
           -2150.516  53621            483
           -2150.516  165853           105
           -2150.516  118438           601
           -2150.516  167409           772
           -2150.516  178031           720
           -2150.516  343926           624
           -2150.516  434915           552
           -2150.516  192071           142
           -2150.516  766903           505
           -2150.516  264081           186
           -2150.516  694303           282
           -2150.516  752476           614
           -2150.516  279850           555
           -2150.516  unperturbed      0
           -2150.517  211281           292
           -2150.517  78862            529
           -2150.517  563002           360
           -2150.517  137377           397
           -2150.517  138695           783
           -2150.517  173191           422
           -2150.517  212934           568
           -2150.518  502532           445
           -2150.518  123985           248
           -2150.518  291112           645
           -2150.518  471398           74
           -2150.518  887676           22
           -2150.518  370957           554
           -2150.518  246575           291
           -2150.518  244349           736
           -2150.518  519357           559
           -2150.518  375590           438
           -2150.518  476393           705
           -2150.518  588923           606
           -2150.519  860029           760
           -2150.519  59674            240
           -2150.519  788796           145
           -2150.519  782200           84
           -2150.519  93468            3
           -2150.519  961454           665
           -2150.519  402699           604
           -2150.519  238906           430
           -2150.519  358074           560
           -2150.520  838615           677
           -2150.520  556929           734
           -2150.520  881886           608
           -2150.520  46437            153
           -2150.520  501995           791
           -2150.520  51375            148
           -2150.520  321390           133
           -2150.520  459221           652
           -2150.521  27071            15
           -2150.521  922042           492
           -2150.522  89970            223
           -2150.522  596257           405
           -2150.522  945065           255
           -2150.522  418686           338
           -2150.524  570782           193
           -2150.525  85114            385
           -2150.525  474357           789
           -2150.525  876943           650
           -2150.526  358488           264
           -2150.527  294669           501
           -2150.529  164305           128
           -2150.529  1548             384
           -2150.531  939021           8
           -2150.532  136842           58
           -2150.533  937225           394
           -2150.533  638577           769
           -2150.536  178475           231
           -2150.536  507218           613
           -2150.537  673496           218
           -2150.538  12477            155
           -2150.538  985387           381
           -2150.541  689529           516
           -2150.543  366706           29
           -2150.546  569338           755
           -2150.547  392407           221
           -2150.547  247912           537
           -2150.548  109357           765
           -2150.548  416463           467
           -2150.551  443442           380
           -2150.558  204959           695
           -2150.558  354395           486
           -2150.558  496703           758
           -2150.559  930872           277
           -2150.563  436460           89
           -2150.576  369602           146
           -2150.577  220454           288
           -2150.584  241197           747
           -2150.587  856536           144
           -2150.612  562716           300
           -2150.621  422103           62
           -2150.631  699554           427
           -2150.637  25127            107
           -2150.639  824956           607
           -2150.643  46502            714
           -2150.644  801065           393
           -2150.649  15715            274
           -2150.652  798821           423
           -2150.652  253358           2
           -2150.652  91231            727
           -2150.654  399508           415
           -2150.654  957392           79
           -2150.656  851945           18
           -2150.657  521575           313
           -2150.658  373815           618
           -2150.658  604861           800
           -2150.658  798839           312
           -2150.659  781190           219
           -2150.659  349263           263
           -2150.659  605565           404



THE BEST LOGLIKELIHOOD VALUE HAS BEEN REPLICATED.  RERUN WITH AT LEAST TWICE THE
RANDOM STARTS TO CHECK THAT THE BEST LOGLIKELIHOOD IS STILL OBTAINED AND REPLICATED.


THE MODEL ESTIMATION TERMINATED NORMALLY



MODEL FIT INFORMATION

Number of Free Parameters                        5

Loglikelihood

          H0 Value                       -2150.398
          H0 Scaling Correction Factor      1.0216
            for MLR

Information Criteria

          Akaike (AIC)                    4310.796
          Bayesian (BIC)                  4337.673
          Sample-Size Adjusted BIC        4321.789
            (n* = (n + 2) / 24)

Chi-Square Test of Model Fit for the Binary and Ordered Categorical
(Ordinal) Outcomes**

          Pearson Chi-Square

          Value                           1154.556
          Degrees of Freedom                   109
          P-Value                           0.0000

          Likelihood Ratio Chi-Square

          Value                            422.606
          Degrees of Freedom                   109
          P-Value                           0.0000

** Of the 696 cells in the latent class indicator table, 4
   were deleted in the calculation of chi-square due to extreme values.

Chi-Square Test for MCAR under the Unrestricted Latent Class Indicator Model

          Pearson Chi-Square

          Value                            598.186
          Degrees of Freedom                  1145
          P-Value                           1.0000

          Likelihood Ratio Chi-Square

          Value                            299.789
          Degrees of Freedom                  1145
          P-Value                           1.0000



FINAL CLASS COUNTS AND PROPORTIONS FOR THE LATENT CLASSES
BASED ON THE ESTIMATED MODEL

    Latent
   Classes

       1        920.00000          0.57644
       2        676.00000          0.42356


MODEL RESULTS

                                                    Two-Tailed
                    Estimate       S.E.  Est./S.E.    P-Value

Latent Class 1 (1)

 I        |
    MOBUSE_5           1.000      0.000    999.000    999.000
    MOBUSE_6           1.000      0.000    999.000    999.000
    MOBUSE_7           1.000      0.000    999.000    999.000
    MOBUSE_8           1.000      0.000    999.000    999.000
    MOBUSE_9           1.000      0.000    999.000    999.000
    MOBUSE_10          1.000      0.000    999.000    999.000

 S        |
    MOBUSE_5           0.000      0.000    999.000    999.000
    MOBUSE_6           1.000      0.000    999.000    999.000
    MOBUSE_7           2.000      0.000    999.000    999.000
    MOBUSE_8           3.000      0.000    999.000    999.000
    MOBUSE_9           4.000      0.000    999.000    999.000
    MOBUSE_10          5.000      0.000    999.000    999.000

 S        WITH
    I                  0.000      0.000    999.000    999.000

 Means
    I                  0.000      0.000    999.000    999.000
    S                  3.443      0.695      4.956      0.000

 Thresholds
    MOBUSE_5$1        -2.158      0.105    -20.522      0.000
    MOBUSE_6$1        -2.158      0.105    -20.522      0.000
    MOBUSE_7$1        -2.158      0.105    -20.522      0.000
    MOBUSE_8$1        -2.158      0.105    -20.522      0.000
    MOBUSE_9$1        -2.158      0.105    -20.522      0.000
    MOBUSE_1$1        -2.158      0.105    -20.522      0.000

 Variances
    I                  0.000      0.000    999.000    999.000
    S                 10.709      4.452      2.405      0.016

Latent Class 2 (2)

 I        |
    MOBUSE_5           1.000      0.000    999.000    999.000
    MOBUSE_6           1.000      0.000    999.000    999.000
    MOBUSE_7           1.000      0.000    999.000    999.000
    MOBUSE_8           1.000      0.000    999.000    999.000
    MOBUSE_9           1.000      0.000    999.000    999.000
    MOBUSE_10          1.000      0.000    999.000    999.000

 S        |
    MOBUSE_5           0.000      0.000    999.000    999.000
    MOBUSE_6           1.000      0.000    999.000    999.000
    MOBUSE_7           2.000      0.000    999.000    999.000
    MOBUSE_8           3.000      0.000    999.000    999.000
    MOBUSE_9           4.000      0.000    999.000    999.000
    MOBUSE_10          5.000      0.000    999.000    999.000

 S        WITH
    I                  0.000      0.000    999.000    999.000

 Means
    I                  0.000      0.000    999.000    999.000
    S                  3.443      0.695      4.956      0.000

 Thresholds
    MOBUSE_5$1        -2.158      0.105    -20.522      0.000
    MOBUSE_6$1        -2.158      0.105    -20.522      0.000
    MOBUSE_7$1        -2.158      0.105    -20.522      0.000
    MOBUSE_8$1        -2.158      0.105    -20.522      0.000
    MOBUSE_9$1        -2.158      0.105    -20.522      0.000
    MOBUSE_1$1        -2.158      0.105    -20.522      0.000

 Variances
    I                  0.000      0.000    999.000    999.000
    S                  8.628      3.933      2.194      0.028

Categorical Latent Variables

 Means
    C#1                0.308      0.051      6.084      0.000


STANDARDIZED MODEL RESULTS


STDYX Standardization

                                                    Two-Tailed
                    Estimate       S.E.  Est./S.E.    P-Value

Latent Class 1 (1)

 I        |
    MOBUSE_5         999.000    999.000    999.000    999.000
    MOBUSE_6         999.000    999.000    999.000    999.000
    MOBUSE_7         999.000    999.000    999.000    999.000
    MOBUSE_8         999.000    999.000    999.000    999.000
    MOBUSE_9         999.000    999.000    999.000    999.000
    MOBUSE_10        999.000    999.000    999.000    999.000

 S        |
    MOBUSE_5           0.000      0.000    999.000    999.000
    MOBUSE_6           0.875      0.043     20.470      0.000
    MOBUSE_7           0.964      0.014     67.448      0.000
    MOBUSE_8           0.983      0.007    145.745      0.000
    MOBUSE_9           0.991      0.004    255.361      0.000
    MOBUSE_10          0.994      0.003    396.296      0.000

 S        WITH
    I                999.000    999.000    999.000    999.000

 Means
    I                999.000    999.000    999.000    999.000
    S                  1.052      0.016     66.539      0.000

 Thresholds
    MOBUSE_5$1        -1.189      0.058    -20.522      0.000
    MOBUSE_6$1        -0.577      0.095     -6.086      0.000
    MOBUSE_7$1        -0.318      0.063     -5.075      0.000
    MOBUSE_8$1        -0.216      0.044     -4.883      0.000
    MOBUSE_9$1        -0.163      0.034     -4.816      0.000
    MOBUSE_1$1        -0.131      0.027     -4.785      0.000

 Variances
    I                999.000    999.000    999.000    999.000
    S                  1.000      0.000    999.000    999.000

Latent Class 2 (2)

 I        |
    MOBUSE_5         999.000    999.000    999.000    999.000
    MOBUSE_6         999.000    999.000    999.000    999.000
    MOBUSE_7         999.000    999.000    999.000    999.000
    MOBUSE_8         999.000    999.000    999.000    999.000
    MOBUSE_9         999.000    999.000    999.000    999.000
    MOBUSE_10        999.000    999.000    999.000    999.000

 S        |
    MOBUSE_5           0.000      0.000    999.000    999.000
    MOBUSE_6           0.851      0.054     15.894      0.000
    MOBUSE_7           0.955      0.019     50.413      0.000
    MOBUSE_8           0.979      0.009    107.944      0.000
    MOBUSE_9           0.988      0.005    188.488      0.000
    MOBUSE_10          0.992      0.003    292.045      0.000

 S        WITH
    I                999.000    999.000    999.000    999.000

 Means
    I                999.000    999.000    999.000    999.000
    S                  1.172      0.047     24.694      0.000

 Thresholds
    MOBUSE_5$1        -1.189      0.058    -20.522      0.000
    MOBUSE_6$1        -0.625      0.106     -5.879      0.000
    MOBUSE_7$1        -0.351      0.074     -4.723      0.000
    MOBUSE_8$1        -0.240      0.053     -4.503      0.000
    MOBUSE_9$1        -0.181      0.041     -4.426      0.000
    MOBUSE_1$1        -0.146      0.033     -4.391      0.000

 Variances
    I                999.000    999.000    999.000    999.000
    S                  1.000      0.000    999.000    999.000


R-SQUARE

Class 1

    Observed                                        Two-Tailed
    Variable        Estimate       S.E.  Est./S.E.    P-Value

    MOBUSE_5           0.000      0.000    999.000    999.000
    MOBUSE_6           0.765      0.075     10.235      0.000
    MOBUSE_7           0.929      0.028     33.724      0.000
    MOBUSE_8           0.967      0.013     72.873      0.000
    MOBUSE_9           0.981      0.008    127.681      0.000
    MOBUSE_1           0.988      0.005    198.148      0.000

Class 2

    Observed                                        Two-Tailed
    Variable        Estimate       S.E.  Est./S.E.    P-Value

    MOBUSE_5           0.000      0.000    999.000    999.000
    MOBUSE_6           0.724      0.091      7.947      0.000
    MOBUSE_7           0.913      0.036     25.206      0.000
    MOBUSE_8           0.959      0.018     53.972      0.000
    MOBUSE_9           0.977      0.010     94.244      0.000
    MOBUSE_1           0.985      0.007    146.022      0.000


QUALITY OF NUMERICAL RESULTS

     Condition Number for the Information Matrix              0.392E-02
       (ratio of smallest to largest eigenvalue)


DIAGRAM INFORMATION

  Mplus diagrams are currently not available for Mixture analysis.
  No diagram output was produced.


     Beginning Time:  11:03:48
        Ending Time:  11:07:03
       Elapsed Time:  00:03:15



MUTHEN & MUTHEN
3463 Stoner Ave.
Los Angeles, CA  90066

Tel: (310) 391-9971
Fax: (310) 391-8971
Web: www.StatModel.com
Support: Support@StatModel.com

Copyright (c) 1998-2019 Muthen & Muthen
