Mplus VERSION 8.3
MUTHEN & MUTHEN
07/31/2020  12:03 PM

INPUT INSTRUCTIONS

  TITLE: Your title goes here

   DATA: FILE = data.dta;

   VARIABLE:

   NAMES = pidp gridmode mm hidp_5 hidp_6 hidp_7 hidp_8 hidp_9 hidp_10 indmode_5
       indmode_6 indmode_7 indmode_8 indmode_9 indmode_10 mode_type_all mode_type_no9
       mode_type_567 mode_type_7 all no9 p567 p7 switch_all switch_no9 switch_567
       switch_7 lkmove_5 xpmove_5 caruse_5 mobuse_5 netpuse_5 aidxhh_5 jbhas_5 j2has_5
       finnow_5 finfut_5 howlng_5 vote1_5 vote6_5 scsf1_5 scsf2a_5 scsf2b_5 scsf3a_5
       scsf3b_5 scsf4a_5 scsf4b_5 scsf5_5 scsf6a_5 scsf6b_5 scsf6c_5 scsf7_5 scghqa_5
       scghqb_5 scghqc_5 scghqd_5 scghqe_5 scghqf_5 scghqg_5 scghqh_5 scghqi_5
       scghqj_5 scghqk_5 scghql_5 lkmove_6 xpmove_6 caruse_6 mobuse_6 netpuse_6
       aidxhh_6 jbhas_6 j2has_6 finnow_6 finfut_6 howlng_6 vote1_6 vote6_6 scsf1_6
       scsf2a_6 scsf2b_6 scsf3a_6 scsf3b_6 scsf4a_6 scsf4b_6 scsf5_6 scsf6a_6 scsf6b_6
       scsf6c_6 scsf7_6 scghqa_6 scghqb_6 scghqc_6 scghqd_6 scghqe_6 scghqf_6 scghqg_6
       scghqh_6 scghqi_6 scghqj_6 scghqk_6 scghql_6 lkmove_7 xpmove_7 caruse_7
       mobuse_7 netpuse_7 smoker_7 aidxhh_7 jbhas_7 jbterm1_7 jbsemp_7 j2has_7
       fiyrdia_7 finnow_7 finfut_7 howlng_7 vote1_7 vote6_7 scsf2a_7 scsf2b_7 scsf3a_7
       scsf3b_7 scsf4a_7 scsf4b_7 scsf5_7 scsf6a_7 scsf6b_7 scsf6c_7 scsf7_7 scghqa_7
       scghqb_7 scghqc_7 scghqd_7 scghqe_7 scghqf_7 scghqg_7 scghqh_7 scghqi_7
       scghqj_7 scghqk_7 scghql_7 scsf1_7 lkmove_8 xpmove_8 caruse_8 mobuse_8
       netpuse_8 smoker_8 aidxhh_8 jbhas_8 jbterm1_8 jbsemp_8 j2has_8 fiyrdia_8
       finnow_8 finfut_8 scsf2a_8 scsf2b_8 scsf3a_8 scsf3b_8 scsf4a_8 scsf4b_8 scsf5_8
       scsf6a_8 scsf6b_8 scsf6c_8 scsf7_8 scghqa_8 scghqb_8 scghqc_8 scghqd_8 scghqe_8
       scghqf_8 scghqg_8 scghqh_8 scghqi_8 scghqj_8 scghqk_8 scghql_8 scsf1_8 mobuse_9
       netpuse_9 smoker_9 jbhas_9 jbterm1_9 jbsemp_9 j2has_9 fiyrdia_9 finnow_9
       finfut_9 lkmove_10 xpmove_10 mobuse_10 netpuse_10 smoker_10 aidxhh_10 jbhas_10
       jbterm1_10 jbsemp_10 j2has_10 fiyrdia_10 finnow_10 finfut_10 scsf1_10 scsf2a_10
       scsf2b_10 scsf3a_10 scsf3b_10 scsf4a_10 scsf4b_10 scsf5_10 scsf6a_10 scsf6b_10
       scsf6c_10 scsf7_10 scghqa_10 scghqb_10 scghqc_10 scghqd_10 scghqe_10 scghqf_10
       scghqg_10 scghqh_10 scghqi_10 scghqj_10 scghqk_10 scghql_10 edu agecat female
       partner sf1 longill london north urban refresh Higher A level GCSE Other age_35
       age_55 age_75 age_102 pred_all pred_no9 pred_p567 pred_p7 pred_all_w pred_no9_w
       pred_p567_w pred_p7_w;

   MISSING=.;

   USEVARIABLES ARE
   scsf5_5
   scsf5_6
   scsf5_7
   scsf5_8
   scsf5_10;
   CLASSES = c(2);

    KNOWNCLASS = c(no9= 1 2);
  WEIGHT IS pred_no9_w;

   ANALYSIS:


      TYPE = MIXTURE;

      ESTIMATOR = MLR;

      ALGORITHM = INTEGRATION;

      Processors = 8(starts);

      STARTS = 400 100;

   Model:


      %OVERALL%

  i s | scsf5_5@0 scsf5_6@1 scsf5_7@2 scsf5_8@3 scsf5_10@5;

   %c#1%
  [s] (a); s ;
   s WITH i ;
   i ;


   %c#2%
  [s] (a); s ;
   s WITH i ;
   i ;


   OUTPUT: SAMPSTAT;

                                  STDYX;




*** WARNING
  Data set contains unknown or missing values for variable NO9.
  This variable is used to determine the KNOWNCLASS specification.
  Number of such cases:  111
*** WARNING
  Data set contains cases with missing on all variables.
  These cases were not included in the analysis.
  Number of cases with missing on all variables:  101
   2 WARNING(S) FOUND IN THE INPUT INSTRUCTIONS



Your title goes here

SUMMARY OF ANALYSIS

Number of groups                                                 1
Number of observations                                        1845

Number of dependent variables                                    5
Number of independent variables                                  0
Number of continuous latent variables                            2
Number of categorical latent variables                           1

Observed dependent variables

  Continuous
   SCSF5_5     SCSF5_6     SCSF5_7     SCSF5_8     SCSF5_10

Continuous latent variables
   I           S

Categorical latent variables
   C

  Knownclass            C

Variables with special functions

  Weight variable       PRED_NO9

Estimator                                                      MLR
Information matrix                                        OBSERVED
Optimization Specifications for the Quasi-Newton Algorithm for
Continuous Outcomes
  Maximum number of iterations                                 100
  Convergence criterion                                  0.100D-05
Optimization Specifications for the EM Algorithm
  Maximum number of iterations                                 500
  Convergence criteria
    Loglikelihood change                                 0.100D-02
    Relative loglikelihood change                        0.100D-05
    Derivative                                           0.100D-02
Optimization Specifications for the M step of the EM Algorithm for
Categorical Latent variables
  Number of M step iterations                                    1
  M step convergence criterion                           0.100D-02
  Basis for M step termination                           ITERATION
Optimization Specifications for the M step of the EM Algorithm for
Censored, Binary or Ordered Categorical (Ordinal), Unordered
Categorical (Nominal) and Count Outcomes
  Number of M step iterations                                    1
  M step convergence criterion                           0.100D-02
  Basis for M step termination                           ITERATION
  Maximum value for logit thresholds                            15
  Minimum value for logit thresholds                           -15
  Minimum expected cell size for chi-square              0.100D-01
Maximum number of iterations for H1                           2000
Convergence criterion for H1                             0.100D-03
Optimization algorithm                                         EMA
Integration Specifications
  Type                                                    STANDARD
  Number of integration points                                  15
  Dimensions of numerical integration                            0
  Adaptive quadrature                                           ON
Random Starts Specifications
  Number of initial stage random starts                        400
  Number of final stage optimizations                          100
  Number of initial stage iterations                            10
  Initial stage convergence criterion                    0.100D+01
  Random starts scale                                    0.500D+01
  Random seed for generating random starts                       0
Cholesky                                                       OFF

Input data file(s)
  data.dta
Input data format  FREE


SUMMARY OF DATA

     Number of missing data patterns            31
     Number of y missing data patterns          31
     Number of u missing data patterns           0


COVARIANCE COVERAGE OF DATA

Minimum covariance coverage value   0.100


     PROPORTION OF DATA PRESENT FOR Y


           Covariance Coverage
              SCSF5_5       SCSF5_6       SCSF5_7       SCSF5_8       SCSF5_10
              ________      ________      ________      ________      ________
 SCSF5_5        0.385
 SCSF5_6        0.292         0.457
 SCSF5_7        0.266         0.340         0.598
 SCSF5_8        0.254         0.328         0.478         0.584
 SCSF5_10       0.224         0.289         0.403         0.435         0.648


SAMPLE STATISTICS


     ESTIMATED SAMPLE STATISTICS FOR CLASS 1


           Means
              SCSF5_5       SCSF5_6       SCSF5_7       SCSF5_8       SCSF5_10
              ________      ________      ________      ________      ________
                1.999         1.992         1.934         2.007         2.085


           Covariances
              SCSF5_5       SCSF5_6       SCSF5_7       SCSF5_8       SCSF5_10
              ________      ________      ________      ________      ________
 SCSF5_5        1.597
 SCSF5_6        0.928         1.367
 SCSF5_7        0.769         0.777         1.343
 SCSF5_8        0.882         0.747         0.817         1.450
 SCSF5_10       0.960         0.923         0.769         0.945         1.407


           Correlations
              SCSF5_5       SCSF5_6       SCSF5_7       SCSF5_8       SCSF5_10
              ________      ________      ________      ________      ________
 SCSF5_5        1.000
 SCSF5_6        0.628         1.000
 SCSF5_7        0.525         0.573         1.000
 SCSF5_8        0.580         0.531         0.586         1.000
 SCSF5_10       0.641         0.666         0.560         0.662         1.000


     ESTIMATED SAMPLE STATISTICS FOR CLASS 2


           Means
              SCSF5_5       SCSF5_6       SCSF5_7       SCSF5_8       SCSF5_10
              ________      ________      ________      ________      ________
                1.770         1.840         1.668         1.784         1.842


           Covariances
              SCSF5_5       SCSF5_6       SCSF5_7       SCSF5_8       SCSF5_10
              ________      ________      ________      ________      ________
 SCSF5_5        0.989
 SCSF5_6        0.616         1.113
 SCSF5_7        0.481         0.526         0.891
 SCSF5_8        0.541         0.618         0.482         1.029
 SCSF5_10       0.540         0.612         0.383         0.582         1.040


           Correlations
              SCSF5_5       SCSF5_6       SCSF5_7       SCSF5_8       SCSF5_10
              ________      ________      ________      ________      ________
 SCSF5_5        1.000
 SCSF5_6        0.587         1.000
 SCSF5_7        0.512         0.529         1.000
 SCSF5_8        0.537         0.578         0.503         1.000
 SCSF5_10       0.532         0.569         0.398         0.562         1.000


UNIVARIATE SAMPLE STATISTICS


     UNIVARIATE HIGHER-ORDER MOMENT DESCRIPTIVE STATISTICS

         Variable/         Mean/     Skewness/   Minimum/ % with                Percentiles
        Sample Size      Variance    Kurtosis    Maximum  Min/Max      20%/60%    40%/80%    Median

     SCSF5_5               1.873       1.264       1.000   56.34%       1.000      1.000      1.000
             710.000       1.323       0.624       5.000    3.10%       2.000      2.000
     SCSF5_6               1.932       1.053       1.000   52.61%       1.000      1.000      1.000
             844.000       1.286       0.026       5.000    2.49%       2.000      2.000
     SCSF5_7               1.810       1.292       1.000   56.97%       1.000      1.000      1.000
            1104.000       1.184       0.738       5.000    2.45%       2.000      2.000
     SCSF5_8               1.907       1.142       1.000   54.50%       1.000      1.000      1.000
            1077.000       1.266       0.375       5.000    2.14%       2.000      2.000
     SCSF5_10              1.957       1.007       1.000   52.42%       1.000      1.000      1.000
            1196.000       1.267      -0.014       5.000    2.51%       2.000      2.000

RANDOM STARTS RESULTS RANKED FROM THE BEST TO THE WORST LOGLIKELIHOOD VALUES

Final stage loglikelihood values at local maxima, seeds, and initial stage start numbers:

           -9177.544  232559           136
           -9177.544  673496           218
           -9177.544  830529           279
           -9177.544  722748           346
           -9177.544  872743           374
           -9177.544  821011           161
           -9177.544  723775           97
           -9177.544  887676           22
           -9177.544  unperturbed      0
           -9177.544  22089            143
           -9177.544  851945           18
           -9177.544  648555           113
           -9177.544  797594           234
           -9177.544  592219           119
           -9177.544  313407           132
           -9177.544  345070           114
           -9177.544  164305           128
           -9177.544  468036           131
           -9177.544  246575           291
           -9177.544  573096           20
           -9177.544  292884           103
           -9177.544  399848           220
           -9177.544  440841           118
           -9177.544  471438           252
           -9177.544  49221            254
           -9177.544  863094           147
           -9177.544  692169           308
           -9177.544  625191           350
           -9177.544  319144           176
           -9177.544  526324           178
           -9177.544  563002           360
           -9177.544  830570           369
           -9177.544  371246           101
           -9177.544  635245           121
           -9177.544  80438            246
           -9177.544  603842           61
           -9177.544  529455           268
           -9177.544  688839           273
           -9177.544  829540           324
           -9177.544  602797           336
           -9177.544  780698           337
           -9177.544  485256           371
           -9177.544  458181           189
           -9177.544  533738           11
           -9177.544  97158            205
           -9177.544  626891           32
           -9177.544  342019           301
           -9177.544  521575           313
           -9177.544  215353           164
           -9177.544  349562           359
           -9177.544  264081           186
           -9177.544  318230           46
           -9177.544  61587            400
           -9177.544  76451            211
           -9177.544  170118           238
           -9177.544  970689           266
           -9177.544  782821           272
           -9177.544  789985           67
           -9177.544  264935           281
           -9177.544  281462           285
           -9177.544  193042           316
           -9177.544  637345           19
           -9177.544  535063           329
           -9177.544  782200           84
           -9177.544  441191           361
           -9177.544  570908           98
           -9177.544  576596           99
           -9177.544  575700           100
           -9177.544  997222           229
           -9177.544  595153           230
           -9177.544  752769           253
           -9177.544  939021           8
           -9177.544  679832           302
           -9177.544  644297           340
           -9177.544  132336           362
           -9177.544  835767           210
           -9177.544  551639           55
           -9177.544  89970            223
           -9177.544  153942           31
           -9177.544  783110           72
           -9177.544  284109           82
           -9177.544  170954           86
           -9177.544  850545           357
           -9177.544  407168           44
           -9177.544  777045           377
           -9177.544  1548             384
           -9177.544  569131           26
           -9177.544  645664           39
           -9177.544  783165           170
           -9177.544  40340            188
           -9177.544  928287           197
           -9177.544  642909           251
           -9177.544  467339           66
           -9177.544  281558           184
           -9177.544  393232           152
           -9177.544  12477            155
           -9177.544  606576           151
           -9177.544  36714            201
           -9177.544  21132            351
           -9177.544  85462            51



THE BEST LOGLIKELIHOOD VALUE HAS BEEN REPLICATED.  RERUN WITH AT LEAST TWICE THE
RANDOM STARTS TO CHECK THAT THE BEST LOGLIKELIHOOD IS STILL OBTAINED AND REPLICATED.


THE MODEL ESTIMATION TERMINATED NORMALLY

     WARNING:  THE LATENT VARIABLE COVARIANCE MATRIX (PSI) IS NOT POSITIVE
     DEFINITE.  THIS COULD INDICATE A NEGATIVE VARIANCE/RESIDUAL VARIANCE FOR A
     LATENT VARIABLE, A CORRELATION GREATER OR EQUAL TO ONE BETWEEN TWO LATENT
     VARIABLES, OR A LINEAR DEPENDENCY AMONG MORE THAN TWO LATENT VARIABLES.
     CHECK THE TECH4 OUTPUT FOR MORE INFORMATION.



MODEL FIT INFORMATION

Number of Free Parameters                       15

Loglikelihood

          H0 Value                       -9177.544
          H0 Scaling Correction Factor      3.0750
            for MLR

Information Criteria

          Akaike (AIC)                   18385.089
          Bayesian (BIC)                 18467.892
          Sample-Size Adjusted BIC       18420.238
            (n* = (n + 2) / 24)



FINAL CLASS COUNTS AND PROPORTIONS FOR THE LATENT CLASSES
BASED ON THE ESTIMATED MODEL

    Latent
   Classes

       1       1176.30738          0.63756
       2        668.69262          0.36244


MODEL RESULTS

                                                    Two-Tailed
                    Estimate       S.E.  Est./S.E.    P-Value

Latent Class 1 (1)

 I        |
    SCSF5_5            1.000      0.000    999.000    999.000
    SCSF5_6            1.000      0.000    999.000    999.000
    SCSF5_7            1.000      0.000    999.000    999.000
    SCSF5_8            1.000      0.000    999.000    999.000
    SCSF5_10           1.000      0.000    999.000    999.000

 S        |
    SCSF5_5            0.000      0.000    999.000    999.000
    SCSF5_6            1.000      0.000    999.000    999.000
    SCSF5_7            2.000      0.000    999.000    999.000
    SCSF5_8            3.000      0.000    999.000    999.000
    SCSF5_10           5.000      0.000    999.000    999.000

 S        WITH
    I                 -0.007      0.022     -0.334      0.738

 Means
    I                  1.973      0.053     37.238      0.000
    S                  0.014      0.009      1.605      0.109

 Intercepts
    SCSF5_5            0.000      0.000    999.000    999.000
    SCSF5_6            0.000      0.000    999.000    999.000
    SCSF5_7            0.000      0.000    999.000    999.000
    SCSF5_8            0.000      0.000    999.000    999.000
    SCSF5_10           0.000      0.000    999.000    999.000

 Variances
    I                  0.880      0.098      9.004      0.000
    S                  0.004      0.007      0.560      0.575

 Residual Variances
    SCSF5_5            0.544      0.070      7.765      0.000
    SCSF5_6            0.508      0.055      9.178      0.000
    SCSF5_7            0.570      0.067      8.516      0.000
    SCSF5_8            0.533      0.061      8.670      0.000
    SCSF5_10           0.465      0.076      6.153      0.000

Latent Class 2 (2)

 I        |
    SCSF5_5            1.000      0.000    999.000    999.000
    SCSF5_6            1.000      0.000    999.000    999.000
    SCSF5_7            1.000      0.000    999.000    999.000
    SCSF5_8            1.000      0.000    999.000    999.000
    SCSF5_10           1.000      0.000    999.000    999.000

 S        |
    SCSF5_5            0.000      0.000    999.000    999.000
    SCSF5_6            1.000      0.000    999.000    999.000
    SCSF5_7            2.000      0.000    999.000    999.000
    SCSF5_8            3.000      0.000    999.000    999.000
    SCSF5_10           5.000      0.000    999.000    999.000

 S        WITH
    I                  0.002      0.017      0.095      0.924

 Means
    I                  1.759      0.048     36.681      0.000
    S                  0.014      0.009      1.605      0.109

 Intercepts
    SCSF5_5            0.000      0.000    999.000    999.000
    SCSF5_6            0.000      0.000    999.000    999.000
    SCSF5_7            0.000      0.000    999.000    999.000
    SCSF5_8            0.000      0.000    999.000    999.000
    SCSF5_10           0.000      0.000    999.000    999.000

 Variances
    I                  0.533      0.089      6.013      0.000
    S                  0.000      0.006     -0.015      0.988

 Residual Variances
    SCSF5_5            0.544      0.070      7.765      0.000
    SCSF5_6            0.508      0.055      9.178      0.000
    SCSF5_7            0.570      0.067      8.516      0.000
    SCSF5_8            0.533      0.061      8.670      0.000
    SCSF5_10           0.465      0.076      6.153      0.000

Categorical Latent Variables

 Means
    C#1                0.565      0.066      8.556      0.000


STANDARDIZED MODEL RESULTS


STDYX Standardization

                                                    Two-Tailed
                    Estimate       S.E.  Est./S.E.    P-Value

Latent Class 1 (1)

 I        |
    SCSF5_5            0.786      0.028     27.684      0.000
    SCSF5_6            0.799      0.034     23.693      0.000
    SCSF5_7            0.783      0.039     19.976      0.000
    SCSF5_8            0.791      0.040     19.738      0.000
    SCSF5_10           0.800      0.050     15.897      0.000

 S        |
    SCSF5_5            0.000      0.000    999.000    999.000
    SCSF5_6            0.055      0.049      1.119      0.263
    SCSF5_7            0.108      0.097      1.116      0.264
    SCSF5_8            0.163      0.146      1.117      0.264
    SCSF5_10           0.275      0.245      1.123      0.261

 S        WITH
    I                 -0.124      0.289     -0.428      0.669

 Means
    I                  2.102      0.096     21.855      0.000
    S                  0.215      0.244      0.880      0.379

 Intercepts
    SCSF5_5            0.000      0.000    999.000    999.000
    SCSF5_6            0.000      0.000    999.000    999.000
    SCSF5_7            0.000      0.000    999.000    999.000
    SCSF5_8            0.000      0.000    999.000    999.000
    SCSF5_10           0.000      0.000    999.000    999.000

 Variances
    I                  1.000      0.000    999.000    999.000
    S                  1.000      0.000    999.000    999.000

 Residual Variances
    SCSF5_5            0.382      0.045      8.559      0.000
    SCSF5_6            0.369      0.037     10.002      0.000
    SCSF5_7            0.397      0.035     11.307      0.000
    SCSF5_8            0.379      0.037     10.218      0.000
    SCSF5_10           0.338      0.058      5.804      0.000

Latent Class 2 (2)

 I        |
    SCSF5_5            0.703      0.042     16.895      0.000
    SCSF5_6            0.715      0.045     15.862      0.000
    SCSF5_7            0.693      0.048     14.410      0.000
    SCSF5_8            0.704      0.053     13.395      0.000
    SCSF5_10           0.726      0.061     11.897      0.000

 S        |
    SCSF5_5          999.000    999.000    999.000    999.000
    SCSF5_6          999.000    999.000    999.000    999.000
    SCSF5_7          999.000    999.000    999.000    999.000
    SCSF5_8          999.000    999.000    999.000    999.000
    SCSF5_10         999.000    999.000    999.000    999.000

 S        WITH
    I                999.000    999.000    999.000    999.000

 Means
    I                  2.410      0.167     14.396      0.000
    S                999.000    999.000    999.000    999.000

 Intercepts
    SCSF5_5            0.000      0.000    999.000    999.000
    SCSF5_6            0.000      0.000    999.000    999.000
    SCSF5_7            0.000      0.000    999.000    999.000
    SCSF5_8            0.000      0.000    999.000    999.000
    SCSF5_10           0.000      0.000    999.000    999.000

 Variances
    I                  1.000      0.000    999.000    999.000
    S                999.000    999.000    999.000    999.000

 Residual Variances
    SCSF5_5            0.505      0.059      8.626      0.000
    SCSF5_6            0.486      0.047     10.288      0.000
    SCSF5_7            0.514      0.041     12.509      0.000
    SCSF5_8            0.496      0.045     11.038      0.000
    SCSF5_10           0.460      0.078      5.874      0.000


R-SQUARE

Class 1

    Observed                                        Two-Tailed
    Variable        Estimate       S.E.  Est./S.E.    P-Value

    SCSF5_5            0.618      0.045     13.842      0.000
    SCSF5_6            0.631      0.037     17.128      0.000
    SCSF5_7            0.603      0.035     17.187      0.000
    SCSF5_8            0.621      0.037     16.742      0.000
    SCSF5_10           0.662      0.058     11.346      0.000

Class 2

    Observed                                        Two-Tailed
    Variable        Estimate       S.E.  Est./S.E.    P-Value

    SCSF5_5            0.495      0.059      8.448      0.000
    SCSF5_6            0.514      0.047     10.863      0.000
    SCSF5_7            0.486      0.041     11.822      0.000
    SCSF5_8            0.504      0.045     11.226      0.000
    SCSF5_10           0.540      0.078      6.901      0.000


QUALITY OF NUMERICAL RESULTS

     Condition Number for the Information Matrix              0.387E-03
       (ratio of smallest to largest eigenvalue)


     Beginning Time:  12:03:13
        Ending Time:  12:03:27
       Elapsed Time:  00:00:14



MUTHEN & MUTHEN
3463 Stoner Ave.
Los Angeles, CA  90066

Tel: (310) 391-9971
Fax: (310) 391-8971
Web: www.StatModel.com
Support: Support@StatModel.com

Copyright (c) 1998-2019 Muthen & Muthen
