Mplus VERSION 8.3
MUTHEN & MUTHEN
07/30/2020   1:23 PM

INPUT INSTRUCTIONS

  TITLE: Your title goes here

   DATA: FILE = data.dta;

   VARIABLE:

   NAMES = pidp gridmode mm hidp_5 hidp_6 hidp_7 hidp_8 hidp_9 hidp_10 indmode_5
       indmode_6 indmode_7 indmode_8 indmode_9 indmode_10 mode_type_all mode_type_no9
       mode_type_567 mode_type_7 all no9 p567 p7 switch_all switch_no9 switch_567
       switch_7 lkmove_5 xpmove_5 caruse_5 mobuse_5 netpuse_5 aidxhh_5 jbhas_5 j2has_5
       finnow_5 finfut_5 howlng_5 vote1_5 vote6_5 scsf1_5 scsf2a_5 scsf2b_5 scsf3a_5
       scsf3b_5 scsf4a_5 scsf4b_5 scsf5_5 scsf6a_5 scsf6b_5 scsf6c_5 scsf7_5 scghqa_5
       scghqb_5 scghqc_5 scghqd_5 scghqe_5 scghqf_5 scghqg_5 scghqh_5 scghqi_5
       scghqj_5 scghqk_5 scghql_5 lkmove_6 xpmove_6 caruse_6 mobuse_6 netpuse_6
       aidxhh_6 jbhas_6 j2has_6 finnow_6 finfut_6 howlng_6 vote1_6 vote6_6 scsf1_6
       scsf2a_6 scsf2b_6 scsf3a_6 scsf3b_6 scsf4a_6 scsf4b_6 scsf5_6 scsf6a_6 scsf6b_6
       scsf6c_6 scsf7_6 scghqa_6 scghqb_6 scghqc_6 scghqd_6 scghqe_6 scghqf_6 scghqg_6
       scghqh_6 scghqi_6 scghqj_6 scghqk_6 scghql_6 lkmove_7 xpmove_7 caruse_7
       mobuse_7 netpuse_7 smoker_7 aidxhh_7 jbhas_7 jbterm1_7 jbsemp_7 j2has_7
       fiyrdia_7 finnow_7 finfut_7 howlng_7 vote1_7 vote6_7 scsf2a_7 scsf2b_7 scsf3a_7
       scsf3b_7 scsf4a_7 scsf4b_7 scsf5_7 scsf6a_7 scsf6b_7 scsf6c_7 scsf7_7 scghqa_7
       scghqb_7 scghqc_7 scghqd_7 scghqe_7 scghqf_7 scghqg_7 scghqh_7 scghqi_7
       scghqj_7 scghqk_7 scghql_7 scsf1_7 lkmove_8 xpmove_8 caruse_8 mobuse_8
       netpuse_8 smoker_8 aidxhh_8 jbhas_8 jbterm1_8 jbsemp_8 j2has_8 fiyrdia_8
       finnow_8 finfut_8 scsf2a_8 scsf2b_8 scsf3a_8 scsf3b_8 scsf4a_8 scsf4b_8 scsf5_8
       scsf6a_8 scsf6b_8 scsf6c_8 scsf7_8 scghqa_8 scghqb_8 scghqc_8 scghqd_8 scghqe_8
       scghqf_8 scghqg_8 scghqh_8 scghqi_8 scghqj_8 scghqk_8 scghql_8 scsf1_8 mobuse_9
       netpuse_9 smoker_9 jbhas_9 jbterm1_9 jbsemp_9 j2has_9 fiyrdia_9 finnow_9
       finfut_9 lkmove_10 xpmove_10 mobuse_10 netpuse_10 smoker_10 aidxhh_10 jbhas_10
       jbterm1_10 jbsemp_10 j2has_10 fiyrdia_10 finnow_10 finfut_10 scsf1_10 scsf2a_10
       scsf2b_10 scsf3a_10 scsf3b_10 scsf4a_10 scsf4b_10 scsf5_10 scsf6a_10 scsf6b_10
       scsf6c_10 scsf7_10 scghqa_10 scghqb_10 scghqc_10 scghqd_10 scghqe_10 scghqf_10
       scghqg_10 scghqh_10 scghqi_10 scghqj_10 scghqk_10 scghql_10 edu agecat female
       partner sf1 longill london north urban refresh Higher A level GCSE Other age_35
       age_55 age_75 age_102 pred_all pred_no9 pred_p567 pred_p7 pred_all_w pred_no9_w
       pred_p567_w pred_p7_w;

   MISSING=.;

   USEVARIABLES ARE
   mobuse_5
   mobuse_6
   mobuse_7
   mobuse_8
   mobuse_9
   mobuse_10;

   CATEGORICAL ARE
   mobuse_5
   mobuse_6
   mobuse_7
   mobuse_8
   mobuse_9
   mobuse_10;
   CLASSES = c(2);

    KNOWNCLASS = c(all= 1 2);
  WEIGHT IS pred_all_w;

   ANALYSIS:


      TYPE = MIXTURE;

      ESTIMATOR = MLR;

      ALGORITHM = INTEGRATION;

      Processors = 8(starts);

      STARTS = 400 100;

   Model:


      %OVERALL%

  i s | mobuse_5@0 mobuse_6@1 mobuse_7@2 mobuse_8@3 mobuse_9@4 mobuse_10@5;

   %c#1%
  [s] (a); s ;
   s WITH i ;
   i ;


   %c#2%
  [s] (a); s ;
   s WITH i ;
   i ;


   OUTPUT: SAMPSTAT;

                                  STDYX;




*** WARNING in VARIABLE command
  Note that only the first 8 characters of variable names are used in the output.
  Shorten variable names to avoid any confusion.
*** WARNING
  Data set contains unknown or missing values for variable ALL.
  This variable is used to determine the KNOWNCLASS specification.
  Number of such cases:  91
*** WARNING
  Data set contains cases with missing on all variables.
  These cases were not included in the analysis.
  Number of cases with missing on all variables:  2
   3 WARNING(S) FOUND IN THE INPUT INSTRUCTIONS



Your title goes here

SUMMARY OF ANALYSIS

Number of groups                                                 1
Number of observations                                        1964

Number of dependent variables                                    6
Number of independent variables                                  0
Number of continuous latent variables                            2
Number of categorical latent variables                           1

Observed dependent variables

  Binary and ordered categorical (ordinal)
   MOBUSE_5    MOBUSE_6    MOBUSE_7    MOBUSE_8    MOBUSE_9    MOBUSE_1

Continuous latent variables
   I           S

Categorical latent variables
   C

  Knownclass            C

Variables with special functions

  Weight variable       PRED_ALL

Estimator                                                      MLR
Information matrix                                        OBSERVED
Optimization Specifications for the Quasi-Newton Algorithm for
Continuous Outcomes
  Maximum number of iterations                                 100
  Convergence criterion                                  0.100D-05
Optimization Specifications for the EM Algorithm
  Maximum number of iterations                                 500
  Convergence criteria
    Loglikelihood change                                 0.100D-02
    Relative loglikelihood change                        0.100D-05
    Derivative                                           0.100D-02
Optimization Specifications for the M step of the EM Algorithm for
Categorical Latent variables
  Number of M step iterations                                    1
  M step convergence criterion                           0.100D-02
  Basis for M step termination                           ITERATION
Optimization Specifications for the M step of the EM Algorithm for
Censored, Binary or Ordered Categorical (Ordinal), Unordered
Categorical (Nominal) and Count Outcomes
  Number of M step iterations                                    1
  M step convergence criterion                           0.100D-02
  Basis for M step termination                           ITERATION
  Maximum value for logit thresholds                            15
  Minimum value for logit thresholds                           -15
  Minimum expected cell size for chi-square              0.100D-01
Maximum number of iterations for H1                           2000
Convergence criterion for H1                             0.100D-03
Optimization algorithm                                         EMA
Integration Specifications
  Type                                                    STANDARD
  Number of integration points                                  15
  Dimensions of numerical integration                            2
  Adaptive quadrature                                           ON
Random Starts Specifications
  Number of initial stage random starts                        400
  Number of final stage optimizations                          100
  Number of initial stage iterations                            10
  Initial stage convergence criterion                    0.100D+01
  Random starts scale                                    0.500D+01
  Random seed for generating random starts                       0
Link                                                         LOGIT
Cholesky                                                        ON

Input data file(s)
  data.dta
Input data format  FREE


SUMMARY OF DATA

     Number of missing data patterns            59
     Number of y missing data patterns           0
     Number of u missing data patterns          59


COVARIANCE COVERAGE OF DATA

Minimum covariance coverage value   0.100


     PROPORTION OF DATA PRESENT FOR U


           Covariance Coverage
              MOBUSE_5      MOBUSE_6      MOBUSE_7      MOBUSE_8      MOBUSE_9
              ________      ________      ________      ________      ________
 MOBUSE_5       0.525
 MOBUSE_6       0.453         0.524
 MOBUSE_7       0.371         0.395         0.604
 MOBUSE_8       0.347         0.374         0.497         0.585
 MOBUSE_9       0.325         0.349         0.460         0.490         0.553
 MOBUSE_1       0.301         0.322         0.412         0.441         0.451


           Covariance Coverage
              MOBUSE_1
              ________
 MOBUSE_1       0.640


UNIVARIATE PROPORTIONS AND COUNTS FOR CATEGORICAL VARIABLES

    MOBUSE_5
      Category 1    0.141          237.672
      Category 2    0.859         1445.536
    MOBUSE_6
      Category 1    0.132          218.577
      Category 2    0.868         1443.372
    MOBUSE_7
      Category 1    0.097          128.422
      Category 2    0.903         1190.545
    MOBUSE_8
      Category 1    0.076           93.644
      Category 2    0.924         1134.196
    MOBUSE_9
      Category 1    0.081           91.075
      Category 2    0.919         1027.108
    MOBUSE_1
      Category 1    0.059           59.618
      Category 2    0.941          957.297


SAMPLE STATISTICS

RANDOM STARTS RESULTS RANKED FROM THE BEST TO THE WORST LOGLIKELIHOOD VALUES

Final stage loglikelihood values at local maxima, seeds, and initial stage start numbers:

           -2962.220  358488           264
           -2962.241  891531           206
           -2962.295  217744           326
           -2962.301  unperturbed      0
           -2962.308  575700           100
           -2962.312  751054           117
           -2962.321  342019           301
           -2962.329  824126           287
           -2962.330  85114            385
           -2962.340  579995           183
           -2962.351  496710           386
           -2962.351  188498           258
           -2962.357  939709           112
           -2962.366  691234           250
           -2962.372  391949           295
           -2962.377  297518           166
           -2962.379  645664           39
           -2962.380  59674            240
           -2962.380  30098            209
           -2962.380  190339           102
           -2962.382  1548             384
           -2962.392  529496           343
           -2962.406  68985            17
           -2962.409  913639           162
           -2962.411  422103           62
           -2962.416  830392           35
           -2962.425  849670           347
           -2962.433  569833           85
           -2962.439  25127            107
           -2962.440  393232           152
           -2962.444  616917           261
           -2962.445  625191           350
           -2962.446  915107           54
           -2962.447  950604           172
           -2962.449  396795           323
           -2962.451  686482           215
           -2962.452  573096           20
           -2962.458  813779           92
           -2962.460  992389           77
           -2962.461  722748           346
           -2962.462  618000           190
           -2962.468  960438           116
           -2962.474  118421           139
           -2962.474  347515           24
           -2962.479  692169           308
           -2962.481  21132            351
           -2962.490  761633           50
           -2962.496  801065           393
           -2962.501  150531           154
           -2962.503  685657           69
           -2962.507  441191           361
           -2962.512  512836           289
           -2962.514  438144           271
           -2962.514  399671           13
           -2962.525  182524           373
           -2962.526  458181           189
           -2962.529  417035           149
           -2962.534  902278           21
           -2962.544  27071            15
           -2962.546  717754           180
           -2962.551  443917           60
           -2962.569  443442           380
           -2962.592  464179           106
           -2962.598  471438           252
           -2962.599  80438            246
           -2962.601  303634           169
           -2962.610  405079           68
           -2962.613  120506           45
           -2962.635  650371           14
           -2962.635  418686           338
           -2962.639  635245           121
           -2962.649  644297           340
           -2962.656  455617           242
           -2962.660  377504           294
           -2962.666  783165           170
           -2962.668  850840           232
           -2962.675  602797           336
           -2962.677  407108           366
           -2962.678  576220           115
           -2962.683  846194           93
           -2962.685  694303           282
           -2962.686  965994           396
           -2962.687  972873           157
           -2962.692  608849           224
           -2962.702  311214           64
           -2962.705  561664           392
           -2962.713  89970            223
           -2962.714  568859           49
           -2962.717  50887            389
           -2962.729  246575           291
           -2962.733  340112           126
           -2962.734  931874           141
           -2962.764  741888           138
           -2962.780  726035           191
           -2962.833  178475           231
           -2962.843  857799           315
           -2962.847  282464           283
           -2962.900  609089           241
           -2962.935  987090           70
           -2962.944  402224           91



THE BEST LOGLIKELIHOOD VALUE HAS BEEN REPLICATED.  RERUN WITH AT LEAST TWICE THE
RANDOM STARTS TO CHECK THAT THE BEST LOGLIKELIHOOD IS STILL OBTAINED AND REPLICATED.


THE MODEL ESTIMATION TERMINATED NORMALLY



MODEL FIT INFORMATION

Number of Free Parameters                       10

Loglikelihood

          H0 Value                       -2962.220
          H0 Scaling Correction Factor      3.3110
            for MLR

Information Criteria

          Akaike (AIC)                    5944.440
          Bayesian (BIC)                  6000.267
          Sample-Size Adjusted BIC        5968.497
            (n* = (n + 2) / 24)

Chi-Square Test of Model Fit for the Binary and Ordered Categorical
(Ordinal) Outcomes**

          Pearson Chi-Square

          Value                            198.437
          Degrees of Freedom                   116
          P-Value                           0.0000

          Likelihood Ratio Chi-Square

          Value                            104.023
          Degrees of Freedom                   116
          P-Value                           0.7796

** Of the 692 cells in the latent class indicator table, 1
   were deleted in the calculation of chi-square due to extreme values.

Chi-Square Test for MCAR under the Unrestricted Latent Class Indicator Model

          Pearson Chi-Square

          Value                            807.359
          Degrees of Freedom                  1139
          P-Value                           1.0000

          Likelihood Ratio Chi-Square

          Value                            511.023
          Degrees of Freedom                  1139
          P-Value                           1.0000



FINAL CLASS COUNTS AND PROPORTIONS FOR THE LATENT CLASSES
BASED ON THE ESTIMATED MODEL

    Latent
   Classes

       1       1288.66349          0.65614
       2        675.33651          0.34386


MODEL RESULTS

                                                    Two-Tailed
                    Estimate       S.E.  Est./S.E.    P-Value

Latent Class 1 (1)

 I        |
    MOBUSE_5           1.000      0.000    999.000    999.000
    MOBUSE_6           1.000      0.000    999.000    999.000
    MOBUSE_7           1.000      0.000    999.000    999.000
    MOBUSE_8           1.000      0.000    999.000    999.000
    MOBUSE_9           1.000      0.000    999.000    999.000
    MOBUSE_10          1.000      0.000    999.000    999.000

 S        |
    MOBUSE_5           0.000      0.000    999.000    999.000
    MOBUSE_6           1.000      0.000    999.000    999.000
    MOBUSE_7           2.000      0.000    999.000    999.000
    MOBUSE_8           3.000      0.000    999.000    999.000
    MOBUSE_9           4.000      0.000    999.000    999.000
    MOBUSE_10          5.000      0.000    999.000    999.000

 S        WITH
    I                 -2.127      3.852     -0.552      0.581

 Means
    I                 -3.489      3.514     -0.993      0.321
    S                  0.114      0.463      0.247      0.805

 Thresholds
    MOBUSE_5$1        -9.930      3.788     -2.621      0.009
    MOBUSE_6$1        -9.930      3.788     -2.621      0.009
    MOBUSE_7$1        -9.930      3.788     -2.621      0.009
    MOBUSE_8$1        -9.930      3.788     -2.621      0.009
    MOBUSE_9$1        -9.930      3.788     -2.621      0.009
    MOBUSE_1$1        -9.930      3.788     -2.621      0.009

 Variances
    I                 43.622     27.281      1.599      0.110
    S                  0.372      0.363      1.025      0.305

Latent Class 2 (2)

 I        |
    MOBUSE_5           1.000      0.000    999.000    999.000
    MOBUSE_6           1.000      0.000    999.000    999.000
    MOBUSE_7           1.000      0.000    999.000    999.000
    MOBUSE_8           1.000      0.000    999.000    999.000
    MOBUSE_9           1.000      0.000    999.000    999.000
    MOBUSE_10          1.000      0.000    999.000    999.000

 S        |
    MOBUSE_5           0.000      0.000    999.000    999.000
    MOBUSE_6           1.000      0.000    999.000    999.000
    MOBUSE_7           2.000      0.000    999.000    999.000
    MOBUSE_8           3.000      0.000    999.000    999.000
    MOBUSE_9           4.000      0.000    999.000    999.000
    MOBUSE_10          5.000      0.000    999.000    999.000

 S        WITH
    I                 -1.042      3.356     -0.310      0.756

 Means
    I                  0.000      0.000    999.000    999.000
    S                  0.114      0.463      0.247      0.805

 Thresholds
    MOBUSE_5$1        -9.930      3.788     -2.621      0.009
    MOBUSE_6$1        -9.930      3.788     -2.621      0.009
    MOBUSE_7$1        -9.930      3.788     -2.621      0.009
    MOBUSE_8$1        -9.930      3.788     -2.621      0.009
    MOBUSE_9$1        -9.930      3.788     -2.621      0.009
    MOBUSE_1$1        -9.930      3.788     -2.621      0.009

 Variances
    I                 49.281     61.684      0.799      0.424
    S                  0.259      0.278      0.934      0.350

Categorical Latent Variables

 Means
    C#1                0.646      0.066      9.838      0.000


STANDARDIZED MODEL RESULTS


STDYX Standardization

                                                    Two-Tailed
                    Estimate       S.E.  Est./S.E.    P-Value

Latent Class 1 (1)

 I        |
    MOBUSE_5           0.964      0.021     45.602      0.000
    MOBUSE_6           1.007      0.083     12.198      0.000
    MOBUSE_7           1.046      0.159      6.596      0.000
    MOBUSE_8           1.079      0.244      4.424      0.000
    MOBUSE_9           1.103      0.333      3.315      0.001
    MOBUSE_10          1.117      0.418      2.674      0.008

 S        |
    MOBUSE_5           0.000      0.000    999.000    999.000
    MOBUSE_6           0.093      0.033      2.838      0.005
    MOBUSE_7           0.193      0.077      2.495      0.013
    MOBUSE_8           0.299      0.136      2.197      0.028
    MOBUSE_9           0.407      0.209      1.951      0.051
    MOBUSE_10          0.516      0.293      1.761      0.078

 S        WITH
    I                 -0.528      0.599     -0.882      0.378

 Means
    I                 -0.528      0.577     -0.916      0.360
    S                  0.187      0.826      0.227      0.820

 Thresholds
    MOBUSE_5$1        -1.450      0.556     -2.609      0.009
    MOBUSE_6$1        -1.514      0.577     -2.622      0.009
    MOBUSE_7$1        -1.572      0.615     -2.556      0.011
    MOBUSE_8$1        -1.622      0.673     -2.410      0.016
    MOBUSE_9$1        -1.659      0.747     -2.220      0.026
    MOBUSE_1$1        -1.680      0.829     -2.027      0.043

 Variances
    I                  1.000      0.000    999.000    999.000
    S                  1.000      0.000    999.000    999.000

Latent Class 2 (2)

 I        |
    MOBUSE_5           0.968      0.038     25.533      0.000
    MOBUSE_6           0.985      0.079     12.520      0.000
    MOBUSE_7           0.998      0.133      7.488      0.000
    MOBUSE_8           1.006      0.194      5.195      0.000
    MOBUSE_9           1.009      0.257      3.927      0.000
    MOBUSE_10          1.007      0.321      3.139      0.002

 S        |
    MOBUSE_5           0.000      0.000    999.000    999.000
    MOBUSE_6           0.071      0.056      1.279      0.201
    MOBUSE_7           0.145      0.112      1.296      0.195
    MOBUSE_8           0.219      0.166      1.321      0.187
    MOBUSE_9           0.293      0.216      1.354      0.176
    MOBUSE_10          0.365      0.262      1.394      0.163

 S        WITH
    I                 -0.291      0.756     -0.386      0.700

 Means
    I                  0.000      0.000    999.000    999.000
    S                  0.225      0.916      0.245      0.806

 Thresholds
    MOBUSE_5$1        -1.370      0.298     -4.592      0.000
    MOBUSE_6$1        -1.394      0.273     -5.108      0.000
    MOBUSE_7$1        -1.412      0.253     -5.586      0.000
    MOBUSE_8$1        -1.424      0.247     -5.772      0.000
    MOBUSE_9$1        -1.428      0.262     -5.458      0.000
    MOBUSE_1$1        -1.424      0.298     -4.785      0.000

 Variances
    I                  1.000      0.000    999.000    999.000
    S                  1.000      0.000    999.000    999.000


R-SQUARE

Class 1

    Observed                                        Two-Tailed
    Variable        Estimate       S.E.  Est./S.E.    P-Value

    MOBUSE_5           0.930      0.041     22.801      0.000
    MOBUSE_6           0.924      0.037     24.878      0.000
    MOBUSE_7           0.918      0.033     28.001      0.000
    MOBUSE_8           0.912      0.030     30.480      0.000
    MOBUSE_9           0.908      0.032     28.760      0.000
    MOBUSE_1           0.906      0.038     23.867      0.000

Class 2

    Observed                                        Two-Tailed
    Variable        Estimate       S.E.  Est./S.E.    P-Value

    MOBUSE_5           0.937      0.073     12.766      0.000
    MOBUSE_6           0.935      0.073     12.895      0.000
    MOBUSE_7           0.933      0.070     13.289      0.000
    MOBUSE_8           0.932      0.067     13.977      0.000
    MOBUSE_9           0.932      0.062     14.985      0.000
    MOBUSE_1           0.932      0.057     16.323      0.000


QUALITY OF NUMERICAL RESULTS

     Condition Number for the Information Matrix              0.158E-03
       (ratio of smallest to largest eigenvalue)


     Beginning Time:  13:23:33
        Ending Time:  13:24:54
       Elapsed Time:  00:01:21



MUTHEN & MUTHEN
3463 Stoner Ave.
Los Angeles, CA  90066

Tel: (310) 391-9971
Fax: (310) 391-8971
Web: www.StatModel.com
Support: Support@StatModel.com

Copyright (c) 1998-2019 Muthen & Muthen
