Mplus VERSION 8.3
MUTHEN & MUTHEN
02/28/2020   8:54 PM

INPUT INSTRUCTIONS

  TITLE: Your title goes here

   DATA: FILE = data.dta;

   VARIABLE:

   NAMES = pidp gridmode mm hidp_5 hidp_6 hidp_7 hidp_8 hidp_9 hidp_10 indmode_5
       indmode_6 indmode_7 indmode_8 indmode_9 indmode_10 mode_type_all mode_type_no9
       mode_type_567 mode_type_7 all no9 p567 p7 switch_all switch_no9 switch_567
       switch_7 lkmove_5 xpmove_5 caruse_5 mobuse_5 netpuse_5 aidxhh_5 jbhas_5 j2has_5
       finnow_5 finfut_5 howlng_5 vote1_5 vote6_5 scsf1_5 scsf2a_5 scsf2b_5 scsf3a_5
       scsf3b_5 scsf4a_5 scsf4b_5 scsf5_5 scsf6a_5 scsf6b_5 scsf6c_5 scsf7_5 scghqa_5
       scghqb_5 scghqc_5 scghqd_5 scghqe_5 scghqf_5 scghqg_5 scghqh_5 scghqi_5
       scghqj_5 scghqk_5 scghql_5 lkmove_6 xpmove_6 caruse_6 mobuse_6 netpuse_6
       aidxhh_6 jbhas_6 j2has_6 finnow_6 finfut_6 howlng_6 vote1_6 vote6_6 scsf1_6
       scsf2a_6 scsf2b_6 scsf3a_6 scsf3b_6 scsf4a_6 scsf4b_6 scsf5_6 scsf6a_6 scsf6b_6
       scsf6c_6 scsf7_6 scghqa_6 scghqb_6 scghqc_6 scghqd_6 scghqe_6 scghqf_6 scghqg_6
       scghqh_6 scghqi_6 scghqj_6 scghqk_6 scghql_6 lkmove_7 xpmove_7 caruse_7
       mobuse_7 netpuse_7 smoker_7 aidxhh_7 jbhas_7 jbterm1_7 jbsemp_7 j2has_7
       fiyrdia_7 finnow_7 finfut_7 howlng_7 vote1_7 vote6_7 scsf2a_7 scsf2b_7 scsf3a_7
       scsf3b_7 scsf4a_7 scsf4b_7 scsf5_7 scsf6a_7 scsf6b_7 scsf6c_7 scsf7_7 scghqa_7
       scghqb_7 scghqc_7 scghqd_7 scghqe_7 scghqf_7 scghqg_7 scghqh_7 scghqi_7
       scghqj_7 scghqk_7 scghql_7 scsf1_7 lkmove_8 xpmove_8 caruse_8 mobuse_8
       netpuse_8 smoker_8 aidxhh_8 jbhas_8 jbterm1_8 jbsemp_8 j2has_8 fiyrdia_8
       finnow_8 finfut_8 scsf2a_8 scsf2b_8 scsf3a_8 scsf3b_8 scsf4a_8 scsf4b_8 scsf5_8
       scsf6a_8 scsf6b_8 scsf6c_8 scsf7_8 scghqa_8 scghqb_8 scghqc_8 scghqd_8 scghqe_8
       scghqf_8 scghqg_8 scghqh_8 scghqi_8 scghqj_8 scghqk_8 scghql_8 scsf1_8 mobuse_9
       netpuse_9 smoker_9 jbhas_9 jbterm1_9 jbsemp_9 j2has_9 fiyrdia_9 finnow_9
       finfut_9 lkmove_10 xpmove_10 mobuse_10 netpuse_10 smoker_10 aidxhh_10 jbhas_10
       jbterm1_10 jbsemp_10 j2has_10 fiyrdia_10 finnow_10 finfut_10 scsf1_10 scsf2a_10
       scsf2b_10 scsf3a_10 scsf3b_10 scsf4a_10 scsf4b_10 scsf5_10 scsf6a_10 scsf6b_10
       scsf6c_10 scsf7_10 scghqa_10 scghqb_10 scghqc_10 scghqd_10 scghqe_10 scghqf_10
       scghqg_10 scghqh_10 scghqi_10 scghqj_10 scghqk_10 scghql_10 edu agecat female
       partner sf1 longill london north urban refresh Higher A level GCSE Other age_35
       age_55 age_75 age_102 pred_all pred_no9 pred_p567 pred_p7 pred_all_w pred_no9_w
       pred_p567_w pred_p7_w;

   MISSING=.;

   USEVARIABLES ARE
   scghqa_5
   scghqa_6
   scghqa_7
   scghqa_8
   scghqa_10;

   CATEGORICAL ARE
   scghqa_5
   scghqa_6
   scghqa_7
   scghqa_8
   scghqa_10;
   CLASSES = c(2);

    KNOWNCLASS = c(no9= 1 2);
  WEIGHT IS pred_no9_w;

   ANALYSIS:


      TYPE = MIXTURE;

      ESTIMATOR = MLR;

      ALGORITHM = INTEGRATION;

      Processors = 8(starts);

      STARTS = 400 100;

   Model:


      %OVERALL%

  i s | scghqa_5@0 scghqa_6@1 scghqa_7@2 scghqa_8@3 scghqa_10@5;

   %c#1%
  [s] (a);
   s (b);
   s WITH i (c);
   i (d);

   %c#2%
  [s] (a);
   s (b);
   s WITH i (c);
   i (d);

   OUTPUT: SAMPSTAT;

                                  STDYX;




*** WARNING in VARIABLE command
  Note that only the first 8 characters of variable names are used in the output.
  Shorten variable names to avoid any confusion.
*** WARNING
  Data set contains unknown or missing values for variable NO9.
  This variable is used to determine the KNOWNCLASS specification.
  Number of such cases:  111
*** WARNING
  Data set contains cases with missing on all variables.
  These cases were not included in the analysis.
  Number of cases with missing on all variables:  100
   3 WARNING(S) FOUND IN THE INPUT INSTRUCTIONS



Your title goes here

SUMMARY OF ANALYSIS

Number of groups                                                 1
Number of observations                                        1846

Number of dependent variables                                    5
Number of independent variables                                  0
Number of continuous latent variables                            2
Number of categorical latent variables                           1

Observed dependent variables

  Binary and ordered categorical (ordinal)
   SCGHQA_5    SCGHQA_6    SCGHQA_7    SCGHQA_8    SCGHQA_1

Continuous latent variables
   I           S

Categorical latent variables
   C

  Knownclass            C

Variables with special functions

  Weight variable       PRED_NO9

Estimator                                                      MLR
Information matrix                                        OBSERVED
Optimization Specifications for the Quasi-Newton Algorithm for
Continuous Outcomes
  Maximum number of iterations                                 100
  Convergence criterion                                  0.100D-05
Optimization Specifications for the EM Algorithm
  Maximum number of iterations                                 500
  Convergence criteria
    Loglikelihood change                                 0.100D-02
    Relative loglikelihood change                        0.100D-05
    Derivative                                           0.100D-02
Optimization Specifications for the M step of the EM Algorithm for
Categorical Latent variables
  Number of M step iterations                                    1
  M step convergence criterion                           0.100D-02
  Basis for M step termination                           ITERATION
Optimization Specifications for the M step of the EM Algorithm for
Censored, Binary or Ordered Categorical (Ordinal), Unordered
Categorical (Nominal) and Count Outcomes
  Number of M step iterations                                    1
  M step convergence criterion                           0.100D-02
  Basis for M step termination                           ITERATION
  Maximum value for logit thresholds                            15
  Minimum value for logit thresholds                           -15
  Minimum expected cell size for chi-square              0.100D-01
Maximum number of iterations for H1                           2000
Convergence criterion for H1                             0.100D-03
Optimization algorithm                                         EMA
Integration Specifications
  Type                                                    STANDARD
  Number of integration points                                  15
  Dimensions of numerical integration                            2
  Adaptive quadrature                                           ON
Random Starts Specifications
  Number of initial stage random starts                        400
  Number of final stage optimizations                          100
  Number of initial stage iterations                            10
  Initial stage convergence criterion                    0.100D+01
  Random starts scale                                    0.500D+01
  Random seed for generating random starts                       0
Link                                                         LOGIT
Cholesky                                                        ON

Input data file(s)
  data.dta
Input data format  FREE


SUMMARY OF DATA

     Number of missing data patterns            31
     Number of y missing data patterns           0
     Number of u missing data patterns          31


COVARIANCE COVERAGE OF DATA

Minimum covariance coverage value   0.100


     PROPORTION OF DATA PRESENT FOR U


           Covariance Coverage
              SCGHQA_5      SCGHQA_6      SCGHQA_7      SCGHQA_8      SCGHQA_1
              ________      ________      ________      ________      ________
 SCGHQA_5       0.385
 SCGHQA_6       0.292         0.458
 SCGHQA_7       0.264         0.339         0.594
 SCGHQA_8       0.251         0.326         0.470         0.579
 SCGHQA_1       0.223         0.288         0.400         0.433         0.649


UNIVARIATE PROPORTIONS AND COUNTS FOR CATEGORICAL VARIABLES

    SCGHQA_5
      Category 1    0.018           19.956
      Category 2    0.805          914.356
      Category 3    0.153          173.956
      Category 4    0.025           27.844
    SCGHQA_6
      Category 1    0.024           33.837
      Category 2    0.805         1116.531
      Category 3    0.148          205.727
      Category 4    0.023           31.573
    SCGHQA_7
      Category 1    0.025           30.430
      Category 2    0.832         1002.000
      Category 3    0.121          145.389
      Category 4    0.022           25.983
    SCGHQA_8
      Category 1    0.024           27.560
      Category 2    0.814          926.449
      Category 3    0.144          164.111
      Category 4    0.018           20.662
    SCGHQA_1
      Category 1    0.036           36.084
      Category 2    0.797          798.181
      Category 3    0.149          149.493
      Category 4    0.018           17.590


SAMPLE STATISTICS

RANDOM STARTS RESULTS RANKED FROM THE BEST TO THE WORST LOGLIKELIHOOD VALUES

Final stage loglikelihood values at local maxima, seeds, and initial stage start numbers:

           -4728.449  23012            352
           -4728.449  342019           301
           -4728.449  215353           164
           -4728.449  373505           88
           -4728.449  849670           347
           -4728.449  464179           106
           -4728.449  352277           42
           -4728.449  27071            15
           -4728.449  471438           252
           -4728.449  264081           186
           -4728.449  246575           291
           -4728.449  25127            107
           -4728.449  227563           63
           -4728.449  616917           261
           -4728.449  391179           78
           -4728.449  268217           83
           -4728.449  260601           36
           -4728.449  939709           112
           -4728.449  456213           160
           -4728.449  801717           364
           -4728.449  509733           130
           -4728.449  46437            153
           -4728.449  856536           144
           -4728.449  529455           268
           -4728.449  637095           207
           -4728.449  674171           195
           -4728.449  350608           334
           -4728.449  913639           162
           -4728.449  685657           69
           -4728.449  30098            209
           -4728.449  967237           48
           -4728.449  268896           124
           -4728.449  232559           136
           -4728.449  132336           362
           -4728.449  992389           77
           -4728.449  783165           170
           -4728.449  182524           373
           -4728.449  903420           5
           -4728.449  903369           134
           -4728.449  455617           242
           -4728.449  694303           282
           -4728.449  602797           336
           -4728.449  399671           13
           -4728.449  354208           196
           -4728.449  891531           206
           -4728.449  648555           113
           -4728.449  761633           50
           -4728.449  650371           14
           -4728.449  930323           267
           -4728.449  496710           386
           -4728.449  12477            155
           -4728.449  963053           43
           -4728.449  945065           255
           -4728.449  635245           121
           -4728.449  692169           308
           -4728.449  617243           237
           -4728.449  580405           286
           -4728.449  836515           341
           -4728.449  595153           230
           -4728.449  65651            214
           -4728.449  618000           190
           -4728.449  436460           89
           -4728.449  789985           67
           -4728.449  432148           30
           -4728.449  644297           340
           -4728.449  679832           302
           -4728.449  481835           57
           -4728.449  360419           356
           -4728.449  488125           368
           -4728.449  608849           224
           -4728.449  804561           59
           -4728.449  655497           376
           -4728.449  123985           248
           -4728.449  51375            148
           -4728.449  81117            305
           -4728.449  915107           54
           -4728.449  220454           288
           -4728.449  902278           21
           -4728.449  688839           273
           -4728.449  570782           193
           -4728.449  551639           55
           -4728.449  185071           370
           -4728.449  440841           118
           -4728.449  387701           275
           -4728.449  66276            217
           -4728.449  923437           398
           -4728.449  512836           289
           -4728.449  534864           307
           -4728.449  754100           56
           -4728.449  192071           142
           -4728.449  728038           177
           -4728.449  579995           183
           -4728.449  175199           247
           -4728.449  966014           37
           -4728.449  267983           228
           -4728.457  857799           315
           -4728.457  875667           367
           -4728.458  246261           38
           -4728.458  951709           348
           -4728.459  714997           399



THE BEST LOGLIKELIHOOD VALUE HAS BEEN REPLICATED.  RERUN WITH AT LEAST TWICE THE
RANDOM STARTS TO CHECK THAT THE BEST LOGLIKELIHOOD IS STILL OBTAINED AND REPLICATED.


THE MODEL ESTIMATION TERMINATED NORMALLY



MODEL FIT INFORMATION

Number of Free Parameters                        9

Loglikelihood

          H0 Value                       -4728.449
          H0 Scaling Correction Factor      2.2309
            for MLR

Information Criteria

          Akaike (AIC)                    9474.898
          Bayesian (BIC)                  9524.585
          Sample-Size Adjusted BIC        9495.992
            (n* = (n + 2) / 24)

Chi-Square Test of Model Fit for the Binary and Ordered Categorical
(Ordinal) Outcomes**

          Pearson Chi-Square

          Value                           1412.573
          Degrees of Freedom                  2025
          P-Value                           1.0000

          Likelihood Ratio Chi-Square

          Value                            570.462
          Degrees of Freedom                  2025
          P-Value                           1.0000

** Of the 3124 cells in the latent class indicator table, 2
   were deleted in the calculation of chi-square due to extreme values.

Chi-Square Test for MCAR under the Unrestricted Latent Class Indicator Model

          Pearson Chi-Square

          Value                           1541.104
          Degrees of Freedom                  4139
          P-Value                           1.0000

          Likelihood Ratio Chi-Square

          Value                           1197.744
          Degrees of Freedom                  4139
          P-Value                           1.0000



FINAL CLASS COUNTS AND PROPORTIONS FOR THE LATENT CLASSES
BASED ON THE ESTIMATED MODEL

    Latent
   Classes

       1       1180.91964          0.63972
       2        665.08036          0.36028


MODEL RESULTS

                                                    Two-Tailed
                    Estimate       S.E.  Est./S.E.    P-Value

Latent Class 1 (1)

 I        |
    SCGHQA_5           1.000      0.000    999.000    999.000
    SCGHQA_6           1.000      0.000    999.000    999.000
    SCGHQA_7           1.000      0.000    999.000    999.000
    SCGHQA_8           1.000      0.000    999.000    999.000
    SCGHQA_10          1.000      0.000    999.000    999.000

 S        |
    SCGHQA_5           0.000      0.000    999.000    999.000
    SCGHQA_6           1.000      0.000    999.000    999.000
    SCGHQA_7           2.000      0.000    999.000    999.000
    SCGHQA_8           3.000      0.000    999.000    999.000
    SCGHQA_10          5.000      0.000    999.000    999.000

 S        WITH
    I                 -0.097      0.122     -0.793      0.428

 Means
    I                  0.103      0.143      0.717      0.473
    S                 -0.052      0.035     -1.501      0.133

 Thresholds
    SCGHQA_5$1        -4.539      0.248    -18.313      0.000
    SCGHQA_5$2         2.083      0.151     13.772      0.000
    SCGHQA_5$3         4.670      0.250     18.671      0.000
    SCGHQA_6$1        -4.539      0.248    -18.313      0.000
    SCGHQA_6$2         2.083      0.151     13.772      0.000
    SCGHQA_6$3         4.670      0.250     18.671      0.000
    SCGHQA_7$1        -4.539      0.248    -18.313      0.000
    SCGHQA_7$2         2.083      0.151     13.772      0.000
    SCGHQA_7$3         4.670      0.250     18.671      0.000
    SCGHQA_8$1        -4.539      0.248    -18.313      0.000
    SCGHQA_8$2         2.083      0.151     13.772      0.000
    SCGHQA_8$3         4.670      0.250     18.671      0.000
    SCGHQA_1$1        -4.539      0.248    -18.313      0.000
    SCGHQA_1$2         2.083      0.151     13.772      0.000
    SCGHQA_1$3         4.670      0.250     18.671      0.000

 Variances
    I                  1.927      0.523      3.685      0.000
    S                  0.053      0.048      1.100      0.271

Latent Class 2 (2)

 I        |
    SCGHQA_5           1.000      0.000    999.000    999.000
    SCGHQA_6           1.000      0.000    999.000    999.000
    SCGHQA_7           1.000      0.000    999.000    999.000
    SCGHQA_8           1.000      0.000    999.000    999.000
    SCGHQA_10          1.000      0.000    999.000    999.000

 S        |
    SCGHQA_5           0.000      0.000    999.000    999.000
    SCGHQA_6           1.000      0.000    999.000    999.000
    SCGHQA_7           2.000      0.000    999.000    999.000
    SCGHQA_8           3.000      0.000    999.000    999.000
    SCGHQA_10          5.000      0.000    999.000    999.000

 S        WITH
    I                 -0.097      0.122     -0.793      0.428

 Means
    I                  0.000      0.000    999.000    999.000
    S                 -0.052      0.035     -1.501      0.133

 Thresholds
    SCGHQA_5$1        -4.539      0.248    -18.313      0.000
    SCGHQA_5$2         2.083      0.151     13.772      0.000
    SCGHQA_5$3         4.670      0.250     18.671      0.000
    SCGHQA_6$1        -4.539      0.248    -18.313      0.000
    SCGHQA_6$2         2.083      0.151     13.772      0.000
    SCGHQA_6$3         4.670      0.250     18.671      0.000
    SCGHQA_7$1        -4.539      0.248    -18.313      0.000
    SCGHQA_7$2         2.083      0.151     13.772      0.000
    SCGHQA_7$3         4.670      0.250     18.671      0.000
    SCGHQA_8$1        -4.539      0.248    -18.313      0.000
    SCGHQA_8$2         2.083      0.151     13.772      0.000
    SCGHQA_8$3         4.670      0.250     18.671      0.000
    SCGHQA_1$1        -4.539      0.248    -18.313      0.000
    SCGHQA_1$2         2.083      0.151     13.772      0.000
    SCGHQA_1$3         4.670      0.250     18.671      0.000

 Variances
    I                  1.927      0.523      3.685      0.000
    S                  0.053      0.048      1.100      0.271

Categorical Latent Variables

 Means
    C#1                0.574      0.068      8.442      0.000


STANDARDIZED MODEL RESULTS


STDYX Standardization

                                                    Two-Tailed
                    Estimate       S.E.  Est./S.E.    P-Value

Latent Class 1 (1)

 I        |
    SCGHQA_5           0.608      0.052     11.687      0.000
    SCGHQA_6           0.616      0.062      9.903      0.000
    SCGHQA_7           0.618      0.069      8.988      0.000
    SCGHQA_8           0.614      0.071      8.668      0.000
    SCGHQA_10          0.588      0.065      9.082      0.000

 S        |
    SCGHQA_5           0.000      0.000    999.000    999.000
    SCGHQA_6           0.102      0.045      2.285      0.022
    SCGHQA_7           0.205      0.091      2.245      0.025
    SCGHQA_8           0.305      0.135      2.251      0.024
    SCGHQA_10          0.487      0.203      2.396      0.017

 S        WITH
    I                 -0.304      0.229     -1.330      0.183

 Means
    I                  0.074      0.103      0.720      0.472
    S                 -0.228      0.171     -1.334      0.182

 Thresholds
    SCGHQA_5$1        -1.987      0.092    -21.555      0.000
    SCGHQA_5$2         0.912      0.058     15.782      0.000
    SCGHQA_5$3         2.044      0.095     21.573      0.000
    SCGHQA_6$1        -2.015      0.083    -24.130      0.000
    SCGHQA_6$2         0.925      0.058     16.060      0.000
    SCGHQA_6$3         2.073      0.088     23.474      0.000
    SCGHQA_7$1        -2.022      0.082    -24.780      0.000
    SCGHQA_7$2         0.928      0.060     15.512      0.000
    SCGHQA_7$3         2.080      0.091     22.951      0.000
    SCGHQA_8$1        -2.008      0.077    -25.940      0.000
    SCGHQA_8$2         0.922      0.061     15.024      0.000
    SCGHQA_8$3         2.066      0.092     22.411      0.000
    SCGHQA_1$1        -1.924      0.079    -24.384      0.000
    SCGHQA_1$2         0.883      0.065     13.483      0.000
    SCGHQA_1$3         1.979      0.104     18.985      0.000

 Variances
    I                  1.000      0.000    999.000    999.000
    S                  1.000      0.000    999.000    999.000

Latent Class 2 (2)

 I        |
    SCGHQA_5           0.608      0.052     11.687      0.000
    SCGHQA_6           0.616      0.062      9.903      0.000
    SCGHQA_7           0.618      0.069      8.988      0.000
    SCGHQA_8           0.614      0.071      8.668      0.000
    SCGHQA_10          0.588      0.065      9.082      0.000

 S        |
    SCGHQA_5           0.000      0.000    999.000    999.000
    SCGHQA_6           0.102      0.045      2.285      0.022
    SCGHQA_7           0.205      0.091      2.245      0.025
    SCGHQA_8           0.305      0.135      2.251      0.024
    SCGHQA_10          0.487      0.203      2.396      0.017

 S        WITH
    I                 -0.304      0.229     -1.330      0.183

 Means
    I                  0.000      0.000    999.000    999.000
    S                 -0.228      0.171     -1.334      0.182

 Thresholds
    SCGHQA_5$1        -1.987      0.092    -21.555      0.000
    SCGHQA_5$2         0.912      0.058     15.782      0.000
    SCGHQA_5$3         2.044      0.095     21.573      0.000
    SCGHQA_6$1        -2.015      0.083    -24.130      0.000
    SCGHQA_6$2         0.925      0.058     16.060      0.000
    SCGHQA_6$3         2.073      0.088     23.474      0.000
    SCGHQA_7$1        -2.022      0.082    -24.780      0.000
    SCGHQA_7$2         0.928      0.060     15.512      0.000
    SCGHQA_7$3         2.080      0.091     22.951      0.000
    SCGHQA_8$1        -2.008      0.077    -25.940      0.000
    SCGHQA_8$2         0.922      0.061     15.024      0.000
    SCGHQA_8$3         2.066      0.092     22.411      0.000
    SCGHQA_1$1        -1.924      0.079    -24.384      0.000
    SCGHQA_1$2         0.883      0.065     13.483      0.000
    SCGHQA_1$3         1.979      0.104     18.985      0.000

 Variances
    I                  1.000      0.000    999.000    999.000
    S                  1.000      0.000    999.000    999.000


R-SQUARE

Class 1

    Observed                                        Two-Tailed
    Variable        Estimate       S.E.  Est./S.E.    P-Value

    SCGHQA_5           0.369      0.063      5.844      0.000
    SCGHQA_6           0.352      0.048      7.303      0.000
    SCGHQA_7           0.347      0.041      8.370      0.000
    SCGHQA_8           0.356      0.041      8.643      0.000
    SCGHQA_1           0.409      0.061      6.656      0.000

Class 2

    Observed                                        Two-Tailed
    Variable        Estimate       S.E.  Est./S.E.    P-Value

    SCGHQA_5           0.369      0.063      5.844      0.000
    SCGHQA_6           0.352      0.048      7.303      0.000
    SCGHQA_7           0.347      0.041      8.370      0.000
    SCGHQA_8           0.356      0.041      8.643      0.000
    SCGHQA_1           0.409      0.061      6.656      0.000


QUALITY OF NUMERICAL RESULTS

     Condition Number for the Information Matrix              0.470E-02
       (ratio of smallest to largest eigenvalue)


     Beginning Time:  20:54:33
        Ending Time:  20:56:42
       Elapsed Time:  00:02:09



MUTHEN & MUTHEN
3463 Stoner Ave.
Los Angeles, CA  90066

Tel: (310) 391-9971
Fax: (310) 391-8971
Web: www.StatModel.com
Support: Support@StatModel.com

Copyright (c) 1998-2019 Muthen & Muthen
