Mplus VERSION 8.3
MUTHEN & MUTHEN
02/28/2020   5:53 PM

INPUT INSTRUCTIONS

  TITLE: Your title goes here

   DATA: FILE = data.dta;

   VARIABLE:

   NAMES = pidp gridmode mm hidp_5 hidp_6 hidp_7 hidp_8 hidp_9 hidp_10 indmode_5
       indmode_6 indmode_7 indmode_8 indmode_9 indmode_10 mode_type_all mode_type_no9
       mode_type_567 mode_type_7 all no9 p567 p7 switch_all switch_no9 switch_567
       switch_7 lkmove_5 xpmove_5 caruse_5 mobuse_5 netpuse_5 aidxhh_5 jbhas_5 j2has_5
       finnow_5 finfut_5 howlng_5 vote1_5 vote6_5 scsf1_5 scsf2a_5 scsf2b_5 scsf3a_5
       scsf3b_5 scsf4a_5 scsf4b_5 scsf5_5 scsf6a_5 scsf6b_5 scsf6c_5 scsf7_5 scghqa_5
       scghqb_5 scghqc_5 scghqd_5 scghqe_5 scghqf_5 scghqg_5 scghqh_5 scghqi_5
       scghqj_5 scghqk_5 scghql_5 lkmove_6 xpmove_6 caruse_6 mobuse_6 netpuse_6
       aidxhh_6 jbhas_6 j2has_6 finnow_6 finfut_6 howlng_6 vote1_6 vote6_6 scsf1_6
       scsf2a_6 scsf2b_6 scsf3a_6 scsf3b_6 scsf4a_6 scsf4b_6 scsf5_6 scsf6a_6 scsf6b_6
       scsf6c_6 scsf7_6 scghqa_6 scghqb_6 scghqc_6 scghqd_6 scghqe_6 scghqf_6 scghqg_6
       scghqh_6 scghqi_6 scghqj_6 scghqk_6 scghql_6 lkmove_7 xpmove_7 caruse_7
       mobuse_7 netpuse_7 smoker_7 aidxhh_7 jbhas_7 jbterm1_7 jbsemp_7 j2has_7
       fiyrdia_7 finnow_7 finfut_7 howlng_7 vote1_7 vote6_7 scsf2a_7 scsf2b_7 scsf3a_7
       scsf3b_7 scsf4a_7 scsf4b_7 scsf5_7 scsf6a_7 scsf6b_7 scsf6c_7 scsf7_7 scghqa_7
       scghqb_7 scghqc_7 scghqd_7 scghqe_7 scghqf_7 scghqg_7 scghqh_7 scghqi_7
       scghqj_7 scghqk_7 scghql_7 scsf1_7 lkmove_8 xpmove_8 caruse_8 mobuse_8
       netpuse_8 smoker_8 aidxhh_8 jbhas_8 jbterm1_8 jbsemp_8 j2has_8 fiyrdia_8
       finnow_8 finfut_8 scsf2a_8 scsf2b_8 scsf3a_8 scsf3b_8 scsf4a_8 scsf4b_8 scsf5_8
       scsf6a_8 scsf6b_8 scsf6c_8 scsf7_8 scghqa_8 scghqb_8 scghqc_8 scghqd_8 scghqe_8
       scghqf_8 scghqg_8 scghqh_8 scghqi_8 scghqj_8 scghqk_8 scghql_8 scsf1_8 mobuse_9
       netpuse_9 smoker_9 jbhas_9 jbterm1_9 jbsemp_9 j2has_9 fiyrdia_9 finnow_9
       finfut_9 lkmove_10 xpmove_10 mobuse_10 netpuse_10 smoker_10 aidxhh_10 jbhas_10
       jbterm1_10 jbsemp_10 j2has_10 fiyrdia_10 finnow_10 finfut_10 scsf1_10 scsf2a_10
       scsf2b_10 scsf3a_10 scsf3b_10 scsf4a_10 scsf4b_10 scsf5_10 scsf6a_10 scsf6b_10
       scsf6c_10 scsf7_10 scghqa_10 scghqb_10 scghqc_10 scghqd_10 scghqe_10 scghqf_10
       scghqg_10 scghqh_10 scghqi_10 scghqj_10 scghqk_10 scghql_10 edu agecat female
       partner sf1 longill london north urban refresh Higher A level GCSE Other age_35
       age_55 age_75 age_102 pred_all pred_no9 pred_p567 pred_p7 pred_all_w pred_no9_w
       pred_p567_w pred_p7_w;

   MISSING=.;

   USEVARIABLES ARE
   aidxhh_5
   aidxhh_6
   aidxhh_7
   aidxhh_8
   aidxhh_10;

   CATEGORICAL ARE
   aidxhh_5
   aidxhh_6
   aidxhh_7
   aidxhh_8
   aidxhh_10;
   CLASSES = c(2);

    KNOWNCLASS = c(mm= 1 2);

   ANALYSIS:


      TYPE = MIXTURE;

      ESTIMATOR = MLR;

      ALGORITHM = INTEGRATION;

      Processors = 8(starts);

      STARTS = 400 100;

   Model:


      %OVERALL%

  i s | aidxhh_5@0 aidxhh_6@1 aidxhh_7@2 aidxhh_8@3 aidxhh_10@5;

   %c#1%
  [s] (a);
   s (b);
   s WITH i ;
   i ;

   %c#2%
  [s] (a);
   s (b);
   s WITH i ;
   i ;

   OUTPUT: SAMPSTAT;

                                  STDYX;




*** WARNING in VARIABLE command
  Note that only the first 8 characters of variable names are used in the output.
  Shorten variable names to avoid any confusion.
*** WARNING
  Data set contains unknown or missing values for variable MM.
  This variable is used to determine the KNOWNCLASS specification.
  Number of such cases:  458
*** WARNING
  Data set contains cases with missing on all variables.
  These cases were not included in the analysis.
  Number of cases with missing on all variables:  90
   3 WARNING(S) FOUND IN THE INPUT INSTRUCTIONS



Your title goes here

SUMMARY OF ANALYSIS

Number of groups                                                 1
Number of observations                                        1509

Number of dependent variables                                    5
Number of independent variables                                  0
Number of continuous latent variables                            2
Number of categorical latent variables                           1

Observed dependent variables

  Binary and ordered categorical (ordinal)
   AIDXHH_5    AIDXHH_6    AIDXHH_7    AIDXHH_8    AIDXHH_1

Continuous latent variables
   I           S

Categorical latent variables
   C

  Knownclass            C


Estimator                                                      MLR
Information matrix                                        OBSERVED
Optimization Specifications for the Quasi-Newton Algorithm for
Continuous Outcomes
  Maximum number of iterations                                 100
  Convergence criterion                                  0.100D-05
Optimization Specifications for the EM Algorithm
  Maximum number of iterations                                 500
  Convergence criteria
    Loglikelihood change                                 0.100D-02
    Relative loglikelihood change                        0.100D-05
    Derivative                                           0.100D-02
Optimization Specifications for the M step of the EM Algorithm for
Categorical Latent variables
  Number of M step iterations                                    1
  M step convergence criterion                           0.100D-02
  Basis for M step termination                           ITERATION
Optimization Specifications for the M step of the EM Algorithm for
Censored, Binary or Ordered Categorical (Ordinal), Unordered
Categorical (Nominal) and Count Outcomes
  Number of M step iterations                                    1
  M step convergence criterion                           0.100D-02
  Basis for M step termination                           ITERATION
  Maximum value for logit thresholds                            15
  Minimum value for logit thresholds                           -15
  Minimum expected cell size for chi-square              0.100D-01
Maximum number of iterations for H1                           2000
Convergence criterion for H1                             0.100D-03
Optimization algorithm                                         EMA
Integration Specifications
  Type                                                    STANDARD
  Number of integration points                                  15
  Dimensions of numerical integration                            2
  Adaptive quadrature                                           ON
Random Starts Specifications
  Number of initial stage random starts                        400
  Number of final stage optimizations                          100
  Number of initial stage iterations                            10
  Initial stage convergence criterion                    0.100D+01
  Random starts scale                                    0.500D+01
  Random seed for generating random starts                       0
Link                                                         LOGIT
Cholesky                                                        ON

Input data file(s)
  data.dta
Input data format  FREE


SUMMARY OF DATA

     Number of missing data patterns            31
     Number of y missing data patterns           0
     Number of u missing data patterns          31


COVARIANCE COVERAGE OF DATA

Minimum covariance coverage value   0.100


     PROPORTION OF DATA PRESENT FOR U


           Covariance Coverage
              AIDXHH_5      AIDXHH_6      AIDXHH_7      AIDXHH_8      AIDXHH_1
              ________      ________      ________      ________      ________
 AIDXHH_5       0.659
 AIDXHH_6       0.557         0.659
 AIDXHH_7       0.461         0.500         0.652
 AIDXHH_8       0.424         0.465         0.514         0.624
 AIDXHH_1       0.374         0.407         0.435         0.475         0.568


UNIVARIATE PROPORTIONS AND COUNTS FOR CATEGORICAL VARIABLES

    AIDXHH_5
      Category 1    0.834          829.000
      Category 2    0.166          165.000
    AIDXHH_6
      Category 1    0.881          876.000
      Category 2    0.119          118.000
    AIDXHH_7
      Category 1    0.858          844.000
      Category 2    0.142          140.000
    AIDXHH_8
      Category 1    0.887          836.000
      Category 2    0.113          106.000
    AIDXHH_1
      Category 1    0.907          777.000
      Category 2    0.093           80.000


SAMPLE STATISTICS

RANDOM STARTS RESULTS RANKED FROM THE BEST TO THE WORST LOGLIKELIHOOD VALUES

Final stage loglikelihood values at local maxima, seeds, and initial stage start numbers:

           -2459.933  373505           88
           -2459.933  801717           364
           -2459.933  124999           96
           -2459.934  153053           378
           -2459.934  967237           48
           -2459.934  777045           377
           -2459.934  259507           53
           -2459.934  471398           74
           -2459.934  85114            385
           -2459.934  992389           77
           -2459.934  76451            211
           -2459.934  629320           222
           -2459.934  939021           8
           -2459.934  965994           396
           -2459.934  848969           173
           -2459.934  605358           321
           -2459.934  404426           344
           -2459.934  534483           290
           -2459.935  127215           9
           -2459.935  383986           159
           -2459.935  642909           251
           -2459.935  227563           63
           -2459.935  286735           175
           -2459.935  915107           54
           -2459.935  923437           398
           -2459.935  606576           151
           -2459.935  789985           67
           -2459.935  15715            274
           -2459.935  264935           281
           -2459.935  728038           177
           -2459.935  414828           322
           -2459.935  673496           218
           -2459.936  760878           249
           -2459.936  637345           19
           -2459.936  210870           383
           -2459.936  626891           32
           -2459.936  93468            3
           -2459.936  311214           64
           -2459.936  614009           317
           -2459.936  576726           280
           -2459.936  849670           347
           -2459.936  544048           87
           -2459.936  860772           174
           -2459.936  645664           39
           -2459.937  50887            389
           -2459.937  192071           142
           -2459.937  51375            148
           -2459.937  220454           288
           -2459.937  387701           275
           -2459.937  567165           319
           -2459.937  903369           134
           -2459.937  314757           345
           -2459.937  794236           127
           -2459.937  931874           141
           -2459.937  783110           72
           -2459.937  930872           277
           -2459.937  526324           178
           -2459.937  717754           180
           -2459.937  520177           262
           -2459.937  804561           59
           -2459.938  948615           140
           -2459.938  903420           5
           -2459.938  595153           230
           -2459.938  137377           397
           -2459.938  701525           239
           -2459.938  25127            107
           -2459.938  267983           228
           -2459.938  891531           206
           -2459.938  12477            155
           -2459.938  761633           50
           -2459.938  625191           350
           -2459.938  284109           82
           -2459.938  863094           147
           -2459.939  788796           145
           -2459.939  724519           333
           -2459.939  188498           258
           -2459.939  848331           137
           -2459.939  608849           224
           -2459.939  499150           216
           -2459.939  105435           265
           -2459.939  648555           113
           -2459.939  848163           47
           -2459.939  185071           370
           -2459.939  573096           20
           -2459.939  316165           299
           -2459.939  732596           320
           -2459.939  232559           136
           -2459.939  399671           13
           -2459.939  146900           391
           -2459.939  609185           181
           -2459.939  950604           172
           -2459.939  939709           112
           -2459.939  123985           248
           -2459.939  857799           315
           -2459.939  182524           373
           -2459.939  579995           183
           -2459.940  215353           164
           -2459.941  92689            304
           -2459.941  181293           212
           -2459.942  unperturbed      0



THE BEST LOGLIKELIHOOD VALUE HAS BEEN REPLICATED.  RERUN WITH AT LEAST TWICE THE
RANDOM STARTS TO CHECK THAT THE BEST LOGLIKELIHOOD IS STILL OBTAINED AND REPLICATED.


THE MODEL ESTIMATION TERMINATED NORMALLY



MODEL FIT INFORMATION

Number of Free Parameters                        9

Loglikelihood

          H0 Value                       -2459.933
          H0 Scaling Correction Factor      1.0047
            for MLR

Information Criteria

          Akaike (AIC)                    4937.867
          Bayesian (BIC)                  4985.739
          Sample-Size Adjusted BIC        4957.149
            (n* = (n + 2) / 24)

Chi-Square Test of Model Fit for the Binary and Ordered Categorical
(Ordinal) Outcomes

          Pearson Chi-Square

          Value                              0.665
          Degrees of Freedom                    54
          P-Value                           1.0000

          Likelihood Ratio Chi-Square

          Value                             72.847
          Degrees of Freedom                    54
          P-Value                           0.0446

Chi-Square Test for MCAR under the Unrestricted Latent Class Indicator Model

          Pearson Chi-Square

          Value                            482.873
          Degrees of Freedom                   359
          P-Value                           0.0000

          Likelihood Ratio Chi-Square

          Value                            269.414
          Degrees of Freedom                   359
          P-Value                           0.9999



FINAL CLASS COUNTS AND PROPORTIONS FOR THE LATENT CLASSES
BASED ON THE ESTIMATED MODEL

    Latent
   Classes

       1        879.00000          0.58250
       2        630.00000          0.41750


MODEL RESULTS

                                                    Two-Tailed
                    Estimate       S.E.  Est./S.E.    P-Value

Latent Class 1 (1)

 I        |
    AIDXHH_5           1.000      0.000    999.000    999.000
    AIDXHH_6           1.000      0.000    999.000    999.000
    AIDXHH_7           1.000      0.000    999.000    999.000
    AIDXHH_8           1.000      0.000    999.000    999.000
    AIDXHH_10          1.000      0.000    999.000    999.000

 S        |
    AIDXHH_5           0.000      0.000    999.000    999.000
    AIDXHH_6           1.000      0.000    999.000    999.000
    AIDXHH_7           2.000      0.000    999.000    999.000
    AIDXHH_8           3.000      0.000    999.000    999.000
    AIDXHH_10          5.000      0.000    999.000    999.000

 S        WITH
    I                 -1.509      0.508     -2.973      0.003

 Means
    I                  0.166      0.454      0.367      0.714
    S                 -0.117      0.143     -0.819      0.413

 Thresholds
    AIDXHH_5$1         4.575      0.361     12.680      0.000
    AIDXHH_6$1         4.575      0.361     12.680      0.000
    AIDXHH_7$1         4.575      0.361     12.680      0.000
    AIDXHH_8$1         4.575      0.361     12.680      0.000
    AIDXHH_1$1         4.575      0.361     12.680      0.000

 Variances
    I                 16.461      3.160      5.209      0.000
    S                  0.374      0.104      3.596      0.000

Latent Class 2 (2)

 I        |
    AIDXHH_5           1.000      0.000    999.000    999.000
    AIDXHH_6           1.000      0.000    999.000    999.000
    AIDXHH_7           1.000      0.000    999.000    999.000
    AIDXHH_8           1.000      0.000    999.000    999.000
    AIDXHH_10          1.000      0.000    999.000    999.000

 S        |
    AIDXHH_5           0.000      0.000    999.000    999.000
    AIDXHH_6           1.000      0.000    999.000    999.000
    AIDXHH_7           2.000      0.000    999.000    999.000
    AIDXHH_8           3.000      0.000    999.000    999.000
    AIDXHH_10          5.000      0.000    999.000    999.000

 S        WITH
    I                 -0.992      0.602     -1.649      0.099

 Means
    I                  0.000      0.000    999.000    999.000
    S                 -0.117      0.143     -0.819      0.413

 Thresholds
    AIDXHH_5$1         4.575      0.361     12.680      0.000
    AIDXHH_6$1         4.575      0.361     12.680      0.000
    AIDXHH_7$1         4.575      0.361     12.680      0.000
    AIDXHH_8$1         4.575      0.361     12.680      0.000
    AIDXHH_1$1         4.575      0.361     12.680      0.000

 Variances
    I                 15.049      3.154      4.771      0.000
    S                  0.374      0.104      3.596      0.000

Categorical Latent Variables

 Means
    C#1                0.333      0.052      6.380      0.000


STANDARDIZED MODEL RESULTS


STDYX Standardization

                                                    Two-Tailed
                    Estimate       S.E.  Est./S.E.    P-Value

Latent Class 1 (1)

 I        |
    AIDXHH_5           0.913      0.015     62.547      0.000
    AIDXHH_6           0.981      0.031     31.959      0.000
    AIDXHH_7           1.040      0.058     18.085      0.000
    AIDXHH_8           1.082      0.092     11.771      0.000
    AIDXHH_10          1.084      0.160      6.767      0.000

 S        |
    AIDXHH_5           0.000      0.000    999.000    999.000
    AIDXHH_6           0.148      0.018      8.079      0.000
    AIDXHH_7           0.313      0.039      8.076      0.000
    AIDXHH_8           0.489      0.061      8.035      0.000
    AIDXHH_10          0.817      0.108      7.542      0.000

 S        WITH
    I                 -0.608      0.144     -4.216      0.000

 Means
    I                  0.041      0.114      0.360      0.719
    S                 -0.191      0.230     -0.832      0.405

 Thresholds
    AIDXHH_5$1         1.029      0.097     10.599      0.000
    AIDXHH_6$1         1.106      0.104     10.678      0.000
    AIDXHH_7$1         1.173      0.115     10.201      0.000
    AIDXHH_8$1         1.220      0.135      9.058      0.000
    AIDXHH_1$1         1.223      0.187      6.537      0.000

 Variances
    I                  1.000      0.000    999.000    999.000
    S                  1.000      0.000    999.000    999.000

Latent Class 2 (2)

 I        |
    AIDXHH_5           0.906      0.017     53.192      0.000
    AIDXHH_6           0.948      0.041     23.385      0.000
    AIDXHH_7           0.974      0.075     13.045      0.000
    AIDXHH_8           0.978      0.110      8.876      0.000
    AIDXHH_10          0.921      0.159      5.776      0.000

 S        |
    AIDXHH_5           0.000      0.000    999.000    999.000
    AIDXHH_6           0.149      0.021      7.274      0.000
    AIDXHH_7           0.307      0.042      7.226      0.000
    AIDXHH_8           0.462      0.066      7.018      0.000
    AIDXHH_10          0.725      0.112      6.476      0.000

 S        WITH
    I                 -0.418      0.219     -1.908      0.056

 Means
    I                  0.000      0.000    999.000    999.000
    S                 -0.191      0.230     -0.832      0.405

 Thresholds
    AIDXHH_5$1         1.068      0.065     16.387      0.000
    AIDXHH_6$1         1.119      0.064     17.583      0.000
    AIDXHH_7$1         1.149      0.081     14.234      0.000
    AIDXHH_8$1         1.153      0.111     10.373      0.000
    AIDXHH_1$1         1.086      0.163      6.654      0.000

 Variances
    I                  1.000      0.000    999.000    999.000
    S                  1.000      0.000    999.000    999.000


R-SQUARE

Class 1

    Observed                                        Two-Tailed
    Variable        Estimate       S.E.  Est./S.E.    P-Value

    AIDXHH_5           0.833      0.027     31.273      0.000
    AIDXHH_6           0.808      0.028     29.296      0.000
    AIDXHH_7           0.784      0.029     26.677      0.000
    AIDXHH_8           0.766      0.035     21.660      0.000
    AIDXHH_1           0.765      0.057     13.521      0.000

Class 2

    Observed                                        Two-Tailed
    Variable        Estimate       S.E.  Est./S.E.    P-Value

    AIDXHH_5           0.821      0.031     26.596      0.000
    AIDXHH_6           0.803      0.030     26.731      0.000
    AIDXHH_7           0.793      0.032     24.453      0.000
    AIDXHH_8           0.791      0.039     20.163      0.000
    AIDXHH_1           0.815      0.051     15.938      0.000


QUALITY OF NUMERICAL RESULTS

     Condition Number for the Information Matrix              0.974E-03
       (ratio of smallest to largest eigenvalue)


     Beginning Time:  17:53:00
        Ending Time:  17:54:19
       Elapsed Time:  00:01:19



MUTHEN & MUTHEN
3463 Stoner Ave.
Los Angeles, CA  90066

Tel: (310) 391-9971
Fax: (310) 391-8971
Web: www.StatModel.com
Support: Support@StatModel.com

Copyright (c) 1998-2019 Muthen & Muthen
