Mplus VERSION 8.3
MUTHEN & MUTHEN
07/30/2020  10:53 AM

INPUT INSTRUCTIONS

  TITLE: Your title goes here

   DATA: FILE = data.dta;

   VARIABLE:

   NAMES = pidp gridmode mm hidp_5 hidp_6 hidp_7 hidp_8 hidp_9 hidp_10 indmode_5
       indmode_6 indmode_7 indmode_8 indmode_9 indmode_10 mode_type_all mode_type_no9
       mode_type_567 mode_type_7 all no9 p567 p7 switch_all switch_no9 switch_567
       switch_7 lkmove_5 xpmove_5 caruse_5 mobuse_5 netpuse_5 aidxhh_5 jbhas_5 j2has_5
       finnow_5 finfut_5 howlng_5 vote1_5 vote6_5 scsf1_5 scsf2a_5 scsf2b_5 scsf3a_5
       scsf3b_5 scsf4a_5 scsf4b_5 scsf5_5 scsf6a_5 scsf6b_5 scsf6c_5 scsf7_5 scghqa_5
       scghqb_5 scghqc_5 scghqd_5 scghqe_5 scghqf_5 scghqg_5 scghqh_5 scghqi_5
       scghqj_5 scghqk_5 scghql_5 lkmove_6 xpmove_6 caruse_6 mobuse_6 netpuse_6
       aidxhh_6 jbhas_6 j2has_6 finnow_6 finfut_6 howlng_6 vote1_6 vote6_6 scsf1_6
       scsf2a_6 scsf2b_6 scsf3a_6 scsf3b_6 scsf4a_6 scsf4b_6 scsf5_6 scsf6a_6 scsf6b_6
       scsf6c_6 scsf7_6 scghqa_6 scghqb_6 scghqc_6 scghqd_6 scghqe_6 scghqf_6 scghqg_6
       scghqh_6 scghqi_6 scghqj_6 scghqk_6 scghql_6 lkmove_7 xpmove_7 caruse_7
       mobuse_7 netpuse_7 smoker_7 aidxhh_7 jbhas_7 jbterm1_7 jbsemp_7 j2has_7
       fiyrdia_7 finnow_7 finfut_7 howlng_7 vote1_7 vote6_7 scsf2a_7 scsf2b_7 scsf3a_7
       scsf3b_7 scsf4a_7 scsf4b_7 scsf5_7 scsf6a_7 scsf6b_7 scsf6c_7 scsf7_7 scghqa_7
       scghqb_7 scghqc_7 scghqd_7 scghqe_7 scghqf_7 scghqg_7 scghqh_7 scghqi_7
       scghqj_7 scghqk_7 scghql_7 scsf1_7 lkmove_8 xpmove_8 caruse_8 mobuse_8
       netpuse_8 smoker_8 aidxhh_8 jbhas_8 jbterm1_8 jbsemp_8 j2has_8 fiyrdia_8
       finnow_8 finfut_8 scsf2a_8 scsf2b_8 scsf3a_8 scsf3b_8 scsf4a_8 scsf4b_8 scsf5_8
       scsf6a_8 scsf6b_8 scsf6c_8 scsf7_8 scghqa_8 scghqb_8 scghqc_8 scghqd_8 scghqe_8
       scghqf_8 scghqg_8 scghqh_8 scghqi_8 scghqj_8 scghqk_8 scghql_8 scsf1_8 mobuse_9
       netpuse_9 smoker_9 jbhas_9 jbterm1_9 jbsemp_9 j2has_9 fiyrdia_9 finnow_9
       finfut_9 lkmove_10 xpmove_10 mobuse_10 netpuse_10 smoker_10 aidxhh_10 jbhas_10
       jbterm1_10 jbsemp_10 j2has_10 fiyrdia_10 finnow_10 finfut_10 scsf1_10 scsf2a_10
       scsf2b_10 scsf3a_10 scsf3b_10 scsf4a_10 scsf4b_10 scsf5_10 scsf6a_10 scsf6b_10
       scsf6c_10 scsf7_10 scghqa_10 scghqb_10 scghqc_10 scghqd_10 scghqe_10 scghqf_10
       scghqg_10 scghqh_10 scghqi_10 scghqj_10 scghqk_10 scghql_10 edu agecat female
       partner sf1 longill london north urban refresh Higher A level GCSE Other age_35
       age_55 age_75 age_102 pred_all pred_no9 pred_p567 pred_p7 pred_all_w pred_no9_w
       pred_p567_w pred_p7_w;

   MISSING=.;

   USEVARIABLES ARE
   caruse_5
   caruse_6
   caruse_7
   caruse_8;

   CATEGORICAL ARE
   caruse_5
   caruse_6
   caruse_7
   caruse_8;
   CLASSES = c(2);

    KNOWNCLASS = c(mm= 1 2);

   ANALYSIS:


      TYPE = MIXTURE;

      ESTIMATOR = MLR;

      ALGORITHM = INTEGRATION;

      Processors = 8(starts);

      STARTS = 400 100;

   Model:


      %OVERALL%

  i s | caruse_5@0 caruse_6@1 caruse_7@2 caruse_8@3;

   %c#1%
  [s] ;
   s ;
   s WITH i ;
   i ;

   %c#2%
  [s] ;
   s ;
   s WITH i ;
   i ;

   OUTPUT: SAMPSTAT;

                                  STDYX;




*** WARNING
  Data set contains unknown or missing values for variable MM.
  This variable is used to determine the KNOWNCLASS specification.
  Number of such cases:  458
*** WARNING
  Data set contains cases with missing on all variables.
  These cases were not included in the analysis.
  Number of cases with missing on all variables:  446
   2 WARNING(S) FOUND IN THE INPUT INSTRUCTIONS



Your title goes here

SUMMARY OF ANALYSIS

Number of groups                                                 1
Number of observations                                        1153

Number of dependent variables                                    4
Number of independent variables                                  0
Number of continuous latent variables                            2
Number of categorical latent variables                           1

Observed dependent variables

  Binary and ordered categorical (ordinal)
   CARUSE_5    CARUSE_6    CARUSE_7    CARUSE_8

Continuous latent variables
   I           S

Categorical latent variables
   C

  Knownclass            C


Estimator                                                      MLR
Information matrix                                        OBSERVED
Optimization Specifications for the Quasi-Newton Algorithm for
Continuous Outcomes
  Maximum number of iterations                                 100
  Convergence criterion                                  0.100D-05
Optimization Specifications for the EM Algorithm
  Maximum number of iterations                                 500
  Convergence criteria
    Loglikelihood change                                 0.100D-02
    Relative loglikelihood change                        0.100D-05
    Derivative                                           0.100D-02
Optimization Specifications for the M step of the EM Algorithm for
Categorical Latent variables
  Number of M step iterations                                    1
  M step convergence criterion                           0.100D-02
  Basis for M step termination                           ITERATION
Optimization Specifications for the M step of the EM Algorithm for
Censored, Binary or Ordered Categorical (Ordinal), Unordered
Categorical (Nominal) and Count Outcomes
  Number of M step iterations                                    1
  M step convergence criterion                           0.100D-02
  Basis for M step termination                           ITERATION
  Maximum value for logit thresholds                            15
  Minimum value for logit thresholds                           -15
  Minimum expected cell size for chi-square              0.100D-01
Maximum number of iterations for H1                           2000
Convergence criterion for H1                             0.100D-03
Optimization algorithm                                         EMA
Integration Specifications
  Type                                                    STANDARD
  Number of integration points                                  15
  Dimensions of numerical integration                            2
  Adaptive quadrature                                           ON
Random Starts Specifications
  Number of initial stage random starts                        400
  Number of final stage optimizations                          100
  Number of initial stage iterations                            10
  Initial stage convergence criterion                    0.100D+01
  Random starts scale                                    0.500D+01
  Random seed for generating random starts                       0
Link                                                         LOGIT
Cholesky                                                        ON

Input data file(s)
  data.dta
Input data format  FREE


SUMMARY OF DATA

     Number of missing data patterns            15
     Number of y missing data patterns           0
     Number of u missing data patterns          15


COVARIANCE COVERAGE OF DATA

Minimum covariance coverage value   0.100


     PROPORTION OF DATA PRESENT FOR U


           Covariance Coverage
              CARUSE_5      CARUSE_6      CARUSE_7      CARUSE_8
              ________      ________      ________      ________
 CARUSE_5       0.733
 CARUSE_6       0.631         0.720
 CARUSE_7       0.522         0.558         0.708
 CARUSE_8       0.493         0.529         0.572         0.681


UNIVARIATE PROPORTIONS AND COUNTS FOR CATEGORICAL VARIABLES

    CARUSE_5
      Category 1    0.083           70.000
      Category 2    0.917          775.000
    CARUSE_6
      Category 1    0.087           72.000
      Category 2    0.913          758.000
    CARUSE_7
      Category 1    0.072           59.000
      Category 2    0.928          757.000
    CARUSE_8
      Category 1    0.070           55.000
      Category 2    0.930          730.000


SAMPLE STATISTICS

RANDOM STARTS RESULTS RANKED FROM THE BEST TO THE WORST LOGLIKELIHOOD VALUES

Final stage loglikelihood values at local maxima, seeds, and initial stage start numbers:

           -1440.821  856536           144
           -1440.821  43523            297
           -1440.848  85114            385
           -1440.857  22362            365
           -1440.863  164305           128
           -1440.864  749453           33
           -1440.867  39136            226
           -1440.871  479273           156
           -1440.878  562716           300
           -1440.880  153942           31
           -1440.886  848163           47
           -1440.888  284109           82
           -1440.888  603842           61
           -1440.891  153053           378
           -1440.891  848969           173
           -1440.894  945065           255
           -1440.896  395754           388
           -1440.899  303634           169
           -1440.899  273992           349
           -1440.903  637095           207
           -1440.903  57226            208
           -1440.903  313407           132
           -1440.904  563002           360
           -1440.906  391179           78
           -1440.907  580405           286
           -1440.916  443917           60
           -1440.917  625191           350
           -1440.920  595153           230
           -1440.920  846194           93
           -1440.920  25127            107
           -1440.921  232226           235
           -1440.922  232559           136
           -1440.924  132336           362
           -1440.925  373505           88
           -1440.925  789985           67
           -1440.926  797594           234
           -1440.931  65651            214
           -1440.932  529496           343
           -1440.933  573096           20
           -1440.935  488125           368
           -1440.938  441191           361
           -1440.945  150531           154
           -1440.945  948615           140
           -1440.946  259507           53
           -1440.949  926283           269
           -1440.952  534483           290
           -1440.952  352277           42
           -1440.953  616917           261
           -1440.954  967237           48
           -1440.958  417035           149
           -1440.961  263268           165
           -1440.963  939709           112
           -1440.963  311214           64
           -1440.966  960438           116
           -1440.967  692169           308
           -1440.971  478421           311
           -1440.980  602797           336
           -1440.983  165853           105
           -1440.984  780698           337
           -1440.986  650371           14
           -1440.986  695155           150
           -1440.987  576726           280
           -1440.992  81117            305
           -1440.992  415502           194
           -1441.000  188498           258
           -1441.004  871851           257
           -1441.004  414284           158
           -1441.006  850840           232
           -1441.010  836515           341
           -1441.012  568405           233
           -1441.017  347515           24
           -1441.018  965994           396
           -1441.019  329127           185
           -1441.023  1548             384
           -1441.024  645664           39
           -1441.034  281462           285
           -1441.036  354208           196
           -1441.037  576596           99
           -1441.046  496881           192
           -1441.048  576220           115
           -1441.048  192071           142
           -1441.052  175199           247
           -1441.063  76974            16
           -1441.064  609089           241
           -1441.072  27071            15
           -1441.073  798839           312
           -1441.076  131856           90
           -1441.076  782200           84
           -1441.079  246575           291
           -1441.084  264081           186
           -1441.093  61587            400
           -1441.105  569131           26
           -1441.109  436460           89
           -1441.123  455617           242
           -1441.140  636396           168
           -1441.141  722748           346
           -1441.142  875667           367
           -1441.143  821011           161
           -1441.197  415931           10
           -1441.201  414828           322



THE BEST LOGLIKELIHOOD VALUE HAS BEEN REPLICATED.  RERUN WITH AT LEAST TWICE THE
RANDOM STARTS TO CHECK THAT THE BEST LOGLIKELIHOOD IS STILL OBTAINED AND REPLICATED.


THE MODEL ESTIMATION TERMINATED NORMALLY



MODEL FIT INFORMATION

Number of Free Parameters                       11

Loglikelihood

          H0 Value                       -1440.821
          H0 Scaling Correction Factor      1.1571
            for MLR

Information Criteria

          Akaike (AIC)                    2903.641
          Bayesian (BIC)                  2959.193
          Sample-Size Adjusted BIC        2924.253
            (n* = (n + 2) / 24)

Chi-Square Test of Model Fit for the Binary and Ordered Categorical
(Ordinal) Outcomes

          Pearson Chi-Square

          Value                             85.344
          Degrees of Freedom                    20
          P-Value                           0.0000

          Likelihood Ratio Chi-Square

          Value                             45.343
          Degrees of Freedom                    20
          P-Value                           0.0010

Chi-Square Test for MCAR under the Unrestricted Latent Class Indicator Model

          Pearson Chi-Square

          Value                            125.246
          Degrees of Freedom                    99
          P-Value                           0.0385

          Likelihood Ratio Chi-Square

          Value                            107.065
          Degrees of Freedom                    99
          P-Value                           0.2725



FINAL CLASS COUNTS AND PROPORTIONS FOR THE LATENT CLASSES
BASED ON THE ESTIMATED MODEL

    Latent
   Classes

       1        666.00000          0.57762
       2        487.00000          0.42238


MODEL RESULTS

                                                    Two-Tailed
                    Estimate       S.E.  Est./S.E.    P-Value

Latent Class 1 (1)

 I        |
    CARUSE_5           1.000      0.000    999.000    999.000
    CARUSE_6           1.000      0.000    999.000    999.000
    CARUSE_7           1.000      0.000    999.000    999.000
    CARUSE_8           1.000      0.000    999.000    999.000

 S        |
    CARUSE_5           0.000      0.000    999.000    999.000
    CARUSE_6           1.000      0.000    999.000    999.000
    CARUSE_7           2.000      0.000    999.000    999.000
    CARUSE_8           3.000      0.000    999.000    999.000

 S        WITH
    I                 -0.438      4.147     -0.106      0.916

 Means
    I                -11.465      8.329     -1.377      0.169
    S                  0.072      0.884      0.081      0.935

 Thresholds
    CARUSE_5$1       -19.071      7.952     -2.398      0.016
    CARUSE_6$1       -19.071      7.952     -2.398      0.016
    CARUSE_7$1       -19.071      7.952     -2.398      0.016
    CARUSE_8$1       -19.071      7.952     -2.398      0.016

 Variances
    I                 31.235     27.071      1.154      0.249
    S                  0.008      0.108      0.078      0.938

Latent Class 2 (2)

 I        |
    CARUSE_5           1.000      0.000    999.000    999.000
    CARUSE_6           1.000      0.000    999.000    999.000
    CARUSE_7           1.000      0.000    999.000    999.000
    CARUSE_8           1.000      0.000    999.000    999.000

 S        |
    CARUSE_5           0.000      0.000    999.000    999.000
    CARUSE_6           1.000      0.000    999.000    999.000
    CARUSE_7           2.000      0.000    999.000    999.000
    CARUSE_8           3.000      0.000    999.000    999.000

 S        WITH
    I                -60.799     66.292     -0.917      0.359

 Means
    I                  0.000      0.000    999.000    999.000
    S                 -2.666      1.629     -1.636      0.102

 Thresholds
    CARUSE_5$1       -19.071      7.952     -2.398      0.016
    CARUSE_6$1       -19.071      7.952     -2.398      0.016
    CARUSE_7$1       -19.071      7.952     -2.398      0.016
    CARUSE_8$1       -19.071      7.952     -2.398      0.016

 Variances
    I                288.857    279.665      1.033      0.302
    S                 15.281     19.347      0.790      0.430

Categorical Latent Variables

 Means
    C#1                0.313      0.060      5.250      0.000


STANDARDIZED MODEL RESULTS


STDYX Standardization

                                                    Two-Tailed
                    Estimate       S.E.  Est./S.E.    P-Value

Latent Class 1 (1)

 I        |
    CARUSE_5           0.951      0.039     24.217      0.000
    CARUSE_6           0.963      0.140      6.900      0.000
    CARUSE_7           0.976      0.255      3.830      0.000
    CARUSE_8           0.988      0.377      2.624      0.009

 S        |
    CARUSE_5           0.000      0.000    999.000    999.000
    CARUSE_6           0.016      0.100      0.158      0.874
    CARUSE_7           0.032      0.206      0.155      0.876
    CARUSE_8           0.049      0.318      0.153      0.879

 S        WITH
    I                 -0.857      2.497     -0.343      0.731

 Means
    I                 -2.051      1.947     -1.054      0.292
    S                  0.783     14.613      0.054      0.957

 Thresholds
    CARUSE_5$1        -3.246      1.858     -1.747      0.081
    CARUSE_6$1        -3.287      1.748     -1.880      0.060
    CARUSE_7$1        -3.330      1.711     -1.946      0.052
    CARUSE_8$1        -3.373      1.764     -1.912      0.056

 Variances
    I                  1.000      0.000    999.000    999.000
    S                  1.000      0.000    999.000    999.000

Latent Class 2 (2)

 I        |
    CARUSE_5           0.994      0.005    183.442      0.000
    CARUSE_6           1.247      0.074     16.818      0.000
    CARUSE_7           1.620      0.254      6.383      0.000
    CARUSE_8           2.110      0.708      2.981      0.003

 S        |
    CARUSE_5           0.000      0.000    999.000    999.000
    CARUSE_6           0.287      0.070      4.117      0.000
    CARUSE_7           0.745      0.233      3.200      0.001
    CARUSE_8           1.456      0.625      2.330      0.020

 S        WITH
    I                 -0.915      0.108     -8.479      0.000

 Means
    I                  0.000      0.000    999.000    999.000
    S                 -0.682      0.306     -2.226      0.026

 Thresholds
    CARUSE_5$1        -1.116      0.074    -15.012      0.000
    CARUSE_6$1        -1.399      0.093    -15.015      0.000
    CARUSE_7$1        -1.818      0.276     -6.584      0.000
    CARUSE_8$1        -2.368      0.810     -2.921      0.003

 Variances
    I                  1.000      0.000    999.000    999.000
    S                  1.000      0.000    999.000    999.000


R-SQUARE

Class 1

    Observed                                        Two-Tailed
    Variable        Estimate       S.E.  Est./S.E.    P-Value

    CARUSE_5           0.905      0.075     12.109      0.000
    CARUSE_6           0.902      0.065     13.981      0.000
    CARUSE_7           0.900      0.060     14.928      0.000
    CARUSE_8           0.897      0.065     13.807      0.000

Class 2

    Observed                                        Two-Tailed
    Variable        Estimate       S.E.  Est./S.E.    P-Value

    CARUSE_5           0.989      0.011     91.721      0.000
    CARUSE_6           0.982      0.016     61.119      0.000
    CARUSE_7           0.970      0.027     36.186      0.000
    CARUSE_8           0.949      0.056     17.009      0.000


QUALITY OF NUMERICAL RESULTS

     Condition Number for the Information Matrix              0.285E-04
       (ratio of smallest to largest eigenvalue)


     Beginning Time:  10:53:43
        Ending Time:  10:54:32
       Elapsed Time:  00:00:49



MUTHEN & MUTHEN
3463 Stoner Ave.
Los Angeles, CA  90066

Tel: (310) 391-9971
Fax: (310) 391-8971
Web: www.StatModel.com
Support: Support@StatModel.com

Copyright (c) 1998-2019 Muthen & Muthen
