Mplus VERSION 8.3
MUTHEN & MUTHEN
07/31/2020   9:47 AM

INPUT INSTRUCTIONS

  TITLE: Your title goes here

   DATA: FILE = data.dta;

   VARIABLE:

   NAMES = pidp gridmode mm hidp_5 hidp_6 hidp_7 hidp_8 hidp_9 hidp_10 indmode_5
       indmode_6 indmode_7 indmode_8 indmode_9 indmode_10 mode_type_all mode_type_no9
       mode_type_567 mode_type_7 all no9 p567 p7 switch_all switch_no9 switch_567
       switch_7 lkmove_5 xpmove_5 caruse_5 mobuse_5 netpuse_5 aidxhh_5 jbhas_5 j2has_5
       finnow_5 finfut_5 howlng_5 vote1_5 vote6_5 scsf1_5 scsf2a_5 scsf2b_5 scsf3a_5
       scsf3b_5 scsf4a_5 scsf4b_5 scsf5_5 scsf6a_5 scsf6b_5 scsf6c_5 scsf7_5 scghqa_5
       scghqb_5 scghqc_5 scghqd_5 scghqe_5 scghqf_5 scghqg_5 scghqh_5 scghqi_5
       scghqj_5 scghqk_5 scghql_5 lkmove_6 xpmove_6 caruse_6 mobuse_6 netpuse_6
       aidxhh_6 jbhas_6 j2has_6 finnow_6 finfut_6 howlng_6 vote1_6 vote6_6 scsf1_6
       scsf2a_6 scsf2b_6 scsf3a_6 scsf3b_6 scsf4a_6 scsf4b_6 scsf5_6 scsf6a_6 scsf6b_6
       scsf6c_6 scsf7_6 scghqa_6 scghqb_6 scghqc_6 scghqd_6 scghqe_6 scghqf_6 scghqg_6
       scghqh_6 scghqi_6 scghqj_6 scghqk_6 scghql_6 lkmove_7 xpmove_7 caruse_7
       mobuse_7 netpuse_7 smoker_7 aidxhh_7 jbhas_7 jbterm1_7 jbsemp_7 j2has_7
       fiyrdia_7 finnow_7 finfut_7 howlng_7 vote1_7 vote6_7 scsf2a_7 scsf2b_7 scsf3a_7
       scsf3b_7 scsf4a_7 scsf4b_7 scsf5_7 scsf6a_7 scsf6b_7 scsf6c_7 scsf7_7 scghqa_7
       scghqb_7 scghqc_7 scghqd_7 scghqe_7 scghqf_7 scghqg_7 scghqh_7 scghqi_7
       scghqj_7 scghqk_7 scghql_7 scsf1_7 lkmove_8 xpmove_8 caruse_8 mobuse_8
       netpuse_8 smoker_8 aidxhh_8 jbhas_8 jbterm1_8 jbsemp_8 j2has_8 fiyrdia_8
       finnow_8 finfut_8 scsf2a_8 scsf2b_8 scsf3a_8 scsf3b_8 scsf4a_8 scsf4b_8 scsf5_8
       scsf6a_8 scsf6b_8 scsf6c_8 scsf7_8 scghqa_8 scghqb_8 scghqc_8 scghqd_8 scghqe_8
       scghqf_8 scghqg_8 scghqh_8 scghqi_8 scghqj_8 scghqk_8 scghql_8 scsf1_8 mobuse_9
       netpuse_9 smoker_9 jbhas_9 jbterm1_9 jbsemp_9 j2has_9 fiyrdia_9 finnow_9
       finfut_9 lkmove_10 xpmove_10 mobuse_10 netpuse_10 smoker_10 aidxhh_10 jbhas_10
       jbterm1_10 jbsemp_10 j2has_10 fiyrdia_10 finnow_10 finfut_10 scsf1_10 scsf2a_10
       scsf2b_10 scsf3a_10 scsf3b_10 scsf4a_10 scsf4b_10 scsf5_10 scsf6a_10 scsf6b_10
       scsf6c_10 scsf7_10 scghqa_10 scghqb_10 scghqc_10 scghqd_10 scghqe_10 scghqf_10
       scghqg_10 scghqh_10 scghqi_10 scghqj_10 scghqk_10 scghql_10 edu agecat female
       partner sf1 longill london north urban refresh Higher A level GCSE Other age_35
       age_55 age_75 age_102 pred_all pred_no9 pred_p567 pred_p7 pred_all_w pred_no9_w
       pred_p567_w pred_p7_w;

   MISSING=.;

   USEVARIABLES ARE
   scghqk_5
   scghqk_6
   scghqk_7
   scghqk_8
   scghqk_10;

   CATEGORICAL ARE
   scghqk_5
   scghqk_6
   scghqk_7
   scghqk_8
   scghqk_10;
   CLASSES = c(2);

    KNOWNCLASS = c(no9= 1 2);
  WEIGHT IS pred_no9_w;

   ANALYSIS:


      TYPE = MIXTURE;

      ESTIMATOR = MLR;

      ALGORITHM = INTEGRATION;

      Processors = 8(starts);

      STARTS = 400 100;

   Model:


      %OVERALL%

  i s | scghqk_5@0 scghqk_6@1 scghqk_7@2 scghqk_8@3 scghqk_10@5;

   %c#1%
  [s] (a);
   s (b);
   s WITH i (c);
   i (d);

   %c#2%
  [s] (a);
   s (b);
   s WITH i (c);
   i (d);

   OUTPUT: SAMPSTAT;

                                  STDYX;




*** WARNING in VARIABLE command
  Note that only the first 8 characters of variable names are used in the output.
  Shorten variable names to avoid any confusion.
*** WARNING
  Data set contains unknown or missing values for variable NO9.
  This variable is used to determine the KNOWNCLASS specification.
  Number of such cases:  111
*** WARNING
  Data set contains cases with missing on all variables.
  These cases were not included in the analysis.
  Number of cases with missing on all variables:  102
   3 WARNING(S) FOUND IN THE INPUT INSTRUCTIONS



Your title goes here

SUMMARY OF ANALYSIS

Number of groups                                                 1
Number of observations                                        1844

Number of dependent variables                                    5
Number of independent variables                                  0
Number of continuous latent variables                            2
Number of categorical latent variables                           1

Observed dependent variables

  Binary and ordered categorical (ordinal)
   SCGHQK_5    SCGHQK_6    SCGHQK_7    SCGHQK_8    SCGHQK_1

Continuous latent variables
   I           S

Categorical latent variables
   C

  Knownclass            C

Variables with special functions

  Weight variable       PRED_NO9

Estimator                                                      MLR
Information matrix                                        OBSERVED
Optimization Specifications for the Quasi-Newton Algorithm for
Continuous Outcomes
  Maximum number of iterations                                 100
  Convergence criterion                                  0.100D-05
Optimization Specifications for the EM Algorithm
  Maximum number of iterations                                 500
  Convergence criteria
    Loglikelihood change                                 0.100D-02
    Relative loglikelihood change                        0.100D-05
    Derivative                                           0.100D-02
Optimization Specifications for the M step of the EM Algorithm for
Categorical Latent variables
  Number of M step iterations                                    1
  M step convergence criterion                           0.100D-02
  Basis for M step termination                           ITERATION
Optimization Specifications for the M step of the EM Algorithm for
Censored, Binary or Ordered Categorical (Ordinal), Unordered
Categorical (Nominal) and Count Outcomes
  Number of M step iterations                                    1
  M step convergence criterion                           0.100D-02
  Basis for M step termination                           ITERATION
  Maximum value for logit thresholds                            15
  Minimum value for logit thresholds                           -15
  Minimum expected cell size for chi-square              0.100D-01
Maximum number of iterations for H1                           2000
Convergence criterion for H1                             0.100D-03
Optimization algorithm                                         EMA
Integration Specifications
  Type                                                    STANDARD
  Number of integration points                                  15
  Dimensions of numerical integration                            2
  Adaptive quadrature                                           ON
Random Starts Specifications
  Number of initial stage random starts                        400
  Number of final stage optimizations                          100
  Number of initial stage iterations                            10
  Initial stage convergence criterion                    0.100D+01
  Random starts scale                                    0.500D+01
  Random seed for generating random starts                       0
Link                                                         LOGIT
Cholesky                                                        ON

Input data file(s)
  data.dta
Input data format  FREE


SUMMARY OF DATA

     Number of missing data patterns            31
     Number of y missing data patterns           0
     Number of u missing data patterns          31


COVARIANCE COVERAGE OF DATA

Minimum covariance coverage value   0.100


     PROPORTION OF DATA PRESENT FOR U


           Covariance Coverage
              SCGHQK_5      SCGHQK_6      SCGHQK_7      SCGHQK_8      SCGHQK_1
              ________      ________      ________      ________      ________
 SCGHQK_5       0.386
 SCGHQK_6       0.292         0.457
 SCGHQK_7       0.265         0.338         0.595
 SCGHQK_8       0.252         0.325         0.472         0.580
 SCGHQK_1       0.224         0.287         0.401         0.434         0.648


UNIVARIATE PROPORTIONS AND COUNTS FOR CATEGORICAL VARIABLES

    SCGHQK_5
      Category 1    0.674          761.538
      Category 2    0.232          262.561
      Category 3    0.060           67.930
      Category 4    0.034           38.348
    SCGHQK_6
      Category 1    0.636          878.796
      Category 2    0.275          379.609
      Category 3    0.070           96.595
      Category 4    0.019           26.337
    SCGHQK_7
      Category 1    0.724          869.783
      Category 2    0.214          256.724
      Category 3    0.037           44.560
      Category 4    0.025           30.127
    SCGHQK_8
      Category 1    0.716          810.956
      Category 2    0.215          243.179
      Category 3    0.051           57.559
      Category 4    0.018           20.408
    SCGHQK_1
      Category 1    0.664          662.024
      Category 2    0.256          255.527
      Category 3    0.055           55.049
      Category 4    0.025           24.565


SAMPLE STATISTICS

RANDOM STARTS RESULTS RANKED FROM THE BEST TO THE WORST LOGLIKELIHOOD VALUES

Final stage loglikelihood values at local maxima, seeds, and initial stage start numbers:

           -5666.708  965994           396
           -5666.708  392418           28
           -5666.708  688839           273
           -5666.708  603842           61
           -5666.708  891531           206
           -5666.708  939021           8
           -5666.708  967902           52
           -5666.708  592219           119
           -5666.708  570782           193
           -5666.708  951709           348
           -5666.708  232226           235
           -5666.708  441191           361
           -5666.708  644297           340
           -5666.708  319144           176
           -5666.708  227563           63
           -5666.708  182524           373
           -5666.708  195353           225
           -5666.708  967237           48
           -5666.708  197223           332
           -5666.708  268896           124
           -5666.708  836066           372
           -5666.708  930323           267
           -5666.708  190339           102
           -5666.708  399848           220
           -5666.708  529455           268
           -5666.708  609089           241
           -5666.708  783110           72
           -5666.708  499150           216
           -5666.708  195873           6
           -5666.708  794236           127
           -5666.708  856536           144
           -5666.708  391949           295
           -5666.708  407108           366
           -5666.708  137305           379
           -5666.708  761633           50
           -5666.708  350608           334
           -5666.708  364676           27
           -5666.708  12477            155
           -5666.708  903420           5
           -5666.708  960438           116
           -5666.708  913639           162
           -5666.708  15715            274
           -5666.708  848969           173
           -5666.708  691234           250
           -5666.708  521575           313
           -5666.708  153053           378
           -5666.708  728038           177
           -5666.708  996231           310
           -5666.708  674171           195
           -5666.708  301180           236
           -5666.708  618000           190
           -5666.708  479273           156
           -5666.708  373505           88
           -5666.708  695155           150
           -5666.708  264081           186
           -5666.708  948615           140
           -5666.708  316165           299
           -5666.708  654136           167
           -5666.708  347515           24
           -5666.708  748692           204
           -5666.708  804561           59
           -5666.708  unperturbed      0
           -5666.708  399671           13
           -5666.708  788796           145
           -5666.708  156536           245
           -5666.708  561664           392
           -5666.708  268217           83
           -5666.708  246575           291
           -5666.708  132336           362
           -5666.708  21132            351
           -5666.708  509733           130
           -5666.708  371246           101
           -5666.708  650371           14
           -5666.708  732596           320
           -5666.708  215353           164
           -5666.708  569833           85
           -5666.708  123985           248
           -5666.708  414284           158
           -5666.708  360419           356
           -5666.708  616917           261
           -5666.708  292884           103
           -5666.708  76451            211
           -5666.708  782200           84
           -5666.708  414828           322
           -5666.708  602797           336
           -5666.708  945065           255
           -5666.708  694303           282
           -5666.708  903369           134
           -5666.708  61587            400
           -5666.708  462953           7
           -5666.708  278692           342
           -5666.708  471398           74
           -5666.708  404426           344
           -5666.708  829540           324
           -5666.708  642909           251
           -5666.708  387701           275
           -5666.708  415931           10
           -5666.715  992389           77
           -5666.716  76337            76
           -5666.716  467339           66



THE BEST LOGLIKELIHOOD VALUE HAS BEEN REPLICATED.  RERUN WITH AT LEAST TWICE THE
RANDOM STARTS TO CHECK THAT THE BEST LOGLIKELIHOOD IS STILL OBTAINED AND REPLICATED.


THE MODEL ESTIMATION TERMINATED NORMALLY



MODEL FIT INFORMATION

Number of Free Parameters                        9

Loglikelihood

          H0 Value                       -5666.708
          H0 Scaling Correction Factor      2.0172
            for MLR

Information Criteria

          Akaike (AIC)                   11351.415
          Bayesian (BIC)                 11401.092
          Sample-Size Adjusted BIC       11372.500
            (n* = (n + 2) / 24)

Chi-Square Test of Model Fit for the Binary and Ordered Categorical
(Ordinal) Outcomes**

          Pearson Chi-Square

          Value                           2261.767
          Degrees of Freedom                  2032
          P-Value                           0.0002

          Likelihood Ratio Chi-Square

          Value                            706.169
          Degrees of Freedom                  2032
          P-Value                           1.0000

** Of the 3124 cells in the latent class indicator table, 2
   were deleted in the calculation of chi-square due to extreme values.

Chi-Square Test for MCAR under the Unrestricted Latent Class Indicator Model

          Pearson Chi-Square

          Value                           1792.995
          Degrees of Freedom                  4139
          P-Value                           1.0000

          Likelihood Ratio Chi-Square

          Value                           1295.991
          Degrees of Freedom                  4139
          P-Value                           1.0000



FINAL CLASS COUNTS AND PROPORTIONS FOR THE LATENT CLASSES
BASED ON THE ESTIMATED MODEL

    Latent
   Classes

       1       1176.24225          0.63788
       2        667.75775          0.36212


MODEL RESULTS

                                                    Two-Tailed
                    Estimate       S.E.  Est./S.E.    P-Value

Latent Class 1 (1)

 I        |
    SCGHQK_5           1.000      0.000    999.000    999.000
    SCGHQK_6           1.000      0.000    999.000    999.000
    SCGHQK_7           1.000      0.000    999.000    999.000
    SCGHQK_8           1.000      0.000    999.000    999.000
    SCGHQK_10          1.000      0.000    999.000    999.000

 S        |
    SCGHQK_5           0.000      0.000    999.000    999.000
    SCGHQK_6           1.000      0.000    999.000    999.000
    SCGHQK_7           2.000      0.000    999.000    999.000
    SCGHQK_8           3.000      0.000    999.000    999.000
    SCGHQK_10          5.000      0.000    999.000    999.000

 S        WITH
    I                 -0.198      0.150     -1.322      0.186

 Means
    I                  0.213      0.188      1.133      0.257
    S                 -0.021      0.045     -0.467      0.640

 Thresholds
    SCGHQK_5$1         1.359      0.179      7.609      0.000
    SCGHQK_5$2         4.041      0.223     18.138      0.000
    SCGHQK_5$3         5.764      0.268     21.484      0.000
    SCGHQK_6$1         1.359      0.179      7.609      0.000
    SCGHQK_6$2         4.041      0.223     18.138      0.000
    SCGHQK_6$3         5.764      0.268     21.484      0.000
    SCGHQK_7$1         1.359      0.179      7.609      0.000
    SCGHQK_7$2         4.041      0.223     18.138      0.000
    SCGHQK_7$3         5.764      0.268     21.484      0.000
    SCGHQK_8$1         1.359      0.179      7.609      0.000
    SCGHQK_8$2         4.041      0.223     18.138      0.000
    SCGHQK_8$3         5.764      0.268     21.484      0.000
    SCGHQK_1$1         1.359      0.179      7.609      0.000
    SCGHQK_1$2         4.041      0.223     18.138      0.000
    SCGHQK_1$3         5.764      0.268     21.484      0.000

 Variances
    I                  5.374      0.897      5.994      0.000
    S                  0.070      0.042      1.673      0.094

Latent Class 2 (2)

 I        |
    SCGHQK_5           1.000      0.000    999.000    999.000
    SCGHQK_6           1.000      0.000    999.000    999.000
    SCGHQK_7           1.000      0.000    999.000    999.000
    SCGHQK_8           1.000      0.000    999.000    999.000
    SCGHQK_10          1.000      0.000    999.000    999.000

 S        |
    SCGHQK_5           0.000      0.000    999.000    999.000
    SCGHQK_6           1.000      0.000    999.000    999.000
    SCGHQK_7           2.000      0.000    999.000    999.000
    SCGHQK_8           3.000      0.000    999.000    999.000
    SCGHQK_10          5.000      0.000    999.000    999.000

 S        WITH
    I                 -0.198      0.150     -1.322      0.186

 Means
    I                  0.000      0.000    999.000    999.000
    S                 -0.021      0.045     -0.467      0.640

 Thresholds
    SCGHQK_5$1         1.359      0.179      7.609      0.000
    SCGHQK_5$2         4.041      0.223     18.138      0.000
    SCGHQK_5$3         5.764      0.268     21.484      0.000
    SCGHQK_6$1         1.359      0.179      7.609      0.000
    SCGHQK_6$2         4.041      0.223     18.138      0.000
    SCGHQK_6$3         5.764      0.268     21.484      0.000
    SCGHQK_7$1         1.359      0.179      7.609      0.000
    SCGHQK_7$2         4.041      0.223     18.138      0.000
    SCGHQK_7$3         5.764      0.268     21.484      0.000
    SCGHQK_8$1         1.359      0.179      7.609      0.000
    SCGHQK_8$2         4.041      0.223     18.138      0.000
    SCGHQK_8$3         5.764      0.268     21.484      0.000
    SCGHQK_1$1         1.359      0.179      7.609      0.000
    SCGHQK_1$2         4.041      0.223     18.138      0.000
    SCGHQK_1$3         5.764      0.268     21.484      0.000

 Variances
    I                  5.374      0.897      5.994      0.000
    S                  0.070      0.042      1.673      0.094

Categorical Latent Variables

 Means
    C#1                0.566      0.067      8.501      0.000


STANDARDIZED MODEL RESULTS


STDYX Standardization

                                                    Two-Tailed
                    Estimate       S.E.  Est./S.E.    P-Value

Latent Class 1 (1)

 I        |
    SCGHQK_5           0.788      0.025     31.569      0.000
    SCGHQK_6           0.803      0.035     22.703      0.000
    SCGHQK_7           0.812      0.046     17.645      0.000
    SCGHQK_8           0.814      0.056     14.537      0.000
    SCGHQK_10          0.798      0.074     10.839      0.000

 S        |
    SCGHQK_5           0.000      0.000    999.000    999.000
    SCGHQK_6           0.092      0.026      3.510      0.000
    SCGHQK_7           0.186      0.053      3.479      0.001
    SCGHQK_8           0.279      0.080      3.500      0.000
    SCGHQK_10          0.456      0.123      3.697      0.000

 S        WITH
    I                 -0.323      0.181     -1.781      0.075

 Means
    I                  0.092      0.080      1.144      0.253
    S                 -0.079      0.167     -0.472      0.637

 Thresholds
    SCGHQK_5$1         0.462      0.053      8.646      0.000
    SCGHQK_5$2         1.373      0.062     22.309      0.000
    SCGHQK_5$3         1.958      0.090     21.779      0.000
    SCGHQK_6$1         0.471      0.056      8.445      0.000
    SCGHQK_6$2         1.400      0.060     23.411      0.000
    SCGHQK_6$3         1.996      0.082     24.217      0.000
    SCGHQK_7$1         0.476      0.059      8.123      0.000
    SCGHQK_7$2         1.416      0.064     22.206      0.000
    SCGHQK_7$3         2.019      0.083     24.295      0.000
    SCGHQK_8$1         0.477      0.062      7.734      0.000
    SCGHQK_8$2         1.419      0.072     19.642      0.000
    SCGHQK_8$3         2.024      0.092     22.036      0.000
    SCGHQK_1$1         0.468      0.068      6.886      0.000
    SCGHQK_1$2         1.391      0.098     14.165      0.000
    SCGHQK_1$3         1.984      0.128     15.544      0.000

 Variances
    I                  1.000      0.000    999.000    999.000
    S                  1.000      0.000    999.000    999.000

Latent Class 2 (2)

 I        |
    SCGHQK_5           0.788      0.025     31.569      0.000
    SCGHQK_6           0.803      0.035     22.703      0.000
    SCGHQK_7           0.812      0.046     17.645      0.000
    SCGHQK_8           0.814      0.056     14.537      0.000
    SCGHQK_10          0.798      0.074     10.839      0.000

 S        |
    SCGHQK_5           0.000      0.000    999.000    999.000
    SCGHQK_6           0.092      0.026      3.510      0.000
    SCGHQK_7           0.186      0.053      3.479      0.001
    SCGHQK_8           0.279      0.080      3.500      0.000
    SCGHQK_10          0.456      0.123      3.697      0.000

 S        WITH
    I                 -0.323      0.181     -1.781      0.075

 Means
    I                  0.000      0.000    999.000    999.000
    S                 -0.079      0.167     -0.472      0.637

 Thresholds
    SCGHQK_5$1         0.462      0.053      8.646      0.000
    SCGHQK_5$2         1.373      0.062     22.309      0.000
    SCGHQK_5$3         1.958      0.090     21.779      0.000
    SCGHQK_6$1         0.471      0.056      8.445      0.000
    SCGHQK_6$2         1.400      0.060     23.411      0.000
    SCGHQK_6$3         1.996      0.082     24.217      0.000
    SCGHQK_7$1         0.476      0.059      8.123      0.000
    SCGHQK_7$2         1.416      0.064     22.206      0.000
    SCGHQK_7$3         2.019      0.083     24.295      0.000
    SCGHQK_8$1         0.477      0.062      7.734      0.000
    SCGHQK_8$2         1.419      0.072     19.642      0.000
    SCGHQK_8$3         2.024      0.092     22.036      0.000
    SCGHQK_1$1         0.468      0.068      6.886      0.000
    SCGHQK_1$2         1.391      0.098     14.165      0.000
    SCGHQK_1$3         1.984      0.128     15.544      0.000

 Variances
    I                  1.000      0.000    999.000    999.000
    S                  1.000      0.000    999.000    999.000


R-SQUARE

Class 1

    Observed                                        Two-Tailed
    Variable        Estimate       S.E.  Est./S.E.    P-Value

    SCGHQK_5           0.620      0.039     15.784      0.000
    SCGHQK_6           0.605      0.033     18.386      0.000
    SCGHQK_7           0.596      0.029     20.448      0.000
    SCGHQK_8           0.594      0.030     19.665      0.000
    SCGHQK_1           0.610      0.045     13.489      0.000

Class 2

    Observed                                        Two-Tailed
    Variable        Estimate       S.E.  Est./S.E.    P-Value

    SCGHQK_5           0.620      0.039     15.784      0.000
    SCGHQK_6           0.605      0.033     18.386      0.000
    SCGHQK_7           0.596      0.029     20.448      0.000
    SCGHQK_8           0.594      0.030     19.665      0.000
    SCGHQK_1           0.610      0.045     13.489      0.000


QUALITY OF NUMERICAL RESULTS

     Condition Number for the Information Matrix              0.296E-02
       (ratio of smallest to largest eigenvalue)


     Beginning Time:  09:47:37
        Ending Time:  09:50:03
       Elapsed Time:  00:02:26



MUTHEN & MUTHEN
3463 Stoner Ave.
Los Angeles, CA  90066

Tel: (310) 391-9971
Fax: (310) 391-8971
Web: www.StatModel.com
Support: Support@StatModel.com

Copyright (c) 1998-2019 Muthen & Muthen
