Mplus VERSION 8.3
MUTHEN & MUTHEN
02/28/2020   7:08 PM

INPUT INSTRUCTIONS

  TITLE: Your title goes here

   DATA: FILE = data.dta;

   VARIABLE:

   NAMES = pidp gridmode mm hidp_5 hidp_6 hidp_7 hidp_8 hidp_9 hidp_10 indmode_5
       indmode_6 indmode_7 indmode_8 indmode_9 indmode_10 mode_type_all mode_type_no9
       mode_type_567 mode_type_7 all no9 p567 p7 switch_all switch_no9 switch_567
       switch_7 lkmove_5 xpmove_5 caruse_5 mobuse_5 netpuse_5 aidxhh_5 jbhas_5 j2has_5
       finnow_5 finfut_5 howlng_5 vote1_5 vote6_5 scsf1_5 scsf2a_5 scsf2b_5 scsf3a_5
       scsf3b_5 scsf4a_5 scsf4b_5 scsf5_5 scsf6a_5 scsf6b_5 scsf6c_5 scsf7_5 scghqa_5
       scghqb_5 scghqc_5 scghqd_5 scghqe_5 scghqf_5 scghqg_5 scghqh_5 scghqi_5
       scghqj_5 scghqk_5 scghql_5 lkmove_6 xpmove_6 caruse_6 mobuse_6 netpuse_6
       aidxhh_6 jbhas_6 j2has_6 finnow_6 finfut_6 howlng_6 vote1_6 vote6_6 scsf1_6
       scsf2a_6 scsf2b_6 scsf3a_6 scsf3b_6 scsf4a_6 scsf4b_6 scsf5_6 scsf6a_6 scsf6b_6
       scsf6c_6 scsf7_6 scghqa_6 scghqb_6 scghqc_6 scghqd_6 scghqe_6 scghqf_6 scghqg_6
       scghqh_6 scghqi_6 scghqj_6 scghqk_6 scghql_6 lkmove_7 xpmove_7 caruse_7
       mobuse_7 netpuse_7 smoker_7 aidxhh_7 jbhas_7 jbterm1_7 jbsemp_7 j2has_7
       fiyrdia_7 finnow_7 finfut_7 howlng_7 vote1_7 vote6_7 scsf2a_7 scsf2b_7 scsf3a_7
       scsf3b_7 scsf4a_7 scsf4b_7 scsf5_7 scsf6a_7 scsf6b_7 scsf6c_7 scsf7_7 scghqa_7
       scghqb_7 scghqc_7 scghqd_7 scghqe_7 scghqf_7 scghqg_7 scghqh_7 scghqi_7
       scghqj_7 scghqk_7 scghql_7 scsf1_7 lkmove_8 xpmove_8 caruse_8 mobuse_8
       netpuse_8 smoker_8 aidxhh_8 jbhas_8 jbterm1_8 jbsemp_8 j2has_8 fiyrdia_8
       finnow_8 finfut_8 scsf2a_8 scsf2b_8 scsf3a_8 scsf3b_8 scsf4a_8 scsf4b_8 scsf5_8
       scsf6a_8 scsf6b_8 scsf6c_8 scsf7_8 scghqa_8 scghqb_8 scghqc_8 scghqd_8 scghqe_8
       scghqf_8 scghqg_8 scghqh_8 scghqi_8 scghqj_8 scghqk_8 scghql_8 scsf1_8 mobuse_9
       netpuse_9 smoker_9 jbhas_9 jbterm1_9 jbsemp_9 j2has_9 fiyrdia_9 finnow_9
       finfut_9 lkmove_10 xpmove_10 mobuse_10 netpuse_10 smoker_10 aidxhh_10 jbhas_10
       jbterm1_10 jbsemp_10 j2has_10 fiyrdia_10 finnow_10 finfut_10 scsf1_10 scsf2a_10
       scsf2b_10 scsf3a_10 scsf3b_10 scsf4a_10 scsf4b_10 scsf5_10 scsf6a_10 scsf6b_10
       scsf6c_10 scsf7_10 scghqa_10 scghqb_10 scghqc_10 scghqd_10 scghqe_10 scghqf_10
       scghqg_10 scghqh_10 scghqi_10 scghqj_10 scghqk_10 scghql_10 edu agecat female
       partner sf1 longill london north urban refresh Higher A level GCSE Other age_35
       age_55 age_75 age_102 pred_all pred_no9 pred_p567 pred_p7 pred_all_w pred_no9_w
       pred_p567_w pred_p7_w;

   MISSING=.;

   USEVARIABLES ARE
   jbhas_5
   jbhas_6
   jbhas_7
   jbhas_8
   jbhas_9
   jbhas_10;

   CATEGORICAL ARE
   jbhas_5
   jbhas_6
   jbhas_7
   jbhas_8
   jbhas_9
   jbhas_10;
   CLASSES = c(2);

    KNOWNCLASS = c(mm= 1 2);

   ANALYSIS:


      TYPE = MIXTURE;

      ESTIMATOR = MLR;

      ALGORITHM = INTEGRATION;

      Processors = 8(starts);

      STARTS = 400 100;

   Model:


      %OVERALL%

  i s | jbhas_5@0 jbhas_6@1 jbhas_7@2 jbhas_8@3 jbhas_9@4 jbhas_10@5;

   %c#1%
  [s] (a); s ;
   s WITH i ;
   i ;


   %c#2%
  [s] (a); s ;
   s WITH i ;
   i ;


   OUTPUT: SAMPSTAT;

                                  STDYX;




*** WARNING
  Data set contains unknown or missing values for variable MM.
  This variable is used to determine the KNOWNCLASS specification.
  Number of such cases:  458
*** WARNING
  Data set contains cases with missing on all variables.
  These cases were not included in the analysis.
  Number of cases with missing on all variables:  4
   2 WARNING(S) FOUND IN THE INPUT INSTRUCTIONS



Your title goes here

SUMMARY OF ANALYSIS

Number of groups                                                 1
Number of observations                                        1595

Number of dependent variables                                    6
Number of independent variables                                  0
Number of continuous latent variables                            2
Number of categorical latent variables                           1

Observed dependent variables

  Binary and ordered categorical (ordinal)
   JBHAS_5     JBHAS_6     JBHAS_7     JBHAS_8     JBHAS_9     JBHAS_10

Continuous latent variables
   I           S

Categorical latent variables
   C

  Knownclass            C


Estimator                                                      MLR
Information matrix                                        OBSERVED
Optimization Specifications for the Quasi-Newton Algorithm for
Continuous Outcomes
  Maximum number of iterations                                 100
  Convergence criterion                                  0.100D-05
Optimization Specifications for the EM Algorithm
  Maximum number of iterations                                 500
  Convergence criteria
    Loglikelihood change                                 0.100D-02
    Relative loglikelihood change                        0.100D-05
    Derivative                                           0.100D-02
Optimization Specifications for the M step of the EM Algorithm for
Categorical Latent variables
  Number of M step iterations                                    1
  M step convergence criterion                           0.100D-02
  Basis for M step termination                           ITERATION
Optimization Specifications for the M step of the EM Algorithm for
Censored, Binary or Ordered Categorical (Ordinal), Unordered
Categorical (Nominal) and Count Outcomes
  Number of M step iterations                                    1
  M step convergence criterion                           0.100D-02
  Basis for M step termination                           ITERATION
  Maximum value for logit thresholds                            15
  Minimum value for logit thresholds                           -15
  Minimum expected cell size for chi-square              0.100D-01
Maximum number of iterations for H1                           2000
Convergence criterion for H1                             0.100D-03
Optimization algorithm                                         EMA
Integration Specifications
  Type                                                    STANDARD
  Number of integration points                                  15
  Dimensions of numerical integration                            2
  Adaptive quadrature                                           ON
Random Starts Specifications
  Number of initial stage random starts                        400
  Number of final stage optimizations                          100
  Number of initial stage iterations                            10
  Initial stage convergence criterion                    0.100D+01
  Random starts scale                                    0.500D+01
  Random seed for generating random starts                       0
Link                                                         LOGIT
Cholesky                                                        ON

Input data file(s)
  data.dta
Input data format  FREE


SUMMARY OF DATA

     Number of missing data patterns            60
     Number of y missing data patterns           0
     Number of u missing data patterns          60


COVARIANCE COVERAGE OF DATA

Minimum covariance coverage value   0.100


     PROPORTION OF DATA PRESENT FOR U


           Covariance Coverage
              JBHAS_5       JBHAS_6       JBHAS_7       JBHAS_8       JBHAS_9
              ________      ________      ________      ________      ________
 JBHAS_5        0.669
 JBHAS_6        0.571         0.663
 JBHAS_7        0.455         0.484         0.631
 JBHAS_8        0.428         0.460         0.502         0.618
 JBHAS_9        0.405         0.433         0.468         0.517         0.592
 JBHAS_10       0.372         0.396         0.421         0.466         0.480


           Covariance Coverage
              JBHAS_10
              ________
 JBHAS_10       0.554


UNIVARIATE PROPORTIONS AND COUNTS FOR CATEGORICAL VARIABLES

    JBHAS_5
      Category 1    0.464          495.000
      Category 2    0.536          572.000
    JBHAS_6
      Category 1    0.442          467.000
      Category 2    0.558          590.000
    JBHAS_7
      Category 1    0.487          490.000
      Category 2    0.513          516.000
    JBHAS_8
      Category 1    0.481          474.000
      Category 2    0.519          512.000
    JBHAS_9
      Category 1    0.483          456.000
      Category 2    0.517          488.000
    JBHAS_10
      Category 1    0.455          402.000
      Category 2    0.545          482.000


SAMPLE STATISTICS

RANDOM STARTS RESULTS RANKED FROM THE BEST TO THE WORST LOGLIKELIHOOD VALUES

Final stage loglikelihood values at local maxima, seeds, and initial stage start numbers:

           -3695.325  414828           322
           -3695.328  972873           157
           -3695.328  608849           224
           -3695.330  836515           341
           -3695.330  27071            15
           -3695.330  694303           282
           -3695.331  569833           85
           -3695.332  246575           291
           -3695.333  931874           141
           -3695.333  51375            148
           -3695.334  347515           24
           -3695.337  781190           219
           -3695.337  404426           344
           -3695.337  247224           94
           -3695.338  521575           313
           -3695.338  297518           166
           -3695.338  370466           41
           -3695.339  349263           263
           -3695.339  22362            365
           -3695.341  496881           192
           -3695.343  573096           20
           -3695.343  529496           343
           -3695.343  856536           144
           -3695.343  342019           301
           -3695.343  701525           239
           -3695.344  960438           116
           -3695.344  170954           86
           -3695.344  836066           372
           -3695.345  440841           118
           -3695.345  278692           342
           -3695.345  432148           30
           -3695.346  752769           253
           -3695.346  654136           167
           -3695.347  696773           80
           -3695.347  963053           43
           -3695.347  467339           66
           -3695.347  622860           259
           -3695.348  891531           206
           -3695.348  405079           68
           -3695.348  358488           264
           -3695.349  777045           377
           -3695.349  576596           99
           -3695.349  227563           63
           -3695.350  475420           71
           -3695.351  561664           392
           -3695.351  851945           18
           -3695.351  534864           307
           -3695.351  789985           67
           -3695.352  267983           228
           -3695.352  648555           113
           -3695.352  576726           280
           -3695.352  352277           42
           -3695.353  691234           250
           -3695.353  544048           87
           -3695.353  609089           241
           -3695.354  512836           289
           -3695.354  215353           164
           -3695.354  794236           127
           -3695.354  173440           328
           -3695.354  840078           203
           -3695.354  190339           102
           -3695.354  514326           325
           -3695.354  913639           162
           -3695.355  751054           117
           -3695.355  462953           7
           -3695.355  81117            305
           -3695.355  340112           126
           -3695.355  741888           138
           -3695.355  595153           230
           -3695.356  unperturbed      0
           -3695.356  801065           393
           -3695.356  146900           391
           -3695.356  414284           158
           -3695.356  1548             384
           -3695.357  354208           196
           -3695.357  40340            188
           -3695.357  284109           82
           -3695.359  592219           119
           -3695.359  485256           371
           -3695.359  68985            17
           -3695.359  185071           370
           -3695.359  377504           294
           -3695.360  30098            209
           -3695.360  393232           152
           -3695.360  478421           311
           -3695.360  23012            352
           -3695.360  85462            51
           -3695.361  479273           156
           -3695.361  791396           243
           -3695.362  863094           147
           -3695.362  123985           248
           -3695.364  783165           170
           -3695.365  441191           361
           -3695.365  285380           1
           -3695.365  391949           295
           -3695.366  21345            199
           -3695.367  529455           268
           -3695.371  387701           275
           -3695.453  93468            3
           -3695.462  210870           383



THE BEST LOGLIKELIHOOD VALUE HAS BEEN REPLICATED.  RERUN WITH AT LEAST TWICE THE
RANDOM STARTS TO CHECK THAT THE BEST LOGLIKELIHOOD IS STILL OBTAINED AND REPLICATED.


THE MODEL ESTIMATION TERMINATED NORMALLY



MODEL FIT INFORMATION

Number of Free Parameters                       10

Loglikelihood

          H0 Value                       -3695.325
          H0 Scaling Correction Factor      1.0165
            for MLR

Information Criteria

          Akaike (AIC)                    7410.650
          Bayesian (BIC)                  7464.396
          Sample-Size Adjusted BIC        7432.628
            (n* = (n + 2) / 24)

Chi-Square Test of Model Fit for the Binary and Ordered Categorical
(Ordinal) Outcomes

          Pearson Chi-Square

          Value                            172.003
          Degrees of Freedom                   117
          P-Value                           0.0007

          Likelihood Ratio Chi-Square

          Value                            174.737
          Degrees of Freedom                   117
          P-Value                           0.0004

Chi-Square Test for MCAR under the Unrestricted Latent Class Indicator Model

          Pearson Chi-Square

          Value                           1052.417
          Degrees of Freedom                  1145
          P-Value                           0.9759

          Likelihood Ratio Chi-Square

          Value                            682.657
          Degrees of Freedom                  1145
          P-Value                           1.0000



FINAL CLASS COUNTS AND PROPORTIONS FOR THE LATENT CLASSES
BASED ON THE ESTIMATED MODEL

    Latent
   Classes

       1        919.00000          0.57618
       2        676.00000          0.42382


MODEL RESULTS

                                                    Two-Tailed
                    Estimate       S.E.  Est./S.E.    P-Value

Latent Class 1 (1)

 I        |
    JBHAS_5            1.000      0.000    999.000    999.000
    JBHAS_6            1.000      0.000    999.000    999.000
    JBHAS_7            1.000      0.000    999.000    999.000
    JBHAS_8            1.000      0.000    999.000    999.000
    JBHAS_9            1.000      0.000    999.000    999.000
    JBHAS_10           1.000      0.000    999.000    999.000

 S        |
    JBHAS_5            0.000      0.000    999.000    999.000
    JBHAS_6            1.000      0.000    999.000    999.000
    JBHAS_7            2.000      0.000    999.000    999.000
    JBHAS_8            3.000      0.000    999.000    999.000
    JBHAS_9            4.000      0.000    999.000    999.000
    JBHAS_10           5.000      0.000    999.000    999.000

 S        WITH
    I                 -3.215      1.512     -2.126      0.034

 Means
    I                 -0.564      0.434     -1.300      0.194
    S                 -0.077      0.058     -1.335      0.182

 Thresholds
    JBHAS_5$1         -0.824      0.400     -2.059      0.040
    JBHAS_6$1         -0.824      0.400     -2.059      0.040
    JBHAS_7$1         -0.824      0.400     -2.059      0.040
    JBHAS_8$1         -0.824      0.400     -2.059      0.040
    JBHAS_9$1         -0.824      0.400     -2.059      0.040
    JBHAS_10$1        -0.824      0.400     -2.059      0.040

 Variances
    I                 52.898     10.647      4.969      0.000
    S                  0.810      0.221      3.667      0.000

Latent Class 2 (2)

 I        |
    JBHAS_5            1.000      0.000    999.000    999.000
    JBHAS_6            1.000      0.000    999.000    999.000
    JBHAS_7            1.000      0.000    999.000    999.000
    JBHAS_8            1.000      0.000    999.000    999.000
    JBHAS_9            1.000      0.000    999.000    999.000
    JBHAS_10           1.000      0.000    999.000    999.000

 S        |
    JBHAS_5            0.000      0.000    999.000    999.000
    JBHAS_6            1.000      0.000    999.000    999.000
    JBHAS_7            2.000      0.000    999.000    999.000
    JBHAS_8            3.000      0.000    999.000    999.000
    JBHAS_9            4.000      0.000    999.000    999.000
    JBHAS_10           5.000      0.000    999.000    999.000

 S        WITH
    I                 -8.176      2.932     -2.788      0.005

 Means
    I                  0.000      0.000    999.000    999.000
    S                 -0.077      0.058     -1.335      0.182

 Thresholds
    JBHAS_5$1         -0.824      0.400     -2.059      0.040
    JBHAS_6$1         -0.824      0.400     -2.059      0.040
    JBHAS_7$1         -0.824      0.400     -2.059      0.040
    JBHAS_8$1         -0.824      0.400     -2.059      0.040
    JBHAS_9$1         -0.824      0.400     -2.059      0.040
    JBHAS_10$1        -0.824      0.400     -2.059      0.040

 Variances
    I                 74.663     18.598      4.015      0.000
    S                  1.967      0.582      3.381      0.001

Categorical Latent Variables

 Means
    C#1                0.307      0.051      6.061      0.000


STANDARDIZED MODEL RESULTS


STDYX Standardization

                                                    Two-Tailed
                    Estimate       S.E.  Est./S.E.    P-Value

Latent Class 1 (1)

 I        |
    JBHAS_5            0.970      0.006    169.715      0.000
    JBHAS_6            1.023      0.026     40.078      0.000
    JBHAS_7            1.066      0.053     20.273      0.000
    JBHAS_8            1.094      0.083     13.109      0.000
    JBHAS_9            1.104      0.114      9.661      0.000
    JBHAS_10           1.093      0.140      7.791      0.000

 S        |
    JBHAS_5            0.000      0.000    999.000    999.000
    JBHAS_6            0.127      0.013      9.945      0.000
    JBHAS_7            0.264      0.028      9.529      0.000
    JBHAS_8            0.406      0.046      8.878      0.000
    JBHAS_9            0.546      0.067      8.132      0.000
    JBHAS_10           0.676      0.091      7.472      0.000

 S        WITH
    I                 -0.491      0.164     -3.000      0.003

 Means
    I                 -0.078      0.060     -1.295      0.195
    S                 -0.086      0.065     -1.325      0.185

 Thresholds
    JBHAS_5$1         -0.110      0.054     -2.025      0.043
    JBHAS_6$1         -0.116      0.057     -2.037      0.042
    JBHAS_7$1         -0.121      0.059     -2.047      0.041
    JBHAS_8$1         -0.124      0.060     -2.051      0.040
    JBHAS_9$1         -0.125      0.061     -2.049      0.040
    JBHAS_10$1        -0.124      0.061     -2.041      0.041

 Variances
    I                  1.000      0.000    999.000    999.000
    S                  1.000      0.000    999.000    999.000

Latent Class 2 (2)

 I        |
    JBHAS_5            0.979      0.005    190.247      0.000
    JBHAS_6            1.084      0.026     42.235      0.000
    JBHAS_7            1.186      0.060     19.860      0.000
    JBHAS_8            1.266      0.105     12.089      0.000
    JBHAS_9            1.302      0.151      8.632      0.000
    JBHAS_10           1.283      0.183      7.017      0.000

 S        |
    JBHAS_5            0.000      0.000    999.000    999.000
    JBHAS_6            0.176      0.015     11.397      0.000
    JBHAS_7            0.385      0.038     10.111      0.000
    JBHAS_8            0.616      0.070      8.743      0.000
    JBHAS_9            0.846      0.111      7.598      0.000
    JBHAS_10           1.041      0.151      6.915      0.000

 S        WITH
    I                 -0.675      0.100     -6.715      0.000

 Means
    I                  0.000      0.000    999.000    999.000
    S                 -0.055      0.042     -1.300      0.193

 Thresholds
    JBHAS_5$1         -0.093      0.046     -2.018      0.044
    JBHAS_6$1         -0.103      0.051     -2.029      0.042
    JBHAS_7$1         -0.113      0.055     -2.039      0.041
    JBHAS_8$1         -0.121      0.059     -2.043      0.041
    JBHAS_9$1         -0.124      0.061     -2.037      0.042
    JBHAS_10$1        -0.122      0.060     -2.022      0.043

 Variances
    I                  1.000      0.000    999.000    999.000
    S                  1.000      0.000    999.000    999.000


R-SQUARE

Class 1

    Observed                                        Two-Tailed
    Variable        Estimate       S.E.  Est./S.E.    P-Value

    JBHAS_5            0.941      0.011     84.858      0.000
    JBHAS_6            0.935      0.011     86.197      0.000
    JBHAS_7            0.929      0.011     87.185      0.000
    JBHAS_8            0.926      0.011     81.818      0.000
    JBHAS_9            0.924      0.013     70.671      0.000
    JBHAS_10           0.926      0.015     60.967      0.000

Class 2

    Observed                                        Two-Tailed
    Variable        Estimate       S.E.  Est./S.E.    P-Value

    JBHAS_5            0.958      0.010     95.124      0.000
    JBHAS_6            0.948      0.011     84.424      0.000
    JBHAS_7            0.938      0.012     76.962      0.000
    JBHAS_8            0.929      0.014     68.836      0.000
    JBHAS_9            0.925      0.016     58.872      0.000
    JBHAS_10           0.927      0.018     52.754      0.000


QUALITY OF NUMERICAL RESULTS

     Condition Number for the Information Matrix              0.136E-02
       (ratio of smallest to largest eigenvalue)


     Beginning Time:  19:08:18
        Ending Time:  19:09:42
       Elapsed Time:  00:01:24



MUTHEN & MUTHEN
3463 Stoner Ave.
Los Angeles, CA  90066

Tel: (310) 391-9971
Fax: (310) 391-8971
Web: www.StatModel.com
Support: Support@StatModel.com

Copyright (c) 1998-2019 Muthen & Muthen
