Mplus VERSION 8.3
MUTHEN & MUTHEN
06/22/2020  10:59 AM

INPUT INSTRUCTIONS

  TITLE: Your title goes here

   DATA: FILE = data.dta;

   VARIABLE:

   NAMES = pidp gridmode mm hidp_5 hidp_6 hidp_7 hidp_8 hidp_9 hidp_10 indmode_5
       indmode_6 indmode_7 indmode_8 indmode_9 indmode_10 mode_type_all mode_type_no9
       mode_type_567 mode_type_7 all no9 p567 p7 switch_all switch_no9 switch_567
       switch_7 lkmove_5 xpmove_5 caruse_5 mobuse_5 netpuse_5 aidxhh_5 jbhas_5 j2has_5
       finnow_5 finfut_5 howlng_5 vote1_5 vote6_5 scsf1_5 scsf2a_5 scsf2b_5 scsf3a_5
       scsf3b_5 scsf4a_5 scsf4b_5 scsf5_5 scsf6a_5 scsf6b_5 scsf6c_5 scsf7_5 scghqa_5
       scghqb_5 scghqc_5 scghqd_5 scghqe_5 scghqf_5 scghqg_5 scghqh_5 scghqi_5
       scghqj_5 scghqk_5 scghql_5 lkmove_6 xpmove_6 caruse_6 mobuse_6 netpuse_6
       aidxhh_6 jbhas_6 j2has_6 finnow_6 finfut_6 howlng_6 vote1_6 vote6_6 scsf1_6
       scsf2a_6 scsf2b_6 scsf3a_6 scsf3b_6 scsf4a_6 scsf4b_6 scsf5_6 scsf6a_6 scsf6b_6
       scsf6c_6 scsf7_6 scghqa_6 scghqb_6 scghqc_6 scghqd_6 scghqe_6 scghqf_6 scghqg_6
       scghqh_6 scghqi_6 scghqj_6 scghqk_6 scghql_6 lkmove_7 xpmove_7 caruse_7
       mobuse_7 netpuse_7 smoker_7 aidxhh_7 jbhas_7 jbterm1_7 jbsemp_7 j2has_7
       fiyrdia_7 finnow_7 finfut_7 howlng_7 vote1_7 vote6_7 scsf2a_7 scsf2b_7 scsf3a_7
       scsf3b_7 scsf4a_7 scsf4b_7 scsf5_7 scsf6a_7 scsf6b_7 scsf6c_7 scsf7_7 scghqa_7
       scghqb_7 scghqc_7 scghqd_7 scghqe_7 scghqf_7 scghqg_7 scghqh_7 scghqi_7
       scghqj_7 scghqk_7 scghql_7 scsf1_7 lkmove_8 xpmove_8 caruse_8 mobuse_8
       netpuse_8 smoker_8 aidxhh_8 jbhas_8 jbterm1_8 jbsemp_8 j2has_8 fiyrdia_8
       finnow_8 finfut_8 scsf2a_8 scsf2b_8 scsf3a_8 scsf3b_8 scsf4a_8 scsf4b_8 scsf5_8
       scsf6a_8 scsf6b_8 scsf6c_8 scsf7_8 scghqa_8 scghqb_8 scghqc_8 scghqd_8 scghqe_8
       scghqf_8 scghqg_8 scghqh_8 scghqi_8 scghqj_8 scghqk_8 scghql_8 scsf1_8 mobuse_9
       netpuse_9 smoker_9 jbhas_9 jbterm1_9 jbsemp_9 j2has_9 fiyrdia_9 finnow_9
       finfut_9 lkmove_10 xpmove_10 mobuse_10 netpuse_10 smoker_10 aidxhh_10 jbhas_10
       jbterm1_10 jbsemp_10 j2has_10 fiyrdia_10 finnow_10 finfut_10 scsf1_10 scsf2a_10
       scsf2b_10 scsf3a_10 scsf3b_10 scsf4a_10 scsf4b_10 scsf5_10 scsf6a_10 scsf6b_10
       scsf6c_10 scsf7_10 scghqa_10 scghqb_10 scghqc_10 scghqd_10 scghqe_10 scghqf_10
       scghqg_10 scghqh_10 scghqi_10 scghqj_10 scghqk_10 scghql_10 edu agecat female
       partner sf1 longill london north urban refresh Higher A level GCSE Other age_35
       age_55 age_75 age_102 pred_all pred_no9 pred_p567 pred_p7 pred_all_w pred_no9_w
       pred_p567_w pred_p7_w;

   MISSING=.;

   USEVARIABLES ARE
   lkmove_5
   lkmove_6
   lkmove_7
   lkmove_8
   lkmove_10;

   CATEGORICAL ARE
   lkmove_5
   lkmove_6
   lkmove_7
   lkmove_8
   lkmove_10;
   CLASSES = c(2);

    KNOWNCLASS = c(mm= 1 2);

   ANALYSIS:


      TYPE = MIXTURE;

      ESTIMATOR = MLR;

      ALGORITHM = INTEGRATION;

      Processors = 8(starts);

      STARTS = 800 200;

   Model:


      %OVERALL%

  i s | lkmove_5@0 lkmove_6@1 lkmove_7@2 lkmove_8@3 lkmove_10@5;

   %c#1%
  [s] (a); s ;
   s WITH i ;
  i@0 ;
   [i@0];


   %c#2%
  [s] (a); s ;
   s WITH i ;
   i@0 ;
   [i@0];


   OUTPUT: SAMPSTAT;

                                  STDYX;




*** WARNING in VARIABLE command
  Note that only the first 8 characters of variable names are used in the output.
  Shorten variable names to avoid any confusion.
*** WARNING in MODEL command
  All continuous latent variable covariances involving I have been fixed to 0
  because the variance of I is fixed at 0.
*** WARNING in MODEL command
  All continuous latent variable covariances involving I have been fixed to 0
  because the variance of I is fixed at 0.
*** WARNING
  Data set contains unknown or missing values for variable MM.
  This variable is used to determine the KNOWNCLASS specification.
  Number of such cases:  458
*** WARNING
  Data set contains cases with missing on all variables.
  These cases were not included in the analysis.
  Number of cases with missing on all variables:  93
   5 WARNING(S) FOUND IN THE INPUT INSTRUCTIONS



Your title goes here

SUMMARY OF ANALYSIS

Number of groups                                                 1
Number of observations                                        1506

Number of dependent variables                                    5
Number of independent variables                                  0
Number of continuous latent variables                            2
Number of categorical latent variables                           1

Observed dependent variables

  Binary and ordered categorical (ordinal)
   LKMOVE_5    LKMOVE_6    LKMOVE_7    LKMOVE_8    LKMOVE_1

Continuous latent variables
   I           S

Categorical latent variables
   C

  Knownclass            C


Estimator                                                      MLR
Information matrix                                        OBSERVED
Optimization Specifications for the Quasi-Newton Algorithm for
Continuous Outcomes
  Maximum number of iterations                                 100
  Convergence criterion                                  0.100D-05
Optimization Specifications for the EM Algorithm
  Maximum number of iterations                                 500
  Convergence criteria
    Loglikelihood change                                 0.100D-02
    Relative loglikelihood change                        0.100D-05
    Derivative                                           0.100D-02
Optimization Specifications for the M step of the EM Algorithm for
Categorical Latent variables
  Number of M step iterations                                    1
  M step convergence criterion                           0.100D-02
  Basis for M step termination                           ITERATION
Optimization Specifications for the M step of the EM Algorithm for
Censored, Binary or Ordered Categorical (Ordinal), Unordered
Categorical (Nominal) and Count Outcomes
  Number of M step iterations                                    1
  M step convergence criterion                           0.100D-02
  Basis for M step termination                           ITERATION
  Maximum value for logit thresholds                            15
  Minimum value for logit thresholds                           -15
  Minimum expected cell size for chi-square              0.100D-01
Maximum number of iterations for H1                           2000
Convergence criterion for H1                             0.100D-03
Optimization algorithm                                         EMA
Integration Specifications
  Type                                                    STANDARD
  Number of integration points                                  15
  Dimensions of numerical integration                            1
  Adaptive quadrature                                           ON
Random Starts Specifications
  Number of initial stage random starts                        800
  Number of final stage optimizations                          200
  Number of initial stage iterations                            10
  Initial stage convergence criterion                    0.100D+01
  Random starts scale                                    0.500D+01
  Random seed for generating random starts                       0
Link                                                         LOGIT
Cholesky                                                        ON

Input data file(s)
  data.dta
Input data format  FREE


SUMMARY OF DATA

     Number of missing data patterns            31
     Number of y missing data patterns           0
     Number of u missing data patterns          31


COVARIANCE COVERAGE OF DATA

Minimum covariance coverage value   0.100


     PROPORTION OF DATA PRESENT FOR U


           Covariance Coverage
              LKMOVE_5      LKMOVE_6      LKMOVE_7      LKMOVE_8      LKMOVE_1
              ________      ________      ________      ________      ________
 LKMOVE_5       0.659
 LKMOVE_6       0.556         0.658
 LKMOVE_7       0.459         0.497         0.649
 LKMOVE_8       0.421         0.460         0.508         0.620
 LKMOVE_1       0.373         0.404         0.433         0.472         0.566


UNIVARIATE PROPORTIONS AND COUNTS FOR CATEGORICAL VARIABLES

    LKMOVE_5
      Category 1    0.674          669.000
      Category 2    0.326          324.000
    LKMOVE_6
      Category 1    0.673          667.000
      Category 2    0.327          324.000
    LKMOVE_7
      Category 1    0.692          677.000
      Category 2    0.308          301.000
    LKMOVE_8
      Category 1    0.668          624.000
      Category 2    0.332          310.000
    LKMOVE_1
      Category 1    0.327          279.000
      Category 2    0.673          573.000


SAMPLE STATISTICS

RANDOM STARTS RESULTS RANKED FROM THE BEST TO THE WORST LOGLIKELIHOOD VALUES

Final stage loglikelihood values at local maxima, seeds, and initial stage start numbers:

           -4073.762  686482           215
           -4073.762  318177           748
           -4073.762  61587            400
           -4073.762  717754           180
           -4073.762  595153           230
           -4073.762  509733           130
           -4073.762  926762           704
           -4073.762  352277           42
           -4073.762  188498           258
           -4073.762  712702           684
           -4073.762  284109           82
           -4073.762  371737           532
           -4073.762  637095           207
           -4073.762  471398           74
           -4073.762  897782           545
           -4073.762  754100           56
           -4073.762  292884           103
           -4073.762  343926           624
           -4073.762  521575           313
           -4073.762  438144           271
           -4073.762  383986           159
           -4073.762  12477            155
           -4073.762  25127            107
           -4073.762  970689           266
           -4073.762  609185           181
           -4073.762  118438           601
           -4073.762  294811           637
           -4073.762  881886           608
           -4073.762  605565           404
           -4073.762  496710           386
           -4073.762  997222           229
           -4073.762  742609           531
           -4073.762  579138           706
           -4073.762  432148           30
           -4073.762  887580           493
           -4073.762  700349           401
           -4073.762  582296           452
           -4073.762  526324           178
           -4073.762  7195             697
           -4073.762  327140           678
           -4073.762  67009            564
           -4073.762  875667           367
           -4073.762  375590           438
           -4073.762  117391           710
           -4073.762  156536           245
           -4073.762  788796           145
           -4073.762  436892           565
           -4073.762  704798           530
           -4073.762  850545           357
           -4073.762  769907           457
           -4073.762  888905           444
           -4073.762  505244           582
           -4073.762  610181           711
           -4073.762  937588           293
           -4073.762  373702           669
           -4073.762  85114            385
           -4073.762  903420           5
           -4073.762  278692           342
           -4073.762  46437            153
           -4073.762  590834           785
           -4073.762  147440           514
           -4073.762  413564           535
           -4073.762  781190           219
           -4073.762  766903           505
           -4073.762  878749           728
           -4073.762  736574           414
           -4073.762  36714            201
           -4073.762  379729           512
           -4073.762  404510           442
           -4073.762  347222           533
           -4073.762  609089           241
           -4073.762  939021           8
           -4073.762  138695           783
           -4073.762  821011           161
           -4073.762  268217           83
           -4073.762  462953           7
           -4073.762  679832           302
           -4073.762  190339           102
           -4073.762  62835            642
           -4073.762  871722           355
           -4073.762  267983           228
           -4073.762  741888           138
           -4073.762  46502            714
           -4073.762  378393           509
           -4073.762  177936           726
           -4073.762  856536           144
           -4073.762  800454           751
           -4073.762  422103           62
           -4073.762  297518           166
           -4073.762  638611           524
           -4073.762  576726           280
           -4073.762  415931           10
           -4073.762  987090           70
           -4073.762  887676           22
           -4073.762  266340           683
           -4073.762  127362           757
           -4073.762  364676           27
           -4073.762  655497           376
           -4073.762  972430           491
           -4073.762  377584           630
           -4073.762  29591            633
           -4073.762  458181           189
           -4073.762  654136           167
           -4073.762  399671           13
           -4073.762  264901           634
           -4073.762  414828           322
           -4073.762  284384           600
           -4073.762  360419           356
           -4073.762  765586           709
           -4073.762  43523            297
           -4073.762  227563           63
           -4073.762  637345           19
           -4073.762  547702           767
           -4073.762  847088           750
           -4073.762  252346           528
           -4073.762  59674            240
           -4073.762  414284           158
           -4073.762  549244           756
           -4073.762  370481           742
           -4073.762  275475           413
           -4073.762  188640           451
           -4073.762  810705           626
           -4073.762  471040           403
           -4073.762  476393           705
           -4073.762  237332           661
           -4073.762  677062           680
           -4073.762  485256           371
           -4073.762  484501           163
           -4073.762  551340           766
           -4073.762  283492           435
           -4073.762  279850           555
           -4073.762  802682           419
           -4073.762  486646           586
           -4073.762  942358           644
           -4073.762  399508           415
           -4073.762  443442           380
           -4073.762  830570           369
           -4073.762  399380           436
           -4073.762  260953           589
           -4073.762  193569           440
           -4073.762  484406           421
           -4073.762  721392           768
           -4073.762  354395           486
           -4073.762  166851           638
           -4073.762  475420           71
           -4073.762  529496           343
           -4073.762  327475           518
           -4073.762  830292           527
           -4073.762  51375            148
           -4073.762  876943           650
           -4073.762  939870           655
           -4073.762  425982           485
           -4073.762  318230           46
           -4073.762  194143           510
           -4073.762  170954           86
           -4073.762  507154           387
           -4073.762  922042           492
           -4073.762  462821           745
           -4073.762  57226            208
           -4073.762  665121           417
           -4073.762  824956           607
           -4073.762  531546           702
           -4073.762  617658           660
           -4073.762  70118            104
           -4073.762  303834           798
           -4073.762  372176           23
           -4073.762  88437            761
           -4073.762  535804           111
           -4073.762  392766           331
           -4073.762  659832           754
           -4073.762  238906           430
           -4073.762  97158            205
           -4073.762  552272           654
           -4073.762  848163           47
           -4073.762  436460           89
           -4073.762  146900           391
           -4073.762  855760           593
           -4073.762  253358           2
           -4073.762  677720           681
           -4073.762  263268           165
           -4073.762  416250           390
           -4073.762  760878           249
           -4073.762  923437           398
           -4073.762  836066           372
           -4073.762  153394           429
           -4073.762  105435           265
           -4073.762  642909           251
           -4073.762  434915           552
           -4073.762  182524           373
           -4073.762  66276            217
           -4073.762  597614           284
           -4073.762  85462            51
           -4073.762  404426           344
           -4073.762  751153           110
           -4073.762  178475           231
           -4073.762  349562           359
           -4073.762  39136            226
           -4073.762  507218           613
           -4073.762  118421           139
           -4073.762  172913           557



THE BEST LOGLIKELIHOOD VALUE HAS BEEN REPLICATED.  RERUN WITH AT LEAST TWICE THE
RANDOM STARTS TO CHECK THAT THE BEST LOGLIKELIHOOD IS STILL OBTAINED AND REPLICATED.


THE MODEL ESTIMATION TERMINATED NORMALLY



MODEL FIT INFORMATION

Number of Free Parameters                        5

Loglikelihood

          H0 Value                       -4073.762
          H0 Scaling Correction Factor      0.7804
            for MLR

Information Criteria

          Akaike (AIC)                    8157.523
          Bayesian (BIC)                  8184.109
          Sample-Size Adjusted BIC        8168.226
            (n* = (n + 2) / 24)

Chi-Square Test of Model Fit for the Binary and Ordered Categorical
(Ordinal) Outcomes

          Pearson Chi-Square

          Value                           1391.106
          Degrees of Freedom                    58
          P-Value                           0.0000

          Likelihood Ratio Chi-Square

          Value                            990.770
          Degrees of Freedom                    58
          P-Value                           0.0000

Chi-Square Test for MCAR under the Unrestricted Latent Class Indicator Model

          Pearson Chi-Square

          Value                            418.538
          Degrees of Freedom                   359
          P-Value                           0.0164

          Likelihood Ratio Chi-Square

          Value                            371.435
          Degrees of Freedom                   359
          P-Value                           0.3143



FINAL CLASS COUNTS AND PROPORTIONS FOR THE LATENT CLASSES
BASED ON THE ESTIMATED MODEL

    Latent
   Classes

       1        878.00000          0.58300
       2        628.00000          0.41700


MODEL RESULTS

                                                    Two-Tailed
                    Estimate       S.E.  Est./S.E.    P-Value

Latent Class 1 (1)

 I        |
    LKMOVE_5           1.000      0.000    999.000    999.000
    LKMOVE_6           1.000      0.000    999.000    999.000
    LKMOVE_7           1.000      0.000    999.000    999.000
    LKMOVE_8           1.000      0.000    999.000    999.000
    LKMOVE_10          1.000      0.000    999.000    999.000

 S        |
    LKMOVE_5           0.000      0.000    999.000    999.000
    LKMOVE_6           1.000      0.000    999.000    999.000
    LKMOVE_7           2.000      0.000    999.000    999.000
    LKMOVE_8           3.000      0.000    999.000    999.000
    LKMOVE_10          5.000      0.000    999.000    999.000

 S        WITH
    I                  0.000      0.000    999.000    999.000

 Means
    I                  0.000      0.000    999.000    999.000
    S                  0.272      0.021     12.891      0.000

 Thresholds
    LKMOVE_5$1         1.058      0.075     14.188      0.000
    LKMOVE_6$1         1.058      0.075     14.188      0.000
    LKMOVE_7$1         1.058      0.075     14.188      0.000
    LKMOVE_8$1         1.058      0.075     14.188      0.000
    LKMOVE_1$1         1.058      0.075     14.188      0.000

 Variances
    I                  0.000      0.000    999.000    999.000
    S                  0.000      0.000      2.392      0.017

Latent Class 2 (2)

 I        |
    LKMOVE_5           1.000      0.000    999.000    999.000
    LKMOVE_6           1.000      0.000    999.000    999.000
    LKMOVE_7           1.000      0.000    999.000    999.000
    LKMOVE_8           1.000      0.000    999.000    999.000
    LKMOVE_10          1.000      0.000    999.000    999.000

 S        |
    LKMOVE_5           0.000      0.000    999.000    999.000
    LKMOVE_6           1.000      0.000    999.000    999.000
    LKMOVE_7           2.000      0.000    999.000    999.000
    LKMOVE_8           3.000      0.000    999.000    999.000
    LKMOVE_10          5.000      0.000    999.000    999.000

 S        WITH
    I                  0.000      0.000    999.000    999.000

 Means
    I                  0.000      0.000    999.000    999.000
    S                  0.272      0.021     12.891      0.000

 Thresholds
    LKMOVE_5$1         1.058      0.075     14.188      0.000
    LKMOVE_6$1         1.058      0.075     14.188      0.000
    LKMOVE_7$1         1.058      0.075     14.188      0.000
    LKMOVE_8$1         1.058      0.075     14.188      0.000
    LKMOVE_1$1         1.058      0.075     14.188      0.000

 Variances
    I                  0.000      0.000    999.000    999.000
    S                  0.000      0.000      2.449      0.014

Categorical Latent Variables

 Means
    C#1                0.335      0.052      6.412      0.000


STANDARDIZED MODEL RESULTS


STDYX Standardization

                                                    Two-Tailed
                    Estimate       S.E.  Est./S.E.    P-Value

Latent Class 1 (1)

 I        |
    LKMOVE_5         999.000    999.000    999.000    999.000
    LKMOVE_6         999.000    999.000    999.000    999.000
    LKMOVE_7         999.000    999.000    999.000    999.000
    LKMOVE_8         999.000    999.000    999.000    999.000
    LKMOVE_10        999.000    999.000    999.000    999.000

 S        |
    LKMOVE_5           0.000      0.000    999.000    999.000
    LKMOVE_6           0.000      0.000      4.784      0.000
    LKMOVE_7           0.000      0.000      4.784      0.000
    LKMOVE_8           0.000      0.000      4.784      0.000
    LKMOVE_10          0.000      0.000      4.784      0.000

 S        WITH
    I                999.000    999.000    999.000    999.000

 Means
    I                999.000    999.000    999.000    999.000
    S               1843.382    421.945      4.369      0.000

 Thresholds
    LKMOVE_5$1         0.583      0.041     14.188      0.000
    LKMOVE_6$1         0.583      0.041     14.188      0.000
    LKMOVE_7$1         0.583      0.041     14.188      0.000
    LKMOVE_8$1         0.583      0.041     14.188      0.000
    LKMOVE_1$1         0.583      0.041     14.188      0.000

 Variances
    I                999.000    999.000    999.000    999.000
    S                  1.000      0.000    999.000    999.000

Latent Class 2 (2)

 I        |
    LKMOVE_5         999.000    999.000    999.000    999.000
    LKMOVE_6         999.000    999.000    999.000    999.000
    LKMOVE_7         999.000    999.000    999.000    999.000
    LKMOVE_8         999.000    999.000    999.000    999.000
    LKMOVE_10        999.000    999.000    999.000    999.000

 S        |
    LKMOVE_5           0.000      0.000    999.000    999.000
    LKMOVE_6           0.001      0.000      4.899      0.000
    LKMOVE_7           0.001      0.000      4.899      0.000
    LKMOVE_8           0.002      0.000      4.899      0.000
    LKMOVE_10          0.004      0.001      4.899      0.000

 S        WITH
    I                999.000    999.000    999.000    999.000

 Means
    I                999.000    999.000    999.000    999.000
    S                209.080     47.123      4.437      0.000

 Thresholds
    LKMOVE_5$1         0.583      0.041     14.188      0.000
    LKMOVE_6$1         0.583      0.041     14.188      0.000
    LKMOVE_7$1         0.583      0.041     14.188      0.000
    LKMOVE_8$1         0.583      0.041     14.188      0.000
    LKMOVE_1$1         0.583      0.041     14.187      0.000

 Variances
    I                999.000    999.000    999.000    999.000
    S                  1.000      0.000    999.000    999.000


R-SQUARE

Class 1

    Observed                                        Two-Tailed
    Variable        Estimate       S.E.  Est./S.E.    P-Value

    LKMOVE_5           0.000      0.000    999.000    999.000
    LKMOVE_6           0.000      0.000      2.392      0.017
    LKMOVE_7           0.000      0.000      2.392      0.017
    LKMOVE_8           0.000      0.000      2.392      0.017
    LKMOVE_1           0.000      0.000      2.392      0.017

Class 2

    Observed                                        Two-Tailed
    Variable        Estimate       S.E.  Est./S.E.    P-Value

    LKMOVE_5           0.000      0.000    999.000    999.000
    LKMOVE_6           0.000      0.000      2.449      0.014
    LKMOVE_7           0.000      0.000      2.449      0.014
    LKMOVE_8           0.000      0.000      2.449      0.014
    LKMOVE_1           0.000      0.000      2.449      0.014


QUALITY OF NUMERICAL RESULTS

     Condition Number for the Information Matrix              0.152E-06
       (ratio of smallest to largest eigenvalue)


DIAGRAM INFORMATION

  Mplus diagrams are currently not available for Mixture analysis.
  No diagram output was produced.


     Beginning Time:  10:59:02
        Ending Time:  11:01:35
       Elapsed Time:  00:02:33



MUTHEN & MUTHEN
3463 Stoner Ave.
Los Angeles, CA  90066

Tel: (310) 391-9971
Fax: (310) 391-8971
Web: www.StatModel.com
Support: Support@StatModel.com

Copyright (c) 1998-2019 Muthen & Muthen
