Mplus VERSION 8.3
MUTHEN & MUTHEN
07/31/2020  12:08 PM

INPUT INSTRUCTIONS

  TITLE: Your title goes here

   DATA: FILE = data.dta;

   VARIABLE:

   NAMES = pidp gridmode mm hidp_5 hidp_6 hidp_7 hidp_8 hidp_9 hidp_10 indmode_5
       indmode_6 indmode_7 indmode_8 indmode_9 indmode_10 mode_type_all mode_type_no9
       mode_type_567 mode_type_7 all no9 p567 p7 switch_all switch_no9 switch_567
       switch_7 lkmove_5 xpmove_5 caruse_5 mobuse_5 netpuse_5 aidxhh_5 jbhas_5 j2has_5
       finnow_5 finfut_5 howlng_5 vote1_5 vote6_5 scsf1_5 scsf2a_5 scsf2b_5 scsf3a_5
       scsf3b_5 scsf4a_5 scsf4b_5 scsf5_5 scsf6a_5 scsf6b_5 scsf6c_5 scsf7_5 scghqa_5
       scghqb_5 scghqc_5 scghqd_5 scghqe_5 scghqf_5 scghqg_5 scghqh_5 scghqi_5
       scghqj_5 scghqk_5 scghql_5 lkmove_6 xpmove_6 caruse_6 mobuse_6 netpuse_6
       aidxhh_6 jbhas_6 j2has_6 finnow_6 finfut_6 howlng_6 vote1_6 vote6_6 scsf1_6
       scsf2a_6 scsf2b_6 scsf3a_6 scsf3b_6 scsf4a_6 scsf4b_6 scsf5_6 scsf6a_6 scsf6b_6
       scsf6c_6 scsf7_6 scghqa_6 scghqb_6 scghqc_6 scghqd_6 scghqe_6 scghqf_6 scghqg_6
       scghqh_6 scghqi_6 scghqj_6 scghqk_6 scghql_6 lkmove_7 xpmove_7 caruse_7
       mobuse_7 netpuse_7 smoker_7 aidxhh_7 jbhas_7 jbterm1_7 jbsemp_7 j2has_7
       fiyrdia_7 finnow_7 finfut_7 howlng_7 vote1_7 vote6_7 scsf2a_7 scsf2b_7 scsf3a_7
       scsf3b_7 scsf4a_7 scsf4b_7 scsf5_7 scsf6a_7 scsf6b_7 scsf6c_7 scsf7_7 scghqa_7
       scghqb_7 scghqc_7 scghqd_7 scghqe_7 scghqf_7 scghqg_7 scghqh_7 scghqi_7
       scghqj_7 scghqk_7 scghql_7 scsf1_7 lkmove_8 xpmove_8 caruse_8 mobuse_8
       netpuse_8 smoker_8 aidxhh_8 jbhas_8 jbterm1_8 jbsemp_8 j2has_8 fiyrdia_8
       finnow_8 finfut_8 scsf2a_8 scsf2b_8 scsf3a_8 scsf3b_8 scsf4a_8 scsf4b_8 scsf5_8
       scsf6a_8 scsf6b_8 scsf6c_8 scsf7_8 scghqa_8 scghqb_8 scghqc_8 scghqd_8 scghqe_8
       scghqf_8 scghqg_8 scghqh_8 scghqi_8 scghqj_8 scghqk_8 scghql_8 scsf1_8 mobuse_9
       netpuse_9 smoker_9 jbhas_9 jbterm1_9 jbsemp_9 j2has_9 fiyrdia_9 finnow_9
       finfut_9 lkmove_10 xpmove_10 mobuse_10 netpuse_10 smoker_10 aidxhh_10 jbhas_10
       jbterm1_10 jbsemp_10 j2has_10 fiyrdia_10 finnow_10 finfut_10 scsf1_10 scsf2a_10
       scsf2b_10 scsf3a_10 scsf3b_10 scsf4a_10 scsf4b_10 scsf5_10 scsf6a_10 scsf6b_10
       scsf6c_10 scsf7_10 scghqa_10 scghqb_10 scghqc_10 scghqd_10 scghqe_10 scghqf_10
       scghqg_10 scghqh_10 scghqi_10 scghqj_10 scghqk_10 scghql_10 edu agecat female
       partner sf1 longill london north urban refresh Higher A level GCSE Other age_35
       age_55 age_75 age_102 pred_all pred_no9 pred_p567 pred_p7 pred_all_w pred_no9_w
       pred_p567_w pred_p7_w;

   MISSING=.;

   USEVARIABLES ARE
   scsf6c_5
   scsf6c_6
   scsf6c_7
   scsf6c_8
   scsf6c_10;
   CLASSES = c(2);

    KNOWNCLASS = c(no9= 1 2);
  WEIGHT IS pred_no9_w;

   ANALYSIS:


      TYPE = MIXTURE;

      ESTIMATOR = MLR;

      ALGORITHM = INTEGRATION;

      Processors = 8(starts);

      STARTS = 400 100;

   Model:


      %OVERALL%

  i s | scsf6c_5@0 scsf6c_6@1 scsf6c_7@2 scsf6c_8@3 scsf6c_10@5;

   %c#1%
  [s] ;
   s ;
   s WITH i ;
   i ;

   %c#2%
  [s] ;
   s ;
   s WITH i ;
   i ;

   OUTPUT: SAMPSTAT;

                                  STDYX;




*** WARNING in VARIABLE command
  Note that only the first 8 characters of variable names are used in the output.
  Shorten variable names to avoid any confusion.
*** WARNING
  Data set contains unknown or missing values for variable NO9.
  This variable is used to determine the KNOWNCLASS specification.
  Number of such cases:  111
*** WARNING
  Data set contains cases with missing on all variables.
  These cases were not included in the analysis.
  Number of cases with missing on all variables:  106
   3 WARNING(S) FOUND IN THE INPUT INSTRUCTIONS



Your title goes here

SUMMARY OF ANALYSIS

Number of groups                                                 1
Number of observations                                        1840

Number of dependent variables                                    5
Number of independent variables                                  0
Number of continuous latent variables                            2
Number of categorical latent variables                           1

Observed dependent variables

  Continuous
   SCSF6C_5    SCSF6C_6    SCSF6C_7    SCSF6C_8    SCSF6C_10

Continuous latent variables
   I           S

Categorical latent variables
   C

  Knownclass            C

Variables with special functions

  Weight variable       PRED_NO9

Estimator                                                      MLR
Information matrix                                        OBSERVED
Optimization Specifications for the Quasi-Newton Algorithm for
Continuous Outcomes
  Maximum number of iterations                                 100
  Convergence criterion                                  0.100D-05
Optimization Specifications for the EM Algorithm
  Maximum number of iterations                                 500
  Convergence criteria
    Loglikelihood change                                 0.100D-02
    Relative loglikelihood change                        0.100D-05
    Derivative                                           0.100D-02
Optimization Specifications for the M step of the EM Algorithm for
Categorical Latent variables
  Number of M step iterations                                    1
  M step convergence criterion                           0.100D-02
  Basis for M step termination                           ITERATION
Optimization Specifications for the M step of the EM Algorithm for
Censored, Binary or Ordered Categorical (Ordinal), Unordered
Categorical (Nominal) and Count Outcomes
  Number of M step iterations                                    1
  M step convergence criterion                           0.100D-02
  Basis for M step termination                           ITERATION
  Maximum value for logit thresholds                            15
  Minimum value for logit thresholds                           -15
  Minimum expected cell size for chi-square              0.100D-01
Maximum number of iterations for H1                           2000
Convergence criterion for H1                             0.100D-03
Optimization algorithm                                         EMA
Integration Specifications
  Type                                                    STANDARD
  Number of integration points                                  15
  Dimensions of numerical integration                            0
  Adaptive quadrature                                           ON
Random Starts Specifications
  Number of initial stage random starts                        400
  Number of final stage optimizations                          100
  Number of initial stage iterations                            10
  Initial stage convergence criterion                    0.100D+01
  Random starts scale                                    0.500D+01
  Random seed for generating random starts                       0
Cholesky                                                       OFF

Input data file(s)
  data.dta
Input data format  FREE


SUMMARY OF DATA

     Number of missing data patterns            31
     Number of y missing data patterns          31
     Number of u missing data patterns           0


COVARIANCE COVERAGE OF DATA

Minimum covariance coverage value   0.100


     PROPORTION OF DATA PRESENT FOR Y


           Covariance Coverage
              SCSF6C_5      SCSF6C_6      SCSF6C_7      SCSF6C_8      SCSF6C_1
              ________      ________      ________      ________      ________
 SCSF6C_5       0.386
 SCSF6C_6       0.291         0.458
 SCSF6C_7       0.266         0.340         0.599
 SCSF6C_8       0.255         0.328         0.478         0.585
 SCSF6C_1       0.222         0.286         0.399         0.430         0.641


SAMPLE STATISTICS


     ESTIMATED SAMPLE STATISTICS FOR CLASS 1


           Means
              SCSF6C_5      SCSF6C_6      SCSF6C_7      SCSF6C_8      SCSF6C_1
              ________      ________      ________      ________      ________
                3.958         3.979         4.065         4.067         3.897


           Covariances
              SCSF6C_5      SCSF6C_6      SCSF6C_7      SCSF6C_8      SCSF6C_1
              ________      ________      ________      ________      ________
 SCSF6C_5       1.141
 SCSF6C_6       0.558         1.038
 SCSF6C_7       0.574         0.535         1.025
 SCSF6C_8       0.528         0.527         0.502         1.099
 SCSF6C_1       0.494         0.479         0.489         0.580         1.241


           Correlations
              SCSF6C_5      SCSF6C_6      SCSF6C_7      SCSF6C_8      SCSF6C_1
              ________      ________      ________      ________      ________
 SCSF6C_5       1.000
 SCSF6C_6       0.512         1.000
 SCSF6C_7       0.531         0.518         1.000
 SCSF6C_8       0.472         0.493         0.473         1.000
 SCSF6C_1       0.415         0.421         0.433         0.497         1.000


     ESTIMATED SAMPLE STATISTICS FOR CLASS 2


           Means
              SCSF6C_5      SCSF6C_6      SCSF6C_7      SCSF6C_8      SCSF6C_1
              ________      ________      ________      ________      ________
                3.967         3.846         4.157         4.132         4.062


           Covariances
              SCSF6C_5      SCSF6C_6      SCSF6C_7      SCSF6C_8      SCSF6C_1
              ________      ________      ________      ________      ________
 SCSF6C_5       0.935
 SCSF6C_6       0.410         0.953
 SCSF6C_7       0.418         0.402         0.680
 SCSF6C_8       0.376         0.399         0.421         0.766
 SCSF6C_1       0.443         0.417         0.403         0.450         0.904


           Correlations
              SCSF6C_5      SCSF6C_6      SCSF6C_7      SCSF6C_8      SCSF6C_1
              ________      ________      ________      ________      ________
 SCSF6C_5       1.000
 SCSF6C_6       0.434         1.000
 SCSF6C_7       0.524         0.499         1.000
 SCSF6C_8       0.444         0.466         0.583         1.000
 SCSF6C_1       0.482         0.449         0.513         0.541         1.000


UNIVARIATE SAMPLE STATISTICS


     UNIVARIATE HIGHER-ORDER MOMENT DESCRIPTIVE STATISTICS

         Variable/         Mean/     Skewness/   Minimum/ % with                Percentiles
        Sample Size      Variance    Kurtosis    Maximum  Min/Max      20%/60%    40%/80%    Median

     SCSF6C_5              3.972      -0.771       1.000    1.69%       3.000      4.000      4.000
             710.000       1.035       0.032       5.000   38.45%       4.000      5.000
     SCSF6C_6              3.933      -0.643       1.000    1.43%       3.000      4.000      4.000
             842.000       1.006      -0.274       5.000   36.22%       4.000      5.000
     SCSF6C_7              4.125      -0.934       1.000    1.27%       3.000      4.000      4.000
            1102.000       0.879       0.356       5.000   42.01%       5.000      5.000
     SCSF6C_8              4.111      -1.020       1.000    1.39%       3.000      4.000      4.000
            1077.000       0.948       0.600       5.000   42.99%       5.000      5.000
     SCSF6C_10             3.998      -0.838       1.000    2.71%       3.000      4.000      4.000
            1179.000       1.097      -0.086       5.000   38.42%       4.000      5.000

RANDOM STARTS RESULTS RANKED FROM THE BEST TO THE WORST LOGLIKELIHOOD VALUES

Final stage loglikelihood values at local maxima, seeds, and initial stage start numbers:

           -8756.096  61587            400
           -8756.096  264935           281
           -8756.096  456213           160
           -8756.096  987090           70
           -8756.096  414828           322
           -8756.096  595153           230
           -8756.096  715561           125
           -8756.096  21132            351
           -8756.096  655497           376
           -8756.096  27071            15
           -8756.096  545140           278
           -8756.096  329127           185
           -8756.096  318230           46
           -8756.096  475420           71
           -8756.096  377504           294
           -8756.096  195763           358
           -8756.096  263268           165
           -8756.096  951709           348
           -8756.096  153053           378
           -8756.096  170118           238
           -8756.096  636396           168
           -8756.096  801717           364
           -8756.096  496881           192
           -8756.096  30098            209
           -8756.096  804660           260
           -8756.096  478421           311
           -8756.096  197223           332
           -8756.096  871722           355
           -8756.096  415502           194
           -8756.096  364676           27
           -8756.096  unperturbed      0
           -8756.096  642909           251
           -8756.096  285380           1
           -8756.096  520177           262
           -8756.096  529455           268
           -8756.096  926283           269
           -8756.096  15715            274
           -8756.096  534483           290
           -8756.096  369602           146
           -8756.096  217744           326
           -8756.096  602797           336
           -8756.096  319144           176
           -8756.096  131856           90
           -8756.096  813779           92
           -8756.096  793035           187
           -8756.096  40340            188
           -8756.096  723775           97
           -8756.096  928287           197
           -8756.096  840078           203
           -8756.096  70118            104
           -8756.096  967902           52
           -8756.096  635245           121
           -8756.096  156536           245
           -8756.096  321390           133
           -8756.096  903369           134
           -8756.096  246261           38
           -8756.096  913639           162
           -8756.096  352277           42
           -8756.096  415931           10
           -8756.096  714997           399
           -8756.096  481835           57
           -8756.096  701525           239
           -8756.096  49221            254
           -8756.096  741888           138
           -8756.096  692169           308
           -8756.096  605358           321
           -8756.096  360419           356
           -8756.096  137305           379
           -8756.096  985387           381
           -8756.096  835767           210
           -8756.096  178475           231
           -8756.096  443917           60
           -8756.096  603842           61
           -8756.096  123985           248
           -8756.096  311214           64
           -8756.096  597614           284
           -8756.096  278692           342
           -8756.096  441191           361
           -8756.096  991329           182
           -8756.096  576596           99
           -8756.096  292884           103
           -8756.096  751153           110
           -8756.096  850840           232
           -8756.096  650371           14
           -8756.096  931874           141
           -8756.096  788796           145
           -8756.096  695155           150
           -8756.096  534864           307
           -8756.096  851945           18
           -8756.096  573096           20
           -8756.096  570908           98
           -8756.096  65651            214
           -8756.096  392766           331
           -8756.096  963053           43
           -8756.096  761633           50
           -8756.096  371246           101
           -8756.096  342019           301
           -8756.096  606576           151
           -8756.096  85462            51
           -8756.096  36714            201



THE BEST LOGLIKELIHOOD VALUE HAS BEEN REPLICATED.  RERUN WITH AT LEAST TWICE THE
RANDOM STARTS TO CHECK THAT THE BEST LOGLIKELIHOOD IS STILL OBTAINED AND REPLICATED.


THE MODEL ESTIMATION TERMINATED NORMALLY

     WARNING:  THE LATENT VARIABLE COVARIANCE MATRIX (PSI) IS NOT POSITIVE
     DEFINITE.  THIS COULD INDICATE A NEGATIVE VARIANCE/RESIDUAL VARIANCE FOR A
     LATENT VARIABLE, A CORRELATION GREATER OR EQUAL TO ONE BETWEEN TWO LATENT
     VARIABLES, OR A LINEAR DEPENDENCY AMONG MORE THAN TWO LATENT VARIABLES.
     CHECK THE TECH4 OUTPUT FOR MORE INFORMATION.



MODEL FIT INFORMATION

Number of Free Parameters                       16

Loglikelihood

          H0 Value                       -8756.096
          H0 Scaling Correction Factor      2.7213
            for MLR

Information Criteria

          Akaike (AIC)                   17544.191
          Bayesian (BIC)                 17632.472
          Sample-Size Adjusted BIC       17581.640
            (n* = (n + 2) / 24)



FINAL CLASS COUNTS AND PROPORTIONS FOR THE LATENT CLASSES
BASED ON THE ESTIMATED MODEL

    Latent
   Classes

       1       1166.45237          0.63394
       2        673.54763          0.36606


MODEL RESULTS

                                                    Two-Tailed
                    Estimate       S.E.  Est./S.E.    P-Value

Latent Class 1 (1)

 I        |
    SCSF6C_5           1.000      0.000    999.000    999.000
    SCSF6C_6           1.000      0.000    999.000    999.000
    SCSF6C_7           1.000      0.000    999.000    999.000
    SCSF6C_8           1.000      0.000    999.000    999.000
    SCSF6C_10          1.000      0.000    999.000    999.000

 S        |
    SCSF6C_5           0.000      0.000    999.000    999.000
    SCSF6C_6           1.000      0.000    999.000    999.000
    SCSF6C_7           2.000      0.000    999.000    999.000
    SCSF6C_8           3.000      0.000    999.000    999.000
    SCSF6C_10          5.000      0.000    999.000    999.000

 S        WITH
    I                 -0.034      0.026     -1.313      0.189

 Means
    I                  4.015      0.051     79.075      0.000
    S                 -0.006      0.015     -0.394      0.693

 Intercepts
    SCSF6C_5           0.000      0.000    999.000    999.000
    SCSF6C_6           0.000      0.000    999.000    999.000
    SCSF6C_7           0.000      0.000    999.000    999.000
    SCSF6C_8           0.000      0.000    999.000    999.000
    SCSF6C_10          0.000      0.000    999.000    999.000

 Variances
    I                  0.613      0.093      6.578      0.000
    S                  0.016      0.010      1.721      0.085

 Residual Variances
    SCSF6C_5           0.528      0.063      8.321      0.000
    SCSF6C_6           0.536      0.047     11.367      0.000
    SCSF6C_7           0.412      0.039     10.644      0.000
    SCSF6C_8           0.466      0.063      7.405      0.000
    SCSF6C_10          0.539      0.089      6.084      0.000

Latent Class 2 (2)

 I        |
    SCSF6C_5           1.000      0.000    999.000    999.000
    SCSF6C_6           1.000      0.000    999.000    999.000
    SCSF6C_7           1.000      0.000    999.000    999.000
    SCSF6C_8           1.000      0.000    999.000    999.000
    SCSF6C_10          1.000      0.000    999.000    999.000

 S        |
    SCSF6C_5           0.000      0.000    999.000    999.000
    SCSF6C_6           1.000      0.000    999.000    999.000
    SCSF6C_7           2.000      0.000    999.000    999.000
    SCSF6C_8           3.000      0.000    999.000    999.000
    SCSF6C_10          5.000      0.000    999.000    999.000

 S        WITH
    I                  0.005      0.012      0.438      0.661

 Means
    I                  3.954      0.043     91.456      0.000
    S                  0.038      0.011      3.424      0.001

 Intercepts
    SCSF6C_5           0.000      0.000    999.000    999.000
    SCSF6C_6           0.000      0.000    999.000    999.000
    SCSF6C_7           0.000      0.000    999.000    999.000
    SCSF6C_8           0.000      0.000    999.000    999.000
    SCSF6C_10          0.000      0.000    999.000    999.000

 Variances
    I                  0.389      0.052      7.559      0.000
    S                 -0.003      0.005     -0.554      0.579

 Residual Variances
    SCSF6C_5           0.528      0.063      8.321      0.000
    SCSF6C_6           0.536      0.047     11.367      0.000
    SCSF6C_7           0.412      0.039     10.644      0.000
    SCSF6C_8           0.466      0.063      7.405      0.000
    SCSF6C_10          0.539      0.089      6.084      0.000

Categorical Latent Variables

 Means
    C#1                0.549      0.067      8.258      0.000


STANDARDIZED MODEL RESULTS


STDYX Standardization

                                                    Two-Tailed
                    Estimate       S.E.  Est./S.E.    P-Value

Latent Class 1 (1)

 I        |
    SCSF6C_5           0.733      0.037     20.086      0.000
    SCSF6C_6           0.747      0.045     16.521      0.000
    SCSF6C_7           0.802      0.054     14.916      0.000
    SCSF6C_8           0.775      0.056     13.868      0.000
    SCSF6C_10          0.709      0.055     12.942      0.000

 S        |
    SCSF6C_5           0.000      0.000    999.000    999.000
    SCSF6C_6           0.122      0.036      3.431      0.001
    SCSF6C_7           0.262      0.077      3.386      0.001
    SCSF6C_8           0.380      0.108      3.505      0.000
    SCSF6C_10          0.579      0.164      3.526      0.000

 S        WITH
    I                 -0.340      0.159     -2.138      0.033

 Means
    I                  5.127      0.423     12.115      0.000
    S                 -0.045      0.113     -0.401      0.688

 Intercepts
    SCSF6C_5           0.000      0.000    999.000    999.000
    SCSF6C_6           0.000      0.000    999.000    999.000
    SCSF6C_7           0.000      0.000    999.000    999.000
    SCSF6C_8           0.000      0.000    999.000    999.000
    SCSF6C_10          0.000      0.000    999.000    999.000

 Variances
    I                  1.000      0.000    999.000    999.000
    S                  1.000      0.000    999.000    999.000

 Residual Variances
    SCSF6C_5           0.462      0.054      8.640      0.000
    SCSF6C_6           0.488      0.040     12.186      0.000
    SCSF6C_7           0.431      0.038     11.396      0.000
    SCSF6C_8           0.456      0.045     10.052      0.000
    SCSF6C_10          0.441      0.068      6.459      0.000

Latent Class 2 (2)

 I        |
    SCSF6C_5           0.652      0.041     15.875      0.000
    SCSF6C_6           0.646      0.039     16.645      0.000
    SCSF6C_7           0.693      0.042     16.620      0.000
    SCSF6C_8           0.672      0.045     14.776      0.000
    SCSF6C_10          0.652      0.052     12.659      0.000

 S        |
    SCSF6C_5         999.000    999.000    999.000    999.000
    SCSF6C_6         999.000    999.000    999.000    999.000
    SCSF6C_7         999.000    999.000    999.000    999.000
    SCSF6C_8         999.000    999.000    999.000    999.000
    SCSF6C_10        999.000    999.000    999.000    999.000

 S        WITH
    I                999.000    999.000    999.000    999.000

 Means
    I                  6.336      0.442     14.322      0.000
    S                999.000    999.000    999.000    999.000

 Intercepts
    SCSF6C_5           0.000      0.000    999.000    999.000
    SCSF6C_6           0.000      0.000    999.000    999.000
    SCSF6C_7           0.000      0.000    999.000    999.000
    SCSF6C_8           0.000      0.000    999.000    999.000
    SCSF6C_10          0.000      0.000    999.000    999.000

 Variances
    I                  1.000      0.000    999.000    999.000
    S                999.000    999.000    999.000    999.000

 Residual Variances
    SCSF6C_5           0.575      0.053     10.755      0.000
    SCSF6C_6           0.574      0.036     15.912      0.000
    SCSF6C_7           0.507      0.033     15.248      0.000
    SCSF6C_8           0.540      0.043     12.502      0.000
    SCSF6C_10          0.589      0.081      7.262      0.000


R-SQUARE

Class 1

    Observed                                        Two-Tailed
    Variable        Estimate       S.E.  Est./S.E.    P-Value

    SCSF6C_5           0.538      0.054     10.043      0.000
    SCSF6C_6           0.512      0.040     12.763      0.000
    SCSF6C_7           0.569      0.038     15.016      0.000
    SCSF6C_8           0.544      0.045     11.997      0.000
    SCSF6C_1           0.559      0.068      8.176      0.000

Class 2

    Observed                                        Two-Tailed
    Variable        Estimate       S.E.  Est./S.E.    P-Value

    SCSF6C_5           0.425      0.053      7.938      0.000
    SCSF6C_6           0.426      0.036     11.787      0.000
    SCSF6C_7           0.493      0.033     14.805      0.000
    SCSF6C_8           0.460      0.043     10.655      0.000
    SCSF6C_1           0.411      0.081      5.078      0.000


QUALITY OF NUMERICAL RESULTS

     Condition Number for the Information Matrix              0.717E-04
       (ratio of smallest to largest eigenvalue)


     Beginning Time:  12:08:15
        Ending Time:  12:08:28
       Elapsed Time:  00:00:13



MUTHEN & MUTHEN
3463 Stoner Ave.
Los Angeles, CA  90066

Tel: (310) 391-9971
Fax: (310) 391-8971
Web: www.StatModel.com
Support: Support@StatModel.com

Copyright (c) 1998-2019 Muthen & Muthen
