Mplus VERSION 8.3
MUTHEN & MUTHEN
02/29/2020   5:26 AM

INPUT INSTRUCTIONS

  TITLE: Your title goes here

   DATA: FILE = data.dta;

   VARIABLE:

   NAMES = pidp gridmode mm hidp_5 hidp_6 hidp_7 hidp_8 hidp_9 hidp_10 indmode_5
       indmode_6 indmode_7 indmode_8 indmode_9 indmode_10 mode_type_all mode_type_no9
       mode_type_567 mode_type_7 all no9 p567 p7 switch_all switch_no9 switch_567
       switch_7 lkmove_5 xpmove_5 caruse_5 mobuse_5 netpuse_5 aidxhh_5 jbhas_5 j2has_5
       finnow_5 finfut_5 howlng_5 vote1_5 vote6_5 scsf1_5 scsf2a_5 scsf2b_5 scsf3a_5
       scsf3b_5 scsf4a_5 scsf4b_5 scsf5_5 scsf6a_5 scsf6b_5 scsf6c_5 scsf7_5 scghqa_5
       scghqb_5 scghqc_5 scghqd_5 scghqe_5 scghqf_5 scghqg_5 scghqh_5 scghqi_5
       scghqj_5 scghqk_5 scghql_5 lkmove_6 xpmove_6 caruse_6 mobuse_6 netpuse_6
       aidxhh_6 jbhas_6 j2has_6 finnow_6 finfut_6 howlng_6 vote1_6 vote6_6 scsf1_6
       scsf2a_6 scsf2b_6 scsf3a_6 scsf3b_6 scsf4a_6 scsf4b_6 scsf5_6 scsf6a_6 scsf6b_6
       scsf6c_6 scsf7_6 scghqa_6 scghqb_6 scghqc_6 scghqd_6 scghqe_6 scghqf_6 scghqg_6
       scghqh_6 scghqi_6 scghqj_6 scghqk_6 scghql_6 lkmove_7 xpmove_7 caruse_7
       mobuse_7 netpuse_7 smoker_7 aidxhh_7 jbhas_7 jbterm1_7 jbsemp_7 j2has_7
       fiyrdia_7 finnow_7 finfut_7 howlng_7 vote1_7 vote6_7 scsf2a_7 scsf2b_7 scsf3a_7
       scsf3b_7 scsf4a_7 scsf4b_7 scsf5_7 scsf6a_7 scsf6b_7 scsf6c_7 scsf7_7 scghqa_7
       scghqb_7 scghqc_7 scghqd_7 scghqe_7 scghqf_7 scghqg_7 scghqh_7 scghqi_7
       scghqj_7 scghqk_7 scghql_7 scsf1_7 lkmove_8 xpmove_8 caruse_8 mobuse_8
       netpuse_8 smoker_8 aidxhh_8 jbhas_8 jbterm1_8 jbsemp_8 j2has_8 fiyrdia_8
       finnow_8 finfut_8 scsf2a_8 scsf2b_8 scsf3a_8 scsf3b_8 scsf4a_8 scsf4b_8 scsf5_8
       scsf6a_8 scsf6b_8 scsf6c_8 scsf7_8 scghqa_8 scghqb_8 scghqc_8 scghqd_8 scghqe_8
       scghqf_8 scghqg_8 scghqh_8 scghqi_8 scghqj_8 scghqk_8 scghql_8 scsf1_8 mobuse_9
       netpuse_9 smoker_9 jbhas_9 jbterm1_9 jbsemp_9 j2has_9 fiyrdia_9 finnow_9
       finfut_9 lkmove_10 xpmove_10 mobuse_10 netpuse_10 smoker_10 aidxhh_10 jbhas_10
       jbterm1_10 jbsemp_10 j2has_10 fiyrdia_10 finnow_10 finfut_10 scsf1_10 scsf2a_10
       scsf2b_10 scsf3a_10 scsf3b_10 scsf4a_10 scsf4b_10 scsf5_10 scsf6a_10 scsf6b_10
       scsf6c_10 scsf7_10 scghqa_10 scghqb_10 scghqc_10 scghqd_10 scghqe_10 scghqf_10
       scghqg_10 scghqh_10 scghqi_10 scghqj_10 scghqk_10 scghql_10 edu agecat female
       partner sf1 longill london north urban refresh Higher A level GCSE Other age_35
       age_55 age_75 age_102 pred_all pred_no9 pred_p567 pred_p7 pred_all_w pred_no9_w
       pred_p567_w pred_p7_w;

   MISSING=.;

   USEVARIABLES ARE
   scsf6c_5
   scsf6c_6
   scsf6c_7
   scsf6c_8
   scsf6c_10;
   CLASSES = c(2);

    KNOWNCLASS = c(no9= 1 2);
  WEIGHT IS pred_no9_w;

   ANALYSIS:


      TYPE = MIXTURE;

      ESTIMATOR = MLR;

      ALGORITHM = INTEGRATION;

      Processors = 8(starts);

      STARTS = 400 100;

   Model:


      %OVERALL%

  i s | scsf6c_5@0 scsf6c_6@1 scsf6c_7@2 scsf6c_8@3 scsf6c_10@5;

   %c#1%
  [s] (a);
   s (b);
   s WITH i ;
   i ;

   %c#2%
  [s] (a);
   s (b);
   s WITH i ;
   i ;

   OUTPUT: SAMPSTAT;

                                  STDYX;




*** WARNING in VARIABLE command
  Note that only the first 8 characters of variable names are used in the output.
  Shorten variable names to avoid any confusion.
*** WARNING
  Data set contains unknown or missing values for variable NO9.
  This variable is used to determine the KNOWNCLASS specification.
  Number of such cases:  111
*** WARNING
  Data set contains cases with missing on all variables.
  These cases were not included in the analysis.
  Number of cases with missing on all variables:  106
   3 WARNING(S) FOUND IN THE INPUT INSTRUCTIONS



Your title goes here

SUMMARY OF ANALYSIS

Number of groups                                                 1
Number of observations                                        1840

Number of dependent variables                                    5
Number of independent variables                                  0
Number of continuous latent variables                            2
Number of categorical latent variables                           1

Observed dependent variables

  Continuous
   SCSF6C_5    SCSF6C_6    SCSF6C_7    SCSF6C_8    SCSF6C_10

Continuous latent variables
   I           S

Categorical latent variables
   C

  Knownclass            C

Variables with special functions

  Weight variable       PRED_NO9

Estimator                                                      MLR
Information matrix                                        OBSERVED
Optimization Specifications for the Quasi-Newton Algorithm for
Continuous Outcomes
  Maximum number of iterations                                 100
  Convergence criterion                                  0.100D-05
Optimization Specifications for the EM Algorithm
  Maximum number of iterations                                 500
  Convergence criteria
    Loglikelihood change                                 0.100D-02
    Relative loglikelihood change                        0.100D-05
    Derivative                                           0.100D-02
Optimization Specifications for the M step of the EM Algorithm for
Categorical Latent variables
  Number of M step iterations                                    1
  M step convergence criterion                           0.100D-02
  Basis for M step termination                           ITERATION
Optimization Specifications for the M step of the EM Algorithm for
Censored, Binary or Ordered Categorical (Ordinal), Unordered
Categorical (Nominal) and Count Outcomes
  Number of M step iterations                                    1
  M step convergence criterion                           0.100D-02
  Basis for M step termination                           ITERATION
  Maximum value for logit thresholds                            15
  Minimum value for logit thresholds                           -15
  Minimum expected cell size for chi-square              0.100D-01
Maximum number of iterations for H1                           2000
Convergence criterion for H1                             0.100D-03
Optimization algorithm                                         EMA
Integration Specifications
  Type                                                    STANDARD
  Number of integration points                                  15
  Dimensions of numerical integration                            0
  Adaptive quadrature                                           ON
Random Starts Specifications
  Number of initial stage random starts                        400
  Number of final stage optimizations                          100
  Number of initial stage iterations                            10
  Initial stage convergence criterion                    0.100D+01
  Random starts scale                                    0.500D+01
  Random seed for generating random starts                       0
Cholesky                                                       OFF

Input data file(s)
  data.dta
Input data format  FREE


SUMMARY OF DATA

     Number of missing data patterns            31
     Number of y missing data patterns          31
     Number of u missing data patterns           0


COVARIANCE COVERAGE OF DATA

Minimum covariance coverage value   0.100


     PROPORTION OF DATA PRESENT FOR Y


           Covariance Coverage
              SCSF6C_5      SCSF6C_6      SCSF6C_7      SCSF6C_8      SCSF6C_1
              ________      ________      ________      ________      ________
 SCSF6C_5       0.386
 SCSF6C_6       0.291         0.458
 SCSF6C_7       0.266         0.340         0.599
 SCSF6C_8       0.255         0.328         0.478         0.585
 SCSF6C_1       0.222         0.286         0.399         0.430         0.641


SAMPLE STATISTICS


     ESTIMATED SAMPLE STATISTICS FOR CLASS 1


           Means
              SCSF6C_5      SCSF6C_6      SCSF6C_7      SCSF6C_8      SCSF6C_1
              ________      ________      ________      ________      ________
                3.949         3.975         4.062         4.062         3.910


           Covariances
              SCSF6C_5      SCSF6C_6      SCSF6C_7      SCSF6C_8      SCSF6C_1
              ________      ________      ________      ________      ________
 SCSF6C_5       1.138
 SCSF6C_6       0.543         1.044
 SCSF6C_7       0.595         0.547         1.019
 SCSF6C_8       0.535         0.537         0.516         1.116
 SCSF6C_1       0.494         0.487         0.526         0.582         1.232


           Correlations
              SCSF6C_5      SCSF6C_6      SCSF6C_7      SCSF6C_8      SCSF6C_1
              ________      ________      ________      ________      ________
 SCSF6C_5       1.000
 SCSF6C_6       0.498         1.000
 SCSF6C_7       0.552         0.530         1.000
 SCSF6C_8       0.475         0.497         0.484         1.000
 SCSF6C_1       0.417         0.430         0.469         0.496         1.000


     ESTIMATED SAMPLE STATISTICS FOR CLASS 2


           Means
              SCSF6C_5      SCSF6C_6      SCSF6C_7      SCSF6C_8      SCSF6C_1
              ________      ________      ________      ________      ________
                3.985         3.861         4.173         4.155         4.065


           Covariances
              SCSF6C_5      SCSF6C_6      SCSF6C_7      SCSF6C_8      SCSF6C_1
              ________      ________      ________      ________      ________
 SCSF6C_5       0.919
 SCSF6C_6       0.385         0.942
 SCSF6C_7       0.400         0.393         0.665
 SCSF6C_8       0.337         0.376         0.397         0.734
 SCSF6C_1       0.423         0.414         0.397         0.428         0.889


           Correlations
              SCSF6C_5      SCSF6C_6      SCSF6C_7      SCSF6C_8      SCSF6C_1
              ________      ________      ________      ________      ________
 SCSF6C_5       1.000
 SCSF6C_6       0.414         1.000
 SCSF6C_7       0.512         0.496         1.000
 SCSF6C_8       0.410         0.452         0.568         1.000
 SCSF6C_1       0.469         0.453         0.516         0.529         1.000


UNIVARIATE SAMPLE STATISTICS


     UNIVARIATE HIGHER-ORDER MOMENT DESCRIPTIVE STATISTICS

         Variable/         Mean/     Skewness/   Minimum/ % with                Percentiles
        Sample Size      Variance    Kurtosis    Maximum  Min/Max      20%/60%    40%/80%    Median

     SCSF6C_5              3.975      -0.779       1.000    1.69%       3.000      4.000      4.000
             710.000       1.026       0.062       5.000   38.45%       4.000      5.000
     SCSF6C_6              3.937      -0.647       1.000    1.43%       3.000      4.000      4.000
             842.000       1.006      -0.272       5.000   36.22%       4.000      5.000
     SCSF6C_7              4.127      -0.922       1.000    1.27%       3.000      4.000      4.000
            1102.000       0.871       0.330       5.000   42.01%       5.000      5.000
     SCSF6C_8              4.114      -1.041       1.000    1.39%       3.000      4.000      4.000
            1077.000       0.946       0.678       5.000   42.99%       5.000      5.000
     SCSF6C_10             3.999      -0.830       1.000    2.71%       3.000      4.000      4.000
            1179.000       1.095      -0.114       5.000   38.42%       4.000      5.000

RANDOM STARTS RESULTS RANKED FROM THE BEST TO THE WORST LOGLIKELIHOOD VALUES

Final stage loglikelihood values at local maxima, seeds, and initial stage start numbers:

           -8755.079  563002           360
           -8755.079  415502           194
           -8755.079  391949           295
           -8755.079  443917           60
           -8755.079  790452           303
           -8755.079  592219           119
           -8755.079  673496           218
           -8755.079  458181           189
           -8755.079  1548             384
           -8755.079  281462           285
           -8755.079  246261           38
           -8755.079  206099           363
           -8755.079  967902           52
           -8755.079  483369           270
           -8755.079  851945           18
           -8755.079  879338           309
           -8755.079  626087           314
           -8755.079  836515           341
           -8755.079  281558           184
           -8755.079  232226           235
           -8755.079  153942           31
           -8755.079  393232           152
           -8755.079  645664           39
           -8755.079  732596           320
           -8755.079  608496           4
           -8755.079  846194           93
           -8755.079  674171           195
           -8755.079  345070           114
           -8755.079  850840           232
           -8755.079  520177           262
           -8755.079  358488           264
           -8755.079  220454           288
           -8755.079  92689            304
           -8755.079  915642           40
           -8755.079  569833           85
           -8755.079  404426           344
           -8755.079  561664           392
           -8755.079  57226            208
           -8755.079  595153           230
           -8755.079  617243           237
           -8755.079  49221            254
           -8755.079  264935           281
           -8755.079  341041           34
           -8755.079  784664           75
           -8755.079  637345           19
           -8755.079  297518           166
           -8755.079  370466           41
           -8755.079  329127           185
           -8755.079  872743           374
           -8755.079  793035           187
           -8755.079  496710           386
           -8755.079  354208           196
           -8755.079  253358           2
           -8755.079  499150           216
           -8755.079  648555           113
           -8755.079  301180           236
           -8755.079  701525           239
           -8755.079  824126           287
           -8755.079  263268           165
           -8755.079  602797           336
           -8755.079  780698           337
           -8755.079  285380           1
           -8755.079  185071           370
           -8755.079  621542           375
           -8755.079  848163           47
           -8755.079  97158            205
           -8755.079  59674            240
           -8755.079  802779           122
           -8755.079  405079           68
           -8755.079  475420           71
           -8755.079  344422           296
           -8755.079  692169           308
           -8755.079  21132            351
           -8755.079  132336           362
           -8755.079  609185           181
           -8755.079  40340            188
           -8755.079  416250           390
           -8755.079  535804           111
           -8755.079  688839           273
           -8755.079  534864           307
           -8755.079  801717           364
           -8755.079  723775           97
           -8755.079  642909           251
           -8755.079  321390           133
           -8755.079  992389           77
           -8755.079  391179           78
           -8755.079  587946           120
           -8755.079  118421           139
           -8755.079  987090           70
           -8755.079  354559           73
           -8755.079  417035           149
           -8755.079  751054           117
           -8755.079  340112           126
           -8755.079  164305           128
           -8755.079  371246           101
           -8755.079  342019           301
           -8755.079  606576           151
           -8755.079  36714            201
           -8755.079  85462            51
           -8755.079  unperturbed      0



THE BEST LOGLIKELIHOOD VALUE HAS BEEN REPLICATED.  RERUN WITH AT LEAST TWICE THE
RANDOM STARTS TO CHECK THAT THE BEST LOGLIKELIHOOD IS STILL OBTAINED AND REPLICATED.


THE MODEL ESTIMATION TERMINATED NORMALLY



MODEL FIT INFORMATION

Number of Free Parameters                       14

Loglikelihood

          H0 Value                       -8755.079
          H0 Scaling Correction Factor      2.9983
            for MLR

Information Criteria

          Akaike (AIC)                   17538.158
          Bayesian (BIC)                 17615.403
          Sample-Size Adjusted BIC       17570.925
            (n* = (n + 2) / 24)



FINAL CLASS COUNTS AND PROPORTIONS FOR THE LATENT CLASSES
BASED ON THE ESTIMATED MODEL

    Latent
   Classes

       1       1172.20047          0.63707
       2        667.79953          0.36293


MODEL RESULTS

                                                    Two-Tailed
                    Estimate       S.E.  Est./S.E.    P-Value

Latent Class 1 (1)

 I        |
    SCSF6C_5           1.000      0.000    999.000    999.000
    SCSF6C_6           1.000      0.000    999.000    999.000
    SCSF6C_7           1.000      0.000    999.000    999.000
    SCSF6C_8           1.000      0.000    999.000    999.000
    SCSF6C_10          1.000      0.000    999.000    999.000

 S        |
    SCSF6C_5           0.000      0.000    999.000    999.000
    SCSF6C_6           1.000      0.000    999.000    999.000
    SCSF6C_7           2.000      0.000    999.000    999.000
    SCSF6C_8           3.000      0.000    999.000    999.000
    SCSF6C_10          5.000      0.000    999.000    999.000

 S        WITH
    I                 -0.007      0.016     -0.439      0.661

 Means
    I                  3.972      0.047     84.683      0.000
    S                  0.015      0.010      1.570      0.116

 Intercepts
    SCSF6C_5           0.000      0.000    999.000    999.000
    SCSF6C_6           0.000      0.000    999.000    999.000
    SCSF6C_7           0.000      0.000    999.000    999.000
    SCSF6C_8           0.000      0.000    999.000    999.000
    SCSF6C_10          0.000      0.000    999.000    999.000

 Variances
    I                  0.568      0.084      6.790      0.000
    S                  0.005      0.005      0.878      0.380

 Residual Variances
    SCSF6C_5           0.537      0.067      8.050      0.000
    SCSF6C_6           0.547      0.049     11.194      0.000
    SCSF6C_7           0.394      0.036     10.862      0.000
    SCSF6C_8           0.473      0.068      6.967      0.000
    SCSF6C_10          0.553      0.095      5.799      0.000

Latent Class 2 (2)

 I        |
    SCSF6C_5           1.000      0.000    999.000    999.000
    SCSF6C_6           1.000      0.000    999.000    999.000
    SCSF6C_7           1.000      0.000    999.000    999.000
    SCSF6C_8           1.000      0.000    999.000    999.000
    SCSF6C_10          1.000      0.000    999.000    999.000

 S        |
    SCSF6C_5           0.000      0.000    999.000    999.000
    SCSF6C_6           1.000      0.000    999.000    999.000
    SCSF6C_7           2.000      0.000    999.000    999.000
    SCSF6C_8           3.000      0.000    999.000    999.000
    SCSF6C_10          5.000      0.000    999.000    999.000

 S        WITH
    I                 -0.009      0.015     -0.627      0.531

 Means
    I                  4.018      0.042     96.241      0.000
    S                  0.015      0.010      1.570      0.116

 Intercepts
    SCSF6C_5           0.000      0.000    999.000    999.000
    SCSF6C_6           0.000      0.000    999.000    999.000
    SCSF6C_7           0.000      0.000    999.000    999.000
    SCSF6C_8           0.000      0.000    999.000    999.000
    SCSF6C_10          0.000      0.000    999.000    999.000

 Variances
    I                  0.396      0.058      6.815      0.000
    S                  0.005      0.005      0.878      0.380

 Residual Variances
    SCSF6C_5           0.537      0.067      8.050      0.000
    SCSF6C_6           0.547      0.049     11.194      0.000
    SCSF6C_7           0.394      0.036     10.862      0.000
    SCSF6C_8           0.473      0.068      6.967      0.000
    SCSF6C_10          0.553      0.095      5.799      0.000

Categorical Latent Variables

 Means
    C#1                0.563      0.068      8.280      0.000


STANDARDIZED MODEL RESULTS


STDYX Standardization

                                                    Two-Tailed
                    Estimate       S.E.  Est./S.E.    P-Value

Latent Class 1 (1)

 I        |
    SCSF6C_5           0.717      0.037     19.154      0.000
    SCSF6C_6           0.717      0.041     17.667      0.000
    SCSF6C_7           0.772      0.045     17.005      0.000
    SCSF6C_8           0.739      0.050     14.655      0.000
    SCSF6C_10          0.697      0.052     13.440      0.000

 S        |
    SCSF6C_5           0.000      0.000    999.000    999.000
    SCSF6C_6           0.066      0.038      1.750      0.080
    SCSF6C_7           0.142      0.081      1.753      0.080
    SCSF6C_8           0.203      0.114      1.782      0.075
    SCSF6C_10          0.320      0.183      1.744      0.081

 S        WITH
    I                 -0.139      0.260     -0.534      0.594

 Means
    I                  5.270      0.424     12.444      0.000
    S                  0.217      0.206      1.053      0.292

 Intercepts
    SCSF6C_5           0.000      0.000    999.000    999.000
    SCSF6C_6           0.000      0.000    999.000    999.000
    SCSF6C_7           0.000      0.000    999.000    999.000
    SCSF6C_8           0.000      0.000    999.000    999.000
    SCSF6C_10          0.000      0.000    999.000    999.000

 Variances
    I                  1.000      0.000    999.000    999.000
    S                  1.000      0.000    999.000    999.000

 Residual Variances
    SCSF6C_5           0.486      0.054      9.050      0.000
    SCSF6C_6           0.495      0.040     12.259      0.000
    SCSF6C_7           0.414      0.037     11.100      0.000
    SCSF6C_8           0.455      0.047      9.609      0.000
    SCSF6C_10          0.473      0.074      6.431      0.000

Latent Class 2 (2)

 I        |
    SCSF6C_5           0.651      0.044     14.806      0.000
    SCSF6C_6           0.653      0.043     15.137      0.000
    SCSF6C_7           0.716      0.048     14.811      0.000
    SCSF6C_8           0.680      0.051     13.426      0.000
    SCSF6C_10          0.637      0.055     11.677      0.000

 S        |
    SCSF6C_5           0.000      0.000    999.000    999.000
    SCSF6C_6           0.072      0.041      1.754      0.079
    SCSF6C_7           0.157      0.089      1.761      0.078
    SCSF6C_8           0.224      0.125      1.797      0.072
    SCSF6C_10          0.350      0.200      1.752      0.080

 S        WITH
    I                 -0.214      0.252     -0.847      0.397

 Means
    I                  6.388      0.481     13.291      0.000
    S                  0.217      0.206      1.053      0.292

 Intercepts
    SCSF6C_5           0.000      0.000    999.000    999.000
    SCSF6C_6           0.000      0.000    999.000    999.000
    SCSF6C_7           0.000      0.000    999.000    999.000
    SCSF6C_8           0.000      0.000    999.000    999.000
    SCSF6C_10          0.000      0.000    999.000    999.000

 Variances
    I                  1.000      0.000    999.000    999.000
    S                  1.000      0.000    999.000    999.000

 Residual Variances
    SCSF6C_5           0.576      0.057     10.046      0.000
    SCSF6C_6           0.589      0.038     15.567      0.000
    SCSF6C_7           0.511      0.035     14.760      0.000
    SCSF6C_8           0.553      0.045     12.232      0.000
    SCSF6C_10          0.567      0.080      7.045      0.000


R-SQUARE

Class 1

    Observed                                        Two-Tailed
    Variable        Estimate       S.E.  Est./S.E.    P-Value

    SCSF6C_5           0.514      0.054      9.577      0.000
    SCSF6C_6           0.505      0.040     12.517      0.000
    SCSF6C_7           0.586      0.037     15.722      0.000
    SCSF6C_8           0.545      0.047     11.533      0.000
    SCSF6C_1           0.527      0.074      7.157      0.000

Class 2

    Observed                                        Two-Tailed
    Variable        Estimate       S.E.  Est./S.E.    P-Value

    SCSF6C_5           0.424      0.057      7.403      0.000
    SCSF6C_6           0.411      0.038     10.868      0.000
    SCSF6C_7           0.489      0.035     14.138      0.000
    SCSF6C_8           0.447      0.045      9.900      0.000
    SCSF6C_1           0.433      0.080      5.379      0.000


QUALITY OF NUMERICAL RESULTS

     Condition Number for the Information Matrix              0.425E-03
       (ratio of smallest to largest eigenvalue)


     Beginning Time:  05:26:30
        Ending Time:  05:26:45
       Elapsed Time:  00:00:15



MUTHEN & MUTHEN
3463 Stoner Ave.
Los Angeles, CA  90066

Tel: (310) 391-9971
Fax: (310) 391-8971
Web: www.StatModel.com
Support: Support@StatModel.com

Copyright (c) 1998-2019 Muthen & Muthen
