Mplus VERSION 8.3
MUTHEN & MUTHEN
07/30/2020  12:21 PM

INPUT INSTRUCTIONS

  TITLE: Your title goes here

   DATA: FILE = data.dta;

   VARIABLE:

   NAMES = pidp gridmode mm hidp_5 hidp_6 hidp_7 hidp_8 hidp_9 hidp_10 indmode_5
       indmode_6 indmode_7 indmode_8 indmode_9 indmode_10 mode_type_all mode_type_no9
       mode_type_567 mode_type_7 all no9 p567 p7 switch_all switch_no9 switch_567
       switch_7 lkmove_5 xpmove_5 caruse_5 mobuse_5 netpuse_5 aidxhh_5 jbhas_5 j2has_5
       finnow_5 finfut_5 howlng_5 vote1_5 vote6_5 scsf1_5 scsf2a_5 scsf2b_5 scsf3a_5
       scsf3b_5 scsf4a_5 scsf4b_5 scsf5_5 scsf6a_5 scsf6b_5 scsf6c_5 scsf7_5 scghqa_5
       scghqb_5 scghqc_5 scghqd_5 scghqe_5 scghqf_5 scghqg_5 scghqh_5 scghqi_5
       scghqj_5 scghqk_5 scghql_5 lkmove_6 xpmove_6 caruse_6 mobuse_6 netpuse_6
       aidxhh_6 jbhas_6 j2has_6 finnow_6 finfut_6 howlng_6 vote1_6 vote6_6 scsf1_6
       scsf2a_6 scsf2b_6 scsf3a_6 scsf3b_6 scsf4a_6 scsf4b_6 scsf5_6 scsf6a_6 scsf6b_6
       scsf6c_6 scsf7_6 scghqa_6 scghqb_6 scghqc_6 scghqd_6 scghqe_6 scghqf_6 scghqg_6
       scghqh_6 scghqi_6 scghqj_6 scghqk_6 scghql_6 lkmove_7 xpmove_7 caruse_7
       mobuse_7 netpuse_7 smoker_7 aidxhh_7 jbhas_7 jbterm1_7 jbsemp_7 j2has_7
       fiyrdia_7 finnow_7 finfut_7 howlng_7 vote1_7 vote6_7 scsf2a_7 scsf2b_7 scsf3a_7
       scsf3b_7 scsf4a_7 scsf4b_7 scsf5_7 scsf6a_7 scsf6b_7 scsf6c_7 scsf7_7 scghqa_7
       scghqb_7 scghqc_7 scghqd_7 scghqe_7 scghqf_7 scghqg_7 scghqh_7 scghqi_7
       scghqj_7 scghqk_7 scghql_7 scsf1_7 lkmove_8 xpmove_8 caruse_8 mobuse_8
       netpuse_8 smoker_8 aidxhh_8 jbhas_8 jbterm1_8 jbsemp_8 j2has_8 fiyrdia_8
       finnow_8 finfut_8 scsf2a_8 scsf2b_8 scsf3a_8 scsf3b_8 scsf4a_8 scsf4b_8 scsf5_8
       scsf6a_8 scsf6b_8 scsf6c_8 scsf7_8 scghqa_8 scghqb_8 scghqc_8 scghqd_8 scghqe_8
       scghqf_8 scghqg_8 scghqh_8 scghqi_8 scghqj_8 scghqk_8 scghql_8 scsf1_8 mobuse_9
       netpuse_9 smoker_9 jbhas_9 jbterm1_9 jbsemp_9 j2has_9 fiyrdia_9 finnow_9
       finfut_9 lkmove_10 xpmove_10 mobuse_10 netpuse_10 smoker_10 aidxhh_10 jbhas_10
       jbterm1_10 jbsemp_10 j2has_10 fiyrdia_10 finnow_10 finfut_10 scsf1_10 scsf2a_10
       scsf2b_10 scsf3a_10 scsf3b_10 scsf4a_10 scsf4b_10 scsf5_10 scsf6a_10 scsf6b_10
       scsf6c_10 scsf7_10 scghqa_10 scghqb_10 scghqc_10 scghqd_10 scghqe_10 scghqf_10
       scghqg_10 scghqh_10 scghqi_10 scghqj_10 scghqk_10 scghql_10 edu agecat female
       partner sf1 longill london north urban refresh Higher A level GCSE Other age_35
       age_55 age_75 age_102 pred_all pred_no9 pred_p567 pred_p7 pred_all_w pred_no9_w
       pred_p567_w pred_p7_w;

   MISSING=.;

   USEVARIABLES ARE
   jbterm1_7
   jbterm1_8
   jbterm1_9
   jbterm1_10;

   CATEGORICAL ARE
   jbterm1_7
   jbterm1_8
   jbterm1_9
   jbterm1_10;
   CLASSES = c(2);

    KNOWNCLASS = c(mm= 1 2);

   ANALYSIS:


      TYPE = MIXTURE;

      ESTIMATOR = MLR;

      ALGORITHM = INTEGRATION;

      Processors = 8(starts);

      STARTS = 400 100;

   Model:


      %OVERALL%

  i s | jbterm1_7@2 jbterm1_8@3 jbterm1_9@4 jbterm1_10@5;

   %c#1%
  [s] ;
   s ;
   s WITH i ;
   i ;

   %c#2%
  [s] ;
   s ;
   s WITH i ;
   i ;

   OUTPUT: SAMPSTAT;

                                  STDYX;




*** WARNING in VARIABLE command
  Note that only the first 8 characters of variable names are used in the output.
  Shorten variable names to avoid any confusion.
*** WARNING
  Data set contains unknown or missing values for variable MM.
  This variable is used to determine the KNOWNCLASS specification.
  Number of such cases:  458
*** WARNING
  Data set contains cases with missing on all variables.
  These cases were not included in the analysis.
  Number of cases with missing on all variables:  784
   3 WARNING(S) FOUND IN THE INPUT INSTRUCTIONS



Your title goes here

SUMMARY OF ANALYSIS

Number of groups                                                 1
Number of observations                                         815

Number of dependent variables                                    4
Number of independent variables                                  0
Number of continuous latent variables                            2
Number of categorical latent variables                           1

Observed dependent variables

  Binary and ordered categorical (ordinal)
   JBTERM1_    JBTERM1_    JBTERM1_    JBTERM1_

Continuous latent variables
   I           S

Categorical latent variables
   C

  Knownclass            C


Estimator                                                      MLR
Information matrix                                        OBSERVED
Optimization Specifications for the Quasi-Newton Algorithm for
Continuous Outcomes
  Maximum number of iterations                                 100
  Convergence criterion                                  0.100D-05
Optimization Specifications for the EM Algorithm
  Maximum number of iterations                                 500
  Convergence criteria
    Loglikelihood change                                 0.100D-02
    Relative loglikelihood change                        0.100D-05
    Derivative                                           0.100D-02
Optimization Specifications for the M step of the EM Algorithm for
Categorical Latent variables
  Number of M step iterations                                    1
  M step convergence criterion                           0.100D-02
  Basis for M step termination                           ITERATION
Optimization Specifications for the M step of the EM Algorithm for
Censored, Binary or Ordered Categorical (Ordinal), Unordered
Categorical (Nominal) and Count Outcomes
  Number of M step iterations                                    1
  M step convergence criterion                           0.100D-02
  Basis for M step termination                           ITERATION
  Maximum value for logit thresholds                            15
  Minimum value for logit thresholds                           -15
  Minimum expected cell size for chi-square              0.100D-01
Maximum number of iterations for H1                           2000
Convergence criterion for H1                             0.100D-03
Optimization algorithm                                         EMA
Integration Specifications
  Type                                                    STANDARD
  Number of integration points                                  15
  Dimensions of numerical integration                            2
  Adaptive quadrature                                           ON
Random Starts Specifications
  Number of initial stage random starts                        400
  Number of final stage optimizations                          100
  Number of initial stage iterations                            10
  Initial stage convergence criterion                    0.100D+01
  Random starts scale                                    0.500D+01
  Random seed for generating random starts                       0
Link                                                         LOGIT
Cholesky                                                        ON

Input data file(s)
  data.dta
Input data format  FREE


SUMMARY OF DATA

     Number of missing data patterns            15
     Number of y missing data patterns           0
     Number of u missing data patterns          15


COVARIANCE COVERAGE OF DATA

Minimum covariance coverage value   0.100


     PROPORTION OF DATA PRESENT FOR U


           Covariance Coverage
              JBTERM1_      JBTERM1_      JBTERM1_      JBTERM1_
              ________      ________      ________      ________
 JBTERM1_       0.682
 JBTERM1_       0.498         0.656
 JBTERM1_       0.452         0.502         0.637
 JBTERM1_       0.407         0.454         0.483         0.615


UNIVARIATE PROPORTIONS AND COUNTS FOR CATEGORICAL VARIABLES

    JBTERM1_
      Category 1    0.085           47.000
      Category 2    0.915          509.000
    JBTERM1_
      Category 1    0.097           52.000
      Category 2    0.903          483.000
    JBTERM1_
      Category 1    0.104           54.000
      Category 2    0.896          465.000
    JBTERM1_
      Category 1    0.098           49.000
      Category 2    0.902          452.000


SAMPLE STATISTICS

RANDOM STARTS RESULTS RANKED FROM THE BEST TO THE WORST LOGLIKELIHOOD VALUES

Final stage loglikelihood values at local maxima, seeds, and initial stage start numbers:

           -1124.712  902278           21
           -1124.713  232226           235
           -1124.713  321390           133
           -1124.714  383986           159
           -1124.717  597614           284
           -1124.719  673496           218
           -1124.721  722748           346
           -1124.721  344422           296
           -1124.721  655497           376
           -1124.722  793035           187
           -1124.722  467339           66
           -1124.723  286735           175
           -1124.725  360419           356
           -1124.725  unperturbed      0
           -1124.728  485256           371
           -1124.728  170118           238
           -1124.728  466971           109
           -1124.736  100874           108
           -1124.739  913639           162
           -1124.740  259507           53
           -1124.746  418686           338
           -1124.748  210870           383
           -1124.751  358488           264
           -1124.751  804561           59
           -1124.753  354208           196
           -1124.753  36714            201
           -1124.754  124999           96
           -1124.755  521575           313
           -1124.755  246261           38
           -1124.755  25127            107
           -1124.757  46437            153
           -1124.757  314084           81
           -1124.760  860772           174
           -1124.761  576220           115
           -1124.761  61587            400
           -1124.990  264081           186
           -1124.990  123985           248
           -1124.990  569131           26
           -1124.991  220454           288
           -1124.991  724519           333
           -1124.992  900268           327
           -1124.992  132336           362
           -1124.994  471398           74
           -1124.995  801065           393
           -1124.996  182524           373
           -1124.998  464179           106
           -1125.001  821011           161
           -1125.004  341041           34
           -1125.005  813779           92
           -1125.009  777045           377
           -1125.013  370466           41
           -1125.018  535804           111
           -1125.019  529496           343
           -1125.024  253358           2
           -1125.028  691234           250
           -1125.029  65651            214
           -1125.030  483369           270
           -1125.031  50887            389
           -1125.039  765392           382
           -1125.041  284109           82
           -1125.051  576596           99
           -1125.059  937588           293
           -1125.065  625191           350
           -1125.068  782200           84
           -1125.068  637095           207
           -1125.069  496881           192
           -1125.070  49221            254
           -1125.086  856536           144
           -1125.111  780698           337
           -1125.112  568859           49
           -1125.112  749453           33
           -1125.112  509733           130
           -1125.123  455617           242
           -1125.353  371246           101
           -1125.353  22089            143
           -1125.361  804660           260
           -1125.363  592219           119
           -1125.370  992389           77
           -1125.371  462228           298
           -1125.376  107446           12
           -1125.377  59674            240
           -1125.378  960438           116
           -1125.399  602797           336
           -1125.402  963053           43
           -1125.410  193042           316
           -1125.443  650371           14
           -1125.460  39136            226
           -1125.468  496710           386
           -1125.474  373505           88
           -1125.502  267983           228
           -1125.776  696773           80
           -1125.778  626087           314
           -1125.786  526324           178
           -1125.787  43523            297
           -1125.789  930872           277
           -1126.006  529455           268
           -1126.045  939021           8
           -1126.124  478421           311
           -1126.131  329127           185
           -1126.147  393232           152



THE BEST LOGLIKELIHOOD VALUE HAS BEEN REPLICATED.  RERUN WITH AT LEAST TWICE THE
RANDOM STARTS TO CHECK THAT THE BEST LOGLIKELIHOOD IS STILL OBTAINED AND REPLICATED.


THE MODEL ESTIMATION TERMINATED NORMALLY



MODEL FIT INFORMATION

Number of Free Parameters                       11

Loglikelihood

          H0 Value                       -1124.712
          H0 Scaling Correction Factor      0.9780
            for MLR

Information Criteria

          Akaike (AIC)                    2271.424
          Bayesian (BIC)                  2323.159
          Sample-Size Adjusted BIC        2288.227
            (n* = (n + 2) / 24)

Chi-Square Test of Model Fit for the Binary and Ordered Categorical
(Ordinal) Outcomes

          Pearson Chi-Square

          Value                             21.868
          Degrees of Freedom                    20
          P-Value                           0.3477

          Likelihood Ratio Chi-Square

          Value                             17.720
          Degrees of Freedom                    20
          P-Value                           0.6058

Chi-Square Test for MCAR under the Unrestricted Latent Class Indicator Model

          Pearson Chi-Square

          Value                            141.724
          Degrees of Freedom                    99
          P-Value                           0.0032

          Likelihood Ratio Chi-Square

          Value                            141.381
          Degrees of Freedom                    99
          P-Value                           0.0034



FINAL CLASS COUNTS AND PROPORTIONS FOR THE LATENT CLASSES
BASED ON THE ESTIMATED MODEL

    Latent
   Classes

       1        463.00000          0.56810
       2        352.00000          0.43190


MODEL RESULTS

                                                    Two-Tailed
                    Estimate       S.E.  Est./S.E.    P-Value

Latent Class 1 (1)

 I        |
    JBTERM1_7          1.000      0.000    999.000    999.000
    JBTERM1_8          1.000      0.000    999.000    999.000
    JBTERM1_9          1.000      0.000    999.000    999.000
    JBTERM1_10         1.000      0.000    999.000    999.000

 S        |
    JBTERM1_7          2.000      0.000    999.000    999.000
    JBTERM1_8          3.000      0.000    999.000    999.000
    JBTERM1_9          4.000      0.000    999.000    999.000
    JBTERM1_10         5.000      0.000    999.000    999.000

 S        WITH
    I                 -1.409      2.166     -0.650      0.515

 Means
    I                 -2.588      3.737     -0.692      0.489
    S                  1.061      0.361      2.940      0.003

 Thresholds
    JBTERM1_$1        -4.723      3.614     -1.307      0.191
    JBTERM1_$1        -4.723      3.614     -1.307      0.191
    JBTERM1_$1        -4.723      3.614     -1.307      0.191
    JBTERM1_$1        -4.723      3.614     -1.307      0.191

 Variances
    I                  6.005      9.419      0.638      0.524
    S                  2.037      1.315      1.548      0.122

Latent Class 2 (2)

 I        |
    JBTERM1_7          1.000      0.000    999.000    999.000
    JBTERM1_8          1.000      0.000    999.000    999.000
    JBTERM1_9          1.000      0.000    999.000    999.000
    JBTERM1_10         1.000      0.000    999.000    999.000

 S        |
    JBTERM1_7          2.000      0.000    999.000    999.000
    JBTERM1_8          3.000      0.000    999.000    999.000
    JBTERM1_9          4.000      0.000    999.000    999.000
    JBTERM1_10         5.000      0.000    999.000    999.000

 S        WITH
    I                 -0.665      4.451     -0.149      0.881

 Means
    I                  0.000      0.000    999.000    999.000
    S                  0.044      0.917      0.048      0.962

 Thresholds
    JBTERM1_$1        -4.723      3.614     -1.307      0.191
    JBTERM1_$1        -4.723      3.614     -1.307      0.191
    JBTERM1_$1        -4.723      3.614     -1.307      0.191
    JBTERM1_$1        -4.723      3.614     -1.307      0.191

 Variances
    I                 14.587     29.492      0.495      0.621
    S                  0.168      0.563      0.298      0.766

Categorical Latent Variables

 Means
    C#1                0.274      0.071      3.876      0.000


STANDARDIZED MODEL RESULTS


STDYX Standardization

                                                    Two-Tailed
                    Estimate       S.E.  Est./S.E.    P-Value

Latent Class 1 (1)

 I        |
    JBTERM1_7          0.713      0.420      1.697      0.090
    JBTERM1_8          0.560      0.368      1.521      0.128
    JBTERM1_9          0.443      0.298      1.488      0.137
    JBTERM1_10         0.361      0.241      1.495      0.135

 S        |
    JBTERM1_7          0.831      0.073     11.396      0.000
    JBTERM1_8          0.978      0.104      9.364      0.000
    JBTERM1_9          1.032      0.117      8.847      0.000
    JBTERM1_10         1.051      0.113      9.335      0.000

 S        WITH
    I                 -0.403      0.210     -1.918      0.055

 Means
    I                 -1.056      1.874     -0.563      0.573
    S                  0.743      0.214      3.478      0.001

 Thresholds
    JBTERM1_$1        -1.375      1.104     -1.245      0.213
    JBTERM1_$1        -1.079      0.863     -1.250      0.211
    JBTERM1_$1        -0.854      0.686     -1.244      0.214
    JBTERM1_$1        -0.695      0.562     -1.238      0.216

 Variances
    I                  1.000      0.000    999.000    999.000
    S                  1.000      0.000    999.000    999.000

Latent Class 2 (2)

 I        |
    JBTERM1_7          0.958      0.566      1.694      0.090
    JBTERM1_8          0.973      0.780      1.247      0.212
    JBTERM1_9          0.978      0.983      0.996      0.319
    JBTERM1_10         0.973      1.155      0.842      0.400

 S        |
    JBTERM1_7          0.205      0.290      0.709      0.479
    JBTERM1_8          0.313      0.472      0.664      0.507
    JBTERM1_9          0.420      0.670      0.626      0.531
    JBTERM1_10         0.521      0.873      0.598      0.550

 S        WITH
    I                 -0.425      1.926     -0.221      0.825

 Means
    I                  0.000      0.000    999.000    999.000
    S                  0.108      2.320      0.047      0.963

 Thresholds
    JBTERM1_$1        -1.185      0.449     -2.641      0.008
    JBTERM1_$1        -1.204      0.699     -1.722      0.085
    JBTERM1_$1        -1.210      0.950     -1.274      0.203
    JBTERM1_$1        -1.203      1.173     -1.026      0.305

 Variances
    I                  1.000      0.000    999.000    999.000
    S                  1.000      0.000    999.000    999.000


R-SQUARE

Class 1

    Observed                                        Two-Tailed
    Variable        Estimate       S.E.  Est./S.E.    P-Value

    JBTERM1_           0.721      0.136      5.314      0.000
    JBTERM1_           0.828      0.080     10.307      0.000
    JBTERM1_           0.893      0.053     16.792      0.000
    JBTERM1_           0.929      0.037     25.181      0.000

Class 2

    Observed                                        Two-Tailed
    Variable        Estimate       S.E.  Est./S.E.    P-Value

    JBTERM1_           0.793      0.179      4.442      0.000
    JBTERM1_           0.786      0.106      7.423      0.000
    JBTERM1_           0.784      0.080      9.836      0.000
    JBTERM1_           0.787      0.130      6.039      0.000


QUALITY OF NUMERICAL RESULTS

     Condition Number for the Information Matrix              0.881E-04
       (ratio of smallest to largest eigenvalue)


     Beginning Time:  12:21:45
        Ending Time:  12:22:48
       Elapsed Time:  00:01:03



MUTHEN & MUTHEN
3463 Stoner Ave.
Los Angeles, CA  90066

Tel: (310) 391-9971
Fax: (310) 391-8971
Web: www.StatModel.com
Support: Support@StatModel.com

Copyright (c) 1998-2019 Muthen & Muthen
