Mplus VERSION 8.3
MUTHEN & MUTHEN
07/31/2020   9:43 AM

INPUT INSTRUCTIONS

  TITLE: Your title goes here

   DATA: FILE = data.dta;

   VARIABLE:

   NAMES = pidp gridmode mm hidp_5 hidp_6 hidp_7 hidp_8 hidp_9 hidp_10 indmode_5
       indmode_6 indmode_7 indmode_8 indmode_9 indmode_10 mode_type_all mode_type_no9
       mode_type_567 mode_type_7 all no9 p567 p7 switch_all switch_no9 switch_567
       switch_7 lkmove_5 xpmove_5 caruse_5 mobuse_5 netpuse_5 aidxhh_5 jbhas_5 j2has_5
       finnow_5 finfut_5 howlng_5 vote1_5 vote6_5 scsf1_5 scsf2a_5 scsf2b_5 scsf3a_5
       scsf3b_5 scsf4a_5 scsf4b_5 scsf5_5 scsf6a_5 scsf6b_5 scsf6c_5 scsf7_5 scghqa_5
       scghqb_5 scghqc_5 scghqd_5 scghqe_5 scghqf_5 scghqg_5 scghqh_5 scghqi_5
       scghqj_5 scghqk_5 scghql_5 lkmove_6 xpmove_6 caruse_6 mobuse_6 netpuse_6
       aidxhh_6 jbhas_6 j2has_6 finnow_6 finfut_6 howlng_6 vote1_6 vote6_6 scsf1_6
       scsf2a_6 scsf2b_6 scsf3a_6 scsf3b_6 scsf4a_6 scsf4b_6 scsf5_6 scsf6a_6 scsf6b_6
       scsf6c_6 scsf7_6 scghqa_6 scghqb_6 scghqc_6 scghqd_6 scghqe_6 scghqf_6 scghqg_6
       scghqh_6 scghqi_6 scghqj_6 scghqk_6 scghql_6 lkmove_7 xpmove_7 caruse_7
       mobuse_7 netpuse_7 smoker_7 aidxhh_7 jbhas_7 jbterm1_7 jbsemp_7 j2has_7
       fiyrdia_7 finnow_7 finfut_7 howlng_7 vote1_7 vote6_7 scsf2a_7 scsf2b_7 scsf3a_7
       scsf3b_7 scsf4a_7 scsf4b_7 scsf5_7 scsf6a_7 scsf6b_7 scsf6c_7 scsf7_7 scghqa_7
       scghqb_7 scghqc_7 scghqd_7 scghqe_7 scghqf_7 scghqg_7 scghqh_7 scghqi_7
       scghqj_7 scghqk_7 scghql_7 scsf1_7 lkmove_8 xpmove_8 caruse_8 mobuse_8
       netpuse_8 smoker_8 aidxhh_8 jbhas_8 jbterm1_8 jbsemp_8 j2has_8 fiyrdia_8
       finnow_8 finfut_8 scsf2a_8 scsf2b_8 scsf3a_8 scsf3b_8 scsf4a_8 scsf4b_8 scsf5_8
       scsf6a_8 scsf6b_8 scsf6c_8 scsf7_8 scghqa_8 scghqb_8 scghqc_8 scghqd_8 scghqe_8
       scghqf_8 scghqg_8 scghqh_8 scghqi_8 scghqj_8 scghqk_8 scghql_8 scsf1_8 mobuse_9
       netpuse_9 smoker_9 jbhas_9 jbterm1_9 jbsemp_9 j2has_9 fiyrdia_9 finnow_9
       finfut_9 lkmove_10 xpmove_10 mobuse_10 netpuse_10 smoker_10 aidxhh_10 jbhas_10
       jbterm1_10 jbsemp_10 j2has_10 fiyrdia_10 finnow_10 finfut_10 scsf1_10 scsf2a_10
       scsf2b_10 scsf3a_10 scsf3b_10 scsf4a_10 scsf4b_10 scsf5_10 scsf6a_10 scsf6b_10
       scsf6c_10 scsf7_10 scghqa_10 scghqb_10 scghqc_10 scghqd_10 scghqe_10 scghqf_10
       scghqg_10 scghqh_10 scghqi_10 scghqj_10 scghqk_10 scghql_10 edu agecat female
       partner sf1 longill london north urban refresh Higher A level GCSE Other age_35
       age_55 age_75 age_102 pred_all pred_no9 pred_p567 pred_p7 pred_all_w pred_no9_w
       pred_p567_w pred_p7_w;

   MISSING=.;

   USEVARIABLES ARE
   scghqk_5
   scghqk_6
   scghqk_7
   scghqk_8
   scghqk_10;

   CATEGORICAL ARE
   scghqk_5
   scghqk_6
   scghqk_7
   scghqk_8
   scghqk_10;
   CLASSES = c(2);

    KNOWNCLASS = c(no9= 1 2);
  WEIGHT IS pred_no9_w;

   ANALYSIS:


      TYPE = MIXTURE;

      ESTIMATOR = MLR;

      ALGORITHM = INTEGRATION;

      Processors = 8(starts);

      STARTS = 400 100;

   Model:


      %OVERALL%

  i s | scghqk_5@0 scghqk_6@1 scghqk_7@2 scghqk_8@3 scghqk_10@5;

   %c#1%
  [s] ;
   s ;
   s WITH i ;
   i ;

   %c#2%
  [s] ;
   s ;
   s WITH i ;
   i ;

   OUTPUT: SAMPSTAT;

                                  STDYX;




*** WARNING in VARIABLE command
  Note that only the first 8 characters of variable names are used in the output.
  Shorten variable names to avoid any confusion.
*** WARNING
  Data set contains unknown or missing values for variable NO9.
  This variable is used to determine the KNOWNCLASS specification.
  Number of such cases:  111
*** WARNING
  Data set contains cases with missing on all variables.
  These cases were not included in the analysis.
  Number of cases with missing on all variables:  102
   3 WARNING(S) FOUND IN THE INPUT INSTRUCTIONS



Your title goes here

SUMMARY OF ANALYSIS

Number of groups                                                 1
Number of observations                                        1844

Number of dependent variables                                    5
Number of independent variables                                  0
Number of continuous latent variables                            2
Number of categorical latent variables                           1

Observed dependent variables

  Binary and ordered categorical (ordinal)
   SCGHQK_5    SCGHQK_6    SCGHQK_7    SCGHQK_8    SCGHQK_1

Continuous latent variables
   I           S

Categorical latent variables
   C

  Knownclass            C

Variables with special functions

  Weight variable       PRED_NO9

Estimator                                                      MLR
Information matrix                                        OBSERVED
Optimization Specifications for the Quasi-Newton Algorithm for
Continuous Outcomes
  Maximum number of iterations                                 100
  Convergence criterion                                  0.100D-05
Optimization Specifications for the EM Algorithm
  Maximum number of iterations                                 500
  Convergence criteria
    Loglikelihood change                                 0.100D-02
    Relative loglikelihood change                        0.100D-05
    Derivative                                           0.100D-02
Optimization Specifications for the M step of the EM Algorithm for
Categorical Latent variables
  Number of M step iterations                                    1
  M step convergence criterion                           0.100D-02
  Basis for M step termination                           ITERATION
Optimization Specifications for the M step of the EM Algorithm for
Censored, Binary or Ordered Categorical (Ordinal), Unordered
Categorical (Nominal) and Count Outcomes
  Number of M step iterations                                    1
  M step convergence criterion                           0.100D-02
  Basis for M step termination                           ITERATION
  Maximum value for logit thresholds                            15
  Minimum value for logit thresholds                           -15
  Minimum expected cell size for chi-square              0.100D-01
Maximum number of iterations for H1                           2000
Convergence criterion for H1                             0.100D-03
Optimization algorithm                                         EMA
Integration Specifications
  Type                                                    STANDARD
  Number of integration points                                  15
  Dimensions of numerical integration                            2
  Adaptive quadrature                                           ON
Random Starts Specifications
  Number of initial stage random starts                        400
  Number of final stage optimizations                          100
  Number of initial stage iterations                            10
  Initial stage convergence criterion                    0.100D+01
  Random starts scale                                    0.500D+01
  Random seed for generating random starts                       0
Link                                                         LOGIT
Cholesky                                                        ON

Input data file(s)
  data.dta
Input data format  FREE


SUMMARY OF DATA

     Number of missing data patterns            31
     Number of y missing data patterns           0
     Number of u missing data patterns          31


COVARIANCE COVERAGE OF DATA

Minimum covariance coverage value   0.100


     PROPORTION OF DATA PRESENT FOR U


           Covariance Coverage
              SCGHQK_5      SCGHQK_6      SCGHQK_7      SCGHQK_8      SCGHQK_1
              ________      ________      ________      ________      ________
 SCGHQK_5       0.386
 SCGHQK_6       0.292         0.457
 SCGHQK_7       0.265         0.338         0.595
 SCGHQK_8       0.252         0.325         0.472         0.580
 SCGHQK_1       0.224         0.287         0.401         0.434         0.648


UNIVARIATE PROPORTIONS AND COUNTS FOR CATEGORICAL VARIABLES

    SCGHQK_5
      Category 1    0.674          761.538
      Category 2    0.232          262.561
      Category 3    0.060           67.930
      Category 4    0.034           38.348
    SCGHQK_6
      Category 1    0.636          878.796
      Category 2    0.275          379.609
      Category 3    0.070           96.595
      Category 4    0.019           26.337
    SCGHQK_7
      Category 1    0.724          869.783
      Category 2    0.214          256.724
      Category 3    0.037           44.560
      Category 4    0.025           30.127
    SCGHQK_8
      Category 1    0.716          810.956
      Category 2    0.215          243.179
      Category 3    0.051           57.559
      Category 4    0.018           20.408
    SCGHQK_1
      Category 1    0.664          662.024
      Category 2    0.256          255.527
      Category 3    0.055           55.049
      Category 4    0.025           24.565


SAMPLE STATISTICS

RANDOM STARTS RESULTS RANKED FROM THE BEST TO THE WORST LOGLIKELIHOOD VALUES

Final stage loglikelihood values at local maxima, seeds, and initial stage start numbers:

           -5664.794  22089            143
           -5664.794  165853           105
           -5664.794  21132            351
           -5664.794  341041           34
           -5664.794  232559           136
           -5664.794  926283           269
           -5664.794  967237           48
           -5664.794  unperturbed      0
           -5664.794  939021           8
           -5664.794  967902           52
           -5664.794  81117            305
           -5664.794  608460           244
           -5664.794  479273           156
           -5664.794  73576            213
           -5664.794  592219           119
           -5664.794  788796           145
           -5664.794  393232           152
           -5664.794  273992           349
           -5664.794  12477            155
           -5664.794  848890           95
           -5664.794  462228           298
           -5664.794  544048           87
           -5664.794  913639           162
           -5664.794  804561           59
           -5664.794  608849           224
           -5664.794  568859           49
           -5664.794  471398           74
           -5664.794  791396           243
           -5664.794  724519           333
           -5664.794  679832           302
           -5664.794  407108           366
           -5664.794  642909           251
           -5664.794  414284           158
           -5664.794  354208           196
           -5664.794  997222           229
           -5664.794  848969           173
           -5664.794  829540           324
           -5664.794  798839           312
           -5664.794  360419           356
           -5664.794  175199           247
           -5664.794  227563           63
           -5664.794  483369           270
           -5664.794  535063           329
           -5664.794  830392           35
           -5664.794  168762           200
           -5664.794  695155           150
           -5664.794  569833           85
           -5664.794  417035           149
           -5664.794  545140           278
           -5664.794  561664           392
           -5664.794  105435           265
           -5664.794  195873           6
           -5664.794  484687           306
           -5664.794  970689           266
           -5664.794  416250           390
           -5664.794  985387           381
           -5664.794  57226            208
           -5664.794  931874           141
           -5664.794  371246           101
           -5664.794  595153           230
           -5664.794  374219           353
           -5664.794  319144           176
           -5664.794  259507           53
           -5664.794  992389           77
           -5664.794  801065           393
           -5664.794  415931           10
           -5664.794  284109           82
           -5664.794  963053           43
           -5664.794  648555           113
           -5664.794  616917           261
           -5664.794  120506           45
           -5664.794  551639           55
           -5664.794  391949           295
           -5664.794  673496           218
           -5664.794  173440           328
           -5664.794  485256           371
           -5664.794  349562           359
           -5664.794  871722           355
           -5664.794  340112           126
           -5664.794  694303           282
           -5664.794  576596           99
           -5664.795  567165           319
           -5664.795  93468            3
           -5664.796  197223           332
           -5664.799  458181           189
           -5664.800  153053           378
           -5664.800  930323           267
           -5664.801  625191           350
           -5664.801  576726           280
           -5664.801  717754           180
           -5664.801  617243           237
           -5664.801  575700           100
           -5664.802  107446           12
           -5664.802  455617           242
           -5664.802  645664           39
           -5664.802  797594           234
           -5664.803  40340            188
           -5664.803  576220           115
           -5664.803  164305           128
           -5664.804  526324           178



THE BEST LOGLIKELIHOOD VALUE HAS BEEN REPLICATED.  RERUN WITH AT LEAST TWICE THE
RANDOM STARTS TO CHECK THAT THE BEST LOGLIKELIHOOD IS STILL OBTAINED AND REPLICATED.


THE MODEL ESTIMATION TERMINATED NORMALLY



MODEL FIT INFORMATION

Number of Free Parameters                       13

Loglikelihood

          H0 Value                       -5664.794
          H0 Scaling Correction Factor      1.9568
            for MLR

Information Criteria

          Akaike (AIC)                   11355.588
          Bayesian (BIC)                 11427.344
          Sample-Size Adjusted BIC       11386.043
            (n* = (n + 2) / 24)

Chi-Square Test of Model Fit for the Binary and Ordered Categorical
(Ordinal) Outcomes**

          Pearson Chi-Square

          Value                           2213.122
          Degrees of Freedom                  2027
          P-Value                           0.0022

          Likelihood Ratio Chi-Square

          Value                            701.778
          Degrees of Freedom                  2027
          P-Value                           1.0000

** Of the 3124 cells in the latent class indicator table, 3
   were deleted in the calculation of chi-square due to extreme values.

Chi-Square Test for MCAR under the Unrestricted Latent Class Indicator Model

          Pearson Chi-Square

          Value                           1769.228
          Degrees of Freedom                  4139
          P-Value                           1.0000

          Likelihood Ratio Chi-Square

          Value                           1291.761
          Degrees of Freedom                  4139
          P-Value                           1.0000



FINAL CLASS COUNTS AND PROPORTIONS FOR THE LATENT CLASSES
BASED ON THE ESTIMATED MODEL

    Latent
   Classes

       1       1176.24225          0.63788
       2        667.75775          0.36212


MODEL RESULTS

                                                    Two-Tailed
                    Estimate       S.E.  Est./S.E.    P-Value

Latent Class 1 (1)

 I        |
    SCGHQK_5           1.000      0.000    999.000    999.000
    SCGHQK_6           1.000      0.000    999.000    999.000
    SCGHQK_7           1.000      0.000    999.000    999.000
    SCGHQK_8           1.000      0.000    999.000    999.000
    SCGHQK_10          1.000      0.000    999.000    999.000

 S        |
    SCGHQK_5           0.000      0.000    999.000    999.000
    SCGHQK_6           1.000      0.000    999.000    999.000
    SCGHQK_7           2.000      0.000    999.000    999.000
    SCGHQK_8           3.000      0.000    999.000    999.000
    SCGHQK_10          5.000      0.000    999.000    999.000

 S        WITH
    I                 -0.360      0.241     -1.491      0.136

 Means
    I                  0.075      0.278      0.271      0.787
    S                 -0.019      0.066     -0.295      0.768

 Thresholds
    SCGHQK_5$1         1.271      0.194      6.558      0.000
    SCGHQK_5$2         3.964      0.234     16.910      0.000
    SCGHQK_5$3         5.702      0.277     20.576      0.000
    SCGHQK_6$1         1.271      0.194      6.558      0.000
    SCGHQK_6$2         3.964      0.234     16.910      0.000
    SCGHQK_6$3         5.702      0.277     20.576      0.000
    SCGHQK_7$1         1.271      0.194      6.558      0.000
    SCGHQK_7$2         3.964      0.234     16.910      0.000
    SCGHQK_7$3         5.702      0.277     20.576      0.000
    SCGHQK_8$1         1.271      0.194      6.558      0.000
    SCGHQK_8$2         3.964      0.234     16.910      0.000
    SCGHQK_8$3         5.702      0.277     20.576      0.000
    SCGHQK_1$1         1.271      0.194      6.558      0.000
    SCGHQK_1$2         3.964      0.234     16.910      0.000
    SCGHQK_1$3         5.702      0.277     20.576      0.000

 Variances
    I                  6.166      1.347      4.577      0.000
    S                  0.118      0.076      1.566      0.117

Latent Class 2 (2)

 I        |
    SCGHQK_5           1.000      0.000    999.000    999.000
    SCGHQK_6           1.000      0.000    999.000    999.000
    SCGHQK_7           1.000      0.000    999.000    999.000
    SCGHQK_8           1.000      0.000    999.000    999.000
    SCGHQK_10          1.000      0.000    999.000    999.000

 S        |
    SCGHQK_5           0.000      0.000    999.000    999.000
    SCGHQK_6           1.000      0.000    999.000    999.000
    SCGHQK_7           2.000      0.000    999.000    999.000
    SCGHQK_8           3.000      0.000    999.000    999.000
    SCGHQK_10          5.000      0.000    999.000    999.000

 S        WITH
    I                 -0.038      0.168     -0.228      0.820

 Means
    I                  0.000      0.000    999.000    999.000
    S                 -0.034      0.058     -0.581      0.561

 Thresholds
    SCGHQK_5$1         1.271      0.194      6.558      0.000
    SCGHQK_5$2         3.964      0.234     16.910      0.000
    SCGHQK_5$3         5.702      0.277     20.576      0.000
    SCGHQK_6$1         1.271      0.194      6.558      0.000
    SCGHQK_6$2         3.964      0.234     16.910      0.000
    SCGHQK_6$3         5.702      0.277     20.576      0.000
    SCGHQK_7$1         1.271      0.194      6.558      0.000
    SCGHQK_7$2         3.964      0.234     16.910      0.000
    SCGHQK_7$3         5.702      0.277     20.576      0.000
    SCGHQK_8$1         1.271      0.194      6.558      0.000
    SCGHQK_8$2         3.964      0.234     16.910      0.000
    SCGHQK_8$3         5.702      0.277     20.576      0.000
    SCGHQK_1$1         1.271      0.194      6.558      0.000
    SCGHQK_1$2         3.964      0.234     16.910      0.000
    SCGHQK_1$3         5.702      0.277     20.576      0.000

 Variances
    I                  4.447      0.923      4.816      0.000
    S                  0.036      0.041      0.881      0.378

Categorical Latent Variables

 Means
    C#1                0.566      0.067      8.501      0.000


STANDARDIZED MODEL RESULTS


STDYX Standardization

                                                    Two-Tailed
                    Estimate       S.E.  Est./S.E.    P-Value

Latent Class 1 (1)

 I        |
    SCGHQK_5           0.808      0.031     26.309      0.000
    SCGHQK_6           0.834      0.046     18.117      0.000
    SCGHQK_7           0.852      0.062     13.638      0.000
    SCGHQK_8           0.859      0.078     11.001      0.000
    SCGHQK_10          0.836      0.105      7.938      0.000

 S        |
    SCGHQK_5           0.000      0.000    999.000    999.000
    SCGHQK_6           0.116      0.035      3.278      0.001
    SCGHQK_7           0.236      0.073      3.241      0.001
    SCGHQK_8           0.357      0.109      3.278      0.001
    SCGHQK_10          0.579      0.161      3.596      0.000

 S        WITH
    I                 -0.421      0.183     -2.302      0.021

 Means
    I                  0.030      0.113      0.268      0.789
    S                 -0.057      0.190     -0.298      0.766

 Thresholds
    SCGHQK_5$1         0.413      0.069      5.956      0.000
    SCGHQK_5$2         1.289      0.106     12.116      0.000
    SCGHQK_5$3         1.854      0.142     13.092      0.000
    SCGHQK_6$1         0.427      0.069      6.148      0.000
    SCGHQK_6$2         1.332      0.097     13.679      0.000
    SCGHQK_6$3         1.916      0.127     15.143      0.000
    SCGHQK_7$1         0.436      0.070      6.254      0.000
    SCGHQK_7$2         1.360      0.092     14.779      0.000
    SCGHQK_7$3         1.957      0.117     16.677      0.000
    SCGHQK_8$1         0.440      0.070      6.247      0.000
    SCGHQK_8$2         1.371      0.093     14.738      0.000
    SCGHQK_8$3         1.972      0.119     16.602      0.000
    SCGHQK_1$1         0.428      0.074      5.803      0.000
    SCGHQK_1$2         1.335      0.120     11.099      0.000
    SCGHQK_1$3         1.920      0.163     11.807      0.000

 Variances
    I                  1.000      0.000    999.000    999.000
    S                  1.000      0.000    999.000    999.000

Latent Class 2 (2)

 I        |
    SCGHQK_5           0.758      0.033     22.654      0.000
    SCGHQK_6           0.760      0.046     16.434      0.000
    SCGHQK_7           0.759      0.059     12.844      0.000
    SCGHQK_8           0.753      0.071     10.600      0.000
    SCGHQK_10          0.734      0.093      7.916      0.000

 S        |
    SCGHQK_5           0.000      0.000    999.000    999.000
    SCGHQK_6           0.069      0.038      1.804      0.071
    SCGHQK_7           0.137      0.076      1.799      0.072
    SCGHQK_8           0.204      0.113      1.809      0.070
    SCGHQK_10          0.332      0.177      1.872      0.061

 S        WITH
    I                 -0.095      0.388     -0.245      0.807

 Means
    I                  0.000      0.000    999.000    999.000
    S                 -0.178      0.304     -0.585      0.559

 Thresholds
    SCGHQK_5$1         0.457      0.059      7.764      0.000
    SCGHQK_5$2         1.425      0.070     20.473      0.000
    SCGHQK_5$3         2.050      0.107     19.244      0.000
    SCGHQK_6$1         0.458      0.061      7.455      0.000
    SCGHQK_6$2         1.429      0.065     21.868      0.000
    SCGHQK_6$3         2.055      0.092     22.322      0.000
    SCGHQK_7$1         0.457      0.065      7.031      0.000
    SCGHQK_7$2         1.426      0.073     19.665      0.000
    SCGHQK_7$3         2.051      0.094     21.731      0.000
    SCGHQK_8$1         0.454      0.069      6.570      0.000
    SCGHQK_8$2         1.416      0.087     16.236      0.000
    SCGHQK_8$3         2.037      0.111     18.361      0.000
    SCGHQK_1$1         0.442      0.078      5.676      0.000
    SCGHQK_1$2         1.379      0.127     10.901      0.000
    SCGHQK_1$3         1.983      0.166     11.971      0.000

 Variances
    I                  1.000      0.000    999.000    999.000
    S                  1.000      0.000    999.000    999.000


R-SQUARE

Class 1

    Observed                                        Two-Tailed
    Variable        Estimate       S.E.  Est./S.E.    P-Value

    SCGHQK_5           0.652      0.050     13.155      0.000
    SCGHQK_6           0.628      0.043     14.692      0.000
    SCGHQK_7           0.613      0.038     16.115      0.000
    SCGHQK_8           0.607      0.039     15.514      0.000
    SCGHQK_1           0.627      0.061     10.346      0.000

Class 2

    Observed                                        Two-Tailed
    Variable        Estimate       S.E.  Est./S.E.    P-Value

    SCGHQK_5           0.575      0.051     11.327      0.000
    SCGHQK_6           0.573      0.040     14.354      0.000
    SCGHQK_7           0.574      0.035     16.311      0.000
    SCGHQK_8           0.580      0.039     15.034      0.000
    SCGHQK_1           0.602      0.060     10.075      0.000


QUALITY OF NUMERICAL RESULTS

     Condition Number for the Information Matrix              0.377E-02
       (ratio of smallest to largest eigenvalue)


     Beginning Time:  09:43:33
        Ending Time:  09:47:37
       Elapsed Time:  00:04:04



MUTHEN & MUTHEN
3463 Stoner Ave.
Los Angeles, CA  90066

Tel: (310) 391-9971
Fax: (310) 391-8971
Web: www.StatModel.com
Support: Support@StatModel.com

Copyright (c) 1998-2019 Muthen & Muthen
