Mplus VERSION 8.3
MUTHEN & MUTHEN
07/30/2020  11:42 AM

INPUT INSTRUCTIONS

  TITLE: Your title goes here

   DATA: FILE = data.dta;

   VARIABLE:

   NAMES = pidp gridmode mm hidp_5 hidp_6 hidp_7 hidp_8 hidp_9 hidp_10 indmode_5
       indmode_6 indmode_7 indmode_8 indmode_9 indmode_10 mode_type_all mode_type_no9
       mode_type_567 mode_type_7 all no9 p567 p7 switch_all switch_no9 switch_567
       switch_7 lkmove_5 xpmove_5 caruse_5 mobuse_5 netpuse_5 aidxhh_5 jbhas_5 j2has_5
       finnow_5 finfut_5 howlng_5 vote1_5 vote6_5 scsf1_5 scsf2a_5 scsf2b_5 scsf3a_5
       scsf3b_5 scsf4a_5 scsf4b_5 scsf5_5 scsf6a_5 scsf6b_5 scsf6c_5 scsf7_5 scghqa_5
       scghqb_5 scghqc_5 scghqd_5 scghqe_5 scghqf_5 scghqg_5 scghqh_5 scghqi_5
       scghqj_5 scghqk_5 scghql_5 lkmove_6 xpmove_6 caruse_6 mobuse_6 netpuse_6
       aidxhh_6 jbhas_6 j2has_6 finnow_6 finfut_6 howlng_6 vote1_6 vote6_6 scsf1_6
       scsf2a_6 scsf2b_6 scsf3a_6 scsf3b_6 scsf4a_6 scsf4b_6 scsf5_6 scsf6a_6 scsf6b_6
       scsf6c_6 scsf7_6 scghqa_6 scghqb_6 scghqc_6 scghqd_6 scghqe_6 scghqf_6 scghqg_6
       scghqh_6 scghqi_6 scghqj_6 scghqk_6 scghql_6 lkmove_7 xpmove_7 caruse_7
       mobuse_7 netpuse_7 smoker_7 aidxhh_7 jbhas_7 jbterm1_7 jbsemp_7 j2has_7
       fiyrdia_7 finnow_7 finfut_7 howlng_7 vote1_7 vote6_7 scsf2a_7 scsf2b_7 scsf3a_7
       scsf3b_7 scsf4a_7 scsf4b_7 scsf5_7 scsf6a_7 scsf6b_7 scsf6c_7 scsf7_7 scghqa_7
       scghqb_7 scghqc_7 scghqd_7 scghqe_7 scghqf_7 scghqg_7 scghqh_7 scghqi_7
       scghqj_7 scghqk_7 scghql_7 scsf1_7 lkmove_8 xpmove_8 caruse_8 mobuse_8
       netpuse_8 smoker_8 aidxhh_8 jbhas_8 jbterm1_8 jbsemp_8 j2has_8 fiyrdia_8
       finnow_8 finfut_8 scsf2a_8 scsf2b_8 scsf3a_8 scsf3b_8 scsf4a_8 scsf4b_8 scsf5_8
       scsf6a_8 scsf6b_8 scsf6c_8 scsf7_8 scghqa_8 scghqb_8 scghqc_8 scghqd_8 scghqe_8
       scghqf_8 scghqg_8 scghqh_8 scghqi_8 scghqj_8 scghqk_8 scghql_8 scsf1_8 mobuse_9
       netpuse_9 smoker_9 jbhas_9 jbterm1_9 jbsemp_9 j2has_9 fiyrdia_9 finnow_9
       finfut_9 lkmove_10 xpmove_10 mobuse_10 netpuse_10 smoker_10 aidxhh_10 jbhas_10
       jbterm1_10 jbsemp_10 j2has_10 fiyrdia_10 finnow_10 finfut_10 scsf1_10 scsf2a_10
       scsf2b_10 scsf3a_10 scsf3b_10 scsf4a_10 scsf4b_10 scsf5_10 scsf6a_10 scsf6b_10
       scsf6c_10 scsf7_10 scghqa_10 scghqb_10 scghqc_10 scghqd_10 scghqe_10 scghqf_10
       scghqg_10 scghqh_10 scghqi_10 scghqj_10 scghqk_10 scghql_10 edu agecat female
       partner sf1 longill london north urban refresh Higher A level GCSE Other age_35
       age_55 age_75 age_102 pred_all pred_no9 pred_p567 pred_p7 pred_all_w pred_no9_w
       pred_p567_w pred_p7_w;

   MISSING=.;

   USEVARIABLES ARE
   howlng_5
   howlng_6
   howlng_7;
   CLASSES = c(2);

    KNOWNCLASS = c(p567= 1 2);
  WEIGHT IS pred_p567_w;

   ANALYSIS:


      TYPE = MIXTURE;

      ESTIMATOR = MLR;

      ALGORITHM = INTEGRATION;

      Processors = 8(starts);

      STARTS = 400 100;

   Model:


      %OVERALL%

  i s | howlng_5@0 howlng_6@1 howlng_7@2;

   %c#1%
  [s] (a); s ;
   s WITH i ;
   i ;


   %c#2%
  [s] (a); s ;
   s WITH i ;
   i ;


   OUTPUT: SAMPSTAT;

                                  STDYX;




*** WARNING
  Data set contains unknown or missing values for variable P567.
  This variable is used to determine the KNOWNCLASS specification.
  Number of such cases:  529
*** WARNING
  Data set contains cases with missing on all variables.
  These cases were not included in the analysis.
  Number of cases with missing on all variables:  13
   2 WARNING(S) FOUND IN THE INPUT INSTRUCTIONS



Your title goes here

SUMMARY OF ANALYSIS

Number of groups                                                 1
Number of observations                                        1515

Number of dependent variables                                    3
Number of independent variables                                  0
Number of continuous latent variables                            2
Number of categorical latent variables                           1

Observed dependent variables

  Continuous
   HOWLNG_5    HOWLNG_6    HOWLNG_7

Continuous latent variables
   I           S

Categorical latent variables
   C

  Knownclass            C

Variables with special functions

  Weight variable       PRED_P56

Estimator                                                      MLR
Information matrix                                        OBSERVED
Optimization Specifications for the Quasi-Newton Algorithm for
Continuous Outcomes
  Maximum number of iterations                                 100
  Convergence criterion                                  0.100D-05
Optimization Specifications for the EM Algorithm
  Maximum number of iterations                                 500
  Convergence criteria
    Loglikelihood change                                 0.100D-02
    Relative loglikelihood change                        0.100D-05
    Derivative                                           0.100D-02
Optimization Specifications for the M step of the EM Algorithm for
Categorical Latent variables
  Number of M step iterations                                    1
  M step convergence criterion                           0.100D-02
  Basis for M step termination                           ITERATION
Optimization Specifications for the M step of the EM Algorithm for
Censored, Binary or Ordered Categorical (Ordinal), Unordered
Categorical (Nominal) and Count Outcomes
  Number of M step iterations                                    1
  M step convergence criterion                           0.100D-02
  Basis for M step termination                           ITERATION
  Maximum value for logit thresholds                            15
  Minimum value for logit thresholds                           -15
  Minimum expected cell size for chi-square              0.100D-01
Maximum number of iterations for H1                           2000
Convergence criterion for H1                             0.100D-03
Optimization algorithm                                         EMA
Integration Specifications
  Type                                                    STANDARD
  Number of integration points                                  15
  Dimensions of numerical integration                            0
  Adaptive quadrature                                           ON
Random Starts Specifications
  Number of initial stage random starts                        400
  Number of final stage optimizations                          100
  Number of initial stage iterations                            10
  Initial stage convergence criterion                    0.100D+01
  Random starts scale                                    0.500D+01
  Random seed for generating random starts                       0
Cholesky                                                       OFF

Input data file(s)
  data.dta
Input data format  FREE


SUMMARY OF DATA

     Number of missing data patterns             7
     Number of y missing data patterns           7
     Number of u missing data patterns           0


COVARIANCE COVERAGE OF DATA

Minimum covariance coverage value   0.100


     PROPORTION OF DATA PRESENT FOR Y


           Covariance Coverage
              HOWLNG_5      HOWLNG_6      HOWLNG_7
              ________      ________      ________
 HOWLNG_5       0.651
 HOWLNG_6       0.541         0.641
 HOWLNG_7       0.450         0.482         0.758


SAMPLE STATISTICS


     ESTIMATED SAMPLE STATISTICS FOR CLASS 1


           Means
              HOWLNG_5      HOWLNG_6      HOWLNG_7
              ________      ________      ________
               11.665        11.033        10.141


           Covariances
              HOWLNG_5      HOWLNG_6      HOWLNG_7
              ________      ________      ________
 HOWLNG_5     131.984
 HOWLNG_6      79.705       101.077
 HOWLNG_7      63.761        63.672        89.187


           Correlations
              HOWLNG_5      HOWLNG_6      HOWLNG_7
              ________      ________      ________
 HOWLNG_5       1.000
 HOWLNG_6       0.690         1.000
 HOWLNG_7       0.588         0.671         1.000


     ESTIMATED SAMPLE STATISTICS FOR CLASS 2


           Means
              HOWLNG_5      HOWLNG_6      HOWLNG_7
              ________      ________      ________
               10.621        11.485         9.873


           Covariances
              HOWLNG_5      HOWLNG_6      HOWLNG_7
              ________      ________      ________
 HOWLNG_5      80.769
 HOWLNG_6      56.364       120.838
 HOWLNG_7      52.534        54.471        86.655


           Correlations
              HOWLNG_5      HOWLNG_6      HOWLNG_7
              ________      ________      ________
 HOWLNG_5       1.000
 HOWLNG_6       0.571         1.000
 HOWLNG_7       0.628         0.532         1.000


UNIVARIATE SAMPLE STATISTICS


     UNIVARIATE HIGHER-ORDER MOMENT DESCRIPTIVE STATISTICS

         Variable/         Mean/     Skewness/   Minimum/ % with                Percentiles
        Sample Size      Variance    Kurtosis    Maximum  Min/Max      20%/60%    40%/80%    Median

     HOWLNG_5             11.495       2.318       0.000    6.49%       3.000      7.000     10.000
             986.000     114.016      10.440     105.000    0.10%      12.000     18.000
     HOWLNG_6             11.430       2.391       0.000    5.87%       3.000      6.000     10.000
             971.000     110.042      14.121     120.000    0.10%      10.000     20.000
     HOWLNG_7             10.125       2.507       0.000    6.70%       3.000      6.000      7.000
            1149.000      89.031      13.169     100.000    0.09%      10.000     15.000

RANDOM STARTS RESULTS RANKED FROM THE BEST TO THE WORST LOGLIKELIHOOD VALUES

Final stage loglikelihood values at local maxima, seeds, and initial stage start numbers:

          -13772.321  23012            352
          -13772.321  407108           366
          -13772.321  210870           383
          -13772.321  193847           354
          -13772.321  15715            274
          -13772.321  667250           318
          -13772.321  851945           18
          -13772.321  801717           364
          -13772.321  66276            217
          -13772.321  443442           380
          -13772.321  220454           288
          -13772.321  609089           241
          -13772.321  931874           141
          -13772.321  754100           56
          -13772.321  57226            208
          -13772.321  301180           236
          -13772.321  246261           38
          -13772.321  146900           391
          -13772.321  344422           296
          -13772.321  132336           362
          -13772.321  626087           314
          -13772.321  156536           245
          -13772.321  190339           102
          -13772.321  443917           60
          -13772.321  197223           332
          -13772.321  462953           7
          -13772.321  679832           302
          -13772.321  963053           43
          -13772.321  185071           370
          -13772.321  284109           82
          -13772.321  81117            305
          -13772.321  476498           179
          -13772.321  321390           133
          -13772.321  418686           338
          -13772.321  51375            148
          -13772.321  285380           1
          -13772.321  370466           41
          -13772.321  318230           46
          -13772.321  27071            15
          -13772.321  89970            223
          -13772.321  783110           72
          -13772.321  950604           172
          -13772.321  260601           36
          -13772.321  761633           50
          -13772.321  850840           232
          -13772.321  848163           47
          -13772.321  507154           387
          -13772.321  635245           121
          -13772.321  592219           119
          -13772.321  392418           28
          -13772.321  79945            395
          -13772.321  21132            351
          -13772.321  724519           333
          -13772.321  211281           292
          -13772.321  319144           176
          -13772.321  192071           142
          -13772.321  636396           168
          -13772.321  17359            227
          -13772.321  499150           216
          -13772.321  509733           130
          -13772.321  82357            339
          -13772.321  849670           347
          -13772.321  436460           89
          -13772.321  970689           266
          -13772.321  264081           186
          -13772.321  391179           78
          -13772.321  695155           150
          -13772.321  748692           204
          -13772.321  863094           147
          -13772.321  798839           312
          -13772.321  722748           346
          -13772.321  392407           221
          -13772.321  43523            297
          -13772.321  286735           175
          -13772.321  340112           126
          -13772.321  804660           260
          -13772.321  unperturbed      0
          -13772.321  928287           197
          -13772.321  464179           106
          -13772.321  821011           161
          -13772.321  246575           291
          -13772.321  405079           68
          -13772.321  263268           165
          -13772.321  268217           83
          -13772.321  358488           264
          -13772.321  544048           87
          -13772.321  913639           162
          -13772.321  105435           265
          -13772.321  871851           257
          -13772.321  456213           160
          -13772.321  618000           190
          -13772.321  848890           95
          -13772.321  723775           97
          -13772.321  354559           73
          -13772.321  642909           251
          -13772.321  85462            51
          -13772.321  371246           101
          -13772.321  342019           301
          -13772.321  606576           151
          -13772.321  36714            201



THE BEST LOGLIKELIHOOD VALUE HAS BEEN REPLICATED.  RERUN WITH AT LEAST TWICE THE
RANDOM STARTS TO CHECK THAT THE BEST LOGLIKELIHOOD IS STILL OBTAINED AND REPLICATED.


THE MODEL ESTIMATION TERMINATED NORMALLY



MODEL FIT INFORMATION

Number of Free Parameters                       13

Loglikelihood

          H0 Value                      -13772.321
          H0 Scaling Correction Factor      6.3885
            for MLR

Information Criteria

          Akaike (AIC)                   27570.643
          Bayesian (BIC)                 27639.844
          Sample-Size Adjusted BIC       27598.547
            (n* = (n + 2) / 24)



FINAL CLASS COUNTS AND PROPORTIONS FOR THE LATENT CLASSES
BASED ON THE ESTIMATED MODEL

    Latent
   Classes

       1        991.52592          0.65447
       2        523.47408          0.34553


MODEL RESULTS

                                                    Two-Tailed
                    Estimate       S.E.  Est./S.E.    P-Value

Latent Class 1 (1)

 I        |
    HOWLNG_5           1.000      0.000    999.000    999.000
    HOWLNG_6           1.000      0.000    999.000    999.000
    HOWLNG_7           1.000      0.000    999.000    999.000

 S        |
    HOWLNG_5           0.000      0.000    999.000    999.000
    HOWLNG_6           1.000      0.000    999.000    999.000
    HOWLNG_7           2.000      0.000    999.000    999.000

 S        WITH
    I                -20.077      7.396     -2.715      0.007

 Means
    I                 11.491      0.405     28.351      0.000
    S                 -0.583      0.163     -3.573      0.000

 Intercepts
    HOWLNG_5           0.000      0.000    999.000    999.000
    HOWLNG_6           0.000      0.000    999.000    999.000
    HOWLNG_7           0.000      0.000    999.000    999.000

 Variances
    I                101.626     15.851      6.411      0.000
    S                  9.158      4.326      2.117      0.034

 Residual Variances
    HOWLNG_5          27.817      7.694      3.616      0.000
    HOWLNG_6          44.249     14.398      3.073      0.002
    HOWLNG_7          28.843      9.071      3.180      0.001

Latent Class 2 (2)

 I        |
    HOWLNG_5           1.000      0.000    999.000    999.000
    HOWLNG_6           1.000      0.000    999.000    999.000
    HOWLNG_7           1.000      0.000    999.000    999.000

 S        |
    HOWLNG_5           0.000      0.000    999.000    999.000
    HOWLNG_6           1.000      0.000    999.000    999.000
    HOWLNG_7           2.000      0.000    999.000    999.000

 S        WITH
    I                 -0.490      5.077     -0.097      0.923

 Means
    I                 11.135      0.459     24.274      0.000
    S                 -0.583      0.163     -3.573      0.000

 Intercepts
    HOWLNG_5           0.000      0.000    999.000    999.000
    HOWLNG_6           0.000      0.000    999.000    999.000
    HOWLNG_7           0.000      0.000    999.000    999.000

 Variances
    I                 56.651      8.518      6.651      0.000
    S                  1.404      4.352      0.323      0.747

 Residual Variances
    HOWLNG_5          27.817      7.694      3.616      0.000
    HOWLNG_6          44.249     14.398      3.073      0.002
    HOWLNG_7          28.843      9.071      3.180      0.001

Categorical Latent Variables

 Means
    C#1                0.639      0.063     10.074      0.000


STANDARDIZED MODEL RESULTS


STDYX Standardization

                                                    Two-Tailed
                    Estimate       S.E.  Est./S.E.    P-Value

Latent Class 1 (1)

 I        |
    HOWLNG_5           0.886      0.031     28.777      0.000
    HOWLNG_6           0.941      0.072     13.064      0.000
    HOWLNG_7           1.082      0.120      9.048      0.000

 S        |
    HOWLNG_5           0.000      0.000    999.000    999.000
    HOWLNG_6           0.282      0.068      4.149      0.000
    HOWLNG_7           0.650      0.169      3.848      0.000

 S        WITH
    I                 -0.658      0.127     -5.167      0.000

 Means
    I                  1.140      0.079     14.380      0.000
    S                 -0.193      0.063     -3.083      0.002

 Intercepts
    HOWLNG_5           0.000      0.000    999.000    999.000
    HOWLNG_6           0.000      0.000    999.000    999.000
    HOWLNG_7           0.000      0.000    999.000    999.000

 Variances
    I                  1.000      0.000    999.000    999.000
    S                  1.000      0.000    999.000    999.000

 Residual Variances
    HOWLNG_5           0.215      0.055      3.939      0.000
    HOWLNG_6           0.385      0.086      4.481      0.000
    HOWLNG_7           0.332      0.097      3.428      0.001

Latent Class 2 (2)

 I        |
    HOWLNG_5           0.819      0.049     16.767      0.000
    HOWLNG_6           0.748      0.065     11.419      0.000
    HOWLNG_7           0.797      0.079     10.106      0.000

 S        |
    HOWLNG_5           0.000      0.000    999.000    999.000
    HOWLNG_6           0.118      0.183      0.643      0.520
    HOWLNG_7           0.251      0.390      0.644      0.520

 S        WITH
    I                 -0.055      0.507     -0.108      0.914

 Means
    I                  1.479      0.103     14.324      0.000
    S                 -0.492      0.769     -0.640      0.522

 Intercepts
    HOWLNG_5           0.000      0.000    999.000    999.000
    HOWLNG_6           0.000      0.000    999.000    999.000
    HOWLNG_7           0.000      0.000    999.000    999.000

 Variances
    I                  1.000      0.000    999.000    999.000
    S                  1.000      0.000    999.000    999.000

 Residual Variances
    HOWLNG_5           0.329      0.080      4.116      0.000
    HOWLNG_6           0.437      0.094      4.654      0.000
    HOWLNG_7           0.324      0.097      3.327      0.001


R-SQUARE

Class 1

    Observed                                        Two-Tailed
    Variable        Estimate       S.E.  Est./S.E.    P-Value

    HOWLNG_5           0.785      0.055     14.389      0.000
    HOWLNG_6           0.615      0.086      7.153      0.000
    HOWLNG_7           0.668      0.097      6.888      0.000

Class 2

    Observed                                        Two-Tailed
    Variable        Estimate       S.E.  Est./S.E.    P-Value

    HOWLNG_5           0.671      0.080      8.383      0.000
    HOWLNG_6           0.563      0.094      6.003      0.000
    HOWLNG_7           0.676      0.097      6.956      0.000


QUALITY OF NUMERICAL RESULTS

     Condition Number for the Information Matrix              0.473E-04
       (ratio of smallest to largest eigenvalue)


     Beginning Time:  11:42:11
        Ending Time:  11:42:25
       Elapsed Time:  00:00:14



MUTHEN & MUTHEN
3463 Stoner Ave.
Los Angeles, CA  90066

Tel: (310) 391-9971
Fax: (310) 391-8971
Web: www.StatModel.com
Support: Support@StatModel.com

Copyright (c) 1998-2019 Muthen & Muthen
