Mplus VERSION 8.3
MUTHEN & MUTHEN
02/29/2020   2:51 AM

INPUT INSTRUCTIONS

  TITLE: Your title goes here

   DATA: FILE = data.dta;

   VARIABLE:

   NAMES = pidp gridmode mm hidp_5 hidp_6 hidp_7 hidp_8 hidp_9 hidp_10 indmode_5
       indmode_6 indmode_7 indmode_8 indmode_9 indmode_10 mode_type_all mode_type_no9
       mode_type_567 mode_type_7 all no9 p567 p7 switch_all switch_no9 switch_567
       switch_7 lkmove_5 xpmove_5 caruse_5 mobuse_5 netpuse_5 aidxhh_5 jbhas_5 j2has_5
       finnow_5 finfut_5 howlng_5 vote1_5 vote6_5 scsf1_5 scsf2a_5 scsf2b_5 scsf3a_5
       scsf3b_5 scsf4a_5 scsf4b_5 scsf5_5 scsf6a_5 scsf6b_5 scsf6c_5 scsf7_5 scghqa_5
       scghqb_5 scghqc_5 scghqd_5 scghqe_5 scghqf_5 scghqg_5 scghqh_5 scghqi_5
       scghqj_5 scghqk_5 scghql_5 lkmove_6 xpmove_6 caruse_6 mobuse_6 netpuse_6
       aidxhh_6 jbhas_6 j2has_6 finnow_6 finfut_6 howlng_6 vote1_6 vote6_6 scsf1_6
       scsf2a_6 scsf2b_6 scsf3a_6 scsf3b_6 scsf4a_6 scsf4b_6 scsf5_6 scsf6a_6 scsf6b_6
       scsf6c_6 scsf7_6 scghqa_6 scghqb_6 scghqc_6 scghqd_6 scghqe_6 scghqf_6 scghqg_6
       scghqh_6 scghqi_6 scghqj_6 scghqk_6 scghql_6 lkmove_7 xpmove_7 caruse_7
       mobuse_7 netpuse_7 smoker_7 aidxhh_7 jbhas_7 jbterm1_7 jbsemp_7 j2has_7
       fiyrdia_7 finnow_7 finfut_7 howlng_7 vote1_7 vote6_7 scsf2a_7 scsf2b_7 scsf3a_7
       scsf3b_7 scsf4a_7 scsf4b_7 scsf5_7 scsf6a_7 scsf6b_7 scsf6c_7 scsf7_7 scghqa_7
       scghqb_7 scghqc_7 scghqd_7 scghqe_7 scghqf_7 scghqg_7 scghqh_7 scghqi_7
       scghqj_7 scghqk_7 scghql_7 scsf1_7 lkmove_8 xpmove_8 caruse_8 mobuse_8
       netpuse_8 smoker_8 aidxhh_8 jbhas_8 jbterm1_8 jbsemp_8 j2has_8 fiyrdia_8
       finnow_8 finfut_8 scsf2a_8 scsf2b_8 scsf3a_8 scsf3b_8 scsf4a_8 scsf4b_8 scsf5_8
       scsf6a_8 scsf6b_8 scsf6c_8 scsf7_8 scghqa_8 scghqb_8 scghqc_8 scghqd_8 scghqe_8
       scghqf_8 scghqg_8 scghqh_8 scghqi_8 scghqj_8 scghqk_8 scghql_8 scsf1_8 mobuse_9
       netpuse_9 smoker_9 jbhas_9 jbterm1_9 jbsemp_9 j2has_9 fiyrdia_9 finnow_9
       finfut_9 lkmove_10 xpmove_10 mobuse_10 netpuse_10 smoker_10 aidxhh_10 jbhas_10
       jbterm1_10 jbsemp_10 j2has_10 fiyrdia_10 finnow_10 finfut_10 scsf1_10 scsf2a_10
       scsf2b_10 scsf3a_10 scsf3b_10 scsf4a_10 scsf4b_10 scsf5_10 scsf6a_10 scsf6b_10
       scsf6c_10 scsf7_10 scghqa_10 scghqb_10 scghqc_10 scghqd_10 scghqe_10 scghqf_10
       scghqg_10 scghqh_10 scghqi_10 scghqj_10 scghqk_10 scghql_10 edu agecat female
       partner sf1 longill london north urban refresh Higher A level GCSE Other age_35
       age_55 age_75 age_102 pred_all pred_no9 pred_p567 pred_p7 pred_all_w pred_no9_w
       pred_p567_w pred_p7_w;

   MISSING=.;

   USEVARIABLES ARE
   scghqj_5
   scghqj_6
   scghqj_7
   scghqj_8
   scghqj_10;

   CATEGORICAL ARE
   scghqj_5
   scghqj_6
   scghqj_7
   scghqj_8
   scghqj_10;
   CLASSES = c(2);

    KNOWNCLASS = c(mm= 1 2);

   ANALYSIS:


      TYPE = MIXTURE;

      ESTIMATOR = MLR;

      ALGORITHM = INTEGRATION;

      Processors = 8(starts);

      STARTS = 400 100;

   Model:


      %OVERALL%

  i s | scghqj_5@0 scghqj_6@1 scghqj_7@2 scghqj_8@3 scghqj_10@5;

   %c#1%
  [s] ;
   s ;
   s WITH i ;
   i ;

   %c#2%
  [s] ;
   s ;
   s WITH i ;
   i ;

   OUTPUT: SAMPSTAT;

                                  STDYX;




*** WARNING in VARIABLE command
  Note that only the first 8 characters of variable names are used in the output.
  Shorten variable names to avoid any confusion.
*** WARNING
  Data set contains unknown or missing values for variable MM.
  This variable is used to determine the KNOWNCLASS specification.
  Number of such cases:  458
*** WARNING
  Data set contains cases with missing on all variables.
  These cases were not included in the analysis.
  Number of cases with missing on all variables:  164
   3 WARNING(S) FOUND IN THE INPUT INSTRUCTIONS



Your title goes here

SUMMARY OF ANALYSIS

Number of groups                                                 1
Number of observations                                        1435

Number of dependent variables                                    5
Number of independent variables                                  0
Number of continuous latent variables                            2
Number of categorical latent variables                           1

Observed dependent variables

  Binary and ordered categorical (ordinal)
   SCGHQJ_5    SCGHQJ_6    SCGHQJ_7    SCGHQJ_8    SCGHQJ_1

Continuous latent variables
   I           S

Categorical latent variables
   C

  Knownclass            C


Estimator                                                      MLR
Information matrix                                        OBSERVED
Optimization Specifications for the Quasi-Newton Algorithm for
Continuous Outcomes
  Maximum number of iterations                                 100
  Convergence criterion                                  0.100D-05
Optimization Specifications for the EM Algorithm
  Maximum number of iterations                                 500
  Convergence criteria
    Loglikelihood change                                 0.100D-02
    Relative loglikelihood change                        0.100D-05
    Derivative                                           0.100D-02
Optimization Specifications for the M step of the EM Algorithm for
Categorical Latent variables
  Number of M step iterations                                    1
  M step convergence criterion                           0.100D-02
  Basis for M step termination                           ITERATION
Optimization Specifications for the M step of the EM Algorithm for
Censored, Binary or Ordered Categorical (Ordinal), Unordered
Categorical (Nominal) and Count Outcomes
  Number of M step iterations                                    1
  M step convergence criterion                           0.100D-02
  Basis for M step termination                           ITERATION
  Maximum value for logit thresholds                            15
  Minimum value for logit thresholds                           -15
  Minimum expected cell size for chi-square              0.100D-01
Maximum number of iterations for H1                           2000
Convergence criterion for H1                             0.100D-03
Optimization algorithm                                         EMA
Integration Specifications
  Type                                                    STANDARD
  Number of integration points                                  15
  Dimensions of numerical integration                            2
  Adaptive quadrature                                           ON
Random Starts Specifications
  Number of initial stage random starts                        400
  Number of final stage optimizations                          100
  Number of initial stage iterations                            10
  Initial stage convergence criterion                    0.100D+01
  Random starts scale                                    0.500D+01
  Random seed for generating random starts                       0
Link                                                         LOGIT
Cholesky                                                        ON

Input data file(s)
  data.dta
Input data format  FREE


SUMMARY OF DATA

     Number of missing data patterns            31
     Number of y missing data patterns           0
     Number of u missing data patterns          31


COVARIANCE COVERAGE OF DATA

Minimum covariance coverage value   0.100


     PROPORTION OF DATA PRESENT FOR U


           Covariance Coverage
              SCGHQJ_5      SCGHQJ_6      SCGHQJ_7      SCGHQJ_8      SCGHQJ_1
              ________      ________      ________      ________      ________
 SCGHQJ_5       0.497
 SCGHQJ_6       0.376         0.589
 SCGHQJ_7       0.341         0.436         0.647
 SCGHQJ_8       0.323         0.419         0.502         0.633
 SCGHQJ_1       0.288         0.370         0.433         0.478         0.585


UNIVARIATE PROPORTIONS AND COUNTS FOR CATEGORICAL VARIABLES

    SCGHQJ_5
      Category 1    0.436          311.000
      Category 2    0.415          296.000
      Category 3    0.114           81.000
      Category 4    0.035           25.000
    SCGHQJ_6
      Category 1    0.413          349.000
      Category 2    0.424          358.000
      Category 3    0.135          114.000
      Category 4    0.028           24.000
    SCGHQJ_7
      Category 1    0.490          455.000
      Category 2    0.383          355.000
      Category 3    0.096           89.000
      Category 4    0.031           29.000
    SCGHQJ_8
      Category 1    0.480          436.000
      Category 2    0.382          347.000
      Category 3    0.112          102.000
      Category 4    0.026           24.000
    SCGHQJ_1
      Category 1    0.435          365.000
      Category 2    0.421          354.000
      Category 3    0.101           85.000
      Category 4    0.043           36.000


SAMPLE STATISTICS

RANDOM STARTS RESULTS RANKED FROM THE BEST TO THE WORST LOGLIKELIHOOD VALUES

Final stage loglikelihood values at local maxima, seeds, and initial stage start numbers:

           -5123.062  830570           369
           -5123.062  674171           195
           -5123.062  644297           340
           -5123.062  856536           144
           -5123.062  123985           248
           -5123.062  691234           250
           -5123.062  416250           390
           -5123.062  695155           150
           -5123.062  197223           332
           -5123.062  626891           32
           -5123.062  857799           315
           -5123.062  595153           230
           -5123.062  609089           241
           -5123.062  804561           59
           -5123.062  797594           234
           -5123.062  321390           133
           -5123.062  484687           306
           -5123.062  414284           158
           -5123.062  215353           164
           -5123.062  970689           266
           -5123.062  259507           53
           -5123.062  545140           278
           -5123.062  85462            51
           -5123.062  561664           392
           -5123.062  701525           239
           -5123.062  621542           375
           -5123.062  576596           99
           -5123.062  567165           319
           -5123.062  609185           181
           -5123.062  438144           271
           -5123.062  391949           295
           -5123.062  749453           33
           -5123.062  319144           176
           -5123.062  377504           294
           -5123.062  414828           322
           -5123.062  267983           228
           -5123.062  650371           14
           -5123.062  991329           182
           -5123.062  694303           282
           -5123.062  49221            254
           -5123.062  354208           196
           -5123.062  930872           277
           -5123.062  407168           44
           -5123.062  529455           268
           -5123.062  25127            107
           -5123.062  349562           359
           -5123.062  569833           85
           -5123.062  488125           368
           -5123.062  967237           48
           -5123.062  383986           159
           -5123.062  728038           177
           -5123.062  963053           43
           -5123.062  358488           264
           -5123.062  372176           23
           -5123.062  404426           344
           -5123.062  535063           329
           -5123.062  715561           125
           -5123.062  422103           62
           -5123.062  570908           98
           -5123.062  418686           338
           -5123.062  576220           115
           -5123.062  602797           336
           -5123.062  436460           89
           -5123.062  783110           72
           -5123.062  364676           27
           -5123.062  227563           63
           -5123.062  926283           269
           -5123.062  360419           356
           -5123.062  76451            211
           -5123.062  836066           372
           -5123.062  21345            199
           -5123.062  unperturbed      0
           -5123.062  311214           64
           -5123.062  717754           180
           -5123.062  950604           172
           -5123.062  794236           127
           -5123.062  608849           224
           -5123.062  939709           112
           -5123.062  232559           136
           -5123.062  93468            3
           -5123.062  374219           353
           -5123.062  760878           249
           -5123.062  645664           39
           -5123.062  485256           371
           -5123.062  791396           243
           -5123.062  281462           285
           -5123.062  471398           74
           -5123.062  153053           378
           -5123.062  350608           334
           -5123.062  992389           77
           -5123.062  232226           235
           -5123.062  164305           128
           -5123.062  526324           178
           -5123.062  669634           335
           -5123.063  965994           396
           -5123.065  415931           10
           -5123.068  931874           141
           -5123.068  285380           1
           -5123.068  960438           116
           -5125.967  292884           103



THE BEST LOGLIKELIHOOD VALUE HAS BEEN REPLICATED.  RERUN WITH AT LEAST TWICE THE
RANDOM STARTS TO CHECK THAT THE BEST LOGLIKELIHOOD IS STILL OBTAINED AND REPLICATED.


THE MODEL ESTIMATION TERMINATED NORMALLY



MODEL FIT INFORMATION

Number of Free Parameters                       13

Loglikelihood

          H0 Value                       -5123.062
          H0 Scaling Correction Factor      1.0993
            for MLR

Information Criteria

          Akaike (AIC)                   10272.124
          Bayesian (BIC)                 10340.620
          Sample-Size Adjusted BIC       10299.324
            (n* = (n + 2) / 24)

Chi-Square Test of Model Fit for the Binary and Ordered Categorical
(Ordinal) Outcomes**

          Pearson Chi-Square

          Value                           2073.455
          Degrees of Freedom                  2019
          P-Value                           0.1949

          Likelihood Ratio Chi-Square

          Value                            512.377
          Degrees of Freedom                  2019
          P-Value                           1.0000

** Of the 3124 cells in the latent class indicator table, 9
   were deleted in the calculation of chi-square due to extreme values.

Chi-Square Test for MCAR under the Unrestricted Latent Class Indicator Model

          Pearson Chi-Square

          Value                           1489.657
          Degrees of Freedom                  4139
          P-Value                           1.0000

          Likelihood Ratio Chi-Square

          Value                           1054.833
          Degrees of Freedom                  4139
          P-Value                           1.0000



FINAL CLASS COUNTS AND PROPORTIONS FOR THE LATENT CLASSES
BASED ON THE ESTIMATED MODEL

    Latent
   Classes

       1        842.00000          0.58676
       2        593.00000          0.41324


MODEL RESULTS

                                                    Two-Tailed
                    Estimate       S.E.  Est./S.E.    P-Value

Latent Class 1 (1)

 I        |
    SCGHQJ_5           1.000      0.000    999.000    999.000
    SCGHQJ_6           1.000      0.000    999.000    999.000
    SCGHQJ_7           1.000      0.000    999.000    999.000
    SCGHQJ_8           1.000      0.000    999.000    999.000
    SCGHQJ_10          1.000      0.000    999.000    999.000

 S        |
    SCGHQJ_5           0.000      0.000    999.000    999.000
    SCGHQJ_6           1.000      0.000    999.000    999.000
    SCGHQJ_7           2.000      0.000    999.000    999.000
    SCGHQJ_8           3.000      0.000    999.000    999.000
    SCGHQJ_10          5.000      0.000    999.000    999.000

 S        WITH
    I                 -0.138      0.128     -1.077      0.282

 Means
    I                  0.420      0.203      2.071      0.038
    S                 -0.036      0.031     -1.149      0.250

 Thresholds
    SCGHQJ_5$1        -0.080      0.170     -0.470      0.638
    SCGHQJ_5$2         3.149      0.196     16.051      0.000
    SCGHQJ_5$3         5.330      0.228     23.385      0.000
    SCGHQJ_6$1        -0.080      0.170     -0.470      0.638
    SCGHQJ_6$2         3.149      0.196     16.051      0.000
    SCGHQJ_6$3         5.330      0.228     23.385      0.000
    SCGHQJ_7$1        -0.080      0.170     -0.470      0.638
    SCGHQJ_7$2         3.149      0.196     16.051      0.000
    SCGHQJ_7$3         5.330      0.228     23.385      0.000
    SCGHQJ_8$1        -0.080      0.170     -0.470      0.638
    SCGHQJ_8$2         3.149      0.196     16.051      0.000
    SCGHQJ_8$3         5.330      0.228     23.385      0.000
    SCGHQJ_1$1        -0.080      0.170     -0.470      0.638
    SCGHQJ_1$2         3.149      0.196     16.051      0.000
    SCGHQJ_1$3         5.330      0.228     23.385      0.000

 Variances
    I                  4.658      0.684      6.807      0.000
    S                  0.077      0.039      1.988      0.047

Latent Class 2 (2)

 I        |
    SCGHQJ_5           1.000      0.000    999.000    999.000
    SCGHQJ_6           1.000      0.000    999.000    999.000
    SCGHQJ_7           1.000      0.000    999.000    999.000
    SCGHQJ_8           1.000      0.000    999.000    999.000
    SCGHQJ_10          1.000      0.000    999.000    999.000

 S        |
    SCGHQJ_5           0.000      0.000    999.000    999.000
    SCGHQJ_6           1.000      0.000    999.000    999.000
    SCGHQJ_7           2.000      0.000    999.000    999.000
    SCGHQJ_8           3.000      0.000    999.000    999.000
    SCGHQJ_10          5.000      0.000    999.000    999.000

 S        WITH
    I                 -0.500      0.250     -1.995      0.046

 Means
    I                  0.000      0.000    999.000    999.000
    S                  0.040      0.049      0.830      0.407

 Thresholds
    SCGHQJ_5$1        -0.080      0.170     -0.470      0.638
    SCGHQJ_5$2         3.149      0.196     16.051      0.000
    SCGHQJ_5$3         5.330      0.228     23.385      0.000
    SCGHQJ_6$1        -0.080      0.170     -0.470      0.638
    SCGHQJ_6$2         3.149      0.196     16.051      0.000
    SCGHQJ_6$3         5.330      0.228     23.385      0.000
    SCGHQJ_7$1        -0.080      0.170     -0.470      0.638
    SCGHQJ_7$2         3.149      0.196     16.051      0.000
    SCGHQJ_7$3         5.330      0.228     23.385      0.000
    SCGHQJ_8$1        -0.080      0.170     -0.470      0.638
    SCGHQJ_8$2         3.149      0.196     16.051      0.000
    SCGHQJ_8$3         5.330      0.228     23.385      0.000
    SCGHQJ_1$1        -0.080      0.170     -0.470      0.638
    SCGHQJ_1$2         3.149      0.196     16.051      0.000
    SCGHQJ_1$3         5.330      0.228     23.385      0.000

 Variances
    I                  5.712      1.111      5.142      0.000
    S                  0.154      0.086      1.790      0.073

Categorical Latent Variables

 Means
    C#1                0.351      0.054      6.540      0.000


STANDARDIZED MODEL RESULTS


STDYX Standardization

                                                    Two-Tailed
                    Estimate       S.E.  Est./S.E.    P-Value

Latent Class 1 (1)

 I        |
    SCGHQJ_5           0.766      0.023     32.888      0.000
    SCGHQJ_6           0.775      0.033     23.722      0.000
    SCGHQJ_7           0.778      0.042     18.666      0.000
    SCGHQJ_8           0.772      0.049     15.647      0.000
    SCGHQJ_10          0.741      0.061     12.143      0.000

 S        |
    SCGHQJ_5           0.000      0.000    999.000    999.000
    SCGHQJ_6           0.100      0.024      4.175      0.000
    SCGHQJ_7           0.200      0.048      4.135      0.000
    SCGHQJ_8           0.298      0.071      4.165      0.000
    SCGHQJ_10          0.476      0.107      4.430      0.000

 S        WITH
    I                 -0.231      0.172     -1.346      0.178

 Means
    I                  0.195      0.096      2.025      0.043
    S                 -0.129      0.115     -1.126      0.260

 Thresholds
    SCGHQJ_5$1        -0.028      0.060     -0.470      0.638
    SCGHQJ_5$2         1.117      0.074     15.040      0.000
    SCGHQJ_5$3         1.891      0.096     19.774      0.000
    SCGHQJ_6$1        -0.029      0.061     -0.470      0.638
    SCGHQJ_6$2         1.131      0.071     16.033      0.000
    SCGHQJ_6$3         1.915      0.086     22.182      0.000
    SCGHQJ_7$1        -0.029      0.061     -0.470      0.638
    SCGHQJ_7$2         1.135      0.069     16.404      0.000
    SCGHQJ_7$3         1.921      0.083     23.147      0.000
    SCGHQJ_8$1        -0.029      0.061     -0.470      0.638
    SCGHQJ_8$2         1.127      0.070     16.103      0.000
    SCGHQJ_8$3         1.907      0.086     22.266      0.000
    SCGHQJ_1$1        -0.027      0.058     -0.470      0.638
    SCGHQJ_1$2         1.081      0.078     13.910      0.000
    SCGHQJ_1$3         1.830      0.106     17.270      0.000

 Variances
    I                  1.000      0.000    999.000    999.000
    S                  1.000      0.000    999.000    999.000

Latent Class 2 (2)

 I        |
    SCGHQJ_5           0.797      0.028     28.139      0.000
    SCGHQJ_6           0.837      0.045     18.528      0.000
    SCGHQJ_7           0.866      0.062     14.022      0.000
    SCGHQJ_8           0.879      0.075     11.715      0.000
    SCGHQJ_10          0.853      0.093      9.183      0.000

 S        |
    SCGHQJ_5           0.000      0.000    999.000    999.000
    SCGHQJ_6           0.137      0.036      3.787      0.000
    SCGHQJ_7           0.284      0.077      3.679      0.000
    SCGHQJ_8           0.433      0.117      3.700      0.000
    SCGHQJ_10          0.700      0.168      4.175      0.000

 S        WITH
    I                 -0.532      0.124     -4.290      0.000

 Means
    I                  0.000      0.000    999.000    999.000
    S                  0.103      0.128      0.805      0.421

 Thresholds
    SCGHQJ_5$1        -0.027      0.057     -0.466      0.641
    SCGHQJ_5$2         1.049      0.066     15.930      0.000
    SCGHQJ_5$3         1.777      0.095     18.733      0.000
    SCGHQJ_6$1        -0.028      0.060     -0.467      0.641
    SCGHQJ_6$2         1.102      0.062     17.783      0.000
    SCGHQJ_6$3         1.866      0.080     23.448      0.000
    SCGHQJ_7$1        -0.029      0.062     -0.468      0.640
    SCGHQJ_7$2         1.141      0.064     17.861      0.000
    SCGHQJ_7$3         1.931      0.076     25.461      0.000
    SCGHQJ_8$1        -0.029      0.063     -0.469      0.639
    SCGHQJ_8$2         1.158      0.070     16.473      0.000
    SCGHQJ_8$3         1.961      0.085     23.062      0.000
    SCGHQJ_1$1        -0.029      0.060     -0.471      0.638
    SCGHQJ_1$2         1.123      0.097     11.581      0.000
    SCGHQJ_1$3         1.901      0.140     13.562      0.000

 Variances
    I                  1.000      0.000    999.000    999.000
    S                  1.000      0.000    999.000    999.000


R-SQUARE

Class 1

    Observed                                        Two-Tailed
    Variable        Estimate       S.E.  Est./S.E.    P-Value

    SCGHQJ_5           0.586      0.036     16.444      0.000
    SCGHQJ_6           0.575      0.029     20.065      0.000
    SCGHQJ_7           0.573      0.025     22.525      0.000
    SCGHQJ_8           0.579      0.027     21.145      0.000
    SCGHQJ_1           0.612      0.040     15.154      0.000

Class 2

    Observed                                        Two-Tailed
    Variable        Estimate       S.E.  Est./S.E.    P-Value

    SCGHQJ_5           0.635      0.045     14.069      0.000
    SCGHQJ_6           0.597      0.037     15.919      0.000
    SCGHQJ_7           0.568      0.032     17.991      0.000
    SCGHQJ_8           0.555      0.032     17.376      0.000
    SCGHQJ_1           0.581      0.058     10.091      0.000


QUALITY OF NUMERICAL RESULTS

     Condition Number for the Information Matrix              0.366E-02
       (ratio of smallest to largest eigenvalue)


     Beginning Time:  02:51:11
        Ending Time:  02:54:44
       Elapsed Time:  00:03:33



MUTHEN & MUTHEN
3463 Stoner Ave.
Los Angeles, CA  90066

Tel: (310) 391-9971
Fax: (310) 391-8971
Web: www.StatModel.com
Support: Support@StatModel.com

Copyright (c) 1998-2019 Muthen & Muthen
