Mplus VERSION 8.3
MUTHEN & MUTHEN
06/22/2020   9:46 AM

INPUT INSTRUCTIONS

  TITLE: Your title goes here

   DATA: FILE = data.dta;

   VARIABLE:

   NAMES = pidp gridmode mm hidp_5 hidp_6 hidp_7 hidp_8 hidp_9 hidp_10 indmode_5
       indmode_6 indmode_7 indmode_8 indmode_9 indmode_10 mode_type_all mode_type_no9
       mode_type_567 mode_type_7 all no9 p567 p7 switch_all switch_no9 switch_567
       switch_7 lkmove_5 xpmove_5 caruse_5 mobuse_5 netpuse_5 aidxhh_5 jbhas_5 j2has_5
       finnow_5 finfut_5 howlng_5 vote1_5 vote6_5 scsf1_5 scsf2a_5 scsf2b_5 scsf3a_5
       scsf3b_5 scsf4a_5 scsf4b_5 scsf5_5 scsf6a_5 scsf6b_5 scsf6c_5 scsf7_5 scghqa_5
       scghqb_5 scghqc_5 scghqd_5 scghqe_5 scghqf_5 scghqg_5 scghqh_5 scghqi_5
       scghqj_5 scghqk_5 scghql_5 lkmove_6 xpmove_6 caruse_6 mobuse_6 netpuse_6
       aidxhh_6 jbhas_6 j2has_6 finnow_6 finfut_6 howlng_6 vote1_6 vote6_6 scsf1_6
       scsf2a_6 scsf2b_6 scsf3a_6 scsf3b_6 scsf4a_6 scsf4b_6 scsf5_6 scsf6a_6 scsf6b_6
       scsf6c_6 scsf7_6 scghqa_6 scghqb_6 scghqc_6 scghqd_6 scghqe_6 scghqf_6 scghqg_6
       scghqh_6 scghqi_6 scghqj_6 scghqk_6 scghql_6 lkmove_7 xpmove_7 caruse_7
       mobuse_7 netpuse_7 smoker_7 aidxhh_7 jbhas_7 jbterm1_7 jbsemp_7 j2has_7
       fiyrdia_7 finnow_7 finfut_7 howlng_7 vote1_7 vote6_7 scsf2a_7 scsf2b_7 scsf3a_7
       scsf3b_7 scsf4a_7 scsf4b_7 scsf5_7 scsf6a_7 scsf6b_7 scsf6c_7 scsf7_7 scghqa_7
       scghqb_7 scghqc_7 scghqd_7 scghqe_7 scghqf_7 scghqg_7 scghqh_7 scghqi_7
       scghqj_7 scghqk_7 scghql_7 scsf1_7 lkmove_8 xpmove_8 caruse_8 mobuse_8
       netpuse_8 smoker_8 aidxhh_8 jbhas_8 jbterm1_8 jbsemp_8 j2has_8 fiyrdia_8
       finnow_8 finfut_8 scsf2a_8 scsf2b_8 scsf3a_8 scsf3b_8 scsf4a_8 scsf4b_8 scsf5_8
       scsf6a_8 scsf6b_8 scsf6c_8 scsf7_8 scghqa_8 scghqb_8 scghqc_8 scghqd_8 scghqe_8
       scghqf_8 scghqg_8 scghqh_8 scghqi_8 scghqj_8 scghqk_8 scghql_8 scsf1_8 mobuse_9
       netpuse_9 smoker_9 jbhas_9 jbterm1_9 jbsemp_9 j2has_9 fiyrdia_9 finnow_9
       finfut_9 lkmove_10 xpmove_10 mobuse_10 netpuse_10 smoker_10 aidxhh_10 jbhas_10
       jbterm1_10 jbsemp_10 j2has_10 fiyrdia_10 finnow_10 finfut_10 scsf1_10 scsf2a_10
       scsf2b_10 scsf3a_10 scsf3b_10 scsf4a_10 scsf4b_10 scsf5_10 scsf6a_10 scsf6b_10
       scsf6c_10 scsf7_10 scghqa_10 scghqb_10 scghqc_10 scghqd_10 scghqe_10 scghqf_10
       scghqg_10 scghqh_10 scghqi_10 scghqj_10 scghqk_10 scghql_10 edu agecat female
       partner sf1 longill london north urban refresh Higher A level GCSE Other age_35
       age_55 age_75 age_102 pred_all pred_no9 pred_p567 pred_p7 pred_all_w pred_no9_w
       pred_p567_w pred_p7_w;

   MISSING=.;

   USEVARIABLES ARE
   jbsemp_7
   jbsemp_8
   jbsemp_9
   jbsemp_10;

   CATEGORICAL ARE
   jbsemp_7
   jbsemp_8
   jbsemp_9
   jbsemp_10;
   CLASSES = c(2);

    KNOWNCLASS = c(all= 1 2);
  WEIGHT IS pred_all_w;

   ANALYSIS:


      TYPE = MIXTURE;

      ESTIMATOR = MLR;

      ALGORITHM = INTEGRATION;

      Processors = 8(starts);

      STARTS = 800 200;

   Model:


      %OVERALL%

  i s | jbsemp_7@2 jbsemp_8@3 jbsemp_9@4 jbsemp_10@5;

   %c#1%
      [i@0];
  [s] ;
   s ;
   s WITH i ;
   i@0 ;

   %c#2%
      [i@0];
  [s] ;
   s ;
   s WITH i ;
   i@0 ;

   OUTPUT: SAMPSTAT;

                                  STDYX;




*** WARNING in VARIABLE command
  Note that only the first 8 characters of variable names are used in the output.
  Shorten variable names to avoid any confusion.
*** WARNING in MODEL command
  All continuous latent variable covariances involving I have been fixed to 0
  because the variance of I is fixed at 0.
*** WARNING in MODEL command
  All continuous latent variable covariances involving I have been fixed to 0
  because the variance of I is fixed at 0.
*** WARNING
  Data set contains unknown or missing values for variable ALL.
  This variable is used to determine the KNOWNCLASS specification.
  Number of such cases:  91
*** WARNING
  Data set contains cases with missing on all variables.
  These cases were not included in the analysis.
  Number of cases with missing on all variables:  905
   5 WARNING(S) FOUND IN THE INPUT INSTRUCTIONS



Your title goes here

SUMMARY OF ANALYSIS

Number of groups                                                 1
Number of observations                                        1061

Number of dependent variables                                    4
Number of independent variables                                  0
Number of continuous latent variables                            2
Number of categorical latent variables                           1

Observed dependent variables

  Binary and ordered categorical (ordinal)
   JBSEMP_7    JBSEMP_8    JBSEMP_9    JBSEMP_1

Continuous latent variables
   I           S

Categorical latent variables
   C

  Knownclass            C

Variables with special functions

  Weight variable       PRED_ALL

Estimator                                                      MLR
Information matrix                                        OBSERVED
Optimization Specifications for the Quasi-Newton Algorithm for
Continuous Outcomes
  Maximum number of iterations                                 100
  Convergence criterion                                  0.100D-05
Optimization Specifications for the EM Algorithm
  Maximum number of iterations                                 500
  Convergence criteria
    Loglikelihood change                                 0.100D-02
    Relative loglikelihood change                        0.100D-05
    Derivative                                           0.100D-02
Optimization Specifications for the M step of the EM Algorithm for
Categorical Latent variables
  Number of M step iterations                                    1
  M step convergence criterion                           0.100D-02
  Basis for M step termination                           ITERATION
Optimization Specifications for the M step of the EM Algorithm for
Censored, Binary or Ordered Categorical (Ordinal), Unordered
Categorical (Nominal) and Count Outcomes
  Number of M step iterations                                    1
  M step convergence criterion                           0.100D-02
  Basis for M step termination                           ITERATION
  Maximum value for logit thresholds                            15
  Minimum value for logit thresholds                           -15
  Minimum expected cell size for chi-square              0.100D-01
Maximum number of iterations for H1                           2000
Convergence criterion for H1                             0.100D-03
Optimization algorithm                                         EMA
Integration Specifications
  Type                                                    STANDARD
  Number of integration points                                  15
  Dimensions of numerical integration                            1
  Adaptive quadrature                                           ON
Random Starts Specifications
  Number of initial stage random starts                        800
  Number of final stage optimizations                          200
  Number of initial stage iterations                            10
  Initial stage convergence criterion                    0.100D+01
  Random starts scale                                    0.500D+01
  Random seed for generating random starts                       0
Link                                                         LOGIT
Cholesky                                                        ON

Input data file(s)
  data.dta
Input data format  FREE


SUMMARY OF DATA

     Number of missing data patterns            15
     Number of y missing data patterns           0
     Number of u missing data patterns          15


COVARIANCE COVERAGE OF DATA

Minimum covariance coverage value   0.100


     PROPORTION OF DATA PRESENT FOR U


           Covariance Coverage
              JBSEMP_7      JBSEMP_8      JBSEMP_9      JBSEMP_1
              ________      ________      ________      ________
 JBSEMP_7       0.621
 JBSEMP_8       0.475         0.598
 JBSEMP_9       0.421         0.459         0.568
 JBSEMP_1       0.375         0.409         0.434         0.672


UNIVARIATE PROPORTIONS AND COUNTS FOR CATEGORICAL VARIABLES

    JBSEMP_7
      Category 1    0.161          135.159
      Category 2    0.839          701.821
    JBSEMP_8
      Category 1    0.173          132.266
      Category 2    0.827          634.378
    JBSEMP_9
      Category 1    0.177          125.680
      Category 2    0.823          582.703
    JBSEMP_1
      Category 1    0.160          108.202
      Category 2    0.840          569.158


SAMPLE STATISTICS

RANDOM STARTS RESULTS RANKED FROM THE BEST TO THE WORST LOGLIKELIHOOD VALUES

Final stage loglikelihood values at local maxima, seeds, and initial stage start numbers:

           -1365.574  118438           601
           -1365.574  130011           587
           -1365.574  377584           630
           -1365.574  505879           424
           -1365.574  40340            188
           -1365.574  485256           371
           -1365.574  154575           539
           -1365.574  535804           111
           -1365.574  178031           720
           -1365.574  937225           394
           -1365.574  461866           722
           -1365.574  702492           718
           -1365.574  966014           37
           -1365.574  940533           764
           -1365.574  252949           487
           -1365.574  408713           450
           -1365.574  215353           164
           -1365.574  659773           663
           -1365.574  988761           475
           -1365.574  244349           736
           -1365.574  281462           285
           -1365.574  84013            598
           -1365.574  723035           538
           -1365.574  220454           288
           -1365.574  126371           526
           -1365.574  790452           303
           -1365.574  190339           102
           -1365.574  754100           56
           -1365.574  251641           784
           -1365.574  939870           655
           -1365.574  131856           90
           -1365.574  821011           161
           -1365.574  358074           560
           -1365.574  179022           687
           -1365.574  637345           19
           -1365.574  35191            703
           -1365.574  655497           376
           -1365.574  105435           265
           -1365.574  34346            330
           -1365.574  596257           405
           -1365.574  181293           212
           -1365.574  746978           410
           -1365.574  887676           22
           -1365.574  995913           787
           -1365.574  563584           657
           -1365.574  318177           748
           -1365.574  648555           113
           -1365.574  696773           80
           -1365.574  59963            670
           -1365.574  569833           85
           -1365.574  745972           521
           -1365.574  370957           554
           -1365.574  804104           566
           -1365.574  402699           604
           -1365.574  7195             697
           -1365.574  881886           608
           -1365.574  898745           466
           -1365.574  49293            707
           -1365.574  275475           413
           -1365.574  848163           47
           -1365.574  393232           152
           -1365.574  312754           562
           -1365.574  853195           431
           -1365.574  415931           10
           -1365.574  197223           332
           -1365.574  195873           6
           -1365.574  726035           191
           -1365.574  686384           690
           -1365.574  926283           269
           -1365.574  226322           478
           -1365.574  502495           724
           -1365.574  317868           740
           -1365.575  544048           87
           -1365.575  127362           757
           -1365.575  552272           654
           -1365.575  830392           35
           -1365.575  689529           516
           -1365.575  195763           358
           -1365.575  483369           270
           -1365.575  595153           230
           -1365.575  188640           451
           -1365.575  246261           38
           -1365.575  797594           234
           -1365.575  58507            793
           -1365.575  903369           134
           -1365.575  798821           423
           -1365.575  273992           349
           -1365.575  97300            640
           -1365.575  345974           622
           -1365.575  714455           476
           -1365.575  79945            395
           -1365.575  341519           653
           -1365.575  765392           382
           -1365.575  303834           798
           -1365.575  712531           631
           -1365.575  531546           702
           -1376.877  443917           60
           -1376.877  411615           171
           -1376.877  858804           534
           -1376.877  496710           386
           -1376.877  297518           166
           -1376.877  520865           763
           -1376.877  820977           776
           -1376.877  97158            205
           -1376.877  213532           503
           -1376.877  840031           276
           -1376.877  15715            274
           -1376.877  801065           393
           -1376.877  644297           340
           -1376.877  608460           244
           -1376.877  696830           668
           -1376.877  399848           220
           -1376.877  227563           63
           -1376.877  121425           511
           -1376.877  355674           540
           -1376.877  342019           301
           -1376.877  39136            226
           -1376.877  654136           167
           -1376.877  107446           12
           -1376.877  291112           645
           -1376.877  268217           83
           -1376.877  783165           170
           -1376.877  405079           68
           -1376.877  231400           738
           -1376.877  360419           356
           -1376.877  85114            385
           -1376.877  442072           625
           -1376.877  166851           638
           -1376.877  685657           69
           -1376.877  387701           275
           -1376.877  202790           198
           -1376.877  315029           471
           -1376.877  266340           683
           -1376.877  659832           754
           -1376.877  80438            246
           -1376.877  4091             548
           -1376.877  722748           346
           -1376.877  438144           271
           -1376.877  539751           459
           -1376.877  741888           138
           -1376.878  468036           131
           -1376.878  547702           767
           -1376.878  232226           235
           -1376.878  404426           344
           -1376.878  891347           504
           -1376.878  206099           363
           -1376.878  802779           122
           -1376.878  370466           41
           -1376.878  369602           146
           -1377.409  49221            254
           -1377.409  263268           165
           -1377.409  823392           479
           -1377.409  749635           420
           -1377.409  788796           145
           -1377.590  766903           505
           -1391.272  534864           307
           -1391.360  212934           568
           -1391.447  416463           467
           -1391.485  65651            214
           -1391.490  701525           239
           -1391.490  375590           438
           -1391.490  921023           782
           -1391.491  618000           190
           -1391.491  801717           364
           -1391.491  322790           636
           -1391.491  772131           407
           -1391.491  512836           289
           -1391.491  264935           281
           -1391.491  76974            16
           -1391.491  621542           375
           -1391.491  117587           572
           -1391.491  580405           286
           -1391.491  29591            633
           -1391.491  194143           510
           -1391.491  760850           739
           -1391.491  579995           183
           -1391.491  631413           439
           -1391.491  276696           676
           -1391.491  647617           725
           -1391.491  476498           179
           -1391.491  341041           34
           -1391.496  93468            3
           -1391.523  479273           156
           -1391.594  351622           551
           -1392.891  345726           461
           -1392.891  1548             384
           -1392.891  418686           338
           -1392.892  147440           514
           -1392.892  662718           460
           -1392.892  260953           589
           -1392.892  416250           390
           -1392.892  665121           417
           -1411.954  114433           708
           -1411.957  413564           535
           -1411.958  354395           486
           -1411.958  136842           58
           -1411.976  294811           637
           -1411.997  unperturbed      0
           -1414.788  152496           123

1 perturbed starting value run(s) did not converge.



THE BEST LOGLIKELIHOOD VALUE HAS BEEN REPLICATED.  RERUN WITH AT LEAST TWICE THE
RANDOM STARTS TO CHECK THAT THE BEST LOGLIKELIHOOD IS STILL OBTAINED AND REPLICATED.


THE MODEL ESTIMATION TERMINATED NORMALLY



MODEL FIT INFORMATION

Number of Free Parameters                        6

Loglikelihood

          H0 Value                       -1365.574
          H0 Scaling Correction Factor      2.1986
            for MLR

Information Criteria

          Akaike (AIC)                    2743.148
          Bayesian (BIC)                  2772.950
          Sample-Size Adjusted BIC        2753.893
            (n* = (n + 2) / 24)

Chi-Square Test of Model Fit for the Binary and Ordered Categorical
(Ordinal) Outcomes

          Pearson Chi-Square

          Value                             66.384
          Degrees of Freedom                    25
          P-Value                           0.0000

          Likelihood Ratio Chi-Square

          Value                             23.627
          Degrees of Freedom                    25
          P-Value                           0.5410

Chi-Square Test for MCAR under the Unrestricted Latent Class Indicator Model

          Pearson Chi-Square

          Value                            135.989
          Degrees of Freedom                    99
          P-Value                           0.0081

          Likelihood Ratio Chi-Square

          Value                             88.213
          Degrees of Freedom                    99
          P-Value                           0.7729



FINAL CLASS COUNTS AND PROPORTIONS FOR THE LATENT CLASSES
BASED ON THE ESTIMATED MODEL

    Latent
   Classes

       1        562.09525          0.52978
       2        498.90475          0.47022


MODEL RESULTS

                                                    Two-Tailed
                    Estimate       S.E.  Est./S.E.    P-Value

Latent Class 1 (1)

 I        |
    JBSEMP_7           1.000      0.000    999.000    999.000
    JBSEMP_8           1.000      0.000    999.000    999.000
    JBSEMP_9           1.000      0.000    999.000    999.000
    JBSEMP_10          1.000      0.000    999.000    999.000

 S        |
    JBSEMP_7           2.000      0.000    999.000    999.000
    JBSEMP_8           3.000      0.000    999.000    999.000
    JBSEMP_9           4.000      0.000    999.000    999.000
    JBSEMP_10          5.000      0.000    999.000    999.000

 S        WITH
    I                  0.000      0.000    999.000    999.000

 Means
    I                  0.000      0.000    999.000    999.000
    S                  4.690      1.358      3.453      0.001

 Thresholds
    JBSEMP_7$1         2.380      1.300      1.831      0.067
    JBSEMP_8$1         2.380      1.300      1.831      0.067
    JBSEMP_9$1         2.380      1.300      1.831      0.067
    JBSEMP_1$1         2.380      1.300      1.831      0.067

 Variances
    I                  0.000      0.000    999.000    999.000
    S                 11.059      4.630      2.388      0.017

Latent Class 2 (2)

 I        |
    JBSEMP_7           1.000      0.000    999.000    999.000
    JBSEMP_8           1.000      0.000    999.000    999.000
    JBSEMP_9           1.000      0.000    999.000    999.000
    JBSEMP_10          1.000      0.000    999.000    999.000

 S        |
    JBSEMP_7           2.000      0.000    999.000    999.000
    JBSEMP_8           3.000      0.000    999.000    999.000
    JBSEMP_9           4.000      0.000    999.000    999.000
    JBSEMP_10          5.000      0.000    999.000    999.000

 S        WITH
    I                  0.000      0.000    999.000    999.000

 Means
    I                  0.000      0.000    999.000    999.000
    S                  5.516      1.046      5.274      0.000

 Thresholds
    JBSEMP_7$1         2.380      1.300      1.831      0.067
    JBSEMP_8$1         2.380      1.300      1.831      0.067
    JBSEMP_9$1         2.380      1.300      1.831      0.067
    JBSEMP_1$1         2.380      1.300      1.831      0.067

 Variances
    I                  0.000      0.000    999.000    999.000
    S                 16.176      4.759      3.399      0.001

Categorical Latent Variables

 Means
    C#1                0.119      0.086      1.384      0.166


STANDARDIZED MODEL RESULTS


STDYX Standardization

                                                    Two-Tailed
                    Estimate       S.E.  Est./S.E.    P-Value

Latent Class 1 (1)

 I        |
    JBSEMP_7         999.000    999.000    999.000    999.000
    JBSEMP_8         999.000    999.000    999.000    999.000
    JBSEMP_9         999.000    999.000    999.000    999.000
    JBSEMP_10        999.000    999.000    999.000    999.000

 S        |
    JBSEMP_7           0.965      0.014     69.002      0.000
    JBSEMP_8           0.984      0.007    149.283      0.000
    JBSEMP_9           0.991      0.004    261.677      0.000
    JBSEMP_10          0.994      0.002    406.183      0.000

 S        WITH
    I                999.000    999.000    999.000    999.000

 Means
    I                999.000    999.000    999.000    999.000
    S                  1.410      0.138     10.197      0.000

 Thresholds
    JBSEMP_7$1         0.345      0.141      2.445      0.014
    JBSEMP_8$1         0.235      0.095      2.472      0.013
    JBSEMP_9$1         0.177      0.071      2.482      0.013
    JBSEMP_1$1         0.142      0.057      2.487      0.013

 Variances
    I                999.000    999.000    999.000    999.000
    S                  1.000      0.000    999.000    999.000

Latent Class 2 (2)

 I        |
    JBSEMP_7         999.000    999.000    999.000    999.000
    JBSEMP_8         999.000    999.000    999.000    999.000
    JBSEMP_9         999.000    999.000    999.000    999.000
    JBSEMP_10        999.000    999.000    999.000    999.000

 S        |
    JBSEMP_7           0.976      0.007    140.506      0.000
    JBSEMP_8           0.989      0.003    307.641      0.000
    JBSEMP_9           0.994      0.002    541.630      0.000
    JBSEMP_10          0.996      0.001    842.473      0.000

 S        WITH
    I                999.000    999.000    999.000    999.000

 Means
    I                999.000    999.000    999.000    999.000
    S                  1.372      0.097     14.137      0.000

 Thresholds
    JBSEMP_7$1         0.289      0.137      2.106      0.035
    JBSEMP_8$1         0.195      0.092      2.112      0.035
    JBSEMP_9$1         0.147      0.070      2.115      0.034
    JBSEMP_1$1         0.118      0.056      2.116      0.034

 Variances
    I                999.000    999.000    999.000    999.000
    S                  1.000      0.000    999.000    999.000


R-SQUARE

Class 1

    Observed                                        Two-Tailed
    Variable        Estimate       S.E.  Est./S.E.    P-Value

    JBSEMP_7           0.931      0.027     34.501      0.000
    JBSEMP_8           0.968      0.013     74.641      0.000
    JBSEMP_9           0.982      0.008    130.838      0.000
    JBSEMP_1           0.988      0.005    203.092      0.000

Class 2

    Observed                                        Two-Tailed
    Variable        Estimate       S.E.  Est./S.E.    P-Value

    JBSEMP_7           0.952      0.014     70.253      0.000
    JBSEMP_8           0.978      0.006    153.821      0.000
    JBSEMP_9           0.987      0.004    270.815      0.000
    JBSEMP_1           0.992      0.002    421.237      0.000


QUALITY OF NUMERICAL RESULTS

     Condition Number for the Information Matrix              0.172E-02
       (ratio of smallest to largest eigenvalue)


DIAGRAM INFORMATION

  Mplus diagrams are currently not available for Mixture analysis.
  No diagram output was produced.


     Beginning Time:  09:46:21
        Ending Time:  09:48:21
       Elapsed Time:  00:02:00



MUTHEN & MUTHEN
3463 Stoner Ave.
Los Angeles, CA  90066

Tel: (310) 391-9971
Fax: (310) 391-8971
Web: www.StatModel.com
Support: Support@StatModel.com

Copyright (c) 1998-2019 Muthen & Muthen
