Mplus VERSION 8.3
MUTHEN & MUTHEN
07/31/2020  11:25 AM

INPUT INSTRUCTIONS

  TITLE: Your title goes here

   DATA: FILE = data.dta;

   VARIABLE:

   NAMES = pidp gridmode mm hidp_5 hidp_6 hidp_7 hidp_8 hidp_9 hidp_10 indmode_5
       indmode_6 indmode_7 indmode_8 indmode_9 indmode_10 mode_type_all mode_type_no9
       mode_type_567 mode_type_7 all no9 p567 p7 switch_all switch_no9 switch_567
       switch_7 lkmove_5 xpmove_5 caruse_5 mobuse_5 netpuse_5 aidxhh_5 jbhas_5 j2has_5
       finnow_5 finfut_5 howlng_5 vote1_5 vote6_5 scsf1_5 scsf2a_5 scsf2b_5 scsf3a_5
       scsf3b_5 scsf4a_5 scsf4b_5 scsf5_5 scsf6a_5 scsf6b_5 scsf6c_5 scsf7_5 scghqa_5
       scghqb_5 scghqc_5 scghqd_5 scghqe_5 scghqf_5 scghqg_5 scghqh_5 scghqi_5
       scghqj_5 scghqk_5 scghql_5 lkmove_6 xpmove_6 caruse_6 mobuse_6 netpuse_6
       aidxhh_6 jbhas_6 j2has_6 finnow_6 finfut_6 howlng_6 vote1_6 vote6_6 scsf1_6
       scsf2a_6 scsf2b_6 scsf3a_6 scsf3b_6 scsf4a_6 scsf4b_6 scsf5_6 scsf6a_6 scsf6b_6
       scsf6c_6 scsf7_6 scghqa_6 scghqb_6 scghqc_6 scghqd_6 scghqe_6 scghqf_6 scghqg_6
       scghqh_6 scghqi_6 scghqj_6 scghqk_6 scghql_6 lkmove_7 xpmove_7 caruse_7
       mobuse_7 netpuse_7 smoker_7 aidxhh_7 jbhas_7 jbterm1_7 jbsemp_7 j2has_7
       fiyrdia_7 finnow_7 finfut_7 howlng_7 vote1_7 vote6_7 scsf2a_7 scsf2b_7 scsf3a_7
       scsf3b_7 scsf4a_7 scsf4b_7 scsf5_7 scsf6a_7 scsf6b_7 scsf6c_7 scsf7_7 scghqa_7
       scghqb_7 scghqc_7 scghqd_7 scghqe_7 scghqf_7 scghqg_7 scghqh_7 scghqi_7
       scghqj_7 scghqk_7 scghql_7 scsf1_7 lkmove_8 xpmove_8 caruse_8 mobuse_8
       netpuse_8 smoker_8 aidxhh_8 jbhas_8 jbterm1_8 jbsemp_8 j2has_8 fiyrdia_8
       finnow_8 finfut_8 scsf2a_8 scsf2b_8 scsf3a_8 scsf3b_8 scsf4a_8 scsf4b_8 scsf5_8
       scsf6a_8 scsf6b_8 scsf6c_8 scsf7_8 scghqa_8 scghqb_8 scghqc_8 scghqd_8 scghqe_8
       scghqf_8 scghqg_8 scghqh_8 scghqi_8 scghqj_8 scghqk_8 scghql_8 scsf1_8 mobuse_9
       netpuse_9 smoker_9 jbhas_9 jbterm1_9 jbsemp_9 j2has_9 fiyrdia_9 finnow_9
       finfut_9 lkmove_10 xpmove_10 mobuse_10 netpuse_10 smoker_10 aidxhh_10 jbhas_10
       jbterm1_10 jbsemp_10 j2has_10 fiyrdia_10 finnow_10 finfut_10 scsf1_10 scsf2a_10
       scsf2b_10 scsf3a_10 scsf3b_10 scsf4a_10 scsf4b_10 scsf5_10 scsf6a_10 scsf6b_10
       scsf6c_10 scsf7_10 scghqa_10 scghqb_10 scghqc_10 scghqd_10 scghqe_10 scghqf_10
       scghqg_10 scghqh_10 scghqi_10 scghqj_10 scghqk_10 scghql_10 edu agecat female
       partner sf1 longill london north urban refresh Higher A level GCSE Other age_35
       age_55 age_75 age_102 pred_all pred_no9 pred_p567 pred_p7 pred_all_w pred_no9_w
       pred_p567_w pred_p7_w;

   MISSING=.;

   USEVARIABLES ARE
   scsf2a_5
   scsf2a_6
   scsf2a_7
   scsf2a_8
   scsf2a_10;

   CATEGORICAL ARE
   scsf2a_5
   scsf2a_6
   scsf2a_7
   scsf2a_8
   scsf2a_10;
   CLASSES = c(2);

    KNOWNCLASS = c(no9= 1 2);
  WEIGHT IS pred_no9_w;

   ANALYSIS:


      TYPE = MIXTURE;

      ESTIMATOR = MLR;

      ALGORITHM = INTEGRATION;

      Processors = 8(starts);

      STARTS = 400 100;

   Model:


      %OVERALL%

  i s | scsf2a_5@0 scsf2a_6@1 scsf2a_7@2 scsf2a_8@3 scsf2a_10@5;

   %c#1%
  [s] (a); s ;
   s WITH i ;
   i ;


   %c#2%
  [s] (a); s ;
   s WITH i ;
   i ;


   OUTPUT: SAMPSTAT;

                                  STDYX;




*** WARNING in VARIABLE command
  Note that only the first 8 characters of variable names are used in the output.
  Shorten variable names to avoid any confusion.
*** WARNING
  Data set contains unknown or missing values for variable NO9.
  This variable is used to determine the KNOWNCLASS specification.
  Number of such cases:  111
*** WARNING
  Data set contains cases with missing on all variables.
  These cases were not included in the analysis.
  Number of cases with missing on all variables:  105
   3 WARNING(S) FOUND IN THE INPUT INSTRUCTIONS



Your title goes here

SUMMARY OF ANALYSIS

Number of groups                                                 1
Number of observations                                        1841

Number of dependent variables                                    5
Number of independent variables                                  0
Number of continuous latent variables                            2
Number of categorical latent variables                           1

Observed dependent variables

  Binary and ordered categorical (ordinal)
   SCSF2A_5    SCSF2A_6    SCSF2A_7    SCSF2A_8    SCSF2A_1

Continuous latent variables
   I           S

Categorical latent variables
   C

  Knownclass            C

Variables with special functions

  Weight variable       PRED_NO9

Estimator                                                      MLR
Information matrix                                        OBSERVED
Optimization Specifications for the Quasi-Newton Algorithm for
Continuous Outcomes
  Maximum number of iterations                                 100
  Convergence criterion                                  0.100D-05
Optimization Specifications for the EM Algorithm
  Maximum number of iterations                                 500
  Convergence criteria
    Loglikelihood change                                 0.100D-02
    Relative loglikelihood change                        0.100D-05
    Derivative                                           0.100D-02
Optimization Specifications for the M step of the EM Algorithm for
Categorical Latent variables
  Number of M step iterations                                    1
  M step convergence criterion                           0.100D-02
  Basis for M step termination                           ITERATION
Optimization Specifications for the M step of the EM Algorithm for
Censored, Binary or Ordered Categorical (Ordinal), Unordered
Categorical (Nominal) and Count Outcomes
  Number of M step iterations                                    1
  M step convergence criterion                           0.100D-02
  Basis for M step termination                           ITERATION
  Maximum value for logit thresholds                            15
  Minimum value for logit thresholds                           -15
  Minimum expected cell size for chi-square              0.100D-01
Maximum number of iterations for H1                           2000
Convergence criterion for H1                             0.100D-03
Optimization algorithm                                         EMA
Integration Specifications
  Type                                                    STANDARD
  Number of integration points                                  15
  Dimensions of numerical integration                            2
  Adaptive quadrature                                           ON
Random Starts Specifications
  Number of initial stage random starts                        400
  Number of final stage optimizations                          100
  Number of initial stage iterations                            10
  Initial stage convergence criterion                    0.100D+01
  Random starts scale                                    0.500D+01
  Random seed for generating random starts                       0
Link                                                         LOGIT
Cholesky                                                        ON

Input data file(s)
  data.dta
Input data format  FREE


SUMMARY OF DATA

     Number of missing data patterns            31
     Number of y missing data patterns           0
     Number of u missing data patterns          31


COVARIANCE COVERAGE OF DATA

Minimum covariance coverage value   0.100


     PROPORTION OF DATA PRESENT FOR U


           Covariance Coverage
              SCSF2A_5      SCSF2A_6      SCSF2A_7      SCSF2A_8      SCSF2A_1
              ________      ________      ________      ________      ________
 SCSF2A_5       0.386
 SCSF2A_6       0.291         0.460
 SCSF2A_7       0.266         0.341         0.599
 SCSF2A_8       0.254         0.329         0.478         0.585
 SCSF2A_1       0.221         0.286         0.397         0.429         0.637


UNIVARIATE PROPORTIONS AND COUNTS FOR CATEGORICAL VARIABLES

    SCSF2A_5
      Category 1    0.113          126.835
      Category 2    0.195          218.760
      Category 3    0.693          778.975
    SCSF2A_6
      Category 1    0.126          174.512
      Category 2    0.216          297.972
      Category 3    0.658          908.809
    SCSF2A_7
      Category 1    0.084          100.861
      Category 2    0.225          269.916
      Category 3    0.692          831.309
    SCSF2A_8
      Category 1    0.110          125.204
      Category 2    0.235          268.206
      Category 3    0.655          745.871
    SCSF2A_1
      Category 1    0.100           98.187
      Category 2    0.200          195.785
      Category 3    0.700          685.692


SAMPLE STATISTICS

RANDOM STARTS RESULTS RANKED FROM THE BEST TO THE WORST LOGLIKELIHOOD VALUES

Final stage loglikelihood values at local maxima, seeds, and initial stage start numbers:

           -5146.800  580405           286
           -5146.800  263268           165
           -5146.800  629320           222
           -5146.800  25127            107
           -5146.800  268217           83
           -5146.800  606576           151
           -5146.800  340112           126
           -5146.800  496710           386
           -5146.800  569833           85
           -5146.800  311214           64
           -5146.800  562716           300
           -5146.800  484687           306
           -5146.800  260601           36
           -5146.800  246575           291
           -5146.800  931874           141
           -5146.800  27071            15
           -5146.800  182524           373
           -5146.800  391179           78
           -5146.800  821011           161
           -5146.800  107446           12
           -5146.800  915642           40
           -5146.800  85462            51
           -5146.800  297518           166
           -5146.800  415931           10
           -5146.800  100874           108
           -5146.800  350608           334
           -5146.800  915107           54
           -5146.800  534864           307
           -5146.800  987090           70
           -5146.800  520177           262
           -5146.800  635245           121
           -5146.800  972873           157
           -5146.800  370466           41
           -5146.800  563002           360
           -5146.800  467339           66
           -5146.800  436460           89
           -5146.800  393232           152
           -5146.800  605358           321
           -5146.800  751054           117
           -5146.800  691234           250
           -5146.800  626087           314
           -5146.800  unperturbed      0
           -5146.800  863094           147
           -5146.800  667250           318
           -5146.800  608849           224
           -5146.800  696773           80
           -5146.800  68985            17
           -5146.800  404426           344
           -5146.800  848331           137
           -5146.800  765392           382
           -5146.800  170118           238
           -5146.800  21345            199
           -5146.800  561664           392
           -5146.800  178475           231
           -5146.800  395754           388
           -5146.800  253358           2
           -5146.800  856536           144
           -5146.800  301180           236
           -5146.800  264935           281
           -5146.800  645664           39
           -5146.800  120506           45
           -5146.800  22089            143
           -5146.800  137305           379
           -5146.800  616917           261
           -5146.800  860772           174
           -5146.800  391949           295
           -5146.800  891531           206
           -5146.800  364676           27
           -5146.800  414284           158
           -5146.800  12477            155
           -5146.800  416250           390
           -5146.800  568405           233
           -5146.800  476498           179
           -5146.800  777045           377
           -5146.800  81117            305
           -5146.800  602797           336
           -5146.800  913639           162
           -5146.800  575700           100
           -5146.800  220454           288
           -5146.800  267983           228
           -5146.800  622860           259
           -5146.800  282464           283
           -5146.800  717754           180
           -5146.800  485256           371
           -5146.800  188498           258
           -5146.800  259507           53
           -5146.800  488125           368
           -5146.800  760878           249
           -5146.800  79945            395
           -5146.800  926283           269
           -5146.800  544048           87
           -5146.800  587946           120
           -5146.800  626891           32
           -5146.800  30098            209
           -5146.800  879338           309
           -5146.800  686482           215
           -5146.800  648555           113
           -5146.800  197223           332
           -5146.800  392766           331
           -5146.800  509733           130



THE BEST LOGLIKELIHOOD VALUE HAS BEEN REPLICATED.  RERUN WITH AT LEAST TWICE THE
RANDOM STARTS TO CHECK THAT THE BEST LOGLIKELIHOOD IS STILL OBTAINED AND REPLICATED.


THE MODEL ESTIMATION TERMINATED NORMALLY



MODEL FIT INFORMATION

Number of Free Parameters                       11

Loglikelihood

          H0 Value                       -5146.800
          H0 Scaling Correction Factor      2.5578
            for MLR

Information Criteria

          Akaike (AIC)                   10315.600
          Bayesian (BIC)                 10376.299
          Sample-Size Adjusted BIC       10341.352
            (n* = (n + 2) / 24)

Chi-Square Test of Model Fit for the Binary and Ordered Categorical
(Ordinal) Outcomes

          Pearson Chi-Square

          Value                            880.289
          Degrees of Freedom                   474
          P-Value                           0.0000

          Likelihood Ratio Chi-Square

          Value                            342.315
          Degrees of Freedom                   474
          P-Value                           1.0000

Chi-Square Test for MCAR under the Unrestricted Latent Class Indicator Model

          Pearson Chi-Square

          Value                           1126.301
          Degrees of Freedom                  1499
          P-Value                           1.0000

          Likelihood Ratio Chi-Square

          Value                            782.741
          Degrees of Freedom                  1499
          P-Value                           1.0000



FINAL CLASS COUNTS AND PROPORTIONS FOR THE LATENT CLASSES
BASED ON THE ESTIMATED MODEL

    Latent
   Classes

       1       1169.64006          0.63533
       2        671.35994          0.36467


MODEL RESULTS

                                                    Two-Tailed
                    Estimate       S.E.  Est./S.E.    P-Value

Latent Class 1 (1)

 I        |
    SCSF2A_5           1.000      0.000    999.000    999.000
    SCSF2A_6           1.000      0.000    999.000    999.000
    SCSF2A_7           1.000      0.000    999.000    999.000
    SCSF2A_8           1.000      0.000    999.000    999.000
    SCSF2A_10          1.000      0.000    999.000    999.000

 S        |
    SCSF2A_5           0.000      0.000    999.000    999.000
    SCSF2A_6           1.000      0.000    999.000    999.000
    SCSF2A_7           2.000      0.000    999.000    999.000
    SCSF2A_8           3.000      0.000    999.000    999.000
    SCSF2A_10          5.000      0.000    999.000    999.000

 S        WITH
    I                 -0.642      0.484     -1.326      0.185

 Means
    I                 -1.237      0.323     -3.829      0.000
    S                 -0.046      0.054     -0.855      0.393

 Thresholds
    SCSF2A_5$1        -5.336      0.337    -15.836      0.000
    SCSF2A_5$2        -2.446      0.266     -9.189      0.000
    SCSF2A_6$1        -5.336      0.337    -15.836      0.000
    SCSF2A_6$2        -2.446      0.266     -9.189      0.000
    SCSF2A_7$1        -5.336      0.337    -15.836      0.000
    SCSF2A_7$2        -2.446      0.266     -9.189      0.000
    SCSF2A_8$1        -5.336      0.337    -15.836      0.000
    SCSF2A_8$2        -2.446      0.266     -9.189      0.000
    SCSF2A_1$1        -5.336      0.337    -15.836      0.000
    SCSF2A_1$2        -2.446      0.266     -9.189      0.000

 Variances
    I                 13.295      3.022      4.400      0.000
    S                  0.123      0.112      1.099      0.272

Latent Class 2 (2)

 I        |
    SCSF2A_5           1.000      0.000    999.000    999.000
    SCSF2A_6           1.000      0.000    999.000    999.000
    SCSF2A_7           1.000      0.000    999.000    999.000
    SCSF2A_8           1.000      0.000    999.000    999.000
    SCSF2A_10          1.000      0.000    999.000    999.000

 S        |
    SCSF2A_5           0.000      0.000    999.000    999.000
    SCSF2A_6           1.000      0.000    999.000    999.000
    SCSF2A_7           2.000      0.000    999.000    999.000
    SCSF2A_8           3.000      0.000    999.000    999.000
    SCSF2A_10          5.000      0.000    999.000    999.000

 S        WITH
    I                 -0.176      0.328     -0.536      0.592

 Means
    I                  0.000      0.000    999.000    999.000
    S                 -0.046      0.054     -0.855      0.393

 Thresholds
    SCSF2A_5$1        -5.336      0.337    -15.836      0.000
    SCSF2A_5$2        -2.446      0.266     -9.189      0.000
    SCSF2A_6$1        -5.336      0.337    -15.836      0.000
    SCSF2A_6$2        -2.446      0.266     -9.189      0.000
    SCSF2A_7$1        -5.336      0.337    -15.836      0.000
    SCSF2A_7$2        -2.446      0.266     -9.189      0.000
    SCSF2A_8$1        -5.336      0.337    -15.836      0.000
    SCSF2A_8$2        -2.446      0.266     -9.189      0.000
    SCSF2A_1$1        -5.336      0.337    -15.836      0.000
    SCSF2A_1$2        -2.446      0.266     -9.189      0.000

 Variances
    I                 10.978      2.489      4.410      0.000
    S                  0.068      0.062      1.099      0.272

Categorical Latent Variables

 Means
    C#1                0.555      0.066      8.351      0.000


STANDARDIZED MODEL RESULTS


STDYX Standardization

                                                    Two-Tailed
                    Estimate       S.E.  Est./S.E.    P-Value

Latent Class 1 (1)

 I        |
    SCSF2A_5           0.895      0.020     44.361      0.000
    SCSF2A_6           0.928      0.039     23.689      0.000
    SCSF2A_7           0.957      0.061     15.803      0.000
    SCSF2A_8           0.980      0.082     11.995      0.000
    SCSF2A_10          1.002      0.120      8.325      0.000

 S        |
    SCSF2A_5           0.000      0.000    999.000    999.000
    SCSF2A_6           0.089      0.037      2.398      0.016
    SCSF2A_7           0.184      0.079      2.334      0.020
    SCSF2A_8           0.283      0.123      2.302      0.021
    SCSF2A_10          0.482      0.206      2.339      0.019

 S        WITH
    I                 -0.502      0.215     -2.333      0.020

 Means
    I                 -0.339      0.104     -3.273      0.001
    S                 -0.133      0.174     -0.762      0.446

 Thresholds
    SCSF2A_5$1        -1.310      0.117    -11.213      0.000
    SCSF2A_5$2        -0.601      0.081     -7.403      0.000
    SCSF2A_6$1        -1.359      0.106    -12.801      0.000
    SCSF2A_6$2        -0.623      0.079     -7.840      0.000
    SCSF2A_7$1        -1.401      0.103    -13.599      0.000
    SCSF2A_7$2        -0.642      0.080     -7.993      0.000
    SCSF2A_8$1        -1.434      0.110    -13.085      0.000
    SCSF2A_8$2        -0.657      0.084     -7.808      0.000
    SCSF2A_1$1        -1.467      0.149     -9.869      0.000
    SCSF2A_1$2        -0.672      0.100     -6.706      0.000

 Variances
    I                  1.000      0.000    999.000    999.000
    S                  1.000      0.000    999.000    999.000

Latent Class 2 (2)

 I        |
    SCSF2A_5           0.877      0.023     38.256      0.000
    SCSF2A_6           0.886      0.037     24.067      0.000
    SCSF2A_7           0.891      0.054     16.514      0.000
    SCSF2A_8           0.891      0.072     12.449      0.000
    SCSF2A_10          0.879      0.105      8.341      0.000

 S        |
    SCSF2A_5           0.000      0.000    999.000    999.000
    SCSF2A_6           0.070      0.030      2.292      0.022
    SCSF2A_7           0.140      0.062      2.281      0.023
    SCSF2A_8           0.211      0.092      2.287      0.022
    SCSF2A_10          0.346      0.147      2.350      0.019

 S        WITH
    I                 -0.203      0.342     -0.595      0.552

 Means
    I                  0.000      0.000    999.000    999.000
    S                 -0.178      0.234     -0.759      0.448

 Thresholds
    SCSF2A_5$1        -1.413      0.106    -13.276      0.000
    SCSF2A_5$2        -0.647      0.067     -9.681      0.000
    SCSF2A_6$1        -1.427      0.097    -14.771      0.000
    SCSF2A_6$2        -0.654      0.065    -10.008      0.000
    SCSF2A_7$1        -1.434      0.095    -15.047      0.000
    SCSF2A_7$2        -0.657      0.067     -9.871      0.000
    SCSF2A_8$1        -1.435      0.103    -13.887      0.000
    SCSF2A_8$2        -0.658      0.071     -9.322      0.000
    SCSF2A_1$1        -1.415      0.138    -10.222      0.000
    SCSF2A_1$2        -0.649      0.084     -7.699      0.000

 Variances
    I                  1.000      0.000    999.000    999.000
    S                  1.000      0.000    999.000    999.000


R-SQUARE

Class 1

    Observed                                        Two-Tailed
    Variable        Estimate       S.E.  Est./S.E.    P-Value

    SCSF2A_5           0.802      0.036     22.181      0.000
    SCSF2A_6           0.787      0.033     23.912      0.000
    SCSF2A_7           0.773      0.032     24.423      0.000
    SCSF2A_8           0.762      0.034     22.466      0.000
    SCSF2A_1           0.751      0.049     15.333      0.000

Class 2

    Observed                                        Two-Tailed
    Variable        Estimate       S.E.  Est./S.E.    P-Value

    SCSF2A_5           0.769      0.040     19.128      0.000
    SCSF2A_6           0.765      0.037     20.677      0.000
    SCSF2A_7           0.762      0.036     21.108      0.000
    SCSF2A_8           0.762      0.038     20.023      0.000
    SCSF2A_1           0.769      0.048     15.957      0.000


QUALITY OF NUMERICAL RESULTS

     Condition Number for the Information Matrix              0.183E-02
       (ratio of smallest to largest eigenvalue)


     Beginning Time:  11:25:52
        Ending Time:  11:27:42
       Elapsed Time:  00:01:50



MUTHEN & MUTHEN
3463 Stoner Ave.
Los Angeles, CA  90066

Tel: (310) 391-9971
Fax: (310) 391-8971
Web: www.StatModel.com
Support: Support@StatModel.com

Copyright (c) 1998-2019 Muthen & Muthen
