Mplus VERSION 8.3
MUTHEN & MUTHEN
07/30/2020   8:15 PM

INPUT INSTRUCTIONS

  TITLE: Your title goes here

   DATA: FILE = data.dta;

   VARIABLE:

   NAMES = pidp gridmode mm hidp_5 hidp_6 hidp_7 hidp_8 hidp_9 hidp_10 indmode_5
       indmode_6 indmode_7 indmode_8 indmode_9 indmode_10 mode_type_all mode_type_no9
       mode_type_567 mode_type_7 all no9 p567 p7 switch_all switch_no9 switch_567
       switch_7 lkmove_5 xpmove_5 caruse_5 mobuse_5 netpuse_5 aidxhh_5 jbhas_5 j2has_5
       finnow_5 finfut_5 howlng_5 vote1_5 vote6_5 scsf1_5 scsf2a_5 scsf2b_5 scsf3a_5
       scsf3b_5 scsf4a_5 scsf4b_5 scsf5_5 scsf6a_5 scsf6b_5 scsf6c_5 scsf7_5 scghqa_5
       scghqb_5 scghqc_5 scghqd_5 scghqe_5 scghqf_5 scghqg_5 scghqh_5 scghqi_5
       scghqj_5 scghqk_5 scghql_5 lkmove_6 xpmove_6 caruse_6 mobuse_6 netpuse_6
       aidxhh_6 jbhas_6 j2has_6 finnow_6 finfut_6 howlng_6 vote1_6 vote6_6 scsf1_6
       scsf2a_6 scsf2b_6 scsf3a_6 scsf3b_6 scsf4a_6 scsf4b_6 scsf5_6 scsf6a_6 scsf6b_6
       scsf6c_6 scsf7_6 scghqa_6 scghqb_6 scghqc_6 scghqd_6 scghqe_6 scghqf_6 scghqg_6
       scghqh_6 scghqi_6 scghqj_6 scghqk_6 scghql_6 lkmove_7 xpmove_7 caruse_7
       mobuse_7 netpuse_7 smoker_7 aidxhh_7 jbhas_7 jbterm1_7 jbsemp_7 j2has_7
       fiyrdia_7 finnow_7 finfut_7 howlng_7 vote1_7 vote6_7 scsf2a_7 scsf2b_7 scsf3a_7
       scsf3b_7 scsf4a_7 scsf4b_7 scsf5_7 scsf6a_7 scsf6b_7 scsf6c_7 scsf7_7 scghqa_7
       scghqb_7 scghqc_7 scghqd_7 scghqe_7 scghqf_7 scghqg_7 scghqh_7 scghqi_7
       scghqj_7 scghqk_7 scghql_7 scsf1_7 lkmove_8 xpmove_8 caruse_8 mobuse_8
       netpuse_8 smoker_8 aidxhh_8 jbhas_8 jbterm1_8 jbsemp_8 j2has_8 fiyrdia_8
       finnow_8 finfut_8 scsf2a_8 scsf2b_8 scsf3a_8 scsf3b_8 scsf4a_8 scsf4b_8 scsf5_8
       scsf6a_8 scsf6b_8 scsf6c_8 scsf7_8 scghqa_8 scghqb_8 scghqc_8 scghqd_8 scghqe_8
       scghqf_8 scghqg_8 scghqh_8 scghqi_8 scghqj_8 scghqk_8 scghql_8 scsf1_8 mobuse_9
       netpuse_9 smoker_9 jbhas_9 jbterm1_9 jbsemp_9 j2has_9 fiyrdia_9 finnow_9
       finfut_9 lkmove_10 xpmove_10 mobuse_10 netpuse_10 smoker_10 aidxhh_10 jbhas_10
       jbterm1_10 jbsemp_10 j2has_10 fiyrdia_10 finnow_10 finfut_10 scsf1_10 scsf2a_10
       scsf2b_10 scsf3a_10 scsf3b_10 scsf4a_10 scsf4b_10 scsf5_10 scsf6a_10 scsf6b_10
       scsf6c_10 scsf7_10 scghqa_10 scghqb_10 scghqc_10 scghqd_10 scghqe_10 scghqf_10
       scghqg_10 scghqh_10 scghqi_10 scghqj_10 scghqk_10 scghql_10 edu agecat female
       partner sf1 longill london north urban refresh Higher A level GCSE Other age_35
       age_55 age_75 age_102 pred_all pred_no9 pred_p567 pred_p7 pred_all_w pred_no9_w
       pred_p567_w pred_p7_w;

   MISSING=.;

   USEVARIABLES ARE
   scghqg_5
   scghqg_6
   scghqg_7
   scghqg_8
   scghqg_10;

   CATEGORICAL ARE
   scghqg_5
   scghqg_6
   scghqg_7
   scghqg_8
   scghqg_10;
   CLASSES = c(2);

    KNOWNCLASS = c(no9= 1 2);
  WEIGHT IS pred_no9_w;

   ANALYSIS:


      TYPE = MIXTURE;

      ESTIMATOR = MLR;

      ALGORITHM = INTEGRATION;

      Processors = 8(starts);

      STARTS = 400 100;

   Model:


      %OVERALL%

  i s | scghqg_5@0 scghqg_6@1 scghqg_7@2 scghqg_8@3 scghqg_10@5;

   %c#1%
  [s] (a); s ;
   s WITH i ;
   i ;


   %c#2%
  [s] (a); s ;
   s WITH i ;
   i ;


   OUTPUT: SAMPSTAT;

                                  STDYX;




*** WARNING in VARIABLE command
  Note that only the first 8 characters of variable names are used in the output.
  Shorten variable names to avoid any confusion.
*** WARNING
  Data set contains unknown or missing values for variable NO9.
  This variable is used to determine the KNOWNCLASS specification.
  Number of such cases:  111
*** WARNING
  Data set contains cases with missing on all variables.
  These cases were not included in the analysis.
  Number of cases with missing on all variables:  101
   3 WARNING(S) FOUND IN THE INPUT INSTRUCTIONS



Your title goes here

SUMMARY OF ANALYSIS

Number of groups                                                 1
Number of observations                                        1845

Number of dependent variables                                    5
Number of independent variables                                  0
Number of continuous latent variables                            2
Number of categorical latent variables                           1

Observed dependent variables

  Binary and ordered categorical (ordinal)
   SCGHQG_5    SCGHQG_6    SCGHQG_7    SCGHQG_8    SCGHQG_1

Continuous latent variables
   I           S

Categorical latent variables
   C

  Knownclass            C

Variables with special functions

  Weight variable       PRED_NO9

Estimator                                                      MLR
Information matrix                                        OBSERVED
Optimization Specifications for the Quasi-Newton Algorithm for
Continuous Outcomes
  Maximum number of iterations                                 100
  Convergence criterion                                  0.100D-05
Optimization Specifications for the EM Algorithm
  Maximum number of iterations                                 500
  Convergence criteria
    Loglikelihood change                                 0.100D-02
    Relative loglikelihood change                        0.100D-05
    Derivative                                           0.100D-02
Optimization Specifications for the M step of the EM Algorithm for
Categorical Latent variables
  Number of M step iterations                                    1
  M step convergence criterion                           0.100D-02
  Basis for M step termination                           ITERATION
Optimization Specifications for the M step of the EM Algorithm for
Censored, Binary or Ordered Categorical (Ordinal), Unordered
Categorical (Nominal) and Count Outcomes
  Number of M step iterations                                    1
  M step convergence criterion                           0.100D-02
  Basis for M step termination                           ITERATION
  Maximum value for logit thresholds                            15
  Minimum value for logit thresholds                           -15
  Minimum expected cell size for chi-square              0.100D-01
Maximum number of iterations for H1                           2000
Convergence criterion for H1                             0.100D-03
Optimization algorithm                                         EMA
Integration Specifications
  Type                                                    STANDARD
  Number of integration points                                  15
  Dimensions of numerical integration                            2
  Adaptive quadrature                                           ON
Random Starts Specifications
  Number of initial stage random starts                        400
  Number of final stage optimizations                          100
  Number of initial stage iterations                            10
  Initial stage convergence criterion                    0.100D+01
  Random starts scale                                    0.500D+01
  Random seed for generating random starts                       0
Link                                                         LOGIT
Cholesky                                                        ON

Input data file(s)
  data.dta
Input data format  FREE


SUMMARY OF DATA

     Number of missing data patterns            31
     Number of y missing data patterns           0
     Number of u missing data patterns          31


COVARIANCE COVERAGE OF DATA

Minimum covariance coverage value   0.100


     PROPORTION OF DATA PRESENT FOR U


           Covariance Coverage
              SCGHQG_5      SCGHQG_6      SCGHQG_7      SCGHQG_8      SCGHQG_1
              ________      ________      ________      ________      ________
 SCGHQG_5       0.385
 SCGHQG_6       0.292         0.457
 SCGHQG_7       0.264         0.339         0.595
 SCGHQG_8       0.251         0.325         0.470         0.579
 SCGHQG_1       0.223         0.286         0.400         0.433         0.648


UNIVARIATE PROPORTIONS AND COUNTS FOR CATEGORICAL VARIABLES

    SCGHQG_5
      Category 1    0.039           44.547
      Category 2    0.759          857.150
      Category 3    0.160          181.150
      Category 4    0.041           46.569
    SCGHQG_6
      Category 1    0.032           44.709
      Category 2    0.773         1071.029
      Category 3    0.141          196.015
      Category 4    0.053           73.727
    SCGHQG_7
      Category 1    0.044           52.966
      Category 2    0.798          961.222
      Category 3    0.125          150.780
      Category 4    0.033           39.835
    SCGHQG_8
      Category 1    0.039           44.484
      Category 2    0.792          898.532
      Category 3    0.138          156.430
      Category 4    0.031           35.755
    SCGHQG_1
      Category 1    0.032           31.980
      Category 2    0.778          775.284
      Category 3    0.157          156.232
      Category 4    0.033           33.015


SAMPLE STATISTICS

RANDOM STARTS RESULTS RANKED FROM THE BEST TO THE WORST LOGLIKELIHOOD VALUES

Final stage loglikelihood values at local maxima, seeds, and initial stage start numbers:

           -5289.222  592219           119
           -5289.222  82357            339
           -5289.222  520177           262
           -5289.222  509733           130
           -5289.222  939709           112
           -5289.222  529455           268
           -5289.222  372176           23
           -5289.222  871851           257
           -5289.222  761633           50
           -5289.222  76451            211
           -5289.222  27071            15
           -5289.222  836515           341
           -5289.222  992389           77
           -5289.222  120506           45
           -5289.222  407108           366
           -5289.222  791396           243
           -5289.222  21345            199
           -5289.222  529496           343
           -5289.222  415931           10
           -5289.222  387701           275
           -5289.222  801717           364
           -5289.222  215353           164
           -5289.222  948615           140
           -5289.222  354208           196
           -5289.222  59674            240
           -5289.222  303634           169
           -5289.222  797594           234
           -5289.222  616917           261
           -5289.222  951709           348
           -5289.222  849670           347
           -5289.222  392407           221
           -5289.222  635245           121
           -5289.222  871722           355
           -5289.222  unperturbed      0
           -5289.222  23012            352
           -5289.222  625191           350
           -5289.222  579995           183
           -5289.222  804561           59
           -5289.222  637095           207
           -5289.222  22089            143
           -5289.222  440841           118
           -5289.222  642909           251
           -5289.222  801065           393
           -5289.222  857799           315
           -5289.222  50887            389
           -5289.222  319144           176
           -5289.222  192071           142
           -5289.222  780698           337
           -5289.222  267983           228
           -5289.222  514326           325
           -5289.223  967237           48
           -5289.223  563002           360
           -5289.223  802779           122
           -5289.223  609089           241
           -5289.223  124999           96
           -5289.223  488125           368
           -5289.223  373505           88
           -5289.223  17359            227
           -5289.223  407168           44
           -5289.223  181293           212
           -5289.223  848969           173
           -5289.223  282464           283
           -5289.223  195763           358
           -5289.223  928287           197
           -5289.223  695155           150
           -5289.223  617243           237
           -5289.223  696773           80
           -5289.223  694303           282
           -5289.223  246575           291
           -5289.223  195873           6
           -5289.223  645664           39
           -5289.223  836066           372
           -5289.223  49221            254
           -5289.223  644297           340
           -5289.223  197223           332
           -5289.223  391949           295
           -5289.223  751054           117
           -5289.225  496881           192
           -5289.226  685657           69
           -5289.228  170118           238
           -5289.234  568859           49
           -5289.235  724519           333
           -5289.235  260601           36
           -5289.236  422103           62
           -5289.238  576220           115
           -5289.238  456213           160
           -5289.238  21132            351
           -5289.239  637345           19
           -5289.240  479273           156
           -5289.246  545140           278
           -5289.246  813779           92
           -5289.247  210870           383
           -5289.247  259507           53
           -5289.250  726035           191
           -5289.250  466971           109
           -5289.252  475420           71
           -5289.406  467339           66
           -5289.412  551639           55
           -5289.414  415502           194
           -5289.414  284109           82



THE BEST LOGLIKELIHOOD VALUE HAS BEEN REPLICATED.  RERUN WITH AT LEAST TWICE THE
RANDOM STARTS TO CHECK THAT THE BEST LOGLIKELIHOOD IS STILL OBTAINED AND REPLICATED.


THE MODEL ESTIMATION TERMINATED NORMALLY



MODEL FIT INFORMATION

Number of Free Parameters                       12

Loglikelihood

          H0 Value                       -5289.222
          H0 Scaling Correction Factor      2.0922
            for MLR

Information Criteria

          Akaike (AIC)                   10602.445
          Bayesian (BIC)                 10668.688
          Sample-Size Adjusted BIC       10630.564
            (n* = (n + 2) / 24)

Chi-Square Test of Model Fit for the Binary and Ordered Categorical
(Ordinal) Outcomes**

          Pearson Chi-Square

          Value                           1631.107
          Degrees of Freedom                  2014
          P-Value                           1.0000

          Likelihood Ratio Chi-Square

          Value                            632.601
          Degrees of Freedom                  2014
          P-Value                           1.0000

** Of the 3124 cells in the latent class indicator table, 11
   were deleted in the calculation of chi-square due to extreme values.

Chi-Square Test for MCAR under the Unrestricted Latent Class Indicator Model

          Pearson Chi-Square

          Value                           1733.202
          Degrees of Freedom                  4139
          P-Value                           1.0000

          Likelihood Ratio Chi-Square

          Value                           1290.458
          Degrees of Freedom                  4139
          P-Value                           1.0000



FINAL CLASS COUNTS AND PROPORTIONS FOR THE LATENT CLASSES
BASED ON THE ESTIMATED MODEL

    Latent
   Classes

       1       1175.23608          0.63698
       2        669.76392          0.36302


MODEL RESULTS

                                                    Two-Tailed
                    Estimate       S.E.  Est./S.E.    P-Value

Latent Class 1 (1)

 I        |
    SCGHQG_5           1.000      0.000    999.000    999.000
    SCGHQG_6           1.000      0.000    999.000    999.000
    SCGHQG_7           1.000      0.000    999.000    999.000
    SCGHQG_8           1.000      0.000    999.000    999.000
    SCGHQG_10          1.000      0.000    999.000    999.000

 S        |
    SCGHQG_5           0.000      0.000    999.000    999.000
    SCGHQG_6           1.000      0.000    999.000    999.000
    SCGHQG_7           2.000      0.000    999.000    999.000
    SCGHQG_8           3.000      0.000    999.000    999.000
    SCGHQG_10          5.000      0.000    999.000    999.000

 S        WITH
    I                 -0.206      0.170     -1.212      0.225

 Means
    I                  0.068      0.129      0.526      0.599
    S                 -0.010      0.030     -0.330      0.741

 Thresholds
    SCGHQG_5$1        -3.950      0.200    -19.711      0.000
    SCGHQG_5$2         1.915      0.130     14.741      0.000
    SCGHQG_5$3         3.959      0.191     20.727      0.000
    SCGHQG_6$1        -3.950      0.200    -19.711      0.000
    SCGHQG_6$2         1.915      0.130     14.741      0.000
    SCGHQG_6$3         3.959      0.191     20.727      0.000
    SCGHQG_7$1        -3.950      0.200    -19.711      0.000
    SCGHQG_7$2         1.915      0.130     14.741      0.000
    SCGHQG_7$3         3.959      0.191     20.727      0.000
    SCGHQG_8$1        -3.950      0.200    -19.711      0.000
    SCGHQG_8$2         1.915      0.130     14.741      0.000
    SCGHQG_8$3         3.959      0.191     20.727      0.000
    SCGHQG_1$1        -3.950      0.200    -19.711      0.000
    SCGHQG_1$2         1.915      0.130     14.741      0.000
    SCGHQG_1$3         3.959      0.191     20.727      0.000

 Variances
    I                  2.713      0.677      4.007      0.000
    S                  0.030      0.056      0.539      0.590

Latent Class 2 (2)

 I        |
    SCGHQG_5           1.000      0.000    999.000    999.000
    SCGHQG_6           1.000      0.000    999.000    999.000
    SCGHQG_7           1.000      0.000    999.000    999.000
    SCGHQG_8           1.000      0.000    999.000    999.000
    SCGHQG_10          1.000      0.000    999.000    999.000

 S        |
    SCGHQG_5           0.000      0.000    999.000    999.000
    SCGHQG_6           1.000      0.000    999.000    999.000
    SCGHQG_7           2.000      0.000    999.000    999.000
    SCGHQG_8           3.000      0.000    999.000    999.000
    SCGHQG_10          5.000      0.000    999.000    999.000

 S        WITH
    I                  0.002      0.102      0.023      0.981

 Means
    I                  0.000      0.000    999.000    999.000
    S                 -0.010      0.030     -0.330      0.741

 Thresholds
    SCGHQG_5$1        -3.950      0.200    -19.711      0.000
    SCGHQG_5$2         1.915      0.130     14.741      0.000
    SCGHQG_5$3         3.959      0.191     20.727      0.000
    SCGHQG_6$1        -3.950      0.200    -19.711      0.000
    SCGHQG_6$2         1.915      0.130     14.741      0.000
    SCGHQG_6$3         3.959      0.191     20.727      0.000
    SCGHQG_7$1        -3.950      0.200    -19.711      0.000
    SCGHQG_7$2         1.915      0.130     14.741      0.000
    SCGHQG_7$3         3.959      0.191     20.727      0.000
    SCGHQG_8$1        -3.950      0.200    -19.711      0.000
    SCGHQG_8$2         1.915      0.130     14.741      0.000
    SCGHQG_8$3         3.959      0.191     20.727      0.000
    SCGHQG_1$1        -3.950      0.200    -19.711      0.000
    SCGHQG_1$2         1.915      0.130     14.741      0.000
    SCGHQG_1$3         3.959      0.191     20.727      0.000

 Variances
    I                  1.211      0.434      2.787      0.005
    S                  0.003      0.039      0.068      0.946

Categorical Latent Variables

 Means
    C#1                0.562      0.067      8.443      0.000


STANDARDIZED MODEL RESULTS


STDYX Standardization

                                                    Two-Tailed
                    Estimate       S.E.  Est./S.E.    P-Value

Latent Class 1 (1)

 I        |
    SCGHQG_5           0.672      0.046     14.623      0.000
    SCGHQG_6           0.695      0.061     11.474      0.000
    SCGHQG_7           0.715      0.073      9.802      0.000
    SCGHQG_8           0.734      0.081      9.030      0.000
    SCGHQG_10          0.760      0.084      9.004      0.000

 S        |
    SCGHQG_5           0.000      0.000    999.000    999.000
    SCGHQG_6           0.073      0.067      1.098      0.272
    SCGHQG_7           0.151      0.140      1.082      0.279
    SCGHQG_8           0.233      0.216      1.078      0.281
    SCGHQG_10          0.401      0.361      1.112      0.266

 S        WITH
    I                 -0.718      0.239     -2.999      0.003

 Means
    I                  0.041      0.079      0.527      0.598
    S                 -0.057      0.176     -0.324      0.746

 Thresholds
    SCGHQG_5$1        -1.612      0.082    -19.663      0.000
    SCGHQG_5$2         0.782      0.057     13.795      0.000
    SCGHQG_5$3         1.616      0.092     17.517      0.000
    SCGHQG_6$1        -1.666      0.072    -23.267      0.000
    SCGHQG_6$2         0.808      0.053     15.158      0.000
    SCGHQG_6$3         1.670      0.082     20.440      0.000
    SCGHQG_7$1        -1.716      0.073    -23.620      0.000
    SCGHQG_7$2         0.832      0.054     15.332      0.000
    SCGHQG_7$3         1.720      0.081     21.117      0.000
    SCGHQG_8$1        -1.759      0.075    -23.393      0.000
    SCGHQG_8$2         0.853      0.057     15.091      0.000
    SCGHQG_8$3         1.763      0.083     21.223      0.000
    SCGHQG_1$1        -1.822      0.087    -20.861      0.000
    SCGHQG_1$2         0.883      0.066     13.399      0.000
    SCGHQG_1$3         1.826      0.095     19.154      0.000

 Variances
    I                  1.000      0.000    999.000    999.000
    S                  1.000      0.000    999.000    999.000

Latent Class 2 (2)

 I        |
    SCGHQG_5           0.519      0.068      7.626      0.000
    SCGHQG_6           0.518      0.076      6.796      0.000
    SCGHQG_7           0.517      0.082      6.312      0.000
    SCGHQG_8           0.516      0.085      6.059      0.000
    SCGHQG_10          0.514      0.087      5.922      0.000

 S        |
    SCGHQG_5           0.000      0.000    999.000    999.000
    SCGHQG_6           0.024      0.178      0.135      0.892
    SCGHQG_7           0.048      0.356      0.135      0.892
    SCGHQG_8           0.072      0.533      0.135      0.892
    SCGHQG_10          0.119      0.879      0.136      0.892

 S        WITH
    I                  0.043      2.090      0.020      0.984

 Means
    I                  0.000      0.000    999.000    999.000
    S                 -0.193      1.481     -0.131      0.896

 Thresholds
    SCGHQG_5$1        -1.862      0.097    -19.180      0.000
    SCGHQG_5$2         0.903      0.058     15.671      0.000
    SCGHQG_5$3         1.866      0.085     22.053      0.000
    SCGHQG_6$1        -1.860      0.084    -22.156      0.000
    SCGHQG_6$2         0.902      0.056     16.190      0.000
    SCGHQG_6$3         1.865      0.076     24.531      0.000
    SCGHQG_7$1        -1.858      0.079    -23.545      0.000
    SCGHQG_7$2         0.901      0.058     15.654      0.000
    SCGHQG_7$3         1.862      0.079     23.554      0.000
    SCGHQG_8$1        -1.854      0.077    -24.233      0.000
    SCGHQG_8$2         0.899      0.061     14.822      0.000
    SCGHQG_8$3         1.858      0.086     21.513      0.000
    SCGHQG_1$1        -1.844      0.098    -18.878      0.000
    SCGHQG_1$2         0.894      0.075     11.948      0.000
    SCGHQG_1$3         1.848      0.123     15.028      0.000

 Variances
    I                  1.000      0.000    999.000    999.000
    S                  1.000      0.000    999.000    999.000


R-SQUARE

Class 1

    Observed                                        Two-Tailed
    Variable        Estimate       S.E.  Est./S.E.    P-Value

    SCGHQG_5           0.452      0.062      7.312      0.000
    SCGHQG_6           0.415      0.048      8.607      0.000
    SCGHQG_7           0.379      0.043      8.881      0.000
    SCGHQG_8           0.347      0.044      7.934      0.000
    SCGHQG_1           0.300      0.073      4.116      0.000

Class 2

    Observed                                        Two-Tailed
    Variable        Estimate       S.E.  Est./S.E.    P-Value

    SCGHQG_5           0.269      0.071      3.813      0.000
    SCGHQG_6           0.270      0.051      5.349      0.000
    SCGHQG_7           0.272      0.043      6.387      0.000
    SCGHQG_8           0.275      0.046      6.032      0.000
    SCGHQG_1           0.283      0.085      3.313      0.001


QUALITY OF NUMERICAL RESULTS

     Condition Number for the Information Matrix              0.152E-02
       (ratio of smallest to largest eigenvalue)


     Beginning Time:  20:15:59
        Ending Time:  20:20:21
       Elapsed Time:  00:04:22



MUTHEN & MUTHEN
3463 Stoner Ave.
Los Angeles, CA  90066

Tel: (310) 391-9971
Fax: (310) 391-8971
Web: www.StatModel.com
Support: Support@StatModel.com

Copyright (c) 1998-2019 Muthen & Muthen
