Mplus VERSION 8.3
MUTHEN & MUTHEN
07/31/2020  12:21 PM

INPUT INSTRUCTIONS

  TITLE: Your title goes here

   DATA: FILE = data.dta;

   VARIABLE:

   NAMES = pidp gridmode mm hidp_5 hidp_6 hidp_7 hidp_8 hidp_9 hidp_10 indmode_5
       indmode_6 indmode_7 indmode_8 indmode_9 indmode_10 mode_type_all mode_type_no9
       mode_type_567 mode_type_7 all no9 p567 p7 switch_all switch_no9 switch_567
       switch_7 lkmove_5 xpmove_5 caruse_5 mobuse_5 netpuse_5 aidxhh_5 jbhas_5 j2has_5
       finnow_5 finfut_5 howlng_5 vote1_5 vote6_5 scsf1_5 scsf2a_5 scsf2b_5 scsf3a_5
       scsf3b_5 scsf4a_5 scsf4b_5 scsf5_5 scsf6a_5 scsf6b_5 scsf6c_5 scsf7_5 scghqa_5
       scghqb_5 scghqc_5 scghqd_5 scghqe_5 scghqf_5 scghqg_5 scghqh_5 scghqi_5
       scghqj_5 scghqk_5 scghql_5 lkmove_6 xpmove_6 caruse_6 mobuse_6 netpuse_6
       aidxhh_6 jbhas_6 j2has_6 finnow_6 finfut_6 howlng_6 vote1_6 vote6_6 scsf1_6
       scsf2a_6 scsf2b_6 scsf3a_6 scsf3b_6 scsf4a_6 scsf4b_6 scsf5_6 scsf6a_6 scsf6b_6
       scsf6c_6 scsf7_6 scghqa_6 scghqb_6 scghqc_6 scghqd_6 scghqe_6 scghqf_6 scghqg_6
       scghqh_6 scghqi_6 scghqj_6 scghqk_6 scghql_6 lkmove_7 xpmove_7 caruse_7
       mobuse_7 netpuse_7 smoker_7 aidxhh_7 jbhas_7 jbterm1_7 jbsemp_7 j2has_7
       fiyrdia_7 finnow_7 finfut_7 howlng_7 vote1_7 vote6_7 scsf2a_7 scsf2b_7 scsf3a_7
       scsf3b_7 scsf4a_7 scsf4b_7 scsf5_7 scsf6a_7 scsf6b_7 scsf6c_7 scsf7_7 scghqa_7
       scghqb_7 scghqc_7 scghqd_7 scghqe_7 scghqf_7 scghqg_7 scghqh_7 scghqi_7
       scghqj_7 scghqk_7 scghql_7 scsf1_7 lkmove_8 xpmove_8 caruse_8 mobuse_8
       netpuse_8 smoker_8 aidxhh_8 jbhas_8 jbterm1_8 jbsemp_8 j2has_8 fiyrdia_8
       finnow_8 finfut_8 scsf2a_8 scsf2b_8 scsf3a_8 scsf3b_8 scsf4a_8 scsf4b_8 scsf5_8
       scsf6a_8 scsf6b_8 scsf6c_8 scsf7_8 scghqa_8 scghqb_8 scghqc_8 scghqd_8 scghqe_8
       scghqf_8 scghqg_8 scghqh_8 scghqi_8 scghqj_8 scghqk_8 scghql_8 scsf1_8 mobuse_9
       netpuse_9 smoker_9 jbhas_9 jbterm1_9 jbsemp_9 j2has_9 fiyrdia_9 finnow_9
       finfut_9 lkmove_10 xpmove_10 mobuse_10 netpuse_10 smoker_10 aidxhh_10 jbhas_10
       jbterm1_10 jbsemp_10 j2has_10 fiyrdia_10 finnow_10 finfut_10 scsf1_10 scsf2a_10
       scsf2b_10 scsf3a_10 scsf3b_10 scsf4a_10 scsf4b_10 scsf5_10 scsf6a_10 scsf6b_10
       scsf6c_10 scsf7_10 scghqa_10 scghqb_10 scghqc_10 scghqd_10 scghqe_10 scghqf_10
       scghqg_10 scghqh_10 scghqi_10 scghqj_10 scghqk_10 scghql_10 edu agecat female
       partner sf1 longill london north urban refresh Higher A level GCSE Other age_35
       age_55 age_75 age_102 pred_all pred_no9 pred_p567 pred_p7 pred_all_w pred_no9_w
       pred_p567_w pred_p7_w;

   MISSING=.;

   USEVARIABLES ARE
   smoker_7
   smoker_8
   smoker_9
   smoker_10;

   CATEGORICAL ARE
   smoker_7
   smoker_8
   smoker_9
   smoker_10;
   CLASSES = c(2);

    KNOWNCLASS = c(p7= 1 2);
  WEIGHT IS pred_p7_w;

   ANALYSIS:


      TYPE = MIXTURE;

      ESTIMATOR = MLR;

      ALGORITHM = INTEGRATION;

      Processors = 8(starts);

      STARTS = 400 100;

   Model:


      %OVERALL%

  i s | smoker_7@2 smoker_8@3 smoker_9@4 smoker_10@5;

   %c#1%
  [s] (a); s ;
   s WITH i ;
   i ;


   %c#2%
  [s] (a); s ;
   s WITH i ;
   i ;


   OUTPUT: SAMPSTAT;

                                  STDYX;




*** WARNING in VARIABLE command
  Note that only the first 8 characters of variable names are used in the output.
  Shorten variable names to avoid any confusion.
*** WARNING
  Data set contains unknown or missing values for variable P7.
  This variable is used to determine the KNOWNCLASS specification.
  Number of such cases:  343
*** WARNING
  Data set contains cases with missing on all variables.
  These cases were not included in the analysis.
  Number of cases with missing on all variables:  1
   3 WARNING(S) FOUND IN THE INPUT INSTRUCTIONS



Your title goes here

SUMMARY OF ANALYSIS

Number of groups                                                 1
Number of observations                                        1713

Number of dependent variables                                    4
Number of independent variables                                  0
Number of continuous latent variables                            2
Number of categorical latent variables                           1

Observed dependent variables

  Binary and ordered categorical (ordinal)
   SMOKER_7    SMOKER_8    SMOKER_9    SMOKER_1

Continuous latent variables
   I           S

Categorical latent variables
   C

  Knownclass            C

Variables with special functions

  Weight variable       PRED_P7_

Estimator                                                      MLR
Information matrix                                        OBSERVED
Optimization Specifications for the Quasi-Newton Algorithm for
Continuous Outcomes
  Maximum number of iterations                                 100
  Convergence criterion                                  0.100D-05
Optimization Specifications for the EM Algorithm
  Maximum number of iterations                                 500
  Convergence criteria
    Loglikelihood change                                 0.100D-02
    Relative loglikelihood change                        0.100D-05
    Derivative                                           0.100D-02
Optimization Specifications for the M step of the EM Algorithm for
Categorical Latent variables
  Number of M step iterations                                    1
  M step convergence criterion                           0.100D-02
  Basis for M step termination                           ITERATION
Optimization Specifications for the M step of the EM Algorithm for
Censored, Binary or Ordered Categorical (Ordinal), Unordered
Categorical (Nominal) and Count Outcomes
  Number of M step iterations                                    1
  M step convergence criterion                           0.100D-02
  Basis for M step termination                           ITERATION
  Maximum value for logit thresholds                            15
  Minimum value for logit thresholds                           -15
  Minimum expected cell size for chi-square              0.100D-01
Maximum number of iterations for H1                           2000
Convergence criterion for H1                             0.100D-03
Optimization algorithm                                         EMA
Integration Specifications
  Type                                                    STANDARD
  Number of integration points                                  15
  Dimensions of numerical integration                            2
  Adaptive quadrature                                           ON
Random Starts Specifications
  Number of initial stage random starts                        400
  Number of final stage optimizations                          100
  Number of initial stage iterations                            10
  Initial stage convergence criterion                    0.100D+01
  Random starts scale                                    0.500D+01
  Random seed for generating random starts                       0
Link                                                         LOGIT
Cholesky                                                        ON

Input data file(s)
  data.dta
Input data format  FREE


SUMMARY OF DATA

     Number of missing data patterns            15
     Number of y missing data patterns           0
     Number of u missing data patterns          15


COVARIANCE COVERAGE OF DATA

Minimum covariance coverage value   0.100


     PROPORTION OF DATA PRESENT FOR U


           Covariance Coverage
              SMOKER_7      SMOKER_8      SMOKER_9      SMOKER_1
              ________      ________      ________      ________
 SMOKER_7       0.682
 SMOKER_8       0.551         0.649
 SMOKER_9       0.515         0.546         0.625
 SMOKER_1       0.460         0.490         0.504         0.723


UNIVARIATE PROPORTIONS AND COUNTS FOR CATEGORICAL VARIABLES

    SMOKER_7
      Category 1    0.838          978.730
      Category 2    0.162          189.064
    SMOKER_8
      Category 1    0.834          927.671
      Category 2    0.166          184.008
    SMOKER_9
      Category 1    0.849          907.665
      Category 2    0.151          162.005
    SMOKER_1
      Category 1    0.851         1053.849
      Category 2    0.149          184.066


SAMPLE STATISTICS

RANDOM STARTS RESULTS RANKED FROM THE BEST TO THE WORST LOGLIKELIHOOD VALUES

Final stage loglikelihood values at local maxima, seeds, and initial stage start numbers:

           -2225.802  618000           190
           -2225.882  264081           186
           -2225.925  414284           158
           -2226.131  475420           71
           -2226.155  650371           14
           -2226.388  636396           168
           -2226.461  318230           46
           -2227.154  863094           147
           -2227.251  529496           343
           -2227.618  579995           183
           -2229.836  496881           192
           -2229.867  931874           141
           -2230.012  777045           377
           -2230.017  534864           307
           -2231.222  70118            104
           -2233.084  887676           22
           -2233.992  485256           371
           -2234.071  120506           45
           -2234.413  609089           241
           -2234.839  580405           286
           -2234.856  105435           265
           -2235.084  793035           187
           -2235.084  40340            188
           -2235.350  462228           298
           -2235.351  576220           115
           -2235.351  840031           276
           -2235.351  181293           212
           -2235.351  939709           112
           -2235.352  347515           24
           -2235.376  846194           93
           -2235.387  534483           290
           -2235.539  484687           306
           -2235.896  860772           174
           -2236.096  967902           52
           -2236.134  131856           90
           -2236.135  655497           376
           -2236.135  173440           328
           -2236.138  313407           132
           -2236.139  340112           126
           -2236.140  137305           379
           -2236.142  851945           18
           -2236.143  679832           302
           -2236.153  182524           373
           -2236.178  297518           166
           -2236.190  464179           106
           -2236.255  701525           239
           -2236.261  992389           77
           -2236.269  794236           127
           -2236.326  372176           23
           -2236.414  247224           94
           -2236.461  366706           29
           -2236.462  608849           224
           -2236.471  849670           347
           -2236.471  836515           341
           -2236.550  625191           350
           -2236.691  973369           202
           -2236.783  268217           83
           -2236.832  871722           355
           -2236.875  616917           261
           -2236.875  387701           275
           -2236.875  507154           387
           -2236.876  481835           57
           -2236.886  533738           11
           -2237.025  80438            246
           -2237.031  521575           313
           -2237.036  467339           66
           -2237.174  960438           116
           -2237.175  717754           180
           -2237.176  76337            76
           -2237.178  153053           378
           -2237.179  597614           284
           -2237.179  22089            143
           -2237.179  635245           121
           -2237.246  66276            217
           -2237.271  648555           113
           -2237.470  341041           34
           -2238.025  206099           363
           -2238.254  264935           281
           -2238.775  391179           78
           -2238.778  568405           233
           -2238.851  667250           318
           -2239.056  749453           33
           -2239.752  991329           182
           -2240.044  483369           270
           -2240.453  123985           248
           -2240.457  1548             384
           -2240.461  782821           272
           -2240.465  76974            16
           -2240.746  875667           367
           -2241.854  416250           390
           -2241.919  253358           2
           -2241.962  575700           100
           -2241.966  215353           164
           -2242.050  354559           73
           -2243.228  637095           207
           -2243.265  175199           247
           -2243.609  57226            208
           -2244.873  281462           285
           -2247.342  81117            305
           -2261.633  602797           336



THE BEST LOGLIKELIHOOD VALUE HAS BEEN REPLICATED.  RERUN WITH AT LEAST TWICE THE
RANDOM STARTS TO CHECK THAT THE BEST LOGLIKELIHOOD IS STILL OBTAINED AND REPLICATED.

     WARNING: THE MODEL ESTIMATION HAS REACHED A SADDLE POINT OR A POINT WHERE THE
     OBSERVED AND THE EXPECTED INFORMATION MATRICES DO NOT MATCH.
     AN ADJUSTMENT TO THE ESTIMATION OF THE INFORMATION MATRIX HAS BEEN MADE.
     THE CONDITION NUMBER IS      -0.163D-01.
     THE PROBLEM MAY ALSO BE RESOLVED BY TURNING OFF THE CHOLESKY OPTION OR
     BY DECREASING THE VALUE OF THE MCONVERGENCE OPTION OR BY CHANGING THE STARTING VALUES
     OR BY INCREASING THE NUMBER OF INTEGRATION POINTS OR BY USING THE MLF ESTIMATOR.


THE MODEL ESTIMATION TERMINATED NORMALLY



MODEL FIT INFORMATION

Number of Free Parameters                       10

Loglikelihood

          H0 Value                       -2225.802
          H0 Scaling Correction Factor      2.7024
            for MLR

Information Criteria

          Akaike (AIC)                    4471.604
          Bayesian (BIC)                  4526.064
          Sample-Size Adjusted BIC        4494.296
            (n* = (n + 2) / 24)

Chi-Square Test of Model Fit for the Binary and Ordered Categorical
(Ordinal) Outcomes**

          Pearson Chi-Square

          Value                           1335.037
          Degrees of Freedom                    14
          P-Value                           0.0000

          Likelihood Ratio Chi-Square

          Value                            199.912
          Degrees of Freedom                    14
          P-Value                           0.0000

** Of the 80 cells in the latent class indicator table, 3
   were deleted in the calculation of chi-square due to extreme values.

Chi-Square Test for MCAR under the Unrestricted Latent Class Indicator Model

          Pearson Chi-Square

          Value                            149.100
          Degrees of Freedom                    99
          P-Value                           0.0009

          Likelihood Ratio Chi-Square

          Value                            118.152
          Degrees of Freedom                    99
          P-Value                           0.0920



FINAL CLASS COUNTS AND PROPORTIONS FOR THE LATENT CLASSES
BASED ON THE ESTIMATED MODEL

    Latent
   Classes

       1       1194.96780          0.69759
       2        518.03220          0.30241


MODEL RESULTS

                                                    Two-Tailed
                    Estimate       S.E.  Est./S.E.    P-Value

Latent Class 1 (1)

 I        |
    SMOKER_7           1.000      0.000    999.000    999.000
    SMOKER_8           1.000      0.000    999.000    999.000
    SMOKER_9           1.000      0.000    999.000    999.000
    SMOKER_10          1.000      0.000    999.000    999.000

 S        |
    SMOKER_7           2.000      0.000    999.000    999.000
    SMOKER_8           3.000      0.000    999.000    999.000
    SMOKER_9           4.000      0.000    999.000    999.000
    SMOKER_10          5.000      0.000    999.000    999.000

 S        WITH
    I                 -4.278     30.941     -0.138      0.890

 Means
    I                  0.525      5.986      0.088      0.930
    S                 -4.875      4.821     -1.011      0.312

 Thresholds
    SMOKER_7$1         1.094      3.159      0.346      0.729
    SMOKER_8$1         1.094      3.159      0.346      0.729
    SMOKER_9$1         1.094      3.159      0.346      0.729
    SMOKER_1$1         1.094      3.159      0.346      0.729

 Variances
    I                 21.755    190.161      0.114      0.909
    S                 27.097     80.810      0.335      0.737

Latent Class 2 (2)

 I        |
    SMOKER_7           1.000      0.000    999.000    999.000
    SMOKER_8           1.000      0.000    999.000    999.000
    SMOKER_9           1.000      0.000    999.000    999.000
    SMOKER_10          1.000      0.000    999.000    999.000

 S        |
    SMOKER_7           2.000      0.000    999.000    999.000
    SMOKER_8           3.000      0.000    999.000    999.000
    SMOKER_9           4.000      0.000    999.000    999.000
    SMOKER_10          5.000      0.000    999.000    999.000

 S        WITH
    I                 -3.094      5.457     -0.567      0.571

 Means
    I                  0.000      0.000    999.000    999.000
    S                 -4.875      4.821     -1.011      0.312

 Thresholds
    SMOKER_7$1         1.094      3.159      0.346      0.729
    SMOKER_8$1         1.094      3.159      0.346      0.729
    SMOKER_9$1         1.094      3.159      0.346      0.729
    SMOKER_1$1         1.094      3.159      0.346      0.729

 Variances
    I                 11.106     14.371      0.773      0.440
    S                 21.172     31.141      0.680      0.497

Categorical Latent Variables

 Means
    C#1                0.836      0.053     15.897      0.000


STANDARDIZED MODEL RESULTS


STDYX Standardization

                                                    Two-Tailed
                    Estimate       S.E.  Est./S.E.    P-Value

Latent Class 1 (1)

 I        |
    SMOKER_7           0.432      1.169      0.370      0.712
    SMOKER_8           0.299      0.860      0.348      0.728
    SMOKER_9           0.226      0.662      0.342      0.732
    SMOKER_10          0.182      0.534      0.340      0.734

 S        |
    SMOKER_7           0.965      0.178      5.424      0.000
    SMOKER_8           1.001      0.014     72.151      0.000
    SMOKER_9           1.011      0.036     27.922      0.000
    SMOKER_10          1.013      0.051     19.723      0.000

 S        WITH
    I                 -0.176      0.245     -0.720      0.471

 Means
    I                  0.112      1.768      0.064      0.949
    S                 -0.937      0.473     -1.979      0.048

 Thresholds
    SMOKER_7$1         0.101      0.460      0.221      0.825
    SMOKER_8$1         0.070      0.306      0.229      0.819
    SMOKER_9$1         0.053      0.229      0.232      0.817
    SMOKER_1$1         0.043      0.183      0.232      0.816

 Variances
    I                  1.000      0.000    999.000    999.000
    S                  1.000      0.000    999.000    999.000

Latent Class 2 (2)

 I        |
    SMOKER_7           0.358      0.296      1.208      0.227
    SMOKER_8           0.244      0.214      1.143      0.253
    SMOKER_9           0.184      0.164      1.124      0.261
    SMOKER_10          0.147      0.132      1.118      0.263

 S        |
    SMOKER_7           0.988      0.093     10.606      0.000
    SMOKER_8           1.011      0.047     21.299      0.000
    SMOKER_9           1.016      0.033     30.517      0.000
    SMOKER_10          1.016      0.027     37.747      0.000

 S        WITH
    I                 -0.202      0.150     -1.347      0.178

 Means
    I                  0.000      0.000    999.000    999.000
    S                 -1.060      0.271     -3.910      0.000

 Thresholds
    SMOKER_7$1         0.117      0.413      0.284      0.776
    SMOKER_8$1         0.080      0.286      0.280      0.780
    SMOKER_9$1         0.060      0.217      0.278      0.781
    SMOKER_1$1         0.048      0.174      0.278      0.781

 Variances
    I                  1.000      0.000    999.000    999.000
    S                  1.000      0.000    999.000    999.000


R-SQUARE

Class 1

    Observed                                        Two-Tailed
    Variable        Estimate       S.E.  Est./S.E.    P-Value

    SMOKER_7           0.972      0.095     10.261      0.000
    SMOKER_8           0.986      0.041     24.243      0.000
    SMOKER_9           0.992      0.023     43.948      0.000
    SMOKER_1           0.995      0.014     69.214      0.000

Class 2

    Observed                                        Two-Tailed
    Variable        Estimate       S.E.  Est./S.E.    P-Value

    SMOKER_7           0.962      0.049     19.713      0.000
    SMOKER_8           0.982      0.025     39.972      0.000
    SMOKER_9           0.990      0.014     69.084      0.000
    SMOKER_1           0.994      0.009    106.978      0.000


QUALITY OF NUMERICAL RESULTS

     Condition Number for the Information Matrix             -0.163E-01
       (ratio of smallest to largest eigenvalue)


     Beginning Time:  12:21:10
        Ending Time:  12:22:45
       Elapsed Time:  00:01:35



MUTHEN & MUTHEN
3463 Stoner Ave.
Los Angeles, CA  90066

Tel: (310) 391-9971
Fax: (310) 391-8971
Web: www.StatModel.com
Support: Support@StatModel.com

Copyright (c) 1998-2019 Muthen & Muthen
