Mplus VERSION 8.3
MUTHEN & MUTHEN
07/30/2020   7:56 PM

INPUT INSTRUCTIONS

  TITLE: Your title goes here

   DATA: FILE = data.dta;

   VARIABLE:

   NAMES = pidp gridmode mm hidp_5 hidp_6 hidp_7 hidp_8 hidp_9 hidp_10 indmode_5
       indmode_6 indmode_7 indmode_8 indmode_9 indmode_10 mode_type_all mode_type_no9
       mode_type_567 mode_type_7 all no9 p567 p7 switch_all switch_no9 switch_567
       switch_7 lkmove_5 xpmove_5 caruse_5 mobuse_5 netpuse_5 aidxhh_5 jbhas_5 j2has_5
       finnow_5 finfut_5 howlng_5 vote1_5 vote6_5 scsf1_5 scsf2a_5 scsf2b_5 scsf3a_5
       scsf3b_5 scsf4a_5 scsf4b_5 scsf5_5 scsf6a_5 scsf6b_5 scsf6c_5 scsf7_5 scghqa_5
       scghqb_5 scghqc_5 scghqd_5 scghqe_5 scghqf_5 scghqg_5 scghqh_5 scghqi_5
       scghqj_5 scghqk_5 scghql_5 lkmove_6 xpmove_6 caruse_6 mobuse_6 netpuse_6
       aidxhh_6 jbhas_6 j2has_6 finnow_6 finfut_6 howlng_6 vote1_6 vote6_6 scsf1_6
       scsf2a_6 scsf2b_6 scsf3a_6 scsf3b_6 scsf4a_6 scsf4b_6 scsf5_6 scsf6a_6 scsf6b_6
       scsf6c_6 scsf7_6 scghqa_6 scghqb_6 scghqc_6 scghqd_6 scghqe_6 scghqf_6 scghqg_6
       scghqh_6 scghqi_6 scghqj_6 scghqk_6 scghql_6 lkmove_7 xpmove_7 caruse_7
       mobuse_7 netpuse_7 smoker_7 aidxhh_7 jbhas_7 jbterm1_7 jbsemp_7 j2has_7
       fiyrdia_7 finnow_7 finfut_7 howlng_7 vote1_7 vote6_7 scsf2a_7 scsf2b_7 scsf3a_7
       scsf3b_7 scsf4a_7 scsf4b_7 scsf5_7 scsf6a_7 scsf6b_7 scsf6c_7 scsf7_7 scghqa_7
       scghqb_7 scghqc_7 scghqd_7 scghqe_7 scghqf_7 scghqg_7 scghqh_7 scghqi_7
       scghqj_7 scghqk_7 scghql_7 scsf1_7 lkmove_8 xpmove_8 caruse_8 mobuse_8
       netpuse_8 smoker_8 aidxhh_8 jbhas_8 jbterm1_8 jbsemp_8 j2has_8 fiyrdia_8
       finnow_8 finfut_8 scsf2a_8 scsf2b_8 scsf3a_8 scsf3b_8 scsf4a_8 scsf4b_8 scsf5_8
       scsf6a_8 scsf6b_8 scsf6c_8 scsf7_8 scghqa_8 scghqb_8 scghqc_8 scghqd_8 scghqe_8
       scghqf_8 scghqg_8 scghqh_8 scghqi_8 scghqj_8 scghqk_8 scghql_8 scsf1_8 mobuse_9
       netpuse_9 smoker_9 jbhas_9 jbterm1_9 jbsemp_9 j2has_9 fiyrdia_9 finnow_9
       finfut_9 lkmove_10 xpmove_10 mobuse_10 netpuse_10 smoker_10 aidxhh_10 jbhas_10
       jbterm1_10 jbsemp_10 j2has_10 fiyrdia_10 finnow_10 finfut_10 scsf1_10 scsf2a_10
       scsf2b_10 scsf3a_10 scsf3b_10 scsf4a_10 scsf4b_10 scsf5_10 scsf6a_10 scsf6b_10
       scsf6c_10 scsf7_10 scghqa_10 scghqb_10 scghqc_10 scghqd_10 scghqe_10 scghqf_10
       scghqg_10 scghqh_10 scghqi_10 scghqj_10 scghqk_10 scghql_10 edu agecat female
       partner sf1 longill london north urban refresh Higher A level GCSE Other age_35
       age_55 age_75 age_102 pred_all pred_no9 pred_p567 pred_p7 pred_all_w pred_no9_w
       pred_p567_w pred_p7_w;

   MISSING=.;

   USEVARIABLES ARE
   scghqg_5
   scghqg_6
   scghqg_7
   scghqg_8
   scghqg_10;

   CATEGORICAL ARE
   scghqg_5
   scghqg_6
   scghqg_7
   scghqg_8
   scghqg_10;
   CLASSES = c(2);

    KNOWNCLASS = c(mm= 1 2);

   ANALYSIS:


      TYPE = MIXTURE;

      ESTIMATOR = MLR;

      ALGORITHM = INTEGRATION;

      Processors = 8(starts);

      STARTS = 400 100;

   Model:


      %OVERALL%

  i s | scghqg_5@0 scghqg_6@1 scghqg_7@2 scghqg_8@3 scghqg_10@5;

   %c#1%
  [s] (a);
   s (b);
   s WITH i (c);
   i (d);

   %c#2%
  [s] (a);
   s (b);
   s WITH i (c);
   i (d);

   OUTPUT: SAMPSTAT;

                                  STDYX;




*** WARNING in VARIABLE command
  Note that only the first 8 characters of variable names are used in the output.
  Shorten variable names to avoid any confusion.
*** WARNING
  Data set contains unknown or missing values for variable MM.
  This variable is used to determine the KNOWNCLASS specification.
  Number of such cases:  458
*** WARNING
  Data set contains cases with missing on all variables.
  These cases were not included in the analysis.
  Number of cases with missing on all variables:  166
   3 WARNING(S) FOUND IN THE INPUT INSTRUCTIONS



Your title goes here

SUMMARY OF ANALYSIS

Number of groups                                                 1
Number of observations                                        1433

Number of dependent variables                                    5
Number of independent variables                                  0
Number of continuous latent variables                            2
Number of categorical latent variables                           1

Observed dependent variables

  Binary and ordered categorical (ordinal)
   SCGHQG_5    SCGHQG_6    SCGHQG_7    SCGHQG_8    SCGHQG_1

Continuous latent variables
   I           S

Categorical latent variables
   C

  Knownclass            C


Estimator                                                      MLR
Information matrix                                        OBSERVED
Optimization Specifications for the Quasi-Newton Algorithm for
Continuous Outcomes
  Maximum number of iterations                                 100
  Convergence criterion                                  0.100D-05
Optimization Specifications for the EM Algorithm
  Maximum number of iterations                                 500
  Convergence criteria
    Loglikelihood change                                 0.100D-02
    Relative loglikelihood change                        0.100D-05
    Derivative                                           0.100D-02
Optimization Specifications for the M step of the EM Algorithm for
Categorical Latent variables
  Number of M step iterations                                    1
  M step convergence criterion                           0.100D-02
  Basis for M step termination                           ITERATION
Optimization Specifications for the M step of the EM Algorithm for
Censored, Binary or Ordered Categorical (Ordinal), Unordered
Categorical (Nominal) and Count Outcomes
  Number of M step iterations                                    1
  M step convergence criterion                           0.100D-02
  Basis for M step termination                           ITERATION
  Maximum value for logit thresholds                            15
  Minimum value for logit thresholds                           -15
  Minimum expected cell size for chi-square              0.100D-01
Maximum number of iterations for H1                           2000
Convergence criterion for H1                             0.100D-03
Optimization algorithm                                         EMA
Integration Specifications
  Type                                                    STANDARD
  Number of integration points                                  15
  Dimensions of numerical integration                            2
  Adaptive quadrature                                           ON
Random Starts Specifications
  Number of initial stage random starts                        400
  Number of final stage optimizations                          100
  Number of initial stage iterations                            10
  Initial stage convergence criterion                    0.100D+01
  Random starts scale                                    0.500D+01
  Random seed for generating random starts                       0
Link                                                         LOGIT
Cholesky                                                        ON

Input data file(s)
  data.dta
Input data format  FREE


SUMMARY OF DATA

     Number of missing data patterns            31
     Number of y missing data patterns           0
     Number of u missing data patterns          31


COVARIANCE COVERAGE OF DATA

Minimum covariance coverage value   0.100


     PROPORTION OF DATA PRESENT FOR U


           Covariance Coverage
              SCGHQG_5      SCGHQG_6      SCGHQG_7      SCGHQG_8      SCGHQG_1
              ________      ________      ________      ________      ________
 SCGHQG_5       0.496
 SCGHQG_6       0.375         0.588
 SCGHQG_7       0.341         0.436         0.648
 SCGHQG_8       0.323         0.419         0.502         0.634
 SCGHQG_1       0.287         0.368         0.433         0.477         0.585


UNIVARIATE PROPORTIONS AND COUNTS FOR CATEGORICAL VARIABLES

    SCGHQG_5
      Category 1    0.045           32.000
      Category 2    0.778          553.000
      Category 3    0.146          104.000
      Category 4    0.031           22.000
    SCGHQG_6
      Category 1    0.033           28.000
      Category 2    0.794          669.000
      Category 3    0.136          115.000
      Category 4    0.037           31.000
    SCGHQG_7
      Category 1    0.043           40.000
      Category 2    0.797          740.000
      Category 3    0.134          124.000
      Category 4    0.026           24.000
    SCGHQG_8
      Category 1    0.042           38.000
      Category 2    0.798          725.000
      Category 3    0.135          123.000
      Category 4    0.024           22.000
    SCGHQG_1
      Category 1    0.047           39.000
      Category 2    0.773          648.000
      Category 3    0.142          119.000
      Category 4    0.038           32.000


SAMPLE STATISTICS

RANDOM STARTS RESULTS RANKED FROM THE BEST TO THE WORST LOGLIKELIHOOD VALUES

Final stage loglikelihood values at local maxima, seeds, and initial stage start numbers:

           -3850.810  939709           112
           -3850.810  478421           311
           -3850.810  264081           186
           -3850.810  440841           118
           -3850.810  352277           42
           -3850.810  568405           233
           -3850.810  185071           370
           -3850.810  688839           273
           -3850.810  913639           162
           -3850.810  836515           341
           -3850.810  12477            155
           -3850.810  849670           347
           -3850.810  319144           176
           -3850.810  765392           382
           -3850.810  246261           38
           -3850.810  360419           356
           -3850.810  267983           228
           -3850.810  27071            15
           -3850.810  551639           55
           -3850.810  985387           381
           -3850.810  123985           248
           -3850.810  848331           137
           -3850.810  568859           49
           -3850.810  76337            76
           -3850.810  51375            148
           -3850.810  617243           237
           -3850.810  81117            305
           -3850.810  821011           161
           -3850.810  93468            3
           -3850.810  66276            217
           -3850.810  576726           280
           -3850.810  23012            352
           -3850.810  754100           56
           -3850.810  801717           364
           -3850.810  73576            213
           -3850.810  605358           321
           -3850.810  863094           147
           -3850.810  509733           130
           -3850.810  215353           164
           -3850.810  227563           63
           -3850.810  650371           14
           -3850.810  903369           134
           -3850.810  370466           41
           -3850.810  76451            211
           -3850.810  192071           142
           -3850.810  642909           251
           -3850.810  311214           64
           -3850.810  857799           315
           -3850.810  21345            199
           -3850.810  579995           183
           -3850.810  761633           50
           -3850.810  unperturbed      0
           -3850.810  193847           354
           -3850.810  268217           83
           -3850.810  595153           230
           -3850.810  210870           383
           -3850.810  152496           123
           -3850.810  544048           87
           -3850.810  789985           67
           -3850.810  694303           282
           -3850.810  608849           224
           -3850.810  685657           69
           -3850.810  50887            389
           -3850.810  350608           334
           -3850.810  602797           336
           -3850.810  967237           48
           -3850.810  232559           136
           -3850.810  945065           255
           -3850.810  616917           261
           -3850.810  512836           289
           -3850.810  939021           8
           -3850.810  723775           97
           -3850.810  728038           177
           -3850.810  948615           140
           -3850.810  464179           106
           -3850.810  15715            274
           -3850.810  992389           77
           -3850.810  900268           327
           -3850.810  415931           10
           -3850.810  387701           275
           -3850.810  481835           57
           -3850.810  891531           206
           -3850.810  316165           299
           -3850.810  930323           267
           -3850.810  411615           171
           -3850.810  314757           345
           -3850.810  902278           21
           -3850.810  61587            400
           -3850.810  836066           372
           -3850.810  529455           268
           -3850.811  714997           399
           -3850.818  951709           348
           -3850.820  92689            304
           -3850.820  259507           53
           -3850.820  303634           169
           -3850.822  997222           229
           -3850.822  726035           191
           -3850.823  178475           231
           -3851.815  479273           156
           -3851.816  794236           127



THE BEST LOGLIKELIHOOD VALUE HAS BEEN REPLICATED.  RERUN WITH AT LEAST TWICE THE
RANDOM STARTS TO CHECK THAT THE BEST LOGLIKELIHOOD IS STILL OBTAINED AND REPLICATED.


THE MODEL ESTIMATION TERMINATED NORMALLY



MODEL FIT INFORMATION

Number of Free Parameters                        9

Loglikelihood

          H0 Value                       -3850.810
          H0 Scaling Correction Factor      1.1196
            for MLR

Information Criteria

          Akaike (AIC)                    7719.619
          Bayesian (BIC)                  7767.027
          Sample-Size Adjusted BIC        7738.437
            (n* = (n + 2) / 24)

Chi-Square Test of Model Fit for the Binary and Ordered Categorical
(Ordinal) Outcomes**

          Pearson Chi-Square

          Value                           1917.550
          Degrees of Freedom                  2018
          P-Value                           0.9449

          Likelihood Ratio Chi-Square

          Value                            373.893
          Degrees of Freedom                  2018
          P-Value                           1.0000

** Of the 3124 cells in the latent class indicator table, 9
   were deleted in the calculation of chi-square due to extreme values.

Chi-Square Test for MCAR under the Unrestricted Latent Class Indicator Model

          Pearson Chi-Square

          Value                           1179.094
          Degrees of Freedom                  4139
          P-Value                           1.0000

          Likelihood Ratio Chi-Square

          Value                            785.211
          Degrees of Freedom                  4139
          P-Value                           1.0000



FINAL CLASS COUNTS AND PROPORTIONS FOR THE LATENT CLASSES
BASED ON THE ESTIMATED MODEL

    Latent
   Classes

       1        841.00000          0.58688
       2        592.00000          0.41312


MODEL RESULTS

                                                    Two-Tailed
                    Estimate       S.E.  Est./S.E.    P-Value

Latent Class 1 (1)

 I        |
    SCGHQG_5           1.000      0.000    999.000    999.000
    SCGHQG_6           1.000      0.000    999.000    999.000
    SCGHQG_7           1.000      0.000    999.000    999.000
    SCGHQG_8           1.000      0.000    999.000    999.000
    SCGHQG_10          1.000      0.000    999.000    999.000

 S        |
    SCGHQG_5           0.000      0.000    999.000    999.000
    SCGHQG_6           1.000      0.000    999.000    999.000
    SCGHQG_7           2.000      0.000    999.000    999.000
    SCGHQG_8           3.000      0.000    999.000    999.000
    SCGHQG_10          5.000      0.000    999.000    999.000

 S        WITH
    I                 -0.111      0.099     -1.125      0.261

 Means
    I                  0.114      0.114      1.005      0.315
    S                 -0.007      0.027     -0.261      0.794

 Thresholds
    SCGHQG_5$1        -3.786      0.180    -21.066      0.000
    SCGHQG_5$2         2.101      0.131     16.024      0.000
    SCGHQG_5$3         4.281      0.180     23.745      0.000
    SCGHQG_6$1        -3.786      0.180    -21.066      0.000
    SCGHQG_6$2         2.101      0.131     16.024      0.000
    SCGHQG_6$3         4.281      0.180     23.745      0.000
    SCGHQG_7$1        -3.786      0.180    -21.066      0.000
    SCGHQG_7$2         2.101      0.131     16.024      0.000
    SCGHQG_7$3         4.281      0.180     23.745      0.000
    SCGHQG_8$1        -3.786      0.180    -21.066      0.000
    SCGHQG_8$2         2.101      0.131     16.024      0.000
    SCGHQG_8$3         4.281      0.180     23.745      0.000
    SCGHQG_1$1        -3.786      0.180    -21.066      0.000
    SCGHQG_1$2         2.101      0.131     16.024      0.000
    SCGHQG_1$3         4.281      0.180     23.745      0.000

 Variances
    I                  1.909      0.428      4.458      0.000
    S                  0.044      0.037      1.197      0.231

Latent Class 2 (2)

 I        |
    SCGHQG_5           1.000      0.000    999.000    999.000
    SCGHQG_6           1.000      0.000    999.000    999.000
    SCGHQG_7           1.000      0.000    999.000    999.000
    SCGHQG_8           1.000      0.000    999.000    999.000
    SCGHQG_10          1.000      0.000    999.000    999.000

 S        |
    SCGHQG_5           0.000      0.000    999.000    999.000
    SCGHQG_6           1.000      0.000    999.000    999.000
    SCGHQG_7           2.000      0.000    999.000    999.000
    SCGHQG_8           3.000      0.000    999.000    999.000
    SCGHQG_10          5.000      0.000    999.000    999.000

 S        WITH
    I                 -0.111      0.099     -1.125      0.261

 Means
    I                  0.000      0.000    999.000    999.000
    S                 -0.007      0.027     -0.261      0.794

 Thresholds
    SCGHQG_5$1        -3.786      0.180    -21.066      0.000
    SCGHQG_5$2         2.101      0.131     16.024      0.000
    SCGHQG_5$3         4.281      0.180     23.745      0.000
    SCGHQG_6$1        -3.786      0.180    -21.066      0.000
    SCGHQG_6$2         2.101      0.131     16.024      0.000
    SCGHQG_6$3         4.281      0.180     23.745      0.000
    SCGHQG_7$1        -3.786      0.180    -21.066      0.000
    SCGHQG_7$2         2.101      0.131     16.024      0.000
    SCGHQG_7$3         4.281      0.180     23.745      0.000
    SCGHQG_8$1        -3.786      0.180    -21.066      0.000
    SCGHQG_8$2         2.101      0.131     16.024      0.000
    SCGHQG_8$3         4.281      0.180     23.745      0.000
    SCGHQG_1$1        -3.786      0.180    -21.066      0.000
    SCGHQG_1$2         2.101      0.131     16.024      0.000
    SCGHQG_1$3         4.281      0.180     23.745      0.000

 Variances
    I                  1.909      0.428      4.458      0.000
    S                  0.044      0.037      1.197      0.231

Categorical Latent Variables

 Means
    C#1                0.351      0.054      6.544      0.000


STANDARDIZED MODEL RESULTS


STDYX Standardization

                                                    Two-Tailed
                    Estimate       S.E.  Est./S.E.    P-Value

Latent Class 1 (1)

 I        |
    SCGHQG_5           0.606      0.043     14.091      0.000
    SCGHQG_6           0.617      0.052     11.954      0.000
    SCGHQG_7           0.622      0.058     10.805      0.000
    SCGHQG_8           0.622      0.060     10.338      0.000
    SCGHQG_10          0.607      0.057     10.632      0.000

 S        |
    SCGHQG_5           0.000      0.000    999.000    999.000
    SCGHQG_6           0.094      0.038      2.478      0.013
    SCGHQG_7           0.189      0.078      2.437      0.015
    SCGHQG_8           0.284      0.116      2.439      0.015
    SCGHQG_10          0.461      0.179      2.571      0.010

 S        WITH
    I                 -0.383      0.170     -2.254      0.024

 Means
    I                  0.083      0.083      0.997      0.319
    S                 -0.033      0.126     -0.261      0.794

 Thresholds
    SCGHQG_5$1        -1.661      0.068    -24.304      0.000
    SCGHQG_5$2         0.921      0.053     17.310      0.000
    SCGHQG_5$3         1.877      0.075     25.000      0.000
    SCGHQG_6$1        -1.690      0.064    -26.471      0.000
    SCGHQG_6$2         0.937      0.052     18.006      0.000
    SCGHQG_6$3         1.910      0.068     27.980      0.000
    SCGHQG_7$1        -1.705      0.064    -26.588      0.000
    SCGHQG_7$2         0.946      0.053     17.909      0.000
    SCGHQG_7$3         1.928      0.069     28.131      0.000
    SCGHQG_8$1        -1.706      0.064    -26.793      0.000
    SCGHQG_8$2         0.946      0.053     17.748      0.000
    SCGHQG_8$3         1.928      0.070     27.733      0.000
    SCGHQG_1$1        -1.662      0.067    -24.625      0.000
    SCGHQG_1$2         0.922      0.056     16.516      0.000
    SCGHQG_1$3         1.879      0.080     23.365      0.000

 Variances
    I                  1.000      0.000    999.000    999.000
    S                  1.000      0.000    999.000    999.000

Latent Class 2 (2)

 I        |
    SCGHQG_5           0.606      0.043     14.091      0.000
    SCGHQG_6           0.617      0.052     11.954      0.000
    SCGHQG_7           0.622      0.058     10.805      0.000
    SCGHQG_8           0.622      0.060     10.338      0.000
    SCGHQG_10          0.607      0.057     10.632      0.000

 S        |
    SCGHQG_5           0.000      0.000    999.000    999.000
    SCGHQG_6           0.094      0.038      2.478      0.013
    SCGHQG_7           0.189      0.078      2.437      0.015
    SCGHQG_8           0.284      0.116      2.439      0.015
    SCGHQG_10          0.461      0.179      2.571      0.010

 S        WITH
    I                 -0.383      0.170     -2.254      0.024

 Means
    I                  0.000      0.000    999.000    999.000
    S                 -0.033      0.126     -0.261      0.794

 Thresholds
    SCGHQG_5$1        -1.661      0.068    -24.304      0.000
    SCGHQG_5$2         0.921      0.053     17.310      0.000
    SCGHQG_5$3         1.877      0.075     25.000      0.000
    SCGHQG_6$1        -1.690      0.064    -26.471      0.000
    SCGHQG_6$2         0.937      0.052     18.006      0.000
    SCGHQG_6$3         1.910      0.068     27.980      0.000
    SCGHQG_7$1        -1.705      0.064    -26.588      0.000
    SCGHQG_7$2         0.946      0.053     17.909      0.000
    SCGHQG_7$3         1.928      0.069     28.131      0.000
    SCGHQG_8$1        -1.706      0.064    -26.793      0.000
    SCGHQG_8$2         0.946      0.053     17.748      0.000
    SCGHQG_8$3         1.928      0.070     27.733      0.000
    SCGHQG_1$1        -1.662      0.067    -24.625      0.000
    SCGHQG_1$2         0.922      0.056     16.516      0.000
    SCGHQG_1$3         1.879      0.080     23.365      0.000

 Variances
    I                  1.000      0.000    999.000    999.000
    S                  1.000      0.000    999.000    999.000


R-SQUARE

Class 1

    Observed                                        Two-Tailed
    Variable        Estimate       S.E.  Est./S.E.    P-Value

    SCGHQG_5           0.367      0.052      7.046      0.000
    SCGHQG_6           0.345      0.040      8.661      0.000
    SCGHQG_7           0.333      0.034      9.764      0.000
    SCGHQG_8           0.333      0.034      9.765      0.000
    SCGHQG_1           0.366      0.053      6.905      0.000

Class 2

    Observed                                        Two-Tailed
    Variable        Estimate       S.E.  Est./S.E.    P-Value

    SCGHQG_5           0.367      0.052      7.046      0.000
    SCGHQG_6           0.345      0.040      8.661      0.000
    SCGHQG_7           0.333      0.034      9.764      0.000
    SCGHQG_8           0.333      0.034      9.765      0.000
    SCGHQG_1           0.366      0.053      6.905      0.000


QUALITY OF NUMERICAL RESULTS

     Condition Number for the Information Matrix              0.421E-02
       (ratio of smallest to largest eigenvalue)


     Beginning Time:  19:56:26
        Ending Time:  19:59:07
       Elapsed Time:  00:02:41



MUTHEN & MUTHEN
3463 Stoner Ave.
Los Angeles, CA  90066

Tel: (310) 391-9971
Fax: (310) 391-8971
Web: www.StatModel.com
Support: Support@StatModel.com

Copyright (c) 1998-2019 Muthen & Muthen
